ERROR - 09/27/2017 11:56 am --> Severity: Notice --> Undefined variable: child_catname /home2/carolhhp/public_html/democarol.com/homeservices/application/views/front/home.php 97
ERROR - 09/27/2017 11:56 am --> Severity: Notice --> Trying to get property of non-object /home2/carolhhp/public_html/democarol.com/homeservices/application/views/front/home.php 97
ERROR - 09/27/2017 11:56 am --> Severity: Notice --> Undefined variable: child_catname /home2/carolhhp/public_html/democarol.com/homeservices/application/views/front/home.php 98
ERROR - 09/27/2017 11:56 am --> Severity: Notice --> Trying to get property of non-object /home2/carolhhp/public_html/democarol.com/homeservices/application/views/front/home.php 98
ERROR - 09/27/2017 11:56 am --> Severity: Notice --> Undefined variable: child_catname /home2/carolhhp/public_html/democarol.com/homeservices/application/views/front/home.php 99
ERROR - 09/27/2017 11:56 am --> Severity: Notice --> Trying to get property of non-object /home2/carolhhp/public_html/democarol.com/homeservices/application/views/front/home.php 99
ERROR - 09/27/2017 11:56 am --> Severity: Notice --> Undefined variable: child_catname /home2/carolhhp/public_html/democarol.com/homeservices/application/views/front/home.php 100
ERROR - 09/27/2017 11:56 am --> Severity: Notice --> Trying to get property of non-object /home2/carolhhp/public_html/democarol.com/homeservices/application/views/front/home.php 100
ERROR - 09/27/2017 11:56 am --> Severity: Notice --> Undefined variable: child_catname /home2/carolhhp/public_html/democarol.com/homeservices/application/views/front/home.php 101
ERROR - 09/27/2017 11:56 am --> Severity: Notice --> Trying to get property of non-object /home2/carolhhp/public_html/democarol.com/homeservices/application/views/front/home.php 101
ERROR - 09/27/2017 11:56 am --> Severity: Notice --> Use of undefined constant php - assumed 'php' /home2/carolhhp/public_html/democarol.com/homeservices/application/views/front/home.php 108
ERROR - 09/27/2017 05:31 pm --> Severity: Notice --> Undefined variable: child_catname /home2/carolhhp/public_html/democarol.com/homeservices/application/views/front/home.php 97
ERROR - 09/27/2017 05:31 pm --> Severity: Notice --> Trying to get property of non-object /home2/carolhhp/public_html/democarol.com/homeservices/application/views/front/home.php 97
ERROR - 09/27/2017 05:31 pm --> Severity: Notice --> Undefined variable: child_catname /home2/carolhhp/public_html/democarol.com/homeservices/application/views/front/home.php 98
ERROR - 09/27/2017 05:31 pm --> Severity: Notice --> Trying to get property of non-object /home2/carolhhp/public_html/democarol.com/homeservices/application/views/front/home.php 98
ERROR - 09/27/2017 05:31 pm --> Severity: Notice --> Undefined variable: child_catname /home2/carolhhp/public_html/democarol.com/homeservices/application/views/front/home.php 99
ERROR - 09/27/2017 05:31 pm --> Severity: Notice --> Trying to get property of non-object /home2/carolhhp/public_html/democarol.com/homeservices/application/views/front/home.php 99
ERROR - 09/27/2017 05:31 pm --> Severity: Notice --> Undefined variable: child_catname /home2/carolhhp/public_html/democarol.com/homeservices/application/views/front/home.php 100
ERROR - 09/27/2017 05:31 pm --> Severity: Notice --> Trying to get property of non-object /home2/carolhhp/public_html/democarol.com/homeservices/application/views/front/home.php 100
ERROR - 09/27/2017 05:31 pm --> Severity: Notice --> Undefined variable: child_catname /home2/carolhhp/public_html/democarol.com/homeservices/application/views/front/home.php 101
ERROR - 09/27/2017 05:31 pm --> Severity: Notice --> Trying to get property of non-object /home2/carolhhp/public_html/democarol.com/homeservices/application/views/front/home.php 101
ERROR - 09/27/2017 05:31 pm --> Severity: Notice --> Use of undefined constant php - assumed 'php' /home2/carolhhp/public_html/democarol.com/homeservices/application/views/front/home.php 108
ERROR - 09/27/2017 07:03 am --> 404 Page Not Found: Assets/js
ERROR - 09/27/2017 07:03 am --> 404 Page Not Found: Assets/js
ERROR - 09/27/2017 07:03 am --> 404 Page Not Found: Images/photos
ERROR - 09/27/2017 07:03 am --> 404 Page Not Found: Assets/js
ERROR - 09/27/2017 07:03 am --> 404 Page Not Found: Assets/js
ERROR - 09/27/2017 07:03 am --> 404 Page Not Found: Assets/js
ERROR - 09/27/2017 07:03 am --> 404 Page Not Found: Assets/js
ERROR - 09/27/2017 07:03 am --> 404 Page Not Found: Assets/js
ERROR - 09/27/2017 07:03 am --> 404 Page Not Found: Images/photos
ERROR - 09/27/2017 07:03 am --> 404 Page Not Found: Assets/js
ERROR - 09/27/2017 07:03 am --> 404 Page Not Found: Assets/js
ERROR - 09/27/2017 07:03 am --> 404 Page Not Found: Assets/js
ERROR - 09/27/2017 07:03 am --> 404 Page Not Found: Assets/js
ERROR - 09/27/2017 07:03 am --> 404 Page Not Found: Assets/js
ERROR - 09/27/2017 07:03 am --> 404 Page Not Found: Assets/js
ERROR - 09/27/2017 07:03 am --> 404 Page Not Found: Images/photos
ERROR - 09/27/2017 07:03 am --> 404 Page Not Found: Assets/js
ERROR - 09/27/2017 07:04 am --> 404 Page Not Found: Assets/js
ERROR - 09/27/2017 07:04 am --> 404 Page Not Found: Assets/js
ERROR - 09/27/2017 07:04 am --> 404 Page Not Found: Assets/js
ERROR - 09/27/2017 07:04 am --> 404 Page Not Found: Assets/js
ERROR - 09/27/2017 07:04 am --> 404 Page Not Found: Images/photos
ERROR - 09/27/2017 07:12 am --> 404 Page Not Found: Assets/js
ERROR - 09/27/2017 07:12 am --> 404 Page Not Found: Assets/js
ERROR - 09/27/2017 07:12 am --> 404 Page Not Found: Assets/js
ERROR - 09/27/2017 07:12 am --> 404 Page Not Found: Assets/js
ERROR - 09/27/2017 07:12 am --> 404 Page Not Found: Images/photos
ERROR - 09/27/2017 07:12 am --> 404 Page Not Found: Assets/js
ERROR - 09/27/2017 05:42 pm --> Severity: Notice --> Undefined variable: child_catname /home2/carolhhp/public_html/democarol.com/homeservices/application/views/front/home.php 97
ERROR - 09/27/2017 05:42 pm --> Severity: Notice --> Trying to get property of non-object /home2/carolhhp/public_html/democarol.com/homeservices/application/views/front/home.php 97
ERROR - 09/27/2017 05:42 pm --> Severity: Notice --> Undefined variable: child_catname /home2/carolhhp/public_html/democarol.com/homeservices/application/views/front/home.php 98
ERROR - 09/27/2017 05:42 pm --> Severity: Notice --> Trying to get property of non-object /home2/carolhhp/public_html/democarol.com/homeservices/application/views/front/home.php 98
ERROR - 09/27/2017 05:42 pm --> Severity: Notice --> Undefined variable: child_catname /home2/carolhhp/public_html/democarol.com/homeservices/application/views/front/home.php 99
ERROR - 09/27/2017 05:42 pm --> Severity: Notice --> Trying to get property of non-object /home2/carolhhp/public_html/democarol.com/homeservices/application/views/front/home.php 99
ERROR - 09/27/2017 05:42 pm --> Severity: Notice --> Undefined variable: child_catname /home2/carolhhp/public_html/democarol.com/homeservices/application/views/front/home.php 100
ERROR - 09/27/2017 05:42 pm --> Severity: Notice --> Trying to get property of non-object /home2/carolhhp/public_html/democarol.com/homeservices/application/views/front/home.php 100
ERROR - 09/27/2017 05:42 pm --> Severity: Notice --> Undefined variable: child_catname /home2/carolhhp/public_html/democarol.com/homeservices/application/views/front/home.php 101
ERROR - 09/27/2017 05:42 pm --> Severity: Notice --> Trying to get property of non-object /home2/carolhhp/public_html/democarol.com/homeservices/application/views/front/home.php 101
ERROR - 09/27/2017 05:42 pm --> Severity: Notice --> Use of undefined constant php - assumed 'php' /home2/carolhhp/public_html/democarol.com/homeservices/application/views/front/home.php 108
ERROR - 09/27/2017 07:18 am --> 404 Page Not Found: Assets/front
ERROR - 09/27/2017 05:50 pm --> Severity: Notice --> Undefined variable: child_catname /home2/carolhhp/public_html/democarol.com/homeservices/application/views/front/home.php 97
ERROR - 09/27/2017 05:50 pm --> Severity: Notice --> Trying to get property of non-object /home2/carolhhp/public_html/democarol.com/homeservices/application/views/front/home.php 97
ERROR - 09/27/2017 05:50 pm --> Severity: Notice --> Undefined variable: child_catname /home2/carolhhp/public_html/democarol.com/homeservices/application/views/front/home.php 98
ERROR - 09/27/2017 05:50 pm --> Severity: Notice --> Trying to get property of non-object /home2/carolhhp/public_html/democarol.com/homeservices/application/views/front/home.php 98
ERROR - 09/27/2017 05:50 pm --> Severity: Notice --> Undefined variable: child_catname /home2/carolhhp/public_html/democarol.com/homeservices/application/views/front/home.php 99
ERROR - 09/27/2017 05:50 pm --> Severity: Notice --> Trying to get property of non-object /home2/carolhhp/public_html/democarol.com/homeservices/application/views/front/home.php 99
ERROR - 09/27/2017 05:50 pm --> Severity: Notice --> Undefined variable: child_catname /home2/carolhhp/public_html/democarol.com/homeservices/application/views/front/home.php 100
ERROR - 09/27/2017 05:50 pm --> Severity: Notice --> Trying to get property of non-object /home2/carolhhp/public_html/democarol.com/homeservices/application/views/front/home.php 100
ERROR - 09/27/2017 05:50 pm --> Severity: Notice --> Undefined variable: child_catname /home2/carolhhp/public_html/democarol.com/homeservices/application/views/front/home.php 101
ERROR - 09/27/2017 05:50 pm --> Severity: Notice --> Trying to get property of non-object /home2/carolhhp/public_html/democarol.com/homeservices/application/views/front/home.php 101
ERROR - 09/27/2017 05:50 pm --> Severity: Notice --> Use of undefined constant php - assumed 'php' /home2/carolhhp/public_html/democarol.com/homeservices/application/views/front/home.php 108
ERROR - 09/27/2017 07:20 am --> 404 Page Not Found: Assets/front
ERROR - 09/27/2017 07:20 am --> 404 Page Not Found: Assets/front
ERROR - 09/27/2017 07:22 am --> 404 Page Not Found: Assets/front
ERROR - 09/27/2017 07:27 am --> 404 Page Not Found: Assets/front
ERROR - 09/27/2017 07:28 am --> 404 Page Not Found: Assets/front
ERROR - 09/27/2017 07:28 am --> 404 Page Not Found: Assets/front
ERROR - 09/27/2017 07:28 am --> 404 Page Not Found: Assets/front
ERROR - 09/27/2017 07:29 am --> 404 Page Not Found: Assets/front
ERROR - 09/27/2017 07:29 am --> 404 Page Not Found: Assets/js
ERROR - 09/27/2017 07:29 am --> 404 Page Not Found: Images/photos
ERROR - 09/27/2017 07:30 am --> 404 Page Not Found: Images/photos
ERROR - 09/27/2017 07:30 am --> 404 Page Not Found: Assets/js
ERROR - 09/27/2017 07:30 am --> 404 Page Not Found: Images/photos
ERROR - 09/27/2017 07:30 am --> 404 Page Not Found: Assets/js
ERROR - 09/27/2017 07:30 am --> 404 Page Not Found: Js/docsupport
ERROR - 09/27/2017 07:30 am --> 404 Page Not Found: Images/photos
ERROR - 09/27/2017 06:00 pm --> Severity: Notice --> Undefined variable: child_catname /home2/carolhhp/public_html/democarol.com/homeserdem/application/views/front/home.php 89
ERROR - 09/27/2017 06:00 pm --> Severity: Notice --> Trying to get property of non-object /home2/carolhhp/public_html/democarol.com/homeserdem/application/views/front/home.php 89
ERROR - 09/27/2017 06:00 pm --> Severity: Notice --> Undefined variable: child_catname /home2/carolhhp/public_html/democarol.com/homeserdem/application/views/front/home.php 90
ERROR - 09/27/2017 06:00 pm --> Severity: Notice --> Trying to get property of non-object /home2/carolhhp/public_html/democarol.com/homeserdem/application/views/front/home.php 90
ERROR - 09/27/2017 06:00 pm --> Severity: Notice --> Undefined variable: child_catname /home2/carolhhp/public_html/democarol.com/homeserdem/application/views/front/home.php 91
ERROR - 09/27/2017 06:00 pm --> Severity: Notice --> Trying to get property of non-object /home2/carolhhp/public_html/democarol.com/homeserdem/application/views/front/home.php 91
ERROR - 09/27/2017 06:00 pm --> Severity: Notice --> Undefined variable: child_catname /home2/carolhhp/public_html/democarol.com/homeserdem/application/views/front/home.php 92
ERROR - 09/27/2017 06:00 pm --> Severity: Notice --> Trying to get property of non-object /home2/carolhhp/public_html/democarol.com/homeserdem/application/views/front/home.php 92
ERROR - 09/27/2017 06:00 pm --> Severity: Notice --> Undefined variable: child_catname /home2/carolhhp/public_html/democarol.com/homeserdem/application/views/front/home.php 93
ERROR - 09/27/2017 06:00 pm --> Severity: Notice --> Trying to get property of non-object /home2/carolhhp/public_html/democarol.com/homeserdem/application/views/front/home.php 93
ERROR - 09/27/2017 06:00 pm --> Severity: Notice --> Use of undefined constant php - assumed 'php' /home2/carolhhp/public_html/democarol.com/homeserdem/application/views/front/home.php 100
ERROR - 09/27/2017 06:00 pm --> Severity: Notice --> Undefined variable: child_catname /home2/carolhhp/public_html/democarol.com/homeservices/application/views/front/home.php 97
ERROR - 09/27/2017 06:00 pm --> Severity: Notice --> Trying to get property of non-object /home2/carolhhp/public_html/democarol.com/homeservices/application/views/front/home.php 97
ERROR - 09/27/2017 06:00 pm --> Severity: Notice --> Undefined variable: child_catname /home2/carolhhp/public_html/democarol.com/homeservices/application/views/front/home.php 98
ERROR - 09/27/2017 06:00 pm --> Severity: Notice --> Trying to get property of non-object /home2/carolhhp/public_html/democarol.com/homeservices/application/views/front/home.php 98
ERROR - 09/27/2017 06:00 pm --> Severity: Notice --> Undefined variable: child_catname /home2/carolhhp/public_html/democarol.com/homeservices/application/views/front/home.php 99
ERROR - 09/27/2017 06:00 pm --> Severity: Notice --> Trying to get property of non-object /home2/carolhhp/public_html/democarol.com/homeservices/application/views/front/home.php 99
ERROR - 09/27/2017 06:00 pm --> Severity: Notice --> Undefined variable: child_catname /home2/carolhhp/public_html/democarol.com/homeservices/application/views/front/home.php 100
ERROR - 09/27/2017 06:00 pm --> Severity: Notice --> Trying to get property of non-object /home2/carolhhp/public_html/democarol.com/homeservices/application/views/front/home.php 100
ERROR - 09/27/2017 06:00 pm --> Severity: Notice --> Undefined variable: child_catname /home2/carolhhp/public_html/democarol.com/homeservices/application/views/front/home.php 101
ERROR - 09/27/2017 06:00 pm --> Severity: Notice --> Trying to get property of non-object /home2/carolhhp/public_html/democarol.com/homeservices/application/views/front/home.php 101
ERROR - 09/27/2017 06:00 pm --> Severity: Notice --> Use of undefined constant php - assumed 'php' /home2/carolhhp/public_html/democarol.com/homeservices/application/views/front/home.php 108
ERROR - 09/27/2017 07:49 am --> 404 Page Not Found: Assets/js
ERROR - 09/27/2017 07:49 am --> 404 Page Not Found: Images/photos
ERROR - 09/27/2017 07:49 am --> 404 Page Not Found: Assets/js
ERROR - 09/27/2017 07:49 am --> 404 Page Not Found: Assets/js
ERROR - 09/27/2017 07:49 am --> 404 Page Not Found: Assets/js
ERROR - 09/27/2017 07:49 am --> 404 Page Not Found: Assets/js
ERROR - 09/27/2017 07:49 am --> 404 Page Not Found: Images/photos
ERROR - 09/27/2017 07:49 am --> 404 Page Not Found: Assets/js
ERROR - 09/27/2017 07:49 am --> 404 Page Not Found: Assets/js
ERROR - 09/27/2017 07:50 am --> 404 Page Not Found: Assets/js
ERROR - 09/27/2017 07:50 am --> 404 Page Not Found: Images/photos
ERROR - 09/27/2017 07:50 am --> 404 Page Not Found: Assets/js
ERROR - 09/27/2017 07:50 am --> 404 Page Not Found: Assets/js
ERROR - 09/27/2017 07:50 am --> 404 Page Not Found: Assets/js
ERROR - 09/27/2017 07:50 am --> 404 Page Not Found: Images/photos
ERROR - 09/27/2017 07:50 am --> 404 Page Not Found: Assets/js
ERROR - 09/27/2017 07:50 am --> 404 Page Not Found: Assets/js
ERROR - 09/27/2017 07:50 am --> 404 Page Not Found: Assets/js
ERROR - 09/27/2017 07:54 am --> 404 Page Not Found: Assets/js
ERROR - 09/27/2017 07:54 am --> 404 Page Not Found: Images/photos
ERROR - 09/27/2017 07:54 am --> 404 Page Not Found: Assets/js
ERROR - 09/27/2017 07:54 am --> 404 Page Not Found: Assets/js
ERROR - 09/27/2017 07:54 am --> 404 Page Not Found: Assets/js
ERROR - 09/27/2017 07:54 am --> 404 Page Not Found: Assets/js
ERROR - 09/27/2017 07:56 am --> 404 Page Not Found: Assets/js
ERROR - 09/27/2017 07:56 am --> 404 Page Not Found: Images/photos
ERROR - 09/27/2017 07:56 am --> 404 Page Not Found: Assets/js
ERROR - 09/27/2017 07:56 am --> 404 Page Not Found: Assets/js
ERROR - 09/27/2017 07:56 am --> 404 Page Not Found: Assets/js
ERROR - 09/27/2017 07:57 am --> 404 Page Not Found: Assets/js
ERROR - 09/27/2017 07:57 am --> 404 Page Not Found: Images/photos
ERROR - 09/27/2017 07:57 am --> 404 Page Not Found: Assets/js
ERROR - 09/27/2017 07:57 am --> 404 Page Not Found: Assets/js
ERROR - 09/27/2017 07:57 am --> 404 Page Not Found: Assets/js
ERROR - 09/27/2017 07:57 am --> 404 Page Not Found: Assets/js
ERROR - 09/27/2017 07:57 am --> 404 Page Not Found: Assets/js
ERROR - 09/27/2017 07:57 am --> 404 Page Not Found: Images/photos
ERROR - 09/27/2017 07:57 am --> 404 Page Not Found: Js/docsupport
ERROR - 09/27/2017 07:58 am --> 404 Page Not Found: Assets/js
ERROR - 09/27/2017 07:59 am --> 404 Page Not Found: Assets/js
ERROR - 09/27/2017 07:59 am --> 404 Page Not Found: Assets/js
ERROR - 09/27/2017 07:59 am --> 404 Page Not Found: Assets/js
ERROR - 09/27/2017 07:59 am --> 404 Page Not Found: Images/photos
ERROR - 09/27/2017 07:59 am --> 404 Page Not Found: Images/photos
ERROR - 09/27/2017 07:59 am --> 404 Page Not Found: Assets/js
ERROR - 09/27/2017 07:59 am --> 404 Page Not Found: Assets/js
ERROR - 09/27/2017 07:59 am --> 404 Page Not Found: Assets/js
ERROR - 09/27/2017 08:02 am --> 404 Page Not Found: Assets/js
ERROR - 09/27/2017 08:03 am --> 404 Page Not Found: Assets/js
ERROR - 09/27/2017 08:03 am --> 404 Page Not Found: Assets/js
ERROR - 09/27/2017 08:03 am --> 404 Page Not Found: Assets/js
ERROR - 09/27/2017 08:03 am --> 404 Page Not Found: Assets/js
ERROR - 09/27/2017 08:03 am --> 404 Page Not Found: Images/photos
ERROR - 09/27/2017 08:03 am --> 404 Page Not Found: Assets/js
ERROR - 09/27/2017 08:03 am --> 404 Page Not Found: Assets/js
ERROR - 09/27/2017 08:03 am --> 404 Page Not Found: Images/photos
ERROR - 09/27/2017 08:03 am --> 404 Page Not Found: Assets/js
ERROR - 09/27/2017 08:03 am --> 404 Page Not Found: Assets/js
ERROR - 09/27/2017 08:06 am --> 404 Page Not Found: Assets/js
ERROR - 09/27/2017 08:06 am --> 404 Page Not Found: Images/photos
ERROR - 09/27/2017 08:06 am --> 404 Page Not Found: Assets/js
ERROR - 09/27/2017 08:06 am --> 404 Page Not Found: Assets/js
ERROR - 09/27/2017 08:06 am --> 404 Page Not Found: Assets/js
ERROR - 09/27/2017 08:07 am --> 404 Page Not Found: Assets/js
ERROR - 09/27/2017 08:07 am --> 404 Page Not Found: Images/photos
ERROR - 09/27/2017 08:07 am --> 404 Page Not Found: Assets/js
ERROR - 09/27/2017 08:07 am --> 404 Page Not Found: Assets/js
ERROR - 09/27/2017 08:07 am --> 404 Page Not Found: Images/photos
ERROR - 09/27/2017 08:07 am --> 404 Page Not Found: Assets/js
ERROR - 09/27/2017 08:07 am --> 404 Page Not Found: Assets/js
ERROR - 09/27/2017 08:07 am --> 404 Page Not Found: Assets/js
ERROR - 09/27/2017 08:07 am --> 404 Page Not Found: Assets/js
ERROR - 09/27/2017 08:07 am --> 404 Page Not Found: Assets/js
ERROR - 09/27/2017 08:07 am --> 404 Page Not Found: Import/import_vendor
ERROR - 09/27/2017 08:08 am --> 404 Page Not Found: Assets/js
ERROR - 09/27/2017 08:08 am --> 404 Page Not Found: Images/photos
ERROR - 09/27/2017 08:08 am --> 404 Page Not Found: Assets/js
ERROR - 09/27/2017 08:08 am --> 404 Page Not Found: Images/photos
ERROR - 09/27/2017 08:08 am --> 404 Page Not Found: Assets/js
ERROR - 09/27/2017 08:08 am --> 404 Page Not Found: Images/photos
ERROR - 09/27/2017 08:08 am --> 404 Page Not Found: Assets/js
ERROR - 09/27/2017 08:08 am --> 404 Page Not Found: Assets/js
ERROR - 09/27/2017 08:08 am --> 404 Page Not Found: Assets/js
ERROR - 09/27/2017 08:08 am --> 404 Page Not Found: Assets/js
ERROR - 09/27/2017 08:08 am --> 404 Page Not Found: Assets/js
ERROR - 09/27/2017 08:08 am --> 404 Page Not Found: Assets/js
ERROR - 09/27/2017 08:08 am --> 404 Page Not Found: Images/photos
ERROR - 09/27/2017 08:09 am --> 404 Page Not Found: Js/docsupport
ERROR - 09/27/2017 08:09 am --> 404 Page Not Found: Assets/css
ERROR - 09/27/2017 08:09 am --> 404 Page Not Found: Assets/js
ERROR - 09/27/2017 08:09 am --> 404 Page Not Found: Images/photos
ERROR - 09/27/2017 08:09 am --> 404 Page Not Found: Assets/js
ERROR - 09/27/2017 08:09 am --> 404 Page Not Found: Assets/js
ERROR - 09/27/2017 08:09 am --> 404 Page Not Found: Assets/js
ERROR - 09/27/2017 08:09 am --> 404 Page Not Found: Assets/js
ERROR - 09/27/2017 08:09 am --> 404 Page Not Found: Assets/js
ERROR - 09/27/2017 08:15 am --> 404 Page Not Found: Assets/js
ERROR - 09/27/2017 08:15 am --> 404 Page Not Found: Images/photos
ERROR - 09/27/2017 08:15 am --> 404 Page Not Found: Js/docsupport
ERROR - 09/27/2017 08:16 am --> 404 Page Not Found: Js/docsupport
ERROR - 09/27/2017 08:17 am --> 404 Page Not Found: Assets/js
ERROR - 09/27/2017 08:17 am --> 404 Page Not Found: Assets/css
ERROR - 09/27/2017 08:17 am --> 404 Page Not Found: Assets/js
ERROR - 09/27/2017 08:18 am --> 404 Page Not Found: Assets/css
ERROR - 09/27/2017 08:18 am --> 404 Page Not Found: Images/photos
ERROR - 09/27/2017 08:18 am --> 404 Page Not Found: Js/docsupport
ERROR - 09/27/2017 08:18 am --> 404 Page Not Found: Assets/js
ERROR - 09/27/2017 08:18 am --> 404 Page Not Found: Assets/css
ERROR - 09/27/2017 08:18 am --> 404 Page Not Found: Images/photos
ERROR - 09/27/2017 08:18 am --> 404 Page Not Found: Assets/js
ERROR - 09/27/2017 08:18 am --> 404 Page Not Found: Assets/js
ERROR - 09/27/2017 08:18 am --> 404 Page Not Found: Assets/js
ERROR - 09/27/2017 08:18 am --> 404 Page Not Found: Assets/js
ERROR - 09/27/2017 08:18 am --> 404 Page Not Found: Assets/css
ERROR - 09/27/2017 08:19 am --> 404 Page Not Found: Images/photos
ERROR - 09/27/2017 08:19 am --> 404 Page Not Found: Js/docsupport
ERROR - 09/27/2017 08:19 am --> 404 Page Not Found: Js/docsupport
ERROR - 09/27/2017 08:19 am --> 404 Page Not Found: Images/photos
ERROR - 09/27/2017 08:19 am --> 404 Page Not Found: Assets/js
ERROR - 09/27/2017 08:19 am --> 404 Page Not Found: Assets/css
ERROR - 09/27/2017 08:19 am --> 404 Page Not Found: Images/photos
ERROR - 09/27/2017 08:19 am --> 404 Page Not Found: Assets/js
ERROR - 09/27/2017 08:19 am --> 404 Page Not Found: Assets/js
ERROR - 09/27/2017 08:19 am --> 404 Page Not Found: Assets/js
ERROR - 09/27/2017 08:20 am --> 404 Page Not Found: Assets/js
ERROR - 09/27/2017 08:20 am --> 404 Page Not Found: Assets/css
ERROR - 09/27/2017 08:20 am --> 404 Page Not Found: Images/photos
ERROR - 09/27/2017 08:20 am --> 404 Page Not Found: Js/docsupport
ERROR - 09/27/2017 08:20 am --> 404 Page Not Found: Assets/js
ERROR - 09/27/2017 08:20 am --> 404 Page Not Found: Images/photos
ERROR - 09/27/2017 08:20 am --> 404 Page Not Found: Assets/css
ERROR - 09/27/2017 08:20 am --> 404 Page Not Found: Assets/js
ERROR - 09/27/2017 08:20 am --> 404 Page Not Found: Assets/js
ERROR - 09/27/2017 08:20 am --> 404 Page Not Found: Assets/js
ERROR - 09/27/2017 08:20 am --> 404 Page Not Found: Assets/js
ERROR - 09/27/2017 08:20 am --> 404 Page Not Found: Images/photos
ERROR - 09/27/2017 08:20 am --> 404 Page Not Found: Assets/js
ERROR - 09/27/2017 08:20 am --> 404 Page Not Found: Assets/js
ERROR - 09/27/2017 08:22 am --> 404 Page Not Found: Assets/js
ERROR - 09/27/2017 08:22 am --> 404 Page Not Found: Js/docsupport
ERROR - 09/27/2017 08:22 am --> 404 Page Not Found: Images/photos
ERROR - 09/27/2017 08:28 am --> 404 Page Not Found: Assets/js
ERROR - 09/27/2017 08:28 am --> 404 Page Not Found: Images/photos
ERROR - 09/27/2017 08:28 am --> 404 Page Not Found: Assets/js
ERROR - 09/27/2017 08:28 am --> 404 Page Not Found: Assets/js
ERROR - 09/27/2017 08:28 am --> 404 Page Not Found: Assets/js
ERROR - 09/27/2017 08:28 am --> 404 Page Not Found: Assets/js
ERROR - 09/27/2017 08:28 am --> 404 Page Not Found: Images/photos
ERROR - 09/27/2017 08:29 am --> 404 Page Not Found: Assets/js
ERROR - 09/27/2017 08:29 am --> 404 Page Not Found: Images/photos
ERROR - 09/27/2017 08:29 am --> 404 Page Not Found: Js/docsupport
ERROR - 09/27/2017 08:29 am --> 404 Page Not Found: Assets/js
ERROR - 09/27/2017 08:29 am --> 404 Page Not Found: Images/photos
ERROR - 09/27/2017 08:30 am --> 404 Page Not Found: Assets/js
ERROR - 09/27/2017 08:30 am --> 404 Page Not Found: Images/photos
ERROR - 09/27/2017 08:30 am --> 404 Page Not Found: Assets/js
ERROR - 09/27/2017 08:30 am --> 404 Page Not Found: Assets/js
ERROR - 09/27/2017 08:30 am --> 404 Page Not Found: Assets/js
ERROR - 09/27/2017 08:30 am --> 404 Page Not Found: Assets/js
ERROR - 09/27/2017 08:30 am --> 404 Page Not Found: Js/docsupport
ERROR - 09/27/2017 08:30 am --> 404 Page Not Found: Images/photos
ERROR - 09/27/2017 08:32 am --> 404 Page Not Found: Assets/js
ERROR - 09/27/2017 08:32 am --> 404 Page Not Found: Js/docsupport
ERROR - 09/27/2017 08:32 am --> 404 Page Not Found: Assets/js
ERROR - 09/27/2017 08:32 am --> 404 Page Not Found: Images/photos
ERROR - 09/27/2017 08:32 am --> 404 Page Not Found: Js/docsupport
ERROR - 09/27/2017 08:33 am --> 404 Page Not Found: Js/docsupport
ERROR - 09/27/2017 08:33 am --> 404 Page Not Found: Images/photos
ERROR - 09/27/2017 07:03 pm --> Query error: Unknown column 'last_update_date' in 'field list' - Invalid query: INSERT INTO `ai_vendors` (`zipcode`, `city`, `last_update_date`) VALUES ('50', 'abc', '2017-09-27 07:03:44')
ERROR - 09/27/2017 07:04 pm --> Query error: Unknown column 'id' in 'where clause' - Invalid query: SELECT *
FROM `ai_vendors`
WHERE `id` = 42
ERROR - 09/27/2017 08:35 am --> 404 Page Not Found: Assets/js
ERROR - 09/27/2017 08:35 am --> 404 Page Not Found: Assets/js
ERROR - 09/27/2017 08:35 am --> 404 Page Not Found: Assets/js
ERROR - 09/27/2017 08:35 am --> 404 Page Not Found: Assets/js
ERROR - 09/27/2017 08:35 am --> 404 Page Not Found: Images/photos
ERROR - 09/27/2017 08:37 am --> 404 Page Not Found: Images/photos
ERROR - 09/27/2017 08:37 am --> 404 Page Not Found: Assets/js
ERROR - 09/27/2017 08:37 am --> 404 Page Not Found: Assets/js
ERROR - 09/27/2017 08:37 am --> 404 Page Not Found: Assets/js
ERROR - 09/27/2017 08:58 am --> 404 Page Not Found: Js/docsupport
ERROR - 09/27/2017 08:58 am --> 404 Page Not Found: Assets/js
ERROR - 09/27/2017 08:58 am --> 404 Page Not Found: Images/photos
ERROR - 09/27/2017 08:58 am --> 404 Page Not Found: Js/docsupport
ERROR - 09/27/2017 07:28 pm --> Severity: Notice --> Undefined offset: 8 /home2/carolhhp/public_html/democarol.com/homeservices/application/controllers/Vendor.php 154
ERROR - 09/27/2017 07:28 pm --> Severity: Notice --> Undefined variable: counntry /home2/carolhhp/public_html/democarol.com/homeservices/application/controllers/Vendor.php 165
ERROR - 09/27/2017 07:28 pm --> Query error: Column 'country' cannot be null - Invalid query: INSERT INTO `ai_vendors` (`zipcode`, `city`, `company`, `address`, `state`, `vendor_email`, `password`, `mobile`, `country`, `vendors_choose_cat`) VALUES ('452963', 'Dhar', 'testcompany', 'abcd', 'India', 'demo@gmail.com', '123456', '', NULL, 'cleaning')
ERROR - 09/27/2017 07:28 pm --> Severity: Warning --> Cannot modify header information - headers already sent by (output started at /home2/carolhhp/public_html/democarol.com/homeservices/system/core/Exceptions.php:271) /home2/carolhhp/public_html/democarol.com/homeservices/system/core/Common.php 573
ERROR - 09/27/2017 08:59 am --> 404 Page Not Found: Assets/js
ERROR - 09/27/2017 08:59 am --> 404 Page Not Found: Js/docsupport
ERROR - 09/27/2017 07:29 pm --> Severity: Notice --> Undefined variable: counntry /home2/carolhhp/public_html/democarol.com/homeservices/application/controllers/Vendor.php 165
ERROR - 09/27/2017 07:29 pm --> Query error: Column 'country' cannot be null - Invalid query: INSERT INTO `ai_vendors` (`zipcode`, `city`, `company`, `address`, `state`, `vendor_email`, `password`, `mobile`, `country`, `vendors_choose_cat`) VALUES ('demo@gmail.com', 'abcd', '45', '452963', 'Dhar', 'cleaning', '123456', '9865743258', NULL, 'testcompany')
ERROR - 09/27/2017 07:29 pm --> Severity: Warning --> Cannot modify header information - headers already sent by (output started at /home2/carolhhp/public_html/democarol.com/homeservices/system/core/Exceptions.php:271) /home2/carolhhp/public_html/democarol.com/homeservices/system/core/Common.php 573
ERROR - 09/27/2017 09:00 am --> 404 Page Not Found: Assets/js
ERROR - 09/27/2017 09:00 am --> 404 Page Not Found: Images/photos
ERROR - 09/27/2017 09:00 am --> 404 Page Not Found: Assets/js
ERROR - 09/27/2017 09:00 am --> 404 Page Not Found: Assets/js
ERROR - 09/27/2017 09:00 am --> 404 Page Not Found: Assets/js
ERROR - 09/27/2017 09:00 am --> 404 Page Not Found: Assets/js
ERROR - 09/27/2017 09:03 am --> 404 Page Not Found: Js/docsupport
ERROR - 09/27/2017 09:03 am --> 404 Page Not Found: Assets/js
ERROR - 09/27/2017 09:03 am --> 404 Page Not Found: Js/docsupport
ERROR - 09/27/2017 09:03 am --> 404 Page Not Found: Images/photos
ERROR - 09/27/2017 09:03 am --> 404 Page Not Found: Assets/js
ERROR - 09/27/2017 09:03 am --> 404 Page Not Found: Assets/js
ERROR - 09/27/2017 09:03 am --> 404 Page Not Found: Assets/js
ERROR - 09/27/2017 09:03 am --> 404 Page Not Found: Images/photos
ERROR - 09/27/2017 09:03 am --> 404 Page Not Found: Assets/js
ERROR - 09/27/2017 09:05 am --> 404 Page Not Found: Assets/js
ERROR - 09/27/2017 09:05 am --> 404 Page Not Found: Images/photos
ERROR - 09/27/2017 09:05 am --> 404 Page Not Found: Js/docsupport
ERROR - 09/27/2017 07:35 pm --> Severity: Notice --> Undefined offset: 2 /home2/carolhhp/public_html/democarol.com/homeservices/application/controllers/Vendor.php 148
ERROR - 09/27/2017 07:35 pm --> Severity: Notice --> Undefined offset: 3 /home2/carolhhp/public_html/democarol.com/homeservices/application/controllers/Vendor.php 149
ERROR - 09/27/2017 07:35 pm --> Severity: Notice --> Undefined offset: 4 /home2/carolhhp/public_html/democarol.com/homeservices/application/controllers/Vendor.php 150
ERROR - 09/27/2017 07:35 pm --> Severity: Notice --> Undefined offset: 5 /home2/carolhhp/public_html/democarol.com/homeservices/application/controllers/Vendor.php 151
ERROR - 09/27/2017 07:35 pm --> Severity: Notice --> Undefined offset: 6 /home2/carolhhp/public_html/democarol.com/homeservices/application/controllers/Vendor.php 152
ERROR - 09/27/2017 07:35 pm --> Severity: Notice --> Undefined offset: 7 /home2/carolhhp/public_html/democarol.com/homeservices/application/controllers/Vendor.php 153
ERROR - 09/27/2017 07:35 pm --> Severity: Notice --> Undefined offset: 8 /home2/carolhhp/public_html/democarol.com/homeservices/application/controllers/Vendor.php 154
ERROR - 09/27/2017 07:35 pm --> Severity: Warning --> Cannot modify header information - headers already sent by (output started at /home2/carolhhp/public_html/democarol.com/homeservices/system/core/Exceptions.php:271) /home2/carolhhp/public_html/democarol.com/homeservices/system/helpers/url_helper.php 564
ERROR - 09/27/2017 09:05 am --> 404 Page Not Found: Assets/js
ERROR - 09/27/2017 09:05 am --> 404 Page Not Found: Js/docsupport
ERROR - 09/27/2017 09:05 am --> 404 Page Not Found: Images/photos
ERROR - 09/27/2017 09:05 am --> 404 Page Not Found: Assets/js
ERROR - 09/27/2017 09:05 am --> 404 Page Not Found: Assets/js
ERROR - 09/27/2017 09:05 am --> 404 Page Not Found: Assets/js
ERROR - 09/27/2017 09:05 am --> 404 Page Not Found: Assets/js
ERROR - 09/27/2017 09:05 am --> 404 Page Not Found: Assets/js
ERROR - 09/27/2017 09:05 am --> 404 Page Not Found: Images/photos
ERROR - 09/27/2017 09:05 am --> 404 Page Not Found: Assets/js
ERROR - 09/27/2017 09:05 am --> 404 Page Not Found: Assets/js
ERROR - 09/27/2017 09:05 am --> 404 Page Not Found: Images/photos
ERROR - 09/27/2017 09:06 am --> 404 Page Not Found: Js/docsupport
ERROR - 09/27/2017 09:06 am --> 404 Page Not Found: Assets/js
ERROR - 09/27/2017 09:06 am --> 404 Page Not Found: Assets/js
ERROR - 09/27/2017 09:06 am --> 404 Page Not Found: Assets/js
ERROR - 09/27/2017 09:06 am --> 404 Page Not Found: Images/photos
ERROR - 09/27/2017 09:06 am --> 404 Page Not Found: Assets/js
ERROR - 09/27/2017 09:06 am --> 404 Page Not Found: Assets/js
ERROR - 09/27/2017 09:07 am --> 404 Page Not Found: Images/photos
ERROR - 09/27/2017 09:07 am --> 404 Page Not Found: Assets/js
ERROR - 09/27/2017 09:07 am --> 404 Page Not Found: Js/docsupport
ERROR - 09/27/2017 09:07 am --> 404 Page Not Found: Images/photos
ERROR - 09/27/2017 09:07 am --> 404 Page Not Found: Assets/js
ERROR - 09/27/2017 09:07 am --> 404 Page Not Found: Assets/js
ERROR - 09/27/2017 09:07 am --> 404 Page Not Found: Assets/js
ERROR - 09/27/2017 09:07 am --> 404 Page Not Found: Assets/js
ERROR - 09/27/2017 09:07 am --> 404 Page Not Found: Images/photos
ERROR - 09/27/2017 09:07 am --> 404 Page Not Found: Assets/js
ERROR - 09/27/2017 09:08 am --> 404 Page Not Found: Assets/js
ERROR - 09/27/2017 09:09 am --> 404 Page Not Found: Images/photos
ERROR - 09/27/2017 09:09 am --> 404 Page Not Found: Assets/js
ERROR - 09/27/2017 09:09 am --> 404 Page Not Found: Assets/js
ERROR - 09/27/2017 09:09 am --> 404 Page Not Found: Assets/js
ERROR - 09/27/2017 09:10 am --> 404 Page Not Found: Js/docsupport
ERROR - 09/27/2017 09:10 am --> 404 Page Not Found: Assets/js
ERROR - 09/27/2017 09:10 am --> 404 Page Not Found: Images/photos
ERROR - 09/27/2017 09:10 am --> 404 Page Not Found: Js/docsupport
ERROR - 09/27/2017 09:10 am --> 404 Page Not Found: Assets/js
ERROR - 09/27/2017 09:10 am --> 404 Page Not Found: Assets/js
ERROR - 09/27/2017 09:10 am --> 404 Page Not Found: Images/photos
ERROR - 09/27/2017 09:10 am --> 404 Page Not Found: Assets/js
ERROR - 09/27/2017 09:10 am --> 404 Page Not Found: Assets/js
ERROR - 09/27/2017 09:10 am --> 404 Page Not Found: Assets/js
