ERROR - 01/21/2017 11:11 am --> Severity: Notice --> Undefined variable: rec /home2/carolhhp/public_html/democarol.com/homeservices/application/views/admin/categories/add_categories.php 57
ERROR - 01/21/2017 11:11 am --> Severity: Notice --> Trying to get property of non-object /home2/carolhhp/public_html/democarol.com/homeservices/application/views/admin/categories/add_categories.php 57
ERROR - 01/21/2017 11:11 am --> Severity: Notice --> Undefined variable: rec /home2/carolhhp/public_html/democarol.com/homeservices/application/views/admin/categories/add_categories.php 57
ERROR - 01/21/2017 11:11 am --> Severity: Notice --> Trying to get property of non-object /home2/carolhhp/public_html/democarol.com/homeservices/application/views/admin/categories/add_categories.php 57
ERROR - 01/21/2017 11:11 am --> Severity: Notice --> Undefined variable: rec /home2/carolhhp/public_html/democarol.com/homeservices/application/views/admin/categories/add_categories.php 57
ERROR - 01/21/2017 11:11 am --> Severity: Notice --> Trying to get property of non-object /home2/carolhhp/public_html/democarol.com/homeservices/application/views/admin/categories/add_categories.php 57
ERROR - 01/21/2017 11:11 am --> Severity: Notice --> Undefined variable: rec /home2/carolhhp/public_html/democarol.com/homeservices/application/views/admin/categories/add_categories.php 57
ERROR - 01/21/2017 11:11 am --> Severity: Notice --> Trying to get property of non-object /home2/carolhhp/public_html/democarol.com/homeservices/application/views/admin/categories/add_categories.php 57
ERROR - 01/21/2017 11:11 am --> Severity: Notice --> Undefined variable: rec /home2/carolhhp/public_html/democarol.com/homeservices/application/views/admin/categories/add_categories.php 57
ERROR - 01/21/2017 11:11 am --> Severity: Notice --> Trying to get property of non-object /home2/carolhhp/public_html/democarol.com/homeservices/application/views/admin/categories/add_categories.php 57
ERROR - 01/21/2017 11:11 am --> Severity: Notice --> Undefined variable: rec /home2/carolhhp/public_html/democarol.com/homeservices/application/views/admin/categories/add_categories.php 57
ERROR - 01/21/2017 11:11 am --> Severity: Notice --> Trying to get property of non-object /home2/carolhhp/public_html/democarol.com/homeservices/application/views/admin/categories/add_categories.php 57
ERROR - 01/21/2017 11:11 am --> Severity: Notice --> Undefined variable: rec /home2/carolhhp/public_html/democarol.com/homeservices/application/views/admin/categories/add_categories.php 57
ERROR - 01/21/2017 11:11 am --> Severity: Notice --> Trying to get property of non-object /home2/carolhhp/public_html/democarol.com/homeservices/application/views/admin/categories/add_categories.php 57
ERROR - 01/21/2017 11:11 am --> Severity: Notice --> Undefined variable: rec /home2/carolhhp/public_html/democarol.com/homeservices/application/views/admin/categories/add_categories.php 57
ERROR - 01/21/2017 11:11 am --> Severity: Notice --> Trying to get property of non-object /home2/carolhhp/public_html/democarol.com/homeservices/application/views/admin/categories/add_categories.php 57
ERROR - 01/21/2017 11:11 am --> Severity: Notice --> Undefined variable: rec /home2/carolhhp/public_html/democarol.com/homeservices/application/views/admin/categories/add_categories.php 57
ERROR - 01/21/2017 11:11 am --> Severity: Notice --> Trying to get property of non-object /home2/carolhhp/public_html/democarol.com/homeservices/application/views/admin/categories/add_categories.php 57
ERROR - 01/21/2017 11:11 am --> Severity: Notice --> Undefined variable: rec /home2/carolhhp/public_html/democarol.com/homeservices/application/views/admin/categories/add_categories.php 57
ERROR - 01/21/2017 11:11 am --> Severity: Notice --> Trying to get property of non-object /home2/carolhhp/public_html/democarol.com/homeservices/application/views/admin/categories/add_categories.php 57
ERROR - 01/21/2017 11:11 am --> Severity: Notice --> Undefined variable: rec /home2/carolhhp/public_html/democarol.com/homeservices/application/views/admin/categories/add_categories.php 57
ERROR - 01/21/2017 11:11 am --> Severity: Notice --> Trying to get property of non-object /home2/carolhhp/public_html/democarol.com/homeservices/application/views/admin/categories/add_categories.php 57
ERROR - 01/21/2017 11:11 am --> Severity: Notice --> Undefined variable: rec /home2/carolhhp/public_html/democarol.com/homeservices/application/views/admin/categories/add_categories.php 57
ERROR - 01/21/2017 11:11 am --> Severity: Notice --> Trying to get property of non-object /home2/carolhhp/public_html/democarol.com/homeservices/application/views/admin/categories/add_categories.php 57
ERROR - 01/21/2017 11:11 am --> Severity: Notice --> Undefined variable: rec /home2/carolhhp/public_html/democarol.com/homeservices/application/views/admin/categories/add_categories.php 57
ERROR - 01/21/2017 11:11 am --> Severity: Notice --> Trying to get property of non-object /home2/carolhhp/public_html/democarol.com/homeservices/application/views/admin/categories/add_categories.php 57
ERROR - 01/21/2017 11:11 am --> Severity: Notice --> Undefined variable: rec /home2/carolhhp/public_html/democarol.com/homeservices/application/views/admin/categories/add_categories.php 57
ERROR - 01/21/2017 11:11 am --> Severity: Notice --> Trying to get property of non-object /home2/carolhhp/public_html/democarol.com/homeservices/application/views/admin/categories/add_categories.php 57
ERROR - 01/21/2017 11:11 am --> Severity: Notice --> Undefined variable: rec /home2/carolhhp/public_html/democarol.com/homeservices/application/views/admin/categories/add_categories.php 57
ERROR - 01/21/2017 11:11 am --> Severity: Notice --> Trying to get property of non-object /home2/carolhhp/public_html/democarol.com/homeservices/application/views/admin/categories/add_categories.php 57
ERROR - 01/21/2017 11:11 am --> Severity: Notice --> Undefined variable: rec /home2/carolhhp/public_html/democarol.com/homeservices/application/views/admin/categories/add_categories.php 57
ERROR - 01/21/2017 11:11 am --> Severity: Notice --> Trying to get property of non-object /home2/carolhhp/public_html/democarol.com/homeservices/application/views/admin/categories/add_categories.php 57
ERROR - 01/21/2017 11:11 am --> Severity: Notice --> Undefined variable: rec /home2/carolhhp/public_html/democarol.com/homeservices/application/views/admin/categories/add_categories.php 57
ERROR - 01/21/2017 11:11 am --> Severity: Notice --> Trying to get property of non-object /home2/carolhhp/public_html/democarol.com/homeservices/application/views/admin/categories/add_categories.php 57
ERROR - 01/21/2017 11:11 am --> Severity: Notice --> Undefined variable: rec /home2/carolhhp/public_html/democarol.com/homeservices/application/views/admin/categories/add_categories.php 57
ERROR - 01/21/2017 11:11 am --> Severity: Notice --> Trying to get property of non-object /home2/carolhhp/public_html/democarol.com/homeservices/application/views/admin/categories/add_categories.php 57
ERROR - 01/21/2017 11:11 am --> Severity: Notice --> Undefined variable: rec /home2/carolhhp/public_html/democarol.com/homeservices/application/views/admin/categories/add_categories.php 57
ERROR - 01/21/2017 11:11 am --> Severity: Notice --> Trying to get property of non-object /home2/carolhhp/public_html/democarol.com/homeservices/application/views/admin/categories/add_categories.php 57
ERROR - 01/21/2017 11:11 am --> Severity: Notice --> Undefined variable: rec /home2/carolhhp/public_html/democarol.com/homeservices/application/views/admin/categories/add_categories.php 57
ERROR - 01/21/2017 11:11 am --> Severity: Notice --> Trying to get property of non-object /home2/carolhhp/public_html/democarol.com/homeservices/application/views/admin/categories/add_categories.php 57
ERROR - 01/21/2017 11:11 am --> Severity: Notice --> Undefined variable: rec /home2/carolhhp/public_html/democarol.com/homeservices/application/views/admin/categories/add_categories.php 57
ERROR - 01/21/2017 11:11 am --> Severity: Notice --> Trying to get property of non-object /home2/carolhhp/public_html/democarol.com/homeservices/application/views/admin/categories/add_categories.php 57
ERROR - 01/21/2017 11:11 am --> Severity: Notice --> Undefined variable: rec /home2/carolhhp/public_html/democarol.com/homeservices/application/views/admin/categories/add_categories.php 57
ERROR - 01/21/2017 11:11 am --> Severity: Notice --> Trying to get property of non-object /home2/carolhhp/public_html/democarol.com/homeservices/application/views/admin/categories/add_categories.php 57
ERROR - 01/21/2017 11:11 am --> Severity: Notice --> Undefined variable: rec /home2/carolhhp/public_html/democarol.com/homeservices/application/views/admin/categories/add_categories.php 57
ERROR - 01/21/2017 11:11 am --> Severity: Notice --> Trying to get property of non-object /home2/carolhhp/public_html/democarol.com/homeservices/application/views/admin/categories/add_categories.php 57
ERROR - 01/21/2017 11:11 am --> Severity: Notice --> Undefined variable: rec /home2/carolhhp/public_html/democarol.com/homeservices/application/views/admin/categories/add_categories.php 57
ERROR - 01/21/2017 11:11 am --> Severity: Notice --> Trying to get property of non-object /home2/carolhhp/public_html/democarol.com/homeservices/application/views/admin/categories/add_categories.php 57
ERROR - 01/21/2017 11:43 am --> Severity: Notice --> Undefined variable: rec /home2/carolhhp/public_html/democarol.com/homeservices/application/views/admin/categories/add_categories.php 57
ERROR - 01/21/2017 11:43 am --> Severity: Notice --> Trying to get property of non-object /home2/carolhhp/public_html/democarol.com/homeservices/application/views/admin/categories/add_categories.php 57
ERROR - 01/21/2017 11:43 am --> Severity: Notice --> Undefined variable: rec /home2/carolhhp/public_html/democarol.com/homeservices/application/views/admin/categories/add_categories.php 57
ERROR - 01/21/2017 11:43 am --> Severity: Notice --> Trying to get property of non-object /home2/carolhhp/public_html/democarol.com/homeservices/application/views/admin/categories/add_categories.php 57
ERROR - 01/21/2017 11:43 am --> Severity: Notice --> Undefined variable: rec /home2/carolhhp/public_html/democarol.com/homeservices/application/views/admin/categories/add_categories.php 57
ERROR - 01/21/2017 11:43 am --> Severity: Notice --> Trying to get property of non-object /home2/carolhhp/public_html/democarol.com/homeservices/application/views/admin/categories/add_categories.php 57
ERROR - 01/21/2017 11:43 am --> Severity: Notice --> Undefined variable: rec /home2/carolhhp/public_html/democarol.com/homeservices/application/views/admin/categories/add_categories.php 57
ERROR - 01/21/2017 11:43 am --> Severity: Notice --> Trying to get property of non-object /home2/carolhhp/public_html/democarol.com/homeservices/application/views/admin/categories/add_categories.php 57
ERROR - 01/21/2017 11:43 am --> Severity: Notice --> Undefined variable: rec /home2/carolhhp/public_html/democarol.com/homeservices/application/views/admin/categories/add_categories.php 57
ERROR - 01/21/2017 11:43 am --> Severity: Notice --> Trying to get property of non-object /home2/carolhhp/public_html/democarol.com/homeservices/application/views/admin/categories/add_categories.php 57
ERROR - 01/21/2017 11:43 am --> Severity: Notice --> Undefined variable: rec /home2/carolhhp/public_html/democarol.com/homeservices/application/views/admin/categories/add_categories.php 57
ERROR - 01/21/2017 11:43 am --> Severity: Notice --> Trying to get property of non-object /home2/carolhhp/public_html/democarol.com/homeservices/application/views/admin/categories/add_categories.php 57
ERROR - 01/21/2017 11:43 am --> Severity: Notice --> Undefined variable: rec /home2/carolhhp/public_html/democarol.com/homeservices/application/views/admin/categories/add_categories.php 57
ERROR - 01/21/2017 11:43 am --> Severity: Notice --> Trying to get property of non-object /home2/carolhhp/public_html/democarol.com/homeservices/application/views/admin/categories/add_categories.php 57
ERROR - 01/21/2017 11:43 am --> Severity: Notice --> Undefined variable: rec /home2/carolhhp/public_html/democarol.com/homeservices/application/views/admin/categories/add_categories.php 57
ERROR - 01/21/2017 11:43 am --> Severity: Notice --> Trying to get property of non-object /home2/carolhhp/public_html/democarol.com/homeservices/application/views/admin/categories/add_categories.php 57
ERROR - 01/21/2017 12:13 am --> 404 Page Not Found: Images/photos
ERROR - 01/21/2017 12:13 am --> 404 Page Not Found: Assets/js
ERROR - 01/21/2017 12:13 am --> 404 Page Not Found: Assets/js
ERROR - 01/21/2017 12:13 am --> 404 Page Not Found: Images/loading_spinner.gif
ERROR - 01/21/2017 12:13 am --> 404 Page Not Found: Images/photos
ERROR - 01/21/2017 12:13 am --> 404 Page Not Found: Assets/js
ERROR - 01/21/2017 12:13 am --> 404 Page Not Found: Assets/js
ERROR - 01/21/2017 12:13 am --> 404 Page Not Found: Assets/js
ERROR - 01/21/2017 12:31 pm --> Severity: Notice --> Undefined variable: rec /home2/carolhhp/public_html/democarol.com/homeservices/application/views/admin/categories/add_categories.php 57
ERROR - 01/21/2017 12:31 pm --> Severity: Notice --> Trying to get property of non-object /home2/carolhhp/public_html/democarol.com/homeservices/application/views/admin/categories/add_categories.php 57
ERROR - 01/21/2017 12:31 pm --> Severity: Notice --> Undefined variable: rec /home2/carolhhp/public_html/democarol.com/homeservices/application/views/admin/categories/add_categories.php 57
ERROR - 01/21/2017 12:31 pm --> Severity: Notice --> Trying to get property of non-object /home2/carolhhp/public_html/democarol.com/homeservices/application/views/admin/categories/add_categories.php 57
ERROR - 01/21/2017 12:31 pm --> Severity: Notice --> Undefined variable: rec /home2/carolhhp/public_html/democarol.com/homeservices/application/views/admin/categories/add_categories.php 57
ERROR - 01/21/2017 12:31 pm --> Severity: Notice --> Trying to get property of non-object /home2/carolhhp/public_html/democarol.com/homeservices/application/views/admin/categories/add_categories.php 57
ERROR - 01/21/2017 12:31 pm --> Severity: Notice --> Undefined variable: rec /home2/carolhhp/public_html/democarol.com/homeservices/application/views/admin/categories/add_categories.php 57
ERROR - 01/21/2017 12:31 pm --> Severity: Notice --> Trying to get property of non-object /home2/carolhhp/public_html/democarol.com/homeservices/application/views/admin/categories/add_categories.php 57
ERROR - 01/21/2017 12:31 pm --> Severity: Notice --> Undefined variable: rec /home2/carolhhp/public_html/democarol.com/homeservices/application/views/admin/categories/add_categories.php 57
ERROR - 01/21/2017 12:31 pm --> Severity: Notice --> Trying to get property of non-object /home2/carolhhp/public_html/democarol.com/homeservices/application/views/admin/categories/add_categories.php 57
ERROR - 01/21/2017 12:31 pm --> Severity: Notice --> Undefined variable: rec /home2/carolhhp/public_html/democarol.com/homeservices/application/views/admin/categories/add_categories.php 57
ERROR - 01/21/2017 12:31 pm --> Severity: Notice --> Trying to get property of non-object /home2/carolhhp/public_html/democarol.com/homeservices/application/views/admin/categories/add_categories.php 57
ERROR - 01/21/2017 12:31 pm --> Severity: Notice --> Undefined variable: rec /home2/carolhhp/public_html/democarol.com/homeservices/application/views/admin/categories/add_categories.php 57
ERROR - 01/21/2017 12:31 pm --> Severity: Notice --> Trying to get property of non-object /home2/carolhhp/public_html/democarol.com/homeservices/application/views/admin/categories/add_categories.php 57
ERROR - 01/21/2017 12:31 pm --> Severity: Notice --> Undefined variable: rec /home2/carolhhp/public_html/democarol.com/homeservices/application/views/admin/categories/add_categories.php 57
ERROR - 01/21/2017 12:31 pm --> Severity: Notice --> Trying to get property of non-object /home2/carolhhp/public_html/democarol.com/homeservices/application/views/admin/categories/add_categories.php 57
ERROR - 01/21/2017 01:01 am --> 404 Page Not Found: Assets/js
ERROR - 01/21/2017 01:01 am --> 404 Page Not Found: Images/photos
ERROR - 01/21/2017 01:04 am --> 404 Page Not Found: My_account/index
ERROR - 01/21/2017 01:04 am --> 404 Page Not Found: My_account/index
ERROR - 01/21/2017 01:09 am --> Severity: Warning --> Cannot modify header information - headers already sent by (output started at /home2/carolhhp/public_html/democarol.com/homeservices/application/controllers/front/Myaccount.php:269) /home2/carolhhp/public_html/democarol.com/homeservices/system/core/Common.php 573
ERROR - 01/21/2017 01:09 am --> Severity: Parsing Error --> syntax error, unexpected end of file, expecting function (T_FUNCTION) /home2/carolhhp/public_html/democarol.com/homeservices/application/controllers/front/Myaccount.php 269
ERROR - 01/21/2017 01:09 am --> Severity: Warning --> Cannot modify header information - headers already sent by (output started at /home2/carolhhp/public_html/democarol.com/homeservices/application/controllers/front/Myaccount.php:269) /home2/carolhhp/public_html/democarol.com/homeservices/system/core/Common.php 573
ERROR - 01/21/2017 01:09 am --> Severity: Parsing Error --> syntax error, unexpected end of file, expecting function (T_FUNCTION) /home2/carolhhp/public_html/democarol.com/homeservices/application/controllers/front/Myaccount.php 269
ERROR - 01/21/2017 01:10 am --> Severity: Warning --> Cannot modify header information - headers already sent by (output started at /home2/carolhhp/public_html/democarol.com/homeservices/application/controllers/front/Myaccount.php:269) /home2/carolhhp/public_html/democarol.com/homeservices/system/core/Common.php 573
ERROR - 01/21/2017 01:10 am --> Severity: Parsing Error --> syntax error, unexpected end of file, expecting function (T_FUNCTION) /home2/carolhhp/public_html/democarol.com/homeservices/application/controllers/front/Myaccount.php 269
ERROR - 01/21/2017 12:42 pm --> Severity: Notice --> Undefined variable: rec /home2/carolhhp/public_html/democarol.com/homeservices/application/views/admin/categories/add_categories.php 57
ERROR - 01/21/2017 12:42 pm --> Severity: Notice --> Trying to get property of non-object /home2/carolhhp/public_html/democarol.com/homeservices/application/views/admin/categories/add_categories.php 57
ERROR - 01/21/2017 12:42 pm --> Severity: Notice --> Undefined variable: rec /home2/carolhhp/public_html/democarol.com/homeservices/application/views/admin/categories/add_categories.php 57
ERROR - 01/21/2017 12:42 pm --> Severity: Notice --> Trying to get property of non-object /home2/carolhhp/public_html/democarol.com/homeservices/application/views/admin/categories/add_categories.php 57
ERROR - 01/21/2017 12:42 pm --> Severity: Notice --> Undefined variable: rec /home2/carolhhp/public_html/democarol.com/homeservices/application/views/admin/categories/add_categories.php 57
ERROR - 01/21/2017 12:42 pm --> Severity: Notice --> Trying to get property of non-object /home2/carolhhp/public_html/democarol.com/homeservices/application/views/admin/categories/add_categories.php 57
ERROR - 01/21/2017 12:42 pm --> Severity: Notice --> Undefined variable: rec /home2/carolhhp/public_html/democarol.com/homeservices/application/views/admin/categories/add_categories.php 57
ERROR - 01/21/2017 12:42 pm --> Severity: Notice --> Trying to get property of non-object /home2/carolhhp/public_html/democarol.com/homeservices/application/views/admin/categories/add_categories.php 57
ERROR - 01/21/2017 12:42 pm --> Severity: Notice --> Undefined variable: rec /home2/carolhhp/public_html/democarol.com/homeservices/application/views/admin/categories/add_categories.php 57
ERROR - 01/21/2017 12:42 pm --> Severity: Notice --> Trying to get property of non-object /home2/carolhhp/public_html/democarol.com/homeservices/application/views/admin/categories/add_categories.php 57
ERROR - 01/21/2017 12:42 pm --> Severity: Notice --> Undefined variable: rec /home2/carolhhp/public_html/democarol.com/homeservices/application/views/admin/categories/add_categories.php 57
ERROR - 01/21/2017 12:42 pm --> Severity: Notice --> Trying to get property of non-object /home2/carolhhp/public_html/democarol.com/homeservices/application/views/admin/categories/add_categories.php 57
ERROR - 01/21/2017 12:42 pm --> Severity: Notice --> Undefined variable: rec /home2/carolhhp/public_html/democarol.com/homeservices/application/views/admin/categories/add_categories.php 57
ERROR - 01/21/2017 12:42 pm --> Severity: Notice --> Trying to get property of non-object /home2/carolhhp/public_html/democarol.com/homeservices/application/views/admin/categories/add_categories.php 57
ERROR - 01/21/2017 12:42 pm --> Severity: Notice --> Undefined variable: rec /home2/carolhhp/public_html/democarol.com/homeservices/application/views/admin/categories/add_categories.php 57
ERROR - 01/21/2017 12:42 pm --> Severity: Notice --> Trying to get property of non-object /home2/carolhhp/public_html/democarol.com/homeservices/application/views/admin/categories/add_categories.php 57
ERROR - 01/21/2017 01:12 am --> 404 Page Not Found: Assets/js
ERROR - 01/21/2017 01:12 am --> 404 Page Not Found: Images/photos
ERROR - 01/21/2017 12:44 pm --> Severity: Notice --> Undefined variable: rec /home2/carolhhp/public_html/democarol.com/homeservices/application/views/admin/categories/add_categories.php 57
ERROR - 01/21/2017 12:44 pm --> Severity: Notice --> Trying to get property of non-object /home2/carolhhp/public_html/democarol.com/homeservices/application/views/admin/categories/add_categories.php 57
ERROR - 01/21/2017 12:44 pm --> Severity: Notice --> Undefined variable: rec /home2/carolhhp/public_html/democarol.com/homeservices/application/views/admin/categories/add_categories.php 57
ERROR - 01/21/2017 12:44 pm --> Severity: Notice --> Trying to get property of non-object /home2/carolhhp/public_html/democarol.com/homeservices/application/views/admin/categories/add_categories.php 57
ERROR - 01/21/2017 12:44 pm --> Severity: Notice --> Undefined variable: rec /home2/carolhhp/public_html/democarol.com/homeservices/application/views/admin/categories/add_categories.php 57
ERROR - 01/21/2017 12:44 pm --> Severity: Notice --> Trying to get property of non-object /home2/carolhhp/public_html/democarol.com/homeservices/application/views/admin/categories/add_categories.php 57
ERROR - 01/21/2017 12:44 pm --> Severity: Notice --> Undefined variable: rec /home2/carolhhp/public_html/democarol.com/homeservices/application/views/admin/categories/add_categories.php 57
ERROR - 01/21/2017 12:44 pm --> Severity: Notice --> Trying to get property of non-object /home2/carolhhp/public_html/democarol.com/homeservices/application/views/admin/categories/add_categories.php 57
ERROR - 01/21/2017 12:44 pm --> Severity: Notice --> Undefined variable: rec /home2/carolhhp/public_html/democarol.com/homeservices/application/views/admin/categories/add_categories.php 57
ERROR - 01/21/2017 12:44 pm --> Severity: Notice --> Trying to get property of non-object /home2/carolhhp/public_html/democarol.com/homeservices/application/views/admin/categories/add_categories.php 57
ERROR - 01/21/2017 12:44 pm --> Severity: Notice --> Undefined variable: rec /home2/carolhhp/public_html/democarol.com/homeservices/application/views/admin/categories/add_categories.php 57
ERROR - 01/21/2017 12:44 pm --> Severity: Notice --> Trying to get property of non-object /home2/carolhhp/public_html/democarol.com/homeservices/application/views/admin/categories/add_categories.php 57
ERROR - 01/21/2017 12:44 pm --> Severity: Notice --> Undefined variable: rec /home2/carolhhp/public_html/democarol.com/homeservices/application/views/admin/categories/add_categories.php 57
ERROR - 01/21/2017 12:44 pm --> Severity: Notice --> Trying to get property of non-object /home2/carolhhp/public_html/democarol.com/homeservices/application/views/admin/categories/add_categories.php 57
ERROR - 01/21/2017 12:44 pm --> Severity: Notice --> Undefined variable: rec /home2/carolhhp/public_html/democarol.com/homeservices/application/views/admin/categories/add_categories.php 57
ERROR - 01/21/2017 12:44 pm --> Severity: Notice --> Trying to get property of non-object /home2/carolhhp/public_html/democarol.com/homeservices/application/views/admin/categories/add_categories.php 57
ERROR - 01/21/2017 01:14 am --> 404 Page Not Found: Assets/js
ERROR - 01/21/2017 01:14 am --> 404 Page Not Found: Images/photos
ERROR - 01/21/2017 01:22 am --> 404 Page Not Found: Assets/img
ERROR - 01/21/2017 01:22 am --> 404 Page Not Found: Assets/js
ERROR - 01/21/2017 01:22 am --> 404 Page Not Found: Images/photos
ERROR - 01/21/2017 01:36 am --> 404 Page Not Found: Assets/js
ERROR - 01/21/2017 01:36 am --> 404 Page Not Found: Js/advanced-datatable
ERROR - 01/21/2017 01:36 am --> 404 Page Not Found: Js/advanced-datatable
ERROR - 01/21/2017 01:36 am --> 404 Page Not Found: Js/advanced-datatable
ERROR - 01/21/2017 01:36 am --> 404 Page Not Found: Js/dynamic_table_init.js
ERROR - 01/21/2017 01:36 am --> 404 Page Not Found: Js/jquery.dataTables.min.js
ERROR - 01/21/2017 01:37 am --> 404 Page Not Found: Images/photos
ERROR - 01/21/2017 01:37 am --> 404 Page Not Found: Assets/js
ERROR - 01/21/2017 01:37 am --> 404 Page Not Found: Js/advanced-datatable
ERROR - 01/21/2017 01:37 am --> 404 Page Not Found: Js/advanced-datatable
ERROR - 01/21/2017 01:37 am --> 404 Page Not Found: Js/advanced-datatable
ERROR - 01/21/2017 01:37 am --> 404 Page Not Found: Js/dynamic_table_init.js
ERROR - 01/21/2017 01:37 am --> 404 Page Not Found: Js/jquery.dataTables.min.js
ERROR - 01/21/2017 01:42 am --> 404 Page Not Found: Assets/js
ERROR - 01/21/2017 01:42 am --> 404 Page Not Found: Js/advanced-datatable
ERROR - 01/21/2017 01:42 am --> 404 Page Not Found: Js/advanced-datatable
ERROR - 01/21/2017 01:42 am --> 404 Page Not Found: Js/dynamic_table_init.js
ERROR - 01/21/2017 01:42 am --> 404 Page Not Found: Js/advanced-datatable
ERROR - 01/21/2017 01:42 am --> 404 Page Not Found: Js/jquery.dataTables.min.js
ERROR - 01/21/2017 01:42 am --> 404 Page Not Found: Images/photos
ERROR - 01/21/2017 01:44 am --> 404 Page Not Found: Images/photos
ERROR - 01/21/2017 01:44 am --> 404 Page Not Found: Assets/js
ERROR - 01/21/2017 01:46 am --> 404 Page Not Found: Assets/js
ERROR - 01/21/2017 01:46 am --> 404 Page Not Found: Images/photos
ERROR - 01/21/2017 01:46 am --> 404 Page Not Found: Assets/js
ERROR - 01/21/2017 01:48 am --> 404 Page Not Found: Assets/js
ERROR - 01/21/2017 01:48 am --> 404 Page Not Found: Images/photos
ERROR - 01/21/2017 01:50 am --> 404 Page Not Found: Assets/js
ERROR - 01/21/2017 01:50 am --> 404 Page Not Found: Images/photos
ERROR - 01/21/2017 01:51 am --> 404 Page Not Found: Assets/js
ERROR - 01/21/2017 01:51 am --> 404 Page Not Found: Images/photos
ERROR - 01/21/2017 03:02 am --> 404 Page Not Found: Images/photos
ERROR - 01/21/2017 03:02 am --> 404 Page Not Found: Images/photos
ERROR - 01/21/2017 03:03 am --> 404 Page Not Found: Assets/js
ERROR - 01/21/2017 03:03 am --> 404 Page Not Found: Images/photos
ERROR - 01/21/2017 02:34 pm --> Severity: Parsing Error --> syntax error, unexpected end of file /home2/carolhhp/public_html/democarol.com/homeservices/application/views/front/home.php 345
ERROR - 01/21/2017 03:33 am --> 404 Page Not Found: Assets/js
ERROR - 01/21/2017 03:33 am --> 404 Page Not Found: Images/photos
ERROR - 01/21/2017 03:43 am --> 404 Page Not Found: Assets/blog
ERROR - 01/21/2017 03:43 am --> 404 Page Not Found: Assets/blog
ERROR - 01/21/2017 03:45 am --> 404 Page Not Found: Assets/blog
ERROR - 01/21/2017 03:45 am --> 404 Page Not Found: Assets/blog
ERROR - 01/21/2017 03:49 am --> 404 Page Not Found: Assets/js
ERROR - 01/21/2017 03:49 am --> 404 Page Not Found: Images/photos
ERROR - 01/21/2017 03:21 pm --> Query error: Unknown column 'is_active' in 'where clause' - Invalid query: SELECT *
FROM `ai_testimonial`
WHERE `is_active` = 1
ERROR - 01/21/2017 03:22 pm --> Query error: Unknown column 'is_active' in 'where clause' - Invalid query: SELECT *
FROM `ai_testimonial`
WHERE `is_active` = 1
ERROR - 01/21/2017 03:26 pm --> Severity: Warning --> explode() expects parameter 2 to be string, array given /home2/carolhhp/public_html/democarol.com/homeservices/system/database/DB_query_builder.php 1213
ERROR - 01/21/2017 03:26 pm --> Severity: Warning --> Invalid argument supplied for foreach() /home2/carolhhp/public_html/democarol.com/homeservices/system/database/DB_query_builder.php 1213
ERROR - 01/21/2017 03:27 pm --> Severity: Warning --> explode() expects parameter 2 to be string, array given /home2/carolhhp/public_html/democarol.com/homeservices/system/database/DB_query_builder.php 1213
ERROR - 01/21/2017 03:27 pm --> Severity: Warning --> Invalid argument supplied for foreach() /home2/carolhhp/public_html/democarol.com/homeservices/system/database/DB_query_builder.php 1213
ERROR - 01/21/2017 03:27 pm --> Severity: Notice --> Use of undefined constant asc - assumed 'asc' /home2/carolhhp/public_html/democarol.com/homeservices/application/controllers/front/Home.php 18
ERROR - 01/21/2017 03:27 pm --> Severity: Warning --> explode() expects parameter 2 to be string, array given /home2/carolhhp/public_html/democarol.com/homeservices/system/database/DB_query_builder.php 1213
ERROR - 01/21/2017 03:27 pm --> Severity: Warning --> Invalid argument supplied for foreach() /home2/carolhhp/public_html/democarol.com/homeservices/system/database/DB_query_builder.php 1213
ERROR - 01/21/2017 03:28 pm --> Severity: Warning --> explode() expects parameter 2 to be string, array given /home2/carolhhp/public_html/democarol.com/homeservices/system/database/DB_query_builder.php 1213
ERROR - 01/21/2017 03:28 pm --> Severity: Warning --> Invalid argument supplied for foreach() /home2/carolhhp/public_html/democarol.com/homeservices/system/database/DB_query_builder.php 1213
ERROR - 01/21/2017 03:28 pm --> Severity: Warning --> explode() expects parameter 2 to be string, array given /home2/carolhhp/public_html/democarol.com/homeservices/system/database/DB_query_builder.php 1213
ERROR - 01/21/2017 03:28 pm --> Severity: Warning --> Invalid argument supplied for foreach() /home2/carolhhp/public_html/democarol.com/homeservices/system/database/DB_query_builder.php 1213
ERROR - 01/21/2017 03:28 pm --> Severity: Error --> Cannot use object of type stdClass as array /home2/carolhhp/public_html/democarol.com/homeservices/application/views/admin/categories/edit_categories.php 160
ERROR - 01/21/2017 03:29 pm --> Severity: Warning --> explode() expects parameter 2 to be string, array given /home2/carolhhp/public_html/democarol.com/homeservices/system/database/DB_query_builder.php 1213
ERROR - 01/21/2017 03:29 pm --> Severity: Warning --> Invalid argument supplied for foreach() /home2/carolhhp/public_html/democarol.com/homeservices/system/database/DB_query_builder.php 1213
ERROR - 01/21/2017 03:30 pm --> Severity: Error --> Cannot use object of type stdClass as array /home2/carolhhp/public_html/democarol.com/homeservices/application/views/admin/categories/edit_categories.php 160
ERROR - 01/21/2017 03:30 pm --> Severity: Error --> Cannot use object of type stdClass as array /home2/carolhhp/public_html/democarol.com/homeservices/application/views/admin/categories/edit_categories.php 161
ERROR - 01/21/2017 04:01 am --> 404 Page Not Found: Assets/js
ERROR - 01/21/2017 04:01 am --> 404 Page Not Found: Images/photos
ERROR - 01/21/2017 04:01 am --> 404 Page Not Found: Assets/js
ERROR - 01/21/2017 03:32 pm --> Severity: Warning --> explode() expects parameter 2 to be string, array given /home2/carolhhp/public_html/democarol.com/homeservices/system/database/DB_query_builder.php 1213
ERROR - 01/21/2017 03:32 pm --> Severity: Warning --> Invalid argument supplied for foreach() /home2/carolhhp/public_html/democarol.com/homeservices/system/database/DB_query_builder.php 1213
ERROR - 01/21/2017 03:32 pm --> Severity: Warning --> explode() expects parameter 2 to be string, array given /home2/carolhhp/public_html/democarol.com/homeservices/system/database/DB_query_builder.php 1213
ERROR - 01/21/2017 03:32 pm --> Severity: Warning --> Invalid argument supplied for foreach() /home2/carolhhp/public_html/democarol.com/homeservices/system/database/DB_query_builder.php 1213
ERROR - 01/21/2017 04:05 am --> 404 Page Not Found: Assets/js
ERROR - 01/21/2017 04:05 am --> 404 Page Not Found: Images/photos
ERROR - 01/21/2017 04:05 am --> 404 Page Not Found: Assets/js
ERROR - 01/21/2017 04:05 am --> 404 Page Not Found: Images/photos
ERROR - 01/21/2017 03:41 pm --> Severity: Warning --> explode() expects parameter 2 to be string, array given /home2/carolhhp/public_html/democarol.com/homeservices/system/database/DB_query_builder.php 1213
ERROR - 01/21/2017 03:41 pm --> Severity: Warning --> Invalid argument supplied for foreach() /home2/carolhhp/public_html/democarol.com/homeservices/system/database/DB_query_builder.php 1213
ERROR - 01/21/2017 04:18 am --> 404 Page Not Found: Assets/js
ERROR - 01/21/2017 04:18 am --> 404 Page Not Found: Images/photos
ERROR - 01/21/2017 03:52 pm --> Severity: Notice --> Undefined variable: order_by /home2/carolhhp/public_html/democarol.com/homeservices/application/models/Common_model.php 855
ERROR - 01/21/2017 03:52 pm --> Severity: Notice --> Undefined variable: order_by /home2/carolhhp/public_html/democarol.com/homeservices/application/models/Common_model.php 881
ERROR - 01/21/2017 03:54 pm --> Severity: Notice --> Undefined variable: order_by /home2/carolhhp/public_html/democarol.com/homeservices/application/models/Common_model.php 855
ERROR - 01/21/2017 03:54 pm --> Severity: Notice --> Undefined variable: order_by /home2/carolhhp/public_html/democarol.com/homeservices/application/models/Common_model.php 881
ERROR - 01/21/2017 03:55 pm --> Severity: Notice --> Undefined variable: order_by /home2/carolhhp/public_html/democarol.com/homeservices/application/models/Common_model.php 855
ERROR - 01/21/2017 03:55 pm --> Severity: Notice --> Undefined variable: order_by /home2/carolhhp/public_html/democarol.com/homeservices/application/models/Common_model.php 855
ERROR - 01/21/2017 03:55 pm --> Severity: Notice --> Undefined variable: order_by /home2/carolhhp/public_html/democarol.com/homeservices/application/models/Common_model.php 855
ERROR - 01/21/2017 03:55 pm --> Severity: Notice --> Undefined variable: order_by /home2/carolhhp/public_html/democarol.com/homeservices/application/models/Common_model.php 855
ERROR - 01/21/2017 03:55 pm --> Severity: Notice --> Undefined variable: order_by /home2/carolhhp/public_html/democarol.com/homeservices/application/models/Common_model.php 855
ERROR - 01/21/2017 03:56 pm --> Severity: Notice --> Undefined variable: order_by /home2/carolhhp/public_html/democarol.com/homeservices/application/models/Common_model.php 855
ERROR - 01/21/2017 03:56 pm --> Severity: Notice --> Undefined variable: order_by /home2/carolhhp/public_html/democarol.com/homeservices/application/models/Common_model.php 855
ERROR - 01/21/2017 03:56 pm --> Severity: Notice --> Undefined variable: order_by /home2/carolhhp/public_html/democarol.com/homeservices/application/models/Common_model.php 855
ERROR - 01/21/2017 03:56 pm --> Severity: Notice --> Undefined variable: order_by /home2/carolhhp/public_html/democarol.com/homeservices/application/models/Common_model.php 855
ERROR - 01/21/2017 03:56 pm --> Severity: Notice --> Undefined variable: order_by /home2/carolhhp/public_html/democarol.com/homeservices/application/models/Common_model.php 855
ERROR - 01/21/2017 04:50 am --> 404 Page Not Found: Assets/js
ERROR - 01/21/2017 04:50 am --> 404 Page Not Found: Images/photos
ERROR - 01/21/2017 04:51 am --> 404 Page Not Found: Assets/js
ERROR - 01/21/2017 04:51 am --> 404 Page Not Found: Images/photos
ERROR - 01/21/2017 04:52 am --> 404 Page Not Found: Assets/js
ERROR - 01/21/2017 04:52 am --> 404 Page Not Found: Js/advanced-datatable
ERROR - 01/21/2017 04:52 am --> 404 Page Not Found: Js/advanced-datatable
ERROR - 01/21/2017 04:52 am --> 404 Page Not Found: Js/dynamic_table_init.js
ERROR - 01/21/2017 04:52 am --> 404 Page Not Found: Js/jquery.dataTables.min.js
ERROR - 01/21/2017 04:52 am --> 404 Page Not Found: Js/advanced-datatable
ERROR - 01/21/2017 04:52 am --> 404 Page Not Found: Images/photos
ERROR - 01/21/2017 04:52 am --> 404 Page Not Found: Js/dynamic_table_init.js
ERROR - 01/21/2017 04:57 am --> 404 Page Not Found: Assets/js
ERROR - 01/21/2017 04:57 am --> 404 Page Not Found: Images/photos
ERROR - 01/21/2017 05:03 am --> 404 Page Not Found: Assets/js
ERROR - 01/21/2017 05:03 am --> 404 Page Not Found: Images/photos
ERROR - 01/21/2017 05:03 am --> 404 Page Not Found: Assets/js
ERROR - 01/21/2017 05:03 am --> 404 Page Not Found: Assets/js
ERROR - 01/21/2017 05:03 am --> 404 Page Not Found: Images/photos
ERROR - 01/21/2017 05:04 am --> 404 Page Not Found: Assets/js
ERROR - 01/21/2017 05:04 am --> 404 Page Not Found: Js/advanced-datatable
ERROR - 01/21/2017 05:04 am --> 404 Page Not Found: Js/advanced-datatable
ERROR - 01/21/2017 05:04 am --> 404 Page Not Found: Js/advanced-datatable
ERROR - 01/21/2017 05:04 am --> 404 Page Not Found: Js/dynamic_table_init.js
ERROR - 01/21/2017 05:04 am --> 404 Page Not Found: Js/jquery.dataTables.min.js
ERROR - 01/21/2017 05:04 am --> 404 Page Not Found: Images/photos
ERROR - 01/21/2017 05:04 am --> 404 Page Not Found: Js/dynamic_table_init.js
ERROR - 01/21/2017 05:04 am --> 404 Page Not Found: Js/jquery.dataTables.min.js
ERROR - 01/21/2017 05:12 am --> 404 Page Not Found: Js/dynamic_table_init.js
ERROR - 01/21/2017 05:12 am --> 404 Page Not Found: Assets/js
ERROR - 01/21/2017 05:12 am --> 404 Page Not Found: Js/jquery.dataTables.min.js
ERROR - 01/21/2017 05:12 am --> 404 Page Not Found: Js/advanced-datatable
ERROR - 01/21/2017 05:12 am --> 404 Page Not Found: Js/advanced-datatable
ERROR - 01/21/2017 05:12 am --> 404 Page Not Found: Js/advanced-datatable
ERROR - 01/21/2017 05:12 am --> 404 Page Not Found: Images/photos
ERROR - 01/21/2017 05:12 am --> 404 Page Not Found: Js/dynamic_table_init.js
ERROR - 01/21/2017 05:12 am --> 404 Page Not Found: Js/jquery.dataTables.min.js
ERROR - 01/21/2017 05:12 am --> 404 Page Not Found: Assets/js
ERROR - 01/21/2017 05:12 am --> 404 Page Not Found: Images/photos
ERROR - 01/21/2017 05:13 am --> 404 Page Not Found: Assets/js
ERROR - 01/21/2017 05:13 am --> 404 Page Not Found: Images/photos
ERROR - 01/21/2017 05:14 am --> 404 Page Not Found: Assets/js
ERROR - 01/21/2017 05:14 am --> 404 Page Not Found: Images/photos
ERROR - 01/21/2017 05:14 am --> 404 Page Not Found: Assets/js
ERROR - 01/21/2017 05:14 am --> 404 Page Not Found: Js/advanced-datatable
ERROR - 01/21/2017 05:14 am --> 404 Page Not Found: Js/advanced-datatable
ERROR - 01/21/2017 05:14 am --> 404 Page Not Found: Js/advanced-datatable
ERROR - 01/21/2017 05:14 am --> 404 Page Not Found: Js/jquery.dataTables.min.js
ERROR - 01/21/2017 05:14 am --> 404 Page Not Found: Js/dynamic_table_init.js
ERROR - 01/21/2017 05:14 am --> 404 Page Not Found: Images/photos
ERROR - 01/21/2017 05:14 am --> 404 Page Not Found: Js/jquery.dataTables.min.js
ERROR - 01/21/2017 05:15 am --> 404 Page Not Found: Assets/js
ERROR - 01/21/2017 05:15 am --> 404 Page Not Found: Js/advanced-datatable
ERROR - 01/21/2017 05:15 am --> 404 Page Not Found: Js/advanced-datatable
ERROR - 01/21/2017 05:15 am --> 404 Page Not Found: Js/advanced-datatable
ERROR - 01/21/2017 05:15 am --> 404 Page Not Found: Js/dynamic_table_init.js
ERROR - 01/21/2017 05:15 am --> 404 Page Not Found: Js/jquery.dataTables.min.js
ERROR - 01/21/2017 05:15 am --> 404 Page Not Found: Images/photos
ERROR - 01/21/2017 05:34 am --> 404 Page Not Found: Assets/js
ERROR - 01/21/2017 05:34 am --> 404 Page Not Found: Js/advanced-datatable
ERROR - 01/21/2017 05:34 am --> 404 Page Not Found: Js/jquery.dataTables.min.js
ERROR - 01/21/2017 05:34 am --> 404 Page Not Found: Js/dynamic_table_init.js
ERROR - 01/21/2017 05:34 am --> 404 Page Not Found: Js/advanced-datatable
ERROR - 01/21/2017 05:34 am --> 404 Page Not Found: Js/advanced-datatable
ERROR - 01/21/2017 05:34 am --> 404 Page Not Found: Js/dynamic_table_init.js
ERROR - 01/21/2017 05:34 am --> 404 Page Not Found: Images/photos
ERROR - 01/21/2017 05:34 am --> 404 Page Not Found: Js/jquery.dataTables.min.js
ERROR - 01/21/2017 05:17 pm --> Severity: Notice --> Undefined variable: data /home2/carolhhp/public_html/democarol.com/homeservices/application/controllers/front/Home.php 38
ERROR - 01/21/2017 05:17 pm --> Severity: Notice --> Undefined variable: about_data /home2/carolhhp/public_html/democarol.com/homeservices/application/views/front/about_us.php 23
ERROR - 01/21/2017 05:17 pm --> Severity: Notice --> Trying to get property of non-object /home2/carolhhp/public_html/democarol.com/homeservices/application/views/front/about_us.php 23
ERROR - 01/21/2017 05:18 pm --> Severity: Notice --> Undefined variable: about_data /home2/carolhhp/public_html/democarol.com/homeservices/application/views/front/about_us.php 23
ERROR - 01/21/2017 05:18 pm --> Severity: Notice --> Trying to get property of non-object /home2/carolhhp/public_html/democarol.com/homeservices/application/views/front/about_us.php 23
ERROR - 01/21/2017 05:18 pm --> Severity: Notice --> Undefined variable: slider_data /home2/carolhhp/public_html/democarol.com/homeservices/application/views/front/home.php 6
ERROR - 01/21/2017 05:18 pm --> Severity: Notice --> Undefined variable: slider_data /home2/carolhhp/public_html/democarol.com/homeservices/application/views/front/home.php 8
ERROR - 01/21/2017 05:18 pm --> Severity: Warning --> Invalid argument supplied for foreach() /home2/carolhhp/public_html/democarol.com/homeservices/application/views/front/home.php 8
ERROR - 01/21/2017 05:18 pm --> Severity: Notice --> Undefined variable: testimonial /home2/carolhhp/public_html/democarol.com/homeservices/application/views/front/home.php 354
ERROR - 01/21/2017 05:25 pm --> Query error: Unknown column 'cat_id' in 'field list' - Invalid query: SELECT `cat_id`
FROM `ai_user`
WHERE `cat_name` = 'Cleaning'
 LIMIT 1
ERROR - 01/21/2017 06:00 am --> 404 Page Not Found: Assets/js
ERROR - 01/21/2017 06:00 am --> 404 Page Not Found: Js/advanced-datatable
ERROR - 01/21/2017 06:00 am --> 404 Page Not Found: Js/advanced-datatable
ERROR - 01/21/2017 06:00 am --> 404 Page Not Found: Js/advanced-datatable
ERROR - 01/21/2017 06:00 am --> 404 Page Not Found: Js/dynamic_table_init.js
ERROR - 01/21/2017 06:00 am --> 404 Page Not Found: Js/jquery.dataTables.min.js
ERROR - 01/21/2017 06:00 am --> 404 Page Not Found: Images/photos
ERROR - 01/21/2017 06:04 am --> 404 Page Not Found: Assets/js
ERROR - 01/21/2017 06:04 am --> 404 Page Not Found: Js/advanced-datatable
ERROR - 01/21/2017 06:04 am --> 404 Page Not Found: Js/advanced-datatable
ERROR - 01/21/2017 06:04 am --> 404 Page Not Found: Js/dynamic_table_init.js
ERROR - 01/21/2017 06:04 am --> 404 Page Not Found: Js/jquery.dataTables.min.js
ERROR - 01/21/2017 06:04 am --> 404 Page Not Found: Js/advanced-datatable
ERROR - 01/21/2017 06:04 am --> 404 Page Not Found: Images/photos
ERROR - 01/21/2017 06:04 am --> 404 Page Not Found: Js/dynamic_table_init.js
ERROR - 01/21/2017 06:04 am --> 404 Page Not Found: Js/jquery.dataTables.min.js
ERROR - 01/21/2017 05:54 pm --> Severity: Notice --> Undefined variable: child_record /home2/carolhhp/public_html/democarol.com/homeservices/application/views/front/services/services.php 12
ERROR - 01/21/2017 05:54 pm --> Severity: Notice --> Undefined variable: child_record /home2/carolhhp/public_html/democarol.com/homeservices/application/views/front/services/services.php 13
ERROR - 01/21/2017 05:54 pm --> Severity: Warning --> Invalid argument supplied for foreach() /home2/carolhhp/public_html/democarol.com/homeservices/application/views/front/services/services.php 13
ERROR - 01/21/2017 05:54 pm --> Severity: Notice --> Undefined variable: child_record /home2/carolhhp/public_html/democarol.com/homeservices/application/views/front/services/services.php 12
ERROR - 01/21/2017 05:54 pm --> Severity: Notice --> Undefined variable: child_record /home2/carolhhp/public_html/democarol.com/homeservices/application/views/front/services/services.php 13
ERROR - 01/21/2017 05:54 pm --> Severity: Warning --> Invalid argument supplied for foreach() /home2/carolhhp/public_html/democarol.com/homeservices/application/views/front/services/services.php 13
ERROR - 01/21/2017 06:00 pm --> Severity: Warning --> Division by zero /home2/carolhhp/public_html/democarol.com/homeservices/application/controllers/front/Home.php 44
ERROR - 01/21/2017 06:00 pm --> Severity: Warning --> Cannot modify header information - headers already sent by (output started at /home2/carolhhp/public_html/democarol.com/homeservices/system/core/Exceptions.php:271) /home2/carolhhp/public_html/democarol.com/homeservices/system/helpers/url_helper.php 564
ERROR - 01/21/2017 06:01 pm --> Severity: Notice --> Trying to get property of non-object /home2/carolhhp/public_html/democarol.com/homeservices/application/controllers/front/Home.php 39
ERROR - 01/21/2017 06:01 pm --> Severity: Warning --> Cannot modify header information - headers already sent by (output started at /home2/carolhhp/public_html/democarol.com/homeservices/system/core/Exceptions.php:271) /home2/carolhhp/public_html/democarol.com/homeservices/system/helpers/url_helper.php 564
ERROR - 01/21/2017 06:32 am --> 404 Page Not Found: front/Home/search
ERROR - 01/21/2017 06:02 pm --> Severity: Notice --> Trying to get property of non-object /home2/carolhhp/public_html/democarol.com/homeservices/application/controllers/front/Home.php 39
ERROR - 01/21/2017 06:02 pm --> Severity: Warning --> Cannot modify header information - headers already sent by (output started at /home2/carolhhp/public_html/democarol.com/homeservices/system/core/Exceptions.php:271) /home2/carolhhp/public_html/democarol.com/homeservices/system/helpers/url_helper.php 564
ERROR - 01/21/2017 06:10 pm --> Severity: Notice --> Undefined variable: child_record /home2/carolhhp/public_html/democarol.com/homeservices/application/views/front/services/services.php 12
ERROR - 01/21/2017 06:10 pm --> Severity: Notice --> Undefined variable: child_record /home2/carolhhp/public_html/democarol.com/homeservices/application/views/front/services/services.php 13
ERROR - 01/21/2017 06:10 pm --> Severity: Warning --> Invalid argument supplied for foreach() /home2/carolhhp/public_html/democarol.com/homeservices/application/views/front/services/services.php 13
ERROR - 01/21/2017 06:10 pm --> Severity: Notice --> Undefined variable: child_record /home2/carolhhp/public_html/democarol.com/homeservices/application/views/front/services/services.php 12
ERROR - 01/21/2017 06:10 pm --> Severity: Notice --> Undefined variable: child_record /home2/carolhhp/public_html/democarol.com/homeservices/application/views/front/services/services.php 13
ERROR - 01/21/2017 06:10 pm --> Severity: Warning --> Invalid argument supplied for foreach() /home2/carolhhp/public_html/democarol.com/homeservices/application/views/front/services/services.php 13
ERROR - 01/21/2017 06:50 am --> 404 Page Not Found: Assets/js
ERROR - 01/21/2017 06:50 am --> 404 Page Not Found: Images/photos
ERROR - 01/21/2017 06:50 am --> 404 Page Not Found: Assets/js
ERROR - 01/21/2017 06:50 am --> 404 Page Not Found: Js/advanced-datatable
ERROR - 01/21/2017 06:50 am --> 404 Page Not Found: Js/advanced-datatable
ERROR - 01/21/2017 06:50 am --> 404 Page Not Found: Js/advanced-datatable
ERROR - 01/21/2017 06:50 am --> 404 Page Not Found: Js/dynamic_table_init.js
ERROR - 01/21/2017 06:50 am --> 404 Page Not Found: Js/jquery.dataTables.min.js
ERROR - 01/21/2017 06:50 am --> 404 Page Not Found: Js/jquery.dataTables.min.js
ERROR - 01/21/2017 06:50 am --> 404 Page Not Found: Images/photos
ERROR - 01/21/2017 06:52 am --> 404 Page Not Found: Assets/js
ERROR - 01/21/2017 06:52 am --> 404 Page Not Found: Js/advanced-datatable
ERROR - 01/21/2017 06:52 am --> 404 Page Not Found: Js/dynamic_table_init.js
ERROR - 01/21/2017 06:52 am --> 404 Page Not Found: Js/advanced-datatable
ERROR - 01/21/2017 06:52 am --> 404 Page Not Found: Js/jquery.dataTables.min.js
ERROR - 01/21/2017 06:52 am --> 404 Page Not Found: Js/advanced-datatable
ERROR - 01/21/2017 06:52 am --> 404 Page Not Found: Images/photos
ERROR - 01/21/2017 06:53 am --> 404 Page Not Found: Assets/js
ERROR - 01/21/2017 06:53 am --> 404 Page Not Found: Js/advanced-datatable
ERROR - 01/21/2017 06:53 am --> 404 Page Not Found: Js/advanced-datatable
ERROR - 01/21/2017 06:53 am --> 404 Page Not Found: Js/advanced-datatable
ERROR - 01/21/2017 06:53 am --> 404 Page Not Found: Js/dynamic_table_init.js
ERROR - 01/21/2017 06:53 am --> 404 Page Not Found: Js/jquery.dataTables.min.js
ERROR - 01/21/2017 06:53 am --> 404 Page Not Found: Images/photos
ERROR - 01/21/2017 06:53 am --> 404 Page Not Found: Js/dynamic_table_init.js
ERROR - 01/21/2017 06:53 am --> 404 Page Not Found: Js/jquery.dataTables.min.js
ERROR - 01/21/2017 06:26 pm --> Severity: Notice --> Trying to get property of non-object /home2/carolhhp/public_html/democarol.com/homeservices/application/controllers/front/Home.php 39
ERROR - 01/21/2017 06:26 pm --> Severity: Warning --> Cannot modify header information - headers already sent by (output started at /home2/carolhhp/public_html/democarol.com/homeservices/system/core/Exceptions.php:271) /home2/carolhhp/public_html/democarol.com/homeservices/system/helpers/url_helper.php 564
ERROR - 01/21/2017 06:27 pm --> Severity: Notice --> Trying to get property of non-object /home2/carolhhp/public_html/democarol.com/homeservices/application/controllers/front/Home.php 39
ERROR - 01/21/2017 06:27 pm --> Severity: Warning --> Cannot modify header information - headers already sent by (output started at /home2/carolhhp/public_html/democarol.com/homeservices/system/core/Exceptions.php:271) /home2/carolhhp/public_html/democarol.com/homeservices/system/helpers/url_helper.php 564
ERROR - 01/21/2017 06:34 pm --> Severity: Notice --> Trying to get property of non-object /home2/carolhhp/public_html/democarol.com/homeservices/application/controllers/front/Home.php 39
ERROR - 01/21/2017 06:34 pm --> Severity: Warning --> Cannot modify header information - headers already sent by (output started at /home2/carolhhp/public_html/democarol.com/homeservices/system/core/Exceptions.php:271) /home2/carolhhp/public_html/democarol.com/homeservices/system/helpers/url_helper.php 564
ERROR - 01/21/2017 06:36 pm --> Severity: Notice --> Trying to get property of non-object /home2/carolhhp/public_html/democarol.com/homeservices/application/controllers/front/Home.php 39
ERROR - 01/21/2017 06:36 pm --> Severity: Warning --> Cannot modify header information - headers already sent by (output started at /home2/carolhhp/public_html/democarol.com/homeservices/system/core/Exceptions.php:271) /home2/carolhhp/public_html/democarol.com/homeservices/system/helpers/url_helper.php 564
ERROR - 01/21/2017 06:37 pm --> Severity: Notice --> Trying to get property of non-object /home2/carolhhp/public_html/democarol.com/homeservices/application/controllers/front/Home.php 39
ERROR - 01/21/2017 06:37 pm --> Severity: Warning --> Cannot modify header information - headers already sent by (output started at /home2/carolhhp/public_html/democarol.com/homeservices/system/core/Exceptions.php:271) /home2/carolhhp/public_html/democarol.com/homeservices/system/helpers/url_helper.php 564
ERROR - 01/21/2017 06:39 pm --> Severity: Notice --> Trying to get property of non-object /home2/carolhhp/public_html/democarol.com/homeservices/application/controllers/front/Home.php 39
ERROR - 01/21/2017 06:39 pm --> Severity: Warning --> Cannot modify header information - headers already sent by (output started at /home2/carolhhp/public_html/democarol.com/homeservices/system/core/Exceptions.php:271) /home2/carolhhp/public_html/democarol.com/homeservices/system/helpers/url_helper.php 564
ERROR - 01/21/2017 06:48 pm --> Severity: Notice --> Trying to get property of non-object /home2/carolhhp/public_html/democarol.com/homeservices/application/controllers/front/Home.php 39
ERROR - 01/21/2017 06:48 pm --> Severity: Warning --> Cannot modify header information - headers already sent by (output started at /home2/carolhhp/public_html/democarol.com/homeservices/system/core/Exceptions.php:271) /home2/carolhhp/public_html/democarol.com/homeservices/system/helpers/url_helper.php 564
ERROR - 01/21/2017 07:39 am --> 404 Page Not Found: Assets/js
ERROR - 01/21/2017 07:39 am --> 404 Page Not Found: Js/advanced-datatable
ERROR - 01/21/2017 07:39 am --> 404 Page Not Found: Js/advanced-datatable
ERROR - 01/21/2017 07:39 am --> 404 Page Not Found: Js/jquery.dataTables.min.js
ERROR - 01/21/2017 07:39 am --> 404 Page Not Found: Js/dynamic_table_init.js
ERROR - 01/21/2017 07:39 am --> 404 Page Not Found: Js/advanced-datatable
ERROR - 01/21/2017 07:39 am --> 404 Page Not Found: Images/photos
ERROR - 01/21/2017 07:39 am --> 404 Page Not Found: Js/dynamic_table_init.js
ERROR - 01/21/2017 07:39 am --> 404 Page Not Found: Js/jquery.dataTables.min.js
ERROR - 01/21/2017 07:45 am --> 404 Page Not Found: Assets/js
ERROR - 01/21/2017 07:45 am --> 404 Page Not Found: Assets/js
ERROR - 01/21/2017 07:45 am --> 404 Page Not Found: Assets/js
ERROR - 01/21/2017 07:45 am --> 404 Page Not Found: Assets/js
ERROR - 01/21/2017 07:45 am --> 404 Page Not Found: Images/photos
ERROR - 01/21/2017 07:45 am --> 404 Page Not Found: Assets/js
ERROR - 01/21/2017 07:45 am --> 404 Page Not Found: Assets/js
ERROR - 01/21/2017 07:45 am --> 404 Page Not Found: Assets/js
ERROR - 01/21/2017 07:45 am --> 404 Page Not Found: Css/auto_select
ERROR - 01/21/2017 07:45 am --> 404 Page Not Found: Js/docsupport
ERROR - 01/21/2017 07:45 am --> 404 Page Not Found: Js/docsupport
ERROR - 01/21/2017 07:45 am --> 404 Page Not Found: Js/docsupport
ERROR - 01/21/2017 07:45 am --> 404 Page Not Found: Js/docsupport
ERROR - 01/21/2017 07:45 am --> 404 Page Not Found: Images/photos
ERROR - 01/21/2017 07:46 am --> 404 Page Not Found: Assets/css
ERROR - 01/21/2017 07:46 am --> 404 Page Not Found: Assets/css
ERROR - 01/21/2017 07:46 am --> 404 Page Not Found: Assets/css
ERROR - 01/21/2017 07:46 am --> 404 Page Not Found: Assets/css
ERROR - 01/21/2017 07:46 am --> 404 Page Not Found: Assets/css
ERROR - 01/21/2017 07:46 am --> 404 Page Not Found: Assets/css
ERROR - 01/21/2017 07:46 am --> 404 Page Not Found: Assets/css
