ERROR - 01/24/2017 12:04 am --> 404 Page Not Found: Assets/js
ERROR - 01/24/2017 12:04 am --> 404 Page Not Found: Assets/js
ERROR - 01/24/2017 12:04 am --> 404 Page Not Found: Assets/js
ERROR - 01/24/2017 12:04 am --> 404 Page Not Found: Assets/js
ERROR - 01/24/2017 12:04 am --> 404 Page Not Found: Images/photos
ERROR - 01/24/2017 12:04 am --> 404 Page Not Found: Assets/js
ERROR - 01/24/2017 12:07 am --> 404 Page Not Found: Assets/js
ERROR - 01/24/2017 12:07 am --> 404 Page Not Found: Assets/js
ERROR - 01/24/2017 12:07 am --> 404 Page Not Found: Assets/js
ERROR - 01/24/2017 12:07 am --> 404 Page Not Found: Assets/js
ERROR - 01/24/2017 12:07 am --> 404 Page Not Found: Images/photos
ERROR - 01/24/2017 12:07 am --> 404 Page Not Found: Assets/js
ERROR - 01/24/2017 12:07 am --> 404 Page Not Found: Assets/js
ERROR - 01/24/2017 12:07 am --> 404 Page Not Found: Assets/js
ERROR - 01/24/2017 12:07 am --> 404 Page Not Found: Assets/js
ERROR - 01/24/2017 12:07 am --> 404 Page Not Found: Assets/js
ERROR - 01/24/2017 12:07 am --> 404 Page Not Found: Assets/js
ERROR - 01/24/2017 12:07 am --> 404 Page Not Found: Assets/js
ERROR - 01/24/2017 12:07 am --> 404 Page Not Found: Assets/js
ERROR - 01/24/2017 12:07 am --> 404 Page Not Found: Images/photos
ERROR - 01/24/2017 12:07 am --> 404 Page Not Found: Assets/js
ERROR - 01/24/2017 12:07 am --> 404 Page Not Found: Assets/js
ERROR - 01/24/2017 12:07 am --> 404 Page Not Found: Assets/js
ERROR - 01/24/2017 12:07 am --> 404 Page Not Found: Assets/js
ERROR - 01/24/2017 12:07 am --> 404 Page Not Found: Assets/js
ERROR - 01/24/2017 12:07 am --> 404 Page Not Found: Assets/js
ERROR - 01/24/2017 12:07 am --> 404 Page Not Found: Assets/js
ERROR - 01/24/2017 12:07 am --> 404 Page Not Found: Assets/js
ERROR - 01/24/2017 12:07 am --> 404 Page Not Found: Images/photos
ERROR - 01/24/2017 12:07 am --> 404 Page Not Found: Assets/js
ERROR - 01/24/2017 12:38 am --> 404 Page Not Found: Assets/js
ERROR - 01/24/2017 12:38 am --> 404 Page Not Found: Assets/js
ERROR - 01/24/2017 12:38 am --> 404 Page Not Found: Assets/js
ERROR - 01/24/2017 12:38 am --> 404 Page Not Found: Assets/js
ERROR - 01/24/2017 12:38 am --> 404 Page Not Found: Images/photos
ERROR - 01/24/2017 12:38 am --> 404 Page Not Found: Assets/js
ERROR - 01/24/2017 12:38 am --> 404 Page Not Found: Assets/js
ERROR - 01/24/2017 12:43 am --> 404 Page Not Found: Assets/js
ERROR - 01/24/2017 12:43 am --> 404 Page Not Found: Assets/js
ERROR - 01/24/2017 12:43 am --> 404 Page Not Found: Assets/js
ERROR - 01/24/2017 12:43 am --> 404 Page Not Found: Assets/js
ERROR - 01/24/2017 12:43 am --> 404 Page Not Found: Images/photos
ERROR - 01/24/2017 12:43 am --> 404 Page Not Found: Assets/js
ERROR - 01/24/2017 12:44 am --> 404 Page Not Found: Images/photos
ERROR - 01/24/2017 12:44 am --> 404 Page Not Found: Assets/js
ERROR - 01/24/2017 12:44 am --> 404 Page Not Found: Assets/js
ERROR - 01/24/2017 12:44 am --> 404 Page Not Found: Assets/js
ERROR - 01/24/2017 12:44 am --> 404 Page Not Found: Assets/js
ERROR - 01/24/2017 12:44 am --> 404 Page Not Found: Assets/js
ERROR - 01/24/2017 12:44 am --> 404 Page Not Found: Assets/js
ERROR - 01/24/2017 12:44 am --> 404 Page Not Found: Assets/js
ERROR - 01/24/2017 12:44 am --> 404 Page Not Found: Assets/js
ERROR - 01/24/2017 12:44 am --> 404 Page Not Found: Assets/js
ERROR - 01/24/2017 12:44 am --> 404 Page Not Found: Images/photos
ERROR - 01/24/2017 12:44 am --> 404 Page Not Found: Assets/js
ERROR - 01/24/2017 12:44 am --> 404 Page Not Found: Assets/js
ERROR - 01/24/2017 12:44 am --> 404 Page Not Found: Assets/js
ERROR - 01/24/2017 12:44 am --> 404 Page Not Found: Assets/js
ERROR - 01/24/2017 12:44 am --> 404 Page Not Found: Assets/js
ERROR - 01/24/2017 12:44 am --> 404 Page Not Found: Images/photos
ERROR - 01/24/2017 12:44 am --> 404 Page Not Found: Assets/js
ERROR - 01/24/2017 12:44 am --> 404 Page Not Found: Assets/js
ERROR - 01/24/2017 12:44 am --> 404 Page Not Found: Assets/js
ERROR - 01/24/2017 12:44 am --> 404 Page Not Found: Assets/js
ERROR - 01/24/2017 12:44 am --> 404 Page Not Found: Assets/js
ERROR - 01/24/2017 12:44 am --> 404 Page Not Found: Assets/js
ERROR - 01/24/2017 12:44 am --> 404 Page Not Found: Assets/js
ERROR - 01/24/2017 12:44 am --> 404 Page Not Found: Assets/js
ERROR - 01/24/2017 12:44 am --> 404 Page Not Found: Images/photos
ERROR - 01/24/2017 12:45 am --> 404 Page Not Found: Images/photos
ERROR - 01/24/2017 12:45 am --> 404 Page Not Found: Assets/js
ERROR - 01/24/2017 12:45 am --> 404 Page Not Found: Assets/js
ERROR - 01/24/2017 12:45 am --> 404 Page Not Found: Assets/js
ERROR - 01/24/2017 12:45 am --> 404 Page Not Found: Assets/js
ERROR - 01/24/2017 12:45 am --> 404 Page Not Found: Assets/js
ERROR - 01/24/2017 12:45 am --> 404 Page Not Found: Assets/js
ERROR - 01/24/2017 12:46 am --> 404 Page Not Found: Assets/js
ERROR - 01/24/2017 12:46 am --> 404 Page Not Found: Assets/js
ERROR - 01/24/2017 12:46 am --> 404 Page Not Found: Assets/js
ERROR - 01/24/2017 12:46 am --> 404 Page Not Found: Assets/js
ERROR - 01/24/2017 12:46 am --> 404 Page Not Found: Images/photos
ERROR - 01/24/2017 12:46 am --> 404 Page Not Found: Assets/js
ERROR - 01/24/2017 12:46 am --> 404 Page Not Found: Assets/js
ERROR - 01/24/2017 12:46 am --> 404 Page Not Found: Assets/js
ERROR - 01/24/2017 12:46 am --> 404 Page Not Found: Css/auto_select
ERROR - 01/24/2017 12:46 am --> 404 Page Not Found: Js/docsupport
ERROR - 01/24/2017 12:46 am --> 404 Page Not Found: Js/docsupport
ERROR - 01/24/2017 12:46 am --> 404 Page Not Found: Js/docsupport
ERROR - 01/24/2017 12:46 am --> 404 Page Not Found: Images/photos
ERROR - 01/24/2017 12:46 am --> 404 Page Not Found: Js/docsupport
ERROR - 01/24/2017 12:50 am --> 404 Page Not Found: Images/photos
ERROR - 01/24/2017 12:50 am --> 404 Page Not Found: Assets/js
ERROR - 01/24/2017 12:50 am --> 404 Page Not Found: Assets/js
ERROR - 01/24/2017 12:50 am --> 404 Page Not Found: Assets/js
ERROR - 01/24/2017 12:50 am --> 404 Page Not Found: Assets/js
ERROR - 01/24/2017 01:37 am --> 404 Page Not Found: Location/add_location
ERROR - 01/24/2017 01:40 am --> 404 Page Not Found: Css/auto_select
ERROR - 01/24/2017 01:40 am --> 404 Page Not Found: Assets/js
ERROR - 01/24/2017 01:40 am --> 404 Page Not Found: Js/docsupport
ERROR - 01/24/2017 01:40 am --> 404 Page Not Found: Js/docsupport
ERROR - 01/24/2017 01:40 am --> 404 Page Not Found: Js/docsupport
ERROR - 01/24/2017 01:40 am --> 404 Page Not Found: Images/photos
ERROR - 01/24/2017 01:40 am --> 404 Page Not Found: Assets/js
ERROR - 01/24/2017 01:40 am --> 404 Page Not Found: Css/auto_select
ERROR - 01/24/2017 01:40 am --> 404 Page Not Found: Js/docsupport
ERROR - 01/24/2017 01:40 am --> 404 Page Not Found: Js/docsupport
ERROR - 01/24/2017 01:40 am --> 404 Page Not Found: Js/docsupport
ERROR - 01/24/2017 01:40 am --> 404 Page Not Found: Assets/js
ERROR - 01/24/2017 01:40 am --> 404 Page Not Found: Assets/js
ERROR - 01/24/2017 01:40 am --> 404 Page Not Found: Assets/js
ERROR - 01/24/2017 01:40 am --> 404 Page Not Found: Assets/js
ERROR - 01/24/2017 01:40 am --> 404 Page Not Found: Images/photos
ERROR - 01/24/2017 01:41 am --> 404 Page Not Found: Assets/js
ERROR - 01/24/2017 01:41 am --> 404 Page Not Found: Assets/js
ERROR - 01/24/2017 01:41 am --> 404 Page Not Found: Assets/js
ERROR - 01/24/2017 01:41 am --> 404 Page Not Found: Assets/js
ERROR - 01/24/2017 01:41 am --> 404 Page Not Found: Images/photos
ERROR - 01/24/2017 01:41 am --> 404 Page Not Found: Assets/js
ERROR - 01/24/2017 01:41 am --> 404 Page Not Found: Assets/js
ERROR - 01/24/2017 01:41 am --> 404 Page Not Found: Assets/js
ERROR - 01/24/2017 01:41 am --> 404 Page Not Found: Assets/js
ERROR - 01/24/2017 01:41 am --> 404 Page Not Found: Assets/js
ERROR - 01/24/2017 01:41 am --> 404 Page Not Found: Assets/js
ERROR - 01/24/2017 01:41 am --> 404 Page Not Found: Assets/js
ERROR - 01/24/2017 01:41 am --> 404 Page Not Found: Assets/js
ERROR - 01/24/2017 01:41 am --> 404 Page Not Found: Images/photos
ERROR - 01/24/2017 01:41 am --> 404 Page Not Found: Assets/js
ERROR - 01/24/2017 01:41 am --> 404 Page Not Found: Assets/js
ERROR - 01/24/2017 02:02 am --> 404 Page Not Found: Assets/js
ERROR - 01/24/2017 02:02 am --> 404 Page Not Found: Css/auto_select
ERROR - 01/24/2017 02:02 am --> 404 Page Not Found: Js/docsupport
ERROR - 01/24/2017 02:02 am --> 404 Page Not Found: Js/docsupport
ERROR - 01/24/2017 02:02 am --> 404 Page Not Found: Js/docsupport
ERROR - 01/24/2017 02:03 am --> 404 Page Not Found: Images/photos
ERROR - 01/24/2017 02:07 am --> 404 Page Not Found: Assets/js
ERROR - 01/24/2017 02:07 am --> 404 Page Not Found: Js/docsupport
ERROR - 01/24/2017 02:07 am --> 404 Page Not Found: Css/auto_select
ERROR - 01/24/2017 02:07 am --> 404 Page Not Found: Js/docsupport
ERROR - 01/24/2017 02:07 am --> 404 Page Not Found: Js/docsupport
ERROR - 01/24/2017 02:07 am --> 404 Page Not Found: Images/photos
ERROR - 01/24/2017 03:04 am --> 404 Page Not Found: Images/photos
ERROR - 01/24/2017 03:04 am --> 404 Page Not Found: Assets/js
ERROR - 01/24/2017 03:04 am --> 404 Page Not Found: Css/auto_select
ERROR - 01/24/2017 03:04 am --> 404 Page Not Found: Js/docsupport
ERROR - 01/24/2017 03:04 am --> 404 Page Not Found: Js/docsupport
ERROR - 01/24/2017 03:04 am --> 404 Page Not Found: Js/docsupport
ERROR - 01/24/2017 03:04 am --> 404 Page Not Found: Js/docsupport
ERROR - 01/24/2017 03:07 am --> 404 Page Not Found: Assets/js
ERROR - 01/24/2017 03:07 am --> 404 Page Not Found: Js/docsupport
ERROR - 01/24/2017 03:07 am --> 404 Page Not Found: Js/docsupport
ERROR - 01/24/2017 03:07 am --> 404 Page Not Found: Js/docsupport
ERROR - 01/24/2017 03:07 am --> 404 Page Not Found: Css/auto_select
ERROR - 01/24/2017 03:07 am --> 404 Page Not Found: Js/docsupport
ERROR - 01/24/2017 03:07 am --> 404 Page Not Found: Images/photos
ERROR - 01/24/2017 03:08 am --> 404 Page Not Found: Assets/js
ERROR - 01/24/2017 03:08 am --> 404 Page Not Found: Js/docsupport
ERROR - 01/24/2017 03:08 am --> 404 Page Not Found: Css/auto_select
ERROR - 01/24/2017 03:08 am --> 404 Page Not Found: Js/docsupport
ERROR - 01/24/2017 03:08 am --> 404 Page Not Found: Js/docsupport
ERROR - 01/24/2017 03:08 am --> 404 Page Not Found: Images/photos
ERROR - 01/24/2017 03:12 am --> 404 Page Not Found: Assets/js
ERROR - 01/24/2017 03:12 am --> 404 Page Not Found: Js/docsupport
ERROR - 01/24/2017 03:12 am --> 404 Page Not Found: Css/auto_select
ERROR - 01/24/2017 03:12 am --> 404 Page Not Found: Js/docsupport
ERROR - 01/24/2017 03:12 am --> 404 Page Not Found: Js/docsupport
ERROR - 01/24/2017 03:12 am --> 404 Page Not Found: Images/photos
ERROR - 01/24/2017 03:12 am --> 404 Page Not Found: Js/docsupport
ERROR - 01/24/2017 03:27 am --> 404 Page Not Found: Assets/js
ERROR - 01/24/2017 03:27 am --> 404 Page Not Found: Js/docsupport
ERROR - 01/24/2017 03:27 am --> 404 Page Not Found: Js/docsupport
ERROR - 01/24/2017 03:27 am --> 404 Page Not Found: Css/auto_select
ERROR - 01/24/2017 03:27 am --> 404 Page Not Found: Js/docsupport
ERROR - 01/24/2017 03:27 am --> 404 Page Not Found: Images/photos
ERROR - 01/24/2017 03:27 am --> 404 Page Not Found: Js/docsupport
ERROR - 01/24/2017 03:28 am --> 404 Page Not Found: Assets/js
ERROR - 01/24/2017 03:28 am --> 404 Page Not Found: Css/auto_select
ERROR - 01/24/2017 03:28 am --> 404 Page Not Found: Js/docsupport
ERROR - 01/24/2017 03:28 am --> 404 Page Not Found: Js/docsupport
ERROR - 01/24/2017 03:28 am --> 404 Page Not Found: Js/docsupport
ERROR - 01/24/2017 03:28 am --> 404 Page Not Found: Images/photos
ERROR - 01/24/2017 03:35 am --> 404 Page Not Found: Assets/js
ERROR - 01/24/2017 03:35 am --> 404 Page Not Found: Css/auto_select
ERROR - 01/24/2017 03:35 am --> 404 Page Not Found: Js/docsupport
ERROR - 01/24/2017 03:35 am --> 404 Page Not Found: Js/docsupport
ERROR - 01/24/2017 03:35 am --> 404 Page Not Found: Js/docsupport
ERROR - 01/24/2017 03:35 am --> 404 Page Not Found: Images/photos
ERROR - 01/24/2017 03:36 am --> 404 Page Not Found: Assets/js
ERROR - 01/24/2017 03:36 am --> 404 Page Not Found: Css/auto_select
ERROR - 01/24/2017 03:36 am --> 404 Page Not Found: Js/docsupport
ERROR - 01/24/2017 03:36 am --> 404 Page Not Found: Js/docsupport
ERROR - 01/24/2017 03:36 am --> 404 Page Not Found: Js/docsupport
ERROR - 01/24/2017 03:36 am --> 404 Page Not Found: Images/photos
ERROR - 01/24/2017 03:36 am --> 404 Page Not Found: Js/docsupport
ERROR - 01/24/2017 03:11 pm --> Severity: Notice --> Undefined variable: latMapa /home2/carolhhp/public_html/democarol.com/homeservices/application/views/admin/location/add_location.php 106
ERROR - 01/24/2017 03:11 pm --> Severity: Notice --> Undefined variable: lngMapa /home2/carolhhp/public_html/democarol.com/homeservices/application/views/admin/location/add_location.php 106
ERROR - 01/24/2017 03:41 am --> 404 Page Not Found: Assets/js
ERROR - 01/24/2017 03:41 am --> 404 Page Not Found: Css/auto_select
ERROR - 01/24/2017 03:41 am --> 404 Page Not Found: Js/docsupport
ERROR - 01/24/2017 03:41 am --> 404 Page Not Found: Js/docsupport
ERROR - 01/24/2017 03:41 am --> 404 Page Not Found: Js/docsupport
ERROR - 01/24/2017 03:41 am --> 404 Page Not Found: Images/photos
ERROR - 01/24/2017 03:41 am --> 404 Page Not Found: Assets/js
ERROR - 01/24/2017 03:41 am --> 404 Page Not Found: Css/auto_select
ERROR - 01/24/2017 03:41 am --> 404 Page Not Found: Js/docsupport
ERROR - 01/24/2017 03:41 am --> 404 Page Not Found: Js/docsupport
ERROR - 01/24/2017 03:41 am --> 404 Page Not Found: Js/docsupport
ERROR - 01/24/2017 03:28 pm --> Severity: Notice --> Undefined variable: latMapa /home2/carolhhp/public_html/democarol.com/homeservices/application/views/admin/location/add_location.php 106
ERROR - 01/24/2017 03:28 pm --> Severity: Notice --> Undefined variable: lngMapa /home2/carolhhp/public_html/democarol.com/homeservices/application/views/admin/location/add_location.php 106
ERROR - 01/24/2017 03:58 am --> 404 Page Not Found: Images/photos
ERROR - 01/24/2017 03:58 am --> 404 Page Not Found: Assets/js
ERROR - 01/24/2017 03:58 am --> 404 Page Not Found: Js/docsupport
ERROR - 01/24/2017 03:58 am --> 404 Page Not Found: Js/docsupport
ERROR - 01/24/2017 03:58 am --> 404 Page Not Found: Css/auto_select
ERROR - 01/24/2017 03:58 am --> 404 Page Not Found: Js/docsupport
ERROR - 01/24/2017 03:28 pm --> Severity: Notice --> Undefined variable: latMapa /home2/carolhhp/public_html/democarol.com/homeservices/application/views/admin/location/add_location.php 106
ERROR - 01/24/2017 03:28 pm --> Severity: Notice --> Undefined variable: lngMapa /home2/carolhhp/public_html/democarol.com/homeservices/application/views/admin/location/add_location.php 106
ERROR - 01/24/2017 03:58 am --> 404 Page Not Found: Js/docsupport
ERROR - 01/24/2017 03:58 am --> 404 Page Not Found: Assets/js
ERROR - 01/24/2017 03:58 am --> 404 Page Not Found: Js/docsupport
ERROR - 01/24/2017 03:58 am --> 404 Page Not Found: Css/auto_select
ERROR - 01/24/2017 03:58 am --> 404 Page Not Found: Js/docsupport
ERROR - 01/24/2017 03:58 am --> 404 Page Not Found: Js/docsupport
ERROR - 01/24/2017 03:58 am --> 404 Page Not Found: Css/auto_select
ERROR - 01/24/2017 03:58 am --> 404 Page Not Found: Js/docsupport
ERROR - 01/24/2017 03:58 am --> 404 Page Not Found: Images/photos
ERROR - 01/24/2017 03:58 am --> 404 Page Not Found: Js/docsupport
ERROR - 01/24/2017 03:28 pm --> Severity: Notice --> Undefined variable: latMapa /home2/carolhhp/public_html/democarol.com/homeservices/application/views/admin/location/add_location.php 106
ERROR - 01/24/2017 03:28 pm --> Severity: Notice --> Undefined variable: lngMapa /home2/carolhhp/public_html/democarol.com/homeservices/application/views/admin/location/add_location.php 106
ERROR - 01/24/2017 03:58 am --> 404 Page Not Found: Assets/js
ERROR - 01/24/2017 03:58 am --> 404 Page Not Found: Css/auto_select
ERROR - 01/24/2017 03:58 am --> 404 Page Not Found: Js/docsupport
ERROR - 01/24/2017 03:58 am --> 404 Page Not Found: Js/docsupport
ERROR - 01/24/2017 03:58 am --> 404 Page Not Found: Js/docsupport
ERROR - 01/24/2017 03:58 am --> 404 Page Not Found: Images/photos
ERROR - 01/24/2017 03:36 pm --> Severity: Notice --> Undefined variable: latMapa /home2/carolhhp/public_html/democarol.com/homeservices/application/views/admin/location/add_location.php 106
ERROR - 01/24/2017 03:36 pm --> Severity: Notice --> Undefined variable: lngMapa /home2/carolhhp/public_html/democarol.com/homeservices/application/views/admin/location/add_location.php 106
ERROR - 01/24/2017 04:06 am --> 404 Page Not Found: Images/photos
ERROR - 01/24/2017 04:06 am --> 404 Page Not Found: Assets/js
ERROR - 01/24/2017 04:06 am --> 404 Page Not Found: Css/auto_select
ERROR - 01/24/2017 04:07 am --> 404 Page Not Found: Js/docsupport
ERROR - 01/24/2017 04:07 am --> 404 Page Not Found: Js/docsupport
ERROR - 01/24/2017 04:07 am --> 404 Page Not Found: Js/docsupport
ERROR - 01/24/2017 04:07 am --> 404 Page Not Found: Js/docsupport
ERROR - 01/24/2017 04:43 pm --> Severity: Notice --> Undefined variable: latMapa /home2/carolhhp/public_html/democarol.com/homeservices/application/views/admin/location/add_location.php 106
ERROR - 01/24/2017 04:43 pm --> Severity: Notice --> Undefined variable: lngMapa /home2/carolhhp/public_html/democarol.com/homeservices/application/views/admin/location/add_location.php 106
ERROR - 01/24/2017 05:13 am --> 404 Page Not Found: Assets/js
ERROR - 01/24/2017 05:13 am --> 404 Page Not Found: Css/auto_select
ERROR - 01/24/2017 05:13 am --> 404 Page Not Found: Js/docsupport
ERROR - 01/24/2017 05:13 am --> 404 Page Not Found: Js/docsupport
ERROR - 01/24/2017 05:13 am --> 404 Page Not Found: Js/docsupport
ERROR - 01/24/2017 05:13 am --> 404 Page Not Found: Images/photos
ERROR - 01/24/2017 05:13 am --> 404 Page Not Found: Js/docsupport
ERROR - 01/24/2017 04:51 pm --> Severity: Notice --> Undefined variable: latMapa /home2/carolhhp/public_html/democarol.com/homeservices/application/views/admin/location/add_location.php 106
ERROR - 01/24/2017 04:51 pm --> Severity: Notice --> Undefined variable: lngMapa /home2/carolhhp/public_html/democarol.com/homeservices/application/views/admin/location/add_location.php 106
ERROR - 01/24/2017 05:21 am --> 404 Page Not Found: Assets/js
ERROR - 01/24/2017 05:21 am --> 404 Page Not Found: Css/auto_select
ERROR - 01/24/2017 05:21 am --> 404 Page Not Found: Js/docsupport
ERROR - 01/24/2017 05:21 am --> 404 Page Not Found: Js/docsupport
ERROR - 01/24/2017 05:21 am --> 404 Page Not Found: Js/docsupport
ERROR - 01/24/2017 05:21 am --> 404 Page Not Found: Images/photos
ERROR - 01/24/2017 05:21 am --> 404 Page Not Found: Js/docsupport
ERROR - 01/24/2017 07:04 pm --> Severity: Notice --> Undefined variable: latMapa /home2/carolhhp/public_html/democarol.com/homeservices/application/views/admin/location/add_location.php 112
ERROR - 01/24/2017 07:04 pm --> Severity: Notice --> Undefined variable: lngMapa /home2/carolhhp/public_html/democarol.com/homeservices/application/views/admin/location/add_location.php 112
ERROR - 01/24/2017 07:34 am --> 404 Page Not Found: Assets/js
ERROR - 01/24/2017 07:34 am --> 404 Page Not Found: Css/auto_select
ERROR - 01/24/2017 07:34 am --> 404 Page Not Found: Js/docsupport
ERROR - 01/24/2017 07:34 am --> 404 Page Not Found: Js/docsupport
ERROR - 01/24/2017 07:34 am --> 404 Page Not Found: Js/docsupport
ERROR - 01/24/2017 07:34 am --> 404 Page Not Found: Images/photos
ERROR - 01/24/2017 07:34 am --> 404 Page Not Found: Assets/js
ERROR - 01/24/2017 07:34 am --> 404 Page Not Found: Css/auto_select
ERROR - 01/24/2017 07:34 am --> 404 Page Not Found: Js/docsupport
ERROR - 01/24/2017 07:34 am --> 404 Page Not Found: Js/docsupport
ERROR - 01/24/2017 07:34 am --> 404 Page Not Found: Js/docsupport
ERROR - 01/24/2017 07:13 pm --> Severity: Notice --> Undefined variable: userDetail /home2/carolhhp/public_html/democarol.com/homeservices/application/views/admin/location/add_location.php 43
ERROR - 01/24/2017 07:13 pm --> Severity: Notice --> Undefined variable: latMapa /home2/carolhhp/public_html/democarol.com/homeservices/application/views/admin/location/add_location.php 123
ERROR - 01/24/2017 07:13 pm --> Severity: Notice --> Undefined variable: lngMapa /home2/carolhhp/public_html/democarol.com/homeservices/application/views/admin/location/add_location.php 123
ERROR - 01/24/2017 07:43 am --> 404 Page Not Found: Assets/js
ERROR - 01/24/2017 07:43 am --> 404 Page Not Found: Js/docsupport
ERROR - 01/24/2017 07:43 am --> 404 Page Not Found: Js/docsupport
ERROR - 01/24/2017 07:43 am --> 404 Page Not Found: Js/docsupport
ERROR - 01/24/2017 07:43 am --> 404 Page Not Found: Css/auto_select
ERROR - 01/24/2017 07:43 am --> 404 Page Not Found: Js/docsupport
ERROR - 01/24/2017 07:43 am --> 404 Page Not Found: Images/photos
ERROR - 01/24/2017 07:43 am --> 404 Page Not Found: Assets/img
ERROR - 01/24/2017 07:13 pm --> Severity: Notice --> Undefined variable: latMapa /home2/carolhhp/public_html/democarol.com/homeservices/application/views/admin/location/add_location.php 123
ERROR - 01/24/2017 07:13 pm --> Severity: Notice --> Undefined variable: lngMapa /home2/carolhhp/public_html/democarol.com/homeservices/application/views/admin/location/add_location.php 123
ERROR - 01/24/2017 07:43 am --> 404 Page Not Found: Assets/js
ERROR - 01/24/2017 07:43 am --> 404 Page Not Found: Css/auto_select
ERROR - 01/24/2017 07:43 am --> 404 Page Not Found: Js/docsupport
ERROR - 01/24/2017 07:43 am --> 404 Page Not Found: Js/docsupport
ERROR - 01/24/2017 07:43 am --> 404 Page Not Found: Js/docsupport
ERROR - 01/24/2017 07:43 am --> 404 Page Not Found: Images/photos
ERROR - 01/24/2017 07:43 am --> 404 Page Not Found: Assets/img
ERROR - 01/24/2017 07:43 am --> 404 Page Not Found: Assets/js
ERROR - 01/24/2017 07:43 am --> 404 Page Not Found: Assets/img
ERROR - 01/24/2017 07:43 am --> 404 Page Not Found: Css/auto_select
ERROR - 01/24/2017 07:43 am --> 404 Page Not Found: Js/docsupport
ERROR - 01/24/2017 07:43 am --> 404 Page Not Found: Js/docsupport
ERROR - 01/24/2017 07:43 am --> 404 Page Not Found: Js/docsupport
