ERROR - 11/13/2017 12:11 am --> 404 Page Not Found: Assets/front
ERROR - 11/13/2017 12:12 am --> 404 Page Not Found: front/Service/badroom_plan
ERROR - 11/13/2017 12:13 am --> 404 Page Not Found: Assets/front
ERROR - 11/13/2017 12:13 am --> 404 Page Not Found: Assets/front
ERROR - 11/13/2017 12:13 am --> 404 Page Not Found: Assets/front
ERROR - 11/13/2017 12:13 am --> 404 Page Not Found: Assets/front
ERROR - 11/13/2017 12:13 am --> 404 Page Not Found: Assets/front
ERROR - 11/13/2017 12:17 am --> 404 Page Not Found: Assets/front
ERROR - 11/13/2017 12:18 am --> 404 Page Not Found: front/Service/badroom_plan
ERROR - 11/13/2017 12:19 am --> 404 Page Not Found: front/Service/badroom_plan
ERROR - 11/13/2017 12:36 am --> 404 Page Not Found: Assets/front
ERROR - 11/13/2017 12:42 am --> 404 Page Not Found: Assets/front
ERROR - 11/13/2017 12:42 am --> 404 Page Not Found: Assets/front
ERROR - 11/13/2017 12:42 am --> 404 Page Not Found: Assets/front
ERROR - 11/13/2017 12:42 am --> 404 Page Not Found: front/Service/badroom_plan
ERROR - 11/13/2017 12:42 am --> 404 Page Not Found: Assets/front
ERROR - 11/13/2017 12:42 am --> 404 Page Not Found: Assets/front
ERROR - 11/13/2017 12:42 am --> 404 Page Not Found: Assets/front
ERROR - 11/13/2017 12:42 am --> 404 Page Not Found: front/Service/badroom_plan
ERROR - 11/13/2017 12:42 am --> 404 Page Not Found: Assets/front
ERROR - 11/13/2017 12:42 am --> 404 Page Not Found: Assets/front
ERROR - 11/13/2017 12:43 am --> 404 Page Not Found: Assets/front
ERROR - 11/13/2017 12:43 am --> 404 Page Not Found: Assets/front
ERROR - 11/13/2017 12:43 am --> 404 Page Not Found: Assets/front
ERROR - 11/13/2017 12:52 am --> 404 Page Not Found: Assets/front
ERROR - 11/13/2017 12:59 am --> 404 Page Not Found: Assets/front
ERROR - 11/13/2017 01:01 am --> 404 Page Not Found: Assets/front
ERROR - 11/13/2017 01:02 am --> 404 Page Not Found: Assets/front
ERROR - 11/13/2017 01:06 am --> 404 Page Not Found: Assets/front
ERROR - 11/13/2017 01:10 am --> 404 Page Not Found: Assets/front
ERROR - 11/13/2017 01:11 am --> 404 Page Not Found: Assets/front
ERROR - 11/13/2017 01:13 am --> 404 Page Not Found: Assets/front
ERROR - 11/13/2017 01:13 am --> 404 Page Not Found: Assets/front
ERROR - 11/13/2017 01:14 am --> 404 Page Not Found: Assets/front
ERROR - 11/13/2017 01:21 am --> 404 Page Not Found: Assets/js
ERROR - 11/13/2017 01:21 am --> 404 Page Not Found: Images/photos
ERROR - 11/13/2017 01:21 am --> 404 Page Not Found: Assets/js
ERROR - 11/13/2017 01:21 am --> 404 Page Not Found: Js/advanced-datatable
ERROR - 11/13/2017 01:21 am --> 404 Page Not Found: Js/advanced-datatable
ERROR - 11/13/2017 01:21 am --> 404 Page Not Found: Js/advanced-datatable
ERROR - 11/13/2017 01:21 am --> 404 Page Not Found: Images/photos
ERROR - 11/13/2017 01:21 am --> 404 Page Not Found: Js/dynamic_table_init.js
ERROR - 11/13/2017 01:21 am --> 404 Page Not Found: Js/jquery.dataTables.min.js
ERROR - 11/13/2017 01:21 am --> 404 Page Not Found: Assets/js
ERROR - 11/13/2017 01:21 am --> 404 Page Not Found: Assets/js
ERROR - 11/13/2017 01:21 am --> 404 Page Not Found: Assets/js
ERROR - 11/13/2017 01:21 am --> 404 Page Not Found: Images/photos
ERROR - 11/13/2017 01:21 am --> 404 Page Not Found: Assets/js
ERROR - 11/13/2017 01:21 am --> 404 Page Not Found: Images/photos
ERROR - 11/13/2017 01:22 am --> 404 Page Not Found: Assets/js
ERROR - 11/13/2017 01:22 am --> 404 Page Not Found: Assets/js
ERROR - 11/13/2017 01:22 am --> 404 Page Not Found: Assets/js
ERROR - 11/13/2017 01:22 am --> 404 Page Not Found: Images/photos
ERROR - 11/13/2017 01:22 am --> 404 Page Not Found: Assets/js
ERROR - 11/13/2017 01:22 am --> 404 Page Not Found: Images/photos
ERROR - 11/13/2017 01:22 am --> 404 Page Not Found: Assets/js
ERROR - 11/13/2017 01:22 am --> 404 Page Not Found: Js/advanced-datatable
ERROR - 11/13/2017 01:22 am --> 404 Page Not Found: Js/advanced-datatable
ERROR - 11/13/2017 01:22 am --> 404 Page Not Found: Js/advanced-datatable
ERROR - 11/13/2017 01:22 am --> 404 Page Not Found: Js/dynamic_table_init.js
ERROR - 11/13/2017 01:22 am --> 404 Page Not Found: Js/jquery.dataTables.min.js
ERROR - 11/13/2017 01:22 am --> 404 Page Not Found: Images/photos
ERROR - 11/13/2017 01:22 am --> 404 Page Not Found: Assets/js
ERROR - 11/13/2017 01:22 am --> 404 Page Not Found: Images/photos
ERROR - 11/13/2017 01:23 am --> 404 Page Not Found: Assets/front
ERROR - 11/13/2017 01:24 am --> 404 Page Not Found: Assets/front
ERROR - 11/13/2017 01:24 am --> 404 Page Not Found: Assets/front
ERROR - 11/13/2017 01:24 am --> 404 Page Not Found: Assets/front
ERROR - 11/13/2017 01:24 am --> 404 Page Not Found: Assets/front
ERROR - 11/13/2017 01:24 am --> 404 Page Not Found: Assets/front
ERROR - 11/13/2017 01:24 am --> 404 Page Not Found: Assets/front
ERROR - 11/13/2017 01:24 am --> 404 Page Not Found: Assets/front
ERROR - 11/13/2017 01:24 am --> 404 Page Not Found: Assets/front
ERROR - 11/13/2017 01:24 am --> 404 Page Not Found: Assets/front
ERROR - 11/13/2017 01:31 am --> 404 Page Not Found: Assets/front
ERROR - 11/13/2017 01:32 am --> 404 Page Not Found: Assets/front
ERROR - 11/13/2017 01:32 am --> 404 Page Not Found: Assets/front
ERROR - 11/13/2017 01:33 am --> 404 Page Not Found: Assets/front
ERROR - 11/13/2017 01:34 am --> 404 Page Not Found: Assets/front
ERROR - 11/13/2017 01:34 am --> 404 Page Not Found: Assets/front
ERROR - 11/13/2017 01:34 am --> 404 Page Not Found: Assets/front
ERROR - 11/13/2017 01:34 am --> 404 Page Not Found: Assets/front
ERROR - 11/13/2017 01:34 am --> 404 Page Not Found: Assets/front
ERROR - 11/13/2017 01:34 am --> 404 Page Not Found: Assets/front
ERROR - 11/13/2017 01:34 am --> 404 Page Not Found: Assets/front
ERROR - 11/13/2017 01:34 am --> 404 Page Not Found: Assets/front
ERROR - 11/13/2017 01:34 am --> 404 Page Not Found: Assets/front
ERROR - 11/13/2017 01:34 am --> 404 Page Not Found: Assets/front
ERROR - 11/13/2017 01:38 am --> 404 Page Not Found: Assets/front
ERROR - 11/13/2017 01:45 am --> 404 Page Not Found: Assets/front
ERROR - 11/13/2017 01:45 am --> 404 Page Not Found: Assets/front
ERROR - 11/13/2017 01:45 am --> 404 Page Not Found: Assets/front
ERROR - 11/13/2017 01:48 am --> 404 Page Not Found: Assets/front
ERROR - 11/13/2017 01:48 am --> 404 Page Not Found: Assets/front
ERROR - 11/13/2017 01:48 am --> 404 Page Not Found: Assets/front
ERROR - 11/13/2017 01:53 am --> 404 Page Not Found: Assets/front
ERROR - 11/13/2017 01:53 am --> 404 Page Not Found: Assets/front
ERROR - 11/13/2017 01:53 am --> 404 Page Not Found: front/Service/badroom_plan
ERROR - 11/13/2017 01:53 am --> 404 Page Not Found: Assets/front
ERROR - 11/13/2017 04:11 am --> 404 Page Not Found: Assets/front
ERROR - 11/13/2017 04:11 am --> 404 Page Not Found: Assets/front
ERROR - 11/13/2017 04:11 am --> 404 Page Not Found: Assets/front
ERROR - 11/13/2017 04:11 am --> 404 Page Not Found: Assets/front
ERROR - 11/13/2017 04:11 am --> 404 Page Not Found: Assets/front
ERROR - 11/13/2017 04:11 am --> 404 Page Not Found: Assets/front
ERROR - 11/13/2017 04:11 am --> 404 Page Not Found: Assets/front
ERROR - 11/13/2017 04:12 am --> 404 Page Not Found: Assets/front
ERROR - 11/13/2017 04:12 am --> 404 Page Not Found: Assets/front
ERROR - 11/13/2017 04:12 am --> 404 Page Not Found: Assets/front
ERROR - 11/13/2017 04:12 am --> 404 Page Not Found: Assets/front
ERROR - 11/13/2017 04:12 am --> 404 Page Not Found: Assets/front
ERROR - 11/13/2017 04:13 am --> 404 Page Not Found: front/Service/badroom_plan
ERROR - 11/13/2017 04:13 am --> 404 Page Not Found: Assets/front
ERROR - 11/13/2017 04:13 am --> 404 Page Not Found: Assets/front
ERROR - 11/13/2017 04:13 am --> 404 Page Not Found: Assets/front
ERROR - 11/13/2017 04:14 am --> 404 Page Not Found: Assets/front
ERROR - 11/13/2017 04:14 am --> 404 Page Not Found: Assets/front
ERROR - 11/13/2017 04:14 am --> 404 Page Not Found: Assets/front
ERROR - 11/13/2017 04:14 am --> 404 Page Not Found: Assets/front
ERROR - 11/13/2017 04:14 am --> 404 Page Not Found: Assets/front
ERROR - 11/13/2017 04:14 am --> 404 Page Not Found: Assets/front
ERROR - 11/13/2017 04:14 am --> 404 Page Not Found: Assets/front
ERROR - 11/13/2017 04:14 am --> 404 Page Not Found: Assets/front
ERROR - 11/13/2017 04:14 am --> 404 Page Not Found: Assets/front
ERROR - 11/13/2017 04:14 am --> 404 Page Not Found: Assets/front
ERROR - 11/13/2017 04:14 am --> 404 Page Not Found: Assets/front
ERROR - 11/13/2017 04:14 am --> 404 Page Not Found: Assets/front
ERROR - 11/13/2017 04:14 am --> 404 Page Not Found: Assets/front
ERROR - 11/13/2017 04:14 am --> 404 Page Not Found: Assets/front
ERROR - 11/13/2017 04:14 am --> 404 Page Not Found: Assets/front
ERROR - 11/13/2017 04:14 am --> 404 Page Not Found: Assets/front
ERROR - 11/13/2017 04:14 am --> 404 Page Not Found: Assets/front
ERROR - 11/13/2017 04:15 am --> 404 Page Not Found: front/Service/badroom_plan
ERROR - 11/13/2017 04:15 am --> 404 Page Not Found: Assets/front
ERROR - 11/13/2017 04:15 am --> 404 Page Not Found: Assets/front
ERROR - 11/13/2017 04:15 am --> 404 Page Not Found: Assets/front
ERROR - 11/13/2017 04:15 am --> 404 Page Not Found: Assets/front
ERROR - 11/13/2017 04:15 am --> 404 Page Not Found: Assets/front
ERROR - 11/13/2017 04:15 am --> 404 Page Not Found: Assets/front
ERROR - 11/13/2017 04:15 am --> 404 Page Not Found: Assets/front
ERROR - 11/13/2017 04:15 am --> 404 Page Not Found: Assets/front
ERROR - 11/13/2017 04:15 am --> 404 Page Not Found: Assets/front
ERROR - 11/13/2017 04:15 am --> 404 Page Not Found: Assets/front
ERROR - 11/13/2017 04:15 am --> 404 Page Not Found: Assets/front
ERROR - 11/13/2017 04:15 am --> 404 Page Not Found: Assets/front
ERROR - 11/13/2017 04:15 am --> 404 Page Not Found: Assets/front
ERROR - 11/13/2017 04:15 am --> 404 Page Not Found: Assets/front
ERROR - 11/13/2017 04:15 am --> 404 Page Not Found: Assets/front
ERROR - 11/13/2017 04:16 am --> 404 Page Not Found: Assets/front
ERROR - 11/13/2017 04:16 am --> 404 Page Not Found: Assets/front
ERROR - 11/13/2017 04:16 am --> 404 Page Not Found: Assets/front
ERROR - 11/13/2017 04:16 am --> 404 Page Not Found: Assets/front
ERROR - 11/13/2017 04:16 am --> 404 Page Not Found: Assets/front
ERROR - 11/13/2017 04:16 am --> 404 Page Not Found: Assets/front
ERROR - 11/13/2017 04:16 am --> 404 Page Not Found: Assets/front
ERROR - 11/13/2017 04:16 am --> 404 Page Not Found: Assets/front
ERROR - 11/13/2017 04:16 am --> 404 Page Not Found: Assets/front
ERROR - 11/13/2017 04:16 am --> 404 Page Not Found: Assets/front
ERROR - 11/13/2017 04:16 am --> 404 Page Not Found: Assets/front
ERROR - 11/13/2017 04:16 am --> 404 Page Not Found: Assets/front
ERROR - 11/13/2017 04:20 am --> 404 Page Not Found: Assets/front
ERROR - 11/13/2017 04:20 am --> 404 Page Not Found: Assets/front
ERROR - 11/13/2017 04:20 am --> 404 Page Not Found: Assets/front
ERROR - 11/13/2017 04:20 am --> 404 Page Not Found: Assets/front
ERROR - 11/13/2017 04:20 am --> 404 Page Not Found: Assets/front
ERROR - 11/13/2017 04:20 am --> 404 Page Not Found: Assets/front
ERROR - 11/13/2017 04:20 am --> 404 Page Not Found: Assets/front
ERROR - 11/13/2017 04:20 am --> 404 Page Not Found: Assets/front
ERROR - 11/13/2017 04:20 am --> 404 Page Not Found: Assets/front
ERROR - 11/13/2017 04:20 am --> 404 Page Not Found: Assets/front
ERROR - 11/13/2017 04:20 am --> 404 Page Not Found: Assets/front
ERROR - 11/13/2017 04:21 am --> 404 Page Not Found: Assets/front
ERROR - 11/13/2017 04:21 am --> 404 Page Not Found: Assets/front
ERROR - 11/13/2017 04:21 am --> 404 Page Not Found: Assets/front
ERROR - 11/13/2017 04:21 am --> 404 Page Not Found: Assets/front
ERROR - 11/13/2017 04:21 am --> 404 Page Not Found: Assets/front
ERROR - 11/13/2017 04:21 am --> 404 Page Not Found: Assets/front
ERROR - 11/13/2017 04:21 am --> 404 Page Not Found: Assets/front
ERROR - 11/13/2017 04:21 am --> 404 Page Not Found: Assets/front
ERROR - 11/13/2017 04:22 am --> 404 Page Not Found: Assets/front
ERROR - 11/13/2017 04:22 am --> 404 Page Not Found: Assets/front
ERROR - 11/13/2017 04:22 am --> 404 Page Not Found: Assets/front
ERROR - 11/13/2017 04:23 am --> 404 Page Not Found: Assets/front
ERROR - 11/13/2017 04:23 am --> 404 Page Not Found: Assets/front
ERROR - 11/13/2017 04:23 am --> 404 Page Not Found: Assets/front
ERROR - 11/13/2017 04:23 am --> 404 Page Not Found: Assets/front
ERROR - 11/13/2017 04:23 am --> 404 Page Not Found: Assets/front
ERROR - 11/13/2017 04:23 am --> 404 Page Not Found: Assets/front
ERROR - 11/13/2017 04:23 am --> 404 Page Not Found: Assets/front
ERROR - 11/13/2017 04:24 am --> 404 Page Not Found: Assets/front
ERROR - 11/13/2017 04:24 am --> 404 Page Not Found: Assets/front
ERROR - 11/13/2017 04:24 am --> 404 Page Not Found: Assets/front
ERROR - 11/13/2017 04:24 am --> 404 Page Not Found: Assets/front
ERROR - 11/13/2017 04:25 am --> 404 Page Not Found: Assets/front
ERROR - 11/13/2017 04:25 am --> 404 Page Not Found: Assets/front
ERROR - 11/13/2017 04:26 am --> 404 Page Not Found: front/Service/badroom_plan
ERROR - 11/13/2017 04:26 am --> 404 Page Not Found: front/Service/badroom_plan
ERROR - 11/13/2017 04:26 am --> 404 Page Not Found: Assets/front
ERROR - 11/13/2017 04:27 am --> 404 Page Not Found: Assets/front
ERROR - 11/13/2017 04:28 am --> 404 Page Not Found: Assets/front
ERROR - 11/13/2017 04:28 am --> 404 Page Not Found: Assets/front
ERROR - 11/13/2017 04:29 am --> 404 Page Not Found: Assets/front
ERROR - 11/13/2017 04:29 am --> 404 Page Not Found: Assets/front
ERROR - 11/13/2017 04:29 am --> 404 Page Not Found: Assets/front
ERROR - 11/13/2017 04:29 am --> 404 Page Not Found: Assets/front
ERROR - 11/13/2017 04:29 am --> 404 Page Not Found: Assets/front
ERROR - 11/13/2017 04:29 am --> 404 Page Not Found: Assets/front
ERROR - 11/13/2017 04:30 am --> 404 Page Not Found: Assets/front
ERROR - 11/13/2017 04:30 am --> 404 Page Not Found: Assets/front
ERROR - 11/13/2017 04:30 am --> 404 Page Not Found: Assets/front
ERROR - 11/13/2017 04:30 am --> 404 Page Not Found: Assets/front
ERROR - 11/13/2017 04:30 am --> 404 Page Not Found: Assets/front
ERROR - 11/13/2017 04:30 am --> 404 Page Not Found: Assets/front
ERROR - 11/13/2017 04:30 am --> 404 Page Not Found: Assets/front
ERROR - 11/13/2017 04:30 am --> 404 Page Not Found: Assets/front
ERROR - 11/13/2017 04:30 am --> 404 Page Not Found: Assets/front
ERROR - 11/13/2017 04:31 am --> 404 Page Not Found: Assets/front
ERROR - 11/13/2017 04:31 am --> 404 Page Not Found: Assets/front
ERROR - 11/13/2017 04:31 am --> 404 Page Not Found: Assets/front
ERROR - 11/13/2017 04:31 am --> 404 Page Not Found: Assets/front
ERROR - 11/13/2017 04:32 am --> 404 Page Not Found: Assets/front
ERROR - 11/13/2017 04:32 am --> 404 Page Not Found: Assets/front
ERROR - 11/13/2017 04:32 am --> 404 Page Not Found: Assets/front
ERROR - 11/13/2017 04:32 am --> 404 Page Not Found: Assets/front
ERROR - 11/13/2017 04:32 am --> 404 Page Not Found: Assets/front
ERROR - 11/13/2017 04:32 am --> 404 Page Not Found: Assets/front
ERROR - 11/13/2017 04:32 am --> 404 Page Not Found: Assets/front
ERROR - 11/13/2017 04:33 am --> 404 Page Not Found: Assets/front
ERROR - 11/13/2017 04:33 am --> 404 Page Not Found: Assets/front
ERROR - 11/13/2017 04:33 am --> 404 Page Not Found: Assets/front
ERROR - 11/13/2017 04:33 am --> 404 Page Not Found: Assets/front
ERROR - 11/13/2017 04:33 am --> 404 Page Not Found: Assets/front
ERROR - 11/13/2017 04:33 am --> 404 Page Not Found: Assets/front
ERROR - 11/13/2017 04:33 am --> 404 Page Not Found: Assets/front
ERROR - 11/13/2017 04:33 am --> 404 Page Not Found: Assets/front
ERROR - 11/13/2017 04:33 am --> 404 Page Not Found: Assets/front
ERROR - 11/13/2017 04:34 am --> 404 Page Not Found: Assets/front
ERROR - 11/13/2017 04:34 am --> 404 Page Not Found: Assets/front
ERROR - 11/13/2017 04:34 am --> 404 Page Not Found: Assets/front
ERROR - 11/13/2017 04:34 am --> 404 Page Not Found: Assets/front
ERROR - 11/13/2017 04:34 am --> 404 Page Not Found: Assets/front
ERROR - 11/13/2017 04:34 am --> 404 Page Not Found: Assets/front
ERROR - 11/13/2017 04:34 am --> 404 Page Not Found: Assets/front
ERROR - 11/13/2017 04:34 am --> 404 Page Not Found: Assets/front
ERROR - 11/13/2017 04:34 am --> 404 Page Not Found: Assets/front
ERROR - 11/13/2017 04:35 am --> 404 Page Not Found: Assets/front
ERROR - 11/13/2017 04:35 am --> 404 Page Not Found: Assets/front
ERROR - 11/13/2017 04:35 am --> 404 Page Not Found: Assets/front
ERROR - 11/13/2017 04:35 am --> 404 Page Not Found: Assets/front
ERROR - 11/13/2017 04:35 am --> 404 Page Not Found: Assets/front
ERROR - 11/13/2017 04:37 am --> 404 Page Not Found: Assets/front
ERROR - 11/13/2017 04:37 am --> 404 Page Not Found: Assets/front
ERROR - 11/13/2017 04:38 am --> 404 Page Not Found: Assets/front
ERROR - 11/13/2017 04:38 am --> 404 Page Not Found: front/Service/badroom_plan
ERROR - 11/13/2017 04:38 am --> 404 Page Not Found: Assets/front
ERROR - 11/13/2017 04:38 am --> 404 Page Not Found: Assets/front
ERROR - 11/13/2017 04:38 am --> 404 Page Not Found: Assets/front
ERROR - 11/13/2017 04:38 am --> 404 Page Not Found: Assets/front
ERROR - 11/13/2017 04:38 am --> 404 Page Not Found: Assets/front
ERROR - 11/13/2017 04:38 am --> 404 Page Not Found: Assets/front
ERROR - 11/13/2017 04:38 am --> 404 Page Not Found: Assets/front
ERROR - 11/13/2017 04:38 am --> 404 Page Not Found: Assets/front
ERROR - 11/13/2017 04:38 am --> 404 Page Not Found: Assets/front
ERROR - 11/13/2017 04:38 am --> 404 Page Not Found: Assets/front
ERROR - 11/13/2017 04:38 am --> 404 Page Not Found: Assets/front
ERROR - 11/13/2017 04:39 am --> 404 Page Not Found: Assets/front
ERROR - 11/13/2017 04:39 am --> 404 Page Not Found: Assets/front
ERROR - 11/13/2017 04:39 am --> 404 Page Not Found: Assets/front
ERROR - 11/13/2017 04:40 am --> 404 Page Not Found: Assets/front
ERROR - 11/13/2017 04:40 am --> 404 Page Not Found: Assets/front
ERROR - 11/13/2017 04:40 am --> 404 Page Not Found: Assets/front
ERROR - 11/13/2017 04:40 am --> 404 Page Not Found: Assets/front
ERROR - 11/13/2017 04:40 am --> 404 Page Not Found: Assets/front
ERROR - 11/13/2017 04:40 am --> 404 Page Not Found: Assets/front
ERROR - 11/13/2017 04:43 am --> 404 Page Not Found: Assets/front
ERROR - 11/13/2017 04:43 am --> 404 Page Not Found: Assets/front
ERROR - 11/13/2017 04:43 am --> 404 Page Not Found: Assets/front
ERROR - 11/13/2017 04:43 am --> 404 Page Not Found: Assets/front
ERROR - 11/13/2017 04:43 am --> 404 Page Not Found: Assets/front
ERROR - 11/13/2017 04:43 am --> 404 Page Not Found: Assets/front
ERROR - 11/13/2017 04:43 am --> 404 Page Not Found: Assets/front
ERROR - 11/13/2017 04:44 am --> 404 Page Not Found: Assets/front
ERROR - 11/13/2017 04:44 am --> 404 Page Not Found: Assets/front
ERROR - 11/13/2017 04:44 am --> 404 Page Not Found: Assets/front
ERROR - 11/13/2017 04:44 am --> 404 Page Not Found: Assets/front
ERROR - 11/13/2017 04:44 am --> 404 Page Not Found: Assets/front
ERROR - 11/13/2017 04:45 am --> 404 Page Not Found: Assets/front
ERROR - 11/13/2017 04:45 am --> 404 Page Not Found: Assets/front
ERROR - 11/13/2017 04:45 am --> 404 Page Not Found: Assets/front
ERROR - 11/13/2017 04:45 am --> 404 Page Not Found: Assets/front
ERROR - 11/13/2017 04:45 am --> 404 Page Not Found: Assets/front
ERROR - 11/13/2017 04:46 am --> 404 Page Not Found: Assets/front
ERROR - 11/13/2017 04:46 am --> 404 Page Not Found: Assets/front
ERROR - 11/13/2017 04:46 am --> 404 Page Not Found: Assets/front
ERROR - 11/13/2017 04:46 am --> 404 Page Not Found: Assets/front
ERROR - 11/13/2017 04:46 am --> 404 Page Not Found: Assets/front
ERROR - 11/13/2017 04:46 am --> 404 Page Not Found: Assets/front
ERROR - 11/13/2017 04:46 am --> 404 Page Not Found: Assets/front
ERROR - 11/13/2017 04:46 am --> 404 Page Not Found: Assets/front
ERROR - 11/13/2017 04:46 am --> 404 Page Not Found: Assets/front
ERROR - 11/13/2017 04:46 am --> 404 Page Not Found: Assets/front
ERROR - 11/13/2017 04:46 am --> 404 Page Not Found: Assets/front
ERROR - 11/13/2017 04:46 am --> 404 Page Not Found: Assets/front
ERROR - 11/13/2017 04:51 am --> 404 Page Not Found: Assets/front
ERROR - 11/13/2017 04:51 am --> 404 Page Not Found: Assets/front
ERROR - 11/13/2017 04:51 am --> 404 Page Not Found: Assets/front
ERROR - 11/13/2017 04:51 am --> 404 Page Not Found: Assets/front
ERROR - 11/13/2017 04:52 am --> 404 Page Not Found: Assets/front
ERROR - 11/13/2017 04:53 am --> 404 Page Not Found: Assets/front
ERROR - 11/13/2017 04:53 am --> 404 Page Not Found: Assets/front
ERROR - 11/13/2017 04:54 am --> 404 Page Not Found: Assets/front
ERROR - 11/13/2017 04:54 am --> 404 Page Not Found: Assets/front
ERROR - 11/13/2017 04:54 am --> 404 Page Not Found: Assets/front
ERROR - 11/13/2017 04:54 am --> 404 Page Not Found: Assets/front
ERROR - 11/13/2017 04:54 am --> 404 Page Not Found: Assets/front
ERROR - 11/13/2017 04:54 am --> 404 Page Not Found: Assets/front
ERROR - 11/13/2017 04:54 am --> 404 Page Not Found: Assets/front
ERROR - 11/13/2017 04:54 am --> 404 Page Not Found: Assets/front
ERROR - 11/13/2017 04:55 am --> 404 Page Not Found: Assets/front
ERROR - 11/13/2017 04:58 am --> 404 Page Not Found: Assets/front
ERROR - 11/13/2017 04:58 am --> 404 Page Not Found: Assets/front
ERROR - 11/13/2017 04:58 am --> 404 Page Not Found: Assets/front
ERROR - 11/13/2017 04:58 am --> 404 Page Not Found: Assets/front
ERROR - 11/13/2017 04:58 am --> 404 Page Not Found: Assets/front
ERROR - 11/13/2017 04:58 am --> 404 Page Not Found: Assets/front
ERROR - 11/13/2017 04:58 am --> 404 Page Not Found: front/Service/badroom_plan
ERROR - 11/13/2017 04:58 am --> 404 Page Not Found: front/Service/badroom_plan
ERROR - 11/13/2017 04:58 am --> 404 Page Not Found: Assets/front
ERROR - 11/13/2017 04:58 am --> 404 Page Not Found: Assets/front
ERROR - 11/13/2017 04:58 am --> 404 Page Not Found: Assets/front
ERROR - 11/13/2017 04:58 am --> 404 Page Not Found: Assets/front
ERROR - 11/13/2017 04:58 am --> 404 Page Not Found: Assets/front
ERROR - 11/13/2017 04:59 am --> 404 Page Not Found: Assets/front
ERROR - 11/13/2017 04:59 am --> 404 Page Not Found: Assets/front
ERROR - 11/13/2017 04:59 am --> 404 Page Not Found: Assets/front
ERROR - 11/13/2017 04:59 am --> 404 Page Not Found: front/Service/badroom_plan
ERROR - 11/13/2017 04:59 am --> 404 Page Not Found: front/Service/badroom_plan
ERROR - 11/13/2017 04:59 am --> 404 Page Not Found: Assets/front
ERROR - 11/13/2017 04:59 am --> 404 Page Not Found: Assets/front
ERROR - 11/13/2017 04:59 am --> 404 Page Not Found: front/Service/badroom_plan
ERROR - 11/13/2017 05:00 am --> 404 Page Not Found: Assets/front
ERROR - 11/13/2017 05:00 am --> 404 Page Not Found: Assets/front
ERROR - 11/13/2017 05:00 am --> 404 Page Not Found: front/Service/badroom_plan
ERROR - 11/13/2017 05:00 am --> 404 Page Not Found: Assets/front
ERROR - 11/13/2017 05:00 am --> 404 Page Not Found: Assets/front
ERROR - 11/13/2017 05:00 am --> 404 Page Not Found: Assets/front
ERROR - 11/13/2017 05:01 am --> 404 Page Not Found: Assets/front
ERROR - 11/13/2017 05:01 am --> 404 Page Not Found: Assets/front
ERROR - 11/13/2017 05:01 am --> 404 Page Not Found: Assets/front
ERROR - 11/13/2017 05:01 am --> 404 Page Not Found: Assets/front
ERROR - 11/13/2017 05:01 am --> 404 Page Not Found: Assets/front
ERROR - 11/13/2017 05:01 am --> 404 Page Not Found: Assets/front
ERROR - 11/13/2017 05:02 am --> 404 Page Not Found: Assets/front
ERROR - 11/13/2017 05:02 am --> 404 Page Not Found: Assets/front
ERROR - 11/13/2017 05:03 am --> 404 Page Not Found: Assets/front
ERROR - 11/13/2017 05:03 am --> 404 Page Not Found: Assets/front
ERROR - 11/13/2017 05:03 am --> 404 Page Not Found: Assets/front
ERROR - 11/13/2017 05:03 am --> 404 Page Not Found: Assets/front
ERROR - 11/13/2017 05:07 am --> 404 Page Not Found: Assets/front
ERROR - 11/13/2017 05:09 am --> 404 Page Not Found: Assets/front
ERROR - 11/13/2017 05:10 am --> 404 Page Not Found: Assets/front
ERROR - 11/13/2017 05:10 am --> 404 Page Not Found: Assets/front
ERROR - 11/13/2017 05:10 am --> 404 Page Not Found: Assets/front
ERROR - 11/13/2017 05:10 am --> 404 Page Not Found: Assets/front
ERROR - 11/13/2017 05:10 am --> 404 Page Not Found: Assets/front
ERROR - 11/13/2017 05:10 am --> 404 Page Not Found: Assets/front
ERROR - 11/13/2017 05:10 am --> 404 Page Not Found: Assets/front
ERROR - 11/13/2017 05:11 am --> 404 Page Not Found: Assets/front
ERROR - 11/13/2017 05:11 am --> 404 Page Not Found: Assets/front
ERROR - 11/13/2017 05:11 am --> 404 Page Not Found: Assets/front
ERROR - 11/13/2017 05:11 am --> 404 Page Not Found: Assets/front
ERROR - 11/13/2017 05:11 am --> 404 Page Not Found: Assets/front
ERROR - 11/13/2017 05:11 am --> 404 Page Not Found: Assets/front
ERROR - 11/13/2017 05:13 am --> 404 Page Not Found: Assets/js
ERROR - 11/13/2017 05:13 am --> 404 Page Not Found: Assets/js
ERROR - 11/13/2017 05:13 am --> 404 Page Not Found: Images/photos
ERROR - 11/13/2017 05:13 am --> 404 Page Not Found: Assets/js
ERROR - 11/13/2017 05:13 am --> 404 Page Not Found: Images/photos
ERROR - 11/13/2017 05:13 am --> 404 Page Not Found: Js/advanced-datatable
ERROR - 11/13/2017 05:13 am --> 404 Page Not Found: Js/advanced-datatable
ERROR - 11/13/2017 05:13 am --> 404 Page Not Found: Js/advanced-datatable
ERROR - 11/13/2017 05:13 am --> 404 Page Not Found: Js/jquery.dataTables.min.js
ERROR - 11/13/2017 05:13 am --> 404 Page Not Found: Js/dynamic_table_init.js
ERROR - 11/13/2017 05:13 am --> 404 Page Not Found: Js/jquery.dataTables.min.js
ERROR - 11/13/2017 05:13 am --> 404 Page Not Found: Assets/js
ERROR - 11/13/2017 05:13 am --> 404 Page Not Found: Images/photos
ERROR - 11/13/2017 05:14 am --> 404 Page Not Found: Assets/front
ERROR - 11/13/2017 05:14 am --> 404 Page Not Found: Images/photos
ERROR - 11/13/2017 05:14 am --> 404 Page Not Found: Js/advanced-datatable
ERROR - 11/13/2017 05:14 am --> 404 Page Not Found: Js/advanced-datatable
ERROR - 11/13/2017 05:14 am --> 404 Page Not Found: Js/dynamic_table_init.js
ERROR - 11/13/2017 05:14 am --> 404 Page Not Found: Assets/js
ERROR - 11/13/2017 05:14 am --> 404 Page Not Found: Images/photos
ERROR - 11/13/2017 05:15 am --> 404 Page Not Found: Assets/front
ERROR - 11/13/2017 05:15 am --> 404 Page Not Found: Assets/front
ERROR - 11/13/2017 05:15 am --> 404 Page Not Found: Assets/front
ERROR - 11/13/2017 05:15 am --> 404 Page Not Found: Assets/front
ERROR - 11/13/2017 05:15 am --> 404 Page Not Found: Assets/front
ERROR - 11/13/2017 05:21 am --> 404 Page Not Found: Assets/front
ERROR - 11/13/2017 05:21 am --> 404 Page Not Found: front/Service/badroom_plan
ERROR - 11/13/2017 05:22 am --> 404 Page Not Found: Assets/front
ERROR - 11/13/2017 05:25 am --> 404 Page Not Found: Assets/front
ERROR - 11/13/2017 05:28 am --> 404 Page Not Found: Assets/front
ERROR - 11/13/2017 05:29 am --> 404 Page Not Found: Assets/front
ERROR - 11/13/2017 05:29 am --> 404 Page Not Found: Assets/front
ERROR - 11/13/2017 05:29 am --> 404 Page Not Found: Assets/front
ERROR - 11/13/2017 05:29 am --> 404 Page Not Found: Assets/front
ERROR - 11/13/2017 05:29 am --> 404 Page Not Found: Assets/front
ERROR - 11/13/2017 05:29 am --> 404 Page Not Found: Assets/front
ERROR - 11/13/2017 05:31 am --> 404 Page Not Found: Assets/front
ERROR - 11/13/2017 05:32 am --> 404 Page Not Found: Assets/front
ERROR - 11/13/2017 05:32 am --> 404 Page Not Found: Assets/front
ERROR - 11/13/2017 05:32 am --> 404 Page Not Found: Assets/front
ERROR - 11/13/2017 05:32 am --> 404 Page Not Found: Assets/front
ERROR - 11/13/2017 05:32 am --> 404 Page Not Found: Assets/front
ERROR - 11/13/2017 05:32 am --> 404 Page Not Found: Assets/front
ERROR - 11/13/2017 05:34 am --> 404 Page Not Found: Assets/front
ERROR - 11/13/2017 05:36 am --> 404 Page Not Found: Assets/front
ERROR - 11/13/2017 05:36 am --> 404 Page Not Found: Assets/front
ERROR - 11/13/2017 05:36 am --> 404 Page Not Found: Assets/front
ERROR - 11/13/2017 05:36 am --> 404 Page Not Found: Assets/front
ERROR - 11/13/2017 05:36 am --> 404 Page Not Found: Assets/front
ERROR - 11/13/2017 05:36 am --> 404 Page Not Found: Assets/front
ERROR - 11/13/2017 05:37 am --> 404 Page Not Found: Assets/front
ERROR - 11/13/2017 05:38 am --> 404 Page Not Found: Assets/front
ERROR - 11/13/2017 05:38 am --> 404 Page Not Found: Assets/front
ERROR - 11/13/2017 05:38 am --> 404 Page Not Found: Assets/front
ERROR - 11/13/2017 05:38 am --> 404 Page Not Found: Assets/front
ERROR - 11/13/2017 05:38 am --> 404 Page Not Found: Assets/front
ERROR - 11/13/2017 05:44 am --> 404 Page Not Found: Assets/front
ERROR - 11/13/2017 05:45 am --> 404 Page Not Found: Assets/front
ERROR - 11/13/2017 05:45 am --> 404 Page Not Found: Assets/front
ERROR - 11/13/2017 05:45 am --> 404 Page Not Found: Assets/front
ERROR - 11/13/2017 05:45 am --> 404 Page Not Found: Assets/front
ERROR - 11/13/2017 05:49 am --> 404 Page Not Found: Assets/front
ERROR - 11/13/2017 05:50 am --> 404 Page Not Found: Assets/front
ERROR - 11/13/2017 05:50 am --> 404 Page Not Found: Assets/front
ERROR - 11/13/2017 05:50 am --> 404 Page Not Found: Assets/front
ERROR - 11/13/2017 05:50 am --> 404 Page Not Found: Assets/front
ERROR - 11/13/2017 05:50 am --> 404 Page Not Found: Assets/front
ERROR - 11/13/2017 05:51 am --> 404 Page Not Found: Assets/front
ERROR - 11/13/2017 05:52 am --> 404 Page Not Found: front/Service/badroom_plan
ERROR - 11/13/2017 05:52 am --> 404 Page Not Found: front/Service/badroom_plan
ERROR - 11/13/2017 05:54 am --> 404 Page Not Found: Assets/front
ERROR - 11/13/2017 05:55 am --> 404 Page Not Found: Assets/front
ERROR - 11/13/2017 05:55 am --> 404 Page Not Found: Assets/front
ERROR - 11/13/2017 05:55 am --> 404 Page Not Found: Assets/front
ERROR - 11/13/2017 05:55 am --> 404 Page Not Found: Assets/front
ERROR - 11/13/2017 05:59 am --> 404 Page Not Found: Assets/front
ERROR - 11/13/2017 05:59 am --> 404 Page Not Found: Assets/front
ERROR - 11/13/2017 05:59 am --> 404 Page Not Found: Assets/front
ERROR - 11/13/2017 05:59 am --> 404 Page Not Found: Assets/front
ERROR - 11/13/2017 05:59 am --> 404 Page Not Found: Assets/front
ERROR - 11/13/2017 05:59 am --> 404 Page Not Found: Assets/front
ERROR - 11/13/2017 05:59 am --> 404 Page Not Found: Assets/front
ERROR - 11/13/2017 06:01 am --> 404 Page Not Found: Assets/front
ERROR - 11/13/2017 06:01 am --> 404 Page Not Found: Assets/front
ERROR - 11/13/2017 06:01 am --> 404 Page Not Found: Assets/front
ERROR - 11/13/2017 06:01 am --> 404 Page Not Found: Assets/front
ERROR - 11/13/2017 06:01 am --> 404 Page Not Found: Assets/front
ERROR - 11/13/2017 06:01 am --> 404 Page Not Found: Assets/front
ERROR - 11/13/2017 06:01 am --> 404 Page Not Found: Assets/front
ERROR - 11/13/2017 06:01 am --> 404 Page Not Found: Assets/front
ERROR - 11/13/2017 06:01 am --> 404 Page Not Found: Assets/front
ERROR - 11/13/2017 06:01 am --> 404 Page Not Found: Assets/front
ERROR - 11/13/2017 06:03 am --> 404 Page Not Found: front/Service/badroom_plan
ERROR - 11/13/2017 06:03 am --> 404 Page Not Found: front/Service/badroom_plan
ERROR - 11/13/2017 06:03 am --> 404 Page Not Found: front/Service/badroom_plan
ERROR - 11/13/2017 06:03 am --> 404 Page Not Found: front/Service/badroom_plan
ERROR - 11/13/2017 06:03 am --> 404 Page Not Found: front/Service/badroom_plan
ERROR - 11/13/2017 06:03 am --> 404 Page Not Found: Assets/front
ERROR - 11/13/2017 06:03 am --> 404 Page Not Found: Assets/front
ERROR - 11/13/2017 06:03 am --> 404 Page Not Found: Assets/front
ERROR - 11/13/2017 06:03 am --> 404 Page Not Found: Assets/front
ERROR - 11/13/2017 06:03 am --> 404 Page Not Found: Assets/front
ERROR - 11/13/2017 06:03 am --> 404 Page Not Found: Assets/front
ERROR - 11/13/2017 06:04 am --> 404 Page Not Found: Assets/front
ERROR - 11/13/2017 06:04 am --> 404 Page Not Found: Assets/front
ERROR - 11/13/2017 06:04 am --> 404 Page Not Found: Assets/front
ERROR - 11/13/2017 06:04 am --> 404 Page Not Found: Assets/front
ERROR - 11/13/2017 06:04 am --> 404 Page Not Found: Assets/front
ERROR - 11/13/2017 06:04 am --> 404 Page Not Found: Assets/front
ERROR - 11/13/2017 06:05 am --> 404 Page Not Found: Assets/front
ERROR - 11/13/2017 06:05 am --> 404 Page Not Found: Assets/front
ERROR - 11/13/2017 06:05 am --> 404 Page Not Found: Assets/front
ERROR - 11/13/2017 06:05 am --> 404 Page Not Found: Assets/front
ERROR - 11/13/2017 06:05 am --> 404 Page Not Found: Assets/front
ERROR - 11/13/2017 06:05 am --> 404 Page Not Found: Assets/front
ERROR - 11/13/2017 06:05 am --> 404 Page Not Found: Assets/front
ERROR - 11/13/2017 06:05 am --> 404 Page Not Found: Assets/front
ERROR - 11/13/2017 06:05 am --> 404 Page Not Found: Assets/front
ERROR - 11/13/2017 06:05 am --> 404 Page Not Found: Assets/front
ERROR - 11/13/2017 06:05 am --> 404 Page Not Found: Assets/front
ERROR - 11/13/2017 06:07 am --> 404 Page Not Found: Assets/front
ERROR - 11/13/2017 06:07 am --> 404 Page Not Found: Assets/front
ERROR - 11/13/2017 06:07 am --> 404 Page Not Found: Assets/front
ERROR - 11/13/2017 06:07 am --> 404 Page Not Found: Assets/front
ERROR - 11/13/2017 06:07 am --> 404 Page Not Found: Assets/front
ERROR - 11/13/2017 06:07 am --> 404 Page Not Found: Assets/front
ERROR - 11/13/2017 06:07 am --> 404 Page Not Found: Assets/front
ERROR - 11/13/2017 06:07 am --> 404 Page Not Found: Assets/front
ERROR - 11/13/2017 06:12 am --> 404 Page Not Found: Assets/front
ERROR - 11/13/2017 06:12 am --> 404 Page Not Found: Assets/front
ERROR - 11/13/2017 06:12 am --> 404 Page Not Found: Assets/front
ERROR - 11/13/2017 06:12 am --> 404 Page Not Found: Assets/front
ERROR - 11/13/2017 06:12 am --> 404 Page Not Found: Assets/front
ERROR - 11/13/2017 06:13 am --> 404 Page Not Found: Assets/front
ERROR - 11/13/2017 06:13 am --> 404 Page Not Found: Assets/front
ERROR - 11/13/2017 06:13 am --> 404 Page Not Found: Assets/front
ERROR - 11/13/2017 06:13 am --> 404 Page Not Found: Assets/front
ERROR - 11/13/2017 06:13 am --> 404 Page Not Found: Assets/front
ERROR - 11/13/2017 06:13 am --> 404 Page Not Found: Assets/front
ERROR - 11/13/2017 06:13 am --> 404 Page Not Found: Assets/front
ERROR - 11/13/2017 06:13 am --> 404 Page Not Found: Assets/front
ERROR - 11/13/2017 06:13 am --> 404 Page Not Found: Assets/front
ERROR - 11/13/2017 06:13 am --> 404 Page Not Found: Assets/front
ERROR - 11/13/2017 05:43 pm --> Query error: Duplicate entry '45a0166209cca96a9c6e78320d9c9f60348bd2ad' for key 'PRIMARY' - Invalid query: INSERT INTO `ai_sessions` (`id`, `ip_address`, `timestamp`, `data`) VALUES ('45a0166209cca96a9c6e78320d9c9f60348bd2ad', '138.197.202.197', 1510575222, '__ci_last_regenerate|i:1510575222;fb_1798431413741569_state|s:32:\"ed7df0130d69f88b753493b75e073035\";')
ERROR - 11/13/2017 05:43 pm --> Severity: Warning --> Unknown: Failed to write session data (user). Please verify that the current setting of session.save_path is correct (sessions) Unknown 0
ERROR - 11/13/2017 06:14 am --> 404 Page Not Found: Assets/front
ERROR - 11/13/2017 06:14 am --> 404 Page Not Found: Assets/front
ERROR - 11/13/2017 06:14 am --> 404 Page Not Found: Assets/front
ERROR - 11/13/2017 06:14 am --> 404 Page Not Found: Assets/front
ERROR - 11/13/2017 06:14 am --> 404 Page Not Found: Assets/front
ERROR - 11/13/2017 06:14 am --> 404 Page Not Found: Assets/front
ERROR - 11/13/2017 06:15 am --> 404 Page Not Found: front/Service/badroom_plan
ERROR - 11/13/2017 06:15 am --> 404 Page Not Found: front/Service/badroom_plan
ERROR - 11/13/2017 06:16 am --> 404 Page Not Found: front/Service/badroom_plan
ERROR - 11/13/2017 06:16 am --> 404 Page Not Found: Assets/front
ERROR - 11/13/2017 06:16 am --> 404 Page Not Found: Assets/front
ERROR - 11/13/2017 06:16 am --> 404 Page Not Found: Assets/front
ERROR - 11/13/2017 06:16 am --> 404 Page Not Found: Assets/front
ERROR - 11/13/2017 06:16 am --> 404 Page Not Found: Assets/front
ERROR - 11/13/2017 06:16 am --> 404 Page Not Found: Assets/front
ERROR - 11/13/2017 06:16 am --> 404 Page Not Found: Assets/front
ERROR - 11/13/2017 06:17 am --> 404 Page Not Found: Assets/front
ERROR - 11/13/2017 06:17 am --> 404 Page Not Found: Assets/front
ERROR - 11/13/2017 06:18 am --> 404 Page Not Found: Assets/front
ERROR - 11/13/2017 06:18 am --> 404 Page Not Found: Assets/front
ERROR - 11/13/2017 06:18 am --> 404 Page Not Found: Assets/front
ERROR - 11/13/2017 06:18 am --> 404 Page Not Found: Assets/front
ERROR - 11/13/2017 06:18 am --> 404 Page Not Found: Assets/front
ERROR - 11/13/2017 06:18 am --> 404 Page Not Found: Assets/front
ERROR - 11/13/2017 06:18 am --> 404 Page Not Found: Assets/front
ERROR - 11/13/2017 06:18 am --> 404 Page Not Found: Assets/front
ERROR - 11/13/2017 06:19 am --> 404 Page Not Found: Assets/front
ERROR - 11/13/2017 06:19 am --> 404 Page Not Found: Assets/front
ERROR - 11/13/2017 06:20 am --> 404 Page Not Found: Assets/front
ERROR - 11/13/2017 06:20 am --> 404 Page Not Found: Assets/front
ERROR - 11/13/2017 06:20 am --> 404 Page Not Found: Assets/front
ERROR - 11/13/2017 06:20 am --> 404 Page Not Found: Assets/front
ERROR - 11/13/2017 06:20 am --> 404 Page Not Found: Assets/front
ERROR - 11/13/2017 06:20 am --> 404 Page Not Found: Assets/front
ERROR - 11/13/2017 06:22 am --> 404 Page Not Found: Assets/front
ERROR - 11/13/2017 06:23 am --> 404 Page Not Found: Assets/front
ERROR - 11/13/2017 06:23 am --> 404 Page Not Found: Assets/front
ERROR - 11/13/2017 06:23 am --> 404 Page Not Found: Assets/front
ERROR - 11/13/2017 06:23 am --> 404 Page Not Found: Assets/front
ERROR - 11/13/2017 06:23 am --> 404 Page Not Found: Assets/front
ERROR - 11/13/2017 06:24 am --> 404 Page Not Found: Assets/front
ERROR - 11/13/2017 06:24 am --> 404 Page Not Found: Assets/front
ERROR - 11/13/2017 06:24 am --> 404 Page Not Found: Assets/front
ERROR - 11/13/2017 06:24 am --> 404 Page Not Found: Assets/front
ERROR - 11/13/2017 06:24 am --> 404 Page Not Found: Assets/front
ERROR - 11/13/2017 06:24 am --> 404 Page Not Found: Assets/front
ERROR - 11/13/2017 06:26 am --> 404 Page Not Found: Assets/front
ERROR - 11/13/2017 06:27 am --> 404 Page Not Found: Assets/front
ERROR - 11/13/2017 06:27 am --> 404 Page Not Found: Assets/front
ERROR - 11/13/2017 06:27 am --> 404 Page Not Found: Assets/front
ERROR - 11/13/2017 06:27 am --> 404 Page Not Found: Assets/front
ERROR - 11/13/2017 06:27 am --> 404 Page Not Found: Assets/front
ERROR - 11/13/2017 06:28 am --> 404 Page Not Found: Assets/front
ERROR - 11/13/2017 06:28 am --> 404 Page Not Found: Assets/front
ERROR - 11/13/2017 06:29 am --> 404 Page Not Found: Assets/front
ERROR - 11/13/2017 06:29 am --> 404 Page Not Found: Assets/front
ERROR - 11/13/2017 06:30 am --> 404 Page Not Found: Assets/front
ERROR - 11/13/2017 06:30 am --> 404 Page Not Found: Assets/front
ERROR - 11/13/2017 06:31 am --> 404 Page Not Found: Assets/front
ERROR - 11/13/2017 06:31 am --> 404 Page Not Found: front/Service/badroom_plan
ERROR - 11/13/2017 06:31 am --> 404 Page Not Found: Assets/front
ERROR - 11/13/2017 06:31 am --> 404 Page Not Found: Assets/front
ERROR - 11/13/2017 06:31 am --> 404 Page Not Found: Assets/front
ERROR - 11/13/2017 06:31 am --> 404 Page Not Found: Assets/front
ERROR - 11/13/2017 06:31 am --> 404 Page Not Found: Assets/front
ERROR - 11/13/2017 06:31 am --> 404 Page Not Found: Assets/front
ERROR - 11/13/2017 06:31 am --> 404 Page Not Found: Assets/front
ERROR - 11/13/2017 06:31 am --> 404 Page Not Found: Assets/front
ERROR - 11/13/2017 06:32 am --> 404 Page Not Found: Assets/front
ERROR - 11/13/2017 06:32 am --> 404 Page Not Found: Assets/front
ERROR - 11/13/2017 06:32 am --> 404 Page Not Found: Assets/front
ERROR - 11/13/2017 06:32 am --> 404 Page Not Found: Assets/front
ERROR - 11/13/2017 06:32 am --> 404 Page Not Found: Assets/front
ERROR - 11/13/2017 06:32 am --> 404 Page Not Found: Assets/front
ERROR - 11/13/2017 06:33 am --> 404 Page Not Found: Assets/front
ERROR - 11/13/2017 06:57 am --> 404 Page Not Found: Assets/front
ERROR - 11/13/2017 06:57 am --> 404 Page Not Found: Assets/front
ERROR - 11/13/2017 06:57 am --> 404 Page Not Found: Assets/front
ERROR - 11/13/2017 06:57 am --> 404 Page Not Found: Assets/front
ERROR - 11/13/2017 06:57 am --> 404 Page Not Found: Assets/front
ERROR - 11/13/2017 06:57 am --> 404 Page Not Found: Assets/front
ERROR - 11/13/2017 06:57 am --> 404 Page Not Found: Assets/front
ERROR - 11/13/2017 07:04 am --> 404 Page Not Found: Assets/front
ERROR - 11/13/2017 07:04 am --> 404 Page Not Found: Assets/front
ERROR - 11/13/2017 07:04 am --> 404 Page Not Found: Assets/front
ERROR - 11/13/2017 07:04 am --> 404 Page Not Found: Assets/front
ERROR - 11/13/2017 07:04 am --> 404 Page Not Found: Assets/front
ERROR - 11/13/2017 07:04 am --> 404 Page Not Found: Assets/front
ERROR - 11/13/2017 07:04 am --> 404 Page Not Found: Assets/front
ERROR - 11/13/2017 07:04 am --> 404 Page Not Found: Assets/front
ERROR - 11/13/2017 07:04 am --> 404 Page Not Found: Assets/front
ERROR - 11/13/2017 07:04 am --> 404 Page Not Found: Assets/front
ERROR - 11/13/2017 07:04 am --> 404 Page Not Found: Assets/front
ERROR - 11/13/2017 07:04 am --> 404 Page Not Found: Assets/front
ERROR - 11/13/2017 07:04 am --> 404 Page Not Found: Assets/front
ERROR - 11/13/2017 07:04 am --> 404 Page Not Found: Assets/front
ERROR - 11/13/2017 07:05 am --> 404 Page Not Found: Assets/front
ERROR - 11/13/2017 07:05 am --> 404 Page Not Found: Assets/front
ERROR - 11/13/2017 07:05 am --> 404 Page Not Found: Assets/front
ERROR - 11/13/2017 07:06 am --> 404 Page Not Found: Assets/front
ERROR - 11/13/2017 07:06 am --> 404 Page Not Found: Assets/front
ERROR - 11/13/2017 07:06 am --> 404 Page Not Found: Assets/front
ERROR - 11/13/2017 07:06 am --> 404 Page Not Found: Assets/front
ERROR - 11/13/2017 07:06 am --> 404 Page Not Found: Assets/front
ERROR - 11/13/2017 07:07 am --> 404 Page Not Found: Assets/front
ERROR - 11/13/2017 07:07 am --> 404 Page Not Found: Assets/front
ERROR - 11/13/2017 07:07 am --> 404 Page Not Found: Assets/front
ERROR - 11/13/2017 07:07 am --> 404 Page Not Found: Assets/front
ERROR - 11/13/2017 07:08 am --> 404 Page Not Found: Assets/front
ERROR - 11/13/2017 07:08 am --> 404 Page Not Found: Assets/front
ERROR - 11/13/2017 07:08 am --> 404 Page Not Found: Assets/front
ERROR - 11/13/2017 07:08 am --> 404 Page Not Found: Assets/front
ERROR - 11/13/2017 07:08 am --> 404 Page Not Found: Assets/front
ERROR - 11/13/2017 07:08 am --> 404 Page Not Found: Assets/front
ERROR - 11/13/2017 07:08 am --> 404 Page Not Found: Assets/front
ERROR - 11/13/2017 07:09 am --> 404 Page Not Found: Assets/front
ERROR - 11/13/2017 07:09 am --> 404 Page Not Found: Assets/front
ERROR - 11/13/2017 07:09 am --> 404 Page Not Found: Assets/front
ERROR - 11/13/2017 07:09 am --> 404 Page Not Found: Assets/front
ERROR - 11/13/2017 07:09 am --> 404 Page Not Found: Assets/front
ERROR - 11/13/2017 07:09 am --> 404 Page Not Found: Assets/front
ERROR - 11/13/2017 11:16 pm --> 404 Page Not Found: Assets/js
ERROR - 11/13/2017 11:16 pm --> 404 Page Not Found: Assets/js
ERROR - 11/13/2017 11:16 pm --> 404 Page Not Found: Images/photos
