ERROR - 11/08/2017 01:01 am --> 404 Page Not Found: Assets/front
ERROR - 11/08/2017 01:11 am --> 404 Page Not Found: Assets/front
ERROR - 11/08/2017 01:45 am --> 404 Page Not Found: Assets/js
ERROR - 11/08/2017 01:45 am --> 404 Page Not Found: Images/photos
ERROR - 11/08/2017 01:45 am --> 404 Page Not Found: Assets/js
ERROR - 11/08/2017 01:45 am --> 404 Page Not Found: Images/photos
ERROR - 11/08/2017 01:45 am --> 404 Page Not Found: Assets/js
ERROR - 11/08/2017 01:45 am --> 404 Page Not Found: Assets/js
ERROR - 11/08/2017 01:45 am --> 404 Page Not Found: Assets/js
ERROR - 11/08/2017 01:45 am --> 404 Page Not Found: Assets/js
ERROR - 11/08/2017 01:45 am --> 404 Page Not Found: Assets/js
ERROR - 11/08/2017 01:45 am --> 404 Page Not Found: Css/auto_select
ERROR - 11/08/2017 01:45 am --> 404 Page Not Found: Js/docsupport
ERROR - 11/08/2017 01:45 am --> 404 Page Not Found: Js/docsupport
ERROR - 11/08/2017 01:45 am --> 404 Page Not Found: Css/auto_select
ERROR - 11/08/2017 01:45 am --> 404 Page Not Found: Js/docsupport
ERROR - 11/08/2017 01:45 am --> 404 Page Not Found: Images/photos
ERROR - 11/08/2017 01:46 am --> 404 Page Not Found: Assets/js
ERROR - 11/08/2017 01:46 am --> 404 Page Not Found: Images/photos
ERROR - 11/08/2017 01:46 am --> 404 Page Not Found: Assets/js
ERROR - 11/08/2017 01:46 am --> 404 Page Not Found: Assets/js
ERROR - 11/08/2017 01:46 am --> 404 Page Not Found: Assets/js
ERROR - 11/08/2017 01:46 am --> 404 Page Not Found: Assets/js
ERROR - 11/08/2017 01:46 am --> 404 Page Not Found: Css/auto_select
ERROR - 11/08/2017 01:46 am --> 404 Page Not Found: Js/docsupport
ERROR - 11/08/2017 01:46 am --> 404 Page Not Found: Js/docsupport
ERROR - 11/08/2017 01:46 am --> 404 Page Not Found: Js/docsupport
ERROR - 11/08/2017 01:46 am --> 404 Page Not Found: Images/photos
ERROR - 11/08/2017 01:46 am --> 404 Page Not Found: Assets/js
ERROR - 11/08/2017 01:46 am --> 404 Page Not Found: Images/photos
ERROR - 11/08/2017 01:46 am --> 404 Page Not Found: Assets/js
ERROR - 11/08/2017 01:46 am --> 404 Page Not Found: Assets/js
ERROR - 11/08/2017 01:46 am --> 404 Page Not Found: Assets/js
ERROR - 11/08/2017 01:46 am --> 404 Page Not Found: Assets/js
ERROR - 11/08/2017 01:46 am --> 404 Page Not Found: Css/auto_select
ERROR - 11/08/2017 01:46 am --> 404 Page Not Found: Js/docsupport
ERROR - 11/08/2017 01:46 am --> 404 Page Not Found: Images/photos
ERROR - 11/08/2017 01:46 am --> 404 Page Not Found: Js/docsupport
ERROR - 11/08/2017 01:46 am --> 404 Page Not Found: Js/docsupport
ERROR - 11/08/2017 01:52 am --> 404 Page Not Found: Assets/js
ERROR - 11/08/2017 01:52 am --> 404 Page Not Found: Css/auto_select
ERROR - 11/08/2017 01:52 am --> 404 Page Not Found: Js/docsupport
ERROR - 11/08/2017 01:52 am --> 404 Page Not Found: Js/docsupport
ERROR - 11/08/2017 01:52 am --> 404 Page Not Found: Js/docsupport
ERROR - 11/08/2017 01:52 am --> 404 Page Not Found: Images/photos
ERROR - 11/08/2017 01:53 am --> 404 Page Not Found: Assets/js
ERROR - 11/08/2017 01:53 am --> 404 Page Not Found: Css/auto_select
ERROR - 11/08/2017 01:53 am --> 404 Page Not Found: Js/docsupport
ERROR - 11/08/2017 01:53 am --> 404 Page Not Found: Js/docsupport
ERROR - 11/08/2017 01:53 am --> 404 Page Not Found: Js/docsupport
ERROR - 11/08/2017 01:53 am --> 404 Page Not Found: Images/photos
ERROR - 11/08/2017 01:53 am --> 404 Page Not Found: Assets/js
ERROR - 11/08/2017 01:53 am --> 404 Page Not Found: Css/auto_select
ERROR - 11/08/2017 01:53 am --> 404 Page Not Found: Js/docsupport
ERROR - 11/08/2017 01:53 am --> 404 Page Not Found: Js/docsupport
ERROR - 11/08/2017 01:53 am --> 404 Page Not Found: Js/docsupport
ERROR - 11/08/2017 01:53 am --> 404 Page Not Found: Images/photos
ERROR - 11/08/2017 01:54 am --> 404 Page Not Found: Assets/js
ERROR - 11/08/2017 01:54 am --> 404 Page Not Found: Css/auto_select
ERROR - 11/08/2017 01:54 am --> 404 Page Not Found: Js/docsupport
ERROR - 11/08/2017 01:54 am --> 404 Page Not Found: Js/docsupport
ERROR - 11/08/2017 01:54 am --> 404 Page Not Found: Js/docsupport
ERROR - 11/08/2017 01:54 am --> 404 Page Not Found: Images/photos
ERROR - 11/08/2017 02:02 am --> 404 Page Not Found: Assets/js
ERROR - 11/08/2017 02:02 am --> 404 Page Not Found: Images/photos
ERROR - 11/08/2017 02:03 am --> 404 Page Not Found: Assets/js
ERROR - 11/08/2017 02:03 am --> 404 Page Not Found: Assets/js
ERROR - 11/08/2017 02:03 am --> 404 Page Not Found: Assets/js
ERROR - 11/08/2017 02:03 am --> 404 Page Not Found: Assets/js
ERROR - 11/08/2017 02:03 am --> 404 Page Not Found: Css/auto_select
ERROR - 11/08/2017 02:03 am --> 404 Page Not Found: Js/docsupport
ERROR - 11/08/2017 02:03 am --> 404 Page Not Found: Js/docsupport
ERROR - 11/08/2017 02:03 am --> 404 Page Not Found: Js/docsupport
ERROR - 11/08/2017 02:03 am --> 404 Page Not Found: Images/photos
ERROR - 11/08/2017 02:03 am --> 404 Page Not Found: Assets/js
ERROR - 11/08/2017 02:03 am --> 404 Page Not Found: Images/photos
ERROR - 11/08/2017 02:03 am --> 404 Page Not Found: Assets/js
ERROR - 11/08/2017 02:03 am --> 404 Page Not Found: Assets/js
ERROR - 11/08/2017 02:03 am --> 404 Page Not Found: Assets/js
ERROR - 11/08/2017 02:05 am --> 404 Page Not Found: Assets/js
ERROR - 11/08/2017 02:05 am --> 404 Page Not Found: Css/auto_select
ERROR - 11/08/2017 02:05 am --> 404 Page Not Found: Js/docsupport
ERROR - 11/08/2017 02:05 am --> 404 Page Not Found: Js/docsupport
ERROR - 11/08/2017 02:05 am --> 404 Page Not Found: Js/docsupport
ERROR - 11/08/2017 02:05 am --> 404 Page Not Found: Images/photos
ERROR - 11/08/2017 02:05 am --> 404 Page Not Found: Assets/js
ERROR - 11/08/2017 02:05 am --> 404 Page Not Found: Images/photos
ERROR - 11/08/2017 02:05 am --> 404 Page Not Found: Assets/js
ERROR - 11/08/2017 02:05 am --> 404 Page Not Found: Assets/js
ERROR - 11/08/2017 02:05 am --> 404 Page Not Found: Assets/js
ERROR - 11/08/2017 02:07 am --> 404 Page Not Found: Assets/front
ERROR - 11/08/2017 02:25 am --> 404 Page Not Found: Assets/front
ERROR - 11/08/2017 02:25 am --> 404 Page Not Found: Assets/front
ERROR - 11/08/2017 02:25 am --> 404 Page Not Found: Assets/front
ERROR - 11/08/2017 02:25 am --> 404 Page Not Found: Assets/front
ERROR - 11/08/2017 02:25 am --> 404 Page Not Found: Assets/front
ERROR - 11/08/2017 04:16 am --> 404 Page Not Found: Assets/js
ERROR - 11/08/2017 04:16 am --> 404 Page Not Found: Images/photos
ERROR - 11/08/2017 04:22 am --> 404 Page Not Found: Assets/js
ERROR - 11/08/2017 04:22 am --> 404 Page Not Found: Images/photos
ERROR - 11/08/2017 04:22 am --> 404 Page Not Found: Assets/js
ERROR - 11/08/2017 04:22 am --> 404 Page Not Found: Images/photos
ERROR - 11/08/2017 04:22 am --> 404 Page Not Found: Assets/js
ERROR - 11/08/2017 04:22 am --> 404 Page Not Found: Css/auto_select
ERROR - 11/08/2017 04:22 am --> 404 Page Not Found: Js/docsupport
ERROR - 11/08/2017 04:22 am --> 404 Page Not Found: Css/auto_select
ERROR - 11/08/2017 04:22 am --> 404 Page Not Found: Js/docsupport
ERROR - 11/08/2017 04:22 am --> 404 Page Not Found: Js/docsupport
ERROR - 11/08/2017 04:22 am --> 404 Page Not Found: Images/photos
ERROR - 11/08/2017 04:23 am --> 404 Page Not Found: Assets/js
ERROR - 11/08/2017 04:23 am --> 404 Page Not Found: Images/photos
ERROR - 11/08/2017 04:23 am --> 404 Page Not Found: Assets/js
ERROR - 11/08/2017 04:23 am --> 404 Page Not Found: Assets/js
ERROR - 11/08/2017 04:23 am --> 404 Page Not Found: Assets/js
ERROR - 11/08/2017 04:23 am --> 404 Page Not Found: Assets/js
ERROR - 11/08/2017 04:23 am --> 404 Page Not Found: Css/auto_select
ERROR - 11/08/2017 04:23 am --> 404 Page Not Found: Js/docsupport
ERROR - 11/08/2017 04:23 am --> 404 Page Not Found: Js/docsupport
ERROR - 11/08/2017 04:23 am --> 404 Page Not Found: Js/docsupport
ERROR - 11/08/2017 04:23 am --> 404 Page Not Found: Images/photos
ERROR - 11/08/2017 04:23 am --> 404 Page Not Found: Assets/js
ERROR - 11/08/2017 04:24 am --> 404 Page Not Found: Images/photos
ERROR - 11/08/2017 04:24 am --> 404 Page Not Found: Assets/js
ERROR - 11/08/2017 04:24 am --> 404 Page Not Found: Assets/js
ERROR - 11/08/2017 04:24 am --> 404 Page Not Found: Assets/js
ERROR - 11/08/2017 04:26 am --> 404 Page Not Found: Assets/js
ERROR - 11/08/2017 04:26 am --> 404 Page Not Found: Css/auto_select
ERROR - 11/08/2017 04:26 am --> 404 Page Not Found: Js/docsupport
ERROR - 11/08/2017 04:26 am --> 404 Page Not Found: Js/docsupport
ERROR - 11/08/2017 04:26 am --> 404 Page Not Found: Js/docsupport
ERROR - 11/08/2017 04:26 am --> 404 Page Not Found: Images/photos
ERROR - 11/08/2017 04:26 am --> 404 Page Not Found: Assets/js
ERROR - 11/08/2017 04:26 am --> 404 Page Not Found: Images/photos
ERROR - 11/08/2017 04:26 am --> 404 Page Not Found: Assets/js
ERROR - 11/08/2017 04:26 am --> 404 Page Not Found: Assets/js
ERROR - 11/08/2017 04:26 am --> 404 Page Not Found: Assets/js
ERROR - 11/08/2017 04:26 am --> 404 Page Not Found: Assets/js
ERROR - 11/08/2017 04:26 am --> 404 Page Not Found: Css/auto_select
ERROR - 11/08/2017 04:26 am --> 404 Page Not Found: Js/docsupport
ERROR - 11/08/2017 04:26 am --> 404 Page Not Found: Js/docsupport
ERROR - 11/08/2017 04:26 am --> 404 Page Not Found: Js/docsupport
ERROR - 11/08/2017 04:26 am --> 404 Page Not Found: Images/photos
ERROR - 11/08/2017 04:27 am --> 404 Page Not Found: Assets/js
ERROR - 11/08/2017 04:27 am --> 404 Page Not Found: Images/photos
ERROR - 11/08/2017 04:27 am --> 404 Page Not Found: Assets/js
ERROR - 11/08/2017 04:27 am --> 404 Page Not Found: Assets/js
ERROR - 11/08/2017 04:27 am --> 404 Page Not Found: Assets/js
ERROR - 11/08/2017 04:27 am --> 404 Page Not Found: Assets/js
ERROR - 11/08/2017 04:27 am --> 404 Page Not Found: Assets/js
ERROR - 11/08/2017 04:55 am --> 404 Page Not Found: Assets/js
ERROR - 11/08/2017 04:55 am --> 404 Page Not Found: Css/auto_select
ERROR - 11/08/2017 04:55 am --> 404 Page Not Found: Js/docsupport
ERROR - 11/08/2017 04:55 am --> 404 Page Not Found: Js/docsupport
ERROR - 11/08/2017 04:55 am --> 404 Page Not Found: Js/docsupport
ERROR - 11/08/2017 04:55 am --> 404 Page Not Found: Images/photos
ERROR - 11/08/2017 04:55 am --> 404 Page Not Found: Assets/js
ERROR - 11/08/2017 04:55 am --> 404 Page Not Found: Images/photos
ERROR - 11/08/2017 04:55 am --> 404 Page Not Found: Assets/js
ERROR - 11/08/2017 04:55 am --> 404 Page Not Found: Assets/js
ERROR - 11/08/2017 04:55 am --> 404 Page Not Found: Assets/js
ERROR - 11/08/2017 04:55 am --> 404 Page Not Found: Assets/js
ERROR - 11/08/2017 04:56 am --> 404 Page Not Found: Assets/js
ERROR - 11/08/2017 04:56 am --> 404 Page Not Found: Css/auto_select
ERROR - 11/08/2017 04:56 am --> 404 Page Not Found: Js/docsupport
ERROR - 11/08/2017 04:56 am --> 404 Page Not Found: Js/docsupport
ERROR - 11/08/2017 04:56 am --> 404 Page Not Found: Js/docsupport
ERROR - 11/08/2017 04:56 am --> 404 Page Not Found: Images/photos
ERROR - 11/08/2017 04:56 am --> 404 Page Not Found: Assets/js
ERROR - 11/08/2017 04:56 am --> 404 Page Not Found: Images/photos
ERROR - 11/08/2017 04:56 am --> 404 Page Not Found: Assets/js
ERROR - 11/08/2017 04:56 am --> 404 Page Not Found: Assets/js
ERROR - 11/08/2017 04:56 am --> 404 Page Not Found: Assets/js
ERROR - 11/08/2017 04:56 am --> 404 Page Not Found: Assets/js
ERROR - 11/08/2017 05:23 am --> 404 Page Not Found: Assets/front
ERROR - 11/08/2017 05:24 am --> 404 Page Not Found: Assets/front
ERROR - 11/08/2017 05:24 am --> 404 Page Not Found: Assets/front
ERROR - 11/08/2017 05:24 am --> 404 Page Not Found: Assets/front
ERROR - 11/08/2017 05:24 am --> 404 Page Not Found: Assets/front
ERROR - 11/08/2017 05:24 am --> 404 Page Not Found: Assets/front
ERROR - 11/08/2017 06:54 am --> 404 Page Not Found: Assets/js
ERROR - 11/08/2017 06:55 am --> 404 Page Not Found: Assets/js
ERROR - 11/08/2017 06:55 am --> 404 Page Not Found: Assets/js
ERROR - 11/08/2017 06:55 am --> 404 Page Not Found: Assets/js
ERROR - 11/08/2017 06:56 am --> 404 Page Not Found: Assets/front
ERROR - 11/08/2017 06:57 am --> 404 Page Not Found: Assets/front
ERROR - 11/08/2017 06:57 am --> 404 Page Not Found: Assets/front
ERROR - 11/08/2017 06:57 am --> 404 Page Not Found: Assets/front
ERROR - 11/08/2017 06:57 am --> 404 Page Not Found: Assets/front
ERROR - 11/08/2017 06:57 am --> 404 Page Not Found: Assets/front
ERROR - 11/08/2017 06:57 am --> 404 Page Not Found: Assets/front
ERROR - 11/08/2017 06:59 am --> 404 Page Not Found: Assets/js
ERROR - 11/08/2017 06:59 am --> 404 Page Not Found: Images/photos
ERROR - 11/08/2017 06:59 am --> 404 Page Not Found: Assets/js
ERROR - 11/08/2017 06:59 am --> 404 Page Not Found: Assets/js
ERROR - 11/08/2017 06:59 am --> 404 Page Not Found: Assets/js
ERROR - 11/08/2017 06:59 am --> 404 Page Not Found: Assets/js
ERROR - 11/08/2017 06:59 am --> 404 Page Not Found: Css/auto_select
ERROR - 11/08/2017 06:59 am --> 404 Page Not Found: Js/docsupport
ERROR - 11/08/2017 06:59 am --> 404 Page Not Found: Js/docsupport
ERROR - 11/08/2017 06:59 am --> 404 Page Not Found: Js/docsupport
ERROR - 11/08/2017 06:59 am --> 404 Page Not Found: Images/photos
ERROR - 11/08/2017 06:59 am --> 404 Page Not Found: Assets/js
ERROR - 11/08/2017 06:59 am --> 404 Page Not Found: Images/photos
ERROR - 11/08/2017 06:59 am --> 404 Page Not Found: Assets/js
ERROR - 11/08/2017 06:59 am --> 404 Page Not Found: Assets/js
ERROR - 11/08/2017 06:59 am --> 404 Page Not Found: Assets/js
ERROR - 11/08/2017 07:18 am --> 404 Page Not Found: Assets/front
ERROR - 11/08/2017 07:18 am --> 404 Page Not Found: front/Service/badroom_plan
ERROR - 11/08/2017 07:18 am --> 404 Page Not Found: front/Service/badroom_plan
