ERROR - 05/07/2017 03:14 am --> Severity: Notice --> Undefined variable: child_catname /home2/carolhhp/public_html/democarol.com/homeservices/application/views/front/home.php 89
ERROR - 05/07/2017 03:14 am --> Severity: Notice --> Trying to get property of non-object /home2/carolhhp/public_html/democarol.com/homeservices/application/views/front/home.php 89
ERROR - 05/07/2017 03:14 am --> Severity: Notice --> Undefined variable: child_catname /home2/carolhhp/public_html/democarol.com/homeservices/application/views/front/home.php 90
ERROR - 05/07/2017 03:14 am --> Severity: Notice --> Trying to get property of non-object /home2/carolhhp/public_html/democarol.com/homeservices/application/views/front/home.php 90
ERROR - 05/07/2017 03:14 am --> Severity: Notice --> Undefined variable: child_catname /home2/carolhhp/public_html/democarol.com/homeservices/application/views/front/home.php 91
ERROR - 05/07/2017 03:14 am --> Severity: Notice --> Trying to get property of non-object /home2/carolhhp/public_html/democarol.com/homeservices/application/views/front/home.php 91
ERROR - 05/07/2017 03:14 am --> Severity: Notice --> Undefined variable: child_catname /home2/carolhhp/public_html/democarol.com/homeservices/application/views/front/home.php 92
ERROR - 05/07/2017 03:14 am --> Severity: Notice --> Trying to get property of non-object /home2/carolhhp/public_html/democarol.com/homeservices/application/views/front/home.php 92
ERROR - 05/07/2017 03:14 am --> Severity: Notice --> Undefined variable: child_catname /home2/carolhhp/public_html/democarol.com/homeservices/application/views/front/home.php 93
ERROR - 05/07/2017 03:14 am --> Severity: Notice --> Trying to get property of non-object /home2/carolhhp/public_html/democarol.com/homeservices/application/views/front/home.php 93
ERROR - 05/07/2017 03:14 am --> Severity: Notice --> Use of undefined constant php - assumed 'php' /home2/carolhhp/public_html/democarol.com/homeservices/application/views/front/home.php 100
ERROR - 05/07/2017 03:14 am --> Severity: Notice --> Undefined variable: child_catname /home2/carolhhp/public_html/democarol.com/homeservices/application/views/front/home.php 89
ERROR - 05/07/2017 03:14 am --> Severity: Notice --> Trying to get property of non-object /home2/carolhhp/public_html/democarol.com/homeservices/application/views/front/home.php 89
ERROR - 05/07/2017 03:14 am --> Severity: Notice --> Undefined variable: child_catname /home2/carolhhp/public_html/democarol.com/homeservices/application/views/front/home.php 90
ERROR - 05/07/2017 03:14 am --> Severity: Notice --> Trying to get property of non-object /home2/carolhhp/public_html/democarol.com/homeservices/application/views/front/home.php 90
ERROR - 05/07/2017 03:14 am --> Severity: Notice --> Undefined variable: child_catname /home2/carolhhp/public_html/democarol.com/homeservices/application/views/front/home.php 91
ERROR - 05/07/2017 03:14 am --> Severity: Notice --> Trying to get property of non-object /home2/carolhhp/public_html/democarol.com/homeservices/application/views/front/home.php 91
ERROR - 05/07/2017 03:14 am --> Severity: Notice --> Undefined variable: child_catname /home2/carolhhp/public_html/democarol.com/homeservices/application/views/front/home.php 92
ERROR - 05/07/2017 03:14 am --> Severity: Notice --> Trying to get property of non-object /home2/carolhhp/public_html/democarol.com/homeservices/application/views/front/home.php 92
ERROR - 05/07/2017 03:14 am --> Severity: Notice --> Undefined variable: child_catname /home2/carolhhp/public_html/democarol.com/homeservices/application/views/front/home.php 93
ERROR - 05/07/2017 03:14 am --> Severity: Notice --> Trying to get property of non-object /home2/carolhhp/public_html/democarol.com/homeservices/application/views/front/home.php 93
ERROR - 05/07/2017 03:14 am --> Severity: Notice --> Use of undefined constant php - assumed 'php' /home2/carolhhp/public_html/democarol.com/homeservices/application/views/front/home.php 100
ERROR - 05/07/2017 03:55 am --> Severity: Notice --> Undefined variable: child_catname /home2/carolhhp/public_html/democarol.com/homeservices/application/views/front/home.php 89
ERROR - 05/07/2017 03:55 am --> Severity: Notice --> Trying to get property of non-object /home2/carolhhp/public_html/democarol.com/homeservices/application/views/front/home.php 89
ERROR - 05/07/2017 03:55 am --> Severity: Notice --> Undefined variable: child_catname /home2/carolhhp/public_html/democarol.com/homeservices/application/views/front/home.php 90
ERROR - 05/07/2017 03:55 am --> Severity: Notice --> Trying to get property of non-object /home2/carolhhp/public_html/democarol.com/homeservices/application/views/front/home.php 90
ERROR - 05/07/2017 03:55 am --> Severity: Notice --> Undefined variable: child_catname /home2/carolhhp/public_html/democarol.com/homeservices/application/views/front/home.php 91
ERROR - 05/07/2017 03:55 am --> Severity: Notice --> Trying to get property of non-object /home2/carolhhp/public_html/democarol.com/homeservices/application/views/front/home.php 91
ERROR - 05/07/2017 03:55 am --> Severity: Notice --> Undefined variable: child_catname /home2/carolhhp/public_html/democarol.com/homeservices/application/views/front/home.php 92
ERROR - 05/07/2017 03:55 am --> Severity: Notice --> Trying to get property of non-object /home2/carolhhp/public_html/democarol.com/homeservices/application/views/front/home.php 92
ERROR - 05/07/2017 03:55 am --> Severity: Notice --> Undefined variable: child_catname /home2/carolhhp/public_html/democarol.com/homeservices/application/views/front/home.php 93
ERROR - 05/07/2017 03:55 am --> Severity: Notice --> Trying to get property of non-object /home2/carolhhp/public_html/democarol.com/homeservices/application/views/front/home.php 93
ERROR - 05/07/2017 03:55 am --> Severity: Notice --> Use of undefined constant php - assumed 'php' /home2/carolhhp/public_html/democarol.com/homeservices/application/views/front/home.php 100
ERROR - 05/07/2017 03:09 pm --> 404 Page Not Found: Assets/front
ERROR - 05/07/2017 03:09 pm --> 404 Page Not Found: Assets/front
ERROR - 05/07/2017 03:09 pm --> 404 Page Not Found: front/Service/badroom_plan
ERROR - 05/07/2017 03:09 pm --> 404 Page Not Found: front/Service/badroom_plan
ERROR - 05/07/2017 03:09 pm --> 404 Page Not Found: front/Service/badroom_plan
ERROR - 05/07/2017 03:14 pm --> 404 Page Not Found: Assets/front
ERROR - 05/07/2017 03:14 pm --> 404 Page Not Found: Assets/front
ERROR - 05/07/2017 03:14 pm --> 404 Page Not Found: Assets/front
ERROR - 05/07/2017 03:14 pm --> 404 Page Not Found: Assets/front
ERROR - 05/07/2017 03:14 pm --> 404 Page Not Found: Assets/front
ERROR - 05/07/2017 03:16 pm --> 404 Page Not Found: Assets/front
ERROR - 05/07/2017 03:16 pm --> 404 Page Not Found: front/Service/badroom_plan
ERROR - 05/07/2017 03:16 pm --> 404 Page Not Found: front/Service/badroom_plan
ERROR - 05/07/2017 03:16 pm --> 404 Page Not Found: front/Service/badroom_plan
ERROR - 05/07/2017 03:16 pm --> 404 Page Not Found: front/Service/badroom_plan
ERROR - 05/07/2017 03:17 pm --> 404 Page Not Found: Assets/front
ERROR - 05/07/2017 03:17 pm --> 404 Page Not Found: Assets/front
ERROR - 05/07/2017 03:17 pm --> 404 Page Not Found: Assets/front
ERROR - 05/07/2017 03:17 pm --> 404 Page Not Found: Assets/front
ERROR - 05/07/2017 03:17 pm --> 404 Page Not Found: Assets/front
ERROR - 05/07/2017 03:17 pm --> 404 Page Not Found: front/Service/badroom_plan
ERROR - 05/07/2017 03:18 pm --> 404 Page Not Found: Assets/front
ERROR - 05/07/2017 03:18 pm --> 404 Page Not Found: Assets/front
ERROR - 05/07/2017 03:18 pm --> 404 Page Not Found: Assets/front
ERROR - 05/07/2017 03:18 pm --> 404 Page Not Found: Assets/front
ERROR - 05/07/2017 03:18 pm --> 404 Page Not Found: Assets/front
ERROR - 05/07/2017 03:18 pm --> 404 Page Not Found: Assets/front
ERROR - 05/07/2017 03:19 pm --> 404 Page Not Found: Assets/front
ERROR - 05/07/2017 03:19 pm --> 404 Page Not Found: Assets/front
ERROR - 05/07/2017 03:19 pm --> 404 Page Not Found: Assets/front
ERROR - 05/07/2017 03:19 pm --> 404 Page Not Found: Assets/front
ERROR - 05/07/2017 03:19 pm --> 404 Page Not Found: Assets/front
ERROR - 05/07/2017 03:19 pm --> 404 Page Not Found: Assets/front
ERROR - 05/07/2017 03:20 pm --> 404 Page Not Found: Assets/front
ERROR - 05/07/2017 03:20 pm --> 404 Page Not Found: Assets/front
ERROR - 05/07/2017 03:20 pm --> 404 Page Not Found: Assets/front
ERROR - 05/07/2017 03:20 pm --> 404 Page Not Found: Assets/front
ERROR - 05/07/2017 03:20 pm --> 404 Page Not Found: Assets/front
ERROR - 05/07/2017 03:47 pm --> 404 Page Not Found: Assets/img
ERROR - 05/07/2017 03:48 pm --> 404 Page Not Found: Assets/img
ERROR - 05/07/2017 03:48 pm --> 404 Page Not Found: Assets/img
ERROR - 05/07/2017 03:48 pm --> 404 Page Not Found: Assets/img
ERROR - 05/07/2017 04:02 pm --> 404 Page Not Found: Assets/img
ERROR - 05/07/2017 04:02 pm --> 404 Page Not Found: Assets/img
ERROR - 05/07/2017 04:03 pm --> 404 Page Not Found: Assets/img
ERROR - 05/07/2017 04:03 pm --> 404 Page Not Found: Assets/img
