ERROR - 02/17/2018 01:49 am --> Query error: Duplicate entry '40d86ea9a0bc20a8dbed485226c3e03f2612369f' for key 'PRIMARY' - Invalid query: INSERT INTO `ai_sessions` (`id`, `ip_address`, `timestamp`, `data`) VALUES ('40d86ea9a0bc20a8dbed485226c3e03f2612369f', '180.76.15.157', 1518812364, '__ci_last_regenerate|i:1518812364;fb_1798431413741569_state|s:32:\"0b8b719a93b2a310f14f78f1b4b5824c\";')
ERROR - 02/17/2018 01:49 am --> Severity: Warning --> Unknown: Failed to write session data (user). Please verify that the current setting of session.save_path is correct (sessions) Unknown 0
ERROR - 02/17/2018 06:27 am --> 404 Page Not Found: Assets/front
ERROR - 02/17/2018 06:27 am --> 404 Page Not Found: front/Service/badroom_plan
ERROR - 02/17/2018 06:27 am --> 404 Page Not Found: front/Service/badroom_plan
ERROR - 02/17/2018 06:27 am --> 404 Page Not Found: front/Service/badroom_plan
ERROR - 02/17/2018 06:28 am --> 404 Page Not Found: Assets/front
ERROR - 02/17/2018 06:28 am --> 404 Page Not Found: Assets/front
ERROR - 02/17/2018 06:28 am --> 404 Page Not Found: Assets/front
ERROR - 02/17/2018 06:28 am --> 404 Page Not Found: Assets/front
ERROR - 02/17/2018 06:28 am --> 404 Page Not Found: Assets/front
ERROR - 02/17/2018 06:29 am --> 404 Page Not Found: Assets/front
ERROR - 02/17/2018 06:30 am --> 404 Page Not Found: front/Service/badroom_plan
ERROR - 02/17/2018 06:30 am --> 404 Page Not Found: front/Service/badroom_plan
ERROR - 02/17/2018 06:30 am --> 404 Page Not Found: front/Service/badroom_plan
ERROR - 02/17/2018 06:30 am --> 404 Page Not Found: front/Service/badroom_plan
ERROR - 02/17/2018 06:30 am --> 404 Page Not Found: front/Service/badroom_plan
ERROR - 02/17/2018 06:30 am --> 404 Page Not Found: front/Service/badroom_plan
ERROR - 02/17/2018 06:34 am --> 404 Page Not Found: Assets/front
ERROR - 02/17/2018 06:34 am --> 404 Page Not Found: front/Service/badroom_plan
ERROR - 02/17/2018 06:34 am --> 404 Page Not Found: front/Service/badroom_plan
ERROR - 02/17/2018 06:34 am --> 404 Page Not Found: front/Service/badroom_plan
ERROR - 02/17/2018 06:34 am --> 404 Page Not Found: front/Service/badroom_plan
ERROR - 02/17/2018 06:34 am --> 404 Page Not Found: front/Service/badroom_plan
ERROR - 02/17/2018 06:35 am --> 404 Page Not Found: Assets/front
ERROR - 02/17/2018 06:35 am --> 404 Page Not Found: Assets/front
ERROR - 02/17/2018 06:35 am --> 404 Page Not Found: Assets/front
ERROR - 02/17/2018 06:35 am --> 404 Page Not Found: Assets/front
ERROR - 02/17/2018 06:35 am --> 404 Page Not Found: Assets/front
ERROR - 02/17/2018 06:39 am --> 404 Page Not Found: Assets/front
ERROR - 02/17/2018 06:39 am --> 404 Page Not Found: Assets/front
ERROR - 02/17/2018 06:39 am --> 404 Page Not Found: Assets/front
ERROR - 02/17/2018 06:39 am --> 404 Page Not Found: Assets/front
ERROR - 02/17/2018 06:39 am --> 404 Page Not Found: Assets/front
ERROR - 02/17/2018 06:40 am --> 404 Page Not Found: Assets/front
ERROR - 02/17/2018 06:40 am --> 404 Page Not Found: Assets/front
ERROR - 02/17/2018 06:48 am --> 404 Page Not Found: Assets/front
ERROR - 02/17/2018 06:48 am --> 404 Page Not Found: Assets/front
ERROR - 02/17/2018 06:48 am --> 404 Page Not Found: Assets/front
ERROR - 02/17/2018 06:48 am --> 404 Page Not Found: Assets/front
ERROR - 02/17/2018 06:48 am --> 404 Page Not Found: Assets/front
ERROR - 02/17/2018 06:49 am --> 404 Page Not Found: Assets/front
ERROR - 02/17/2018 06:52 am --> 404 Page Not Found: Assets/front
ERROR - 02/17/2018 06:52 am --> 404 Page Not Found: front/Service/badroom_plan
ERROR - 02/17/2018 06:52 am --> 404 Page Not Found: front/Service/badroom_plan
ERROR - 02/17/2018 06:52 am --> 404 Page Not Found: Assets/front
ERROR - 02/17/2018 06:52 am --> 404 Page Not Found: Assets/front
ERROR - 02/17/2018 06:52 am --> 404 Page Not Found: Assets/front
ERROR - 02/17/2018 06:52 am --> 404 Page Not Found: Assets/front
ERROR - 02/17/2018 06:52 am --> 404 Page Not Found: Assets/front
ERROR - 02/17/2018 06:52 am --> 404 Page Not Found: Assets/front
ERROR - 02/17/2018 06:53 am --> 404 Page Not Found: Assets/js
ERROR - 02/17/2018 06:53 am --> 404 Page Not Found: Images/photos
ERROR - 02/17/2018 06:59 am --> 404 Page Not Found: Assets/js
ERROR - 02/17/2018 06:59 am --> 404 Page Not Found: Assets/js
ERROR - 02/17/2018 06:59 am --> 404 Page Not Found: Assets/js
ERROR - 02/17/2018 06:59 am --> 404 Page Not Found: Assets/js
ERROR - 02/17/2018 06:59 am --> 404 Page Not Found: Assets/js
ERROR - 02/17/2018 06:59 am --> 404 Page Not Found: Images/photos
ERROR - 02/17/2018 06:59 am --> 404 Page Not Found: Images/loading_spinner.gif
ERROR - 02/17/2018 06:59 am --> 404 Page Not Found: Assets/js
ERROR - 02/17/2018 06:59 am --> 404 Page Not Found: Assets/js
ERROR - 02/17/2018 06:59 am --> 404 Page Not Found: Assets/js
ERROR - 02/17/2018 06:59 am --> 404 Page Not Found: Assets/js
ERROR - 02/17/2018 06:59 am --> 404 Page Not Found: Images/photos
ERROR - 02/17/2018 06:59 am --> 404 Page Not Found: Assets/js
ERROR - 02/17/2018 06:59 am --> 404 Page Not Found: Images/loading_spinner.gif
ERROR - 02/17/2018 06:59 am --> 404 Page Not Found: Assets/js
ERROR - 02/17/2018 06:59 am --> 404 Page Not Found: Assets/js
ERROR - 02/17/2018 06:59 am --> 404 Page Not Found: Assets/js
ERROR - 02/17/2018 06:59 am --> 404 Page Not Found: Images/photos
ERROR - 02/17/2018 06:59 am --> 404 Page Not Found: Assets/js
ERROR - 02/17/2018 06:59 am --> 404 Page Not Found: Js/advanced-datatable
ERROR - 02/17/2018 06:59 am --> 404 Page Not Found: Js/advanced-datatable
ERROR - 02/17/2018 06:59 am --> 404 Page Not Found: Js/advanced-datatable
ERROR - 02/17/2018 06:59 am --> 404 Page Not Found: Js/jquery.dataTables.min.js
ERROR - 02/17/2018 06:59 am --> 404 Page Not Found: Js/dynamic_table_init.js
ERROR - 02/17/2018 06:59 am --> 404 Page Not Found: Js/jquery.dataTables.min.js
ERROR - 02/17/2018 07:00 am --> 404 Page Not Found: Assets/js
ERROR - 02/17/2018 07:00 am --> 404 Page Not Found: Images/photos
ERROR - 02/17/2018 07:03 am --> 404 Page Not Found: Assets/js
ERROR - 02/17/2018 07:03 am --> 404 Page Not Found: Images/photos
ERROR - 02/17/2018 07:03 am --> 404 Page Not Found: Js/advanced-datatable
ERROR - 02/17/2018 07:03 am --> 404 Page Not Found: Js/advanced-datatable
ERROR - 02/17/2018 07:03 am --> 404 Page Not Found: Js/advanced-datatable
ERROR - 02/17/2018 07:03 am --> 404 Page Not Found: Js/jquery.dataTables.min.js
ERROR - 02/17/2018 07:03 am --> 404 Page Not Found: Js/dynamic_table_init.js
ERROR - 02/17/2018 07:03 am --> 404 Page Not Found: Js/jquery.dataTables.min.js
ERROR - 02/17/2018 07:04 am --> 404 Page Not Found: Assets/front
ERROR - 02/17/2018 07:04 am --> 404 Page Not Found: front/Service/badroom_plan
ERROR - 02/17/2018 07:04 am --> 404 Page Not Found: front/Service/badroom_plan
ERROR - 02/17/2018 07:04 am --> 404 Page Not Found: front/Service/badroom_plan
ERROR - 02/17/2018 07:04 am --> 404 Page Not Found: front/Service/badroom_plan
ERROR - 02/17/2018 07:04 am --> 404 Page Not Found: front/Service/badroom_plan
ERROR - 02/17/2018 07:04 am --> 404 Page Not Found: front/Service/badroom_plan
ERROR - 02/17/2018 07:04 am --> 404 Page Not Found: Assets/js
ERROR - 02/17/2018 07:04 am --> 404 Page Not Found: Images/photos
ERROR - 02/17/2018 07:05 am --> 404 Page Not Found: Images/photos
ERROR - 02/17/2018 07:05 am --> 404 Page Not Found: Assets/js
ERROR - 02/17/2018 07:05 am --> 404 Page Not Found: Js/advanced-datatable
ERROR - 02/17/2018 07:05 am --> 404 Page Not Found: Js/advanced-datatable
ERROR - 02/17/2018 07:05 am --> 404 Page Not Found: Js/advanced-datatable
ERROR - 02/17/2018 07:05 am --> 404 Page Not Found: Js/jquery.dataTables.min.js
ERROR - 02/17/2018 07:05 am --> 404 Page Not Found: Js/dynamic_table_init.js
ERROR - 02/17/2018 07:05 am --> 404 Page Not Found: Assets/front
ERROR - 02/17/2018 07:05 am --> 404 Page Not Found: Assets/front
ERROR - 02/17/2018 07:05 am --> 404 Page Not Found: Assets/front
ERROR - 02/17/2018 07:05 am --> 404 Page Not Found: Assets/front
ERROR - 02/17/2018 07:05 am --> 404 Page Not Found: Assets/front
ERROR - 02/17/2018 07:05 am --> 404 Page Not Found: Assets/front
ERROR - 02/17/2018 07:07 am --> 404 Page Not Found: Assets/js
ERROR - 02/17/2018 07:07 am --> 404 Page Not Found: Images/photos
ERROR - 02/17/2018 07:10 am --> 404 Page Not Found: Assets/js
ERROR - 02/17/2018 07:10 am --> 404 Page Not Found: Images/photos
ERROR - 02/17/2018 07:10 am --> 404 Page Not Found: Js/advanced-datatable
ERROR - 02/17/2018 07:10 am --> 404 Page Not Found: Js/advanced-datatable
ERROR - 02/17/2018 07:10 am --> 404 Page Not Found: Js/advanced-datatable
ERROR - 02/17/2018 07:10 am --> 404 Page Not Found: Js/dynamic_table_init.js
ERROR - 02/17/2018 07:10 am --> 404 Page Not Found: Js/jquery.dataTables.min.js
ERROR - 02/17/2018 07:10 am --> 404 Page Not Found: Assets/front
ERROR - 02/17/2018 07:10 am --> 404 Page Not Found: Assets/front
ERROR - 02/17/2018 07:10 am --> 404 Page Not Found: Assets/front
ERROR - 02/17/2018 07:10 am --> 404 Page Not Found: Assets/front
ERROR - 02/17/2018 07:10 am --> 404 Page Not Found: Assets/front
ERROR - 02/17/2018 07:10 am --> 404 Page Not Found: Assets/front
ERROR - 02/17/2018 07:11 am --> 404 Page Not Found: Assets/front
ERROR - 02/17/2018 07:11 am --> 404 Page Not Found: front/Service/badroom_plan
ERROR - 02/17/2018 07:11 am --> 404 Page Not Found: front/Service/badroom_plan
ERROR - 02/17/2018 07:12 am --> 404 Page Not Found: Assets/front
ERROR - 02/17/2018 07:12 am --> 404 Page Not Found: front/Service/badroom_plan
ERROR - 02/17/2018 07:14 am --> 404 Page Not Found: Assets/js
ERROR - 02/17/2018 07:14 am --> 404 Page Not Found: Images/photos
ERROR - 02/17/2018 07:16 am --> 404 Page Not Found: Assets/front
ERROR - 02/17/2018 07:16 am --> 404 Page Not Found: front/Service/badroom_plan
ERROR - 02/17/2018 07:16 am --> 404 Page Not Found: front/Service/badroom_plan
ERROR - 02/17/2018 07:16 am --> 404 Page Not Found: front/Service/badroom_plan
ERROR - 02/17/2018 07:19 am --> 404 Page Not Found: Images/photos
ERROR - 02/17/2018 07:19 am --> 404 Page Not Found: Assets/js
ERROR - 02/17/2018 07:19 am --> 404 Page Not Found: Js/advanced-datatable
ERROR - 02/17/2018 07:19 am --> 404 Page Not Found: Js/advanced-datatable
ERROR - 02/17/2018 07:19 am --> 404 Page Not Found: Js/advanced-datatable
ERROR - 02/17/2018 07:19 am --> 404 Page Not Found: Js/dynamic_table_init.js
ERROR - 02/17/2018 07:19 am --> 404 Page Not Found: Js/jquery.dataTables.min.js
ERROR - 02/17/2018 07:20 am --> 404 Page Not Found: Assets/js
ERROR - 02/17/2018 07:20 am --> 404 Page Not Found: Images/photos
ERROR - 02/17/2018 07:22 am --> 404 Page Not Found: Assets/js
ERROR - 02/17/2018 07:22 am --> 404 Page Not Found: Images/photos
ERROR - 02/17/2018 07:22 am --> 404 Page Not Found: Js/advanced-datatable
ERROR - 02/17/2018 07:22 am --> 404 Page Not Found: Js/advanced-datatable
ERROR - 02/17/2018 07:22 am --> 404 Page Not Found: Js/advanced-datatable
ERROR - 02/17/2018 07:22 am --> 404 Page Not Found: Js/jquery.dataTables.min.js
ERROR - 02/17/2018 07:22 am --> 404 Page Not Found: Js/dynamic_table_init.js
ERROR - 02/17/2018 07:22 am --> 404 Page Not Found: Js/jquery.dataTables.min.js
ERROR - 02/17/2018 07:22 am --> 404 Page Not Found: Images/photos
ERROR - 02/17/2018 07:22 am --> 404 Page Not Found: Assets/js
ERROR - 02/17/2018 07:22 am --> 404 Page Not Found: Assets/front
ERROR - 02/17/2018 07:22 am --> 404 Page Not Found: front/Service/badroom_plan
ERROR - 02/17/2018 07:22 am --> 404 Page Not Found: front/Service/badroom_plan
ERROR - 02/17/2018 07:22 am --> 404 Page Not Found: front/Service/badroom_plan
ERROR - 02/17/2018 07:23 am --> 404 Page Not Found: Assets/front
ERROR - 02/17/2018 07:23 am --> 404 Page Not Found: Assets/front
ERROR - 02/17/2018 07:23 am --> 404 Page Not Found: Assets/front
ERROR - 02/17/2018 07:23 am --> 404 Page Not Found: Assets/front
ERROR - 02/17/2018 07:23 am --> 404 Page Not Found: Assets/front
ERROR - 02/17/2018 07:25 am --> 404 Page Not Found: Assets/front
ERROR - 02/17/2018 07:27 am --> 404 Page Not Found: Assets/front
ERROR - 02/17/2018 07:28 am --> 404 Page Not Found: front/Service/badroom_plan
ERROR - 02/17/2018 07:28 am --> 404 Page Not Found: front/Service/badroom_plan
ERROR - 02/17/2018 07:28 am --> 404 Page Not Found: front/Service/badroom_plan
ERROR - 02/17/2018 07:28 am --> 404 Page Not Found: Assets/front
ERROR - 02/17/2018 07:28 am --> 404 Page Not Found: Assets/front
ERROR - 02/17/2018 07:28 am --> 404 Page Not Found: Assets/front
ERROR - 02/17/2018 07:28 am --> 404 Page Not Found: Assets/front
ERROR - 02/17/2018 07:28 am --> 404 Page Not Found: Assets/front
ERROR - 02/17/2018 07:28 am --> 404 Page Not Found: front/Service/badroom_plan
ERROR - 02/17/2018 07:28 am --> 404 Page Not Found: front/Service/badroom_plan
ERROR - 02/17/2018 07:28 am --> 404 Page Not Found: front/Service/badroom_plan
ERROR - 02/17/2018 07:28 am --> 404 Page Not Found: Assets/js
ERROR - 02/17/2018 07:28 am --> 404 Page Not Found: Images/photos
ERROR - 02/17/2018 07:28 am --> 404 Page Not Found: Js/advanced-datatable
ERROR - 02/17/2018 07:28 am --> 404 Page Not Found: Js/advanced-datatable
ERROR - 02/17/2018 07:28 am --> 404 Page Not Found: Js/advanced-datatable
ERROR - 02/17/2018 07:28 am --> 404 Page Not Found: Js/dynamic_table_init.js
ERROR - 02/17/2018 07:28 am --> 404 Page Not Found: Js/jquery.dataTables.min.js
ERROR - 02/17/2018 07:29 am --> 404 Page Not Found: Images/photos
ERROR - 02/17/2018 07:29 am --> 404 Page Not Found: Assets/js
ERROR - 02/17/2018 07:30 am --> 404 Page Not Found: Images/photos
ERROR - 02/17/2018 07:30 am --> 404 Page Not Found: Assets/js
ERROR - 02/17/2018 07:30 am --> 404 Page Not Found: Js/advanced-datatable
ERROR - 02/17/2018 07:30 am --> 404 Page Not Found: Js/advanced-datatable
ERROR - 02/17/2018 07:30 am --> 404 Page Not Found: Js/advanced-datatable
ERROR - 02/17/2018 07:30 am --> 404 Page Not Found: Js/dynamic_table_init.js
ERROR - 02/17/2018 07:30 am --> 404 Page Not Found: Js/jquery.dataTables.min.js
ERROR - 02/17/2018 07:31 am --> 404 Page Not Found: Assets/js
ERROR - 02/17/2018 07:31 am --> 404 Page Not Found: Images/photos
ERROR - 02/17/2018 07:32 am --> 404 Page Not Found: Assets/front
ERROR - 02/17/2018 07:34 am --> 404 Page Not Found: Assets/front
ERROR - 02/17/2018 07:34 am --> 404 Page Not Found: front/Service/badroom_plan
ERROR - 02/17/2018 07:34 am --> 404 Page Not Found: front/Service/badroom_plan
ERROR - 02/17/2018 07:34 am --> 404 Page Not Found: front/Service/badroom_plan
ERROR - 02/17/2018 07:35 am --> 404 Page Not Found: front/Service/badroom_plan
ERROR - 02/17/2018 07:35 am --> 404 Page Not Found: front/Service/badroom_plan
ERROR - 02/17/2018 07:35 am --> 404 Page Not Found: front/Service/badroom_plan
ERROR - 02/17/2018 07:35 am --> 404 Page Not Found: Assets/js
ERROR - 02/17/2018 07:35 am --> 404 Page Not Found: Images/photos
ERROR - 02/17/2018 07:35 am --> 404 Page Not Found: Assets/js
ERROR - 02/17/2018 07:35 am --> 404 Page Not Found: Assets/js
ERROR - 02/17/2018 07:35 am --> 404 Page Not Found: Assets/js
ERROR - 02/17/2018 07:35 am --> 404 Page Not Found: Images/loading_spinner.gif
ERROR - 02/17/2018 07:35 am --> 404 Page Not Found: Assets/js
ERROR - 02/17/2018 07:35 am --> 404 Page Not Found: Assets/js
ERROR - 02/17/2018 07:35 am --> 404 Page Not Found: Assets/js
ERROR - 02/17/2018 07:35 am --> 404 Page Not Found: Images/photos
ERROR - 02/17/2018 07:35 am --> 404 Page Not Found: Assets/js
ERROR - 02/17/2018 07:35 am --> 404 Page Not Found: Images/loading_spinner.gif
ERROR - 02/17/2018 07:35 am --> 404 Page Not Found: Assets/js
ERROR - 02/17/2018 07:35 am --> 404 Page Not Found: Assets/js
ERROR - 02/17/2018 07:35 am --> 404 Page Not Found: Assets/js
ERROR - 02/17/2018 07:35 am --> 404 Page Not Found: Images/photos
ERROR - 02/17/2018 07:35 am --> 404 Page Not Found: Js/advanced-datatable
ERROR - 02/17/2018 07:35 am --> 404 Page Not Found: Js/advanced-datatable
ERROR - 02/17/2018 07:35 am --> 404 Page Not Found: Js/advanced-datatable
ERROR - 02/17/2018 07:35 am --> 404 Page Not Found: Js/dynamic_table_init.js
ERROR - 02/17/2018 07:35 am --> 404 Page Not Found: Js/jquery.dataTables.min.js
ERROR - 02/17/2018 07:35 am --> 404 Page Not Found: Images/photos
ERROR - 02/17/2018 07:35 am --> 404 Page Not Found: Assets/js
ERROR - 02/17/2018 07:36 am --> 404 Page Not Found: Assets/front
ERROR - 02/17/2018 07:36 am --> 404 Page Not Found: Assets/front
ERROR - 02/17/2018 07:36 am --> 404 Page Not Found: Assets/front
ERROR - 02/17/2018 07:36 am --> 404 Page Not Found: Assets/front
ERROR - 02/17/2018 07:36 am --> 404 Page Not Found: Assets/front
ERROR - 02/17/2018 07:40 am --> 404 Page Not Found: Assets/front
ERROR - 02/17/2018 07:40 am --> 404 Page Not Found: front/Service/badroom_plan
ERROR - 02/17/2018 07:40 am --> 404 Page Not Found: front/Service/badroom_plan
ERROR - 02/17/2018 07:41 am --> 404 Page Not Found: Images/photos
ERROR - 02/17/2018 07:41 am --> 404 Page Not Found: Assets/js
ERROR - 02/17/2018 07:41 am --> 404 Page Not Found: Js/advanced-datatable
ERROR - 02/17/2018 07:41 am --> 404 Page Not Found: Js/advanced-datatable
ERROR - 02/17/2018 07:41 am --> 404 Page Not Found: Js/advanced-datatable
ERROR - 02/17/2018 07:41 am --> 404 Page Not Found: Js/dynamic_table_init.js
ERROR - 02/17/2018 07:41 am --> 404 Page Not Found: Js/jquery.dataTables.min.js
ERROR - 02/17/2018 07:41 am --> 404 Page Not Found: Assets/js
ERROR - 02/17/2018 07:41 am --> 404 Page Not Found: Images/photos
ERROR - 02/17/2018 07:42 am --> 404 Page Not Found: Images/photos
ERROR - 02/17/2018 07:42 am --> 404 Page Not Found: Assets/js
ERROR - 02/17/2018 07:42 am --> 404 Page Not Found: Js/advanced-datatable
ERROR - 02/17/2018 07:42 am --> 404 Page Not Found: Js/advanced-datatable
ERROR - 02/17/2018 07:42 am --> 404 Page Not Found: Js/advanced-datatable
ERROR - 02/17/2018 07:42 am --> 404 Page Not Found: Js/jquery.dataTables.min.js
ERROR - 02/17/2018 07:42 am --> 404 Page Not Found: Js/dynamic_table_init.js
ERROR - 02/17/2018 07:42 am --> 404 Page Not Found: Js/jquery.dataTables.min.js
ERROR - 02/17/2018 07:42 am --> 404 Page Not Found: Assets/front
ERROR - 02/17/2018 07:43 am --> 404 Page Not Found: Images/photos
ERROR - 02/17/2018 07:43 am --> 404 Page Not Found: Assets/js
ERROR - 02/17/2018 07:43 am --> 404 Page Not Found: Assets/js
ERROR - 02/17/2018 07:43 am --> 404 Page Not Found: Images/photos
ERROR - 02/17/2018 07:43 am --> 404 Page Not Found: Js/advanced-datatable
ERROR - 02/17/2018 07:43 am --> 404 Page Not Found: Js/advanced-datatable
ERROR - 02/17/2018 07:43 am --> 404 Page Not Found: Js/advanced-datatable
ERROR - 02/17/2018 07:43 am --> 404 Page Not Found: Js/jquery.dataTables.min.js
ERROR - 02/17/2018 07:43 am --> 404 Page Not Found: Js/dynamic_table_init.js
ERROR - 02/17/2018 07:43 am --> 404 Page Not Found: Js/jquery.dataTables.min.js
ERROR - 02/17/2018 07:43 am --> 404 Page Not Found: Assets/front
ERROR - 02/17/2018 07:44 am --> 404 Page Not Found: Assets/front
ERROR - 02/17/2018 07:44 am --> 404 Page Not Found: Images/photos
ERROR - 02/17/2018 07:44 am --> 404 Page Not Found: Assets/js
ERROR - 02/17/2018 07:45 am --> 404 Page Not Found: Assets/js
ERROR - 02/17/2018 07:45 am --> 404 Page Not Found: Images/photos
ERROR - 02/17/2018 07:45 am --> 404 Page Not Found: Js/advanced-datatable
ERROR - 02/17/2018 07:45 am --> 404 Page Not Found: Js/advanced-datatable
ERROR - 02/17/2018 07:45 am --> 404 Page Not Found: Js/advanced-datatable
ERROR - 02/17/2018 07:45 am --> 404 Page Not Found: Js/dynamic_table_init.js
ERROR - 02/17/2018 07:45 am --> 404 Page Not Found: Js/jquery.dataTables.min.js
ERROR - 02/17/2018 07:45 am --> 404 Page Not Found: Assets/js
ERROR - 02/17/2018 07:45 am --> 404 Page Not Found: Images/photos
ERROR - 02/17/2018 07:45 am --> 404 Page Not Found: Assets/js
ERROR - 02/17/2018 07:45 am --> 404 Page Not Found: Js/advanced-datatable
ERROR - 02/17/2018 07:45 am --> 404 Page Not Found: Js/advanced-datatable
ERROR - 02/17/2018 07:45 am --> 404 Page Not Found: Js/jquery.dataTables.min.js
ERROR - 02/17/2018 07:45 am --> 404 Page Not Found: Assets/js
ERROR - 02/17/2018 07:45 am --> 404 Page Not Found: Images/photos
ERROR - 02/17/2018 07:46 am --> 404 Page Not Found: Images/photos
ERROR - 02/17/2018 07:46 am --> 404 Page Not Found: Assets/js
ERROR - 02/17/2018 07:46 am --> 404 Page Not Found: Js/advanced-datatable
ERROR - 02/17/2018 07:46 am --> 404 Page Not Found: Js/advanced-datatable
ERROR - 02/17/2018 07:46 am --> 404 Page Not Found: Js/advanced-datatable
ERROR - 02/17/2018 07:46 am --> 404 Page Not Found: Js/dynamic_table_init.js
ERROR - 02/17/2018 07:46 am --> 404 Page Not Found: Js/jquery.dataTables.min.js
ERROR - 02/17/2018 07:46 am --> 404 Page Not Found: Assets/front
ERROR - 02/17/2018 07:46 am --> 404 Page Not Found: Assets/front
ERROR - 02/17/2018 07:46 am --> 404 Page Not Found: Assets/front
ERROR - 02/17/2018 07:46 am --> 404 Page Not Found: Assets/front
ERROR - 02/17/2018 07:46 am --> 404 Page Not Found: Assets/front
ERROR - 02/17/2018 07:46 am --> 404 Page Not Found: Assets/front
ERROR - 02/17/2018 07:53 am --> 404 Page Not Found: Images/photos
ERROR - 02/17/2018 07:53 am --> 404 Page Not Found: Assets/js
ERROR - 02/17/2018 07:53 am --> 404 Page Not Found: Assets/js
ERROR - 02/17/2018 07:53 am --> 404 Page Not Found: Images/photos
ERROR - 02/17/2018 07:53 am --> 404 Page Not Found: Js/advanced-datatable
ERROR - 02/17/2018 07:53 am --> 404 Page Not Found: Js/dynamic_table_init.js
ERROR - 02/17/2018 07:53 am --> 404 Page Not Found: Js/jquery.dataTables.min.js
ERROR - 02/17/2018 07:53 am --> 404 Page Not Found: Images/photos
ERROR - 02/17/2018 07:53 am --> 404 Page Not Found: Assets/js
ERROR - 02/17/2018 07:54 am --> 404 Page Not Found: Assets/js
ERROR - 02/17/2018 07:54 am --> 404 Page Not Found: Images/photos
ERROR - 02/17/2018 07:54 am --> 404 Page Not Found: Js/advanced-datatable
ERROR - 02/17/2018 07:54 am --> 404 Page Not Found: Js/advanced-datatable
ERROR - 02/17/2018 07:54 am --> 404 Page Not Found: Js/advanced-datatable
ERROR - 02/17/2018 07:54 am --> 404 Page Not Found: Js/dynamic_table_init.js
ERROR - 02/17/2018 07:54 am --> 404 Page Not Found: Js/jquery.dataTables.min.js
ERROR - 02/17/2018 07:54 am --> 404 Page Not Found: Assets/front
ERROR - 02/17/2018 07:55 am --> 404 Page Not Found: Images/photos
ERROR - 02/17/2018 07:55 am --> 404 Page Not Found: Assets/js
ERROR - 02/17/2018 07:57 am --> 404 Page Not Found: Assets/js
ERROR - 02/17/2018 07:57 am --> 404 Page Not Found: Images/photos
ERROR - 02/17/2018 07:57 am --> 404 Page Not Found: Js/advanced-datatable
ERROR - 02/17/2018 07:57 am --> 404 Page Not Found: Js/advanced-datatable
ERROR - 02/17/2018 07:57 am --> 404 Page Not Found: Js/advanced-datatable
ERROR - 02/17/2018 07:57 am --> 404 Page Not Found: Js/jquery.dataTables.min.js
ERROR - 02/17/2018 07:57 am --> 404 Page Not Found: Js/dynamic_table_init.js
ERROR - 02/17/2018 07:57 am --> 404 Page Not Found: Js/jquery.dataTables.min.js
ERROR - 02/17/2018 07:57 am --> 404 Page Not Found: Assets/front
ERROR - 02/17/2018 07:57 am --> 404 Page Not Found: front/Service/badroom_plan
ERROR - 02/17/2018 07:57 am --> 404 Page Not Found: front/Service/badroom_plan
ERROR - 02/17/2018 07:57 am --> 404 Page Not Found: Assets/front
ERROR - 02/17/2018 07:57 am --> 404 Page Not Found: Assets/front
ERROR - 02/17/2018 07:57 am --> 404 Page Not Found: Assets/front
ERROR - 02/17/2018 07:57 am --> 404 Page Not Found: Assets/front
ERROR - 02/17/2018 07:57 am --> 404 Page Not Found: Assets/front
ERROR - 02/17/2018 07:57 am --> 404 Page Not Found: Assets/front
ERROR - 02/17/2018 08:03 am --> 404 Page Not Found: Assets/front
ERROR - 02/17/2018 08:03 am --> 404 Page Not Found: Assets/js
ERROR - 02/17/2018 08:03 am --> 404 Page Not Found: Images/photos
ERROR - 02/17/2018 08:05 am --> 404 Page Not Found: Assets/js
ERROR - 02/17/2018 08:05 am --> 404 Page Not Found: Images/photos
ERROR - 02/17/2018 08:05 am --> 404 Page Not Found: Js/advanced-datatable
ERROR - 02/17/2018 08:05 am --> 404 Page Not Found: Js/advanced-datatable
ERROR - 02/17/2018 08:05 am --> 404 Page Not Found: Js/advanced-datatable
ERROR - 02/17/2018 08:05 am --> 404 Page Not Found: Js/dynamic_table_init.js
ERROR - 02/17/2018 08:05 am --> 404 Page Not Found: Js/jquery.dataTables.min.js
ERROR - 02/17/2018 08:05 am --> 404 Page Not Found: Assets/front
ERROR - 02/17/2018 08:05 am --> 404 Page Not Found: Assets/js
ERROR - 02/17/2018 08:05 am --> 404 Page Not Found: Images/photos
ERROR - 02/17/2018 08:08 am --> 404 Page Not Found: Assets/js
ERROR - 02/17/2018 08:08 am --> 404 Page Not Found: Images/photos
ERROR - 02/17/2018 08:08 am --> 404 Page Not Found: Js/advanced-datatable
ERROR - 02/17/2018 08:08 am --> 404 Page Not Found: Js/advanced-datatable
ERROR - 02/17/2018 08:08 am --> 404 Page Not Found: Js/advanced-datatable
ERROR - 02/17/2018 08:08 am --> 404 Page Not Found: Js/dynamic_table_init.js
ERROR - 02/17/2018 08:08 am --> 404 Page Not Found: Js/jquery.dataTables.min.js
ERROR - 02/17/2018 08:08 am --> 404 Page Not Found: Images/photos
ERROR - 02/17/2018 08:08 am --> 404 Page Not Found: Assets/js
ERROR - 02/17/2018 08:08 am --> 404 Page Not Found: Assets/front
ERROR - 02/17/2018 08:08 am --> 404 Page Not Found: Assets/front
ERROR - 02/17/2018 08:08 am --> 404 Page Not Found: Assets/front
ERROR - 02/17/2018 08:08 am --> 404 Page Not Found: Assets/front
ERROR - 02/17/2018 08:08 am --> 404 Page Not Found: Assets/front
ERROR - 02/17/2018 08:08 am --> 404 Page Not Found: Assets/front
ERROR - 02/17/2018 08:08 am --> 404 Page Not Found: Assets/front
ERROR - 02/17/2018 08:10 am --> 404 Page Not Found: Assets/front
ERROR - 02/17/2018 08:11 am --> 404 Page Not Found: Assets/front
ERROR - 02/17/2018 08:11 am --> 404 Page Not Found: Assets/js
ERROR - 02/17/2018 08:11 am --> 404 Page Not Found: Images/photos
ERROR - 02/17/2018 08:11 am --> 404 Page Not Found: Js/advanced-datatable
ERROR - 02/17/2018 08:11 am --> 404 Page Not Found: Js/advanced-datatable
ERROR - 02/17/2018 08:11 am --> 404 Page Not Found: Js/advanced-datatable
ERROR - 02/17/2018 08:11 am --> 404 Page Not Found: Js/jquery.dataTables.min.js
ERROR - 02/17/2018 08:11 am --> 404 Page Not Found: Js/dynamic_table_init.js
ERROR - 02/17/2018 08:11 am --> 404 Page Not Found: Js/jquery.dataTables.min.js
ERROR - 02/17/2018 08:12 am --> 404 Page Not Found: Images/photos
ERROR - 02/17/2018 08:12 am --> 404 Page Not Found: Assets/js
ERROR - 02/17/2018 08:12 am --> 404 Page Not Found: Assets/js
ERROR - 02/17/2018 08:12 am --> 404 Page Not Found: Images/photos
ERROR - 02/17/2018 08:12 am --> 404 Page Not Found: Js/advanced-datatable
ERROR - 02/17/2018 08:12 am --> 404 Page Not Found: Js/advanced-datatable
ERROR - 02/17/2018 08:12 am --> 404 Page Not Found: Js/advanced-datatable
ERROR - 02/17/2018 08:12 am --> 404 Page Not Found: Js/dynamic_table_init.js
ERROR - 02/17/2018 08:12 am --> 404 Page Not Found: Js/jquery.dataTables.min.js
ERROR - 02/17/2018 08:12 am --> 404 Page Not Found: Assets/front
ERROR - 02/17/2018 08:12 am --> 404 Page Not Found: Assets/front
ERROR - 02/17/2018 08:12 am --> 404 Page Not Found: Assets/front
ERROR - 02/17/2018 08:12 am --> 404 Page Not Found: Assets/front
ERROR - 02/17/2018 08:12 am --> 404 Page Not Found: Assets/front
ERROR - 02/17/2018 08:15 am --> 404 Page Not Found: Assets/front
ERROR - 02/17/2018 08:15 am --> 404 Page Not Found: front/Service/badroom_plan
ERROR - 02/17/2018 08:15 am --> 404 Page Not Found: Assets/js
ERROR - 02/17/2018 08:15 am --> 404 Page Not Found: Images/photos
ERROR - 02/17/2018 08:16 am --> 404 Page Not Found: Assets/js
ERROR - 02/17/2018 08:16 am --> 404 Page Not Found: Images/photos
ERROR - 02/17/2018 08:16 am --> 404 Page Not Found: Js/advanced-datatable
ERROR - 02/17/2018 08:16 am --> 404 Page Not Found: Js/advanced-datatable
ERROR - 02/17/2018 08:16 am --> 404 Page Not Found: Js/advanced-datatable
ERROR - 02/17/2018 08:16 am --> 404 Page Not Found: Js/dynamic_table_init.js
ERROR - 02/17/2018 08:16 am --> 404 Page Not Found: Js/jquery.dataTables.min.js
ERROR - 02/17/2018 08:17 am --> 404 Page Not Found: Assets/front
ERROR - 02/17/2018 08:17 am --> 404 Page Not Found: front/Service/badroom_plan
ERROR - 02/17/2018 08:18 am --> 404 Page Not Found: Assets/js
ERROR - 02/17/2018 08:18 am --> 404 Page Not Found: Images/photos
ERROR - 02/17/2018 08:19 am --> 404 Page Not Found: Images/photos
ERROR - 02/17/2018 08:19 am --> 404 Page Not Found: Assets/js
ERROR - 02/17/2018 08:19 am --> 404 Page Not Found: Js/advanced-datatable
ERROR - 02/17/2018 08:19 am --> 404 Page Not Found: Js/advanced-datatable
ERROR - 02/17/2018 08:19 am --> 404 Page Not Found: Js/advanced-datatable
ERROR - 02/17/2018 08:19 am --> 404 Page Not Found: Js/dynamic_table_init.js
ERROR - 02/17/2018 08:19 am --> 404 Page Not Found: Js/jquery.dataTables.min.js
ERROR - 02/17/2018 08:19 am --> 404 Page Not Found: Assets/front
ERROR - 02/17/2018 08:19 am --> 404 Page Not Found: Assets/front
ERROR - 02/17/2018 08:19 am --> 404 Page Not Found: Assets/front
ERROR - 02/17/2018 08:19 am --> 404 Page Not Found: Assets/front
ERROR - 02/17/2018 08:19 am --> 404 Page Not Found: Assets/front
ERROR - 02/17/2018 08:19 am --> 404 Page Not Found: Assets/front
ERROR - 02/17/2018 08:21 am --> 404 Page Not Found: Assets/front
ERROR - 02/17/2018 08:22 am --> 404 Page Not Found: Assets/front
ERROR - 02/17/2018 08:22 am --> 404 Page Not Found: Assets/front
ERROR - 02/17/2018 08:22 am --> 404 Page Not Found: Assets/front
ERROR - 02/17/2018 08:22 am --> 404 Page Not Found: Assets/front
ERROR - 02/17/2018 08:22 am --> 404 Page Not Found: Assets/front
ERROR - 02/17/2018 08:22 am --> 404 Page Not Found: Images/photos
ERROR - 02/17/2018 08:22 am --> 404 Page Not Found: Assets/js
ERROR - 02/17/2018 08:24 am --> 404 Page Not Found: Images/photos
ERROR - 02/17/2018 08:24 am --> 404 Page Not Found: Assets/js
ERROR - 02/17/2018 08:24 am --> 404 Page Not Found: Js/advanced-datatable
ERROR - 02/17/2018 08:24 am --> 404 Page Not Found: Js/advanced-datatable
ERROR - 02/17/2018 08:24 am --> 404 Page Not Found: Js/advanced-datatable
ERROR - 02/17/2018 08:24 am --> 404 Page Not Found: Js/dynamic_table_init.js
ERROR - 02/17/2018 08:24 am --> 404 Page Not Found: Js/jquery.dataTables.min.js
ERROR - 02/17/2018 08:24 am --> 404 Page Not Found: Assets/front
ERROR - 02/17/2018 08:27 am --> 404 Page Not Found: Assets/front
ERROR - 02/17/2018 08:28 am --> 404 Page Not Found: Assets/js
ERROR - 02/17/2018 08:28 am --> 404 Page Not Found: Images/photos
ERROR - 02/17/2018 08:28 am --> 404 Page Not Found: Assets/js
ERROR - 02/17/2018 08:28 am --> 404 Page Not Found: Images/photos
ERROR - 02/17/2018 08:28 am --> 404 Page Not Found: Js/advanced-datatable
ERROR - 02/17/2018 08:28 am --> 404 Page Not Found: Js/advanced-datatable
ERROR - 02/17/2018 08:28 am --> 404 Page Not Found: Js/advanced-datatable
ERROR - 02/17/2018 08:28 am --> 404 Page Not Found: Js/dynamic_table_init.js
ERROR - 02/17/2018 08:28 am --> 404 Page Not Found: Js/jquery.dataTables.min.js
ERROR - 02/17/2018 08:29 am --> 404 Page Not Found: Assets/front
ERROR - 02/17/2018 08:29 am --> 404 Page Not Found: front/Service/badroom_plan
ERROR - 02/17/2018 08:29 am --> 404 Page Not Found: front/Service/badroom_plan
ERROR - 02/17/2018 08:29 am --> 404 Page Not Found: Images/photos
ERROR - 02/17/2018 08:29 am --> 404 Page Not Found: Assets/js
ERROR - 02/17/2018 08:31 am --> 404 Page Not Found: Assets/js
ERROR - 02/17/2018 08:31 am --> 404 Page Not Found: Images/photos
ERROR - 02/17/2018 08:31 am --> 404 Page Not Found: Js/advanced-datatable
ERROR - 02/17/2018 08:31 am --> 404 Page Not Found: Js/advanced-datatable
ERROR - 02/17/2018 08:31 am --> 404 Page Not Found: Js/advanced-datatable
ERROR - 02/17/2018 08:31 am --> 404 Page Not Found: Js/jquery.dataTables.min.js
ERROR - 02/17/2018 08:31 am --> 404 Page Not Found: Js/dynamic_table_init.js
ERROR - 02/17/2018 08:31 am --> 404 Page Not Found: Js/jquery.dataTables.min.js
ERROR - 02/17/2018 08:32 am --> 404 Page Not Found: Assets/front
ERROR - 02/17/2018 08:32 am --> 404 Page Not Found: Assets/js
ERROR - 02/17/2018 08:32 am --> 404 Page Not Found: Images/photos
ERROR - 02/17/2018 08:33 am --> 404 Page Not Found: Images/photos
ERROR - 02/17/2018 08:33 am --> 404 Page Not Found: Assets/js
ERROR - 02/17/2018 08:33 am --> 404 Page Not Found: Js/advanced-datatable
ERROR - 02/17/2018 08:33 am --> 404 Page Not Found: Js/advanced-datatable
ERROR - 02/17/2018 08:33 am --> 404 Page Not Found: Js/advanced-datatable
ERROR - 02/17/2018 08:33 am --> 404 Page Not Found: Js/jquery.dataTables.min.js
ERROR - 02/17/2018 08:33 am --> 404 Page Not Found: Js/dynamic_table_init.js
ERROR - 02/17/2018 08:33 am --> 404 Page Not Found: Js/jquery.dataTables.min.js
ERROR - 02/17/2018 08:34 am --> 404 Page Not Found: Assets/front
ERROR - 02/17/2018 08:35 am --> 404 Page Not Found: Assets/js
ERROR - 02/17/2018 08:35 am --> 404 Page Not Found: Images/photos
ERROR - 02/17/2018 08:36 am --> 404 Page Not Found: Assets/js
ERROR - 02/17/2018 08:36 am --> 404 Page Not Found: Images/photos
ERROR - 02/17/2018 08:36 am --> 404 Page Not Found: Js/advanced-datatable
ERROR - 02/17/2018 08:36 am --> 404 Page Not Found: Js/advanced-datatable
ERROR - 02/17/2018 08:36 am --> 404 Page Not Found: Js/advanced-datatable
ERROR - 02/17/2018 08:36 am --> 404 Page Not Found: Js/jquery.dataTables.min.js
ERROR - 02/17/2018 08:36 am --> 404 Page Not Found: Js/dynamic_table_init.js
ERROR - 02/17/2018 08:36 am --> 404 Page Not Found: Js/jquery.dataTables.min.js
ERROR - 02/17/2018 09:28 am --> 404 Page Not Found: Assets/front
ERROR - 02/17/2018 09:28 am --> 404 Page Not Found: Assets/front
ERROR - 02/17/2018 09:29 am --> 404 Page Not Found: Assets/front
ERROR - 02/17/2018 09:31 am --> 404 Page Not Found: Assets/js
ERROR - 02/17/2018 09:31 am --> 404 Page Not Found: Images/photos
ERROR - 02/17/2018 09:32 am --> 404 Page Not Found: Images/photos
ERROR - 02/17/2018 09:32 am --> 404 Page Not Found: Assets/js
ERROR - 02/17/2018 09:32 am --> 404 Page Not Found: Js/advanced-datatable
ERROR - 02/17/2018 09:32 am --> 404 Page Not Found: Js/advanced-datatable
ERROR - 02/17/2018 09:32 am --> 404 Page Not Found: Js/advanced-datatable
ERROR - 02/17/2018 09:32 am --> 404 Page Not Found: Js/dynamic_table_init.js
ERROR - 02/17/2018 09:32 am --> 404 Page Not Found: Js/jquery.dataTables.min.js
ERROR - 02/17/2018 09:32 am --> 404 Page Not Found: Assets/front
ERROR - 02/17/2018 09:33 am --> 404 Page Not Found: Assets/front
ERROR - 02/17/2018 09:33 am --> 404 Page Not Found: Assets/js
ERROR - 02/17/2018 09:33 am --> 404 Page Not Found: Images/photos
ERROR - 02/17/2018 09:34 am --> 404 Page Not Found: Assets/front
ERROR - 02/17/2018 09:34 am --> 404 Page Not Found: Assets/front
ERROR - 02/17/2018 09:34 am --> 404 Page Not Found: Assets/front
ERROR - 02/17/2018 09:34 am --> 404 Page Not Found: Assets/front
ERROR - 02/17/2018 09:34 am --> 404 Page Not Found: Assets/front
ERROR - 02/17/2018 09:34 am --> 404 Page Not Found: Assets/front
ERROR - 02/17/2018 09:35 am --> 404 Page Not Found: Assets/front
ERROR - 02/17/2018 09:35 am --> 404 Page Not Found: Images/photos
ERROR - 02/17/2018 09:35 am --> 404 Page Not Found: Assets/js
ERROR - 02/17/2018 09:35 am --> 404 Page Not Found: Js/advanced-datatable
ERROR - 02/17/2018 09:35 am --> 404 Page Not Found: Js/advanced-datatable
ERROR - 02/17/2018 09:35 am --> 404 Page Not Found: Js/advanced-datatable
ERROR - 02/17/2018 09:35 am --> 404 Page Not Found: Js/dynamic_table_init.js
ERROR - 02/17/2018 09:35 am --> 404 Page Not Found: Js/jquery.dataTables.min.js
ERROR - 02/17/2018 09:35 am --> 404 Page Not Found: Images/photos
ERROR - 02/17/2018 09:35 am --> 404 Page Not Found: Assets/js
ERROR - 02/17/2018 09:37 am --> 404 Page Not Found: Assets/js
ERROR - 02/17/2018 09:37 am --> 404 Page Not Found: Images/photos
ERROR - 02/17/2018 09:37 am --> 404 Page Not Found: Js/advanced-datatable
ERROR - 02/17/2018 09:37 am --> 404 Page Not Found: Js/advanced-datatable
ERROR - 02/17/2018 09:37 am --> 404 Page Not Found: Js/advanced-datatable
ERROR - 02/17/2018 09:37 am --> 404 Page Not Found: Js/jquery.dataTables.min.js
ERROR - 02/17/2018 09:37 am --> 404 Page Not Found: Js/dynamic_table_init.js
ERROR - 02/17/2018 09:37 am --> 404 Page Not Found: Js/jquery.dataTables.min.js
ERROR - 02/17/2018 09:37 am --> 404 Page Not Found: Assets/front
ERROR - 02/17/2018 09:38 am --> 404 Page Not Found: Assets/js
ERROR - 02/17/2018 09:38 am --> 404 Page Not Found: Images/photos
ERROR - 02/17/2018 09:52 am --> 404 Page Not Found: Images/photos
ERROR - 02/17/2018 09:52 am --> 404 Page Not Found: Assets/js
ERROR - 02/17/2018 09:52 am --> 404 Page Not Found: Js/advanced-datatable
ERROR - 02/17/2018 09:52 am --> 404 Page Not Found: Js/advanced-datatable
ERROR - 02/17/2018 09:52 am --> 404 Page Not Found: Js/advanced-datatable
ERROR - 02/17/2018 09:52 am --> 404 Page Not Found: Js/jquery.dataTables.min.js
ERROR - 02/17/2018 09:52 am --> 404 Page Not Found: Js/dynamic_table_init.js
ERROR - 02/17/2018 09:52 am --> 404 Page Not Found: Js/jquery.dataTables.min.js
ERROR - 02/17/2018 09:52 am --> 404 Page Not Found: Assets/front
ERROR - 02/17/2018 09:53 am --> 404 Page Not Found: Assets/front
