ERROR - 08/16/2017 09:05 am --> Severity: Notice --> Undefined variable: child_catname /home2/carolhhp/public_html/democarol.com/homeserdem/application/views/front/home.php 89
ERROR - 08/16/2017 09:05 am --> Severity: Notice --> Trying to get property of non-object /home2/carolhhp/public_html/democarol.com/homeserdem/application/views/front/home.php 89
ERROR - 08/16/2017 09:05 am --> Severity: Notice --> Undefined variable: child_catname /home2/carolhhp/public_html/democarol.com/homeserdem/application/views/front/home.php 90
ERROR - 08/16/2017 09:05 am --> Severity: Notice --> Trying to get property of non-object /home2/carolhhp/public_html/democarol.com/homeserdem/application/views/front/home.php 90
ERROR - 08/16/2017 09:05 am --> Severity: Notice --> Undefined variable: child_catname /home2/carolhhp/public_html/democarol.com/homeserdem/application/views/front/home.php 91
ERROR - 08/16/2017 09:05 am --> Severity: Notice --> Trying to get property of non-object /home2/carolhhp/public_html/democarol.com/homeserdem/application/views/front/home.php 91
ERROR - 08/16/2017 09:05 am --> Severity: Notice --> Undefined variable: child_catname /home2/carolhhp/public_html/democarol.com/homeserdem/application/views/front/home.php 92
ERROR - 08/16/2017 09:05 am --> Severity: Notice --> Trying to get property of non-object /home2/carolhhp/public_html/democarol.com/homeserdem/application/views/front/home.php 92
ERROR - 08/16/2017 09:05 am --> Severity: Notice --> Undefined variable: child_catname /home2/carolhhp/public_html/democarol.com/homeserdem/application/views/front/home.php 93
ERROR - 08/16/2017 09:05 am --> Severity: Notice --> Trying to get property of non-object /home2/carolhhp/public_html/democarol.com/homeserdem/application/views/front/home.php 93
ERROR - 08/16/2017 09:05 am --> Severity: Notice --> Use of undefined constant php - assumed 'php' /home2/carolhhp/public_html/democarol.com/homeserdem/application/views/front/home.php 100
ERROR - 08/16/2017 09:05 am --> Severity: Notice --> Undefined variable: child_catname /home2/carolhhp/public_html/democarol.com/homeservices/application/views/front/home.php 89
ERROR - 08/16/2017 09:05 am --> Severity: Notice --> Trying to get property of non-object /home2/carolhhp/public_html/democarol.com/homeservices/application/views/front/home.php 89
ERROR - 08/16/2017 09:05 am --> Severity: Notice --> Undefined variable: child_catname /home2/carolhhp/public_html/democarol.com/homeservices/application/views/front/home.php 90
ERROR - 08/16/2017 09:05 am --> Severity: Notice --> Trying to get property of non-object /home2/carolhhp/public_html/democarol.com/homeservices/application/views/front/home.php 90
ERROR - 08/16/2017 09:05 am --> Severity: Notice --> Undefined variable: child_catname /home2/carolhhp/public_html/democarol.com/homeservices/application/views/front/home.php 91
ERROR - 08/16/2017 09:05 am --> Severity: Notice --> Trying to get property of non-object /home2/carolhhp/public_html/democarol.com/homeservices/application/views/front/home.php 91
ERROR - 08/16/2017 09:05 am --> Severity: Notice --> Undefined variable: child_catname /home2/carolhhp/public_html/democarol.com/homeservices/application/views/front/home.php 92
ERROR - 08/16/2017 09:05 am --> Severity: Notice --> Trying to get property of non-object /home2/carolhhp/public_html/democarol.com/homeservices/application/views/front/home.php 92
ERROR - 08/16/2017 09:05 am --> Severity: Notice --> Undefined variable: child_catname /home2/carolhhp/public_html/democarol.com/homeservices/application/views/front/home.php 93
ERROR - 08/16/2017 09:05 am --> Severity: Notice --> Trying to get property of non-object /home2/carolhhp/public_html/democarol.com/homeservices/application/views/front/home.php 93
ERROR - 08/16/2017 09:05 am --> Severity: Notice --> Use of undefined constant php - assumed 'php' /home2/carolhhp/public_html/democarol.com/homeservices/application/views/front/home.php 100
ERROR - 08/16/2017 09:11 am --> Severity: Notice --> Undefined variable: child_catname /home2/carolhhp/public_html/democarol.com/homeservices/application/views/front/home.php 89
ERROR - 08/16/2017 09:11 am --> Severity: Notice --> Trying to get property of non-object /home2/carolhhp/public_html/democarol.com/homeservices/application/views/front/home.php 89
ERROR - 08/16/2017 09:11 am --> Severity: Notice --> Undefined variable: child_catname /home2/carolhhp/public_html/democarol.com/homeservices/application/views/front/home.php 90
ERROR - 08/16/2017 09:11 am --> Severity: Notice --> Trying to get property of non-object /home2/carolhhp/public_html/democarol.com/homeservices/application/views/front/home.php 90
ERROR - 08/16/2017 09:11 am --> Severity: Notice --> Undefined variable: child_catname /home2/carolhhp/public_html/democarol.com/homeservices/application/views/front/home.php 91
ERROR - 08/16/2017 09:11 am --> Severity: Notice --> Trying to get property of non-object /home2/carolhhp/public_html/democarol.com/homeservices/application/views/front/home.php 91
ERROR - 08/16/2017 09:11 am --> Severity: Notice --> Undefined variable: child_catname /home2/carolhhp/public_html/democarol.com/homeservices/application/views/front/home.php 92
ERROR - 08/16/2017 09:11 am --> Severity: Notice --> Trying to get property of non-object /home2/carolhhp/public_html/democarol.com/homeservices/application/views/front/home.php 92
ERROR - 08/16/2017 09:11 am --> Severity: Notice --> Undefined variable: child_catname /home2/carolhhp/public_html/democarol.com/homeservices/application/views/front/home.php 93
ERROR - 08/16/2017 09:11 am --> Severity: Notice --> Trying to get property of non-object /home2/carolhhp/public_html/democarol.com/homeservices/application/views/front/home.php 93
ERROR - 08/16/2017 09:11 am --> Severity: Notice --> Use of undefined constant php - assumed 'php' /home2/carolhhp/public_html/democarol.com/homeservices/application/views/front/home.php 100
ERROR - 08/16/2017 10:22 pm --> Severity: Notice --> Trying to get property of non-object /home2/carolhhp/public_html/democarol.com/homeservices/application/views/front/services/booking_form.php 93
ERROR - 08/16/2017 10:22 pm --> Severity: Notice --> Trying to get property of non-object /home2/carolhhp/public_html/democarol.com/homeservices/application/views/front/services/booking_form.php 93
ERROR - 08/16/2017 10:22 pm --> Severity: Notice --> Trying to get property of non-object /home2/carolhhp/public_html/democarol.com/homeservices/application/views/front/services/booking_form.php 94
ERROR - 08/16/2017 10:22 pm --> Severity: Notice --> Trying to get property of non-object /home2/carolhhp/public_html/democarol.com/homeservices/application/views/front/services/booking_form.php 94
ERROR - 08/16/2017 10:22 pm --> Severity: Notice --> Trying to get property of non-object /home2/carolhhp/public_html/democarol.com/homeservices/application/views/front/services/booking_form.php 95
ERROR - 08/16/2017 10:22 pm --> Severity: Notice --> Trying to get property of non-object /home2/carolhhp/public_html/democarol.com/homeservices/application/views/front/services/booking_form.php 95
ERROR - 08/16/2017 10:22 pm --> Severity: Notice --> Trying to get property of non-object /home2/carolhhp/public_html/democarol.com/homeservices/application/views/front/services/booking_form.php 96
ERROR - 08/16/2017 10:22 pm --> Severity: Notice --> Trying to get property of non-object /home2/carolhhp/public_html/democarol.com/homeservices/application/views/front/services/booking_form.php 935
ERROR - 08/16/2017 10:22 pm --> Severity: Notice --> Trying to get property of non-object /home2/carolhhp/public_html/democarol.com/homeservices/application/views/front/services/booking_form.php 936
ERROR - 08/16/2017 10:22 pm --> Severity: Notice --> Trying to get property of non-object /home2/carolhhp/public_html/democarol.com/homeservices/application/views/front/services/booking_form.php 936
ERROR - 08/16/2017 10:22 pm --> Severity: Notice --> Trying to get property of non-object /home2/carolhhp/public_html/democarol.com/homeservices/application/views/front/services/booking_form.php 938
ERROR - 08/16/2017 10:22 pm --> Severity: Notice --> Trying to get property of non-object /home2/carolhhp/public_html/democarol.com/homeservices/application/views/front/services/booking_form.php 939
ERROR - 08/16/2017 10:22 pm --> Severity: Notice --> Trying to get property of non-object /home2/carolhhp/public_html/democarol.com/homeservices/application/views/front/services/booking_form.php 939
ERROR - 08/16/2017 10:22 pm --> Severity: Notice --> Trying to get property of non-object /home2/carolhhp/public_html/democarol.com/homeservices/application/views/front/services/booking_form.php 941
ERROR - 08/16/2017 10:22 pm --> Severity: Notice --> Trying to get property of non-object /home2/carolhhp/public_html/democarol.com/homeservices/application/views/front/services/booking_form.php 942
ERROR - 08/16/2017 10:22 pm --> Severity: Notice --> Trying to get property of non-object /home2/carolhhp/public_html/democarol.com/homeservices/application/views/front/services/booking_form.php 942
ERROR - 08/16/2017 11:53 am --> 404 Page Not Found: Assets/front
ERROR - 08/16/2017 11:53 am --> 404 Page Not Found: Assets/front
ERROR - 08/16/2017 11:53 am --> 404 Page Not Found: Assets/front
ERROR - 08/16/2017 11:53 am --> 404 Page Not Found: Assets/front
ERROR - 08/16/2017 11:53 am --> 404 Page Not Found: Assets/front
ERROR - 08/16/2017 11:53 am --> 404 Page Not Found: Assets/front
ERROR - 08/16/2017 10:37 pm --> Severity: Notice --> Undefined variable: child_catname /home2/carolhhp/public_html/democarol.com/homeservices/application/views/front/home.php 89
ERROR - 08/16/2017 10:37 pm --> Severity: Notice --> Trying to get property of non-object /home2/carolhhp/public_html/democarol.com/homeservices/application/views/front/home.php 89
ERROR - 08/16/2017 10:37 pm --> Severity: Notice --> Undefined variable: child_catname /home2/carolhhp/public_html/democarol.com/homeservices/application/views/front/home.php 90
ERROR - 08/16/2017 10:37 pm --> Severity: Notice --> Trying to get property of non-object /home2/carolhhp/public_html/democarol.com/homeservices/application/views/front/home.php 90
ERROR - 08/16/2017 10:37 pm --> Severity: Notice --> Undefined variable: child_catname /home2/carolhhp/public_html/democarol.com/homeservices/application/views/front/home.php 91
ERROR - 08/16/2017 10:37 pm --> Severity: Notice --> Trying to get property of non-object /home2/carolhhp/public_html/democarol.com/homeservices/application/views/front/home.php 91
ERROR - 08/16/2017 10:37 pm --> Severity: Notice --> Undefined variable: child_catname /home2/carolhhp/public_html/democarol.com/homeservices/application/views/front/home.php 92
ERROR - 08/16/2017 10:37 pm --> Severity: Notice --> Trying to get property of non-object /home2/carolhhp/public_html/democarol.com/homeservices/application/views/front/home.php 92
ERROR - 08/16/2017 10:37 pm --> Severity: Notice --> Undefined variable: child_catname /home2/carolhhp/public_html/democarol.com/homeservices/application/views/front/home.php 93
ERROR - 08/16/2017 10:37 pm --> Severity: Notice --> Trying to get property of non-object /home2/carolhhp/public_html/democarol.com/homeservices/application/views/front/home.php 93
ERROR - 08/16/2017 10:37 pm --> Severity: Notice --> Use of undefined constant php - assumed 'php' /home2/carolhhp/public_html/democarol.com/homeservices/application/views/front/home.php 100
ERROR - 08/16/2017 12:07 pm --> 404 Page Not Found: Assets/front
ERROR - 08/16/2017 12:07 pm --> 404 Page Not Found: Assets/front
ERROR - 08/16/2017 12:07 pm --> 404 Page Not Found: Assets/front
ERROR - 08/16/2017 12:07 pm --> 404 Page Not Found: Assets/front
ERROR - 08/16/2017 12:07 pm --> 404 Page Not Found: Assets/front
ERROR - 08/16/2017 12:07 pm --> 404 Page Not Found: Assets/front
ERROR - 08/16/2017 10:41 pm --> Query error: Duplicate entry '3aa13666b0097a577acf38ef91f5a1ed82db1bb6' for key 'PRIMARY' - Invalid query: INSERT INTO `ai_sessions` (`id`, `ip_address`, `timestamp`, `data`) VALUES ('3aa13666b0097a577acf38ef91f5a1ed82db1bb6', '27.97.151.113', 1502903494, '__ci_last_regenerate|i:1502903493;')
ERROR - 08/16/2017 10:41 pm --> Severity: Warning --> Cannot modify header information - headers already sent by (output started at /home2/carolhhp/public_html/democarol.com/homeservices/application/controllers/front/Service.php:1098) /home2/carolhhp/public_html/democarol.com/homeservices/system/core/Common.php 573
ERROR - 08/16/2017 11:08 pm --> Query error: Duplicate entry '3aa13666b0097a577acf38ef91f5a1ed82db1bb6' for key 'PRIMARY' - Invalid query: INSERT INTO `ai_sessions` (`id`, `ip_address`, `timestamp`, `data`) VALUES ('3aa13666b0097a577acf38ef91f5a1ed82db1bb6', '27.97.151.113', 1502905110, '__ci_last_regenerate|i:1502905109;')
ERROR - 08/16/2017 11:08 pm --> Severity: Warning --> Cannot modify header information - headers already sent by (output started at /home2/carolhhp/public_html/democarol.com/homeservices/application/controllers/front/Service.php:1041) /home2/carolhhp/public_html/democarol.com/homeservices/system/core/Common.php 573
ERROR - 08/16/2017 11:12 pm --> Severity: Notice --> Undefined variable: child_catname /home2/carolhhp/public_html/democarol.com/homeservices/application/views/front/home.php 89
ERROR - 08/16/2017 11:12 pm --> Severity: Notice --> Trying to get property of non-object /home2/carolhhp/public_html/democarol.com/homeservices/application/views/front/home.php 89
ERROR - 08/16/2017 11:12 pm --> Severity: Notice --> Undefined variable: child_catname /home2/carolhhp/public_html/democarol.com/homeservices/application/views/front/home.php 90
ERROR - 08/16/2017 11:12 pm --> Severity: Notice --> Trying to get property of non-object /home2/carolhhp/public_html/democarol.com/homeservices/application/views/front/home.php 90
ERROR - 08/16/2017 11:12 pm --> Severity: Notice --> Undefined variable: child_catname /home2/carolhhp/public_html/democarol.com/homeservices/application/views/front/home.php 91
ERROR - 08/16/2017 11:12 pm --> Severity: Notice --> Trying to get property of non-object /home2/carolhhp/public_html/democarol.com/homeservices/application/views/front/home.php 91
ERROR - 08/16/2017 11:12 pm --> Severity: Notice --> Undefined variable: child_catname /home2/carolhhp/public_html/democarol.com/homeservices/application/views/front/home.php 92
ERROR - 08/16/2017 11:12 pm --> Severity: Notice --> Trying to get property of non-object /home2/carolhhp/public_html/democarol.com/homeservices/application/views/front/home.php 92
ERROR - 08/16/2017 11:12 pm --> Severity: Notice --> Undefined variable: child_catname /home2/carolhhp/public_html/democarol.com/homeservices/application/views/front/home.php 93
ERROR - 08/16/2017 11:12 pm --> Severity: Notice --> Trying to get property of non-object /home2/carolhhp/public_html/democarol.com/homeservices/application/views/front/home.php 93
ERROR - 08/16/2017 11:12 pm --> Severity: Notice --> Use of undefined constant php - assumed 'php' /home2/carolhhp/public_html/democarol.com/homeservices/application/views/front/home.php 100
ERROR - 08/16/2017 11:12 pm --> Query error: Duplicate entry '3aa13666b0097a577acf38ef91f5a1ed82db1bb6' for key 'PRIMARY' - Invalid query: INSERT INTO `ai_sessions` (`id`, `ip_address`, `timestamp`, `data`) VALUES ('3aa13666b0097a577acf38ef91f5a1ed82db1bb6', '27.97.151.113', 1502905369, '__ci_last_regenerate|i:1502905369;fb_1798431413741569_state|s:32:\"e6bb5858feb678ca999095a8cb18517b\";')
ERROR - 08/16/2017 11:12 pm --> Severity: Warning --> Cannot modify header information - headers already sent by (output started at /home2/carolhhp/public_html/democarol.com/homeservices/system/core/Output.php:528) /home2/carolhhp/public_html/democarol.com/homeservices/system/core/Common.php 573
ERROR - 08/16/2017 11:13 pm --> Query error: Duplicate entry '3aa13666b0097a577acf38ef91f5a1ed82db1bb6' for key 'PRIMARY' - Invalid query: INSERT INTO `ai_sessions` (`id`, `ip_address`, `timestamp`, `data`) VALUES ('3aa13666b0097a577acf38ef91f5a1ed82db1bb6', '27.97.151.113', 1502905393, '__ci_last_regenerate|i:1502905393;fb_1798431413741569_state|s:32:\"2ca0c321691bed0b59f9e5ff53ae02ff\";')
ERROR - 08/16/2017 11:13 pm --> Severity: Warning --> Cannot modify header information - headers already sent by (output started at /home2/carolhhp/public_html/democarol.com/homeservices/system/core/Output.php:528) /home2/carolhhp/public_html/democarol.com/homeservices/system/core/Common.php 573
ERROR - 08/16/2017 11:13 pm --> Query error: Duplicate entry '3aa13666b0097a577acf38ef91f5a1ed82db1bb6' for key 'PRIMARY' - Invalid query: INSERT INTO `ai_sessions` (`id`, `ip_address`, `timestamp`, `data`) VALUES ('3aa13666b0097a577acf38ef91f5a1ed82db1bb6', '27.97.151.113', 1502905400, '__ci_last_regenerate|i:1502905400;zipcode|s:6:\"455001\";parant_cat|s:8:\"Cleaning\";child_cat|s:13:\"Home-Cleaning\";')
ERROR - 08/16/2017 11:13 pm --> Query error: Duplicate entry '3aa13666b0097a577acf38ef91f5a1ed82db1bb6' for key 'PRIMARY' - Invalid query: INSERT INTO `ai_sessions` (`id`, `ip_address`, `timestamp`, `data`) VALUES ('3aa13666b0097a577acf38ef91f5a1ed82db1bb6', '27.97.151.113', 1502905413, '__ci_last_regenerate|i:1502905413;fb_1798431413741569_state|s:32:\"ed19e4424e5e726d507efdc241aac993\";')
ERROR - 08/16/2017 11:13 pm --> Severity: Warning --> Cannot modify header information - headers already sent by (output started at /home2/carolhhp/public_html/democarol.com/homeservices/system/core/Output.php:528) /home2/carolhhp/public_html/democarol.com/homeservices/system/core/Common.php 573
ERROR - 08/16/2017 11:13 pm --> Query error: Duplicate entry '3aa13666b0097a577acf38ef91f5a1ed82db1bb6' for key 'PRIMARY' - Invalid query: INSERT INTO `ai_sessions` (`id`, `ip_address`, `timestamp`, `data`) VALUES ('3aa13666b0097a577acf38ef91f5a1ed82db1bb6', '27.97.151.113', 1502905417, '__ci_last_regenerate|i:1502905417;zipcode|s:6:\"455001\";parant_cat|s:8:\"Cleaning\";child_cat|s:13:\"Home-Cleaning\";')
ERROR - 08/16/2017 12:47 pm --> 404 Page Not Found: Assets/front
ERROR - 08/16/2017 12:47 pm --> 404 Page Not Found: Assets/front
ERROR - 08/16/2017 12:47 pm --> 404 Page Not Found: Assets/front
ERROR - 08/16/2017 12:47 pm --> 404 Page Not Found: Assets/front
ERROR - 08/16/2017 12:47 pm --> 404 Page Not Found: Assets/front
ERROR - 08/16/2017 12:47 pm --> 404 Page Not Found: Assets/front
ERROR - 08/16/2017 11:19 pm --> Severity: Notice --> Undefined variable: child_catname /home2/carolhhp/public_html/democarol.com/homeservices/application/views/front/home.php 89
ERROR - 08/16/2017 11:19 pm --> Severity: Notice --> Trying to get property of non-object /home2/carolhhp/public_html/democarol.com/homeservices/application/views/front/home.php 89
ERROR - 08/16/2017 11:19 pm --> Severity: Notice --> Undefined variable: child_catname /home2/carolhhp/public_html/democarol.com/homeservices/application/views/front/home.php 90
ERROR - 08/16/2017 11:19 pm --> Severity: Notice --> Trying to get property of non-object /home2/carolhhp/public_html/democarol.com/homeservices/application/views/front/home.php 90
ERROR - 08/16/2017 11:19 pm --> Severity: Notice --> Undefined variable: child_catname /home2/carolhhp/public_html/democarol.com/homeservices/application/views/front/home.php 91
ERROR - 08/16/2017 11:19 pm --> Severity: Notice --> Trying to get property of non-object /home2/carolhhp/public_html/democarol.com/homeservices/application/views/front/home.php 91
ERROR - 08/16/2017 11:19 pm --> Severity: Notice --> Undefined variable: child_catname /home2/carolhhp/public_html/democarol.com/homeservices/application/views/front/home.php 92
ERROR - 08/16/2017 11:19 pm --> Severity: Notice --> Trying to get property of non-object /home2/carolhhp/public_html/democarol.com/homeservices/application/views/front/home.php 92
ERROR - 08/16/2017 11:19 pm --> Severity: Notice --> Undefined variable: child_catname /home2/carolhhp/public_html/democarol.com/homeservices/application/views/front/home.php 93
ERROR - 08/16/2017 11:19 pm --> Severity: Notice --> Trying to get property of non-object /home2/carolhhp/public_html/democarol.com/homeservices/application/views/front/home.php 93
ERROR - 08/16/2017 11:19 pm --> Severity: Notice --> Use of undefined constant php - assumed 'php' /home2/carolhhp/public_html/democarol.com/homeservices/application/views/front/home.php 100
ERROR - 08/16/2017 12:49 pm --> 404 Page Not Found: Assets/front
ERROR - 08/16/2017 12:50 pm --> 404 Page Not Found: Assets/front
ERROR - 08/16/2017 12:50 pm --> 404 Page Not Found: Assets/front
ERROR - 08/16/2017 12:50 pm --> 404 Page Not Found: Assets/front
ERROR - 08/16/2017 12:50 pm --> 404 Page Not Found: Assets/front
ERROR - 08/16/2017 12:50 pm --> 404 Page Not Found: Assets/front
ERROR - 08/16/2017 11:21 pm --> Severity: Notice --> Undefined variable: child_catname /home2/carolhhp/public_html/democarol.com/homeservices/application/views/front/home.php 89
ERROR - 08/16/2017 11:21 pm --> Severity: Notice --> Trying to get property of non-object /home2/carolhhp/public_html/democarol.com/homeservices/application/views/front/home.php 89
ERROR - 08/16/2017 11:21 pm --> Severity: Notice --> Undefined variable: child_catname /home2/carolhhp/public_html/democarol.com/homeservices/application/views/front/home.php 90
ERROR - 08/16/2017 11:21 pm --> Severity: Notice --> Trying to get property of non-object /home2/carolhhp/public_html/democarol.com/homeservices/application/views/front/home.php 90
ERROR - 08/16/2017 11:21 pm --> Severity: Notice --> Undefined variable: child_catname /home2/carolhhp/public_html/democarol.com/homeservices/application/views/front/home.php 91
ERROR - 08/16/2017 11:21 pm --> Severity: Notice --> Trying to get property of non-object /home2/carolhhp/public_html/democarol.com/homeservices/application/views/front/home.php 91
ERROR - 08/16/2017 11:21 pm --> Severity: Notice --> Undefined variable: child_catname /home2/carolhhp/public_html/democarol.com/homeservices/application/views/front/home.php 92
ERROR - 08/16/2017 11:21 pm --> Severity: Notice --> Trying to get property of non-object /home2/carolhhp/public_html/democarol.com/homeservices/application/views/front/home.php 92
ERROR - 08/16/2017 11:21 pm --> Severity: Notice --> Undefined variable: child_catname /home2/carolhhp/public_html/democarol.com/homeservices/application/views/front/home.php 93
ERROR - 08/16/2017 11:21 pm --> Severity: Notice --> Trying to get property of non-object /home2/carolhhp/public_html/democarol.com/homeservices/application/views/front/home.php 93
ERROR - 08/16/2017 11:21 pm --> Severity: Notice --> Use of undefined constant php - assumed 'php' /home2/carolhhp/public_html/democarol.com/homeservices/application/views/front/home.php 100
ERROR - 08/16/2017 11:35 pm --> Severity: Notice --> Undefined variable: child_catname /home2/carolhhp/public_html/democarol.com/homeservices/application/views/front/home.php 89
ERROR - 08/16/2017 11:35 pm --> Severity: Notice --> Trying to get property of non-object /home2/carolhhp/public_html/democarol.com/homeservices/application/views/front/home.php 89
ERROR - 08/16/2017 11:35 pm --> Severity: Notice --> Undefined variable: child_catname /home2/carolhhp/public_html/democarol.com/homeservices/application/views/front/home.php 90
ERROR - 08/16/2017 11:35 pm --> Severity: Notice --> Trying to get property of non-object /home2/carolhhp/public_html/democarol.com/homeservices/application/views/front/home.php 90
ERROR - 08/16/2017 11:35 pm --> Severity: Notice --> Undefined variable: child_catname /home2/carolhhp/public_html/democarol.com/homeservices/application/views/front/home.php 91
ERROR - 08/16/2017 11:35 pm --> Severity: Notice --> Trying to get property of non-object /home2/carolhhp/public_html/democarol.com/homeservices/application/views/front/home.php 91
ERROR - 08/16/2017 11:35 pm --> Severity: Notice --> Undefined variable: child_catname /home2/carolhhp/public_html/democarol.com/homeservices/application/views/front/home.php 92
ERROR - 08/16/2017 11:35 pm --> Severity: Notice --> Trying to get property of non-object /home2/carolhhp/public_html/democarol.com/homeservices/application/views/front/home.php 92
ERROR - 08/16/2017 11:35 pm --> Severity: Notice --> Undefined variable: child_catname /home2/carolhhp/public_html/democarol.com/homeservices/application/views/front/home.php 93
ERROR - 08/16/2017 11:35 pm --> Severity: Notice --> Trying to get property of non-object /home2/carolhhp/public_html/democarol.com/homeservices/application/views/front/home.php 93
ERROR - 08/16/2017 11:35 pm --> Severity: Notice --> Use of undefined constant php - assumed 'php' /home2/carolhhp/public_html/democarol.com/homeservices/application/views/front/home.php 100
ERROR - 08/16/2017 01:05 pm --> 404 Page Not Found: Assets/front
ERROR - 08/16/2017 01:05 pm --> 404 Page Not Found: Assets/front
ERROR - 08/16/2017 01:05 pm --> 404 Page Not Found: Assets/front
ERROR - 08/16/2017 01:05 pm --> 404 Page Not Found: Assets/front
ERROR - 08/16/2017 01:05 pm --> 404 Page Not Found: Assets/front
ERROR - 08/16/2017 01:05 pm --> 404 Page Not Found: Assets/front
ERROR - 08/16/2017 11:48 pm --> Severity: Notice --> Undefined variable: child_catname /home2/carolhhp/public_html/democarol.com/homeservices/application/views/front/home.php 89
ERROR - 08/16/2017 11:48 pm --> Severity: Notice --> Trying to get property of non-object /home2/carolhhp/public_html/democarol.com/homeservices/application/views/front/home.php 89
ERROR - 08/16/2017 11:48 pm --> Severity: Notice --> Undefined variable: child_catname /home2/carolhhp/public_html/democarol.com/homeservices/application/views/front/home.php 90
ERROR - 08/16/2017 11:48 pm --> Severity: Notice --> Trying to get property of non-object /home2/carolhhp/public_html/democarol.com/homeservices/application/views/front/home.php 90
ERROR - 08/16/2017 11:48 pm --> Severity: Notice --> Undefined variable: child_catname /home2/carolhhp/public_html/democarol.com/homeservices/application/views/front/home.php 91
ERROR - 08/16/2017 11:48 pm --> Severity: Notice --> Trying to get property of non-object /home2/carolhhp/public_html/democarol.com/homeservices/application/views/front/home.php 91
ERROR - 08/16/2017 11:48 pm --> Severity: Notice --> Undefined variable: child_catname /home2/carolhhp/public_html/democarol.com/homeservices/application/views/front/home.php 92
ERROR - 08/16/2017 11:48 pm --> Severity: Notice --> Trying to get property of non-object /home2/carolhhp/public_html/democarol.com/homeservices/application/views/front/home.php 92
ERROR - 08/16/2017 11:48 pm --> Severity: Notice --> Undefined variable: child_catname /home2/carolhhp/public_html/democarol.com/homeservices/application/views/front/home.php 93
ERROR - 08/16/2017 11:48 pm --> Severity: Notice --> Trying to get property of non-object /home2/carolhhp/public_html/democarol.com/homeservices/application/views/front/home.php 93
ERROR - 08/16/2017 11:48 pm --> Severity: Notice --> Use of undefined constant php - assumed 'php' /home2/carolhhp/public_html/democarol.com/homeservices/application/views/front/home.php 100
ERROR - 08/16/2017 01:18 pm --> 404 Page Not Found: Assets/front
ERROR - 08/16/2017 01:18 pm --> 404 Page Not Found: Assets/front
ERROR - 08/16/2017 01:18 pm --> 404 Page Not Found: Assets/front
ERROR - 08/16/2017 01:18 pm --> 404 Page Not Found: Assets/front
ERROR - 08/16/2017 01:18 pm --> 404 Page Not Found: Assets/front
ERROR - 08/16/2017 01:18 pm --> 404 Page Not Found: Assets/front
