ERROR - 02/21/2018 02:23 am --> 404 Page Not Found: Assets/js
ERROR - 02/21/2018 02:23 am --> 404 Page Not Found: Images/photos
ERROR - 02/21/2018 02:23 am --> 404 Page Not Found: Assets/js
ERROR - 02/21/2018 02:23 am --> 404 Page Not Found: Js/advanced-datatable
ERROR - 02/21/2018 02:23 am --> 404 Page Not Found: Js/advanced-datatable
ERROR - 02/21/2018 02:23 am --> 404 Page Not Found: Js/advanced-datatable
ERROR - 02/21/2018 02:23 am --> 404 Page Not Found: Js/dynamic_table_init.js
ERROR - 02/21/2018 02:23 am --> 404 Page Not Found: Js/jquery.dataTables.min.js
ERROR - 02/21/2018 02:23 am --> 404 Page Not Found: Images/photos
ERROR - 02/21/2018 02:23 am --> 404 Page Not Found: Assets/js
ERROR - 02/21/2018 02:23 am --> 404 Page Not Found: Images/photos
ERROR - 02/21/2018 02:27 am --> 404 Page Not Found: Assets/js
ERROR - 02/21/2018 02:27 am --> 404 Page Not Found: Images/photos
ERROR - 02/21/2018 02:27 am --> 404 Page Not Found: Js/advanced-datatable
ERROR - 02/21/2018 02:27 am --> 404 Page Not Found: Js/advanced-datatable
ERROR - 02/21/2018 02:27 am --> 404 Page Not Found: Js/advanced-datatable
ERROR - 02/21/2018 02:27 am --> 404 Page Not Found: Js/dynamic_table_init.js
ERROR - 02/21/2018 02:27 am --> 404 Page Not Found: Js/jquery.dataTables.min.js
ERROR - 02/21/2018 02:27 am --> 404 Page Not Found: Assets/front
ERROR - 02/21/2018 02:27 am --> 404 Page Not Found: Assets/front
ERROR - 02/21/2018 02:27 am --> 404 Page Not Found: Assets/front
ERROR - 02/21/2018 02:27 am --> 404 Page Not Found: Assets/front
ERROR - 02/21/2018 02:28 am --> 404 Page Not Found: Assets/front
ERROR - 02/21/2018 02:28 am --> 404 Page Not Found: Assets/front
ERROR - 02/21/2018 02:28 am --> 404 Page Not Found: Assets/front
ERROR - 02/21/2018 02:28 am --> 404 Page Not Found: Assets/front
ERROR - 02/21/2018 02:28 am --> 404 Page Not Found: Assets/front
ERROR - 02/21/2018 02:28 am --> 404 Page Not Found: Assets/js
ERROR - 02/21/2018 02:28 am --> 404 Page Not Found: Images/photos
ERROR - 02/21/2018 02:28 am --> 404 Page Not Found: Assets/front
ERROR - 02/21/2018 02:29 am --> 404 Page Not Found: Assets/front
ERROR - 02/21/2018 02:29 am --> 404 Page Not Found: Assets/front
ERROR - 02/21/2018 02:29 am --> 404 Page Not Found: Assets/front
ERROR - 02/21/2018 02:29 am --> 404 Page Not Found: Assets/front
ERROR - 02/21/2018 02:29 am --> 404 Page Not Found: Assets/front
ERROR - 02/21/2018 02:29 am --> 404 Page Not Found: Assets/front
ERROR - 02/21/2018 02:30 am --> 404 Page Not Found: Assets/front
ERROR - 02/21/2018 02:30 am --> 404 Page Not Found: front/Service/badroom_plan
ERROR - 02/21/2018 02:30 am --> 404 Page Not Found: Assets/front
ERROR - 02/21/2018 02:30 am --> 404 Page Not Found: Assets/front
ERROR - 02/21/2018 02:30 am --> 404 Page Not Found: front/Service/badroom_plan
ERROR - 02/21/2018 02:31 am --> 404 Page Not Found: front/Service/badroom_plan
ERROR - 02/21/2018 02:31 am --> 404 Page Not Found: front/Service/badroom_plan
ERROR - 02/21/2018 02:31 am --> 404 Page Not Found: Assets/js
ERROR - 02/21/2018 02:31 am --> 404 Page Not Found: Images/photos
ERROR - 02/21/2018 02:31 am --> 404 Page Not Found: Js/advanced-datatable
ERROR - 02/21/2018 02:31 am --> 404 Page Not Found: Js/advanced-datatable
ERROR - 02/21/2018 02:31 am --> 404 Page Not Found: Js/advanced-datatable
ERROR - 02/21/2018 02:31 am --> 404 Page Not Found: Js/dynamic_table_init.js
ERROR - 02/21/2018 02:31 am --> 404 Page Not Found: Js/jquery.dataTables.min.js
ERROR - 02/21/2018 02:31 am --> 404 Page Not Found: Assets/js
ERROR - 02/21/2018 02:31 am --> 404 Page Not Found: Images/photos
ERROR - 02/21/2018 02:33 am --> 404 Page Not Found: Assets/js
ERROR - 02/21/2018 02:33 am --> 404 Page Not Found: Images/photos
ERROR - 02/21/2018 02:33 am --> 404 Page Not Found: Js/advanced-datatable
ERROR - 02/21/2018 02:33 am --> 404 Page Not Found: Js/advanced-datatable
ERROR - 02/21/2018 02:33 am --> 404 Page Not Found: Js/advanced-datatable
ERROR - 02/21/2018 02:33 am --> 404 Page Not Found: Js/dynamic_table_init.js
ERROR - 02/21/2018 02:33 am --> 404 Page Not Found: Js/jquery.dataTables.min.js
ERROR - 02/21/2018 02:33 am --> 404 Page Not Found: Assets/front
ERROR - 02/21/2018 02:33 am --> 404 Page Not Found: Assets/front
ERROR - 02/21/2018 02:34 am --> 404 Page Not Found: Assets/js
ERROR - 02/21/2018 02:34 am --> 404 Page Not Found: Images/photos
ERROR - 02/21/2018 02:34 am --> 404 Page Not Found: Assets/js
ERROR - 02/21/2018 02:34 am --> 404 Page Not Found: Images/photos
ERROR - 02/21/2018 02:34 am --> 404 Page Not Found: Js/advanced-datatable
ERROR - 02/21/2018 02:34 am --> 404 Page Not Found: Js/advanced-datatable
ERROR - 02/21/2018 02:34 am --> 404 Page Not Found: Js/advanced-datatable
ERROR - 02/21/2018 02:34 am --> 404 Page Not Found: Js/dynamic_table_init.js
ERROR - 02/21/2018 02:34 am --> 404 Page Not Found: Js/jquery.dataTables.min.js
ERROR - 02/21/2018 02:34 am --> 404 Page Not Found: Assets/front
ERROR - 02/21/2018 02:34 am --> 404 Page Not Found: Assets/front
ERROR - 02/21/2018 02:34 am --> 404 Page Not Found: Assets/front
ERROR - 02/21/2018 03:31 am --> 404 Page Not Found: Assets/front
ERROR - 02/21/2018 03:31 am --> 404 Page Not Found: Assets/front
ERROR - 02/21/2018 03:31 am --> 404 Page Not Found: Assets/js
ERROR - 02/21/2018 03:31 am --> 404 Page Not Found: Assets/js
ERROR - 02/21/2018 03:31 am --> 404 Page Not Found: Assets/js
ERROR - 02/21/2018 03:31 am --> 404 Page Not Found: Images/photos
ERROR - 02/21/2018 03:31 am --> 404 Page Not Found: Assets/js
ERROR - 02/21/2018 03:31 am --> 404 Page Not Found: Images/photos
ERROR - 02/21/2018 03:33 am --> 404 Page Not Found: Assets/js
ERROR - 02/21/2018 03:33 am --> 404 Page Not Found: Assets/js
ERROR - 02/21/2018 03:33 am --> 404 Page Not Found: Assets/js
ERROR - 02/21/2018 03:33 am --> 404 Page Not Found: Images/photos
ERROR - 02/21/2018 03:33 am --> 404 Page Not Found: Assets/front
ERROR - 02/21/2018 03:33 am --> 404 Page Not Found: Assets/front
ERROR - 02/21/2018 03:33 am --> 404 Page Not Found: Assets/front
ERROR - 02/21/2018 03:33 am --> 404 Page Not Found: Assets/front
ERROR - 02/21/2018 03:33 am --> 404 Page Not Found: Assets/front
ERROR - 02/21/2018 03:33 am --> 404 Page Not Found: Assets/front
ERROR - 02/21/2018 03:33 am --> 404 Page Not Found: Assets/front
ERROR - 02/21/2018 03:33 am --> 404 Page Not Found: Assets/front
ERROR - 02/21/2018 03:34 am --> 404 Page Not Found: Assets/front
ERROR - 02/21/2018 03:34 am --> 404 Page Not Found: Assets/front
ERROR - 02/21/2018 03:34 am --> 404 Page Not Found: Assets/front
ERROR - 02/21/2018 03:34 am --> 404 Page Not Found: Assets/front
ERROR - 02/21/2018 03:35 am --> 404 Page Not Found: Assets/front
ERROR - 02/21/2018 03:35 am --> 404 Page Not Found: Assets/front
ERROR - 02/21/2018 03:52 am --> 404 Page Not Found: Assets/js
ERROR - 02/21/2018 03:52 am --> 404 Page Not Found: Js/advanced-datatable
ERROR - 02/21/2018 03:52 am --> 404 Page Not Found: Js/advanced-datatable
ERROR - 02/21/2018 03:52 am --> 404 Page Not Found: Js/advanced-datatable
ERROR - 02/21/2018 03:52 am --> 404 Page Not Found: Js/jquery.dataTables.min.js
ERROR - 02/21/2018 03:52 am --> 404 Page Not Found: Js/dynamic_table_init.js
ERROR - 02/21/2018 03:52 am --> 404 Page Not Found: Js/advanced-datatable
ERROR - 02/21/2018 03:52 am --> 404 Page Not Found: Js/advanced-datatable
ERROR - 02/21/2018 03:52 am --> 404 Page Not Found: Js/dynamic_table_init.js
ERROR - 02/21/2018 03:52 am --> 404 Page Not Found: Js/jquery.dataTables.min.js
ERROR - 02/21/2018 03:52 am --> 404 Page Not Found: Js/dynamic_table_init.js
ERROR - 02/21/2018 04:00 am --> 404 Page Not Found: Assets/front
ERROR - 02/21/2018 04:12 am --> 404 Page Not Found: Assets/js
ERROR - 02/21/2018 04:12 am --> 404 Page Not Found: Assets/js
ERROR - 02/21/2018 04:12 am --> 404 Page Not Found: Images/photos
ERROR - 02/21/2018 04:12 am --> 404 Page Not Found: Assets/js
ERROR - 02/21/2018 04:12 am --> 404 Page Not Found: Images/photos
ERROR - 02/21/2018 04:12 am --> 404 Page Not Found: Js/advanced-datatable
ERROR - 02/21/2018 04:12 am --> 404 Page Not Found: Js/advanced-datatable
ERROR - 02/21/2018 04:12 am --> 404 Page Not Found: Js/advanced-datatable
ERROR - 02/21/2018 04:12 am --> 404 Page Not Found: Js/dynamic_table_init.js
ERROR - 02/21/2018 04:12 am --> 404 Page Not Found: Js/jquery.dataTables.min.js
ERROR - 02/21/2018 04:12 am --> 404 Page Not Found: Js/dynamic_table_init.js
ERROR - 02/21/2018 04:12 am --> 404 Page Not Found: Js/jquery.dataTables.min.js
ERROR - 02/21/2018 04:13 am --> 404 Page Not Found: Assets/js
ERROR - 02/21/2018 04:13 am --> 404 Page Not Found: Images/photos
ERROR - 02/21/2018 04:15 am --> 404 Page Not Found: Assets/js
ERROR - 02/21/2018 04:15 am --> 404 Page Not Found: Js/advanced-datatable
ERROR - 02/21/2018 04:15 am --> 404 Page Not Found: Js/jquery.dataTables.min.js
ERROR - 02/21/2018 04:15 am --> 404 Page Not Found: Js/advanced-datatable
ERROR - 02/21/2018 04:15 am --> 404 Page Not Found: Js/advanced-datatable
ERROR - 02/21/2018 04:15 am --> 404 Page Not Found: Js/dynamic_table_init.js
ERROR - 02/21/2018 04:15 am --> 404 Page Not Found: Js/jquery.dataTables.min.js
ERROR - 02/21/2018 04:15 am --> 404 Page Not Found: Images/photos
ERROR - 02/21/2018 04:19 am --> 404 Page Not Found: Images/photos
ERROR - 02/21/2018 04:19 am --> 404 Page Not Found: Assets/js
ERROR - 02/21/2018 04:19 am --> 404 Page Not Found: Images/photos
ERROR - 02/21/2018 04:19 am --> 404 Page Not Found: Assets/js
ERROR - 02/21/2018 04:19 am --> 404 Page Not Found: Images/photos
ERROR - 02/21/2018 04:19 am --> 404 Page Not Found: Assets/js
ERROR - 02/21/2018 04:19 am --> 404 Page Not Found: Assets/js
ERROR - 02/21/2018 04:25 am --> 404 Page Not Found: Assets/js
ERROR - 02/21/2018 04:25 am --> 404 Page Not Found: Images/photos
ERROR - 02/21/2018 04:25 am --> 404 Page Not Found: Assets/js
ERROR - 02/21/2018 04:26 am --> 404 Page Not Found: Images/photos
ERROR - 02/21/2018 04:26 am --> 404 Page Not Found: Assets/js
ERROR - 02/21/2018 04:26 am --> 404 Page Not Found: Images/photos
ERROR - 02/21/2018 04:26 am --> 404 Page Not Found: Assets/js
ERROR - 02/21/2018 04:26 am --> 404 Page Not Found: Images/photos
ERROR - 02/21/2018 04:36 am --> 404 Page Not Found: Apanel/index
ERROR - 02/21/2018 04:40 am --> 404 Page Not Found: Assets/js
ERROR - 02/21/2018 04:40 am --> 404 Page Not Found: Images/photos
ERROR - 02/21/2018 04:41 am --> 404 Page Not Found: Assets/js
ERROR - 02/21/2018 04:41 am --> 404 Page Not Found: Images/photos
ERROR - 02/21/2018 04:41 am --> 404 Page Not Found: Js/advanced-datatable
ERROR - 02/21/2018 04:41 am --> 404 Page Not Found: Js/advanced-datatable
ERROR - 02/21/2018 04:41 am --> 404 Page Not Found: Js/dynamic_table_init.js
ERROR - 02/21/2018 04:41 am --> 404 Page Not Found: Js/advanced-datatable
ERROR - 02/21/2018 04:41 am --> 404 Page Not Found: Js/jquery.dataTables.min.js
ERROR - 02/21/2018 04:41 am --> 404 Page Not Found: Js/dynamic_table_init.js
ERROR - 02/21/2018 04:41 am --> 404 Page Not Found: Js/jquery.dataTables.min.js
ERROR - 02/21/2018 04:41 am --> 404 Page Not Found: Assets/js
ERROR - 02/21/2018 04:41 am --> 404 Page Not Found: Images/photos
ERROR - 02/21/2018 04:44 am --> 404 Page Not Found: Assets/js
ERROR - 02/21/2018 04:44 am --> 404 Page Not Found: Images/photos
ERROR - 02/21/2018 04:44 am --> 404 Page Not Found: Js/advanced-datatable
ERROR - 02/21/2018 04:44 am --> 404 Page Not Found: Js/advanced-datatable
ERROR - 02/21/2018 04:44 am --> 404 Page Not Found: Js/advanced-datatable
ERROR - 02/21/2018 04:44 am --> 404 Page Not Found: Js/dynamic_table_init.js
ERROR - 02/21/2018 04:44 am --> 404 Page Not Found: Js/jquery.dataTables.min.js
ERROR - 02/21/2018 04:45 am --> 404 Page Not Found: Assets/front
ERROR - 02/21/2018 04:45 am --> 404 Page Not Found: Assets/front
ERROR - 02/21/2018 04:46 am --> 404 Page Not Found: Assets/front
ERROR - 02/21/2018 04:46 am --> 404 Page Not Found: Assets/front
ERROR - 02/21/2018 04:46 am --> 404 Page Not Found: front/Service/badroom_plan
ERROR - 02/21/2018 04:46 am --> 404 Page Not Found: Assets/front
ERROR - 02/21/2018 04:46 am --> 404 Page Not Found: Assets/front
ERROR - 02/21/2018 04:46 am --> 404 Page Not Found: Assets/front
ERROR - 02/21/2018 04:46 am --> 404 Page Not Found: Assets/front
ERROR - 02/21/2018 04:46 am --> 404 Page Not Found: Assets/front
ERROR - 02/21/2018 04:47 am --> 404 Page Not Found: Assets/front
ERROR - 02/21/2018 04:47 am --> 404 Page Not Found: Assets/front
ERROR - 02/21/2018 04:47 am --> 404 Page Not Found: Assets/js
ERROR - 02/21/2018 04:47 am --> 404 Page Not Found: Images/photos
ERROR - 02/21/2018 04:48 am --> 404 Page Not Found: Assets/js
ERROR - 02/21/2018 04:48 am --> 404 Page Not Found: Images/photos
ERROR - 02/21/2018 04:49 am --> 404 Page Not Found: Assets/js
ERROR - 02/21/2018 04:49 am --> 404 Page Not Found: Images/photos
ERROR - 02/21/2018 04:49 am --> 404 Page Not Found: Js/advanced-datatable
ERROR - 02/21/2018 04:49 am --> 404 Page Not Found: Js/advanced-datatable
ERROR - 02/21/2018 04:49 am --> 404 Page Not Found: Js/advanced-datatable
ERROR - 02/21/2018 04:49 am --> 404 Page Not Found: Js/dynamic_table_init.js
ERROR - 02/21/2018 04:49 am --> 404 Page Not Found: Js/jquery.dataTables.min.js
ERROR - 02/21/2018 04:50 am --> 404 Page Not Found: Assets/js
ERROR - 02/21/2018 04:50 am --> 404 Page Not Found: Assets/js
ERROR - 02/21/2018 04:50 am --> 404 Page Not Found: Assets/js
ERROR - 02/21/2018 04:50 am --> 404 Page Not Found: Images/photos
ERROR - 02/21/2018 04:51 am --> 404 Page Not Found: Assets/js
ERROR - 02/21/2018 04:51 am --> 404 Page Not Found: Images/photos
ERROR - 02/21/2018 04:51 am --> 404 Page Not Found: Assets/js
ERROR - 02/21/2018 04:51 am --> 404 Page Not Found: Images/photos
ERROR - 02/21/2018 04:51 am --> 404 Page Not Found: Assets/js
ERROR - 02/21/2018 04:51 am --> 404 Page Not Found: Assets/js
ERROR - 02/21/2018 04:51 am --> 404 Page Not Found: Assets/js
ERROR - 02/21/2018 04:52 am --> 404 Page Not Found: Assets/front
ERROR - 02/21/2018 04:52 am --> 404 Page Not Found: Assets/front
ERROR - 02/21/2018 04:52 am --> 404 Page Not Found: Assets/front
ERROR - 02/21/2018 04:52 am --> 404 Page Not Found: Assets/front
ERROR - 02/21/2018 04:52 am --> 404 Page Not Found: front/Service/badroom_plan
ERROR - 02/21/2018 04:52 am --> 404 Page Not Found: front/Service/badroom_plan
ERROR - 02/21/2018 04:52 am --> 404 Page Not Found: Assets/front
ERROR - 02/21/2018 04:52 am --> 404 Page Not Found: Assets/front
ERROR - 02/21/2018 04:52 am --> 404 Page Not Found: Assets/front
ERROR - 02/21/2018 04:52 am --> 404 Page Not Found: Assets/front
ERROR - 02/21/2018 04:52 am --> 404 Page Not Found: Assets/front
ERROR - 02/21/2018 04:53 am --> 404 Page Not Found: Assets/front
ERROR - 02/21/2018 06:25 pm --> 404 Page Not Found: Assets/front
