ERROR - 06/20/2017 04:44 pm --> Severity: Notice --> Undefined variable: child_catname /home2/carolhhp/public_html/democarol.com/homeservices/application/views/front/home.php 89
ERROR - 06/20/2017 04:44 pm --> Severity: Notice --> Trying to get property of non-object /home2/carolhhp/public_html/democarol.com/homeservices/application/views/front/home.php 89
ERROR - 06/20/2017 04:44 pm --> Severity: Notice --> Undefined variable: child_catname /home2/carolhhp/public_html/democarol.com/homeservices/application/views/front/home.php 90
ERROR - 06/20/2017 04:44 pm --> Severity: Notice --> Trying to get property of non-object /home2/carolhhp/public_html/democarol.com/homeservices/application/views/front/home.php 90
ERROR - 06/20/2017 04:44 pm --> Severity: Notice --> Undefined variable: child_catname /home2/carolhhp/public_html/democarol.com/homeservices/application/views/front/home.php 91
ERROR - 06/20/2017 04:44 pm --> Severity: Notice --> Trying to get property of non-object /home2/carolhhp/public_html/democarol.com/homeservices/application/views/front/home.php 91
ERROR - 06/20/2017 04:44 pm --> Severity: Notice --> Undefined variable: child_catname /home2/carolhhp/public_html/democarol.com/homeservices/application/views/front/home.php 92
ERROR - 06/20/2017 04:44 pm --> Severity: Notice --> Trying to get property of non-object /home2/carolhhp/public_html/democarol.com/homeservices/application/views/front/home.php 92
ERROR - 06/20/2017 04:44 pm --> Severity: Notice --> Undefined variable: child_catname /home2/carolhhp/public_html/democarol.com/homeservices/application/views/front/home.php 93
ERROR - 06/20/2017 04:44 pm --> Severity: Notice --> Trying to get property of non-object /home2/carolhhp/public_html/democarol.com/homeservices/application/views/front/home.php 93
ERROR - 06/20/2017 04:44 pm --> Severity: Notice --> Use of undefined constant php - assumed 'php' /home2/carolhhp/public_html/democarol.com/homeservices/application/views/front/home.php 100
ERROR - 06/20/2017 06:14 am --> 404 Page Not Found: Assets/front
ERROR - 06/20/2017 06:15 am --> 404 Page Not Found: Assets/front
ERROR - 06/20/2017 06:15 am --> 404 Page Not Found: front/Service/badroom_plan
ERROR - 06/20/2017 06:15 am --> 404 Page Not Found: front/Service/badroom_plan
ERROR - 06/20/2017 06:15 am --> 404 Page Not Found: front/Service/badroom_plan
ERROR - 06/20/2017 06:15 am --> 404 Page Not Found: front/Service/badroom_plan
ERROR - 06/20/2017 06:15 am --> 404 Page Not Found: front/Service/badroom_plan
ERROR - 06/20/2017 06:15 am --> 404 Page Not Found: front/Service/badroom_plan
ERROR - 06/20/2017 06:15 am --> 404 Page Not Found: Assets/front
ERROR - 06/20/2017 06:15 am --> 404 Page Not Found: Assets/front
ERROR - 06/20/2017 06:15 am --> 404 Page Not Found: Assets/front
ERROR - 06/20/2017 06:15 am --> 404 Page Not Found: Assets/front
ERROR - 06/20/2017 06:15 am --> 404 Page Not Found: Assets/front
ERROR - 06/20/2017 06:15 am --> 404 Page Not Found: Assets/front
ERROR - 06/20/2017 06:15 am --> 404 Page Not Found: Assets/front
ERROR - 06/20/2017 06:15 am --> 404 Page Not Found: Assets/front
ERROR - 06/20/2017 06:15 am --> 404 Page Not Found: Assets/front
ERROR - 06/20/2017 06:15 am --> 404 Page Not Found: Assets/front
ERROR - 06/20/2017 06:15 am --> 404 Page Not Found: Assets/front
ERROR - 06/20/2017 06:18 am --> 404 Page Not Found: Assets/front
ERROR - 06/20/2017 06:18 am --> 404 Page Not Found: Assets/front
ERROR - 06/20/2017 06:18 am --> 404 Page Not Found: front/Service/badroom_plan
ERROR - 06/20/2017 06:18 am --> 404 Page Not Found: front/Service/badroom_plan
ERROR - 06/20/2017 06:18 am --> 404 Page Not Found: front/Service/badroom_plan
ERROR - 06/20/2017 06:18 am --> 404 Page Not Found: Assets/front
ERROR - 06/20/2017 06:18 am --> 404 Page Not Found: Assets/front
ERROR - 06/20/2017 06:18 am --> 404 Page Not Found: Assets/front
ERROR - 06/20/2017 06:18 am --> 404 Page Not Found: Assets/front
ERROR - 06/20/2017 06:18 am --> 404 Page Not Found: Assets/front
ERROR - 06/20/2017 06:19 am --> 404 Page Not Found: Assets/front
ERROR - 06/20/2017 06:20 am --> 404 Page Not Found: Assets/front
ERROR - 06/20/2017 06:20 am --> 404 Page Not Found: Assets/front
ERROR - 06/20/2017 06:20 am --> 404 Page Not Found: Assets/front
ERROR - 06/20/2017 06:20 am --> 404 Page Not Found: Assets/front
ERROR - 06/20/2017 06:20 am --> 404 Page Not Found: Assets/front
ERROR - 06/20/2017 06:20 am --> 404 Page Not Found: Assets/front
ERROR - 06/20/2017 06:20 am --> 404 Page Not Found: Assets/front
ERROR - 06/20/2017 06:20 am --> 404 Page Not Found: Assets/front
ERROR - 06/20/2017 06:20 am --> 404 Page Not Found: Assets/front
ERROR - 06/20/2017 06:20 am --> 404 Page Not Found: Assets/front
ERROR - 06/20/2017 06:20 am --> 404 Page Not Found: Assets/front
ERROR - 06/20/2017 06:20 am --> 404 Page Not Found: Assets/front
ERROR - 06/20/2017 06:20 am --> 404 Page Not Found: Assets/front
ERROR - 06/20/2017 06:21 am --> 404 Page Not Found: Assets/front
ERROR - 06/20/2017 06:21 am --> 404 Page Not Found: Assets/front
ERROR - 06/20/2017 06:22 am --> 404 Page Not Found: Assets/front
ERROR - 06/20/2017 06:22 am --> 404 Page Not Found: Assets/front
ERROR - 06/20/2017 06:22 am --> 404 Page Not Found: Assets/front
ERROR - 06/20/2017 06:22 am --> 404 Page Not Found: Assets/front
ERROR - 06/20/2017 06:22 am --> 404 Page Not Found: Assets/front
ERROR - 06/20/2017 06:22 am --> 404 Page Not Found: Assets/front
ERROR - 06/20/2017 06:23 am --> 404 Page Not Found: Assets/front
ERROR - 06/20/2017 06:23 am --> 404 Page Not Found: Assets/front
ERROR - 06/20/2017 06:23 am --> 404 Page Not Found: Assets/front
ERROR - 06/20/2017 06:24 am --> 404 Page Not Found: Assets/front
ERROR - 06/20/2017 06:24 am --> 404 Page Not Found: Assets/front
ERROR - 06/20/2017 06:24 am --> 404 Page Not Found: Assets/front
ERROR - 06/20/2017 06:24 am --> 404 Page Not Found: Assets/front
ERROR - 06/20/2017 06:24 am --> 404 Page Not Found: Assets/front
ERROR - 06/20/2017 06:24 am --> 404 Page Not Found: Assets/front
