ERROR - 02/13/2017 11:12 am --> Severity: Notice --> Trying to get property of non-object /home2/carolhhp/public_html/democarol.com/homeservices/application/controllers/front/Service.php 106
ERROR - 02/13/2017 11:12 am --> Severity: Notice --> Trying to get property of non-object /home2/carolhhp/public_html/democarol.com/homeservices/application/controllers/front/Service.php 108
ERROR - 02/13/2017 11:12 am --> Severity: Notice --> Trying to get property of non-object /home2/carolhhp/public_html/democarol.com/homeservices/application/controllers/front/Service.php 109
ERROR - 02/13/2017 11:12 am --> Severity: Notice --> Trying to get property of non-object /home2/carolhhp/public_html/democarol.com/homeservices/application/controllers/front/Service.php 110
ERROR - 02/13/2017 11:12 am --> Severity: Notice --> Trying to get property of non-object /home2/carolhhp/public_html/democarol.com/homeservices/application/controllers/front/Service.php 106
ERROR - 02/13/2017 11:12 am --> Severity: Notice --> Trying to get property of non-object /home2/carolhhp/public_html/democarol.com/homeservices/application/controllers/front/Service.php 108
ERROR - 02/13/2017 11:12 am --> Severity: Notice --> Trying to get property of non-object /home2/carolhhp/public_html/democarol.com/homeservices/application/controllers/front/Service.php 109
ERROR - 02/13/2017 11:12 am --> Severity: Notice --> Trying to get property of non-object /home2/carolhhp/public_html/democarol.com/homeservices/application/controllers/front/Service.php 110
ERROR - 02/13/2017 11:21 am --> Severity: Notice --> Trying to get property of non-object /home2/carolhhp/public_html/democarol.com/homeservices/application/controllers/front/Service.php 106
ERROR - 02/13/2017 11:21 am --> Severity: Notice --> Trying to get property of non-object /home2/carolhhp/public_html/democarol.com/homeservices/application/controllers/front/Service.php 108
ERROR - 02/13/2017 11:21 am --> Severity: Notice --> Trying to get property of non-object /home2/carolhhp/public_html/democarol.com/homeservices/application/controllers/front/Service.php 109
ERROR - 02/13/2017 11:21 am --> Severity: Notice --> Trying to get property of non-object /home2/carolhhp/public_html/democarol.com/homeservices/application/controllers/front/Service.php 110
ERROR - 02/13/2017 11:21 am --> Severity: Notice --> Trying to get property of non-object /home2/carolhhp/public_html/democarol.com/homeservices/application/controllers/front/Service.php 106
ERROR - 02/13/2017 11:21 am --> Severity: Notice --> Trying to get property of non-object /home2/carolhhp/public_html/democarol.com/homeservices/application/controllers/front/Service.php 108
ERROR - 02/13/2017 11:21 am --> Severity: Notice --> Trying to get property of non-object /home2/carolhhp/public_html/democarol.com/homeservices/application/controllers/front/Service.php 109
ERROR - 02/13/2017 11:21 am --> Severity: Notice --> Trying to get property of non-object /home2/carolhhp/public_html/democarol.com/homeservices/application/controllers/front/Service.php 110
ERROR - 02/13/2017 11:24 am --> Severity: Notice --> Trying to get property of non-object /home2/carolhhp/public_html/democarol.com/homeservices/application/controllers/front/Service.php 106
ERROR - 02/13/2017 11:24 am --> Severity: Notice --> Trying to get property of non-object /home2/carolhhp/public_html/democarol.com/homeservices/application/controllers/front/Service.php 108
ERROR - 02/13/2017 11:24 am --> Severity: Notice --> Trying to get property of non-object /home2/carolhhp/public_html/democarol.com/homeservices/application/controllers/front/Service.php 109
ERROR - 02/13/2017 11:24 am --> Severity: Notice --> Trying to get property of non-object /home2/carolhhp/public_html/democarol.com/homeservices/application/controllers/front/Service.php 110
ERROR - 02/13/2017 11:24 am --> Severity: Notice --> Trying to get property of non-object /home2/carolhhp/public_html/democarol.com/homeservices/application/controllers/front/Service.php 106
ERROR - 02/13/2017 11:24 am --> Severity: Notice --> Trying to get property of non-object /home2/carolhhp/public_html/democarol.com/homeservices/application/controllers/front/Service.php 108
ERROR - 02/13/2017 11:24 am --> Severity: Notice --> Trying to get property of non-object /home2/carolhhp/public_html/democarol.com/homeservices/application/controllers/front/Service.php 109
ERROR - 02/13/2017 11:24 am --> Severity: Notice --> Trying to get property of non-object /home2/carolhhp/public_html/democarol.com/homeservices/application/controllers/front/Service.php 110
ERROR - 02/13/2017 11:27 am --> Severity: Notice --> Trying to get property of non-object /home2/carolhhp/public_html/democarol.com/homeservices/application/controllers/front/Service.php 106
ERROR - 02/13/2017 11:27 am --> Severity: Notice --> Trying to get property of non-object /home2/carolhhp/public_html/democarol.com/homeservices/application/controllers/front/Service.php 108
ERROR - 02/13/2017 11:27 am --> Severity: Notice --> Trying to get property of non-object /home2/carolhhp/public_html/democarol.com/homeservices/application/controllers/front/Service.php 109
ERROR - 02/13/2017 11:27 am --> Severity: Notice --> Trying to get property of non-object /home2/carolhhp/public_html/democarol.com/homeservices/application/controllers/front/Service.php 110
ERROR - 02/13/2017 11:32 am --> Severity: Notice --> Trying to get property of non-object /home2/carolhhp/public_html/democarol.com/homeservices/application/controllers/front/Service.php 106
ERROR - 02/13/2017 11:32 am --> Severity: Notice --> Trying to get property of non-object /home2/carolhhp/public_html/democarol.com/homeservices/application/controllers/front/Service.php 108
ERROR - 02/13/2017 11:32 am --> Severity: Notice --> Trying to get property of non-object /home2/carolhhp/public_html/democarol.com/homeservices/application/controllers/front/Service.php 109
ERROR - 02/13/2017 11:32 am --> Severity: Notice --> Trying to get property of non-object /home2/carolhhp/public_html/democarol.com/homeservices/application/controllers/front/Service.php 110
ERROR - 02/13/2017 11:36 am --> Severity: Notice --> Trying to get property of non-object /home2/carolhhp/public_html/democarol.com/homeservices/application/controllers/front/Service.php 107
ERROR - 02/13/2017 11:36 am --> Severity: Notice --> Trying to get property of non-object /home2/carolhhp/public_html/democarol.com/homeservices/application/controllers/front/Service.php 110
ERROR - 02/13/2017 11:36 am --> Severity: Notice --> Trying to get property of non-object /home2/carolhhp/public_html/democarol.com/homeservices/application/controllers/front/Service.php 111
ERROR - 02/13/2017 11:36 am --> Severity: Notice --> Trying to get property of non-object /home2/carolhhp/public_html/democarol.com/homeservices/application/controllers/front/Service.php 112
ERROR - 02/13/2017 12:18 am --> 404 Page Not Found: GetPrice/1
ERROR - 02/13/2017 12:18 am --> 404 Page Not Found: GetPrice/1
ERROR - 02/13/2017 12:19 am --> 404 Page Not Found: GetPrice/1
ERROR - 02/13/2017 12:19 am --> 404 Page Not Found: GetPrice/1
ERROR - 02/13/2017 12:54 am --> 404 Page Not Found: front/Service/check_price
ERROR - 02/13/2017 12:55 am --> 404 Page Not Found: Assets/front
ERROR - 02/13/2017 12:55 am --> 404 Page Not Found: Assets/front
ERROR - 02/13/2017 12:55 am --> Severity: Warning --> Cannot modify header information - headers already sent by (output started at /home2/carolhhp/public_html/democarol.com/homeservices/application/controllers/front/Service.php:114) /home2/carolhhp/public_html/democarol.com/homeservices/system/core/Common.php 573
ERROR - 02/13/2017 12:55 am --> Severity: Parsing Error --> syntax error, unexpected end of file /home2/carolhhp/public_html/democarol.com/homeservices/application/controllers/front/Service.php 114
ERROR - 02/13/2017 01:20 am --> 404 Page Not Found: Assets/front
ERROR - 02/13/2017 01:21 am --> 404 Page Not Found: Assets/front
ERROR - 02/13/2017 01:21 am --> 404 Page Not Found: Assets/front
ERROR - 02/13/2017 01:21 am --> 404 Page Not Found: Assets/front
ERROR - 02/13/2017 01:24 am --> 404 Page Not Found: front/Vendors/vendors_info
ERROR - 02/13/2017 12:54 pm --> Severity: Warning --> include(footer.php): failed to open stream: No such file or directory /home2/carolhhp/public_html/democarol.com/homeservices/application/views/front/vendors/get_vendors.php 172
ERROR - 02/13/2017 12:54 pm --> Severity: Warning --> include(footer.php): failed to open stream: No such file or directory /home2/carolhhp/public_html/democarol.com/homeservices/application/views/front/vendors/get_vendors.php 172
ERROR - 02/13/2017 12:54 pm --> Severity: Warning --> include(): Failed opening 'footer.php' for inclusion (include_path='.:/opt/php56/lib/php') /home2/carolhhp/public_html/democarol.com/homeservices/application/views/front/vendors/get_vendors.php 172
ERROR - 02/13/2017 01:24 am --> 404 Page Not Found: Css/font-awesome.css
ERROR - 02/13/2017 01:24 am --> 404 Page Not Found: Css/font-awesome.min.css
ERROR - 02/13/2017 01:24 am --> 404 Page Not Found: Css/bootstrap.min.css
ERROR - 02/13/2017 01:24 am --> 404 Page Not Found: Css/style.css
ERROR - 02/13/2017 01:24 am --> 404 Page Not Found: Img/favicon.png
ERROR - 02/13/2017 12:54 pm --> Severity: Warning --> include(footer.php): failed to open stream: No such file or directory /home2/carolhhp/public_html/democarol.com/homeservices/application/views/front/vendors/get_vendors.php 172
ERROR - 02/13/2017 12:54 pm --> Severity: Warning --> include(footer.php): failed to open stream: No such file or directory /home2/carolhhp/public_html/democarol.com/homeservices/application/views/front/vendors/get_vendors.php 172
ERROR - 02/13/2017 12:54 pm --> Severity: Warning --> include(): Failed opening 'footer.php' for inclusion (include_path='.:/opt/php56/lib/php') /home2/carolhhp/public_html/democarol.com/homeservices/application/views/front/vendors/get_vendors.php 172
ERROR - 02/13/2017 01:24 am --> 404 Page Not Found: Css/font-awesome.css
ERROR - 02/13/2017 01:24 am --> 404 Page Not Found: Css/font-awesome.min.css
ERROR - 02/13/2017 01:24 am --> 404 Page Not Found: Css/bootstrap.min.css
ERROR - 02/13/2017 01:24 am --> 404 Page Not Found: Css/style.css
ERROR - 02/13/2017 01:24 am --> 404 Page Not Found: Assets/front
ERROR - 02/13/2017 12:55 pm --> Severity: Warning --> include(footer.php): failed to open stream: No such file or directory /home2/carolhhp/public_html/democarol.com/homeservices/application/views/front/vendors/get_vendors.php 172
ERROR - 02/13/2017 12:55 pm --> Severity: Warning --> include(footer.php): failed to open stream: No such file or directory /home2/carolhhp/public_html/democarol.com/homeservices/application/views/front/vendors/get_vendors.php 172
ERROR - 02/13/2017 12:55 pm --> Severity: Warning --> include(): Failed opening 'footer.php' for inclusion (include_path='.:/opt/php56/lib/php') /home2/carolhhp/public_html/democarol.com/homeservices/application/views/front/vendors/get_vendors.php 172
ERROR - 02/13/2017 01:25 am --> 404 Page Not Found: Css/font-awesome.css
ERROR - 02/13/2017 01:25 am --> 404 Page Not Found: Css/font-awesome.min.css
ERROR - 02/13/2017 01:25 am --> 404 Page Not Found: Css/bootstrap.min.css
ERROR - 02/13/2017 01:25 am --> 404 Page Not Found: Css/style.css
ERROR - 02/13/2017 12:56 pm --> Severity: Warning --> include(footer.php): failed to open stream: No such file or directory /home2/carolhhp/public_html/democarol.com/homeservices/application/views/front/vendors/get_vendors.php 172
ERROR - 02/13/2017 12:56 pm --> Severity: Warning --> include(footer.php): failed to open stream: No such file or directory /home2/carolhhp/public_html/democarol.com/homeservices/application/views/front/vendors/get_vendors.php 172
ERROR - 02/13/2017 12:56 pm --> Severity: Warning --> include(): Failed opening 'footer.php' for inclusion (include_path='.:/opt/php56/lib/php') /home2/carolhhp/public_html/democarol.com/homeservices/application/views/front/vendors/get_vendors.php 172
ERROR - 02/13/2017 01:26 am --> 404 Page Not Found: Css/font-awesome.css
ERROR - 02/13/2017 01:26 am --> 404 Page Not Found: Css/bootstrap.min.css
ERROR - 02/13/2017 01:26 am --> 404 Page Not Found: Css/font-awesome.min.css
ERROR - 02/13/2017 01:26 am --> 404 Page Not Found: Css/style.css
ERROR - 02/13/2017 12:56 pm --> Severity: Warning --> include(footer.php): failed to open stream: No such file or directory /home2/carolhhp/public_html/democarol.com/homeservices/application/views/front/vendors/get_vendors.php 172
ERROR - 02/13/2017 12:56 pm --> Severity: Warning --> include(footer.php): failed to open stream: No such file or directory /home2/carolhhp/public_html/democarol.com/homeservices/application/views/front/vendors/get_vendors.php 172
ERROR - 02/13/2017 12:56 pm --> Severity: Warning --> include(): Failed opening 'footer.php' for inclusion (include_path='.:/opt/php56/lib/php') /home2/carolhhp/public_html/democarol.com/homeservices/application/views/front/vendors/get_vendors.php 172
ERROR - 02/13/2017 01:26 am --> 404 Page Not Found: Css/font-awesome.css
ERROR - 02/13/2017 01:26 am --> 404 Page Not Found: Css/font-awesome.min.css
ERROR - 02/13/2017 01:26 am --> 404 Page Not Found: Css/bootstrap.min.css
ERROR - 02/13/2017 01:26 am --> 404 Page Not Found: Css/style.css
ERROR - 02/13/2017 12:56 pm --> Severity: Warning --> include(footer.php): failed to open stream: No such file or directory /home2/carolhhp/public_html/democarol.com/homeservices/application/views/front/vendors/get_vendors.php 172
ERROR - 02/13/2017 12:56 pm --> Severity: Warning --> include(footer.php): failed to open stream: No such file or directory /home2/carolhhp/public_html/democarol.com/homeservices/application/views/front/vendors/get_vendors.php 172
ERROR - 02/13/2017 12:56 pm --> Severity: Warning --> include(): Failed opening 'footer.php' for inclusion (include_path='.:/opt/php56/lib/php') /home2/carolhhp/public_html/democarol.com/homeservices/application/views/front/vendors/get_vendors.php 172
ERROR - 02/13/2017 01:26 am --> 404 Page Not Found: Css/font-awesome.css
ERROR - 02/13/2017 01:26 am --> 404 Page Not Found: Css/font-awesome.min.css
ERROR - 02/13/2017 01:26 am --> 404 Page Not Found: Css/style.css
ERROR - 02/13/2017 01:26 am --> 404 Page Not Found: Css/bootstrap.min.css
ERROR - 02/13/2017 01:26 am --> 404 Page Not Found: Css/font-awesome.css
ERROR - 02/13/2017 01:26 am --> 404 Page Not Found: Css/font-awesome.min.css
ERROR - 02/13/2017 01:26 am --> 404 Page Not Found: Css/bootstrap.min.css
ERROR - 02/13/2017 01:26 am --> 404 Page Not Found: Css/style.css
ERROR - 02/13/2017 01:26 am --> 404 Page Not Found: Css/font-awesome.css
ERROR - 02/13/2017 01:26 am --> 404 Page Not Found: Css/font-awesome.min.css
ERROR - 02/13/2017 01:26 am --> 404 Page Not Found: Css/bootstrap.min.css
ERROR - 02/13/2017 01:26 am --> 404 Page Not Found: Css/style.css
ERROR - 02/13/2017 01:28 am --> 404 Page Not Found: Assets/front
ERROR - 02/13/2017 01:40 am --> 404 Page Not Found: Assets/front
ERROR - 02/13/2017 01:44 am --> 404 Page Not Found: Assets/front
ERROR - 02/13/2017 01:46 am --> 404 Page Not Found: Assets/front
ERROR - 02/13/2017 01:17 pm --> Severity: Warning --> include(footer.php): failed to open stream: No such file or directory /home2/carolhhp/public_html/democarol.com/homeservices/application/views/front/vendors/vendors_details.php 169
ERROR - 02/13/2017 01:17 pm --> Severity: Warning --> include(footer.php): failed to open stream: No such file or directory /home2/carolhhp/public_html/democarol.com/homeservices/application/views/front/vendors/vendors_details.php 169
ERROR - 02/13/2017 01:17 pm --> Severity: Warning --> include(): Failed opening 'footer.php' for inclusion (include_path='.:/opt/php56/lib/php') /home2/carolhhp/public_html/democarol.com/homeservices/application/views/front/vendors/vendors_details.php 169
ERROR - 02/13/2017 01:47 am --> 404 Page Not Found: Css/font-awesome.min.css
ERROR - 02/13/2017 01:47 am --> 404 Page Not Found: Css/font-awesome.css
ERROR - 02/13/2017 01:47 am --> 404 Page Not Found: Css/bootstrap.min.css
ERROR - 02/13/2017 01:47 am --> 404 Page Not Found: Css/style.css
ERROR - 02/13/2017 01:17 pm --> Severity: Warning --> include(footer.php): failed to open stream: No such file or directory /home2/carolhhp/public_html/democarol.com/homeservices/application/views/front/vendors/vendors_details.php 169
ERROR - 02/13/2017 01:17 pm --> Severity: Warning --> include(footer.php): failed to open stream: No such file or directory /home2/carolhhp/public_html/democarol.com/homeservices/application/views/front/vendors/vendors_details.php 169
ERROR - 02/13/2017 01:17 pm --> Severity: Warning --> include(): Failed opening 'footer.php' for inclusion (include_path='.:/opt/php56/lib/php') /home2/carolhhp/public_html/democarol.com/homeservices/application/views/front/vendors/vendors_details.php 169
ERROR - 02/13/2017 01:47 am --> 404 Page Not Found: Css/font-awesome.css
ERROR - 02/13/2017 01:47 am --> 404 Page Not Found: Css/font-awesome.min.css
ERROR - 02/13/2017 01:47 am --> 404 Page Not Found: Css/bootstrap.min.css
ERROR - 02/13/2017 01:47 am --> 404 Page Not Found: Css/style.css
ERROR - 02/13/2017 01:51 am --> 404 Page Not Found: Assets/front
ERROR - 02/13/2017 01:51 am --> 404 Page Not Found: Assets/front
ERROR - 02/13/2017 02:41 am --> 404 Page Not Found: Assets/front
ERROR - 02/13/2017 02:43 am --> 404 Page Not Found: Assets/front
ERROR - 02/13/2017 02:44 am --> 404 Page Not Found: Assets/front
ERROR - 02/13/2017 02:18 pm --> Severity: Warning --> include(footer.php): failed to open stream: No such file or directory /home2/carolhhp/public_html/democarol.com/homeservices/application/views/front/vendors/vendors_details.php 169
ERROR - 02/13/2017 02:18 pm --> Severity: Warning --> include(footer.php): failed to open stream: No such file or directory /home2/carolhhp/public_html/democarol.com/homeservices/application/views/front/vendors/vendors_details.php 169
ERROR - 02/13/2017 02:18 pm --> Severity: Warning --> include(): Failed opening 'footer.php' for inclusion (include_path='.:/opt/php56/lib/php') /home2/carolhhp/public_html/democarol.com/homeservices/application/views/front/vendors/vendors_details.php 169
ERROR - 02/13/2017 02:48 am --> 404 Page Not Found: Css/font-awesome.min.css
ERROR - 02/13/2017 02:48 am --> 404 Page Not Found: Css/font-awesome.css
ERROR - 02/13/2017 02:48 am --> 404 Page Not Found: Css/style.css
ERROR - 02/13/2017 02:48 am --> 404 Page Not Found: Css/bootstrap.min.css
ERROR - 02/13/2017 02:18 pm --> Severity: Warning --> include(footer.php): failed to open stream: No such file or directory /home2/carolhhp/public_html/democarol.com/homeservices/application/views/front/vendors/vendors_details.php 169
ERROR - 02/13/2017 02:18 pm --> Severity: Warning --> include(footer.php): failed to open stream: No such file or directory /home2/carolhhp/public_html/democarol.com/homeservices/application/views/front/vendors/vendors_details.php 169
ERROR - 02/13/2017 02:18 pm --> Severity: Warning --> include(): Failed opening 'footer.php' for inclusion (include_path='.:/opt/php56/lib/php') /home2/carolhhp/public_html/democarol.com/homeservices/application/views/front/vendors/vendors_details.php 169
ERROR - 02/13/2017 02:48 am --> 404 Page Not Found: Css/font-awesome.css
ERROR - 02/13/2017 02:48 am --> 404 Page Not Found: Css/font-awesome.min.css
ERROR - 02/13/2017 02:48 am --> 404 Page Not Found: Css/bootstrap.min.css
ERROR - 02/13/2017 02:48 am --> 404 Page Not Found: Css/style.css
ERROR - 02/13/2017 02:48 am --> 404 Page Not Found: Css/font-awesome.min.css
ERROR - 02/13/2017 02:48 am --> 404 Page Not Found: Css/font-awesome.css
ERROR - 02/13/2017 02:48 am --> 404 Page Not Found: Css/bootstrap.min.css
ERROR - 02/13/2017 02:48 am --> 404 Page Not Found: Css/style.css
ERROR - 02/13/2017 02:48 am --> 404 Page Not Found: Css/font-awesome.css
ERROR - 02/13/2017 02:48 am --> 404 Page Not Found: Css/font-awesome.min.css
ERROR - 02/13/2017 02:48 am --> 404 Page Not Found: Css/style.css
ERROR - 02/13/2017 02:48 am --> 404 Page Not Found: Css/bootstrap.min.css
ERROR - 02/13/2017 02:49 am --> 404 Page Not Found: Css/font-awesome.css
ERROR - 02/13/2017 02:49 am --> 404 Page Not Found: Css/font-awesome.min.css
ERROR - 02/13/2017 02:49 am --> 404 Page Not Found: Css/bootstrap.min.css
ERROR - 02/13/2017 02:49 am --> 404 Page Not Found: Css/style.css
ERROR - 02/13/2017 02:55 am --> 404 Page Not Found: Assets/front
ERROR - 02/13/2017 02:58 am --> Severity: Warning --> Cannot modify header information - headers already sent by (output started at /home2/carolhhp/public_html/democarol.com/homeservices/application/controllers/front/Vendors.php:26) /home2/carolhhp/public_html/democarol.com/homeservices/system/core/Common.php 573
ERROR - 02/13/2017 02:58 am --> Severity: Parsing Error --> syntax error, unexpected '}' /home2/carolhhp/public_html/democarol.com/homeservices/application/controllers/front/Vendors.php 26
ERROR - 02/13/2017 02:58 am --> Severity: Warning --> Cannot modify header information - headers already sent by (output started at /home2/carolhhp/public_html/democarol.com/homeservices/application/controllers/front/Vendors.php:26) /home2/carolhhp/public_html/democarol.com/homeservices/system/core/Common.php 573
ERROR - 02/13/2017 02:58 am --> Severity: Parsing Error --> syntax error, unexpected '}' /home2/carolhhp/public_html/democarol.com/homeservices/application/controllers/front/Vendors.php 26
ERROR - 02/13/2017 02:59 am --> Severity: Warning --> Cannot modify header information - headers already sent by (output started at /home2/carolhhp/public_html/democarol.com/homeservices/application/controllers/front/Vendors.php:26) /home2/carolhhp/public_html/democarol.com/homeservices/system/core/Common.php 573
ERROR - 02/13/2017 02:59 am --> Severity: Parsing Error --> syntax error, unexpected '}' /home2/carolhhp/public_html/democarol.com/homeservices/application/controllers/front/Vendors.php 26
ERROR - 02/13/2017 03:02 am --> 404 Page Not Found: Css/font-awesome.css
ERROR - 02/13/2017 03:02 am --> 404 Page Not Found: Css/bootstrap.min.css
ERROR - 02/13/2017 03:02 am --> 404 Page Not Found: Css/style.css
ERROR - 02/13/2017 03:02 am --> 404 Page Not Found: Css/font-awesome.min.css
ERROR - 02/13/2017 03:04 am --> 404 Page Not Found: Css/font-awesome.css
ERROR - 02/13/2017 03:04 am --> 404 Page Not Found: Css/font-awesome.min.css
ERROR - 02/13/2017 03:04 am --> 404 Page Not Found: Css/bootstrap.min.css
ERROR - 02/13/2017 03:04 am --> 404 Page Not Found: Css/style.css
ERROR - 02/13/2017 03:10 am --> 404 Page Not Found: Assets/img
ERROR - 02/13/2017 03:10 am --> 404 Page Not Found: Assets/img
ERROR - 02/13/2017 03:10 am --> 404 Page Not Found: Assets/js
ERROR - 02/13/2017 03:10 am --> 404 Page Not Found: Images/photos
ERROR - 02/13/2017 03:10 am --> 404 Page Not Found: Assets/js
ERROR - 02/13/2017 03:10 am --> 404 Page Not Found: Assets/js
ERROR - 02/13/2017 03:10 am --> 404 Page Not Found: Assets/js
ERROR - 02/13/2017 03:10 am --> 404 Page Not Found: Assets/js
ERROR - 02/13/2017 03:10 am --> 404 Page Not Found: Images/photos
ERROR - 02/13/2017 03:10 am --> 404 Page Not Found: Images/loading_spinner.gif
ERROR - 02/13/2017 03:10 am --> 404 Page Not Found: Assets/js
ERROR - 02/13/2017 03:10 am --> 404 Page Not Found: Assets/js
ERROR - 02/13/2017 03:10 am --> 404 Page Not Found: Assets/js
ERROR - 02/13/2017 03:10 am --> 404 Page Not Found: Assets/js
ERROR - 02/13/2017 03:10 am --> 404 Page Not Found: Assets/js
ERROR - 02/13/2017 03:10 am --> 404 Page Not Found: Assets/js
ERROR - 02/13/2017 03:10 am --> 404 Page Not Found: Assets/js
ERROR - 02/13/2017 03:10 am --> 404 Page Not Found: Assets/js
ERROR - 02/13/2017 03:10 am --> 404 Page Not Found: Assets/js
ERROR - 02/13/2017 03:10 am --> 404 Page Not Found: Assets/js
ERROR - 02/13/2017 03:10 am --> 404 Page Not Found: Js/advanced-datatable
ERROR - 02/13/2017 03:10 am --> 404 Page Not Found: Js/advanced-datatable
ERROR - 02/13/2017 03:10 am --> 404 Page Not Found: Js/dynamic_table_init.js
ERROR - 02/13/2017 03:10 am --> 404 Page Not Found: Js/jquery.dataTables.min.js
ERROR - 02/13/2017 03:10 am --> 404 Page Not Found: Js/advanced-datatable
ERROR - 02/13/2017 03:10 am --> 404 Page Not Found: Js/dynamic_table_init.js
ERROR - 02/13/2017 03:10 am --> 404 Page Not Found: Images/photos
ERROR - 02/13/2017 03:10 am --> 404 Page Not Found: Js/jquery.dataTables.min.js
ERROR - 02/13/2017 03:12 am --> 404 Page Not Found: Assets/js
ERROR - 02/13/2017 03:12 am --> 404 Page Not Found: Assets/js
ERROR - 02/13/2017 03:12 am --> 404 Page Not Found: Images/photos
ERROR - 02/13/2017 03:12 am --> 404 Page Not Found: Assets/js
ERROR - 02/13/2017 03:12 am --> 404 Page Not Found: Assets/js
ERROR - 02/13/2017 03:12 am --> 404 Page Not Found: Assets/js
ERROR - 02/13/2017 03:12 am --> 404 Page Not Found: Assets/js
ERROR - 02/13/2017 03:12 am --> 404 Page Not Found: Assets/js
ERROR - 02/13/2017 03:12 am --> 404 Page Not Found: Assets/js
ERROR - 02/13/2017 03:12 am --> 404 Page Not Found: Images/photos
ERROR - 02/13/2017 03:12 am --> 404 Page Not Found: Assets/js
ERROR - 02/13/2017 03:12 am --> 404 Page Not Found: Assets/js
ERROR - 02/13/2017 03:12 am --> 404 Page Not Found: Assets/js
ERROR - 02/13/2017 03:12 am --> 404 Page Not Found: Images/photos
ERROR - 02/13/2017 03:12 am --> 404 Page Not Found: Assets/js
ERROR - 02/13/2017 03:12 am --> 404 Page Not Found: Images/photos
ERROR - 02/13/2017 03:12 am --> 404 Page Not Found: Assets/js
ERROR - 02/13/2017 03:12 am --> 404 Page Not Found: Assets/js
ERROR - 02/13/2017 03:12 am --> 404 Page Not Found: Assets/js
ERROR - 02/13/2017 03:12 am --> 404 Page Not Found: Assets/js
ERROR - 02/13/2017 03:13 am --> 404 Page Not Found: Assets/js
ERROR - 02/13/2017 03:13 am --> 404 Page Not Found: Assets/js
ERROR - 02/13/2017 03:13 am --> 404 Page Not Found: Images/photos
ERROR - 02/13/2017 03:37 am --> 404 Page Not Found: Assets/front
ERROR - 02/13/2017 03:38 am --> 404 Page Not Found: Assets/front
ERROR - 02/13/2017 03:39 am --> 404 Page Not Found: Assets/front
ERROR - 02/13/2017 03:43 am --> 404 Page Not Found: Assets/front
ERROR - 02/13/2017 03:44 am --> 404 Page Not Found: Assets/front
ERROR - 02/13/2017 03:45 am --> 404 Page Not Found: Assets/front
ERROR - 02/13/2017 03:45 am --> 404 Page Not Found: Assets/front
ERROR - 02/13/2017 03:46 am --> 404 Page Not Found: Assets/front
ERROR - 02/13/2017 03:46 am --> 404 Page Not Found: Assets/front
ERROR - 02/13/2017 03:46 am --> 404 Page Not Found: Assets/front
ERROR - 02/13/2017 03:46 am --> 404 Page Not Found: Assets/front
ERROR - 02/13/2017 03:51 am --> 404 Page Not Found: Assets/front
ERROR - 02/13/2017 03:51 am --> 404 Page Not Found: Assets/front
ERROR - 02/13/2017 03:56 am --> 404 Page Not Found: Vendores/index
ERROR - 02/13/2017 03:56 am --> 404 Page Not Found: Vendores/index
ERROR - 02/13/2017 03:26 pm --> Severity: Notice --> Undefined variable: get_catname /home2/carolhhp/public_html/democarol.com/homeservices/application/views/front/vendors/get_vendors.php 48
ERROR - 02/13/2017 03:26 pm --> Severity: Warning --> Invalid argument supplied for foreach() /home2/carolhhp/public_html/democarol.com/homeservices/application/views/front/vendors/get_vendors.php 48
ERROR - 02/13/2017 03:57 am --> 404 Page Not Found: Assets/front
ERROR - 02/13/2017 03:57 am --> 404 Page Not Found: Assets/front
ERROR - 02/13/2017 03:58 am --> 404 Page Not Found: Assets/front
ERROR - 02/13/2017 03:58 am --> 404 Page Not Found: Assets/front
ERROR - 02/13/2017 03:59 am --> 404 Page Not Found: Assets/front
ERROR - 02/13/2017 03:59 am --> 404 Page Not Found: Assets/front
ERROR - 02/13/2017 03:32 pm --> Severity: Notice --> Undefined variable: get_catname /home2/carolhhp/public_html/democarol.com/homeservices/application/views/front/vendors/get_vendors.php 48
ERROR - 02/13/2017 03:32 pm --> Severity: Warning --> Invalid argument supplied for foreach() /home2/carolhhp/public_html/democarol.com/homeservices/application/views/front/vendors/get_vendors.php 48
ERROR - 02/13/2017 03:33 pm --> Severity: Notice --> Undefined variable: get_catname /home2/carolhhp/public_html/democarol.com/homeservices/application/views/front/vendors/get_vendors.php 48
ERROR - 02/13/2017 03:33 pm --> Severity: Warning --> Invalid argument supplied for foreach() /home2/carolhhp/public_html/democarol.com/homeservices/application/views/front/vendors/get_vendors.php 48
ERROR - 02/13/2017 03:33 pm --> Severity: Notice --> Undefined variable: get_catname /home2/carolhhp/public_html/democarol.com/homeservices/application/views/front/vendors/get_vendors.php 48
ERROR - 02/13/2017 03:33 pm --> Severity: Warning --> Invalid argument supplied for foreach() /home2/carolhhp/public_html/democarol.com/homeservices/application/views/front/vendors/get_vendors.php 48
ERROR - 02/13/2017 03:33 pm --> Severity: Notice --> Undefined variable: get_catname /home2/carolhhp/public_html/democarol.com/homeservices/application/views/front/vendors/get_vendors.php 48
ERROR - 02/13/2017 03:33 pm --> Severity: Warning --> Invalid argument supplied for foreach() /home2/carolhhp/public_html/democarol.com/homeservices/application/views/front/vendors/get_vendors.php 48
ERROR - 02/13/2017 03:34 pm --> Severity: Notice --> Undefined variable: get_catname /home2/carolhhp/public_html/democarol.com/homeservices/application/views/front/vendors/get_vendors.php 48
ERROR - 02/13/2017 03:34 pm --> Severity: Warning --> Invalid argument supplied for foreach() /home2/carolhhp/public_html/democarol.com/homeservices/application/views/front/vendors/get_vendors.php 48
ERROR - 02/13/2017 04:00 pm --> Query error: You have an error in your SQL syntax; check the manual that corresponds to your MySQL server version for the right syntax to use near 'IS NULL' at line 3 - Invalid query: SELECT `id`, `name`
FROM `ai_country`
WHERE  IS NULL
ERROR - 02/13/2017 04:34 am --> 404 Page Not Found: Assets/front
ERROR - 02/13/2017 04:34 am --> 404 Page Not Found: Assets/front
ERROR - 02/13/2017 04:35 am --> 404 Page Not Found: Assets/front
ERROR - 02/13/2017 04:35 am --> 404 Page Not Found: Assets/front
ERROR - 02/13/2017 04:36 am --> 404 Page Not Found: Assets/front
ERROR - 02/13/2017 04:36 am --> 404 Page Not Found: Assets/front
ERROR - 02/13/2017 04:38 am --> 404 Page Not Found: Assets/front
ERROR - 02/13/2017 04:38 am --> 404 Page Not Found: Assets/front
ERROR - 02/13/2017 04:38 am --> 404 Page Not Found: Assets/front
ERROR - 02/13/2017 04:39 am --> 404 Page Not Found: Assets/front
ERROR - 02/13/2017 04:40 am --> 404 Page Not Found: Assets/front
ERROR - 02/13/2017 04:56 am --> 404 Page Not Found: Assets/front
ERROR - 02/13/2017 04:57 am --> 404 Page Not Found: Assets/front
ERROR - 02/13/2017 04:59 am --> 404 Page Not Found: Assets/front
ERROR - 02/13/2017 04:59 am --> 404 Page Not Found: Assets/front
ERROR - 02/13/2017 05:01 am --> 404 Page Not Found: Assets/front
ERROR - 02/13/2017 05:01 am --> 404 Page Not Found: Assets/front
ERROR - 02/13/2017 05:03 am --> 404 Page Not Found: Assets/front
ERROR - 02/13/2017 05:10 am --> 404 Page Not Found: Assets/front
ERROR - 02/13/2017 05:11 am --> 404 Page Not Found: Assets/front
ERROR - 02/13/2017 05:11 am --> 404 Page Not Found: Assets/front
ERROR - 02/13/2017 05:12 am --> 404 Page Not Found: Assets/front
ERROR - 02/13/2017 05:12 am --> 404 Page Not Found: Assets/front
ERROR - 02/13/2017 05:19 am --> 404 Page Not Found: Assets/front
ERROR - 02/13/2017 05:22 am --> 404 Page Not Found: Assets/front
ERROR - 02/13/2017 05:25 am --> 404 Page Not Found: Assets/front
ERROR - 02/13/2017 05:26 am --> 404 Page Not Found: Assets/front
ERROR - 02/13/2017 05:26 am --> 404 Page Not Found: Assets/front
ERROR - 02/13/2017 05:30 am --> 404 Page Not Found: Assets/front
ERROR - 02/13/2017 05:31 am --> 404 Page Not Found: Assets/front
ERROR - 02/13/2017 05:34 am --> 404 Page Not Found: Assets/front
ERROR - 02/13/2017 05:35 am --> 404 Page Not Found: Assets/front
ERROR - 02/13/2017 05:36 am --> 404 Page Not Found: Assets/front
ERROR - 02/13/2017 05:37 am --> 404 Page Not Found: Assets/front
ERROR - 02/13/2017 05:38 am --> 404 Page Not Found: Assets/front
ERROR - 02/13/2017 05:41 am --> 404 Page Not Found: Assets/front
ERROR - 02/13/2017 06:35 am --> Severity: Warning --> Cannot modify header information - headers already sent by (output started at /home2/carolhhp/public_html/democarol.com/homeservices/application/config/routes.php:121) /home2/carolhhp/public_html/democarol.com/homeservices/system/core/Common.php 573
ERROR - 02/13/2017 06:35 am --> Severity: Parsing Error --> syntax error, unexpected ''front/login/active_account/$' (T_ENCAPSED_AND_WHITESPACE) /home2/carolhhp/public_html/democarol.com/homeservices/application/config/routes.php 121
ERROR - 02/13/2017 06:35 am --> 404 Page Not Found: Vendors/index
ERROR - 02/13/2017 06:35 am --> 404 Page Not Found: Vendors/index
ERROR - 02/13/2017 06:35 am --> 404 Page Not Found: Vendors/index
ERROR - 02/13/2017 06:26 pm --> Severity: Warning --> Cannot modify header information - headers already sent by (output started at /home2/carolhhp/public_html/democarol.com/homeservices/application/controllers/front/Vendors.php:18) /home2/carolhhp/public_html/democarol.com/homeservices/system/core/Common.php 573
ERROR - 02/13/2017 06:26 pm --> Severity: Error --> Call to undefined function en_code() /home2/carolhhp/public_html/democarol.com/homeservices/application/controllers/front/Vendors.php 18
ERROR - 02/13/2017 06:42 pm --> Severity: Notice --> Use of undefined constant string - assumed 'string' /home2/carolhhp/public_html/democarol.com/homeservices/application/controllers/front/Vendors.php 18
ERROR - 02/13/2017 06:42 pm --> Severity: Warning --> urldecode() expects exactly 1 parameter, 2 given /home2/carolhhp/public_html/democarol.com/homeservices/application/controllers/front/Vendors.php 18
ERROR - 02/13/2017 06:42 pm --> Severity: Warning --> Cannot modify header information - headers already sent by (output started at /home2/carolhhp/public_html/democarol.com/homeservices/system/core/Exceptions.php:271) /home2/carolhhp/public_html/democarol.com/homeservices/system/helpers/url_helper.php 564
ERROR - 02/13/2017 06:42 pm --> Severity: Warning --> Cannot modify header information - headers already sent by (output started at /home2/carolhhp/public_html/democarol.com/homeservices/application/controllers/front/Vendors.php:19) /home2/carolhhp/public_html/democarol.com/homeservices/system/helpers/url_helper.php 564
ERROR - 02/13/2017 06:43 pm --> Severity: Warning --> Cannot modify header information - headers already sent by (output started at /home2/carolhhp/public_html/democarol.com/homeservices/application/controllers/front/Vendors.php:19) /home2/carolhhp/public_html/democarol.com/homeservices/system/helpers/url_helper.php 564
ERROR - 02/13/2017 07:14 am --> 404 Page Not Found: VendorsRegisterHere/index
ERROR - 02/13/2017 11:47 pm --> 404 Page Not Found: VendorsRegisterHere/index
