ERROR - 02/01/2017 11:06 am --> Severity: Notice --> Undefined variable: review /home2/carolhhp/public_html/democarol.com/homeservices/application/views/admin/location/manage_location.php 64
ERROR - 02/01/2017 11:06 am --> Severity: Notice --> Undefined variable: review /home2/carolhhp/public_html/democarol.com/homeservices/application/views/admin/location/manage_location.php 64
ERROR - 02/01/2017 12:02 am --> 404 Page Not Found: Images/photos
ERROR - 02/01/2017 12:02 am --> 404 Page Not Found: Assets/js
ERROR - 02/01/2017 12:02 am --> 404 Page Not Found: Images/photos
ERROR - 02/01/2017 01:19 am --> 404 Page Not Found: Images/photos
ERROR - 02/01/2017 01:19 am --> 404 Page Not Found: Assets/js
ERROR - 02/01/2017 01:19 am --> 404 Page Not Found: Images/photos
ERROR - 02/01/2017 01:23 am --> 404 Page Not Found: Assets/js
ERROR - 02/01/2017 01:23 am --> 404 Page Not Found: Images/photos
ERROR - 02/01/2017 12:53 pm --> Severity: Notice --> Undefined variable: review /home2/carolhhp/public_html/democarol.com/homeservices/application/views/admin/location/manage_location.php 64
ERROR - 02/01/2017 01:23 am --> 404 Page Not Found: Assets/js
ERROR - 02/01/2017 01:23 am --> 404 Page Not Found: Assets/js
ERROR - 02/01/2017 01:23 am --> 404 Page Not Found: Assets/js
ERROR - 02/01/2017 01:23 am --> 404 Page Not Found: Assets/js
ERROR - 02/01/2017 01:23 am --> 404 Page Not Found: Images/photos
ERROR - 02/01/2017 01:25 am --> 404 Page Not Found: Images/photos
ERROR - 02/01/2017 01:25 am --> 404 Page Not Found: Assets/js
ERROR - 02/01/2017 01:25 am --> 404 Page Not Found: Images/photos
ERROR - 02/01/2017 01:36 am --> 404 Page Not Found: Assets/js
ERROR - 02/01/2017 01:36 am --> 404 Page Not Found: Images/photos
ERROR - 02/01/2017 01:38 am --> 404 Page Not Found: Assets/js
ERROR - 02/01/2017 01:38 am --> 404 Page Not Found: Images/photos
ERROR - 02/01/2017 01:47 am --> 404 Page Not Found: Assets/js
ERROR - 02/01/2017 01:47 am --> 404 Page Not Found: Js/advanced-datatable
ERROR - 02/01/2017 01:47 am --> 404 Page Not Found: Js/advanced-datatable
ERROR - 02/01/2017 01:47 am --> 404 Page Not Found: Js/advanced-datatable
ERROR - 02/01/2017 01:47 am --> 404 Page Not Found: Js/dynamic_table_init.js
ERROR - 02/01/2017 01:47 am --> 404 Page Not Found: Js/jquery.dataTables.min.js
ERROR - 02/01/2017 01:47 am --> 404 Page Not Found: Images/photos
ERROR - 02/01/2017 01:48 am --> 404 Page Not Found: Assets/js
ERROR - 02/01/2017 01:48 am --> 404 Page Not Found: Images/photos
ERROR - 02/01/2017 02:56 pm --> Severity: Notice --> Undefined variable: review /home2/carolhhp/public_html/democarol.com/homeservices/application/views/admin/location/manage_location.php 64
ERROR - 02/01/2017 03:26 am --> 404 Page Not Found: Images/photos
ERROR - 02/01/2017 03:26 am --> 404 Page Not Found: Assets/js
ERROR - 02/01/2017 03:26 am --> 404 Page Not Found: Assets/js
ERROR - 02/01/2017 03:26 am --> 404 Page Not Found: Assets/js
ERROR - 02/01/2017 03:26 am --> 404 Page Not Found: Assets/js
ERROR - 02/01/2017 03:26 am --> 404 Page Not Found: Images/photos
ERROR - 02/01/2017 03:26 am --> 404 Page Not Found: Images/photos
ERROR - 02/01/2017 03:26 am --> 404 Page Not Found: Assets/js
ERROR - 02/01/2017 03:26 am --> 404 Page Not Found: Images/photos
ERROR - 02/01/2017 03:35 am --> 404 Page Not Found: Assets/js
ERROR - 02/01/2017 03:35 am --> 404 Page Not Found: Images/photos
ERROR - 02/01/2017 03:38 am --> 404 Page Not Found: Assets/js
ERROR - 02/01/2017 03:38 am --> 404 Page Not Found: Images/photos
ERROR - 02/01/2017 03:38 am --> 404 Page Not Found: Assets/js
ERROR - 02/01/2017 03:38 am --> 404 Page Not Found: Js/advanced-datatable
ERROR - 02/01/2017 03:38 am --> 404 Page Not Found: Js/jquery.dataTables.min.js
ERROR - 02/01/2017 03:38 am --> 404 Page Not Found: Js/advanced-datatable
ERROR - 02/01/2017 03:38 am --> 404 Page Not Found: Js/advanced-datatable
ERROR - 02/01/2017 03:38 am --> 404 Page Not Found: Js/dynamic_table_init.js
ERROR - 02/01/2017 03:38 am --> 404 Page Not Found: Images/photos
ERROR - 02/01/2017 03:38 am --> 404 Page Not Found: Js/dynamic_table_init.js
ERROR - 02/01/2017 03:38 am --> 404 Page Not Found: Js/jquery.dataTables.min.js
ERROR - 02/01/2017 03:39 am --> 404 Page Not Found: Apanel/index
ERROR - 02/01/2017 03:12 pm --> Severity: Notice --> Undefined variable: rec /home2/carolhhp/public_html/democarol.com/homeservices/application/views/admin/categories/add_categories.php 57
ERROR - 02/01/2017 03:12 pm --> Severity: Notice --> Trying to get property of non-object /home2/carolhhp/public_html/democarol.com/homeservices/application/views/admin/categories/add_categories.php 57
ERROR - 02/01/2017 03:12 pm --> Severity: Notice --> Undefined variable: rec /home2/carolhhp/public_html/democarol.com/homeservices/application/views/admin/categories/add_categories.php 57
ERROR - 02/01/2017 03:12 pm --> Severity: Notice --> Trying to get property of non-object /home2/carolhhp/public_html/democarol.com/homeservices/application/views/admin/categories/add_categories.php 57
ERROR - 02/01/2017 03:12 pm --> Severity: Notice --> Undefined variable: rec /home2/carolhhp/public_html/democarol.com/homeservices/application/views/admin/categories/add_categories.php 57
ERROR - 02/01/2017 03:12 pm --> Severity: Notice --> Trying to get property of non-object /home2/carolhhp/public_html/democarol.com/homeservices/application/views/admin/categories/add_categories.php 57
ERROR - 02/01/2017 03:12 pm --> Severity: Notice --> Undefined variable: rec /home2/carolhhp/public_html/democarol.com/homeservices/application/views/admin/categories/add_categories.php 57
ERROR - 02/01/2017 03:12 pm --> Severity: Notice --> Trying to get property of non-object /home2/carolhhp/public_html/democarol.com/homeservices/application/views/admin/categories/add_categories.php 57
ERROR - 02/01/2017 03:12 pm --> Severity: Notice --> Undefined variable: rec /home2/carolhhp/public_html/democarol.com/homeservices/application/views/admin/categories/add_categories.php 57
ERROR - 02/01/2017 03:12 pm --> Severity: Notice --> Trying to get property of non-object /home2/carolhhp/public_html/democarol.com/homeservices/application/views/admin/categories/add_categories.php 57
ERROR - 02/01/2017 03:12 pm --> Severity: Notice --> Undefined variable: rec /home2/carolhhp/public_html/democarol.com/homeservices/application/views/admin/categories/add_categories.php 57
ERROR - 02/01/2017 03:12 pm --> Severity: Notice --> Trying to get property of non-object /home2/carolhhp/public_html/democarol.com/homeservices/application/views/admin/categories/add_categories.php 57
ERROR - 02/01/2017 03:12 pm --> Severity: Notice --> Undefined variable: rec /home2/carolhhp/public_html/democarol.com/homeservices/application/views/admin/categories/add_categories.php 57
ERROR - 02/01/2017 03:12 pm --> Severity: Notice --> Trying to get property of non-object /home2/carolhhp/public_html/democarol.com/homeservices/application/views/admin/categories/add_categories.php 57
ERROR - 02/01/2017 03:12 pm --> Severity: Notice --> Undefined variable: rec /home2/carolhhp/public_html/democarol.com/homeservices/application/views/admin/categories/add_categories.php 57
ERROR - 02/01/2017 03:12 pm --> Severity: Notice --> Trying to get property of non-object /home2/carolhhp/public_html/democarol.com/homeservices/application/views/admin/categories/add_categories.php 57
ERROR - 02/01/2017 03:12 pm --> Severity: Notice --> Undefined variable: rec /home2/carolhhp/public_html/democarol.com/homeservices/application/views/admin/categories/add_categories.php 57
ERROR - 02/01/2017 03:12 pm --> Severity: Notice --> Trying to get property of non-object /home2/carolhhp/public_html/democarol.com/homeservices/application/views/admin/categories/add_categories.php 57
ERROR - 02/01/2017 03:12 pm --> Severity: Notice --> Undefined variable: rec /home2/carolhhp/public_html/democarol.com/homeservices/application/views/admin/categories/add_categories.php 57
ERROR - 02/01/2017 03:12 pm --> Severity: Notice --> Trying to get property of non-object /home2/carolhhp/public_html/democarol.com/homeservices/application/views/admin/categories/add_categories.php 57
ERROR - 02/01/2017 03:12 pm --> Severity: Notice --> Undefined variable: rec /home2/carolhhp/public_html/democarol.com/homeservices/application/views/admin/categories/add_categories.php 57
ERROR - 02/01/2017 03:12 pm --> Severity: Notice --> Trying to get property of non-object /home2/carolhhp/public_html/democarol.com/homeservices/application/views/admin/categories/add_categories.php 57
ERROR - 02/01/2017 03:12 pm --> Severity: Notice --> Undefined variable: rec /home2/carolhhp/public_html/democarol.com/homeservices/application/views/admin/categories/add_categories.php 57
ERROR - 02/01/2017 03:12 pm --> Severity: Notice --> Trying to get property of non-object /home2/carolhhp/public_html/democarol.com/homeservices/application/views/admin/categories/add_categories.php 57
ERROR - 02/01/2017 03:12 pm --> Severity: Notice --> Undefined variable: rec /home2/carolhhp/public_html/democarol.com/homeservices/application/views/admin/categories/add_categories.php 57
ERROR - 02/01/2017 03:12 pm --> Severity: Notice --> Trying to get property of non-object /home2/carolhhp/public_html/democarol.com/homeservices/application/views/admin/categories/add_categories.php 57
ERROR - 02/01/2017 03:12 pm --> Severity: Notice --> Undefined variable: rec /home2/carolhhp/public_html/democarol.com/homeservices/application/views/admin/categories/add_categories.php 57
ERROR - 02/01/2017 03:12 pm --> Severity: Notice --> Trying to get property of non-object /home2/carolhhp/public_html/democarol.com/homeservices/application/views/admin/categories/add_categories.php 57
ERROR - 02/01/2017 03:12 pm --> Severity: Notice --> Undefined variable: rec /home2/carolhhp/public_html/democarol.com/homeservices/application/views/admin/categories/add_categories.php 57
ERROR - 02/01/2017 03:12 pm --> Severity: Notice --> Trying to get property of non-object /home2/carolhhp/public_html/democarol.com/homeservices/application/views/admin/categories/add_categories.php 57
ERROR - 02/01/2017 03:12 pm --> Severity: Notice --> Undefined variable: rec /home2/carolhhp/public_html/democarol.com/homeservices/application/views/admin/categories/add_categories.php 57
ERROR - 02/01/2017 03:12 pm --> Severity: Notice --> Trying to get property of non-object /home2/carolhhp/public_html/democarol.com/homeservices/application/views/admin/categories/add_categories.php 57
ERROR - 02/01/2017 03:12 pm --> Severity: Notice --> Undefined variable: rec /home2/carolhhp/public_html/democarol.com/homeservices/application/views/admin/categories/add_categories.php 57
ERROR - 02/01/2017 03:12 pm --> Severity: Notice --> Trying to get property of non-object /home2/carolhhp/public_html/democarol.com/homeservices/application/views/admin/categories/add_categories.php 57
ERROR - 02/01/2017 03:12 pm --> Severity: Notice --> Undefined variable: rec /home2/carolhhp/public_html/democarol.com/homeservices/application/views/admin/categories/add_categories.php 57
ERROR - 02/01/2017 03:12 pm --> Severity: Notice --> Trying to get property of non-object /home2/carolhhp/public_html/democarol.com/homeservices/application/views/admin/categories/add_categories.php 57
ERROR - 02/01/2017 03:42 am --> 404 Page Not Found: Assets/js
ERROR - 02/01/2017 03:42 am --> 404 Page Not Found: Images/photos
ERROR - 02/01/2017 03:16 pm --> Severity: Notice --> Undefined variable: review /home2/carolhhp/public_html/democarol.com/homeservices/application/views/admin/location/manage_location.php 64
ERROR - 02/01/2017 03:46 am --> 404 Page Not Found: Assets/js
ERROR - 02/01/2017 03:46 am --> 404 Page Not Found: Assets/js
ERROR - 02/01/2017 03:46 am --> 404 Page Not Found: Assets/js
ERROR - 02/01/2017 03:46 am --> 404 Page Not Found: Assets/js
ERROR - 02/01/2017 03:46 am --> 404 Page Not Found: Images/photos
ERROR - 02/01/2017 03:47 am --> 404 Page Not Found: Images/photos
ERROR - 02/01/2017 03:47 am --> 404 Page Not Found: Assets/js
ERROR - 02/01/2017 03:47 am --> 404 Page Not Found: Images/photos
ERROR - 02/01/2017 04:26 am --> 404 Page Not Found: Assets/img
ERROR - 02/01/2017 04:26 am --> 404 Page Not Found: Assets/js
ERROR - 02/01/2017 04:26 am --> 404 Page Not Found: Images/photos
ERROR - 02/01/2017 03:56 pm --> Severity: Notice --> Undefined variable: review /home2/carolhhp/public_html/democarol.com/homeservices/application/views/admin/location/manage_location.php 64
ERROR - 02/01/2017 04:26 am --> 404 Page Not Found: Assets/js
ERROR - 02/01/2017 04:26 am --> 404 Page Not Found: Assets/js
ERROR - 02/01/2017 04:26 am --> 404 Page Not Found: Assets/js
ERROR - 02/01/2017 04:26 am --> 404 Page Not Found: Assets/js
ERROR - 02/01/2017 03:56 pm --> Severity: Notice --> Undefined variable: review /home2/carolhhp/public_html/democarol.com/homeservices/application/views/admin/location/manage_location.php 64
ERROR - 02/01/2017 04:26 am --> 404 Page Not Found: Images/photos
ERROR - 02/01/2017 04:26 am --> 404 Page Not Found: Assets/js
ERROR - 02/01/2017 04:26 am --> 404 Page Not Found: Assets/js
ERROR - 02/01/2017 04:26 am --> 404 Page Not Found: Assets/js
ERROR - 02/01/2017 04:26 am --> 404 Page Not Found: Images/photos
ERROR - 02/01/2017 04:28 am --> 404 Page Not Found: Images/photos
ERROR - 02/01/2017 04:28 am --> 404 Page Not Found: Assets/js
ERROR - 02/01/2017 04:28 am --> 404 Page Not Found: Images/photos
ERROR - 02/01/2017 05:37 am --> 404 Page Not Found: Assets/js
ERROR - 02/01/2017 05:37 am --> 404 Page Not Found: Images/photos
ERROR - 02/01/2017 05:38 am --> 404 Page Not Found: Assets/js
ERROR - 02/01/2017 05:38 am --> 404 Page Not Found: Images/photos
ERROR - 02/01/2017 06:13 am --> Severity: Warning --> Cannot modify header information - headers already sent by (output started at /home2/carolhhp/public_html/democarol.com/homeservices/application/helpers/geo_location_helper.php:1) /home2/carolhhp/public_html/democarol.com/homeservices/system/core/Common.php 573
ERROR - 02/01/2017 06:13 am --> Severity: Parsing Error --> syntax error, unexpected end of file /home2/carolhhp/public_html/democarol.com/homeservices/application/helpers/geo_location_helper.php 1
ERROR - 02/01/2017 06:13 am --> 404 Page Not Found: Assets/js
ERROR - 02/01/2017 06:13 am --> 404 Page Not Found: Images/photos
ERROR - 02/01/2017 11:41 pm --> 404 Page Not Found: Assets/img
ERROR - 02/01/2017 11:41 pm --> 404 Page Not Found: Assets/js
ERROR - 02/01/2017 11:41 pm --> 404 Page Not Found: Images/photos
ERROR - 02/01/2017 11:41 pm --> 404 Page Not Found: Assets/js
ERROR - 02/01/2017 11:41 pm --> 404 Page Not Found: Assets/js
ERROR - 02/01/2017 11:41 pm --> 404 Page Not Found: Assets/js
ERROR - 02/01/2017 11:41 pm --> 404 Page Not Found: Assets/js
ERROR - 02/01/2017 11:41 pm --> 404 Page Not Found: Images/photos
ERROR - 02/01/2017 11:41 pm --> 404 Page Not Found: Images/photos
ERROR - 02/01/2017 11:41 pm --> 404 Page Not Found: Assets/js
ERROR - 02/01/2017 11:41 pm --> 404 Page Not Found: Images/photos
ERROR - 02/01/2017 11:56 pm --> 404 Page Not Found: Assets/js
ERROR - 02/01/2017 11:56 pm --> 404 Page Not Found: Images/photos
