ERROR - 01/27/2017 12:02 am --> 404 Page Not Found: Assets/img
ERROR - 01/27/2017 12:02 am --> 404 Page Not Found: Assets/js
ERROR - 01/27/2017 12:02 am --> 404 Page Not Found: Images/photos
ERROR - 01/27/2017 11:32 am --> Severity: Notice --> Undefined variable: review /home2/carolhhp/public_html/democarol.com/homeservices/application/views/admin/location/manage_location.php 64
ERROR - 01/27/2017 12:02 am --> 404 Page Not Found: Images/photos
ERROR - 01/27/2017 12:02 am --> 404 Page Not Found: Assets/js
ERROR - 01/27/2017 12:02 am --> 404 Page Not Found: Assets/js
ERROR - 01/27/2017 11:32 am --> Severity: Notice --> Undefined variable: review /home2/carolhhp/public_html/democarol.com/homeservices/application/views/admin/location/manage_location.php 64
ERROR - 01/27/2017 12:02 am --> 404 Page Not Found: Assets/js
ERROR - 01/27/2017 12:02 am --> 404 Page Not Found: Assets/js
ERROR - 01/27/2017 12:02 am --> 404 Page Not Found: Assets/js
ERROR - 01/27/2017 12:02 am --> 404 Page Not Found: Assets/js
ERROR - 01/27/2017 12:02 am --> 404 Page Not Found: Images/photos
ERROR - 01/27/2017 12:02 am --> 404 Page Not Found: Assets/js
ERROR - 01/27/2017 12:02 am --> 404 Page Not Found: Css/auto_select
ERROR - 01/27/2017 12:02 am --> 404 Page Not Found: Js/docsupport
ERROR - 01/27/2017 12:02 am --> 404 Page Not Found: Js/docsupport
ERROR - 01/27/2017 12:02 am --> 404 Page Not Found: Js/docsupport
ERROR - 01/27/2017 12:29 am --> 404 Page Not Found: Assets/js
ERROR - 01/27/2017 12:29 am --> 404 Page Not Found: Js/docsupport
ERROR - 01/27/2017 12:29 am --> 404 Page Not Found: Js/docsupport
ERROR - 01/27/2017 12:29 am --> 404 Page Not Found: Js/docsupport
ERROR - 01/27/2017 12:29 am --> 404 Page Not Found: Css/auto_select
ERROR - 01/27/2017 12:29 am --> 404 Page Not Found: Images/photos
ERROR - 01/27/2017 03:25 am --> 404 Page Not Found: Images/photos
ERROR - 01/27/2017 03:26 am --> 404 Page Not Found: Assets/js
ERROR - 01/27/2017 03:26 am --> 404 Page Not Found: Css/auto_select
ERROR - 01/27/2017 03:26 am --> 404 Page Not Found: Js/docsupport
ERROR - 01/27/2017 03:26 am --> 404 Page Not Found: Js/docsupport
ERROR - 01/27/2017 03:26 am --> 404 Page Not Found: Js/docsupport
ERROR - 01/27/2017 05:24 am --> 404 Page Not Found: Assets/js
ERROR - 01/27/2017 05:24 am --> 404 Page Not Found: Css/auto_select
ERROR - 01/27/2017 05:24 am --> 404 Page Not Found: Js/docsupport
ERROR - 01/27/2017 05:24 am --> 404 Page Not Found: Js/docsupport
ERROR - 01/27/2017 05:24 am --> 404 Page Not Found: Js/docsupport
ERROR - 01/27/2017 05:24 am --> 404 Page Not Found: Images/photos
ERROR - 01/27/2017 05:24 am --> 404 Page Not Found: Assets/js
ERROR - 01/27/2017 05:24 am --> 404 Page Not Found: Css/auto_select
ERROR - 01/27/2017 05:24 am --> 404 Page Not Found: Js/docsupport
ERROR - 01/27/2017 05:24 am --> 404 Page Not Found: Js/docsupport
ERROR - 01/27/2017 05:24 am --> 404 Page Not Found: Js/docsupport
ERROR - 01/27/2017 04:54 pm --> Severity: Notice --> Undefined variable: review /home2/carolhhp/public_html/democarol.com/homeservices/application/views/admin/location/manage_location.php 64
ERROR - 01/27/2017 05:24 am --> 404 Page Not Found: Images/photos
ERROR - 01/27/2017 05:24 am --> 404 Page Not Found: Assets/js
ERROR - 01/27/2017 05:24 am --> 404 Page Not Found: Css/auto_select
ERROR - 01/27/2017 05:24 am --> 404 Page Not Found: Js/docsupport
ERROR - 01/27/2017 05:24 am --> 404 Page Not Found: Js/docsupport
ERROR - 01/27/2017 05:24 am --> 404 Page Not Found: Js/docsupport
ERROR - 01/27/2017 05:24 am --> 404 Page Not Found: Js/docsupport
ERROR - 01/27/2017 05:24 am --> 404 Page Not Found: Images/photos
ERROR - 01/27/2017 05:25 am --> 404 Page Not Found: Assets/js
ERROR - 01/27/2017 05:25 am --> 404 Page Not Found: Css/auto_select
ERROR - 01/27/2017 05:25 am --> 404 Page Not Found: Js/docsupport
ERROR - 01/27/2017 05:25 am --> 404 Page Not Found: Js/docsupport
ERROR - 01/27/2017 05:25 am --> 404 Page Not Found: Js/docsupport
ERROR - 01/27/2017 05:25 am --> 404 Page Not Found: Images/photos
ERROR - 01/27/2017 05:25 am --> 404 Page Not Found: Assets/js
ERROR - 01/27/2017 05:25 am --> 404 Page Not Found: Js/docsupport
ERROR - 01/27/2017 05:25 am --> 404 Page Not Found: Js/docsupport
ERROR - 01/27/2017 05:25 am --> 404 Page Not Found: Css/auto_select
ERROR - 01/27/2017 05:25 am --> 404 Page Not Found: Js/docsupport
ERROR - 01/27/2017 05:28 am --> 404 Page Not Found: Assets/js
ERROR - 01/27/2017 05:28 am --> 404 Page Not Found: Images/photos
ERROR - 01/27/2017 05:28 am --> 404 Page Not Found: Assets/js
ERROR - 01/27/2017 04:58 pm --> Severity: Notice --> Undefined variable: review /home2/carolhhp/public_html/democarol.com/homeservices/application/views/admin/location/manage_location.php 64
ERROR - 01/27/2017 05:28 am --> 404 Page Not Found: Images/photos
ERROR - 01/27/2017 05:28 am --> 404 Page Not Found: Assets/js
ERROR - 01/27/2017 05:28 am --> 404 Page Not Found: Images/photos
ERROR - 01/27/2017 05:30 am --> 404 Page Not Found: Assets/js
ERROR - 01/27/2017 05:30 am --> 404 Page Not Found: Images/photos
ERROR - 01/27/2017 05:30 am --> 404 Page Not Found: Assets/js
ERROR - 01/27/2017 05:32 am --> 404 Page Not Found: Assets/js
ERROR - 01/27/2017 05:32 am --> 404 Page Not Found: Images/photos
ERROR - 01/27/2017 05:32 am --> 404 Page Not Found: Assets/js
ERROR - 01/27/2017 05:33 am --> 404 Page Not Found: Assets/js
ERROR - 01/27/2017 05:33 am --> 404 Page Not Found: Images/photos
ERROR - 01/27/2017 05:33 am --> 404 Page Not Found: Assets/js
ERROR - 01/27/2017 05:34 am --> 404 Page Not Found: Assets/js
ERROR - 01/27/2017 05:35 am --> 404 Page Not Found: Images/photos
ERROR - 01/27/2017 05:35 am --> 404 Page Not Found: Assets/js
ERROR - 01/27/2017 05:36 am --> 404 Page Not Found: Assets/js
ERROR - 01/27/2017 05:36 am --> 404 Page Not Found: Images/photos
ERROR - 01/27/2017 05:36 am --> 404 Page Not Found: Assets/js
ERROR - 01/27/2017 05:40 am --> 404 Page Not Found: Assets/js
ERROR - 01/27/2017 05:40 am --> 404 Page Not Found: Images/photos
ERROR - 01/27/2017 05:40 am --> 404 Page Not Found: Assets/js
ERROR - 01/27/2017 05:41 am --> 404 Page Not Found: Assets/js
ERROR - 01/27/2017 05:41 am --> 404 Page Not Found: Images/photos
ERROR - 01/27/2017 05:41 am --> 404 Page Not Found: Assets/js
ERROR - 01/27/2017 05:41 am --> 404 Page Not Found: Assets/js
ERROR - 01/27/2017 05:41 am --> 404 Page Not Found: Images/photos
ERROR - 01/27/2017 05:42 am --> 404 Page Not Found: Assets/js
ERROR - 01/27/2017 05:42 am --> 404 Page Not Found: Images/photos
ERROR - 01/27/2017 05:12 pm --> Severity: Notice --> Undefined variable: review /home2/carolhhp/public_html/democarol.com/homeservices/application/views/admin/location/manage_location.php 64
ERROR - 01/27/2017 05:12 pm --> Severity: Notice --> Undefined variable: review /home2/carolhhp/public_html/democarol.com/homeservices/application/views/admin/location/manage_location.php 64
ERROR - 01/27/2017 05:42 am --> 404 Page Not Found: Images/photos
ERROR - 01/27/2017 05:13 pm --> Severity: Notice --> Undefined variable: review /home2/carolhhp/public_html/democarol.com/homeservices/application/views/admin/location/manage_location.php 64
ERROR - 01/27/2017 05:43 am --> 404 Page Not Found: Assets/js
ERROR - 01/27/2017 05:43 am --> 404 Page Not Found: Assets/js
ERROR - 01/27/2017 05:43 am --> 404 Page Not Found: Assets/js
ERROR - 01/27/2017 05:43 am --> 404 Page Not Found: Assets/js
ERROR - 01/27/2017 05:43 am --> 404 Page Not Found: Images/photos
ERROR - 01/27/2017 05:43 am --> 404 Page Not Found: Assets/js
ERROR - 01/27/2017 05:43 am --> 404 Page Not Found: Images/photos
ERROR - 01/27/2017 05:49 am --> 404 Page Not Found: Assets/js
ERROR - 01/27/2017 05:49 am --> 404 Page Not Found: Images/photos
ERROR - 01/27/2017 05:52 am --> 404 Page Not Found: Assets/js
ERROR - 01/27/2017 05:52 am --> 404 Page Not Found: Assets/js
ERROR - 01/27/2017 05:52 am --> 404 Page Not Found: Images/photos
ERROR - 01/27/2017 06:12 am --> 404 Page Not Found: Assets/js
ERROR - 01/27/2017 06:12 am --> 404 Page Not Found: Images/photos
ERROR - 01/27/2017 06:12 am --> 404 Page Not Found: Assets/js
ERROR - 01/27/2017 06:15 am --> 404 Page Not Found: Assets/js
ERROR - 01/27/2017 06:15 am --> 404 Page Not Found: Images/photos
ERROR - 01/27/2017 06:16 am --> 404 Page Not Found: Assets/js
ERROR - 01/27/2017 06:16 am --> 404 Page Not Found: Images/photos
ERROR - 01/27/2017 06:16 am --> 404 Page Not Found: Assets/js
ERROR - 01/27/2017 06:16 am --> 404 Page Not Found: Images/photos
ERROR - 01/27/2017 06:16 am --> 404 Page Not Found: Assets/js
ERROR - 01/27/2017 06:20 am --> 404 Page Not Found: Assets/js
ERROR - 01/27/2017 06:20 am --> 404 Page Not Found: Images/photos
ERROR - 01/27/2017 06:20 am --> 404 Page Not Found: Assets/js
ERROR - 01/27/2017 05:50 pm --> Severity: Notice --> Undefined variable: review /home2/carolhhp/public_html/democarol.com/homeservices/application/views/admin/location/manage_location.php 64
ERROR - 01/27/2017 06:20 am --> 404 Page Not Found: Images/photos
ERROR - 01/27/2017 05:51 pm --> Severity: Notice --> Undefined variable: review /home2/carolhhp/public_html/democarol.com/homeservices/application/views/admin/location/manage_location.php 64
ERROR - 01/27/2017 06:21 am --> 404 Page Not Found: Assets/js
ERROR - 01/27/2017 06:21 am --> 404 Page Not Found: Assets/js
ERROR - 01/27/2017 06:21 am --> 404 Page Not Found: Assets/js
ERROR - 01/27/2017 06:21 am --> 404 Page Not Found: Assets/js
ERROR - 01/27/2017 06:21 am --> 404 Page Not Found: Images/photos
ERROR - 01/27/2017 06:21 am --> 404 Page Not Found: Assets/js
ERROR - 01/27/2017 06:21 am --> 404 Page Not Found: Assets/js
ERROR - 01/27/2017 06:21 am --> 404 Page Not Found: Assets/js
ERROR - 01/27/2017 06:21 am --> 404 Page Not Found: Assets/js
ERROR - 01/27/2017 06:22 am --> 404 Page Not Found: Assets/js
ERROR - 01/27/2017 06:22 am --> 404 Page Not Found: Images/photos
ERROR - 01/27/2017 06:23 am --> 404 Page Not Found: Assets/js
ERROR - 01/27/2017 06:23 am --> 404 Page Not Found: Images/photos
ERROR - 01/27/2017 06:24 am --> 404 Page Not Found: Assets/js
ERROR - 01/27/2017 06:24 am --> 404 Page Not Found: Images/photos
ERROR - 01/27/2017 06:24 am --> 404 Page Not Found: Assets/js
ERROR - 01/27/2017 06:24 am --> 404 Page Not Found: Images/photos
ERROR - 01/27/2017 06:24 am --> 404 Page Not Found: Assets/js
ERROR - 01/27/2017 05:54 pm --> Severity: Notice --> Undefined variable: review /home2/carolhhp/public_html/democarol.com/homeservices/application/views/admin/location/manage_location.php 64
ERROR - 01/27/2017 06:24 am --> 404 Page Not Found: Images/photos
ERROR - 01/27/2017 06:24 am --> 404 Page Not Found: Assets/js
ERROR - 01/27/2017 06:24 am --> 404 Page Not Found: Images/photos
ERROR - 01/27/2017 06:29 am --> 404 Page Not Found: Assets/js
ERROR - 01/27/2017 06:29 am --> 404 Page Not Found: Images/photos
ERROR - 01/27/2017 06:29 am --> 404 Page Not Found: Assets/js
ERROR - 01/27/2017 06:29 am --> 404 Page Not Found: Images/photos
ERROR - 01/27/2017 06:32 am --> 404 Page Not Found: Assets/js
ERROR - 01/27/2017 06:32 am --> 404 Page Not Found: Images/photos
ERROR - 01/27/2017 06:32 am --> 404 Page Not Found: Assets/js
ERROR - 01/27/2017 06:32 am --> 404 Page Not Found: Images/photos
ERROR - 01/27/2017 06:34 am --> 404 Page Not Found: Assets/js
ERROR - 01/27/2017 06:34 am --> 404 Page Not Found: Images/photos
ERROR - 01/27/2017 06:34 am --> 404 Page Not Found: Assets/js
ERROR - 01/27/2017 06:34 am --> 404 Page Not Found: Images/photos
ERROR - 01/27/2017 06:35 am --> 404 Page Not Found: Images/photos
ERROR - 01/27/2017 06:38 am --> 404 Page Not Found: Assets/js
ERROR - 01/27/2017 06:38 am --> 404 Page Not Found: Images/photos
ERROR - 01/27/2017 06:38 am --> 404 Page Not Found: Assets/js
ERROR - 01/27/2017 06:39 am --> 404 Page Not Found: Assets/js
ERROR - 01/27/2017 06:39 am --> 404 Page Not Found: Images/photos
ERROR - 01/27/2017 06:40 am --> 404 Page Not Found: Assets/js
ERROR - 01/27/2017 06:40 am --> 404 Page Not Found: Images/photos
ERROR - 01/27/2017 06:40 am --> 404 Page Not Found: Assets/js
ERROR - 01/27/2017 06:41 am --> 404 Page Not Found: Assets/js
ERROR - 01/27/2017 06:41 am --> 404 Page Not Found: Images/photos
ERROR - 01/27/2017 06:43 am --> 404 Page Not Found: Assets/js
ERROR - 01/27/2017 06:43 am --> 404 Page Not Found: Images/photos
ERROR - 01/27/2017 06:43 am --> 404 Page Not Found: Assets/js
ERROR - 01/27/2017 06:43 am --> 404 Page Not Found: Images/photos
ERROR - 01/27/2017 06:45 am --> 404 Page Not Found: Assets/js
ERROR - 01/27/2017 06:45 am --> 404 Page Not Found: Images/photos
ERROR - 01/27/2017 06:45 am --> 404 Page Not Found: Assets/js
ERROR - 01/27/2017 06:47 am --> 404 Page Not Found: Assets/js
ERROR - 01/27/2017 06:47 am --> 404 Page Not Found: Images/photos
ERROR - 01/27/2017 06:47 am --> 404 Page Not Found: Assets/js
ERROR - 01/27/2017 06:47 am --> 404 Page Not Found: Images/photos
ERROR - 01/27/2017 06:47 am --> 404 Page Not Found: Assets/js
ERROR - 01/27/2017 07:12 am --> 404 Page Not Found: Assets/js
ERROR - 01/27/2017 07:12 am --> 404 Page Not Found: Images/photos
ERROR - 01/27/2017 07:14 am --> 404 Page Not Found: Assets/js
ERROR - 01/27/2017 07:14 am --> 404 Page Not Found: Images/photos
ERROR - 01/27/2017 07:15 am --> 404 Page Not Found: Assets/js
ERROR - 01/27/2017 07:15 am --> 404 Page Not Found: Images/photos
ERROR - 01/27/2017 06:51 pm --> Severity: Notice --> Undefined variable: map /home2/carolhhp/public_html/democarol.com/homeservices/application/views/admin/include/header_other.php 24
ERROR - 01/27/2017 07:21 am --> 404 Page Not Found: Assets/js
ERROR - 01/27/2017 07:21 am --> 404 Page Not Found: Images/photos
ERROR - 01/27/2017 07:21 am --> 404 Page Not Found: Assets/js
ERROR - 01/27/2017 06:53 pm --> Severity: Notice --> Undefined variable: map /home2/carolhhp/public_html/democarol.com/homeservices/application/core/MY_Controller.php 18
ERROR - 01/27/2017 07:23 am --> 404 Page Not Found: Assets/js
ERROR - 01/27/2017 07:23 am --> 404 Page Not Found: Images/photos
ERROR - 01/27/2017 07:24 am --> 404 Page Not Found: Assets/js
ERROR - 01/27/2017 07:24 am --> 404 Page Not Found: Images/photos
ERROR - 01/27/2017 06:56 pm --> Severity: Notice --> Undefined variable: data /home2/carolhhp/public_html/democarol.com/homeservices/application/controllers/Location.php 48
ERROR - 01/27/2017 07:26 am --> 404 Page Not Found: Assets/js
ERROR - 01/27/2017 07:26 am --> 404 Page Not Found: Images/photos
ERROR - 01/27/2017 07:26 am --> 404 Page Not Found: Assets/js
ERROR - 01/27/2017 07:26 am --> 404 Page Not Found: Images/photos
ERROR - 01/27/2017 07:27 am --> 404 Page Not Found: Assets/js
ERROR - 01/27/2017 07:27 am --> 404 Page Not Found: Images/photos
ERROR - 01/27/2017 07:30 am --> 404 Page Not Found: Assets/js
ERROR - 01/27/2017 07:30 am --> 404 Page Not Found: Images/photos
ERROR - 01/27/2017 07:30 am --> 404 Page Not Found: Assets/js
ERROR - 01/27/2017 07:30 am --> 404 Page Not Found: Images/photos
ERROR - 01/27/2017 07:31 am --> 404 Page Not Found: Assets/js
ERROR - 01/27/2017 07:31 am --> 404 Page Not Found: Images/photos
ERROR - 01/27/2017 08:02 am --> 404 Page Not Found: Assets/js
ERROR - 01/27/2017 08:02 am --> 404 Page Not Found: Images/photos
ERROR - 01/27/2017 08:05 am --> 404 Page Not Found: Assets/js
ERROR - 01/27/2017 08:05 am --> 404 Page Not Found: Images/photos
ERROR - 01/27/2017 08:08 am --> 404 Page Not Found: Assets/js
ERROR - 01/27/2017 08:08 am --> 404 Page Not Found: Images/photos
ERROR - 01/27/2017 08:12 am --> 404 Page Not Found: Assets/js
ERROR - 01/27/2017 08:12 am --> 404 Page Not Found: Images/photos
ERROR - 01/27/2017 08:12 am --> 404 Page Not Found: Assets/img
ERROR - 01/27/2017 08:12 am --> 404 Page Not Found: Assets/js
ERROR - 01/27/2017 08:12 am --> 404 Page Not Found: Images/photos
ERROR - 01/27/2017 08:12 am --> 404 Page Not Found: Assets/img
ERROR - 01/27/2017 08:17 am --> 404 Page Not Found: Assets/js
ERROR - 01/27/2017 08:17 am --> 404 Page Not Found: Images/photos
ERROR - 01/27/2017 08:17 am --> 404 Page Not Found: Assets/img
ERROR - 01/27/2017 08:18 am --> 404 Page Not Found: Assets/js
ERROR - 01/27/2017 08:18 am --> 404 Page Not Found: Images/photos
ERROR - 01/27/2017 08:27 am --> 404 Page Not Found: Assets/js
ERROR - 01/27/2017 08:27 am --> 404 Page Not Found: Images/photos
ERROR - 01/27/2017 08:36 am --> 404 Page Not Found: Assets/js
ERROR - 01/27/2017 08:37 am --> 404 Page Not Found: Images/photos
ERROR - 01/27/2017 08:37 am --> 404 Page Not Found: Assets/js
ERROR - 01/27/2017 08:37 am --> 404 Page Not Found: Images/photos
ERROR - 01/27/2017 08:45 am --> 404 Page Not Found: Assets/js
ERROR - 01/27/2017 08:45 am --> 404 Page Not Found: Images/photos
