ERROR - 07/10/2017 05:38 pm --> 404 Page Not Found: Images/photos
ERROR - 07/10/2017 05:38 pm --> 404 Page Not Found: Assets/js
ERROR - 07/10/2017 05:38 pm --> 404 Page Not Found: Images/photos
ERROR - 07/10/2017 09:08 pm --> Severity: Notice --> Undefined variable: child_catname D:\Server\gf7\gf8\htdocs\don\application\views\front\home.php 89
ERROR - 07/10/2017 09:08 pm --> Severity: Notice --> Trying to get property of non-object D:\Server\gf7\gf8\htdocs\don\application\views\front\home.php 89
ERROR - 07/10/2017 09:08 pm --> Severity: Notice --> Undefined variable: child_catname D:\Server\gf7\gf8\htdocs\don\application\views\front\home.php 90
ERROR - 07/10/2017 09:08 pm --> Severity: Notice --> Trying to get property of non-object D:\Server\gf7\gf8\htdocs\don\application\views\front\home.php 90
ERROR - 07/10/2017 09:08 pm --> Severity: Notice --> Undefined variable: child_catname D:\Server\gf7\gf8\htdocs\don\application\views\front\home.php 91
ERROR - 07/10/2017 09:08 pm --> Severity: Notice --> Trying to get property of non-object D:\Server\gf7\gf8\htdocs\don\application\views\front\home.php 91
ERROR - 07/10/2017 09:08 pm --> Severity: Notice --> Undefined variable: child_catname D:\Server\gf7\gf8\htdocs\don\application\views\front\home.php 92
ERROR - 07/10/2017 09:08 pm --> Severity: Notice --> Trying to get property of non-object D:\Server\gf7\gf8\htdocs\don\application\views\front\home.php 92
ERROR - 07/10/2017 09:08 pm --> Severity: Notice --> Undefined variable: child_catname D:\Server\gf7\gf8\htdocs\don\application\views\front\home.php 93
ERROR - 07/10/2017 09:08 pm --> Severity: Notice --> Trying to get property of non-object D:\Server\gf7\gf8\htdocs\don\application\views\front\home.php 93
ERROR - 07/10/2017 05:38 pm --> 404 Page Not Found: Assets/js
ERROR - 07/10/2017 05:38 pm --> 404 Page Not Found: Images/photos
ERROR - 07/10/2017 05:38 pm --> 404 Page Not Found: Js/advanced-datatable
ERROR - 07/10/2017 05:38 pm --> 404 Page Not Found: Js/advanced-datatable
ERROR - 07/10/2017 05:38 pm --> 404 Page Not Found: Js/advanced-datatable
ERROR - 07/10/2017 05:38 pm --> 404 Page Not Found: Js/dynamic_table_init.js
ERROR - 07/10/2017 05:38 pm --> 404 Page Not Found: Js/jquery.dataTables.min.js
ERROR - 07/10/2017 05:38 pm --> 404 Page Not Found: Assets/js
ERROR - 07/10/2017 05:38 pm --> 404 Page Not Found: Js/advanced-datatable
ERROR - 07/10/2017 05:38 pm --> 404 Page Not Found: Images/photos
ERROR - 07/10/2017 05:38 pm --> 404 Page Not Found: Js/advanced-datatable
ERROR - 07/10/2017 05:38 pm --> 404 Page Not Found: Js/advanced-datatable
ERROR - 07/10/2017 05:38 pm --> 404 Page Not Found: Js/dynamic_table_init.js
ERROR - 07/10/2017 05:38 pm --> 404 Page Not Found: Js/jquery.dataTables.min.js
ERROR - 07/10/2017 05:38 pm --> 404 Page Not Found: Assets/js
ERROR - 07/10/2017 05:38 pm --> 404 Page Not Found: Images/photos
ERROR - 07/10/2017 05:38 pm --> 404 Page Not Found: Assets/js
ERROR - 07/10/2017 05:38 pm --> 404 Page Not Found: Images/photos
ERROR - 07/10/2017 05:39 pm --> 404 Page Not Found: Assets/front
ERROR - 07/10/2017 05:39 pm --> 404 Page Not Found: Assets/front
ERROR - 07/10/2017 05:39 pm --> 404 Page Not Found: Assets/front
ERROR - 07/10/2017 05:39 pm --> 404 Page Not Found: Assets/front
ERROR - 07/10/2017 05:39 pm --> 404 Page Not Found: Assets/front
ERROR - 07/10/2017 05:39 pm --> 404 Page Not Found: Assets/front
ERROR - 07/10/2017 05:39 pm --> 404 Page Not Found: Assets/front
ERROR - 07/10/2017 05:41 pm --> 404 Page Not Found: front/Service/badroom_plan
ERROR - 07/10/2017 05:41 pm --> 404 Page Not Found: front/Service/badroom_plan
ERROR - 07/10/2017 05:41 pm --> 404 Page Not Found: front/Service/badroom_plan
ERROR - 07/10/2017 05:41 pm --> 404 Page Not Found: Assets/front
ERROR - 07/10/2017 05:41 pm --> 404 Page Not Found: Assets/front
ERROR - 07/10/2017 05:41 pm --> 404 Page Not Found: Assets/front
ERROR - 07/10/2017 05:41 pm --> 404 Page Not Found: Assets/front
ERROR - 07/10/2017 05:41 pm --> 404 Page Not Found: Assets/front
ERROR - 07/10/2017 05:41 pm --> 404 Page Not Found: Assets/front
ERROR - 07/10/2017 05:42 pm --> 404 Page Not Found: Assets/front
ERROR - 07/10/2017 05:42 pm --> 404 Page Not Found: Assets/front
ERROR - 07/10/2017 05:42 pm --> 404 Page Not Found: Assets/front
ERROR - 07/10/2017 05:42 pm --> 404 Page Not Found: Assets/front
ERROR - 07/10/2017 05:42 pm --> 404 Page Not Found: Assets/front
ERROR - 07/10/2017 05:42 pm --> 404 Page Not Found: Assets/front
ERROR - 07/10/2017 05:43 pm --> 404 Page Not Found: front/Service/badroom_plan
ERROR - 07/10/2017 05:43 pm --> 404 Page Not Found: front/Service/badroom_plan
ERROR - 07/10/2017 05:43 pm --> 404 Page Not Found: front/Service/badroom_plan
ERROR - 07/10/2017 05:43 pm --> 404 Page Not Found: Assets/front
ERROR - 07/10/2017 05:43 pm --> 404 Page Not Found: Assets/front
ERROR - 07/10/2017 05:43 pm --> 404 Page Not Found: Assets/front
ERROR - 07/10/2017 05:43 pm --> 404 Page Not Found: Assets/front
ERROR - 07/10/2017 05:43 pm --> 404 Page Not Found: Assets/front
ERROR - 07/10/2017 05:43 pm --> 404 Page Not Found: Assets/front
ERROR - 07/10/2017 05:43 pm --> 404 Page Not Found: front/Service/badroom_plan
ERROR - 07/10/2017 05:43 pm --> 404 Page Not Found: front/Service/badroom_plan
ERROR - 07/10/2017 05:43 pm --> 404 Page Not Found: front/Service/badroom_plan
ERROR - 07/10/2017 05:43 pm --> 404 Page Not Found: Assets/front
ERROR - 07/10/2017 05:43 pm --> 404 Page Not Found: Assets/front
ERROR - 07/10/2017 05:43 pm --> 404 Page Not Found: Assets/front
ERROR - 07/10/2017 05:43 pm --> 404 Page Not Found: Assets/front
ERROR - 07/10/2017 05:43 pm --> 404 Page Not Found: Assets/front
ERROR - 07/10/2017 05:43 pm --> 404 Page Not Found: Assets/front
ERROR - 07/10/2017 05:53 pm --> 404 Page Not Found: Assets/front
ERROR - 07/10/2017 05:53 pm --> 404 Page Not Found: Assets/front
ERROR - 07/10/2017 05:53 pm --> 404 Page Not Found: Assets/front
ERROR - 07/10/2017 05:53 pm --> 404 Page Not Found: Assets/front
ERROR - 07/10/2017 05:53 pm --> 404 Page Not Found: Assets/front
ERROR - 07/10/2017 05:53 pm --> 404 Page Not Found: Assets/front
ERROR - 07/10/2017 05:59 pm --> 404 Page Not Found: Assets/front
ERROR - 07/10/2017 05:59 pm --> 404 Page Not Found: Assets/front
ERROR - 07/10/2017 05:59 pm --> 404 Page Not Found: Assets/front
ERROR - 07/10/2017 05:59 pm --> 404 Page Not Found: Assets/front
ERROR - 07/10/2017 05:59 pm --> 404 Page Not Found: Assets/front
ERROR - 07/10/2017 05:59 pm --> 404 Page Not Found: Assets/front
ERROR - 07/10/2017 06:09 pm --> 404 Page Not Found: Assets/front
ERROR - 07/10/2017 06:09 pm --> 404 Page Not Found: Assets/front
ERROR - 07/10/2017 06:09 pm --> 404 Page Not Found: Assets/front
ERROR - 07/10/2017 06:09 pm --> 404 Page Not Found: Assets/front
ERROR - 07/10/2017 06:09 pm --> 404 Page Not Found: Assets/front
ERROR - 07/10/2017 06:09 pm --> 404 Page Not Found: Assets/front
ERROR - 07/10/2017 06:10 pm --> 404 Page Not Found: front/Service/badroom_plan
ERROR - 07/10/2017 06:10 pm --> 404 Page Not Found: Assets/front
ERROR - 07/10/2017 06:10 pm --> 404 Page Not Found: Assets/front
ERROR - 07/10/2017 06:10 pm --> 404 Page Not Found: Assets/front
ERROR - 07/10/2017 06:10 pm --> 404 Page Not Found: Assets/front
ERROR - 07/10/2017 06:10 pm --> 404 Page Not Found: Assets/front
ERROR - 07/10/2017 06:10 pm --> 404 Page Not Found: Assets/front
ERROR - 07/10/2017 09:41 pm --> Severity: Notice --> Undefined index: stripeToken D:\Server\gf7\gf8\htdocs\don\application\controllers\front\Service.php 1012
