ERROR - 10/18/2017 02:05 am --> Query error: Duplicate entry 'ca11234cef9fa99102ef7a782df53b1660b5c7df' for key 'PRIMARY' - Invalid query: INSERT INTO `ai_sessions` (`id`, `ip_address`, `timestamp`, `data`) VALUES ('ca11234cef9fa99102ef7a782df53b1660b5c7df', '180.76.15.23', 1508272519, '__ci_last_regenerate|i:1508272519;fb_1798431413741569_state|s:32:\"1bd711421c0471213c0c7665ae35e501\";')
ERROR - 10/18/2017 02:05 am --> Severity: Warning --> Cannot modify header information - headers already sent by (output started at /home2/carolhhp/public_html/democarol.com/homeservices/system/core/Output.php:528) /home2/carolhhp/public_html/democarol.com/homeservices/system/core/Common.php 573
ERROR - 10/18/2017 04:05 am --> Severity: Notice --> Undefined variable: child_catname /home2/carolhhp/public_html/democarol.com/homeservices/application/views/front/home.php 97
ERROR - 10/18/2017 04:05 am --> Severity: Notice --> Trying to get property of non-object /home2/carolhhp/public_html/democarol.com/homeservices/application/views/front/home.php 97
ERROR - 10/18/2017 04:05 am --> Severity: Notice --> Undefined variable: child_catname /home2/carolhhp/public_html/democarol.com/homeservices/application/views/front/home.php 98
ERROR - 10/18/2017 04:05 am --> Severity: Notice --> Trying to get property of non-object /home2/carolhhp/public_html/democarol.com/homeservices/application/views/front/home.php 98
ERROR - 10/18/2017 04:05 am --> Severity: Notice --> Undefined variable: child_catname /home2/carolhhp/public_html/democarol.com/homeservices/application/views/front/home.php 99
ERROR - 10/18/2017 04:05 am --> Severity: Notice --> Trying to get property of non-object /home2/carolhhp/public_html/democarol.com/homeservices/application/views/front/home.php 99
ERROR - 10/18/2017 04:05 am --> Severity: Notice --> Undefined variable: child_catname /home2/carolhhp/public_html/democarol.com/homeservices/application/views/front/home.php 100
ERROR - 10/18/2017 04:05 am --> Severity: Notice --> Trying to get property of non-object /home2/carolhhp/public_html/democarol.com/homeservices/application/views/front/home.php 100
ERROR - 10/18/2017 04:05 am --> Severity: Notice --> Undefined variable: child_catname /home2/carolhhp/public_html/democarol.com/homeservices/application/views/front/home.php 101
ERROR - 10/18/2017 04:05 am --> Severity: Notice --> Trying to get property of non-object /home2/carolhhp/public_html/democarol.com/homeservices/application/views/front/home.php 101
ERROR - 10/18/2017 04:05 am --> Severity: Notice --> Use of undefined constant php - assumed 'php' /home2/carolhhp/public_html/democarol.com/homeservices/application/views/front/home.php 108
ERROR - 10/18/2017 04:25 am --> Severity: Notice --> Undefined variable: child_catname /home2/carolhhp/public_html/democarol.com/homeservices/application/views/front/home.php 97
ERROR - 10/18/2017 04:25 am --> Severity: Notice --> Trying to get property of non-object /home2/carolhhp/public_html/democarol.com/homeservices/application/views/front/home.php 97
ERROR - 10/18/2017 04:25 am --> Severity: Notice --> Undefined variable: child_catname /home2/carolhhp/public_html/democarol.com/homeservices/application/views/front/home.php 98
ERROR - 10/18/2017 04:25 am --> Severity: Notice --> Trying to get property of non-object /home2/carolhhp/public_html/democarol.com/homeservices/application/views/front/home.php 98
ERROR - 10/18/2017 04:25 am --> Severity: Notice --> Undefined variable: child_catname /home2/carolhhp/public_html/democarol.com/homeservices/application/views/front/home.php 99
ERROR - 10/18/2017 04:25 am --> Severity: Notice --> Trying to get property of non-object /home2/carolhhp/public_html/democarol.com/homeservices/application/views/front/home.php 99
ERROR - 10/18/2017 04:25 am --> Severity: Notice --> Undefined variable: child_catname /home2/carolhhp/public_html/democarol.com/homeservices/application/views/front/home.php 100
ERROR - 10/18/2017 04:25 am --> Severity: Notice --> Trying to get property of non-object /home2/carolhhp/public_html/democarol.com/homeservices/application/views/front/home.php 100
ERROR - 10/18/2017 04:25 am --> Severity: Notice --> Undefined variable: child_catname /home2/carolhhp/public_html/democarol.com/homeservices/application/views/front/home.php 101
ERROR - 10/18/2017 04:25 am --> Severity: Notice --> Trying to get property of non-object /home2/carolhhp/public_html/democarol.com/homeservices/application/views/front/home.php 101
ERROR - 10/18/2017 04:25 am --> Severity: Notice --> Use of undefined constant php - assumed 'php' /home2/carolhhp/public_html/democarol.com/homeservices/application/views/front/home.php 108
ERROR - 10/18/2017 05:25 am --> Query error: Duplicate entry 'c7f7cf69806888b40a45fcabd2ec7c2027acf72e' for key 'PRIMARY' - Invalid query: INSERT INTO `ai_sessions` (`id`, `ip_address`, `timestamp`, `data`) VALUES ('c7f7cf69806888b40a45fcabd2ec7c2027acf72e', '180.76.15.141', 1508284519, '__ci_last_regenerate|i:1508284519;fb_1798431413741569_state|s:32:\"d4aac899aee4d092869266f864bddcfb\";')
ERROR - 10/18/2017 05:25 am --> Severity: Warning --> Cannot modify header information - headers already sent by (output started at /home2/carolhhp/public_html/democarol.com/homeservices/system/core/Output.php:528) /home2/carolhhp/public_html/democarol.com/homeservices/system/core/Common.php 573
ERROR - 10/18/2017 09:52 am --> Query error: Duplicate entry '0fd238dfaf82b95c4931c2a3264ed794939ed44e' for key 'PRIMARY' - Invalid query: INSERT INTO `ai_sessions` (`id`, `ip_address`, `timestamp`, `data`) VALUES ('0fd238dfaf82b95c4931c2a3264ed794939ed44e', '180.76.15.137', 1508300520, '__ci_last_regenerate|i:1508300519;fb_1798431413741569_state|s:32:\"27b9e3897ac67d53f4da482a11209728\";')
ERROR - 10/18/2017 09:52 am --> Severity: Warning --> Cannot modify header information - headers already sent by (output started at /home2/carolhhp/public_html/democarol.com/homeservices/system/core/Output.php:528) /home2/carolhhp/public_html/democarol.com/homeservices/system/core/Common.php 573
ERROR - 10/18/2017 10:25 am --> Query error: Duplicate entry '76c3fa79068995dc507aedfae7e7fcb5505a564a' for key 'PRIMARY' - Invalid query: INSERT INTO `ai_sessions` (`id`, `ip_address`, `timestamp`, `data`) VALUES ('76c3fa79068995dc507aedfae7e7fcb5505a564a', '180.76.15.150', 1508302520, '__ci_last_regenerate|i:1508302520;fb_1798431413741569_state|s:32:\"9596ac2180fb7d7fcd18528eb9864209\";')
ERROR - 10/18/2017 10:25 am --> Severity: Warning --> Cannot modify header information - headers already sent by (output started at /home2/carolhhp/public_html/democarol.com/homeservices/system/core/Output.php:528) /home2/carolhhp/public_html/democarol.com/homeservices/system/core/Common.php 573
ERROR - 10/18/2017 11:02 am --> Severity: Notice --> Undefined variable: child_catname /home2/carolhhp/public_html/democarol.com/homeservices/application/views/front/home.php 97
ERROR - 10/18/2017 11:02 am --> Severity: Notice --> Trying to get property of non-object /home2/carolhhp/public_html/democarol.com/homeservices/application/views/front/home.php 97
ERROR - 10/18/2017 11:02 am --> Severity: Notice --> Undefined variable: child_catname /home2/carolhhp/public_html/democarol.com/homeservices/application/views/front/home.php 98
ERROR - 10/18/2017 11:02 am --> Severity: Notice --> Trying to get property of non-object /home2/carolhhp/public_html/democarol.com/homeservices/application/views/front/home.php 98
ERROR - 10/18/2017 11:02 am --> Severity: Notice --> Undefined variable: child_catname /home2/carolhhp/public_html/democarol.com/homeservices/application/views/front/home.php 99
ERROR - 10/18/2017 11:02 am --> Severity: Notice --> Trying to get property of non-object /home2/carolhhp/public_html/democarol.com/homeservices/application/views/front/home.php 99
ERROR - 10/18/2017 11:02 am --> Severity: Notice --> Undefined variable: child_catname /home2/carolhhp/public_html/democarol.com/homeservices/application/views/front/home.php 100
ERROR - 10/18/2017 11:02 am --> Severity: Notice --> Trying to get property of non-object /home2/carolhhp/public_html/democarol.com/homeservices/application/views/front/home.php 100
ERROR - 10/18/2017 11:02 am --> Severity: Notice --> Undefined variable: child_catname /home2/carolhhp/public_html/democarol.com/homeservices/application/views/front/home.php 101
ERROR - 10/18/2017 11:02 am --> Severity: Notice --> Trying to get property of non-object /home2/carolhhp/public_html/democarol.com/homeservices/application/views/front/home.php 101
ERROR - 10/18/2017 11:02 am --> Severity: Notice --> Use of undefined constant php - assumed 'php' /home2/carolhhp/public_html/democarol.com/homeservices/application/views/front/home.php 108
ERROR - 10/18/2017 01:28 pm --> Query error: Duplicate entry '7433f386f66c9f000eea5a66d7753a63ae7299c5' for key 'PRIMARY' - Invalid query: INSERT INTO `ai_sessions` (`id`, `ip_address`, `timestamp`, `data`) VALUES ('7433f386f66c9f000eea5a66d7753a63ae7299c5', '180.76.15.11', 1508313495, '__ci_last_regenerate|i:1508313495;fb_1798431413741569_state|s:32:\"42ba0f8fcc3be590bbd60420a5928af9\";')
ERROR - 10/18/2017 01:28 pm --> Severity: Warning --> Cannot modify header information - headers already sent by (output started at /home2/carolhhp/public_html/democarol.com/homeservices/system/core/Output.php:528) /home2/carolhhp/public_html/democarol.com/homeservices/system/core/Common.php 573
ERROR - 10/18/2017 04:23 pm --> Query error: Duplicate entry '7b7f171ea27b2fc86fd51d48fd3c64368bae0f9a' for key 'PRIMARY' - Invalid query: INSERT INTO `ai_sessions` (`id`, `ip_address`, `timestamp`, `data`) VALUES ('7b7f171ea27b2fc86fd51d48fd3c64368bae0f9a', '180.76.15.136', 1508324016, '__ci_last_regenerate|i:1508324015;fb_1798431413741569_state|s:32:\"d6db25ae455d5ecc4cb18eb39c585347\";')
ERROR - 10/18/2017 04:23 pm --> Severity: Warning --> Cannot modify header information - headers already sent by (output started at /home2/carolhhp/public_html/democarol.com/homeservices/system/core/Output.php:528) /home2/carolhhp/public_html/democarol.com/homeservices/system/core/Common.php 573
ERROR - 10/18/2017 10:11 pm --> Query error: Duplicate entry '8d5f731c8ce8a5072530dc802f49750ae720b9c8' for key 'PRIMARY' - Invalid query: INSERT INTO `ai_sessions` (`id`, `ip_address`, `timestamp`, `data`) VALUES ('8d5f731c8ce8a5072530dc802f49750ae720b9c8', '180.76.15.150', 1508344907, '__ci_last_regenerate|i:1508344907;fb_1798431413741569_state|s:32:\"89ab1e0b6eeb81e23ce90a1db0855fd5\";')
ERROR - 10/18/2017 10:11 pm --> Severity: Warning --> Cannot modify header information - headers already sent by (output started at /home2/carolhhp/public_html/democarol.com/homeservices/system/core/Output.php:528) /home2/carolhhp/public_html/democarol.com/homeservices/system/core/Common.php 573
ERROR - 10/18/2017 10:45 pm --> Query error: Duplicate entry '8a4aee5fbaa8b20f61895586376e2ac799a13ee2' for key 'PRIMARY' - Invalid query: INSERT INTO `ai_sessions` (`id`, `ip_address`, `timestamp`, `data`) VALUES ('8a4aee5fbaa8b20f61895586376e2ac799a13ee2', '180.76.15.10', 1508346907, '__ci_last_regenerate|i:1508346907;fb_1798431413741569_state|s:32:\"1acc47128d3198b337a6acff16ef10dd\";')
ERROR - 10/18/2017 10:45 pm --> Severity: Warning --> Cannot modify header information - headers already sent by (output started at /home2/carolhhp/public_html/democarol.com/homeservices/system/core/Output.php:528) /home2/carolhhp/public_html/democarol.com/homeservices/system/core/Common.php 573
