ERROR - 02/23/2017 12:11 am --> 404 Page Not Found: Img/payment-strip.png
ERROR - 02/23/2017 12:12 am --> 404 Page Not Found: Img/payment-strip.png
ERROR - 02/23/2017 12:46 am --> 404 Page Not Found: Assets/img
ERROR - 02/23/2017 12:47 am --> 404 Page Not Found: Assets/img
ERROR - 02/23/2017 12:47 am --> 404 Page Not Found: Assets/js
ERROR - 02/23/2017 12:47 am --> 404 Page Not Found: Images/photos
ERROR - 02/23/2017 12:47 am --> 404 Page Not Found: Assets/js
ERROR - 02/23/2017 12:47 am --> 404 Page Not Found: Assets/js
ERROR - 02/23/2017 12:47 am --> 404 Page Not Found: Assets/js
ERROR - 02/23/2017 12:47 am --> 404 Page Not Found: Images/photos
ERROR - 02/23/2017 12:47 am --> 404 Page Not Found: Assets/js
ERROR - 02/23/2017 12:47 am --> 404 Page Not Found: Assets/js
ERROR - 02/23/2017 12:47 am --> 404 Page Not Found: Images/photos
ERROR - 02/23/2017 01:00 am --> 404 Page Not Found: Images/photos
ERROR - 02/23/2017 01:00 am --> 404 Page Not Found: Assets/js
ERROR - 02/23/2017 01:00 am --> 404 Page Not Found: Images/photos
ERROR - 02/23/2017 01:06 am --> 404 Page Not Found: Assets/img
ERROR - 02/23/2017 01:06 am --> 404 Page Not Found: Img/payment-strip.png
ERROR - 02/23/2017 01:06 am --> 404 Page Not Found: Assets/img
ERROR - 02/23/2017 01:06 am --> 404 Page Not Found: Assets/js
ERROR - 02/23/2017 01:06 am --> 404 Page Not Found: Images/photos
ERROR - 02/23/2017 01:07 am --> 404 Page Not Found: Images/photos
ERROR - 02/23/2017 01:07 am --> 404 Page Not Found: Assets/js
ERROR - 02/23/2017 01:07 am --> 404 Page Not Found: Assets/js
ERROR - 02/23/2017 01:07 am --> 404 Page Not Found: Assets/js
ERROR - 02/23/2017 01:07 am --> 404 Page Not Found: Images/photos
ERROR - 02/23/2017 01:07 am --> 404 Page Not Found: Assets/js
ERROR - 02/23/2017 01:07 am --> 404 Page Not Found: Assets/js
ERROR - 02/23/2017 01:07 am --> 404 Page Not Found: Images/photos
ERROR - 02/23/2017 12:37 pm --> Severity: Notice --> Trying to get property of non-object /home2/carolhhp/public_html/democarol.com/homeservices/application/views/front/services/booking_form.php 13
ERROR - 02/23/2017 12:37 pm --> Severity: Notice --> Trying to get property of non-object /home2/carolhhp/public_html/democarol.com/homeservices/application/views/front/services/booking_form.php 18
ERROR - 02/23/2017 12:37 pm --> Severity: Notice --> Trying to get property of non-object /home2/carolhhp/public_html/democarol.com/homeservices/application/views/front/services/booking_form.php 27
ERROR - 02/23/2017 12:37 pm --> Severity: Notice --> Trying to get property of non-object /home2/carolhhp/public_html/democarol.com/homeservices/application/views/front/services/booking_form.php 38
ERROR - 02/23/2017 12:37 pm --> Severity: Notice --> Trying to get property of non-object /home2/carolhhp/public_html/democarol.com/homeservices/application/views/front/services/booking_form.php 51
ERROR - 02/23/2017 12:37 pm --> Severity: Notice --> Trying to get property of non-object /home2/carolhhp/public_html/democarol.com/homeservices/application/views/front/services/booking_form.php 52
ERROR - 02/23/2017 01:07 am --> 404 Page Not Found: Img/payment-strip.png
ERROR - 02/23/2017 01:08 am --> 404 Page Not Found: Img/payment-strip.png
ERROR - 02/23/2017 01:15 am --> 404 Page Not Found: Assets/js
ERROR - 02/23/2017 01:15 am --> 404 Page Not Found: Images/photos
ERROR - 02/23/2017 01:16 am --> 404 Page Not Found: Assets/js
ERROR - 02/23/2017 01:16 am --> 404 Page Not Found: Images/photos
ERROR - 02/23/2017 01:16 am --> 404 Page Not Found: Assets/js
ERROR - 02/23/2017 01:16 am --> 404 Page Not Found: Images/photos
ERROR - 02/23/2017 01:17 am --> 404 Page Not Found: Assets/js
ERROR - 02/23/2017 01:17 am --> 404 Page Not Found: Images/photos
ERROR - 02/23/2017 01:17 am --> 404 Page Not Found: Assets/js
ERROR - 02/23/2017 01:17 am --> 404 Page Not Found: Images/photos
ERROR - 02/23/2017 01:17 am --> 404 Page Not Found: Assets/js
ERROR - 02/23/2017 01:17 am --> 404 Page Not Found: Images/photos
ERROR - 02/23/2017 01:18 am --> 404 Page Not Found: Assets/js
ERROR - 02/23/2017 01:18 am --> 404 Page Not Found: Images/photos
ERROR - 02/23/2017 01:18 am --> 404 Page Not Found: Assets/js
ERROR - 02/23/2017 01:18 am --> 404 Page Not Found: Images/photos
ERROR - 02/23/2017 01:19 am --> 404 Page Not Found: Assets/js
ERROR - 02/23/2017 01:19 am --> 404 Page Not Found: Images/photos
ERROR - 02/23/2017 01:19 am --> 404 Page Not Found: Assets/js
ERROR - 02/23/2017 01:19 am --> 404 Page Not Found: Images/photos
ERROR - 02/23/2017 01:22 am --> 404 Page Not Found: Assets/js
ERROR - 02/23/2017 01:22 am --> 404 Page Not Found: Images/photos
ERROR - 02/23/2017 01:22 am --> 404 Page Not Found: Assets/js
ERROR - 02/23/2017 01:22 am --> 404 Page Not Found: Images/photos
ERROR - 02/23/2017 01:23 am --> 404 Page Not Found: Assets/js
ERROR - 02/23/2017 01:23 am --> 404 Page Not Found: Images/photos
ERROR - 02/23/2017 01:23 am --> 404 Page Not Found: Assets/js
ERROR - 02/23/2017 01:23 am --> 404 Page Not Found: Images/photos
ERROR - 02/23/2017 01:23 am --> 404 Page Not Found: Assets/js
ERROR - 02/23/2017 01:23 am --> 404 Page Not Found: Images/photos
ERROR - 02/23/2017 01:24 am --> 404 Page Not Found: Assets/js
ERROR - 02/23/2017 01:24 am --> 404 Page Not Found: Images/photos
ERROR - 02/23/2017 01:29 am --> 404 Page Not Found: Assets/js
ERROR - 02/23/2017 01:29 am --> 404 Page Not Found: Images/photos
ERROR - 02/23/2017 01:30 am --> 404 Page Not Found: Assets/js
ERROR - 02/23/2017 01:30 am --> 404 Page Not Found: Images/photos
ERROR - 02/23/2017 01:31 am --> 404 Page Not Found: Assets/js
ERROR - 02/23/2017 01:31 am --> 404 Page Not Found: Images/photos
ERROR - 02/23/2017 01:31 am --> 404 Page Not Found: Assets/js
ERROR - 02/23/2017 01:31 am --> 404 Page Not Found: Images/photos
ERROR - 02/23/2017 01:33 am --> 404 Page Not Found: Assets/js
ERROR - 02/23/2017 01:33 am --> 404 Page Not Found: Images/photos
ERROR - 02/23/2017 01:33 am --> 404 Page Not Found: Assets/js
ERROR - 02/23/2017 01:33 am --> 404 Page Not Found: Images/photos
ERROR - 02/23/2017 01:36 am --> 404 Page Not Found: Assets/js
ERROR - 02/23/2017 01:36 am --> 404 Page Not Found: Images/photos
ERROR - 02/23/2017 01:36 am --> 404 Page Not Found: Assets/js
ERROR - 02/23/2017 01:36 am --> 404 Page Not Found: Images/photos
ERROR - 02/23/2017 01:37 am --> 404 Page Not Found: Assets/js
ERROR - 02/23/2017 01:37 am --> 404 Page Not Found: Images/photos
ERROR - 02/23/2017 01:38 am --> 404 Page Not Found: Assets/js
ERROR - 02/23/2017 01:38 am --> 404 Page Not Found: Images/photos
ERROR - 02/23/2017 01:38 am --> 404 Page Not Found: Assets/js
ERROR - 02/23/2017 01:38 am --> 404 Page Not Found: Images/photos
ERROR - 02/23/2017 02:38 am --> 404 Page Not Found: Assets/js
ERROR - 02/23/2017 02:38 am --> 404 Page Not Found: Images/photos
ERROR - 02/23/2017 02:42 am --> 404 Page Not Found: Assets/js
ERROR - 02/23/2017 02:42 am --> 404 Page Not Found: Images/photos
ERROR - 02/23/2017 02:42 am --> 404 Page Not Found: Assets/js
ERROR - 02/23/2017 02:42 am --> 404 Page Not Found: Images/photos
ERROR - 02/23/2017 02:43 am --> 404 Page Not Found: Assets/js
ERROR - 02/23/2017 02:43 am --> 404 Page Not Found: Images/photos
ERROR - 02/23/2017 02:43 am --> 404 Page Not Found: Assets/js
ERROR - 02/23/2017 02:43 am --> 404 Page Not Found: Images/photos
ERROR - 02/23/2017 02:44 am --> 404 Page Not Found: Assets/js
ERROR - 02/23/2017 02:44 am --> 404 Page Not Found: Images/photos
ERROR - 02/23/2017 02:44 am --> 404 Page Not Found: Assets/js
ERROR - 02/23/2017 02:44 am --> 404 Page Not Found: Images/photos
ERROR - 02/23/2017 02:50 am --> 404 Page Not Found: Assets/js
ERROR - 02/23/2017 02:50 am --> 404 Page Not Found: Images/photos
ERROR - 02/23/2017 02:50 am --> 404 Page Not Found: Assets/js
ERROR - 02/23/2017 02:50 am --> 404 Page Not Found: Images/photos
ERROR - 02/23/2017 02:58 am --> 404 Page Not Found: Assets/js
ERROR - 02/23/2017 02:58 am --> 404 Page Not Found: Images/photos
ERROR - 02/23/2017 02:58 am --> 404 Page Not Found: Assets/js
ERROR - 02/23/2017 02:58 am --> 404 Page Not Found: Images/photos
ERROR - 02/23/2017 03:00 am --> 404 Page Not Found: Assets/js
ERROR - 02/23/2017 03:00 am --> 404 Page Not Found: Images/photos
ERROR - 02/23/2017 03:04 am --> 404 Page Not Found: Assets/js
ERROR - 02/23/2017 03:04 am --> 404 Page Not Found: Images/photos
ERROR - 02/23/2017 03:05 am --> 404 Page Not Found: Assets/js
ERROR - 02/23/2017 03:05 am --> 404 Page Not Found: Images/photos
ERROR - 02/23/2017 03:07 am --> 404 Page Not Found: Assets/js
ERROR - 02/23/2017 03:07 am --> 404 Page Not Found: Images/photos
ERROR - 02/23/2017 03:07 am --> 404 Page Not Found: Assets/js
ERROR - 02/23/2017 03:07 am --> 404 Page Not Found: Images/photos
ERROR - 02/23/2017 03:18 am --> 404 Page Not Found: Assets/js
ERROR - 02/23/2017 03:18 am --> 404 Page Not Found: Images/photos
ERROR - 02/23/2017 03:38 am --> 404 Page Not Found: Assets/js
ERROR - 02/23/2017 03:38 am --> 404 Page Not Found: Images/photos
ERROR - 02/23/2017 03:11 pm --> Severity: Notice --> Undefined variable: duration_offer /home2/carolhhp/public_html/democarol.com/homeservices/application/controllers/Plan.php 71
ERROR - 02/23/2017 03:11 pm --> Query error: Unknown column 'plan_subcat' in 'field list' - Invalid query: INSERT INTO `ai_plan` (`plan_title`, `plan_cat`, `plan_subcat`, `plan_status`, `Plan_date`, `plan_select_frequency`, `extras_field`) VALUES ('fsgfg', '1', NULL, '1', '2017-02-23', NULL, '[{\"extras_title\":\"\",\"extras_price\":\"\"}]')
ERROR - 02/23/2017 03:11 pm --> Severity: Warning --> Cannot modify header information - headers already sent by (output started at /home2/carolhhp/public_html/democarol.com/homeservices/application/controllers/Plan.php:49) /home2/carolhhp/public_html/democarol.com/homeservices/system/core/Common.php 573
ERROR - 02/23/2017 03:44 am --> 404 Page Not Found: Assets/js
ERROR - 02/23/2017 03:44 am --> 404 Page Not Found: Images/photos
ERROR - 02/23/2017 03:44 am --> 404 Page Not Found: Assets/js
ERROR - 02/23/2017 03:44 am --> 404 Page Not Found: Images/photos
ERROR - 02/23/2017 03:46 am --> 404 Page Not Found: Images/photos
ERROR - 02/23/2017 04:11 am --> 404 Page Not Found: Assets/img
ERROR - 02/23/2017 04:11 am --> 404 Page Not Found: Assets/js
ERROR - 02/23/2017 04:11 am --> 404 Page Not Found: Images/photos
ERROR - 02/23/2017 03:42 pm --> Severity: Notice --> Undefined property: stdClass::$plan_subcat /home2/carolhhp/public_html/democarol.com/homeservices/application/views/admin/plan/manage_plan.php 64
ERROR - 02/23/2017 03:42 pm --> Severity: Notice --> Undefined property: stdClass::$plan_duration_inmonth /home2/carolhhp/public_html/democarol.com/homeservices/application/views/admin/plan/manage_plan.php 87
ERROR - 02/23/2017 03:42 pm --> Severity: Notice --> Undefined property: stdClass::$plan_duration_indays /home2/carolhhp/public_html/democarol.com/homeservices/application/views/admin/plan/manage_plan.php 87
ERROR - 02/23/2017 03:42 pm --> Severity: Notice --> Undefined property: stdClass::$plan_duration_offer /home2/carolhhp/public_html/democarol.com/homeservices/application/views/admin/plan/manage_plan.php 87
ERROR - 02/23/2017 03:42 pm --> Severity: Warning --> Invalid argument supplied for foreach() /home2/carolhhp/public_html/democarol.com/homeservices/application/views/admin/plan/manage_plan.php 92
ERROR - 02/23/2017 04:12 am --> 404 Page Not Found: Assets/js
ERROR - 02/23/2017 04:12 am --> 404 Page Not Found: Assets/js
ERROR - 02/23/2017 04:12 am --> 404 Page Not Found: Images/photos
ERROR - 02/23/2017 04:12 am --> 404 Page Not Found: Assets/js
ERROR - 02/23/2017 04:12 am --> 404 Page Not Found: Assets/js
ERROR - 02/23/2017 04:12 am --> 404 Page Not Found: Images/photos
ERROR - 02/23/2017 04:25 am --> 404 Page Not Found: Assets/js
ERROR - 02/23/2017 04:25 am --> 404 Page Not Found: Images/photos
ERROR - 02/23/2017 04:51 am --> 404 Page Not Found: Assets/js
ERROR - 02/23/2017 04:51 am --> 404 Page Not Found: Images/photos
ERROR - 02/23/2017 04:51 am --> 404 Page Not Found: Assets/js
ERROR - 02/23/2017 04:51 am --> 404 Page Not Found: Images/photos
ERROR - 02/23/2017 04:51 am --> 404 Page Not Found: Assets/js
ERROR - 02/23/2017 04:51 am --> 404 Page Not Found: Images/photos
ERROR - 02/23/2017 04:51 am --> 404 Page Not Found: Assets/js
ERROR - 02/23/2017 04:51 am --> 404 Page Not Found: Images/photos
ERROR - 02/23/2017 04:22 pm --> Severity: Notice --> Undefined variable: tew_badroom /home2/carolhhp/public_html/democarol.com/homeservices/application/controllers/Plan.php 93
ERROR - 02/23/2017 04:22 pm --> Severity: Notice --> Undefined variable: plan_info /home2/carolhhp/public_html/democarol.com/homeservices/application/controllers/Plan.php 124
ERROR - 02/23/2017 04:22 pm --> Query error: You have an error in your SQL syntax; check the manual that corresponds to your MySQL server version for the right syntax to use near '0, 1) VALUES ('ghgfhfgh', '1', '1', '2017-02-23', NULL, '[{\"six_badroom\":\"bad' at line 1 - Invalid query: INSERT INTO `ai_plan` (`plan_title`, `plan_cat`, `plan_status`, `Plan_date`, `plan_select_frequency`, 0, 1) VALUES ('ghgfhfgh', '1', '1', '2017-02-23', NULL, '[{\"six_badroom\":\"badroom\",\"six_month\":[\"6\"],\"six_per_hr\":[\"1\"],\"six_per_pri\":[\"30\"],\"six_org_pri\":[\"300\"],\"six_dis_pri\":[\"100\"],\"six_bath_room\":[\"6\"],\"six_bath_mnth\":[\"1\"],\"six_bath_hr\":[\"1\"],\"six_bath_pri\":[\"40\"],\"six_bath_orgpri\":[\"200\"],\"six_bath_disprice\":[\"100\"]}]', '[{\"twe_badroom\":null,\"twe_month\":[\"12\"],\"twe_per_hr\":[\"1\"],\"twe_per_pri\":[\"50\"],\"twe_org_pri\":[\"100\",\"\"],\"twe_dis_pri\":[\"\"],\"twe_bath_room\":\"bathroom\",\"twe_bath_mnth\":[\"12\"],\"twe_bath_hr\":[\"1\"],\"twe_bath_pri\":[\"\"],\"twe_bath_orgpri\":[\"100\",\"\"],\"twe_bath_disprice\":[\"\"]}]')
ERROR - 02/23/2017 04:22 pm --> Severity: Warning --> Cannot modify header information - headers already sent by (output started at /home2/carolhhp/public_html/democarol.com/homeservices/system/core/Exceptions.php:271) /home2/carolhhp/public_html/democarol.com/homeservices/system/core/Common.php 573
ERROR - 02/23/2017 04:53 am --> 404 Page Not Found: Assets/js
ERROR - 02/23/2017 04:53 am --> 404 Page Not Found: Images/photos
ERROR - 02/23/2017 04:53 am --> 404 Page Not Found: Assets/js
ERROR - 02/23/2017 04:53 am --> 404 Page Not Found: Images/photos
ERROR - 02/23/2017 04:24 pm --> Severity: Notice --> Undefined variable: plan_info /home2/carolhhp/public_html/democarol.com/homeservices/application/controllers/Plan.php 124
ERROR - 02/23/2017 04:24 pm --> Query error: You have an error in your SQL syntax; check the manual that corresponds to your MySQL server version for the right syntax to use near '0, 1) VALUES ('gfdgfdg', '1', '1', '2017-02-23', NULL, '[{\"six_badroom\":\"badr' at line 1 - Invalid query: INSERT INTO `ai_plan` (`plan_title`, `plan_cat`, `plan_status`, `Plan_date`, `plan_select_frequency`, 0, 1) VALUES ('gfdgfdg', '1', '1', '2017-02-23', NULL, '[{\"six_badroom\":\"badroom\",\"six_month\":[\"6\"],\"six_per_hr\":[\"1\"],\"six_per_pri\":[\"7\"],\"six_org_pri\":[\"8\"],\"six_dis_pri\":[\"12\"],\"six_bath_room\":[\"6\"],\"six_bath_mnth\":[\"1\"],\"six_bath_hr\":[\"1\"],\"six_bath_pri\":[\"10\"],\"six_bath_orgpri\":[\"11\"],\"six_bath_disprice\":[\"12\"]}]', '[{\"twe_badroom\":\"badroom\",\"twe_month\":[\"12\"],\"twe_per_hr\":[\"1\"],\"twe_per_pri\":[\"13\"],\"twe_org_pri\":[\"14\",\"17\"],\"twe_dis_pri\":[\"18\"],\"twe_bath_room\":\"bathroom\",\"twe_bath_mnth\":[\"12\"],\"twe_bath_hr\":[\"1\"],\"twe_bath_pri\":[\"16\"],\"twe_bath_orgpri\":[\"14\",\"17\"],\"twe_bath_disprice\":[\"18\"]}]')
ERROR - 02/23/2017 04:24 pm --> Severity: Warning --> Cannot modify header information - headers already sent by (output started at /home2/carolhhp/public_html/democarol.com/homeservices/system/core/Exceptions.php:271) /home2/carolhhp/public_html/democarol.com/homeservices/system/core/Common.php 573
ERROR - 02/23/2017 04:55 am --> 404 Page Not Found: Assets/js
ERROR - 02/23/2017 04:55 am --> 404 Page Not Found: Images/photos
ERROR - 02/23/2017 04:55 am --> 404 Page Not Found: Assets/js
ERROR - 02/23/2017 04:55 am --> 404 Page Not Found: Images/photos
ERROR - 02/23/2017 04:55 am --> 404 Page Not Found: Assets/js
ERROR - 02/23/2017 04:55 am --> 404 Page Not Found: Images/photos
ERROR - 02/23/2017 04:56 am --> 404 Page Not Found: Assets/js
ERROR - 02/23/2017 04:56 am --> 404 Page Not Found: Images/photos
ERROR - 02/23/2017 04:56 am --> 404 Page Not Found: Assets/js
ERROR - 02/23/2017 04:56 am --> 404 Page Not Found: Images/photos
ERROR - 02/23/2017 04:56 am --> 404 Page Not Found: Assets/js
ERROR - 02/23/2017 04:56 am --> 404 Page Not Found: Images/photos
ERROR - 02/23/2017 04:56 am --> 404 Page Not Found: Assets/js
ERROR - 02/23/2017 04:56 am --> 404 Page Not Found: Images/photos
ERROR - 02/23/2017 04:26 pm --> Query error: You have an error in your SQL syntax; check the manual that corresponds to your MySQL server version for the right syntax to use near '0, 1) VALUES ('gggg', '1', '1', '2017-02-23', '[{\"th_badroom\":\"badroom\",\"th' at line 1 - Invalid query: INSERT INTO `ai_plan` (`plan_title`, `plan_cat`, `plan_status`, `Plan_date`, `plan_select_frequency`, 0, 1) VALUES ('gggg', '1', '1', '2017-02-23', '[{\"th_badroom\":\"badroom\",\"th_month\":[\"3\"],\"th_per_hr\":[\"1\"],\"th_per_pri\":[\"1\"],\"th_org_pri\":[\"2\"],\"th_dis_pri\":[\"3\"],\"th_bath_room\":\"bathroom\",\"th_bath_mnth\":[\"3\"],\"th_bath_hr\":[\"1\"],\"th_bath_pri\":[\"4\"],\"th_bath_orgpri\":[\"5\"],\"th_bath_disprice\":[\"6\"]}]', '[{\"six_badroom\":\"badroom\",\"six_month\":[\"6\"],\"six_per_hr\":[\"1\"],\"six_per_pri\":[\"7\"],\"six_org_pri\":[\"8\"],\"six_dis_pri\":[\"12\"],\"six_bath_room\":[\"6\"],\"six_bath_mnth\":[\"1\"],\"six_bath_hr\":[\"1\"],\"six_bath_pri\":[\"10\"],\"six_bath_orgpri\":[\"11\"],\"six_bath_disprice\":[\"12\"]}]', '[{\"twe_badroom\":\"badroom\",\"twe_month\":[\"12\"],\"twe_per_hr\":[\"1\"],\"twe_per_pri\":[\"13\"],\"twe_org_pri\":[\"14\",\"17\"],\"twe_dis_pri\":[\"18\"],\"twe_bath_room\":\"bathroom\",\"twe_bath_mnth\":[\"12\"],\"twe_bath_hr\":[\"1\"],\"twe_bath_pri\":[\"16\"],\"twe_bath_orgpri\":[\"14\",\"17\"],\"twe_bath_disprice\":[\"18\"]}]')
ERROR - 02/23/2017 04:59 am --> 404 Page Not Found: Images/photos
ERROR - 02/23/2017 04:57 pm --> Query error: You have an error in your SQL syntax; check the manual that corresponds to your MySQL server version for the right syntax to use near '0, 1) VALUES ('piopi', '1', '1', '2017-02-23', '[{\"th_badroom\":\"badroom\",\"t' at line 1 - Invalid query: INSERT INTO `ai_plan` (`plan_title`, `plan_cat`, `plan_status`, `Plan_date`, `plan_select_frequency`, 0, 1) VALUES ('piopi', '1', '1', '2017-02-23', '[{\"th_badroom\":\"badroom\",\"th_month\":[\"3\"],\"th_per_hr\":[\"1\"],\"th_per_pri\":[\"\"],\"th_org_pri\":[\"\"],\"th_dis_pri\":[\"\"],\"th_bath_room\":\"bathroom\",\"th_bath_mnth\":[\"3\"],\"th_bath_hr\":[\"1\"],\"th_bath_pri\":[\"\"],\"th_bath_orgpri\":[\"\"],\"th_bath_disprice\":[\"\"]}]', '[{\"six_badroom\":\"badroom\",\"six_month\":[\"6\"],\"six_per_hr\":[\"1\"],\"six_per_pri\":[\"6\"],\"six_org_pri\":[\"6\"],\"six_dis_pri\":[\"3\"],\"six_bath_room\":[\"6\"],\"six_bath_mnth\":[\"1\"],\"six_bath_hr\":[\"1\"],\"six_bath_pri\":[\"6\"],\"six_bath_orgpri\":[\"6\"],\"six_bath_disprice\":[\"3\"]}]', '[{\"twe_badroom\":\"badroom\",\"twe_month\":[\"12\"],\"twe_per_hr\":[\"1\"],\"twe_per_pri\":[\"3\"],\"twe_org_pri\":[\"6\",\"3\"],\"twe_dis_pri\":[\"3\"],\"twe_bath_room\":\"bathroom\",\"twe_bath_mnth\":[\"12\"],\"twe_bath_hr\":[\"1\"],\"twe_bath_pri\":[\"3\"],\"twe_bath_orgpri\":[\"6\",\"3\"],\"twe_bath_disprice\":[\"3\"]}]')
ERROR - 02/23/2017 05:29 am --> 404 Page Not Found: Assets/js
ERROR - 02/23/2017 05:29 am --> 404 Page Not Found: Images/photos
ERROR - 02/23/2017 05:30 am --> 404 Page Not Found: Assets/js
ERROR - 02/23/2017 05:30 am --> 404 Page Not Found: Images/photos
ERROR - 02/23/2017 05:32 am --> 404 Page Not Found: Assets/js
ERROR - 02/23/2017 05:32 am --> 404 Page Not Found: Images/photos
ERROR - 02/23/2017 05:41 am --> 404 Page Not Found: Assets/js
ERROR - 02/23/2017 05:41 am --> 404 Page Not Found: Images/photos
ERROR - 02/23/2017 05:43 am --> 404 Page Not Found: Images/photos
ERROR - 02/23/2017 06:09 am --> 404 Page Not Found: Assets/js
ERROR - 02/23/2017 06:09 am --> 404 Page Not Found: Images/photos
ERROR - 02/23/2017 06:09 am --> 404 Page Not Found: Assets/js
ERROR - 02/23/2017 06:09 am --> 404 Page Not Found: Images/photos
ERROR - 02/23/2017 06:09 am --> 404 Page Not Found: Assets/js
ERROR - 02/23/2017 06:09 am --> 404 Page Not Found: Assets/js
ERROR - 02/23/2017 06:09 am --> 404 Page Not Found: Images/photos
ERROR - 02/23/2017 05:40 pm --> Severity: Warning --> Cannot modify header information - headers already sent by (output started at /home2/carolhhp/public_html/democarol.com/homeservices/application/controllers/Plan.php:131) /home2/carolhhp/public_html/democarol.com/homeservices/system/helpers/url_helper.php 564
ERROR - 02/23/2017 06:11 am --> 404 Page Not Found: Plan/add_plan
ERROR - 02/23/2017 06:11 am --> 404 Page Not Found: Assets/js
ERROR - 02/23/2017 06:11 am --> 404 Page Not Found: Images/photos
ERROR - 02/23/2017 06:13 am --> 404 Page Not Found: Assets/js
ERROR - 02/23/2017 06:13 am --> 404 Page Not Found: Images/photos
ERROR - 02/23/2017 05:43 pm --> Severity: Notice --> Undefined property: stdClass::$plan_subcat /home2/carolhhp/public_html/democarol.com/homeservices/application/views/admin/plan/manage_plan.php 64
ERROR - 02/23/2017 05:43 pm --> Severity: Notice --> Undefined property: stdClass::$plan_select_frequency /home2/carolhhp/public_html/democarol.com/homeservices/application/views/admin/plan/manage_plan.php 67
ERROR - 02/23/2017 05:43 pm --> Severity: Warning --> Invalid argument supplied for foreach() /home2/carolhhp/public_html/democarol.com/homeservices/application/views/admin/plan/manage_plan.php 85
ERROR - 02/23/2017 05:43 pm --> Severity: Warning --> Invalid argument supplied for foreach() /home2/carolhhp/public_html/democarol.com/homeservices/application/views/admin/plan/manage_plan.php 92
ERROR - 02/23/2017 05:43 pm --> Severity: Notice --> Undefined property: stdClass::$plan_subcat /home2/carolhhp/public_html/democarol.com/homeservices/application/views/admin/plan/manage_plan.php 64
ERROR - 02/23/2017 05:43 pm --> Severity: Notice --> Undefined property: stdClass::$plan_select_frequency /home2/carolhhp/public_html/democarol.com/homeservices/application/views/admin/plan/manage_plan.php 67
ERROR - 02/23/2017 05:43 pm --> Severity: Warning --> Invalid argument supplied for foreach() /home2/carolhhp/public_html/democarol.com/homeservices/application/views/admin/plan/manage_plan.php 85
ERROR - 02/23/2017 05:43 pm --> Severity: Warning --> Invalid argument supplied for foreach() /home2/carolhhp/public_html/democarol.com/homeservices/application/views/admin/plan/manage_plan.php 92
ERROR - 02/23/2017 06:13 am --> 404 Page Not Found: Assets/js
ERROR - 02/23/2017 06:13 am --> 404 Page Not Found: Assets/js
ERROR - 02/23/2017 06:13 am --> 404 Page Not Found: Assets/js
ERROR - 02/23/2017 06:13 am --> 404 Page Not Found: Images/photos
ERROR - 02/23/2017 05:43 pm --> Query error: Unknown column 'plan_subcat' in 'field list' - Invalid query: SELECT `plan_title`, `plan_cat`, `plan_subcat`, `plan_unitprice`, `plan_select_frequency`, `extras_field`, `plan_status`
FROM `ai_plan`
WHERE `plan_id` = '1'
 LIMIT 1
ERROR - 02/23/2017 06:14 am --> 404 Page Not Found: Plan/edit_plan
ERROR - 02/23/2017 05:44 pm --> Query error: Unknown column 'plan_subcat' in 'field list' - Invalid query: SELECT `plan_title`, `plan_cat`, `plan_subcat`, `plan_unitprice`, `plan_select_frequency`, `extras_field`, `plan_status`
FROM `ai_plan`
WHERE `plan_id` = '1'
 LIMIT 1
ERROR - 02/23/2017 05:50 pm --> Query error: Unknown column 'plan_subcat' in 'field list' - Invalid query: SELECT `plan_title`, `plan_cat`, `plan_subcat`, `plan_unitprice`, `plan_select_frequency`, `extras_field`, `plan_status`
FROM `ai_plan`
WHERE `plan_id` = '1'
 LIMIT 1
ERROR - 02/23/2017 05:50 pm --> Query error: Unknown column 'plan_subcat' in 'field list' - Invalid query: SELECT `plan_title`, `plan_cat`, `plan_subcat`, `plan_unitprice`, `plan_select_frequency`, `extras_field`, `plan_status`
FROM `ai_plan`
WHERE `plan_id` = '1'
 LIMIT 1
ERROR - 02/23/2017 05:51 pm --> Query error: Unknown column 'plan_unitprice' in 'field list' - Invalid query: SELECT `plan_title`, `plan_cat`, `plan_unitprice`, `plan_select_frequency`, `extras_field`, `plan_status`
FROM `ai_plan`
WHERE `plan_id` = '1'
 LIMIT 1
ERROR - 02/23/2017 05:51 pm --> Query error: Unknown column 'plan_unitprice' in 'field list' - Invalid query: SELECT `plan_title`, `plan_cat`, `plan_unitprice`, `plan_select_frequency`, `extras_field`, `plan_status`
FROM `ai_plan`
WHERE `plan_id` = '1'
 LIMIT 1
ERROR - 02/23/2017 05:51 pm --> Query error: Unknown column 'plan_select_frequency' in 'field list' - Invalid query: SELECT `plan_title`, `plan_cat`, `plan_select_frequency`, `extras_field`, `plan_status`
FROM `ai_plan`
WHERE `plan_id` = '1'
 LIMIT 1
ERROR - 02/23/2017 05:52 pm --> Severity: Notice --> Undefined property: stdClass::$plan_subcat /home2/carolhhp/public_html/democarol.com/homeservices/application/views/admin/plan/edit_plan.php 55
ERROR - 02/23/2017 06:22 am --> 404 Page Not Found: Assets/js
ERROR - 02/23/2017 05:52 pm --> Severity: Notice --> Undefined property: stdClass::$plan_subcat /home2/carolhhp/public_html/democarol.com/homeservices/application/views/admin/plan/edit_plan.php 55
ERROR - 02/23/2017 06:22 am --> 404 Page Not Found: Images/photos
ERROR - 02/23/2017 05:53 pm --> Severity: Notice --> Undefined property: stdClass::$plan_subcat /home2/carolhhp/public_html/democarol.com/homeservices/application/views/admin/plan/manage_plan.php 64
ERROR - 02/23/2017 05:53 pm --> Severity: Notice --> Undefined property: stdClass::$plan_select_frequency /home2/carolhhp/public_html/democarol.com/homeservices/application/views/admin/plan/manage_plan.php 67
ERROR - 02/23/2017 05:53 pm --> Severity: Warning --> Invalid argument supplied for foreach() /home2/carolhhp/public_html/democarol.com/homeservices/application/views/admin/plan/manage_plan.php 85
ERROR - 02/23/2017 05:53 pm --> Severity: Warning --> Invalid argument supplied for foreach() /home2/carolhhp/public_html/democarol.com/homeservices/application/views/admin/plan/manage_plan.php 92
ERROR - 02/23/2017 05:53 pm --> Severity: Notice --> Undefined property: stdClass::$plan_subcat /home2/carolhhp/public_html/democarol.com/homeservices/application/views/admin/plan/manage_plan.php 64
ERROR - 02/23/2017 05:53 pm --> Severity: Notice --> Undefined property: stdClass::$plan_select_frequency /home2/carolhhp/public_html/democarol.com/homeservices/application/views/admin/plan/manage_plan.php 67
ERROR - 02/23/2017 05:53 pm --> Severity: Warning --> Invalid argument supplied for foreach() /home2/carolhhp/public_html/democarol.com/homeservices/application/views/admin/plan/manage_plan.php 85
ERROR - 02/23/2017 05:53 pm --> Severity: Warning --> Invalid argument supplied for foreach() /home2/carolhhp/public_html/democarol.com/homeservices/application/views/admin/plan/manage_plan.php 92
ERROR - 02/23/2017 06:23 am --> 404 Page Not Found: Assets/js
ERROR - 02/23/2017 06:23 am --> 404 Page Not Found: Assets/js
ERROR - 02/23/2017 06:23 am --> 404 Page Not Found: Assets/js
ERROR - 02/23/2017 06:23 am --> 404 Page Not Found: Images/photos
ERROR - 02/23/2017 06:23 am --> 404 Page Not Found: Assets/js
ERROR - 02/23/2017 06:23 am --> 404 Page Not Found: Assets/js
ERROR - 02/23/2017 06:23 am --> 404 Page Not Found: Images/photos
ERROR - 02/23/2017 06:23 am --> 404 Page Not Found: Assets/js
ERROR - 02/23/2017 06:23 am --> 404 Page Not Found: Images/photos
ERROR - 02/23/2017 06:27 am --> 404 Page Not Found: Assets/js
ERROR - 02/23/2017 06:27 am --> 404 Page Not Found: Images/photos
ERROR - 02/23/2017 06:27 am --> 404 Page Not Found: Assets/js
ERROR - 02/23/2017 06:27 am --> 404 Page Not Found: Images/photos
ERROR - 02/23/2017 05:57 pm --> Severity: Notice --> Undefined property: stdClass::$plan_subcat /home2/carolhhp/public_html/democarol.com/homeservices/application/views/admin/plan/manage_plan.php 64
ERROR - 02/23/2017 05:57 pm --> Severity: Notice --> Undefined property: stdClass::$plan_select_frequency /home2/carolhhp/public_html/democarol.com/homeservices/application/views/admin/plan/manage_plan.php 67
ERROR - 02/23/2017 05:57 pm --> Severity: Warning --> Invalid argument supplied for foreach() /home2/carolhhp/public_html/democarol.com/homeservices/application/views/admin/plan/manage_plan.php 85
ERROR - 02/23/2017 05:57 pm --> Severity: Warning --> Invalid argument supplied for foreach() /home2/carolhhp/public_html/democarol.com/homeservices/application/views/admin/plan/manage_plan.php 92
ERROR - 02/23/2017 05:57 pm --> Severity: Notice --> Undefined property: stdClass::$plan_subcat /home2/carolhhp/public_html/democarol.com/homeservices/application/views/admin/plan/manage_plan.php 64
ERROR - 02/23/2017 05:57 pm --> Severity: Notice --> Undefined property: stdClass::$plan_select_frequency /home2/carolhhp/public_html/democarol.com/homeservices/application/views/admin/plan/manage_plan.php 67
ERROR - 02/23/2017 05:57 pm --> Severity: Warning --> Invalid argument supplied for foreach() /home2/carolhhp/public_html/democarol.com/homeservices/application/views/admin/plan/manage_plan.php 85
ERROR - 02/23/2017 05:57 pm --> Severity: Warning --> Invalid argument supplied for foreach() /home2/carolhhp/public_html/democarol.com/homeservices/application/views/admin/plan/manage_plan.php 92
ERROR - 02/23/2017 06:27 am --> 404 Page Not Found: Assets/js
ERROR - 02/23/2017 06:27 am --> 404 Page Not Found: Assets/js
ERROR - 02/23/2017 06:27 am --> 404 Page Not Found: Assets/js
ERROR - 02/23/2017 06:27 am --> 404 Page Not Found: Assets/js
ERROR - 02/23/2017 06:27 am --> 404 Page Not Found: Assets/js
ERROR - 02/23/2017 06:27 am --> 404 Page Not Found: Assets/js
ERROR - 02/23/2017 05:57 pm --> Severity: Notice --> Undefined property: stdClass::$plan_subcat /home2/carolhhp/public_html/democarol.com/homeservices/application/views/admin/plan/edit_plan.php 55
ERROR - 02/23/2017 06:27 am --> 404 Page Not Found: Assets/js
ERROR - 02/23/2017 06:27 am --> 404 Page Not Found: Images/photos
ERROR - 02/23/2017 05:57 pm --> Severity: Notice --> Undefined property: stdClass::$plan_subcat /home2/carolhhp/public_html/democarol.com/homeservices/application/views/admin/plan/edit_plan.php 55
ERROR - 02/23/2017 06:27 am --> 404 Page Not Found: Assets/js
ERROR - 02/23/2017 06:27 am --> 404 Page Not Found: Images/photos
ERROR - 02/23/2017 05:58 pm --> Severity: Notice --> Undefined property: stdClass::$plan_subcat /home2/carolhhp/public_html/democarol.com/homeservices/application/views/admin/plan/edit_plan.php 55
ERROR - 02/23/2017 06:28 am --> 404 Page Not Found: Assets/js
ERROR - 02/23/2017 06:28 am --> 404 Page Not Found: Images/photos
ERROR - 02/23/2017 05:58 pm --> Severity: Notice --> Undefined property: stdClass::$plan_subcat /home2/carolhhp/public_html/democarol.com/homeservices/application/views/admin/plan/edit_plan.php 55
ERROR - 02/23/2017 06:28 am --> 404 Page Not Found: Assets/js
ERROR - 02/23/2017 06:28 am --> 404 Page Not Found: Images/photos
ERROR - 02/23/2017 05:58 pm --> Severity: Notice --> Undefined index: plan_duration_inmonth /home2/carolhhp/public_html/democarol.com/homeservices/application/controllers/Plan.php 167
ERROR - 02/23/2017 05:58 pm --> Severity: Notice --> Undefined index: plan_duration_indays /home2/carolhhp/public_html/democarol.com/homeservices/application/controllers/Plan.php 168
ERROR - 02/23/2017 05:58 pm --> Severity: Notice --> Undefined index: plan_duration_offer /home2/carolhhp/public_html/democarol.com/homeservices/application/controllers/Plan.php 169
ERROR - 02/23/2017 05:58 pm --> Severity: Notice --> Undefined variable: feedata /home2/carolhhp/public_html/democarol.com/homeservices/application/controllers/Plan.php 174
ERROR - 02/23/2017 05:59 pm --> Severity: Notice --> Undefined property: stdClass::$plan_subcat /home2/carolhhp/public_html/democarol.com/homeservices/application/views/admin/plan/edit_plan.php 55
ERROR - 02/23/2017 06:29 am --> 404 Page Not Found: Images/photos
ERROR - 02/23/2017 05:59 pm --> Severity: Notice --> Undefined property: stdClass::$plan_subcat /home2/carolhhp/public_html/democarol.com/homeservices/application/views/admin/plan/manage_plan.php 64
ERROR - 02/23/2017 05:59 pm --> Severity: Notice --> Undefined property: stdClass::$plan_select_frequency /home2/carolhhp/public_html/democarol.com/homeservices/application/views/admin/plan/manage_plan.php 67
ERROR - 02/23/2017 05:59 pm --> Severity: Warning --> Invalid argument supplied for foreach() /home2/carolhhp/public_html/democarol.com/homeservices/application/views/admin/plan/manage_plan.php 85
ERROR - 02/23/2017 05:59 pm --> Severity: Warning --> Invalid argument supplied for foreach() /home2/carolhhp/public_html/democarol.com/homeservices/application/views/admin/plan/manage_plan.php 92
ERROR - 02/23/2017 05:59 pm --> Severity: Notice --> Undefined property: stdClass::$plan_subcat /home2/carolhhp/public_html/democarol.com/homeservices/application/views/admin/plan/manage_plan.php 64
ERROR - 02/23/2017 05:59 pm --> Severity: Notice --> Undefined property: stdClass::$plan_select_frequency /home2/carolhhp/public_html/democarol.com/homeservices/application/views/admin/plan/manage_plan.php 67
ERROR - 02/23/2017 05:59 pm --> Severity: Warning --> Invalid argument supplied for foreach() /home2/carolhhp/public_html/democarol.com/homeservices/application/views/admin/plan/manage_plan.php 85
ERROR - 02/23/2017 05:59 pm --> Severity: Warning --> Invalid argument supplied for foreach() /home2/carolhhp/public_html/democarol.com/homeservices/application/views/admin/plan/manage_plan.php 92
ERROR - 02/23/2017 06:29 am --> 404 Page Not Found: Assets/js
ERROR - 02/23/2017 06:29 am --> 404 Page Not Found: Assets/js
ERROR - 02/23/2017 06:29 am --> 404 Page Not Found: Assets/js
ERROR - 02/23/2017 06:29 am --> 404 Page Not Found: Assets/js
ERROR - 02/23/2017 06:29 am --> 404 Page Not Found: Assets/js
ERROR - 02/23/2017 06:29 am --> 404 Page Not Found: Images/photos
ERROR - 02/23/2017 06:29 am --> 404 Page Not Found: Assets/js
ERROR - 02/23/2017 06:29 am --> 404 Page Not Found: Images/photos
ERROR - 02/23/2017 06:29 am --> 404 Page Not Found: Assets/js
ERROR - 02/23/2017 06:29 am --> 404 Page Not Found: Images/photos
ERROR - 02/23/2017 06:30 am --> 404 Page Not Found: Assets/js
ERROR - 02/23/2017 06:30 am --> 404 Page Not Found: Images/photos
ERROR - 02/23/2017 06:34 am --> 404 Page Not Found: Assets/js
ERROR - 02/23/2017 06:34 am --> 404 Page Not Found: Images/photos
ERROR - 02/23/2017 06:38 am --> 404 Page Not Found: Assets/js
ERROR - 02/23/2017 06:38 am --> 404 Page Not Found: Images/photos
ERROR - 02/23/2017 06:43 am --> Severity: Warning --> Cannot modify header information - headers already sent by (output started at /home2/carolhhp/public_html/democarol.com/homeservices/application/controllers/Plan.php:80) /home2/carolhhp/public_html/democarol.com/homeservices/system/core/Common.php 573
ERROR - 02/23/2017 06:43 am --> Severity: Compile Error --> Cannot use [] for reading /home2/carolhhp/public_html/democarol.com/homeservices/application/controllers/Plan.php 80
ERROR - 02/23/2017 06:43 am --> 404 Page Not Found: Assets/js
ERROR - 02/23/2017 06:43 am --> 404 Page Not Found: Images/photos
ERROR - 02/23/2017 06:45 am --> Severity: Warning --> Cannot modify header information - headers already sent by (output started at /home2/carolhhp/public_html/democarol.com/homeservices/application/controllers/Plan.php:67) /home2/carolhhp/public_html/democarol.com/homeservices/system/core/Common.php 573
ERROR - 02/23/2017 06:45 am --> Severity: Compile Error --> Cannot use [] for reading /home2/carolhhp/public_html/democarol.com/homeservices/application/controllers/Plan.php 67
ERROR - 02/23/2017 06:46 am --> Severity: Warning --> Cannot modify header information - headers already sent by (output started at /home2/carolhhp/public_html/democarol.com/homeservices/application/controllers/Plan.php:67) /home2/carolhhp/public_html/democarol.com/homeservices/system/core/Common.php 573
ERROR - 02/23/2017 06:46 am --> Severity: Compile Error --> Cannot use [] for reading /home2/carolhhp/public_html/democarol.com/homeservices/application/controllers/Plan.php 67
ERROR - 02/23/2017 06:46 am --> Severity: Warning --> Cannot modify header information - headers already sent by (output started at /home2/carolhhp/public_html/democarol.com/homeservices/application/controllers/Plan.php:67) /home2/carolhhp/public_html/democarol.com/homeservices/system/core/Common.php 573
ERROR - 02/23/2017 06:46 am --> Severity: Compile Error --> Cannot use [] for reading /home2/carolhhp/public_html/democarol.com/homeservices/application/controllers/Plan.php 67
ERROR - 02/23/2017 06:46 am --> 404 Page Not Found: Assets/js
ERROR - 02/23/2017 06:46 am --> 404 Page Not Found: Images/photos
ERROR - 02/23/2017 06:49 am --> 404 Page Not Found: Assets/js
ERROR - 02/23/2017 06:49 am --> 404 Page Not Found: Images/photos
ERROR - 02/23/2017 06:49 am --> 404 Page Not Found: Assets/js
ERROR - 02/23/2017 06:49 am --> 404 Page Not Found: Images/photos
ERROR - 02/23/2017 06:52 am --> 404 Page Not Found: Assets/js
ERROR - 02/23/2017 06:52 am --> 404 Page Not Found: Images/photos
ERROR - 02/23/2017 07:12 am --> 404 Page Not Found: Assets/js
ERROR - 02/23/2017 07:12 am --> 404 Page Not Found: Images/photos
ERROR - 02/23/2017 07:14 am --> 404 Page Not Found: Assets/js
ERROR - 02/23/2017 07:14 am --> 404 Page Not Found: Images/photos
ERROR - 02/23/2017 07:16 am --> 404 Page Not Found: Assets/js
ERROR - 02/23/2017 07:16 am --> 404 Page Not Found: Images/photos
ERROR - 02/23/2017 07:19 am --> 404 Page Not Found: Assets/js
ERROR - 02/23/2017 07:19 am --> 404 Page Not Found: Images/photos
ERROR - 02/23/2017 07:19 am --> 404 Page Not Found: Assets/js
ERROR - 02/23/2017 07:19 am --> 404 Page Not Found: Images/photos
ERROR - 02/23/2017 07:21 am --> 404 Page Not Found: Assets/js
ERROR - 02/23/2017 07:21 am --> 404 Page Not Found: Images/photos
ERROR - 02/23/2017 06:51 pm --> Severity: Warning --> Cannot modify header information - headers already sent by (output started at /home2/carolhhp/public_html/democarol.com/homeservices/application/controllers/Plan.php:135) /home2/carolhhp/public_html/democarol.com/homeservices/system/helpers/url_helper.php 564
ERROR - 02/23/2017 07:23 am --> 404 Page Not Found: Assets/js
ERROR - 02/23/2017 07:23 am --> 404 Page Not Found: Images/photos
ERROR - 02/23/2017 07:24 am --> 404 Page Not Found: Assets/js
ERROR - 02/23/2017 07:24 am --> 404 Page Not Found: Images/photos
ERROR - 02/23/2017 07:26 am --> 404 Page Not Found: Assets/js
ERROR - 02/23/2017 07:26 am --> 404 Page Not Found: Images/photos
