ERROR - 06/26/2017 01:52 am --> 404 Page Not Found: Assets/front
ERROR - 06/26/2017 01:52 am --> 404 Page Not Found: front/Service/badroom_plan
ERROR - 06/26/2017 01:52 am --> 404 Page Not Found: front/Service/badroom_plan
ERROR - 06/26/2017 01:52 am --> 404 Page Not Found: front/Service/badroom_plan
ERROR - 06/26/2017 01:52 am --> 404 Page Not Found: front/Service/badroom_plan
ERROR - 06/26/2017 01:52 am --> 404 Page Not Found: front/Service/badroom_plan
ERROR - 06/26/2017 01:52 am --> 404 Page Not Found: front/Service/badroom_plan
ERROR - 06/26/2017 01:52 am --> 404 Page Not Found: front/Service/badroom_plan
ERROR - 06/26/2017 01:52 am --> 404 Page Not Found: front/Service/badroom_plan
ERROR - 06/26/2017 01:52 am --> 404 Page Not Found: front/Service/badroom_plan
ERROR - 06/26/2017 01:52 am --> 404 Page Not Found: front/Service/badroom_plan
ERROR - 06/26/2017 03:28 am --> 404 Page Not Found: Assets/front
ERROR - 06/26/2017 03:28 am --> 404 Page Not Found: front/Service/badroom_plan
ERROR - 06/26/2017 03:28 am --> 404 Page Not Found: front/Service/badroom_plan
ERROR - 06/26/2017 03:28 am --> 404 Page Not Found: front/Service/badroom_plan
ERROR - 06/26/2017 03:28 am --> 404 Page Not Found: front/Service/badroom_plan
ERROR - 06/26/2017 03:28 am --> 404 Page Not Found: front/Service/badroom_plan
ERROR - 06/26/2017 03:28 am --> 404 Page Not Found: front/Service/badroom_plan
ERROR - 06/26/2017 03:28 am --> 404 Page Not Found: Assets/front
ERROR - 06/26/2017 03:28 am --> 404 Page Not Found: Assets/front
ERROR - 06/26/2017 03:28 am --> 404 Page Not Found: Assets/front
ERROR - 06/26/2017 03:28 am --> 404 Page Not Found: Assets/front
ERROR - 06/26/2017 03:28 am --> 404 Page Not Found: Assets/front
ERROR - 06/26/2017 03:29 am --> 404 Page Not Found: front/Service/badroom_plan
ERROR - 06/26/2017 03:29 am --> 404 Page Not Found: front/Service/badroom_plan
ERROR - 06/26/2017 03:29 am --> 404 Page Not Found: front/Service/badroom_plan
ERROR - 06/26/2017 03:29 am --> 404 Page Not Found: front/Service/badroom_plan
ERROR - 06/26/2017 03:29 am --> 404 Page Not Found: front/Service/badroom_plan
ERROR - 06/26/2017 03:29 am --> 404 Page Not Found: front/Service/badroom_plan
ERROR - 06/26/2017 02:01 pm --> Severity: Notice --> Undefined variable: child_catname /home2/carolhhp/public_html/democarol.com/homeservices/application/views/front/home.php 89
ERROR - 06/26/2017 02:01 pm --> Severity: Notice --> Trying to get property of non-object /home2/carolhhp/public_html/democarol.com/homeservices/application/views/front/home.php 89
ERROR - 06/26/2017 02:01 pm --> Severity: Notice --> Undefined variable: child_catname /home2/carolhhp/public_html/democarol.com/homeservices/application/views/front/home.php 90
ERROR - 06/26/2017 02:01 pm --> Severity: Notice --> Trying to get property of non-object /home2/carolhhp/public_html/democarol.com/homeservices/application/views/front/home.php 90
ERROR - 06/26/2017 02:01 pm --> Severity: Notice --> Undefined variable: child_catname /home2/carolhhp/public_html/democarol.com/homeservices/application/views/front/home.php 91
ERROR - 06/26/2017 02:01 pm --> Severity: Notice --> Trying to get property of non-object /home2/carolhhp/public_html/democarol.com/homeservices/application/views/front/home.php 91
ERROR - 06/26/2017 02:01 pm --> Severity: Notice --> Undefined variable: child_catname /home2/carolhhp/public_html/democarol.com/homeservices/application/views/front/home.php 92
ERROR - 06/26/2017 02:01 pm --> Severity: Notice --> Trying to get property of non-object /home2/carolhhp/public_html/democarol.com/homeservices/application/views/front/home.php 92
ERROR - 06/26/2017 02:01 pm --> Severity: Notice --> Undefined variable: child_catname /home2/carolhhp/public_html/democarol.com/homeservices/application/views/front/home.php 93
ERROR - 06/26/2017 02:01 pm --> Severity: Notice --> Trying to get property of non-object /home2/carolhhp/public_html/democarol.com/homeservices/application/views/front/home.php 93
ERROR - 06/26/2017 02:01 pm --> Severity: Notice --> Use of undefined constant php - assumed 'php' /home2/carolhhp/public_html/democarol.com/homeservices/application/views/front/home.php 100
ERROR - 06/26/2017 03:32 am --> 404 Page Not Found: Assets/front
ERROR - 06/26/2017 03:32 am --> 404 Page Not Found: front/Service/badroom_plan
ERROR - 06/26/2017 03:32 am --> 404 Page Not Found: front/Service/badroom_plan
ERROR - 06/26/2017 03:32 am --> 404 Page Not Found: front/Service/badroom_plan
ERROR - 06/26/2017 03:32 am --> 404 Page Not Found: front/Service/badroom_plan
ERROR - 06/26/2017 03:32 am --> 404 Page Not Found: front/Service/badroom_plan
ERROR - 06/26/2017 03:32 am --> 404 Page Not Found: Assets/front
ERROR - 06/26/2017 03:32 am --> 404 Page Not Found: Assets/front
ERROR - 06/26/2017 03:32 am --> 404 Page Not Found: Assets/front
ERROR - 06/26/2017 03:32 am --> 404 Page Not Found: Assets/front
ERROR - 06/26/2017 03:32 am --> 404 Page Not Found: Assets/front
ERROR - 06/26/2017 02:03 pm --> Severity: Notice --> Undefined variable: child_catname /home2/carolhhp/public_html/democarol.com/homeservices/application/views/front/home.php 89
ERROR - 06/26/2017 02:03 pm --> Severity: Notice --> Trying to get property of non-object /home2/carolhhp/public_html/democarol.com/homeservices/application/views/front/home.php 89
ERROR - 06/26/2017 02:03 pm --> Severity: Notice --> Undefined variable: child_catname /home2/carolhhp/public_html/democarol.com/homeservices/application/views/front/home.php 90
ERROR - 06/26/2017 02:03 pm --> Severity: Notice --> Trying to get property of non-object /home2/carolhhp/public_html/democarol.com/homeservices/application/views/front/home.php 90
ERROR - 06/26/2017 02:03 pm --> Severity: Notice --> Undefined variable: child_catname /home2/carolhhp/public_html/democarol.com/homeservices/application/views/front/home.php 91
ERROR - 06/26/2017 02:03 pm --> Severity: Notice --> Trying to get property of non-object /home2/carolhhp/public_html/democarol.com/homeservices/application/views/front/home.php 91
ERROR - 06/26/2017 02:03 pm --> Severity: Notice --> Undefined variable: child_catname /home2/carolhhp/public_html/democarol.com/homeservices/application/views/front/home.php 92
ERROR - 06/26/2017 02:03 pm --> Severity: Notice --> Trying to get property of non-object /home2/carolhhp/public_html/democarol.com/homeservices/application/views/front/home.php 92
ERROR - 06/26/2017 02:03 pm --> Severity: Notice --> Undefined variable: child_catname /home2/carolhhp/public_html/democarol.com/homeservices/application/views/front/home.php 93
ERROR - 06/26/2017 02:03 pm --> Severity: Notice --> Trying to get property of non-object /home2/carolhhp/public_html/democarol.com/homeservices/application/views/front/home.php 93
ERROR - 06/26/2017 02:03 pm --> Severity: Notice --> Use of undefined constant php - assumed 'php' /home2/carolhhp/public_html/democarol.com/homeservices/application/views/front/home.php 100
ERROR - 06/26/2017 03:33 am --> 404 Page Not Found: Assets/front
ERROR - 06/26/2017 03:33 am --> 404 Page Not Found: front/Service/badroom_plan
ERROR - 06/26/2017 03:33 am --> 404 Page Not Found: front/Service/badroom_plan
ERROR - 06/26/2017 03:33 am --> 404 Page Not Found: front/Service/badroom_plan
ERROR - 06/26/2017 03:33 am --> 404 Page Not Found: front/Service/badroom_plan
ERROR - 06/26/2017 03:34 am --> 404 Page Not Found: Assets/front
ERROR - 06/26/2017 03:34 am --> 404 Page Not Found: Assets/front
ERROR - 06/26/2017 03:34 am --> 404 Page Not Found: Assets/front
ERROR - 06/26/2017 03:34 am --> 404 Page Not Found: Assets/front
ERROR - 06/26/2017 03:34 am --> 404 Page Not Found: Assets/front
ERROR - 06/26/2017 03:35 am --> 404 Page Not Found: Assets/front
ERROR - 06/26/2017 03:35 am --> 404 Page Not Found: front/Service/badroom_plan
ERROR - 06/26/2017 03:35 am --> 404 Page Not Found: front/Service/badroom_plan
ERROR - 06/26/2017 03:35 am --> 404 Page Not Found: Assets/front
ERROR - 06/26/2017 03:35 am --> 404 Page Not Found: front/Service/badroom_plan
ERROR - 06/26/2017 03:35 am --> 404 Page Not Found: front/Service/badroom_plan
ERROR - 06/26/2017 03:35 am --> 404 Page Not Found: Assets/front
ERROR - 06/26/2017 03:35 am --> 404 Page Not Found: Assets/front
ERROR - 06/26/2017 03:35 am --> 404 Page Not Found: Assets/front
ERROR - 06/26/2017 03:35 am --> 404 Page Not Found: Assets/front
ERROR - 06/26/2017 03:35 am --> 404 Page Not Found: Assets/front
ERROR - 06/26/2017 03:28 pm --> Severity: Notice --> Undefined variable: child_catname /home2/carolhhp/public_html/democarol.com/homeservices/application/views/front/home.php 89
ERROR - 06/26/2017 03:28 pm --> Severity: Notice --> Trying to get property of non-object /home2/carolhhp/public_html/democarol.com/homeservices/application/views/front/home.php 89
ERROR - 06/26/2017 03:28 pm --> Severity: Notice --> Undefined variable: child_catname /home2/carolhhp/public_html/democarol.com/homeservices/application/views/front/home.php 90
ERROR - 06/26/2017 03:28 pm --> Severity: Notice --> Trying to get property of non-object /home2/carolhhp/public_html/democarol.com/homeservices/application/views/front/home.php 90
ERROR - 06/26/2017 03:28 pm --> Severity: Notice --> Undefined variable: child_catname /home2/carolhhp/public_html/democarol.com/homeservices/application/views/front/home.php 91
ERROR - 06/26/2017 03:28 pm --> Severity: Notice --> Trying to get property of non-object /home2/carolhhp/public_html/democarol.com/homeservices/application/views/front/home.php 91
ERROR - 06/26/2017 03:28 pm --> Severity: Notice --> Undefined variable: child_catname /home2/carolhhp/public_html/democarol.com/homeservices/application/views/front/home.php 92
ERROR - 06/26/2017 03:28 pm --> Severity: Notice --> Trying to get property of non-object /home2/carolhhp/public_html/democarol.com/homeservices/application/views/front/home.php 92
ERROR - 06/26/2017 03:28 pm --> Severity: Notice --> Undefined variable: child_catname /home2/carolhhp/public_html/democarol.com/homeservices/application/views/front/home.php 93
ERROR - 06/26/2017 03:28 pm --> Severity: Notice --> Trying to get property of non-object /home2/carolhhp/public_html/democarol.com/homeservices/application/views/front/home.php 93
ERROR - 06/26/2017 03:28 pm --> Severity: Notice --> Use of undefined constant php - assumed 'php' /home2/carolhhp/public_html/democarol.com/homeservices/application/views/front/home.php 100
ERROR - 06/26/2017 03:51 pm --> Severity: Notice --> Undefined variable: child_catname /home2/carolhhp/public_html/democarol.com/homeservices/application/views/front/home.php 89
ERROR - 06/26/2017 03:51 pm --> Severity: Notice --> Trying to get property of non-object /home2/carolhhp/public_html/democarol.com/homeservices/application/views/front/home.php 89
ERROR - 06/26/2017 03:51 pm --> Severity: Notice --> Undefined variable: child_catname /home2/carolhhp/public_html/democarol.com/homeservices/application/views/front/home.php 90
ERROR - 06/26/2017 03:51 pm --> Severity: Notice --> Trying to get property of non-object /home2/carolhhp/public_html/democarol.com/homeservices/application/views/front/home.php 90
ERROR - 06/26/2017 03:51 pm --> Severity: Notice --> Undefined variable: child_catname /home2/carolhhp/public_html/democarol.com/homeservices/application/views/front/home.php 91
ERROR - 06/26/2017 03:51 pm --> Severity: Notice --> Trying to get property of non-object /home2/carolhhp/public_html/democarol.com/homeservices/application/views/front/home.php 91
ERROR - 06/26/2017 03:51 pm --> Severity: Notice --> Undefined variable: child_catname /home2/carolhhp/public_html/democarol.com/homeservices/application/views/front/home.php 92
ERROR - 06/26/2017 03:51 pm --> Severity: Notice --> Trying to get property of non-object /home2/carolhhp/public_html/democarol.com/homeservices/application/views/front/home.php 92
ERROR - 06/26/2017 03:51 pm --> Severity: Notice --> Undefined variable: child_catname /home2/carolhhp/public_html/democarol.com/homeservices/application/views/front/home.php 93
ERROR - 06/26/2017 03:51 pm --> Severity: Notice --> Trying to get property of non-object /home2/carolhhp/public_html/democarol.com/homeservices/application/views/front/home.php 93
ERROR - 06/26/2017 03:51 pm --> Severity: Notice --> Use of undefined constant php - assumed 'php' /home2/carolhhp/public_html/democarol.com/homeservices/application/views/front/home.php 100
ERROR - 06/26/2017 05:23 am --> 404 Page Not Found: Assets/front
ERROR - 06/26/2017 05:23 am --> 404 Page Not Found: front/Service/badroom_plan
ERROR - 06/26/2017 05:23 am --> 404 Page Not Found: front/Service/badroom_plan
ERROR - 06/26/2017 05:23 am --> 404 Page Not Found: Assets/front
ERROR - 06/26/2017 05:23 am --> 404 Page Not Found: Assets/front
ERROR - 06/26/2017 05:23 am --> 404 Page Not Found: Assets/front
ERROR - 06/26/2017 05:23 am --> 404 Page Not Found: Assets/front
ERROR - 06/26/2017 05:23 am --> 404 Page Not Found: Assets/front
ERROR - 06/26/2017 05:25 am --> 404 Page Not Found: Assets/front
ERROR - 06/26/2017 05:25 am --> 404 Page Not Found: front/Service/badroom_plan
ERROR - 06/26/2017 05:25 am --> 404 Page Not Found: front/Service/badroom_plan
ERROR - 06/26/2017 05:25 am --> 404 Page Not Found: front/Service/badroom_plan
ERROR - 06/26/2017 05:25 am --> 404 Page Not Found: front/Service/badroom_plan
ERROR - 06/26/2017 05:25 am --> 404 Page Not Found: front/Service/badroom_plan
ERROR - 06/26/2017 05:25 am --> 404 Page Not Found: Assets/front
ERROR - 06/26/2017 05:25 am --> 404 Page Not Found: front/Service/badroom_plan
ERROR - 06/26/2017 05:25 am --> 404 Page Not Found: front/Service/badroom_plan
ERROR - 06/26/2017 05:25 am --> 404 Page Not Found: front/Service/badroom_plan
ERROR - 06/26/2017 05:25 am --> 404 Page Not Found: front/Service/badroom_plan
ERROR - 06/26/2017 05:25 am --> 404 Page Not Found: Assets/front
ERROR - 06/26/2017 05:25 am --> 404 Page Not Found: Assets/front
ERROR - 06/26/2017 05:25 am --> 404 Page Not Found: Assets/front
ERROR - 06/26/2017 05:25 am --> 404 Page Not Found: Assets/front
ERROR - 06/26/2017 05:25 am --> 404 Page Not Found: Assets/front
ERROR - 06/26/2017 03:55 pm --> Severity: Notice --> Undefined variable: child_catname /home2/carolhhp/public_html/democarol.com/homeservices/application/views/front/home.php 89
ERROR - 06/26/2017 03:55 pm --> Severity: Notice --> Trying to get property of non-object /home2/carolhhp/public_html/democarol.com/homeservices/application/views/front/home.php 89
ERROR - 06/26/2017 03:55 pm --> Severity: Notice --> Undefined variable: child_catname /home2/carolhhp/public_html/democarol.com/homeservices/application/views/front/home.php 90
ERROR - 06/26/2017 03:55 pm --> Severity: Notice --> Trying to get property of non-object /home2/carolhhp/public_html/democarol.com/homeservices/application/views/front/home.php 90
ERROR - 06/26/2017 03:55 pm --> Severity: Notice --> Undefined variable: child_catname /home2/carolhhp/public_html/democarol.com/homeservices/application/views/front/home.php 91
ERROR - 06/26/2017 03:55 pm --> Severity: Notice --> Trying to get property of non-object /home2/carolhhp/public_html/democarol.com/homeservices/application/views/front/home.php 91
ERROR - 06/26/2017 03:55 pm --> Severity: Notice --> Undefined variable: child_catname /home2/carolhhp/public_html/democarol.com/homeservices/application/views/front/home.php 92
ERROR - 06/26/2017 03:55 pm --> Severity: Notice --> Trying to get property of non-object /home2/carolhhp/public_html/democarol.com/homeservices/application/views/front/home.php 92
ERROR - 06/26/2017 03:55 pm --> Severity: Notice --> Undefined variable: child_catname /home2/carolhhp/public_html/democarol.com/homeservices/application/views/front/home.php 93
ERROR - 06/26/2017 03:55 pm --> Severity: Notice --> Trying to get property of non-object /home2/carolhhp/public_html/democarol.com/homeservices/application/views/front/home.php 93
ERROR - 06/26/2017 03:55 pm --> Severity: Notice --> Use of undefined constant php - assumed 'php' /home2/carolhhp/public_html/democarol.com/homeservices/application/views/front/home.php 100
ERROR - 06/26/2017 05:25 am --> 404 Page Not Found: Assets/front
ERROR - 06/26/2017 05:25 am --> 404 Page Not Found: front/Service/badroom_plan
ERROR - 06/26/2017 05:25 am --> 404 Page Not Found: front/Service/badroom_plan
ERROR - 06/26/2017 05:25 am --> 404 Page Not Found: front/Service/badroom_plan
ERROR - 06/26/2017 05:25 am --> 404 Page Not Found: front/Service/badroom_plan
ERROR - 06/26/2017 05:25 am --> 404 Page Not Found: Assets/front
ERROR - 06/26/2017 05:25 am --> 404 Page Not Found: Assets/front
ERROR - 06/26/2017 05:25 am --> 404 Page Not Found: Assets/front
ERROR - 06/26/2017 05:25 am --> 404 Page Not Found: Assets/front
ERROR - 06/26/2017 05:25 am --> 404 Page Not Found: Assets/front
ERROR - 06/26/2017 03:57 pm --> Severity: Notice --> Undefined variable: child_catname /home2/carolhhp/public_html/democarol.com/homeservices/application/views/front/home.php 89
ERROR - 06/26/2017 03:57 pm --> Severity: Notice --> Trying to get property of non-object /home2/carolhhp/public_html/democarol.com/homeservices/application/views/front/home.php 89
ERROR - 06/26/2017 03:57 pm --> Severity: Notice --> Undefined variable: child_catname /home2/carolhhp/public_html/democarol.com/homeservices/application/views/front/home.php 90
ERROR - 06/26/2017 03:57 pm --> Severity: Notice --> Trying to get property of non-object /home2/carolhhp/public_html/democarol.com/homeservices/application/views/front/home.php 90
ERROR - 06/26/2017 03:57 pm --> Severity: Notice --> Undefined variable: child_catname /home2/carolhhp/public_html/democarol.com/homeservices/application/views/front/home.php 91
ERROR - 06/26/2017 03:57 pm --> Severity: Notice --> Trying to get property of non-object /home2/carolhhp/public_html/democarol.com/homeservices/application/views/front/home.php 91
ERROR - 06/26/2017 03:57 pm --> Severity: Notice --> Undefined variable: child_catname /home2/carolhhp/public_html/democarol.com/homeservices/application/views/front/home.php 92
ERROR - 06/26/2017 03:57 pm --> Severity: Notice --> Trying to get property of non-object /home2/carolhhp/public_html/democarol.com/homeservices/application/views/front/home.php 92
ERROR - 06/26/2017 03:57 pm --> Severity: Notice --> Undefined variable: child_catname /home2/carolhhp/public_html/democarol.com/homeservices/application/views/front/home.php 93
ERROR - 06/26/2017 03:57 pm --> Severity: Notice --> Trying to get property of non-object /home2/carolhhp/public_html/democarol.com/homeservices/application/views/front/home.php 93
ERROR - 06/26/2017 03:57 pm --> Severity: Notice --> Use of undefined constant php - assumed 'php' /home2/carolhhp/public_html/democarol.com/homeservices/application/views/front/home.php 100
ERROR - 06/26/2017 05:27 am --> 404 Page Not Found: Assets/front
ERROR - 06/26/2017 05:27 am --> 404 Page Not Found: front/Service/badroom_plan
ERROR - 06/26/2017 05:27 am --> 404 Page Not Found: front/Service/badroom_plan
ERROR - 06/26/2017 05:27 am --> 404 Page Not Found: Assets/front
ERROR - 06/26/2017 05:27 am --> 404 Page Not Found: Assets/front
ERROR - 06/26/2017 05:27 am --> 404 Page Not Found: Assets/front
ERROR - 06/26/2017 05:27 am --> 404 Page Not Found: Assets/front
ERROR - 06/26/2017 05:27 am --> 404 Page Not Found: Assets/front
ERROR - 06/26/2017 05:27 am --> 404 Page Not Found: Assets/front
ERROR - 06/26/2017 05:27 am --> 404 Page Not Found: front/Service/badroom_plan
ERROR - 06/26/2017 05:27 am --> 404 Page Not Found: front/Service/badroom_plan
ERROR - 06/26/2017 05:27 am --> 404 Page Not Found: Assets/front
ERROR - 06/26/2017 05:27 am --> 404 Page Not Found: Assets/front
ERROR - 06/26/2017 05:27 am --> 404 Page Not Found: Assets/front
ERROR - 06/26/2017 05:27 am --> 404 Page Not Found: Assets/front
ERROR - 06/26/2017 05:27 am --> 404 Page Not Found: Assets/front
ERROR - 06/26/2017 04:00 pm --> Severity: Notice --> Trying to get property of non-object /home2/carolhhp/public_html/democarol.com/homeservices/application/views/front/services/booking_form.php 649
ERROR - 06/26/2017 04:00 pm --> Severity: Notice --> Trying to get property of non-object /home2/carolhhp/public_html/democarol.com/homeservices/application/views/front/services/booking_form.php 650
ERROR - 06/26/2017 04:00 pm --> Severity: Notice --> Trying to get property of non-object /home2/carolhhp/public_html/democarol.com/homeservices/application/views/front/services/booking_form.php 650
ERROR - 06/26/2017 04:00 pm --> Severity: Notice --> Trying to get property of non-object /home2/carolhhp/public_html/democarol.com/homeservices/application/views/front/services/booking_form.php 652
ERROR - 06/26/2017 04:00 pm --> Severity: Notice --> Trying to get property of non-object /home2/carolhhp/public_html/democarol.com/homeservices/application/views/front/services/booking_form.php 653
ERROR - 06/26/2017 04:00 pm --> Severity: Notice --> Trying to get property of non-object /home2/carolhhp/public_html/democarol.com/homeservices/application/views/front/services/booking_form.php 653
ERROR - 06/26/2017 04:00 pm --> Severity: Notice --> Trying to get property of non-object /home2/carolhhp/public_html/democarol.com/homeservices/application/views/front/services/booking_form.php 655
ERROR - 06/26/2017 04:00 pm --> Severity: Notice --> Trying to get property of non-object /home2/carolhhp/public_html/democarol.com/homeservices/application/views/front/services/booking_form.php 656
ERROR - 06/26/2017 04:00 pm --> Severity: Notice --> Trying to get property of non-object /home2/carolhhp/public_html/democarol.com/homeservices/application/views/front/services/booking_form.php 656
ERROR - 06/26/2017 05:30 am --> 404 Page Not Found: Assets/front
ERROR - 06/26/2017 05:30 am --> 404 Page Not Found: front/Service/badroom_plan
ERROR - 06/26/2017 05:30 am --> 404 Page Not Found: front/Service/badroom_plan
ERROR - 06/26/2017 05:30 am --> 404 Page Not Found: front/Service/badroom_plan
ERROR - 06/26/2017 05:30 am --> 404 Page Not Found: front/Service/badroom_plan
ERROR - 06/26/2017 05:30 am --> 404 Page Not Found: Assets/front
ERROR - 06/26/2017 05:30 am --> 404 Page Not Found: Assets/front
ERROR - 06/26/2017 05:30 am --> 404 Page Not Found: Assets/front
ERROR - 06/26/2017 05:30 am --> 404 Page Not Found: Assets/front
ERROR - 06/26/2017 05:30 am --> 404 Page Not Found: Assets/front
ERROR - 06/26/2017 05:30 am --> 404 Page Not Found: front/Service/badroom_plan
ERROR - 06/26/2017 05:30 am --> 404 Page Not Found: front/Service/badroom_plan
ERROR - 06/26/2017 05:31 am --> 404 Page Not Found: Assets/front
ERROR - 06/26/2017 04:02 pm --> Severity: Notice --> Undefined variable: child_catname /home2/carolhhp/public_html/democarol.com/homeservices/application/views/front/home.php 89
ERROR - 06/26/2017 04:02 pm --> Severity: Notice --> Trying to get property of non-object /home2/carolhhp/public_html/democarol.com/homeservices/application/views/front/home.php 89
ERROR - 06/26/2017 04:02 pm --> Severity: Notice --> Undefined variable: child_catname /home2/carolhhp/public_html/democarol.com/homeservices/application/views/front/home.php 90
ERROR - 06/26/2017 04:02 pm --> Severity: Notice --> Trying to get property of non-object /home2/carolhhp/public_html/democarol.com/homeservices/application/views/front/home.php 90
ERROR - 06/26/2017 04:02 pm --> Severity: Notice --> Undefined variable: child_catname /home2/carolhhp/public_html/democarol.com/homeservices/application/views/front/home.php 91
ERROR - 06/26/2017 04:02 pm --> Severity: Notice --> Trying to get property of non-object /home2/carolhhp/public_html/democarol.com/homeservices/application/views/front/home.php 91
ERROR - 06/26/2017 04:02 pm --> Severity: Notice --> Undefined variable: child_catname /home2/carolhhp/public_html/democarol.com/homeservices/application/views/front/home.php 92
ERROR - 06/26/2017 04:02 pm --> Severity: Notice --> Trying to get property of non-object /home2/carolhhp/public_html/democarol.com/homeservices/application/views/front/home.php 92
ERROR - 06/26/2017 04:02 pm --> Severity: Notice --> Undefined variable: child_catname /home2/carolhhp/public_html/democarol.com/homeservices/application/views/front/home.php 93
ERROR - 06/26/2017 04:02 pm --> Severity: Notice --> Trying to get property of non-object /home2/carolhhp/public_html/democarol.com/homeservices/application/views/front/home.php 93
ERROR - 06/26/2017 04:02 pm --> Severity: Notice --> Use of undefined constant php - assumed 'php' /home2/carolhhp/public_html/democarol.com/homeservices/application/views/front/home.php 100
ERROR - 06/26/2017 05:32 am --> 404 Page Not Found: Assets/front
ERROR - 06/26/2017 05:33 am --> 404 Page Not Found: front/Service/badroom_plan
ERROR - 06/26/2017 05:33 am --> 404 Page Not Found: front/Service/badroom_plan
ERROR - 06/26/2017 05:33 am --> 404 Page Not Found: front/Service/badroom_plan
ERROR - 06/26/2017 05:33 am --> 404 Page Not Found: front/Service/badroom_plan
ERROR - 06/26/2017 05:33 am --> 404 Page Not Found: Assets/front
ERROR - 06/26/2017 05:33 am --> 404 Page Not Found: Assets/front
ERROR - 06/26/2017 05:33 am --> 404 Page Not Found: Assets/front
ERROR - 06/26/2017 05:33 am --> 404 Page Not Found: Assets/front
ERROR - 06/26/2017 05:33 am --> 404 Page Not Found: Assets/front
ERROR - 06/26/2017 05:36 am --> 404 Page Not Found: Assets/front
ERROR - 06/26/2017 05:42 am --> 404 Page Not Found: Assets/front
ERROR - 06/26/2017 05:47 am --> 404 Page Not Found: Assets/front
ERROR - 06/26/2017 05:49 am --> 404 Page Not Found: Assets/front
ERROR - 06/26/2017 05:56 am --> 404 Page Not Found: Assets/front
ERROR - 06/26/2017 05:58 am --> 404 Page Not Found: Assets/front
ERROR - 06/26/2017 05:59 am --> 404 Page Not Found: Assets/front
ERROR - 06/26/2017 06:01 am --> 404 Page Not Found: Assets/front
ERROR - 06/26/2017 06:02 am --> 404 Page Not Found: Assets/front
ERROR - 06/26/2017 04:34 pm --> Severity: Notice --> Undefined variable: child_catname /home2/carolhhp/public_html/democarol.com/homeservices/application/views/front/home.php 89
ERROR - 06/26/2017 04:34 pm --> Severity: Notice --> Trying to get property of non-object /home2/carolhhp/public_html/democarol.com/homeservices/application/views/front/home.php 89
ERROR - 06/26/2017 04:34 pm --> Severity: Notice --> Undefined variable: child_catname /home2/carolhhp/public_html/democarol.com/homeservices/application/views/front/home.php 90
ERROR - 06/26/2017 04:34 pm --> Severity: Notice --> Trying to get property of non-object /home2/carolhhp/public_html/democarol.com/homeservices/application/views/front/home.php 90
ERROR - 06/26/2017 04:34 pm --> Severity: Notice --> Undefined variable: child_catname /home2/carolhhp/public_html/democarol.com/homeservices/application/views/front/home.php 91
ERROR - 06/26/2017 04:34 pm --> Severity: Notice --> Trying to get property of non-object /home2/carolhhp/public_html/democarol.com/homeservices/application/views/front/home.php 91
ERROR - 06/26/2017 04:34 pm --> Severity: Notice --> Undefined variable: child_catname /home2/carolhhp/public_html/democarol.com/homeservices/application/views/front/home.php 92
ERROR - 06/26/2017 04:34 pm --> Severity: Notice --> Trying to get property of non-object /home2/carolhhp/public_html/democarol.com/homeservices/application/views/front/home.php 92
ERROR - 06/26/2017 04:34 pm --> Severity: Notice --> Undefined variable: child_catname /home2/carolhhp/public_html/democarol.com/homeservices/application/views/front/home.php 93
ERROR - 06/26/2017 04:34 pm --> Severity: Notice --> Trying to get property of non-object /home2/carolhhp/public_html/democarol.com/homeservices/application/views/front/home.php 93
ERROR - 06/26/2017 04:34 pm --> Severity: Notice --> Use of undefined constant php - assumed 'php' /home2/carolhhp/public_html/democarol.com/homeservices/application/views/front/home.php 100
ERROR - 06/26/2017 06:04 am --> 404 Page Not Found: Assets/front
ERROR - 06/26/2017 06:04 am --> 404 Page Not Found: front/Service/badroom_plan
ERROR - 06/26/2017 06:04 am --> 404 Page Not Found: front/Service/badroom_plan
ERROR - 06/26/2017 06:04 am --> 404 Page Not Found: Assets/front
ERROR - 06/26/2017 06:04 am --> 404 Page Not Found: Assets/front
ERROR - 06/26/2017 06:04 am --> 404 Page Not Found: Assets/front
ERROR - 06/26/2017 06:04 am --> 404 Page Not Found: Assets/front
ERROR - 06/26/2017 06:04 am --> 404 Page Not Found: Assets/front
ERROR - 06/26/2017 06:04 am --> 404 Page Not Found: Assets/front
ERROR - 06/26/2017 06:04 am --> 404 Page Not Found: front/Service/badroom_plan
ERROR - 06/26/2017 06:04 am --> 404 Page Not Found: front/Service/badroom_plan
ERROR - 06/26/2017 06:04 am --> 404 Page Not Found: Assets/front
ERROR - 06/26/2017 06:04 am --> 404 Page Not Found: Assets/front
ERROR - 06/26/2017 06:04 am --> 404 Page Not Found: Assets/front
ERROR - 06/26/2017 06:04 am --> 404 Page Not Found: Assets/front
ERROR - 06/26/2017 06:04 am --> 404 Page Not Found: Assets/front
ERROR - 06/26/2017 06:04 am --> 404 Page Not Found: Assets/front
ERROR - 06/26/2017 06:04 am --> 404 Page Not Found: front/Service/badroom_plan
ERROR - 06/26/2017 06:04 am --> 404 Page Not Found: front/Service/badroom_plan
ERROR - 06/26/2017 06:04 am --> 404 Page Not Found: Assets/front
ERROR - 06/26/2017 06:04 am --> 404 Page Not Found: Assets/front
ERROR - 06/26/2017 06:04 am --> 404 Page Not Found: Assets/front
ERROR - 06/26/2017 06:04 am --> 404 Page Not Found: Assets/front
ERROR - 06/26/2017 06:05 am --> 404 Page Not Found: Assets/front
ERROR - 06/26/2017 04:54 pm --> Severity: Notice --> Undefined variable: child_catname /home2/carolhhp/public_html/democarol.com/homeservices/application/views/front/home.php 89
ERROR - 06/26/2017 04:54 pm --> Severity: Notice --> Trying to get property of non-object /home2/carolhhp/public_html/democarol.com/homeservices/application/views/front/home.php 89
ERROR - 06/26/2017 04:54 pm --> Severity: Notice --> Undefined variable: child_catname /home2/carolhhp/public_html/democarol.com/homeservices/application/views/front/home.php 90
ERROR - 06/26/2017 04:54 pm --> Severity: Notice --> Trying to get property of non-object /home2/carolhhp/public_html/democarol.com/homeservices/application/views/front/home.php 90
ERROR - 06/26/2017 04:54 pm --> Severity: Notice --> Undefined variable: child_catname /home2/carolhhp/public_html/democarol.com/homeservices/application/views/front/home.php 91
ERROR - 06/26/2017 04:54 pm --> Severity: Notice --> Trying to get property of non-object /home2/carolhhp/public_html/democarol.com/homeservices/application/views/front/home.php 91
ERROR - 06/26/2017 04:54 pm --> Severity: Notice --> Undefined variable: child_catname /home2/carolhhp/public_html/democarol.com/homeservices/application/views/front/home.php 92
ERROR - 06/26/2017 04:54 pm --> Severity: Notice --> Trying to get property of non-object /home2/carolhhp/public_html/democarol.com/homeservices/application/views/front/home.php 92
ERROR - 06/26/2017 04:54 pm --> Severity: Notice --> Undefined variable: child_catname /home2/carolhhp/public_html/democarol.com/homeservices/application/views/front/home.php 93
ERROR - 06/26/2017 04:54 pm --> Severity: Notice --> Trying to get property of non-object /home2/carolhhp/public_html/democarol.com/homeservices/application/views/front/home.php 93
ERROR - 06/26/2017 04:54 pm --> Severity: Notice --> Use of undefined constant php - assumed 'php' /home2/carolhhp/public_html/democarol.com/homeservices/application/views/front/home.php 100
ERROR - 06/26/2017 06:09 pm --> Severity: Notice --> Undefined variable: child_catname /home2/carolhhp/public_html/democarol.com/homeservices/application/views/front/home.php 89
ERROR - 06/26/2017 06:09 pm --> Severity: Notice --> Trying to get property of non-object /home2/carolhhp/public_html/democarol.com/homeservices/application/views/front/home.php 89
ERROR - 06/26/2017 06:09 pm --> Severity: Notice --> Undefined variable: child_catname /home2/carolhhp/public_html/democarol.com/homeservices/application/views/front/home.php 90
ERROR - 06/26/2017 06:09 pm --> Severity: Notice --> Trying to get property of non-object /home2/carolhhp/public_html/democarol.com/homeservices/application/views/front/home.php 90
ERROR - 06/26/2017 06:09 pm --> Severity: Notice --> Undefined variable: child_catname /home2/carolhhp/public_html/democarol.com/homeservices/application/views/front/home.php 91
ERROR - 06/26/2017 06:09 pm --> Severity: Notice --> Trying to get property of non-object /home2/carolhhp/public_html/democarol.com/homeservices/application/views/front/home.php 91
ERROR - 06/26/2017 06:09 pm --> Severity: Notice --> Undefined variable: child_catname /home2/carolhhp/public_html/democarol.com/homeservices/application/views/front/home.php 92
ERROR - 06/26/2017 06:09 pm --> Severity: Notice --> Trying to get property of non-object /home2/carolhhp/public_html/democarol.com/homeservices/application/views/front/home.php 92
ERROR - 06/26/2017 06:09 pm --> Severity: Notice --> Undefined variable: child_catname /home2/carolhhp/public_html/democarol.com/homeservices/application/views/front/home.php 93
ERROR - 06/26/2017 06:09 pm --> Severity: Notice --> Trying to get property of non-object /home2/carolhhp/public_html/democarol.com/homeservices/application/views/front/home.php 93
ERROR - 06/26/2017 06:09 pm --> Severity: Notice --> Use of undefined constant php - assumed 'php' /home2/carolhhp/public_html/democarol.com/homeservices/application/views/front/home.php 100
ERROR - 06/26/2017 06:10 pm --> Severity: Notice --> Undefined variable: child_catname /home2/carolhhp/public_html/democarol.com/homeservices/application/views/front/home.php 89
ERROR - 06/26/2017 06:10 pm --> Severity: Notice --> Trying to get property of non-object /home2/carolhhp/public_html/democarol.com/homeservices/application/views/front/home.php 89
ERROR - 06/26/2017 06:10 pm --> Severity: Notice --> Undefined variable: child_catname /home2/carolhhp/public_html/democarol.com/homeservices/application/views/front/home.php 90
ERROR - 06/26/2017 06:10 pm --> Severity: Notice --> Trying to get property of non-object /home2/carolhhp/public_html/democarol.com/homeservices/application/views/front/home.php 90
ERROR - 06/26/2017 06:10 pm --> Severity: Notice --> Undefined variable: child_catname /home2/carolhhp/public_html/democarol.com/homeservices/application/views/front/home.php 91
ERROR - 06/26/2017 06:10 pm --> Severity: Notice --> Trying to get property of non-object /home2/carolhhp/public_html/democarol.com/homeservices/application/views/front/home.php 91
ERROR - 06/26/2017 06:10 pm --> Severity: Notice --> Undefined variable: child_catname /home2/carolhhp/public_html/democarol.com/homeservices/application/views/front/home.php 92
ERROR - 06/26/2017 06:10 pm --> Severity: Notice --> Trying to get property of non-object /home2/carolhhp/public_html/democarol.com/homeservices/application/views/front/home.php 92
ERROR - 06/26/2017 06:10 pm --> Severity: Notice --> Undefined variable: child_catname /home2/carolhhp/public_html/democarol.com/homeservices/application/views/front/home.php 93
ERROR - 06/26/2017 06:10 pm --> Severity: Notice --> Trying to get property of non-object /home2/carolhhp/public_html/democarol.com/homeservices/application/views/front/home.php 93
ERROR - 06/26/2017 06:10 pm --> Severity: Notice --> Use of undefined constant php - assumed 'php' /home2/carolhhp/public_html/democarol.com/homeservices/application/views/front/home.php 100
ERROR - 06/26/2017 06:11 pm --> Severity: Notice --> Undefined variable: child_catname /home2/carolhhp/public_html/democarol.com/homeservices/application/views/front/home.php 89
ERROR - 06/26/2017 06:11 pm --> Severity: Notice --> Trying to get property of non-object /home2/carolhhp/public_html/democarol.com/homeservices/application/views/front/home.php 89
ERROR - 06/26/2017 06:11 pm --> Severity: Notice --> Undefined variable: child_catname /home2/carolhhp/public_html/democarol.com/homeservices/application/views/front/home.php 90
ERROR - 06/26/2017 06:11 pm --> Severity: Notice --> Trying to get property of non-object /home2/carolhhp/public_html/democarol.com/homeservices/application/views/front/home.php 90
ERROR - 06/26/2017 06:11 pm --> Severity: Notice --> Undefined variable: child_catname /home2/carolhhp/public_html/democarol.com/homeservices/application/views/front/home.php 91
ERROR - 06/26/2017 06:11 pm --> Severity: Notice --> Trying to get property of non-object /home2/carolhhp/public_html/democarol.com/homeservices/application/views/front/home.php 91
ERROR - 06/26/2017 06:11 pm --> Severity: Notice --> Undefined variable: child_catname /home2/carolhhp/public_html/democarol.com/homeservices/application/views/front/home.php 92
ERROR - 06/26/2017 06:11 pm --> Severity: Notice --> Trying to get property of non-object /home2/carolhhp/public_html/democarol.com/homeservices/application/views/front/home.php 92
ERROR - 06/26/2017 06:11 pm --> Severity: Notice --> Undefined variable: child_catname /home2/carolhhp/public_html/democarol.com/homeservices/application/views/front/home.php 93
ERROR - 06/26/2017 06:11 pm --> Severity: Notice --> Trying to get property of non-object /home2/carolhhp/public_html/democarol.com/homeservices/application/views/front/home.php 93
ERROR - 06/26/2017 06:11 pm --> Severity: Notice --> Use of undefined constant php - assumed 'php' /home2/carolhhp/public_html/democarol.com/homeservices/application/views/front/home.php 100
ERROR - 06/26/2017 06:17 pm --> Severity: Notice --> Undefined variable: child_catname /home2/carolhhp/public_html/democarol.com/homeservices/application/views/front/home.php 89
ERROR - 06/26/2017 06:17 pm --> Severity: Notice --> Trying to get property of non-object /home2/carolhhp/public_html/democarol.com/homeservices/application/views/front/home.php 89
ERROR - 06/26/2017 06:17 pm --> Severity: Notice --> Undefined variable: child_catname /home2/carolhhp/public_html/democarol.com/homeservices/application/views/front/home.php 90
ERROR - 06/26/2017 06:17 pm --> Severity: Notice --> Trying to get property of non-object /home2/carolhhp/public_html/democarol.com/homeservices/application/views/front/home.php 90
ERROR - 06/26/2017 06:17 pm --> Severity: Notice --> Undefined variable: child_catname /home2/carolhhp/public_html/democarol.com/homeservices/application/views/front/home.php 91
ERROR - 06/26/2017 06:17 pm --> Severity: Notice --> Trying to get property of non-object /home2/carolhhp/public_html/democarol.com/homeservices/application/views/front/home.php 91
ERROR - 06/26/2017 06:17 pm --> Severity: Notice --> Undefined variable: child_catname /home2/carolhhp/public_html/democarol.com/homeservices/application/views/front/home.php 92
ERROR - 06/26/2017 06:17 pm --> Severity: Notice --> Trying to get property of non-object /home2/carolhhp/public_html/democarol.com/homeservices/application/views/front/home.php 92
ERROR - 06/26/2017 06:17 pm --> Severity: Notice --> Undefined variable: child_catname /home2/carolhhp/public_html/democarol.com/homeservices/application/views/front/home.php 93
ERROR - 06/26/2017 06:17 pm --> Severity: Notice --> Trying to get property of non-object /home2/carolhhp/public_html/democarol.com/homeservices/application/views/front/home.php 93
ERROR - 06/26/2017 06:17 pm --> Severity: Notice --> Use of undefined constant php - assumed 'php' /home2/carolhhp/public_html/democarol.com/homeservices/application/views/front/home.php 100
ERROR - 06/26/2017 06:20 pm --> Severity: Notice --> Undefined variable: child_catname /home2/carolhhp/public_html/democarol.com/homeservices/application/views/front/home.php 89
ERROR - 06/26/2017 06:20 pm --> Severity: Notice --> Trying to get property of non-object /home2/carolhhp/public_html/democarol.com/homeservices/application/views/front/home.php 89
ERROR - 06/26/2017 06:20 pm --> Severity: Notice --> Undefined variable: child_catname /home2/carolhhp/public_html/democarol.com/homeservices/application/views/front/home.php 90
ERROR - 06/26/2017 06:20 pm --> Severity: Notice --> Trying to get property of non-object /home2/carolhhp/public_html/democarol.com/homeservices/application/views/front/home.php 90
ERROR - 06/26/2017 06:20 pm --> Severity: Notice --> Undefined variable: child_catname /home2/carolhhp/public_html/democarol.com/homeservices/application/views/front/home.php 91
ERROR - 06/26/2017 06:20 pm --> Severity: Notice --> Trying to get property of non-object /home2/carolhhp/public_html/democarol.com/homeservices/application/views/front/home.php 91
ERROR - 06/26/2017 06:20 pm --> Severity: Notice --> Undefined variable: child_catname /home2/carolhhp/public_html/democarol.com/homeservices/application/views/front/home.php 92
ERROR - 06/26/2017 06:20 pm --> Severity: Notice --> Trying to get property of non-object /home2/carolhhp/public_html/democarol.com/homeservices/application/views/front/home.php 92
ERROR - 06/26/2017 06:20 pm --> Severity: Notice --> Undefined variable: child_catname /home2/carolhhp/public_html/democarol.com/homeservices/application/views/front/home.php 93
ERROR - 06/26/2017 06:20 pm --> Severity: Notice --> Trying to get property of non-object /home2/carolhhp/public_html/democarol.com/homeservices/application/views/front/home.php 93
ERROR - 06/26/2017 06:20 pm --> Severity: Notice --> Use of undefined constant php - assumed 'php' /home2/carolhhp/public_html/democarol.com/homeservices/application/views/front/home.php 100
ERROR - 06/26/2017 06:34 pm --> Severity: Notice --> Undefined variable: child_catname /home2/carolhhp/public_html/democarol.com/homeservices/application/views/front/home.php 89
ERROR - 06/26/2017 06:34 pm --> Severity: Notice --> Trying to get property of non-object /home2/carolhhp/public_html/democarol.com/homeservices/application/views/front/home.php 89
ERROR - 06/26/2017 06:34 pm --> Severity: Notice --> Undefined variable: child_catname /home2/carolhhp/public_html/democarol.com/homeservices/application/views/front/home.php 90
ERROR - 06/26/2017 06:34 pm --> Severity: Notice --> Trying to get property of non-object /home2/carolhhp/public_html/democarol.com/homeservices/application/views/front/home.php 90
ERROR - 06/26/2017 06:34 pm --> Severity: Notice --> Undefined variable: child_catname /home2/carolhhp/public_html/democarol.com/homeservices/application/views/front/home.php 91
ERROR - 06/26/2017 06:34 pm --> Severity: Notice --> Trying to get property of non-object /home2/carolhhp/public_html/democarol.com/homeservices/application/views/front/home.php 91
ERROR - 06/26/2017 06:34 pm --> Severity: Notice --> Undefined variable: child_catname /home2/carolhhp/public_html/democarol.com/homeservices/application/views/front/home.php 92
ERROR - 06/26/2017 06:34 pm --> Severity: Notice --> Trying to get property of non-object /home2/carolhhp/public_html/democarol.com/homeservices/application/views/front/home.php 92
ERROR - 06/26/2017 06:34 pm --> Severity: Notice --> Undefined variable: child_catname /home2/carolhhp/public_html/democarol.com/homeservices/application/views/front/home.php 93
ERROR - 06/26/2017 06:34 pm --> Severity: Notice --> Trying to get property of non-object /home2/carolhhp/public_html/democarol.com/homeservices/application/views/front/home.php 93
ERROR - 06/26/2017 06:34 pm --> Severity: Notice --> Use of undefined constant php - assumed 'php' /home2/carolhhp/public_html/democarol.com/homeservices/application/views/front/home.php 100
ERROR - 06/26/2017 08:05 am --> 404 Page Not Found: Assets/front
ERROR - 06/26/2017 08:05 am --> 404 Page Not Found: front/Service/badroom_plan
ERROR - 06/26/2017 08:05 am --> 404 Page Not Found: front/Service/badroom_plan
ERROR - 06/26/2017 08:05 am --> 404 Page Not Found: front/Service/badroom_plan
ERROR - 06/26/2017 08:05 am --> 404 Page Not Found: front/Service/badroom_plan
ERROR - 06/26/2017 08:05 am --> 404 Page Not Found: Assets/front
ERROR - 06/26/2017 08:05 am --> 404 Page Not Found: Assets/front
ERROR - 06/26/2017 08:05 am --> 404 Page Not Found: Assets/front
ERROR - 06/26/2017 08:05 am --> 404 Page Not Found: Assets/front
ERROR - 06/26/2017 08:05 am --> 404 Page Not Found: Assets/front
ERROR - 06/26/2017 08:06 am --> 404 Page Not Found: Assets/js
ERROR - 06/26/2017 08:06 am --> 404 Page Not Found: Assets/js
ERROR - 06/26/2017 08:06 am --> 404 Page Not Found: Images/photos
ERROR - 06/26/2017 07:02 pm --> Severity: Notice --> Undefined variable: child_catname /home2/carolhhp/public_html/democarol.com/homeservices/application/views/front/home.php 89
ERROR - 06/26/2017 07:02 pm --> Severity: Notice --> Trying to get property of non-object /home2/carolhhp/public_html/democarol.com/homeservices/application/views/front/home.php 89
ERROR - 06/26/2017 07:02 pm --> Severity: Notice --> Undefined variable: child_catname /home2/carolhhp/public_html/democarol.com/homeservices/application/views/front/home.php 90
ERROR - 06/26/2017 07:02 pm --> Severity: Notice --> Trying to get property of non-object /home2/carolhhp/public_html/democarol.com/homeservices/application/views/front/home.php 90
ERROR - 06/26/2017 07:02 pm --> Severity: Notice --> Undefined variable: child_catname /home2/carolhhp/public_html/democarol.com/homeservices/application/views/front/home.php 91
ERROR - 06/26/2017 07:02 pm --> Severity: Notice --> Trying to get property of non-object /home2/carolhhp/public_html/democarol.com/homeservices/application/views/front/home.php 91
ERROR - 06/26/2017 07:02 pm --> Severity: Notice --> Undefined variable: child_catname /home2/carolhhp/public_html/democarol.com/homeservices/application/views/front/home.php 92
ERROR - 06/26/2017 07:02 pm --> Severity: Notice --> Trying to get property of non-object /home2/carolhhp/public_html/democarol.com/homeservices/application/views/front/home.php 92
ERROR - 06/26/2017 07:02 pm --> Severity: Notice --> Undefined variable: child_catname /home2/carolhhp/public_html/democarol.com/homeservices/application/views/front/home.php 93
ERROR - 06/26/2017 07:02 pm --> Severity: Notice --> Trying to get property of non-object /home2/carolhhp/public_html/democarol.com/homeservices/application/views/front/home.php 93
ERROR - 06/26/2017 07:02 pm --> Severity: Notice --> Use of undefined constant php - assumed 'php' /home2/carolhhp/public_html/democarol.com/homeservices/application/views/front/home.php 100
ERROR - 06/26/2017 08:35 am --> 404 Page Not Found: Assets/js
ERROR - 06/26/2017 08:35 am --> 404 Page Not Found: Assets/js
ERROR - 06/26/2017 08:35 am --> 404 Page Not Found: Images/photos
ERROR - 06/26/2017 08:35 am --> 404 Page Not Found: Assets/js
ERROR - 06/26/2017 08:35 am --> 404 Page Not Found: Images/photos
ERROR - 06/26/2017 08:35 am --> 404 Page Not Found: Images/admin
ERROR - 06/26/2017 07:18 pm --> Severity: Notice --> Undefined variable: child_catname /home2/carolhhp/public_html/democarol.com/homeservices/application/views/front/home.php 89
ERROR - 06/26/2017 07:18 pm --> Severity: Notice --> Trying to get property of non-object /home2/carolhhp/public_html/democarol.com/homeservices/application/views/front/home.php 89
ERROR - 06/26/2017 07:18 pm --> Severity: Notice --> Undefined variable: child_catname /home2/carolhhp/public_html/democarol.com/homeservices/application/views/front/home.php 90
ERROR - 06/26/2017 07:18 pm --> Severity: Notice --> Trying to get property of non-object /home2/carolhhp/public_html/democarol.com/homeservices/application/views/front/home.php 90
ERROR - 06/26/2017 07:18 pm --> Severity: Notice --> Undefined variable: child_catname /home2/carolhhp/public_html/democarol.com/homeservices/application/views/front/home.php 91
ERROR - 06/26/2017 07:18 pm --> Severity: Notice --> Trying to get property of non-object /home2/carolhhp/public_html/democarol.com/homeservices/application/views/front/home.php 91
ERROR - 06/26/2017 07:18 pm --> Severity: Notice --> Undefined variable: child_catname /home2/carolhhp/public_html/democarol.com/homeservices/application/views/front/home.php 92
ERROR - 06/26/2017 07:18 pm --> Severity: Notice --> Trying to get property of non-object /home2/carolhhp/public_html/democarol.com/homeservices/application/views/front/home.php 92
ERROR - 06/26/2017 07:18 pm --> Severity: Notice --> Undefined variable: child_catname /home2/carolhhp/public_html/democarol.com/homeservices/application/views/front/home.php 93
ERROR - 06/26/2017 07:18 pm --> Severity: Notice --> Trying to get property of non-object /home2/carolhhp/public_html/democarol.com/homeservices/application/views/front/home.php 93
ERROR - 06/26/2017 07:18 pm --> Severity: Notice --> Use of undefined constant php - assumed 'php' /home2/carolhhp/public_html/democarol.com/homeservices/application/views/front/home.php 100
ERROR - 06/26/2017 07:18 pm --> Severity: Notice --> Undefined variable: child_catname /home2/carolhhp/public_html/democarol.com/homeservices/application/views/front/home.php 89
ERROR - 06/26/2017 07:18 pm --> Severity: Notice --> Trying to get property of non-object /home2/carolhhp/public_html/democarol.com/homeservices/application/views/front/home.php 89
ERROR - 06/26/2017 07:18 pm --> Severity: Notice --> Undefined variable: child_catname /home2/carolhhp/public_html/democarol.com/homeservices/application/views/front/home.php 90
ERROR - 06/26/2017 07:18 pm --> Severity: Notice --> Trying to get property of non-object /home2/carolhhp/public_html/democarol.com/homeservices/application/views/front/home.php 90
ERROR - 06/26/2017 07:18 pm --> Severity: Notice --> Undefined variable: child_catname /home2/carolhhp/public_html/democarol.com/homeservices/application/views/front/home.php 91
ERROR - 06/26/2017 07:18 pm --> Severity: Notice --> Trying to get property of non-object /home2/carolhhp/public_html/democarol.com/homeservices/application/views/front/home.php 91
ERROR - 06/26/2017 07:18 pm --> Severity: Notice --> Undefined variable: child_catname /home2/carolhhp/public_html/democarol.com/homeservices/application/views/front/home.php 92
ERROR - 06/26/2017 07:18 pm --> Severity: Notice --> Trying to get property of non-object /home2/carolhhp/public_html/democarol.com/homeservices/application/views/front/home.php 92
ERROR - 06/26/2017 07:18 pm --> Severity: Notice --> Undefined variable: child_catname /home2/carolhhp/public_html/democarol.com/homeservices/application/views/front/home.php 93
ERROR - 06/26/2017 07:18 pm --> Severity: Notice --> Trying to get property of non-object /home2/carolhhp/public_html/democarol.com/homeservices/application/views/front/home.php 93
ERROR - 06/26/2017 07:18 pm --> Severity: Notice --> Use of undefined constant php - assumed 'php' /home2/carolhhp/public_html/democarol.com/homeservices/application/views/front/home.php 100
