ERROR - 11/29/2017 12:10 am --> 404 Page Not Found: front/Service/badroom_plan
ERROR - 11/29/2017 12:10 am --> 404 Page Not Found: front/Service/badroom_plan
ERROR - 11/29/2017 12:10 am --> 404 Page Not Found: front/Service/badroom_plan
ERROR - 11/29/2017 12:10 am --> 404 Page Not Found: front/Service/badroom_plan
ERROR - 11/29/2017 12:10 am --> 404 Page Not Found: front/Service/badroom_plan
ERROR - 11/29/2017 12:10 am --> 404 Page Not Found: front/Service/badroom_plan
ERROR - 11/29/2017 12:10 am --> 404 Page Not Found: front/Service/badroom_plan
ERROR - 11/29/2017 12:22 am --> 404 Page Not Found: front/Service/badroom_plan
ERROR - 11/29/2017 12:22 am --> 404 Page Not Found: front/Service/badroom_plan
ERROR - 11/29/2017 12:22 am --> 404 Page Not Found: Assets/front
ERROR - 11/29/2017 12:22 am --> 404 Page Not Found: Assets/front
ERROR - 11/29/2017 12:22 am --> 404 Page Not Found: Assets/front
ERROR - 11/29/2017 12:22 am --> 404 Page Not Found: Assets/front
ERROR - 11/29/2017 12:22 am --> 404 Page Not Found: front/Service/badroom_plan
ERROR - 11/29/2017 12:22 am --> 404 Page Not Found: front/Service/badroom_plan
ERROR - 11/29/2017 12:23 am --> 404 Page Not Found: Assets/front
ERROR - 11/29/2017 12:27 am --> 404 Page Not Found: Assets/js
ERROR - 11/29/2017 12:27 am --> 404 Page Not Found: Images/photos
ERROR - 11/29/2017 12:28 am --> 404 Page Not Found: Assets/js
ERROR - 11/29/2017 12:28 am --> 404 Page Not Found: Images/photos
ERROR - 11/29/2017 12:28 am --> 404 Page Not Found: Js/advanced-datatable
ERROR - 11/29/2017 12:28 am --> 404 Page Not Found: Js/advanced-datatable
ERROR - 11/29/2017 12:28 am --> 404 Page Not Found: Js/dynamic_table_init.js
ERROR - 11/29/2017 12:28 am --> 404 Page Not Found: Js/jquery.dataTables.min.js
ERROR - 11/29/2017 12:28 am --> 404 Page Not Found: Js/advanced-datatable
ERROR - 11/29/2017 12:28 am --> 404 Page Not Found: Js/dynamic_table_init.js
ERROR - 11/29/2017 12:28 am --> 404 Page Not Found: Js/jquery.dataTables.min.js
ERROR - 11/29/2017 12:29 am --> 404 Page Not Found: Assets/js
ERROR - 11/29/2017 12:29 am --> 404 Page Not Found: Images/photos
ERROR - 11/29/2017 12:53 am --> 404 Page Not Found: front/Service/badroom_plan
ERROR - 11/29/2017 12:53 am --> 404 Page Not Found: front/Service/badroom_plan
ERROR - 11/29/2017 12:57 am --> 404 Page Not Found: front/Service/badroom_plan
ERROR - 11/29/2017 12:57 am --> 404 Page Not Found: front/Service/badroom_plan
ERROR - 11/29/2017 12:57 am --> 404 Page Not Found: Assets/front
ERROR - 11/29/2017 12:57 am --> 404 Page Not Found: front/Service/badroom_plan
ERROR - 11/29/2017 12:57 am --> 404 Page Not Found: front/Service/badroom_plan
ERROR - 11/29/2017 12:58 am --> 404 Page Not Found: front/Service/badroom_plan
ERROR - 11/29/2017 12:58 am --> 404 Page Not Found: front/Service/badroom_plan
ERROR - 11/29/2017 12:58 am --> 404 Page Not Found: front/Service/badroom_plan
ERROR - 11/29/2017 12:58 am --> 404 Page Not Found: front/Service/badroom_plan
ERROR - 11/29/2017 12:58 am --> 404 Page Not Found: front/Service/badroom_plan
ERROR - 11/29/2017 01:06 am --> 404 Page Not Found: front/Service/badroom_plan
ERROR - 11/29/2017 01:06 am --> 404 Page Not Found: front/Service/badroom_plan
ERROR - 11/29/2017 01:08 am --> 404 Page Not Found: front/Service/badroom_plan
ERROR - 11/29/2017 01:08 am --> 404 Page Not Found: front/Service/badroom_plan
ERROR - 11/29/2017 01:08 am --> 404 Page Not Found: front/Service/badroom_plan
ERROR - 11/29/2017 01:11 am --> 404 Page Not Found: front/Service/badroom_plan
ERROR - 11/29/2017 01:11 am --> 404 Page Not Found: front/Service/badroom_plan
ERROR - 11/29/2017 01:11 am --> 404 Page Not Found: front/Service/badroom_plan
ERROR - 11/29/2017 01:11 am --> 404 Page Not Found: front/Service/badroom_plan
ERROR - 11/29/2017 01:12 am --> 404 Page Not Found: front/Service/badroom_plan
ERROR - 11/29/2017 01:12 am --> 404 Page Not Found: front/Service/badroom_plan
ERROR - 11/29/2017 01:16 am --> 404 Page Not Found: Assets/front
ERROR - 11/29/2017 01:17 am --> 404 Page Not Found: Assets/front
ERROR - 11/29/2017 01:17 am --> 404 Page Not Found: Assets/front
ERROR - 11/29/2017 01:18 am --> 404 Page Not Found: front/Service/badroom_plan
ERROR - 11/29/2017 01:18 am --> 404 Page Not Found: front/Service/badroom_plan
ERROR - 11/29/2017 01:18 am --> 404 Page Not Found: front/Service/badroom_plan
ERROR - 11/29/2017 01:18 am --> 404 Page Not Found: front/Service/badroom_plan
ERROR - 11/29/2017 01:18 am --> 404 Page Not Found: front/Service/badroom_plan
ERROR - 11/29/2017 01:18 am --> 404 Page Not Found: front/Service/badroom_plan
ERROR - 11/29/2017 01:18 am --> 404 Page Not Found: front/Service/badroom_plan
ERROR - 11/29/2017 01:18 am --> 404 Page Not Found: front/Service/badroom_plan
ERROR - 11/29/2017 01:19 am --> 404 Page Not Found: Assets/front
ERROR - 11/29/2017 01:19 am --> 404 Page Not Found: front/Service/badroom_plan
ERROR - 11/29/2017 01:19 am --> 404 Page Not Found: front/Service/badroom_plan
ERROR - 11/29/2017 01:19 am --> 404 Page Not Found: front/Service/badroom_plan
ERROR - 11/29/2017 01:19 am --> 404 Page Not Found: front/Service/badroom_plan
ERROR - 11/29/2017 01:19 am --> 404 Page Not Found: front/Service/badroom_plan
ERROR - 11/29/2017 01:19 am --> 404 Page Not Found: front/Service/badroom_plan
ERROR - 11/29/2017 01:22 am --> 404 Page Not Found: front/Service/badroom_plan
ERROR - 11/29/2017 01:22 am --> 404 Page Not Found: front/Service/badroom_plan
ERROR - 11/29/2017 01:22 am --> 404 Page Not Found: front/Service/badroom_plan
ERROR - 11/29/2017 01:22 am --> 404 Page Not Found: front/Service/badroom_plan
ERROR - 11/29/2017 01:22 am --> 404 Page Not Found: Assets/front
ERROR - 11/29/2017 01:22 am --> 404 Page Not Found: Assets/front
ERROR - 11/29/2017 01:22 am --> 404 Page Not Found: Assets/front
ERROR - 11/29/2017 01:22 am --> 404 Page Not Found: Assets/front
ERROR - 11/29/2017 01:22 am --> 404 Page Not Found: Assets/front
ERROR - 11/29/2017 01:23 am --> 404 Page Not Found: front/Service/badroom_plan
ERROR - 11/29/2017 01:23 am --> 404 Page Not Found: front/Service/badroom_plan
ERROR - 11/29/2017 01:23 am --> 404 Page Not Found: front/Service/badroom_plan
ERROR - 11/29/2017 01:23 am --> 404 Page Not Found: front/Service/badroom_plan
ERROR - 11/29/2017 01:24 am --> 404 Page Not Found: front/Service/badroom_plan
ERROR - 11/29/2017 01:25 am --> 404 Page Not Found: front/Service/badroom_plan
ERROR - 11/29/2017 01:25 am --> 404 Page Not Found: front/Service/badroom_plan
ERROR - 11/29/2017 01:33 am --> 404 Page Not Found: front/Service/badroom_plan
ERROR - 11/29/2017 01:33 am --> 404 Page Not Found: front/Service/badroom_plan
ERROR - 11/29/2017 01:46 am --> 404 Page Not Found: front/Service/badroom_plan
ERROR - 11/29/2017 01:46 am --> 404 Page Not Found: front/Service/badroom_plan
ERROR - 11/29/2017 01:46 am --> 404 Page Not Found: front/Service/badroom_plan
ERROR - 11/29/2017 02:00 am --> 404 Page Not Found: front/Service/badroom_plan
ERROR - 11/29/2017 02:01 am --> 404 Page Not Found: front/Service/badroom_plan
ERROR - 11/29/2017 02:03 am --> 404 Page Not Found: Assets/js
ERROR - 11/29/2017 02:03 am --> 404 Page Not Found: Js/advanced-datatable
ERROR - 11/29/2017 02:03 am --> 404 Page Not Found: Js/advanced-datatable
ERROR - 11/29/2017 02:03 am --> 404 Page Not Found: Js/advanced-datatable
ERROR - 11/29/2017 02:03 am --> 404 Page Not Found: Js/advanced-datatable
ERROR - 11/29/2017 02:03 am --> 404 Page Not Found: Js/dynamic_table_init.js
ERROR - 11/29/2017 02:03 am --> 404 Page Not Found: Js/jquery.dataTables.min.js
ERROR - 11/29/2017 02:03 am --> 404 Page Not Found: Images/photos
ERROR - 11/29/2017 02:03 am --> 404 Page Not Found: Assets/js
ERROR - 11/29/2017 02:03 am --> 404 Page Not Found: Images/photos
ERROR - 11/29/2017 01:39 pm --> Query error: Duplicate entry '94b48f3a28093741dad015a111566e4f18bed1c3' for key 'PRIMARY' - Invalid query: INSERT INTO `ai_sessions` (`id`, `ip_address`, `timestamp`, `data`) VALUES ('94b48f3a28093741dad015a111566e4f18bed1c3', '159.203.196.79', 1511942968, '__ci_last_regenerate|i:1511942968;fb_1798431413741569_state|s:32:\"c92045816056a643b894e7a8fc219ce7\";')
ERROR - 11/29/2017 01:39 pm --> Severity: Warning --> Unknown: Failed to write session data (user). Please verify that the current setting of session.save_path is correct (sessions) Unknown 0
ERROR - 11/29/2017 02:12 am --> 404 Page Not Found: Assets/js
ERROR - 11/29/2017 02:12 am --> 404 Page Not Found: Images/photos
ERROR - 11/29/2017 02:12 am --> 404 Page Not Found: Js/advanced-datatable
ERROR - 11/29/2017 02:12 am --> 404 Page Not Found: Js/advanced-datatable
ERROR - 11/29/2017 02:12 am --> 404 Page Not Found: Js/advanced-datatable
ERROR - 11/29/2017 02:12 am --> 404 Page Not Found: Js/dynamic_table_init.js
ERROR - 11/29/2017 02:12 am --> 404 Page Not Found: Js/jquery.dataTables.min.js
ERROR - 11/29/2017 02:12 am --> 404 Page Not Found: Assets/js
ERROR - 11/29/2017 02:12 am --> 404 Page Not Found: Images/photos
ERROR - 11/29/2017 02:21 am --> 404 Page Not Found: Assets/front
ERROR - 11/29/2017 02:25 am --> 404 Page Not Found: Assets/front
ERROR - 11/29/2017 02:25 am --> 404 Page Not Found: Assets/front
ERROR - 11/29/2017 02:27 am --> 404 Page Not Found: Assets/front
ERROR - 11/29/2017 02:27 am --> 404 Page Not Found: Assets/front
ERROR - 11/29/2017 02:27 am --> 404 Page Not Found: Assets/front
ERROR - 11/29/2017 03:21 am --> 404 Page Not Found: Assets/front
ERROR - 11/29/2017 03:23 am --> 404 Page Not Found: Assets/front
ERROR - 11/29/2017 03:23 am --> 404 Page Not Found: Assets/front
ERROR - 11/29/2017 03:23 am --> 404 Page Not Found: Assets/front
ERROR - 11/29/2017 03:23 am --> 404 Page Not Found: Assets/front
ERROR - 11/29/2017 03:23 am --> 404 Page Not Found: Assets/front
ERROR - 11/29/2017 03:23 am --> 404 Page Not Found: Assets/front
ERROR - 11/29/2017 03:25 am --> 404 Page Not Found: Assets/front
ERROR - 11/29/2017 03:26 am --> 404 Page Not Found: Assets/front
ERROR - 11/29/2017 03:26 am --> 404 Page Not Found: Assets/front
ERROR - 11/29/2017 03:29 am --> 404 Page Not Found: Assets/front
ERROR - 11/29/2017 03:30 am --> 404 Page Not Found: Assets/front
ERROR - 11/29/2017 03:30 am --> 404 Page Not Found: Assets/front
ERROR - 11/29/2017 03:33 am --> 404 Page Not Found: Assets/front
ERROR - 11/29/2017 03:42 am --> 404 Page Not Found: Assets/front
ERROR - 11/29/2017 03:43 am --> 404 Page Not Found: Assets/js
ERROR - 11/29/2017 03:43 am --> 404 Page Not Found: Images/photos
ERROR - 11/29/2017 03:43 am --> 404 Page Not Found: Assets/front
ERROR - 11/29/2017 03:47 am --> 404 Page Not Found: Assets/front
ERROR - 11/29/2017 03:47 am --> 404 Page Not Found: Assets/front
ERROR - 11/29/2017 04:00 am --> 404 Page Not Found: Assets/front
ERROR - 11/29/2017 04:08 am --> 404 Page Not Found: Assets/front
ERROR - 11/29/2017 04:08 am --> 404 Page Not Found: Assets/front
ERROR - 11/29/2017 04:08 am --> 404 Page Not Found: Assets/front
ERROR - 11/29/2017 04:08 am --> 404 Page Not Found: Assets/front
ERROR - 11/29/2017 04:08 am --> 404 Page Not Found: Assets/front
ERROR - 11/29/2017 04:08 am --> 404 Page Not Found: Assets/front
ERROR - 11/29/2017 04:10 am --> 404 Page Not Found: Assets/front
ERROR - 11/29/2017 04:10 am --> 404 Page Not Found: Assets/front
ERROR - 11/29/2017 04:10 am --> 404 Page Not Found: Assets/front
ERROR - 11/29/2017 04:10 am --> 404 Page Not Found: Assets/front
ERROR - 11/29/2017 04:10 am --> 404 Page Not Found: Assets/front
ERROR - 11/29/2017 04:10 am --> 404 Page Not Found: Assets/front
ERROR - 11/29/2017 04:10 am --> 404 Page Not Found: Assets/front
ERROR - 11/29/2017 04:10 am --> 404 Page Not Found: Assets/js
ERROR - 11/29/2017 04:10 am --> 404 Page Not Found: Images/photos
ERROR - 11/29/2017 04:10 am --> 404 Page Not Found: Js/advanced-datatable
ERROR - 11/29/2017 04:10 am --> 404 Page Not Found: Js/advanced-datatable
ERROR - 11/29/2017 04:10 am --> 404 Page Not Found: Js/advanced-datatable
ERROR - 11/29/2017 04:10 am --> 404 Page Not Found: Js/dynamic_table_init.js
ERROR - 11/29/2017 04:10 am --> 404 Page Not Found: Js/jquery.dataTables.min.js
ERROR - 11/29/2017 04:10 am --> 404 Page Not Found: Assets/js
ERROR - 11/29/2017 04:10 am --> 404 Page Not Found: Images/photos
ERROR - 11/29/2017 04:11 am --> 404 Page Not Found: Assets/front
ERROR - 11/29/2017 04:11 am --> 404 Page Not Found: Assets/front
ERROR - 11/29/2017 04:11 am --> 404 Page Not Found: Assets/front
ERROR - 11/29/2017 04:11 am --> 404 Page Not Found: Assets/front
ERROR - 11/29/2017 04:11 am --> 404 Page Not Found: Assets/front
ERROR - 11/29/2017 04:11 am --> 404 Page Not Found: Assets/front
ERROR - 11/29/2017 04:13 am --> 404 Page Not Found: Assets/front
ERROR - 11/29/2017 04:13 am --> 404 Page Not Found: Assets/js
ERROR - 11/29/2017 04:13 am --> 404 Page Not Found: Images/photos
ERROR - 11/29/2017 04:13 am --> 404 Page Not Found: Js/advanced-datatable
ERROR - 11/29/2017 04:13 am --> 404 Page Not Found: Js/advanced-datatable
ERROR - 11/29/2017 04:13 am --> 404 Page Not Found: Js/advanced-datatable
ERROR - 11/29/2017 04:13 am --> 404 Page Not Found: Js/dynamic_table_init.js
ERROR - 11/29/2017 04:13 am --> 404 Page Not Found: Js/jquery.dataTables.min.js
ERROR - 11/29/2017 04:13 am --> 404 Page Not Found: Assets/js
ERROR - 11/29/2017 04:13 am --> 404 Page Not Found: Images/photos
ERROR - 11/29/2017 04:14 am --> 404 Page Not Found: Assets/js
ERROR - 11/29/2017 04:15 am --> 404 Page Not Found: Js/advanced-datatable
ERROR - 11/29/2017 04:15 am --> 404 Page Not Found: Js/advanced-datatable
ERROR - 11/29/2017 04:15 am --> 404 Page Not Found: Js/advanced-datatable
ERROR - 11/29/2017 04:15 am --> 404 Page Not Found: Js/dynamic_table_init.js
ERROR - 11/29/2017 04:15 am --> 404 Page Not Found: Images/photos
ERROR - 11/29/2017 04:15 am --> 404 Page Not Found: Js/jquery.dataTables.min.js
ERROR - 11/29/2017 04:16 am --> 404 Page Not Found: Assets/front
ERROR - 11/29/2017 04:16 am --> 404 Page Not Found: Assets/front
ERROR - 11/29/2017 04:16 am --> 404 Page Not Found: Assets/front
ERROR - 11/29/2017 04:16 am --> 404 Page Not Found: Assets/front
ERROR - 11/29/2017 04:16 am --> 404 Page Not Found: Assets/front
ERROR - 11/29/2017 04:17 am --> 404 Page Not Found: Assets/js
ERROR - 11/29/2017 04:17 am --> 404 Page Not Found: Images/photos
ERROR - 11/29/2017 04:18 am --> 404 Page Not Found: Assets/front
ERROR - 11/29/2017 04:22 am --> 404 Page Not Found: Assets/front
ERROR - 11/29/2017 04:22 am --> 404 Page Not Found: Assets/front
ERROR - 11/29/2017 04:22 am --> 404 Page Not Found: Assets/front
ERROR - 11/29/2017 04:22 am --> 404 Page Not Found: Assets/front
ERROR - 11/29/2017 04:22 am --> 404 Page Not Found: Assets/front
ERROR - 11/29/2017 04:27 am --> 404 Page Not Found: Assets/js
ERROR - 11/29/2017 04:27 am --> 404 Page Not Found: Images/photos
ERROR - 11/29/2017 04:27 am --> 404 Page Not Found: Js/advanced-datatable
ERROR - 11/29/2017 04:27 am --> 404 Page Not Found: Js/advanced-datatable
ERROR - 11/29/2017 04:27 am --> 404 Page Not Found: Js/advanced-datatable
ERROR - 11/29/2017 04:27 am --> 404 Page Not Found: Js/dynamic_table_init.js
ERROR - 11/29/2017 04:27 am --> 404 Page Not Found: Js/jquery.dataTables.min.js
ERROR - 11/29/2017 04:27 am --> 404 Page Not Found: Assets/js
ERROR - 11/29/2017 04:27 am --> 404 Page Not Found: Js/advanced-datatable
ERROR - 11/29/2017 04:27 am --> 404 Page Not Found: Js/advanced-datatable
ERROR - 11/29/2017 04:27 am --> 404 Page Not Found: Js/advanced-datatable
ERROR - 11/29/2017 04:27 am --> 404 Page Not Found: Js/dynamic_table_init.js
ERROR - 11/29/2017 04:27 am --> 404 Page Not Found: Js/jquery.dataTables.min.js
ERROR - 11/29/2017 04:27 am --> 404 Page Not Found: Images/photos
ERROR - 11/29/2017 04:27 am --> 404 Page Not Found: Assets/js
ERROR - 11/29/2017 04:27 am --> 404 Page Not Found: Images/photos
ERROR - 11/29/2017 04:28 am --> 404 Page Not Found: Assets/front
ERROR - 11/29/2017 04:28 am --> 404 Page Not Found: Assets/front
ERROR - 11/29/2017 04:28 am --> 404 Page Not Found: Assets/front
ERROR - 11/29/2017 04:28 am --> 404 Page Not Found: Assets/front
ERROR - 11/29/2017 04:28 am --> 404 Page Not Found: Assets/front
ERROR - 11/29/2017 04:28 am --> 404 Page Not Found: Assets/front
ERROR - 11/29/2017 04:28 am --> 404 Page Not Found: Assets/front
ERROR - 11/29/2017 04:50 am --> 404 Page Not Found: Assets/front
ERROR - 11/29/2017 10:56 pm --> Query error: Duplicate entry '8baf3235ee89bbd289989bdb321c97b4e45ac011' for key 'PRIMARY' - Invalid query: INSERT INTO `ai_sessions` (`id`, `ip_address`, `timestamp`, `data`) VALUES ('8baf3235ee89bbd289989bdb321c97b4e45ac011', '180.76.15.15', 1511976410, '__ci_last_regenerate|i:1511976410;fb_1798431413741569_state|s:32:\"6cf664af63220723bbd35eb90496fc41\";')
ERROR - 11/29/2017 10:56 pm --> Severity: Warning --> Unknown: Failed to write session data (user). Please verify that the current setting of session.save_path is correct (sessions) Unknown 0
ERROR - 11/29/2017 11:18 pm --> 404 Page Not Found: Assets/js
ERROR - 11/29/2017 11:18 pm --> 404 Page Not Found: Assets/front
