ERROR - 01/25/2017 01:07 am --> 404 Page Not Found: Assets/img
ERROR - 01/25/2017 01:07 am --> 404 Page Not Found: Assets/js
ERROR - 01/25/2017 01:07 am --> 404 Page Not Found: Images/photos
ERROR - 01/25/2017 01:07 am --> 404 Page Not Found: Images/photos
ERROR - 01/25/2017 01:07 am --> 404 Page Not Found: Assets/js
ERROR - 01/25/2017 01:07 am --> 404 Page Not Found: Assets/js
ERROR - 01/25/2017 01:07 am --> 404 Page Not Found: Assets/js
ERROR - 01/25/2017 01:07 am --> 404 Page Not Found: Assets/js
ERROR - 01/25/2017 01:07 am --> 404 Page Not Found: Images/loading_spinner.gif
ERROR - 01/25/2017 12:37 pm --> Severity: Notice --> Undefined variable: review /home2/carolhhp/public_html/democarol.com/homeservices/application/views/admin/location/manage_location.php 64
ERROR - 01/25/2017 01:07 am --> 404 Page Not Found: Images/photos
ERROR - 01/25/2017 01:07 am --> 404 Page Not Found: Assets/js
ERROR - 01/25/2017 01:07 am --> 404 Page Not Found: Assets/js
ERROR - 01/25/2017 01:07 am --> 404 Page Not Found: Assets/js
ERROR - 01/25/2017 01:07 am --> 404 Page Not Found: Assets/js
ERROR - 01/25/2017 12:37 pm --> Severity: Notice --> Undefined variable: review /home2/carolhhp/public_html/democarol.com/homeservices/application/views/admin/location/manage_location.php 64
ERROR - 01/25/2017 01:07 am --> 404 Page Not Found: Assets/js
ERROR - 01/25/2017 01:07 am --> 404 Page Not Found: Assets/js
ERROR - 01/25/2017 01:11 am --> 404 Page Not Found: Images/photos
ERROR - 01/25/2017 01:11 am --> 404 Page Not Found: Assets/js
ERROR - 01/25/2017 01:11 am --> 404 Page Not Found: Js/docsupport
ERROR - 01/25/2017 01:11 am --> 404 Page Not Found: Css/auto_select
ERROR - 01/25/2017 01:11 am --> 404 Page Not Found: Js/docsupport
ERROR - 01/25/2017 01:11 am --> 404 Page Not Found: Js/docsupport
ERROR - 01/25/2017 01:11 am --> 404 Page Not Found: Assets/img
ERROR - 01/25/2017 01:11 am --> 404 Page Not Found: Js/docsupport
ERROR - 01/25/2017 02:39 am --> 404 Page Not Found: Images/photos
ERROR - 01/25/2017 02:39 am --> 404 Page Not Found: Assets/img
ERROR - 01/25/2017 02:50 am --> 404 Page Not Found: Assets/js
ERROR - 01/25/2017 02:50 am --> 404 Page Not Found: Js/docsupport
ERROR - 01/25/2017 02:50 am --> 404 Page Not Found: Css/auto_select
ERROR - 01/25/2017 02:50 am --> 404 Page Not Found: Js/docsupport
ERROR - 01/25/2017 02:50 am --> 404 Page Not Found: Js/docsupport
ERROR - 01/25/2017 02:50 am --> 404 Page Not Found: Assets/img
ERROR - 01/25/2017 02:50 am --> 404 Page Not Found: Images/photos
ERROR - 01/25/2017 02:50 am --> 404 Page Not Found: Js/docsupport
ERROR - 01/25/2017 02:52 am --> 404 Page Not Found: Assets/js
ERROR - 01/25/2017 02:52 am --> 404 Page Not Found: Css/auto_select
ERROR - 01/25/2017 02:52 am --> 404 Page Not Found: Js/docsupport
ERROR - 01/25/2017 02:52 am --> 404 Page Not Found: Js/docsupport
ERROR - 01/25/2017 02:52 am --> 404 Page Not Found: Js/docsupport
ERROR - 01/25/2017 02:52 am --> 404 Page Not Found: Assets/img
ERROR - 01/25/2017 02:52 am --> 404 Page Not Found: Images/photos
ERROR - 01/25/2017 03:41 am --> 404 Page Not Found: Css/auto_select
ERROR - 01/25/2017 03:41 am --> 404 Page Not Found: Js/docsupport
ERROR - 01/25/2017 03:41 am --> 404 Page Not Found: Js/docsupport
ERROR - 01/25/2017 03:41 am --> 404 Page Not Found: Js/docsupport
ERROR - 01/25/2017 03:41 am --> 404 Page Not Found: Assets/js
ERROR - 01/25/2017 03:41 am --> 404 Page Not Found: Assets/img
ERROR - 01/25/2017 03:41 am --> 404 Page Not Found: Images/photos
ERROR - 01/25/2017 03:41 am --> 404 Page Not Found: Js/docsupport
ERROR - 01/25/2017 03:41 am --> 404 Page Not Found: Css/auto_select
ERROR - 01/25/2017 03:41 am --> 404 Page Not Found: Js/docsupport
ERROR - 01/25/2017 03:41 am --> 404 Page Not Found: Js/docsupport
ERROR - 01/25/2017 03:28 pm --> Unable to load the requested class: Googlemaps
ERROR - 01/25/2017 03:28 pm --> Unable to load the requested class: Googlemaps
ERROR - 01/25/2017 03:28 pm --> Unable to load the requested class: Googlemaps
ERROR - 01/25/2017 03:29 pm --> Unable to load the requested class: Googlemaps
ERROR - 01/25/2017 03:29 pm --> Unable to load the requested class: Googlemaps
ERROR - 01/25/2017 03:30 pm --> Unable to load the requested class: Googlemaps
ERROR - 01/25/2017 03:30 pm --> Unable to load the requested class: Googlemaps
ERROR - 01/25/2017 03:30 pm --> Unable to load the requested class: Googlemaps
ERROR - 01/25/2017 03:31 pm --> Unable to load the requested class: Googlemaps
ERROR - 01/25/2017 04:25 am --> 404 Page Not Found: Assets/js
ERROR - 01/25/2017 04:25 am --> 404 Page Not Found: Css/auto_select
ERROR - 01/25/2017 04:25 am --> 404 Page Not Found: Js/docsupport
ERROR - 01/25/2017 04:25 am --> 404 Page Not Found: Js/docsupport
ERROR - 01/25/2017 04:25 am --> 404 Page Not Found: Js/docsupport
ERROR - 01/25/2017 04:25 am --> 404 Page Not Found: Assets/img
ERROR - 01/25/2017 04:25 am --> 404 Page Not Found: Images/photos
ERROR - 01/25/2017 04:26 am --> 404 Page Not Found: Assets/js
ERROR - 01/25/2017 04:26 am --> 404 Page Not Found: Js/docsupport
ERROR - 01/25/2017 04:26 am --> 404 Page Not Found: Css/auto_select
ERROR - 01/25/2017 04:26 am --> 404 Page Not Found: Js/docsupport
ERROR - 01/25/2017 04:26 am --> 404 Page Not Found: Js/docsupport
ERROR - 01/25/2017 04:26 am --> 404 Page Not Found: Js/docsupport
ERROR - 01/25/2017 04:26 am --> 404 Page Not Found: Images/photos
ERROR - 01/25/2017 04:26 am --> 404 Page Not Found: Assets/img
ERROR - 01/25/2017 04:45 am --> 404 Page Not Found: Assets/js
ERROR - 01/25/2017 04:45 am --> 404 Page Not Found: Css/auto_select
ERROR - 01/25/2017 04:45 am --> 404 Page Not Found: Js/docsupport
ERROR - 01/25/2017 04:45 am --> 404 Page Not Found: Js/docsupport
ERROR - 01/25/2017 04:45 am --> 404 Page Not Found: Js/docsupport
ERROR - 01/25/2017 04:45 am --> 404 Page Not Found: Images/photos
ERROR - 01/25/2017 04:45 am --> 404 Page Not Found: Assets/img
ERROR - 01/25/2017 04:45 am --> 404 Page Not Found: Js/docsupport
ERROR - 01/25/2017 04:45 am --> 404 Page Not Found: Css/auto_select
ERROR - 01/25/2017 04:45 am --> 404 Page Not Found: Js/docsupport
ERROR - 01/25/2017 04:45 am --> 404 Page Not Found: Js/docsupport
ERROR - 01/25/2017 04:45 am --> 404 Page Not Found: Assets/js
ERROR - 01/25/2017 04:45 am --> 404 Page Not Found: Images/photos
ERROR - 01/25/2017 04:45 am --> 404 Page Not Found: Assets/img
ERROR - 01/25/2017 04:45 am --> 404 Page Not Found: Css/auto_select
ERROR - 01/25/2017 04:45 am --> 404 Page Not Found: Js/docsupport
ERROR - 01/25/2017 04:45 am --> 404 Page Not Found: Js/docsupport
ERROR - 01/25/2017 04:45 am --> 404 Page Not Found: Js/docsupport
ERROR - 01/25/2017 04:46 am --> 404 Page Not Found: Assets/js
ERROR - 01/25/2017 04:46 am --> 404 Page Not Found: Css/auto_select
ERROR - 01/25/2017 04:46 am --> 404 Page Not Found: Js/docsupport
ERROR - 01/25/2017 04:46 am --> 404 Page Not Found: Js/docsupport
ERROR - 01/25/2017 04:46 am --> 404 Page Not Found: Js/docsupport
ERROR - 01/25/2017 04:46 am --> 404 Page Not Found: Images/photos
ERROR - 01/25/2017 04:50 am --> 404 Page Not Found: Assets/js
ERROR - 01/25/2017 04:50 am --> 404 Page Not Found: Css/auto_select
ERROR - 01/25/2017 04:50 am --> 404 Page Not Found: Js/docsupport
ERROR - 01/25/2017 04:50 am --> 404 Page Not Found: Js/docsupport
ERROR - 01/25/2017 04:50 am --> 404 Page Not Found: Js/docsupport
ERROR - 01/25/2017 04:50 am --> 404 Page Not Found: Js/docsupport
ERROR - 01/25/2017 04:50 am --> 404 Page Not Found: Images/photos
ERROR - 01/25/2017 04:51 am --> 404 Page Not Found: Assets/js
ERROR - 01/25/2017 04:51 am --> 404 Page Not Found: Js/docsupport
ERROR - 01/25/2017 04:51 am --> 404 Page Not Found: Css/auto_select
ERROR - 01/25/2017 04:51 am --> 404 Page Not Found: Js/docsupport
ERROR - 01/25/2017 04:51 am --> 404 Page Not Found: Js/docsupport
ERROR - 01/25/2017 04:51 am --> 404 Page Not Found: Images/photos
ERROR - 01/25/2017 04:52 am --> 404 Page Not Found: Assets/js
ERROR - 01/25/2017 04:52 am --> 404 Page Not Found: Css/auto_select
ERROR - 01/25/2017 04:52 am --> 404 Page Not Found: Js/docsupport
ERROR - 01/25/2017 04:52 am --> 404 Page Not Found: Js/docsupport
ERROR - 01/25/2017 04:52 am --> 404 Page Not Found: Js/docsupport
ERROR - 01/25/2017 04:52 am --> 404 Page Not Found: Js/docsupport
ERROR - 01/25/2017 04:52 am --> 404 Page Not Found: Images/photos
ERROR - 01/25/2017 04:52 am --> 404 Page Not Found: Assets/js
ERROR - 01/25/2017 04:52 am --> 404 Page Not Found: Js/docsupport
ERROR - 01/25/2017 04:52 am --> 404 Page Not Found: Js/docsupport
ERROR - 01/25/2017 04:52 am --> 404 Page Not Found: Js/docsupport
ERROR - 01/25/2017 04:52 am --> 404 Page Not Found: Css/auto_select
ERROR - 01/25/2017 04:52 am --> 404 Page Not Found: Images/photos
ERROR - 01/25/2017 04:52 am --> 404 Page Not Found: Js/docsupport
ERROR - 01/25/2017 04:52 am --> 404 Page Not Found: Js/docsupport
ERROR - 01/25/2017 04:52 am --> 404 Page Not Found: Js/docsupport
ERROR - 01/25/2017 04:52 am --> 404 Page Not Found: Assets/js
ERROR - 01/25/2017 04:52 am --> 404 Page Not Found: Css/auto_select
ERROR - 01/25/2017 04:52 am --> 404 Page Not Found: Js/docsupport
ERROR - 01/25/2017 04:52 am --> 404 Page Not Found: Images/photos
ERROR - 01/25/2017 04:52 am --> 404 Page Not Found: Js/docsupport
ERROR - 01/25/2017 04:52 am --> 404 Page Not Found: Js/docsupport
ERROR - 01/25/2017 04:55 am --> 404 Page Not Found: Assets/js
ERROR - 01/25/2017 04:55 am --> 404 Page Not Found: Js/docsupport
ERROR - 01/25/2017 04:55 am --> 404 Page Not Found: Js/docsupport
ERROR - 01/25/2017 04:55 am --> 404 Page Not Found: Js/docsupport
ERROR - 01/25/2017 04:55 am --> 404 Page Not Found: Css/auto_select
ERROR - 01/25/2017 04:55 am --> 404 Page Not Found: Js/docsupport
ERROR - 01/25/2017 04:55 am --> 404 Page Not Found: Images/photos
ERROR - 01/25/2017 04:55 am --> 404 Page Not Found: Assets/js
ERROR - 01/25/2017 04:55 am --> 404 Page Not Found: Css/auto_select
ERROR - 01/25/2017 04:55 am --> 404 Page Not Found: Js/docsupport
ERROR - 01/25/2017 04:55 am --> 404 Page Not Found: Js/docsupport
ERROR - 01/25/2017 04:55 am --> 404 Page Not Found: Js/docsupport
ERROR - 01/25/2017 04:55 am --> 404 Page Not Found: Js/docsupport
ERROR - 01/25/2017 04:55 am --> 404 Page Not Found: Images/photos
ERROR - 01/25/2017 05:08 am --> 404 Page Not Found: Assets/js
ERROR - 01/25/2017 05:08 am --> 404 Page Not Found: Css/auto_select
ERROR - 01/25/2017 05:08 am --> 404 Page Not Found: Js/docsupport
ERROR - 01/25/2017 05:08 am --> 404 Page Not Found: Js/docsupport
ERROR - 01/25/2017 05:08 am --> 404 Page Not Found: Js/docsupport
ERROR - 01/25/2017 05:08 am --> 404 Page Not Found: Images/photos
ERROR - 01/25/2017 05:40 am --> 404 Page Not Found: Assets/js
ERROR - 01/25/2017 05:40 am --> 404 Page Not Found: Css/auto_select
ERROR - 01/25/2017 05:40 am --> 404 Page Not Found: Js/docsupport
ERROR - 01/25/2017 05:40 am --> 404 Page Not Found: Js/docsupport
ERROR - 01/25/2017 05:40 am --> 404 Page Not Found: Js/docsupport
ERROR - 01/25/2017 05:40 am --> 404 Page Not Found: Images/photos
ERROR - 01/25/2017 05:50 am --> 404 Page Not Found: Css/auto_select
ERROR - 01/25/2017 05:50 am --> 404 Page Not Found: Js/docsupport
ERROR - 01/25/2017 05:50 am --> 404 Page Not Found: Assets/js
ERROR - 01/25/2017 05:50 am --> 404 Page Not Found: Js/docsupport
ERROR - 01/25/2017 05:50 am --> 404 Page Not Found: Js/docsupport
ERROR - 01/25/2017 05:50 am --> 404 Page Not Found: Css/auto_select
ERROR - 01/25/2017 05:50 am --> 404 Page Not Found: Images/photos
ERROR - 01/25/2017 05:50 am --> 404 Page Not Found: Js/docsupport
ERROR - 01/25/2017 05:20 pm --> Severity: Notice --> Trying to get property of non-object /home2/carolhhp/public_html/democarol.com/homeservices/application/controllers/Location.php 30
ERROR - 01/25/2017 06:16 am --> 404 Page Not Found: Images/photos
