ERROR - 02/12/2018 03:39 am --> Severity: Notice --> Undefined variable: child_catname /home2/carolhhp/public_html/democarol.com/homeserdem/application/views/front/home.php 89
ERROR - 02/12/2018 03:39 am --> Severity: Notice --> Trying to get property of non-object /home2/carolhhp/public_html/democarol.com/homeserdem/application/views/front/home.php 89
ERROR - 02/12/2018 03:39 am --> Severity: Notice --> Undefined variable: child_catname /home2/carolhhp/public_html/democarol.com/homeserdem/application/views/front/home.php 90
ERROR - 02/12/2018 03:39 am --> Severity: Notice --> Trying to get property of non-object /home2/carolhhp/public_html/democarol.com/homeserdem/application/views/front/home.php 90
ERROR - 02/12/2018 03:39 am --> Severity: Notice --> Undefined variable: child_catname /home2/carolhhp/public_html/democarol.com/homeserdem/application/views/front/home.php 91
ERROR - 02/12/2018 03:39 am --> Severity: Notice --> Trying to get property of non-object /home2/carolhhp/public_html/democarol.com/homeserdem/application/views/front/home.php 91
ERROR - 02/12/2018 03:39 am --> Severity: Notice --> Undefined variable: child_catname /home2/carolhhp/public_html/democarol.com/homeserdem/application/views/front/home.php 92
ERROR - 02/12/2018 03:39 am --> Severity: Notice --> Trying to get property of non-object /home2/carolhhp/public_html/democarol.com/homeserdem/application/views/front/home.php 92
ERROR - 02/12/2018 03:39 am --> Severity: Notice --> Undefined variable: child_catname /home2/carolhhp/public_html/democarol.com/homeserdem/application/views/front/home.php 93
ERROR - 02/12/2018 03:39 am --> Severity: Notice --> Trying to get property of non-object /home2/carolhhp/public_html/democarol.com/homeserdem/application/views/front/home.php 93
ERROR - 02/12/2018 03:39 am --> Severity: Notice --> Use of undefined constant php - assumed 'php' /home2/carolhhp/public_html/democarol.com/homeserdem/application/views/front/home.php 100
ERROR - 02/12/2018 06:59 am --> Query error: Duplicate entry 'd4dcbd41692a9eb706c3c418153a811a76fc6971' for key 'PRIMARY' - Invalid query: INSERT INTO `ai_sessions` (`id`, `ip_address`, `timestamp`, `data`) VALUES ('d4dcbd41692a9eb706c3c418153a811a76fc6971', '180.76.15.8', 1518398975, '__ci_last_regenerate|i:1518398975;fb_1798431413741569_state|s:32:\"eafb7d3a0b56fa92e7ca94d2d4629196\";')
ERROR - 02/12/2018 06:59 am --> Severity: Warning --> Unknown: Failed to write session data (user). Please verify that the current setting of session.save_path is correct (sessions) Unknown 0
ERROR - 02/12/2018 10:52 am --> Query error: Duplicate entry 'da5a39747d41ed1765db8d5697aae397cbb3a907' for key 'PRIMARY' - Invalid query: INSERT INTO `ai_sessions` (`id`, `ip_address`, `timestamp`, `data`) VALUES ('da5a39747d41ed1765db8d5697aae397cbb3a907', '180.76.15.146', 1518412977, '__ci_last_regenerate|i:1518412977;fb_1798431413741569_state|s:32:\"9d43649625519f483af856956b29f3cc\";')
ERROR - 02/12/2018 10:52 am --> Severity: Warning --> Unknown: Failed to write session data (user). Please verify that the current setting of session.save_path is correct (sessions) Unknown 0
ERROR - 02/12/2018 11:26 am --> Query error: Duplicate entry 'eb41f230710b46d0d5d0e1db48b4c85f63e7d831' for key 'PRIMARY' - Invalid query: INSERT INTO `ai_sessions` (`id`, `ip_address`, `timestamp`, `data`) VALUES ('eb41f230710b46d0d5d0e1db48b4c85f63e7d831', '180.76.15.6', 1518414977, '__ci_last_regenerate|i:1518414977;fb_1798431413741569_state|s:32:\"26efb946f6d3ebb2a739180475ff20a5\";')
ERROR - 02/12/2018 11:26 am --> Severity: Warning --> Unknown: Failed to write session data (user). Please verify that the current setting of session.save_path is correct (sessions) Unknown 0
ERROR - 02/12/2018 02:07 am --> 404 Page Not Found: Assets/front
ERROR - 02/12/2018 02:07 am --> 404 Page Not Found: Assets/front
ERROR - 02/12/2018 02:07 am --> 404 Page Not Found: Assets/front
ERROR - 02/12/2018 02:07 am --> 404 Page Not Found: Assets/front
ERROR - 02/12/2018 02:07 am --> 404 Page Not Found: Assets/front
ERROR - 02/12/2018 02:07 am --> 404 Page Not Found: Assets/front
ERROR - 02/12/2018 02:08 am --> 404 Page Not Found: Assets/front
