ERROR - 07/19/2017 04:34 pm --> Severity: Notice --> Undefined variable: child_catname /home2/carolhhp/public_html/democarol.com/homeservices/application/views/front/home.php 89
ERROR - 07/19/2017 04:34 pm --> Severity: Notice --> Trying to get property of non-object /home2/carolhhp/public_html/democarol.com/homeservices/application/views/front/home.php 89
ERROR - 07/19/2017 04:34 pm --> Severity: Notice --> Undefined variable: child_catname /home2/carolhhp/public_html/democarol.com/homeservices/application/views/front/home.php 90
ERROR - 07/19/2017 04:34 pm --> Severity: Notice --> Trying to get property of non-object /home2/carolhhp/public_html/democarol.com/homeservices/application/views/front/home.php 90
ERROR - 07/19/2017 04:34 pm --> Severity: Notice --> Undefined variable: child_catname /home2/carolhhp/public_html/democarol.com/homeservices/application/views/front/home.php 91
ERROR - 07/19/2017 04:34 pm --> Severity: Notice --> Trying to get property of non-object /home2/carolhhp/public_html/democarol.com/homeservices/application/views/front/home.php 91
ERROR - 07/19/2017 04:34 pm --> Severity: Notice --> Undefined variable: child_catname /home2/carolhhp/public_html/democarol.com/homeservices/application/views/front/home.php 92
ERROR - 07/19/2017 04:34 pm --> Severity: Notice --> Trying to get property of non-object /home2/carolhhp/public_html/democarol.com/homeservices/application/views/front/home.php 92
ERROR - 07/19/2017 04:34 pm --> Severity: Notice --> Undefined variable: child_catname /home2/carolhhp/public_html/democarol.com/homeservices/application/views/front/home.php 93
ERROR - 07/19/2017 04:34 pm --> Severity: Notice --> Trying to get property of non-object /home2/carolhhp/public_html/democarol.com/homeservices/application/views/front/home.php 93
ERROR - 07/19/2017 04:34 pm --> Severity: Notice --> Use of undefined constant php - assumed 'php' /home2/carolhhp/public_html/democarol.com/homeservices/application/views/front/home.php 100
ERROR - 07/19/2017 04:52 pm --> Severity: Notice --> Undefined variable: child_catname /home2/carolhhp/public_html/democarol.com/homeservices/application/views/front/home.php 89
ERROR - 07/19/2017 04:52 pm --> Severity: Notice --> Trying to get property of non-object /home2/carolhhp/public_html/democarol.com/homeservices/application/views/front/home.php 89
ERROR - 07/19/2017 04:52 pm --> Severity: Notice --> Undefined variable: child_catname /home2/carolhhp/public_html/democarol.com/homeservices/application/views/front/home.php 90
ERROR - 07/19/2017 04:52 pm --> Severity: Notice --> Trying to get property of non-object /home2/carolhhp/public_html/democarol.com/homeservices/application/views/front/home.php 90
ERROR - 07/19/2017 04:52 pm --> Severity: Notice --> Undefined variable: child_catname /home2/carolhhp/public_html/democarol.com/homeservices/application/views/front/home.php 91
ERROR - 07/19/2017 04:52 pm --> Severity: Notice --> Trying to get property of non-object /home2/carolhhp/public_html/democarol.com/homeservices/application/views/front/home.php 91
ERROR - 07/19/2017 04:52 pm --> Severity: Notice --> Undefined variable: child_catname /home2/carolhhp/public_html/democarol.com/homeservices/application/views/front/home.php 92
ERROR - 07/19/2017 04:52 pm --> Severity: Notice --> Trying to get property of non-object /home2/carolhhp/public_html/democarol.com/homeservices/application/views/front/home.php 92
ERROR - 07/19/2017 04:52 pm --> Severity: Notice --> Undefined variable: child_catname /home2/carolhhp/public_html/democarol.com/homeservices/application/views/front/home.php 93
ERROR - 07/19/2017 04:52 pm --> Severity: Notice --> Trying to get property of non-object /home2/carolhhp/public_html/democarol.com/homeservices/application/views/front/home.php 93
ERROR - 07/19/2017 04:52 pm --> Severity: Notice --> Use of undefined constant php - assumed 'php' /home2/carolhhp/public_html/democarol.com/homeservices/application/views/front/home.php 100
ERROR - 07/19/2017 04:52 pm --> Severity: Notice --> Undefined variable: child_catname /home2/carolhhp/public_html/democarol.com/homeservices/application/views/front/home.php 89
ERROR - 07/19/2017 04:52 pm --> Severity: Notice --> Trying to get property of non-object /home2/carolhhp/public_html/democarol.com/homeservices/application/views/front/home.php 89
ERROR - 07/19/2017 04:52 pm --> Severity: Notice --> Undefined variable: child_catname /home2/carolhhp/public_html/democarol.com/homeservices/application/views/front/home.php 90
ERROR - 07/19/2017 04:52 pm --> Severity: Notice --> Trying to get property of non-object /home2/carolhhp/public_html/democarol.com/homeservices/application/views/front/home.php 90
ERROR - 07/19/2017 04:52 pm --> Severity: Notice --> Undefined variable: child_catname /home2/carolhhp/public_html/democarol.com/homeservices/application/views/front/home.php 91
ERROR - 07/19/2017 04:52 pm --> Severity: Notice --> Trying to get property of non-object /home2/carolhhp/public_html/democarol.com/homeservices/application/views/front/home.php 91
ERROR - 07/19/2017 04:52 pm --> Severity: Notice --> Undefined variable: child_catname /home2/carolhhp/public_html/democarol.com/homeservices/application/views/front/home.php 92
ERROR - 07/19/2017 04:52 pm --> Severity: Notice --> Trying to get property of non-object /home2/carolhhp/public_html/democarol.com/homeservices/application/views/front/home.php 92
ERROR - 07/19/2017 04:52 pm --> Severity: Notice --> Undefined variable: child_catname /home2/carolhhp/public_html/democarol.com/homeservices/application/views/front/home.php 93
ERROR - 07/19/2017 04:52 pm --> Severity: Notice --> Trying to get property of non-object /home2/carolhhp/public_html/democarol.com/homeservices/application/views/front/home.php 93
ERROR - 07/19/2017 04:52 pm --> Severity: Notice --> Use of undefined constant php - assumed 'php' /home2/carolhhp/public_html/democarol.com/homeservices/application/views/front/home.php 100
ERROR - 07/19/2017 04:55 pm --> Severity: Notice --> Undefined variable: child_catname /home2/carolhhp/public_html/democarol.com/homeservices/application/views/front/home.php 89
ERROR - 07/19/2017 04:55 pm --> Severity: Notice --> Trying to get property of non-object /home2/carolhhp/public_html/democarol.com/homeservices/application/views/front/home.php 89
ERROR - 07/19/2017 04:55 pm --> Severity: Notice --> Undefined variable: child_catname /home2/carolhhp/public_html/democarol.com/homeservices/application/views/front/home.php 90
ERROR - 07/19/2017 04:55 pm --> Severity: Notice --> Trying to get property of non-object /home2/carolhhp/public_html/democarol.com/homeservices/application/views/front/home.php 90
ERROR - 07/19/2017 04:55 pm --> Severity: Notice --> Undefined variable: child_catname /home2/carolhhp/public_html/democarol.com/homeservices/application/views/front/home.php 91
ERROR - 07/19/2017 04:55 pm --> Severity: Notice --> Trying to get property of non-object /home2/carolhhp/public_html/democarol.com/homeservices/application/views/front/home.php 91
ERROR - 07/19/2017 04:55 pm --> Severity: Notice --> Undefined variable: child_catname /home2/carolhhp/public_html/democarol.com/homeservices/application/views/front/home.php 92
ERROR - 07/19/2017 04:55 pm --> Severity: Notice --> Trying to get property of non-object /home2/carolhhp/public_html/democarol.com/homeservices/application/views/front/home.php 92
ERROR - 07/19/2017 04:55 pm --> Severity: Notice --> Undefined variable: child_catname /home2/carolhhp/public_html/democarol.com/homeservices/application/views/front/home.php 93
ERROR - 07/19/2017 04:55 pm --> Severity: Notice --> Trying to get property of non-object /home2/carolhhp/public_html/democarol.com/homeservices/application/views/front/home.php 93
ERROR - 07/19/2017 04:55 pm --> Severity: Notice --> Use of undefined constant php - assumed 'php' /home2/carolhhp/public_html/democarol.com/homeservices/application/views/front/home.php 100
ERROR - 07/19/2017 06:25 am --> 404 Page Not Found: Assets/front
ERROR - 07/19/2017 06:25 am --> 404 Page Not Found: front/Service/badroom_plan
ERROR - 07/19/2017 06:25 am --> 404 Page Not Found: front/Service/badroom_plan
ERROR - 07/19/2017 06:25 am --> 404 Page Not Found: front/Service/badroom_plan
ERROR - 07/19/2017 06:25 am --> 404 Page Not Found: front/Service/badroom_plan
ERROR - 07/19/2017 06:25 am --> 404 Page Not Found: Assets/front
ERROR - 07/19/2017 06:25 am --> 404 Page Not Found: Assets/front
ERROR - 07/19/2017 06:25 am --> 404 Page Not Found: Assets/front
ERROR - 07/19/2017 06:25 am --> 404 Page Not Found: Assets/front
ERROR - 07/19/2017 06:25 am --> 404 Page Not Found: Assets/front
ERROR - 07/19/2017 06:26 am --> 404 Page Not Found: Assets/js
ERROR - 07/19/2017 06:26 am --> 404 Page Not Found: Assets/js
ERROR - 07/19/2017 06:26 am --> 404 Page Not Found: Images/photos
ERROR - 07/19/2017 06:26 am --> 404 Page Not Found: Assets/js
ERROR - 07/19/2017 06:26 am --> 404 Page Not Found: Js/advanced-datatable
ERROR - 07/19/2017 06:26 am --> 404 Page Not Found: Js/advanced-datatable
ERROR - 07/19/2017 06:26 am --> 404 Page Not Found: Js/advanced-datatable
ERROR - 07/19/2017 06:26 am --> 404 Page Not Found: Js/dynamic_table_init.js
ERROR - 07/19/2017 06:26 am --> 404 Page Not Found: Js/jquery.dataTables.min.js
ERROR - 07/19/2017 06:26 am --> 404 Page Not Found: Images/photos
ERROR - 07/19/2017 04:57 pm --> Severity: Notice --> Undefined property: stdClass::$weekly_price /home2/carolhhp/public_html/democarol.com/homeservices/application/views/admin/categories/edit_categories.php 197
ERROR - 07/19/2017 04:57 pm --> Severity: Notice --> Undefined property: stdClass::$biweekly_price /home2/carolhhp/public_html/democarol.com/homeservices/application/views/admin/categories/edit_categories.php 204
ERROR - 07/19/2017 04:57 pm --> Severity: Notice --> Undefined property: stdClass::$monthly_price /home2/carolhhp/public_html/democarol.com/homeservices/application/views/admin/categories/edit_categories.php 211
ERROR - 07/19/2017 04:57 pm --> Severity: Notice --> Undefined property: stdClass::$weekly_price /home2/carolhhp/public_html/democarol.com/homeservices/application/views/admin/categories/edit_categories.php 197
ERROR - 07/19/2017 04:57 pm --> Severity: Notice --> Undefined property: stdClass::$biweekly_price /home2/carolhhp/public_html/democarol.com/homeservices/application/views/admin/categories/edit_categories.php 204
ERROR - 07/19/2017 04:57 pm --> Severity: Notice --> Undefined property: stdClass::$monthly_price /home2/carolhhp/public_html/democarol.com/homeservices/application/views/admin/categories/edit_categories.php 211
ERROR - 07/19/2017 06:27 am --> 404 Page Not Found: Assets/js
ERROR - 07/19/2017 06:27 am --> 404 Page Not Found: Images/photos
ERROR - 07/19/2017 04:57 pm --> Severity: Notice --> Undefined property: stdClass::$weekly_price /home2/carolhhp/public_html/democarol.com/homeservices/application/views/admin/categories/edit_categories.php 197
ERROR - 07/19/2017 04:57 pm --> Severity: Notice --> Undefined property: stdClass::$biweekly_price /home2/carolhhp/public_html/democarol.com/homeservices/application/views/admin/categories/edit_categories.php 204
ERROR - 07/19/2017 04:57 pm --> Severity: Notice --> Undefined property: stdClass::$monthly_price /home2/carolhhp/public_html/democarol.com/homeservices/application/views/admin/categories/edit_categories.php 211
ERROR - 07/19/2017 04:57 pm --> Severity: Notice --> Undefined property: stdClass::$weekly_price /home2/carolhhp/public_html/democarol.com/homeservices/application/views/admin/categories/edit_categories.php 197
ERROR - 07/19/2017 04:57 pm --> Severity: Notice --> Undefined property: stdClass::$biweekly_price /home2/carolhhp/public_html/democarol.com/homeservices/application/views/admin/categories/edit_categories.php 204
ERROR - 07/19/2017 04:57 pm --> Severity: Notice --> Undefined property: stdClass::$monthly_price /home2/carolhhp/public_html/democarol.com/homeservices/application/views/admin/categories/edit_categories.php 211
ERROR - 07/19/2017 05:42 pm --> Severity: Notice --> Undefined variable: child_catname /home2/carolhhp/public_html/democarol.com/homeservices/application/views/front/home.php 89
ERROR - 07/19/2017 05:42 pm --> Severity: Notice --> Trying to get property of non-object /home2/carolhhp/public_html/democarol.com/homeservices/application/views/front/home.php 89
ERROR - 07/19/2017 05:42 pm --> Severity: Notice --> Undefined variable: child_catname /home2/carolhhp/public_html/democarol.com/homeservices/application/views/front/home.php 90
ERROR - 07/19/2017 05:42 pm --> Severity: Notice --> Trying to get property of non-object /home2/carolhhp/public_html/democarol.com/homeservices/application/views/front/home.php 90
ERROR - 07/19/2017 05:42 pm --> Severity: Notice --> Undefined variable: child_catname /home2/carolhhp/public_html/democarol.com/homeservices/application/views/front/home.php 91
ERROR - 07/19/2017 05:42 pm --> Severity: Notice --> Trying to get property of non-object /home2/carolhhp/public_html/democarol.com/homeservices/application/views/front/home.php 91
ERROR - 07/19/2017 05:42 pm --> Severity: Notice --> Undefined variable: child_catname /home2/carolhhp/public_html/democarol.com/homeservices/application/views/front/home.php 92
ERROR - 07/19/2017 05:42 pm --> Severity: Notice --> Trying to get property of non-object /home2/carolhhp/public_html/democarol.com/homeservices/application/views/front/home.php 92
ERROR - 07/19/2017 05:42 pm --> Severity: Notice --> Undefined variable: child_catname /home2/carolhhp/public_html/democarol.com/homeservices/application/views/front/home.php 93
ERROR - 07/19/2017 05:42 pm --> Severity: Notice --> Trying to get property of non-object /home2/carolhhp/public_html/democarol.com/homeservices/application/views/front/home.php 93
ERROR - 07/19/2017 05:42 pm --> Severity: Notice --> Use of undefined constant php - assumed 'php' /home2/carolhhp/public_html/democarol.com/homeservices/application/views/front/home.php 100
ERROR - 07/19/2017 06:46 pm --> Severity: Notice --> Undefined variable: child_catname /home2/carolhhp/public_html/democarol.com/homeservices/application/views/front/home.php 89
ERROR - 07/19/2017 06:46 pm --> Severity: Notice --> Trying to get property of non-object /home2/carolhhp/public_html/democarol.com/homeservices/application/views/front/home.php 89
ERROR - 07/19/2017 06:46 pm --> Severity: Notice --> Undefined variable: child_catname /home2/carolhhp/public_html/democarol.com/homeservices/application/views/front/home.php 90
ERROR - 07/19/2017 06:46 pm --> Severity: Notice --> Trying to get property of non-object /home2/carolhhp/public_html/democarol.com/homeservices/application/views/front/home.php 90
ERROR - 07/19/2017 06:46 pm --> Severity: Notice --> Undefined variable: child_catname /home2/carolhhp/public_html/democarol.com/homeservices/application/views/front/home.php 91
ERROR - 07/19/2017 06:46 pm --> Severity: Notice --> Trying to get property of non-object /home2/carolhhp/public_html/democarol.com/homeservices/application/views/front/home.php 91
ERROR - 07/19/2017 06:46 pm --> Severity: Notice --> Undefined variable: child_catname /home2/carolhhp/public_html/democarol.com/homeservices/application/views/front/home.php 92
ERROR - 07/19/2017 06:46 pm --> Severity: Notice --> Trying to get property of non-object /home2/carolhhp/public_html/democarol.com/homeservices/application/views/front/home.php 92
ERROR - 07/19/2017 06:46 pm --> Severity: Notice --> Undefined variable: child_catname /home2/carolhhp/public_html/democarol.com/homeservices/application/views/front/home.php 93
ERROR - 07/19/2017 06:46 pm --> Severity: Notice --> Trying to get property of non-object /home2/carolhhp/public_html/democarol.com/homeservices/application/views/front/home.php 93
ERROR - 07/19/2017 06:46 pm --> Severity: Notice --> Use of undefined constant php - assumed 'php' /home2/carolhhp/public_html/democarol.com/homeservices/application/views/front/home.php 100
ERROR - 07/19/2017 08:16 am --> 404 Page Not Found: front/Service/badroom_plan
ERROR - 07/19/2017 08:16 am --> 404 Page Not Found: front/Service/badroom_plan
ERROR - 07/19/2017 08:16 am --> 404 Page Not Found: front/Service/badroom_plan
ERROR - 07/19/2017 08:16 am --> 404 Page Not Found: Assets/front
ERROR - 07/19/2017 08:16 am --> 404 Page Not Found: Assets/front
ERROR - 07/19/2017 08:16 am --> 404 Page Not Found: Assets/front
ERROR - 07/19/2017 08:16 am --> 404 Page Not Found: Assets/front
ERROR - 07/19/2017 08:16 am --> 404 Page Not Found: Assets/front
ERROR - 07/19/2017 08:16 am --> 404 Page Not Found: Assets/front
ERROR - 07/19/2017 06:50 pm --> Severity: Notice --> Undefined variable: child_catname /home2/carolhhp/public_html/democarol.com/homeservices/application/views/front/home.php 89
ERROR - 07/19/2017 06:50 pm --> Severity: Notice --> Trying to get property of non-object /home2/carolhhp/public_html/democarol.com/homeservices/application/views/front/home.php 89
ERROR - 07/19/2017 06:50 pm --> Severity: Notice --> Undefined variable: child_catname /home2/carolhhp/public_html/democarol.com/homeservices/application/views/front/home.php 90
ERROR - 07/19/2017 06:50 pm --> Severity: Notice --> Trying to get property of non-object /home2/carolhhp/public_html/democarol.com/homeservices/application/views/front/home.php 90
ERROR - 07/19/2017 06:50 pm --> Severity: Notice --> Undefined variable: child_catname /home2/carolhhp/public_html/democarol.com/homeservices/application/views/front/home.php 91
ERROR - 07/19/2017 06:50 pm --> Severity: Notice --> Trying to get property of non-object /home2/carolhhp/public_html/democarol.com/homeservices/application/views/front/home.php 91
ERROR - 07/19/2017 06:50 pm --> Severity: Notice --> Undefined variable: child_catname /home2/carolhhp/public_html/democarol.com/homeservices/application/views/front/home.php 92
ERROR - 07/19/2017 06:50 pm --> Severity: Notice --> Trying to get property of non-object /home2/carolhhp/public_html/democarol.com/homeservices/application/views/front/home.php 92
ERROR - 07/19/2017 06:50 pm --> Severity: Notice --> Undefined variable: child_catname /home2/carolhhp/public_html/democarol.com/homeservices/application/views/front/home.php 93
ERROR - 07/19/2017 06:50 pm --> Severity: Notice --> Trying to get property of non-object /home2/carolhhp/public_html/democarol.com/homeservices/application/views/front/home.php 93
ERROR - 07/19/2017 06:50 pm --> Severity: Notice --> Use of undefined constant php - assumed 'php' /home2/carolhhp/public_html/democarol.com/homeservices/application/views/front/home.php 100
ERROR - 07/19/2017 08:21 am --> 404 Page Not Found: Assets/front
ERROR - 07/19/2017 08:21 am --> 404 Page Not Found: Assets/front
ERROR - 07/19/2017 08:21 am --> 404 Page Not Found: Assets/front
ERROR - 07/19/2017 08:21 am --> 404 Page Not Found: Assets/front
ERROR - 07/19/2017 08:21 am --> 404 Page Not Found: Assets/front
ERROR - 07/19/2017 08:21 am --> 404 Page Not Found: Assets/front
ERROR - 07/19/2017 08:21 am --> 404 Page Not Found: front/Service/badroom_plan
ERROR - 07/19/2017 08:21 am --> 404 Page Not Found: Assets/front
ERROR - 07/19/2017 08:21 am --> 404 Page Not Found: Assets/front
ERROR - 07/19/2017 08:21 am --> 404 Page Not Found: Assets/front
ERROR - 07/19/2017 08:21 am --> 404 Page Not Found: Assets/front
ERROR - 07/19/2017 08:21 am --> 404 Page Not Found: Assets/front
ERROR - 07/19/2017 07:26 pm --> Severity: Notice --> Undefined variable: child_catname /home2/carolhhp/public_html/democarol.com/homeservices/application/views/front/home.php 89
ERROR - 07/19/2017 07:26 pm --> Severity: Notice --> Trying to get property of non-object /home2/carolhhp/public_html/democarol.com/homeservices/application/views/front/home.php 89
ERROR - 07/19/2017 07:26 pm --> Severity: Notice --> Undefined variable: child_catname /home2/carolhhp/public_html/democarol.com/homeservices/application/views/front/home.php 90
ERROR - 07/19/2017 07:26 pm --> Severity: Notice --> Trying to get property of non-object /home2/carolhhp/public_html/democarol.com/homeservices/application/views/front/home.php 90
ERROR - 07/19/2017 07:26 pm --> Severity: Notice --> Undefined variable: child_catname /home2/carolhhp/public_html/democarol.com/homeservices/application/views/front/home.php 91
ERROR - 07/19/2017 07:26 pm --> Severity: Notice --> Trying to get property of non-object /home2/carolhhp/public_html/democarol.com/homeservices/application/views/front/home.php 91
ERROR - 07/19/2017 07:26 pm --> Severity: Notice --> Undefined variable: child_catname /home2/carolhhp/public_html/democarol.com/homeservices/application/views/front/home.php 92
ERROR - 07/19/2017 07:26 pm --> Severity: Notice --> Trying to get property of non-object /home2/carolhhp/public_html/democarol.com/homeservices/application/views/front/home.php 92
ERROR - 07/19/2017 07:26 pm --> Severity: Notice --> Undefined variable: child_catname /home2/carolhhp/public_html/democarol.com/homeservices/application/views/front/home.php 93
ERROR - 07/19/2017 07:26 pm --> Severity: Notice --> Trying to get property of non-object /home2/carolhhp/public_html/democarol.com/homeservices/application/views/front/home.php 93
ERROR - 07/19/2017 07:26 pm --> Severity: Notice --> Use of undefined constant php - assumed 'php' /home2/carolhhp/public_html/democarol.com/homeservices/application/views/front/home.php 100
ERROR - 07/19/2017 07:49 pm --> Severity: Notice --> Undefined variable: child_catname /home2/carolhhp/public_html/democarol.com/homeservices/application/views/front/home.php 89
ERROR - 07/19/2017 07:49 pm --> Severity: Notice --> Trying to get property of non-object /home2/carolhhp/public_html/democarol.com/homeservices/application/views/front/home.php 89
ERROR - 07/19/2017 07:49 pm --> Severity: Notice --> Undefined variable: child_catname /home2/carolhhp/public_html/democarol.com/homeservices/application/views/front/home.php 90
ERROR - 07/19/2017 07:49 pm --> Severity: Notice --> Trying to get property of non-object /home2/carolhhp/public_html/democarol.com/homeservices/application/views/front/home.php 90
ERROR - 07/19/2017 07:49 pm --> Severity: Notice --> Undefined variable: child_catname /home2/carolhhp/public_html/democarol.com/homeservices/application/views/front/home.php 91
ERROR - 07/19/2017 07:49 pm --> Severity: Notice --> Trying to get property of non-object /home2/carolhhp/public_html/democarol.com/homeservices/application/views/front/home.php 91
ERROR - 07/19/2017 07:49 pm --> Severity: Notice --> Undefined variable: child_catname /home2/carolhhp/public_html/democarol.com/homeservices/application/views/front/home.php 92
ERROR - 07/19/2017 07:49 pm --> Severity: Notice --> Trying to get property of non-object /home2/carolhhp/public_html/democarol.com/homeservices/application/views/front/home.php 92
ERROR - 07/19/2017 07:49 pm --> Severity: Notice --> Undefined variable: child_catname /home2/carolhhp/public_html/democarol.com/homeservices/application/views/front/home.php 93
ERROR - 07/19/2017 07:49 pm --> Severity: Notice --> Trying to get property of non-object /home2/carolhhp/public_html/democarol.com/homeservices/application/views/front/home.php 93
ERROR - 07/19/2017 07:49 pm --> Severity: Notice --> Use of undefined constant php - assumed 'php' /home2/carolhhp/public_html/democarol.com/homeservices/application/views/front/home.php 100
ERROR - 07/19/2017 09:19 am --> 404 Page Not Found: Assets/front
ERROR - 07/19/2017 09:19 am --> 404 Page Not Found: front/Service/badroom_plan
ERROR - 07/19/2017 09:19 am --> 404 Page Not Found: front/Service/badroom_plan
ERROR - 07/19/2017 09:19 am --> 404 Page Not Found: front/Service/badroom_plan
ERROR - 07/19/2017 09:19 am --> 404 Page Not Found: Assets/front
ERROR - 07/19/2017 09:19 am --> 404 Page Not Found: Assets/front
ERROR - 07/19/2017 09:19 am --> 404 Page Not Found: Assets/front
ERROR - 07/19/2017 09:19 am --> 404 Page Not Found: Assets/front
ERROR - 07/19/2017 09:19 am --> 404 Page Not Found: Assets/front
ERROR - 07/19/2017 09:19 am --> 404 Page Not Found: Assets/front
ERROR - 07/19/2017 09:20 am --> 404 Page Not Found: Assets/front
ERROR - 07/19/2017 08:37 pm --> Severity: Notice --> Undefined variable: child_catname /home2/carolhhp/public_html/democarol.com/homeservices/application/views/front/home.php 89
ERROR - 07/19/2017 08:37 pm --> Severity: Notice --> Trying to get property of non-object /home2/carolhhp/public_html/democarol.com/homeservices/application/views/front/home.php 89
ERROR - 07/19/2017 08:37 pm --> Severity: Notice --> Undefined variable: child_catname /home2/carolhhp/public_html/democarol.com/homeservices/application/views/front/home.php 90
ERROR - 07/19/2017 08:37 pm --> Severity: Notice --> Trying to get property of non-object /home2/carolhhp/public_html/democarol.com/homeservices/application/views/front/home.php 90
ERROR - 07/19/2017 08:37 pm --> Severity: Notice --> Undefined variable: child_catname /home2/carolhhp/public_html/democarol.com/homeservices/application/views/front/home.php 91
ERROR - 07/19/2017 08:37 pm --> Severity: Notice --> Trying to get property of non-object /home2/carolhhp/public_html/democarol.com/homeservices/application/views/front/home.php 91
ERROR - 07/19/2017 08:37 pm --> Severity: Notice --> Undefined variable: child_catname /home2/carolhhp/public_html/democarol.com/homeservices/application/views/front/home.php 92
ERROR - 07/19/2017 08:37 pm --> Severity: Notice --> Trying to get property of non-object /home2/carolhhp/public_html/democarol.com/homeservices/application/views/front/home.php 92
ERROR - 07/19/2017 08:37 pm --> Severity: Notice --> Undefined variable: child_catname /home2/carolhhp/public_html/democarol.com/homeservices/application/views/front/home.php 93
ERROR - 07/19/2017 08:37 pm --> Severity: Notice --> Trying to get property of non-object /home2/carolhhp/public_html/democarol.com/homeservices/application/views/front/home.php 93
ERROR - 07/19/2017 08:37 pm --> Severity: Notice --> Use of undefined constant php - assumed 'php' /home2/carolhhp/public_html/democarol.com/homeservices/application/views/front/home.php 100
ERROR - 07/19/2017 10:08 am --> 404 Page Not Found: Assets/js
ERROR - 07/19/2017 10:08 am --> 404 Page Not Found: Images/photos
ERROR - 07/19/2017 10:08 am --> 404 Page Not Found: Assets/js
ERROR - 07/19/2017 10:08 am --> 404 Page Not Found: Images/photos
ERROR - 07/19/2017 10:08 am --> 404 Page Not Found: Assets/js
ERROR - 07/19/2017 10:08 am --> 404 Page Not Found: Images/photos
ERROR - 07/19/2017 10:08 am --> 404 Page Not Found: Js/advanced-datatable
ERROR - 07/19/2017 10:08 am --> 404 Page Not Found: Js/advanced-datatable
ERROR - 07/19/2017 10:08 am --> 404 Page Not Found: Js/dynamic_table_init.js
ERROR - 07/19/2017 10:08 am --> 404 Page Not Found: Js/advanced-datatable
ERROR - 07/19/2017 10:08 am --> 404 Page Not Found: Js/jquery.dataTables.min.js
ERROR - 07/19/2017 10:08 am --> 404 Page Not Found: Js/dynamic_table_init.js
ERROR - 07/19/2017 10:08 am --> 404 Page Not Found: Js/jquery.dataTables.min.js
ERROR - 07/19/2017 08:38 pm --> Severity: Notice --> Undefined property: stdClass::$weekly_price /home2/carolhhp/public_html/democarol.com/homeservices/application/views/admin/categories/edit_categories.php 197
ERROR - 07/19/2017 08:38 pm --> Severity: Notice --> Undefined property: stdClass::$biweekly_price /home2/carolhhp/public_html/democarol.com/homeservices/application/views/admin/categories/edit_categories.php 204
ERROR - 07/19/2017 08:38 pm --> Severity: Notice --> Undefined property: stdClass::$monthly_price /home2/carolhhp/public_html/democarol.com/homeservices/application/views/admin/categories/edit_categories.php 211
ERROR - 07/19/2017 08:38 pm --> Severity: Notice --> Undefined property: stdClass::$weekly_price /home2/carolhhp/public_html/democarol.com/homeservices/application/views/admin/categories/edit_categories.php 197
ERROR - 07/19/2017 08:38 pm --> Severity: Notice --> Undefined property: stdClass::$biweekly_price /home2/carolhhp/public_html/democarol.com/homeservices/application/views/admin/categories/edit_categories.php 204
ERROR - 07/19/2017 08:38 pm --> Severity: Notice --> Undefined property: stdClass::$monthly_price /home2/carolhhp/public_html/democarol.com/homeservices/application/views/admin/categories/edit_categories.php 211
ERROR - 07/19/2017 10:08 am --> 404 Page Not Found: Assets/js
ERROR - 07/19/2017 10:08 am --> 404 Page Not Found: Images/photos
ERROR - 07/19/2017 08:38 pm --> Severity: Notice --> Undefined property: stdClass::$weekly_price /home2/carolhhp/public_html/democarol.com/homeservices/application/views/admin/categories/edit_categories.php 197
ERROR - 07/19/2017 08:38 pm --> Severity: Notice --> Undefined property: stdClass::$biweekly_price /home2/carolhhp/public_html/democarol.com/homeservices/application/views/admin/categories/edit_categories.php 204
ERROR - 07/19/2017 08:38 pm --> Severity: Notice --> Undefined property: stdClass::$monthly_price /home2/carolhhp/public_html/democarol.com/homeservices/application/views/admin/categories/edit_categories.php 211
ERROR - 07/19/2017 08:38 pm --> Severity: Notice --> Undefined property: stdClass::$weekly_price /home2/carolhhp/public_html/democarol.com/homeservices/application/views/admin/categories/edit_categories.php 197
ERROR - 07/19/2017 08:38 pm --> Severity: Notice --> Undefined property: stdClass::$biweekly_price /home2/carolhhp/public_html/democarol.com/homeservices/application/views/admin/categories/edit_categories.php 204
ERROR - 07/19/2017 08:38 pm --> Severity: Notice --> Undefined property: stdClass::$monthly_price /home2/carolhhp/public_html/democarol.com/homeservices/application/views/admin/categories/edit_categories.php 211
ERROR - 07/19/2017 08:38 pm --> Severity: Notice --> Undefined property: stdClass::$weekly_price /home2/carolhhp/public_html/democarol.com/homeservices/application/views/admin/categories/edit_categories.php 197
ERROR - 07/19/2017 08:38 pm --> Severity: Notice --> Undefined property: stdClass::$biweekly_price /home2/carolhhp/public_html/democarol.com/homeservices/application/views/admin/categories/edit_categories.php 204
ERROR - 07/19/2017 08:38 pm --> Severity: Notice --> Undefined property: stdClass::$monthly_price /home2/carolhhp/public_html/democarol.com/homeservices/application/views/admin/categories/edit_categories.php 211
ERROR - 07/19/2017 08:38 pm --> Severity: Notice --> Undefined property: stdClass::$weekly_price /home2/carolhhp/public_html/democarol.com/homeservices/application/views/admin/categories/edit_categories.php 197
ERROR - 07/19/2017 08:38 pm --> Severity: Notice --> Undefined property: stdClass::$biweekly_price /home2/carolhhp/public_html/democarol.com/homeservices/application/views/admin/categories/edit_categories.php 204
ERROR - 07/19/2017 08:38 pm --> Severity: Notice --> Undefined property: stdClass::$monthly_price /home2/carolhhp/public_html/democarol.com/homeservices/application/views/admin/categories/edit_categories.php 211
ERROR - 07/19/2017 11:02 pm --> Severity: Notice --> Undefined variable: child_catname /home2/carolhhp/public_html/democarol.com/homeservices/application/views/front/home.php 89
ERROR - 07/19/2017 11:02 pm --> Severity: Notice --> Trying to get property of non-object /home2/carolhhp/public_html/democarol.com/homeservices/application/views/front/home.php 89
ERROR - 07/19/2017 11:02 pm --> Severity: Notice --> Undefined variable: child_catname /home2/carolhhp/public_html/democarol.com/homeservices/application/views/front/home.php 90
ERROR - 07/19/2017 11:02 pm --> Severity: Notice --> Trying to get property of non-object /home2/carolhhp/public_html/democarol.com/homeservices/application/views/front/home.php 90
ERROR - 07/19/2017 11:02 pm --> Severity: Notice --> Undefined variable: child_catname /home2/carolhhp/public_html/democarol.com/homeservices/application/views/front/home.php 91
ERROR - 07/19/2017 11:02 pm --> Severity: Notice --> Trying to get property of non-object /home2/carolhhp/public_html/democarol.com/homeservices/application/views/front/home.php 91
ERROR - 07/19/2017 11:02 pm --> Severity: Notice --> Undefined variable: child_catname /home2/carolhhp/public_html/democarol.com/homeservices/application/views/front/home.php 92
ERROR - 07/19/2017 11:02 pm --> Severity: Notice --> Trying to get property of non-object /home2/carolhhp/public_html/democarol.com/homeservices/application/views/front/home.php 92
ERROR - 07/19/2017 11:02 pm --> Severity: Notice --> Undefined variable: child_catname /home2/carolhhp/public_html/democarol.com/homeservices/application/views/front/home.php 93
ERROR - 07/19/2017 11:02 pm --> Severity: Notice --> Trying to get property of non-object /home2/carolhhp/public_html/democarol.com/homeservices/application/views/front/home.php 93
ERROR - 07/19/2017 11:02 pm --> Severity: Notice --> Use of undefined constant php - assumed 'php' /home2/carolhhp/public_html/democarol.com/homeservices/application/views/front/home.php 100
