ERROR - 05/11/2017 09:23 am --> Query error: Duplicate entry 'cc92613d0ad65bba72571eaa79331a2942341d58' for key 'PRIMARY' - Invalid query: INSERT INTO `ai_sessions` (`id`, `ip_address`, `timestamp`, `data`) VALUES ('cc92613d0ad65bba72571eaa79331a2942341d58', '180.76.15.146', 1494474803, '__ci_last_regenerate|i:1494474803;fb_1798431413741569_state|s:32:\"6fe1b9719d23b5143b0dddd328c186e7\";')
ERROR - 05/11/2017 09:23 am --> Severity: Warning --> Cannot modify header information - headers already sent by (output started at /home2/carolhhp/public_html/democarol.com/homeservices/system/core/Output.php:528) /home2/carolhhp/public_html/democarol.com/homeservices/system/core/Common.php 573
ERROR - 05/11/2017 11:15 am --> Severity: Notice --> Undefined variable: child_catname /home2/carolhhp/public_html/democarol.com/homeservices/application/views/front/home.php 89
ERROR - 05/11/2017 11:15 am --> Severity: Notice --> Trying to get property of non-object /home2/carolhhp/public_html/democarol.com/homeservices/application/views/front/home.php 89
ERROR - 05/11/2017 11:15 am --> Severity: Notice --> Undefined variable: child_catname /home2/carolhhp/public_html/democarol.com/homeservices/application/views/front/home.php 90
ERROR - 05/11/2017 11:15 am --> Severity: Notice --> Trying to get property of non-object /home2/carolhhp/public_html/democarol.com/homeservices/application/views/front/home.php 90
ERROR - 05/11/2017 11:15 am --> Severity: Notice --> Undefined variable: child_catname /home2/carolhhp/public_html/democarol.com/homeservices/application/views/front/home.php 91
ERROR - 05/11/2017 11:15 am --> Severity: Notice --> Trying to get property of non-object /home2/carolhhp/public_html/democarol.com/homeservices/application/views/front/home.php 91
ERROR - 05/11/2017 11:15 am --> Severity: Notice --> Undefined variable: child_catname /home2/carolhhp/public_html/democarol.com/homeservices/application/views/front/home.php 92
ERROR - 05/11/2017 11:15 am --> Severity: Notice --> Trying to get property of non-object /home2/carolhhp/public_html/democarol.com/homeservices/application/views/front/home.php 92
ERROR - 05/11/2017 11:15 am --> Severity: Notice --> Undefined variable: child_catname /home2/carolhhp/public_html/democarol.com/homeservices/application/views/front/home.php 93
ERROR - 05/11/2017 11:15 am --> Severity: Notice --> Trying to get property of non-object /home2/carolhhp/public_html/democarol.com/homeservices/application/views/front/home.php 93
ERROR - 05/11/2017 11:15 am --> Severity: Notice --> Use of undefined constant php - assumed 'php' /home2/carolhhp/public_html/democarol.com/homeservices/application/views/front/home.php 100
ERROR - 05/11/2017 11:23 am --> Severity: Notice --> Undefined variable: child_catname /home2/carolhhp/public_html/democarol.com/homeservices/application/views/front/home.php 89
ERROR - 05/11/2017 11:23 am --> Severity: Notice --> Trying to get property of non-object /home2/carolhhp/public_html/democarol.com/homeservices/application/views/front/home.php 89
ERROR - 05/11/2017 11:23 am --> Severity: Notice --> Undefined variable: child_catname /home2/carolhhp/public_html/democarol.com/homeservices/application/views/front/home.php 90
ERROR - 05/11/2017 11:23 am --> Severity: Notice --> Trying to get property of non-object /home2/carolhhp/public_html/democarol.com/homeservices/application/views/front/home.php 90
ERROR - 05/11/2017 11:23 am --> Severity: Notice --> Undefined variable: child_catname /home2/carolhhp/public_html/democarol.com/homeservices/application/views/front/home.php 91
ERROR - 05/11/2017 11:23 am --> Severity: Notice --> Trying to get property of non-object /home2/carolhhp/public_html/democarol.com/homeservices/application/views/front/home.php 91
ERROR - 05/11/2017 11:23 am --> Severity: Notice --> Undefined variable: child_catname /home2/carolhhp/public_html/democarol.com/homeservices/application/views/front/home.php 92
ERROR - 05/11/2017 11:23 am --> Severity: Notice --> Trying to get property of non-object /home2/carolhhp/public_html/democarol.com/homeservices/application/views/front/home.php 92
ERROR - 05/11/2017 11:23 am --> Severity: Notice --> Undefined variable: child_catname /home2/carolhhp/public_html/democarol.com/homeservices/application/views/front/home.php 93
ERROR - 05/11/2017 11:23 am --> Severity: Notice --> Trying to get property of non-object /home2/carolhhp/public_html/democarol.com/homeservices/application/views/front/home.php 93
ERROR - 05/11/2017 11:23 am --> Severity: Notice --> Use of undefined constant php - assumed 'php' /home2/carolhhp/public_html/democarol.com/homeservices/application/views/front/home.php 100
ERROR - 05/11/2017 12:54 am --> 404 Page Not Found: front/Service/badroom_plan
ERROR - 05/11/2017 12:54 am --> 404 Page Not Found: front/Service/badroom_plan
ERROR - 05/11/2017 12:54 am --> 404 Page Not Found: Assets/front
ERROR - 05/11/2017 12:54 am --> 404 Page Not Found: Assets/front
ERROR - 05/11/2017 12:54 am --> 404 Page Not Found: Assets/front
ERROR - 05/11/2017 12:54 am --> 404 Page Not Found: Assets/front
ERROR - 05/11/2017 12:54 am --> 404 Page Not Found: Assets/front
ERROR - 05/11/2017 12:54 am --> 404 Page Not Found: Assets/front
ERROR - 05/11/2017 01:12 am --> 404 Page Not Found: Assets/img
ERROR - 05/11/2017 01:12 am --> 404 Page Not Found: Assets/js
ERROR - 05/11/2017 01:12 am --> 404 Page Not Found: Images/photos
ERROR - 05/11/2017 01:12 am --> 404 Page Not Found: Images/photos
ERROR - 05/11/2017 01:12 am --> 404 Page Not Found: Assets/js
ERROR - 05/11/2017 01:12 am --> 404 Page Not Found: Assets/js
ERROR - 05/11/2017 01:12 am --> 404 Page Not Found: Assets/js
ERROR - 05/11/2017 01:12 am --> 404 Page Not Found: Assets/js
ERROR - 05/11/2017 01:12 am --> 404 Page Not Found: Images/photos
ERROR - 05/11/2017 01:12 am --> 404 Page Not Found: Assets/js
ERROR - 05/11/2017 01:12 am --> 404 Page Not Found: Assets/js
ERROR - 05/11/2017 12:08 pm --> Severity: Warning --> Invalid argument supplied for foreach() /home2/carolhhp/public_html/democarol.com/homeservices/application/libraries/Myclass.php 110
ERROR - 05/11/2017 12:08 pm --> Severity: Warning --> Invalid argument supplied for foreach() /home2/carolhhp/public_html/democarol.com/homeservices/application/libraries/Myclass.php 110
ERROR - 05/11/2017 12:08 pm --> Severity: Warning --> Invalid argument supplied for foreach() /home2/carolhhp/public_html/democarol.com/homeservices/application/libraries/Myclass.php 110
ERROR - 05/11/2017 12:22 pm --> Query error: Table 'carolhhp_services.ai_state' doesn't exist - Invalid query: SELECT `regionid`, `region`, `code`, `status`
FROM `ai_state`
WHERE `countryid` = 'India'
ERROR - 05/11/2017 12:39 pm --> Query error: Table 'carolhhp_services.ai_state' doesn't exist - Invalid query: SELECT `regionid`, `region`, `code`, `status`
FROM `ai_state`
WHERE `countryid` = 'Afghanistan'
ERROR - 05/11/2017 12:40 pm --> Severity: Notice --> Undefined property: Myclass::$db /home2/carolhhp/public_html/democarol.com/homeservices/application/libraries/Myclass.php 107
ERROR - 05/11/2017 12:40 pm --> Severity: Warning --> Cannot modify header information - headers already sent by (output started at /home2/carolhhp/public_html/democarol.com/homeservices/system/core/Exceptions.php:271) /home2/carolhhp/public_html/democarol.com/homeservices/system/core/Common.php 573
ERROR - 05/11/2017 12:40 pm --> Severity: Error --> Call to a member function last_query() on null /home2/carolhhp/public_html/democarol.com/homeservices/application/libraries/Myclass.php 107
ERROR - 05/11/2017 01:04 pm --> Severity: Notice --> Undefined index: ZIPCode /home2/carolhhp/public_html/democarol.com/homeservices/application/controllers/front/Vendors.php 77
ERROR - 05/11/2017 01:04 pm --> Severity: Warning --> Cannot modify header information - headers already sent by (output started at /home2/carolhhp/public_html/democarol.com/homeservices/system/core/Exceptions.php:271) /home2/carolhhp/public_html/democarol.com/homeservices/system/helpers/url_helper.php 564
ERROR - 05/11/2017 02:35 am --> 404 Page Not Found: front/Vendors/vendors_fill_details
ERROR - 05/11/2017 01:05 pm --> Severity: Notice --> Undefined variable: child_catname /home2/carolhhp/public_html/democarol.com/homeservices/application/views/front/home.php 89
ERROR - 05/11/2017 01:05 pm --> Severity: Notice --> Trying to get property of non-object /home2/carolhhp/public_html/democarol.com/homeservices/application/views/front/home.php 89
ERROR - 05/11/2017 01:05 pm --> Severity: Notice --> Undefined variable: child_catname /home2/carolhhp/public_html/democarol.com/homeservices/application/views/front/home.php 90
ERROR - 05/11/2017 01:05 pm --> Severity: Notice --> Trying to get property of non-object /home2/carolhhp/public_html/democarol.com/homeservices/application/views/front/home.php 90
ERROR - 05/11/2017 01:05 pm --> Severity: Notice --> Undefined variable: child_catname /home2/carolhhp/public_html/democarol.com/homeservices/application/views/front/home.php 91
ERROR - 05/11/2017 01:05 pm --> Severity: Notice --> Trying to get property of non-object /home2/carolhhp/public_html/democarol.com/homeservices/application/views/front/home.php 91
ERROR - 05/11/2017 01:05 pm --> Severity: Notice --> Undefined variable: child_catname /home2/carolhhp/public_html/democarol.com/homeservices/application/views/front/home.php 92
ERROR - 05/11/2017 01:05 pm --> Severity: Notice --> Trying to get property of non-object /home2/carolhhp/public_html/democarol.com/homeservices/application/views/front/home.php 92
ERROR - 05/11/2017 01:05 pm --> Severity: Notice --> Undefined variable: child_catname /home2/carolhhp/public_html/democarol.com/homeservices/application/views/front/home.php 93
ERROR - 05/11/2017 01:05 pm --> Severity: Notice --> Trying to get property of non-object /home2/carolhhp/public_html/democarol.com/homeservices/application/views/front/home.php 93
ERROR - 05/11/2017 01:05 pm --> Severity: Notice --> Use of undefined constant php - assumed 'php' /home2/carolhhp/public_html/democarol.com/homeservices/application/views/front/home.php 100
ERROR - 05/11/2017 02:40 am --> 404 Page Not Found: Images/photos
ERROR - 05/11/2017 02:40 am --> 404 Page Not Found: Assets/js
ERROR - 05/11/2017 02:40 am --> 404 Page Not Found: Assets/js
ERROR - 05/11/2017 02:40 am --> 404 Page Not Found: Assets/js
ERROR - 05/11/2017 02:40 am --> 404 Page Not Found: Assets/js
ERROR - 05/11/2017 02:40 am --> 404 Page Not Found: Assets/js
ERROR - 05/11/2017 02:40 am --> 404 Page Not Found: Images/photos
ERROR - 05/11/2017 02:40 am --> 404 Page Not Found: Assets/js
ERROR - 05/11/2017 02:40 am --> 404 Page Not Found: Assets/js
ERROR - 05/11/2017 02:40 am --> 404 Page Not Found: Assets/js
ERROR - 05/11/2017 02:42 am --> 404 Page Not Found: Assets/js
ERROR - 05/11/2017 02:42 am --> 404 Page Not Found: Assets/js
ERROR - 05/11/2017 02:42 am --> 404 Page Not Found: Assets/js
ERROR - 05/11/2017 02:42 am --> 404 Page Not Found: Assets/js
ERROR - 05/11/2017 02:42 am --> 404 Page Not Found: Images/photos
ERROR - 05/11/2017 02:42 am --> 404 Page Not Found: Assets/js
ERROR - 05/11/2017 02:42 am --> 404 Page Not Found: Assets/js
ERROR - 05/11/2017 02:42 am --> 404 Page Not Found: Images/photos
ERROR - 05/11/2017 02:42 am --> 404 Page Not Found: Assets/js
ERROR - 05/11/2017 02:42 am --> 404 Page Not Found: Assets/js
ERROR - 05/11/2017 02:42 am --> 404 Page Not Found: Assets/js
ERROR - 05/11/2017 02:42 am --> 404 Page Not Found: Css/auto_select
ERROR - 05/11/2017 02:42 am --> 404 Page Not Found: Js/docsupport
ERROR - 05/11/2017 02:42 am --> 404 Page Not Found: Js/docsupport
ERROR - 05/11/2017 02:42 am --> 404 Page Not Found: Js/docsupport
ERROR - 05/11/2017 02:42 am --> 404 Page Not Found: Images/photos
ERROR - 05/11/2017 02:42 am --> 404 Page Not Found: Js/docsupport
ERROR - 05/11/2017 02:43 am --> 404 Page Not Found: front/Service/badroom_plan
ERROR - 05/11/2017 02:43 am --> 404 Page Not Found: front/Service/badroom_plan
ERROR - 05/11/2017 02:43 am --> 404 Page Not Found: Assets/front
ERROR - 05/11/2017 02:43 am --> 404 Page Not Found: Assets/front
ERROR - 05/11/2017 02:43 am --> 404 Page Not Found: Assets/front
ERROR - 05/11/2017 02:43 am --> 404 Page Not Found: Assets/front
ERROR - 05/11/2017 02:43 am --> 404 Page Not Found: Assets/front
ERROR - 05/11/2017 02:43 am --> 404 Page Not Found: Assets/front
ERROR - 05/11/2017 02:44 am --> 404 Page Not Found: Assets/js
ERROR - 05/11/2017 02:44 am --> 404 Page Not Found: Assets/js
ERROR - 05/11/2017 02:44 am --> 404 Page Not Found: Assets/js
ERROR - 05/11/2017 02:44 am --> 404 Page Not Found: Assets/js
ERROR - 05/11/2017 02:44 am --> 404 Page Not Found: Images/photos
ERROR - 05/11/2017 02:44 am --> 404 Page Not Found: Images/loading_spinner.gif
ERROR - 05/11/2017 02:46 am --> 404 Page Not Found: Assets/js
ERROR - 05/11/2017 02:46 am --> 404 Page Not Found: Assets/js
ERROR - 05/11/2017 02:46 am --> 404 Page Not Found: Assets/js
ERROR - 05/11/2017 02:46 am --> 404 Page Not Found: Assets/js
ERROR - 05/11/2017 02:46 am --> 404 Page Not Found: Images/photos
ERROR - 05/11/2017 02:46 am --> 404 Page Not Found: Images/loading_spinner.gif
ERROR - 05/11/2017 02:46 am --> 404 Page Not Found: Assets/js
ERROR - 05/11/2017 02:46 am --> 404 Page Not Found: Images/loading_spinner.gif
ERROR - 05/11/2017 02:46 am --> 404 Page Not Found: Images/photos
ERROR - 05/11/2017 02:46 am --> 404 Page Not Found: Assets/js
ERROR - 05/11/2017 02:46 am --> 404 Page Not Found: Assets/js
ERROR - 05/11/2017 02:46 am --> 404 Page Not Found: Assets/js
ERROR - 05/11/2017 04:28 am --> 404 Page Not Found: Assets/front
ERROR - 05/11/2017 04:28 am --> 404 Page Not Found: Assets/front
ERROR - 05/11/2017 04:28 am --> 404 Page Not Found: Assets/front
ERROR - 05/11/2017 04:28 am --> 404 Page Not Found: Assets/front
ERROR - 05/11/2017 04:28 am --> 404 Page Not Found: Assets/front
ERROR - 05/11/2017 04:40 am --> 404 Page Not Found: Images/photos
ERROR - 05/11/2017 04:40 am --> 404 Page Not Found: Assets/js
ERROR - 05/11/2017 04:40 am --> 404 Page Not Found: Js/advanced-datatable
ERROR - 05/11/2017 04:40 am --> 404 Page Not Found: Js/advanced-datatable
ERROR - 05/11/2017 04:40 am --> 404 Page Not Found: Js/advanced-datatable
ERROR - 05/11/2017 04:40 am --> 404 Page Not Found: Js/dynamic_table_init.js
ERROR - 05/11/2017 04:40 am --> 404 Page Not Found: Js/jquery.dataTables.min.js
ERROR - 05/11/2017 04:40 am --> 404 Page Not Found: Js/jquery.dataTables.min.js
ERROR - 05/11/2017 04:41 am --> 404 Page Not Found: Assets/js
ERROR - 05/11/2017 04:41 am --> 404 Page Not Found: Images/photos
ERROR - 05/11/2017 04:42 am --> 404 Page Not Found: Assets/js
ERROR - 05/11/2017 04:42 am --> 404 Page Not Found: Images/photos
ERROR - 05/11/2017 04:42 am --> 404 Page Not Found: Js/advanced-datatable
ERROR - 05/11/2017 04:42 am --> 404 Page Not Found: Js/advanced-datatable
ERROR - 05/11/2017 04:42 am --> 404 Page Not Found: Js/advanced-datatable
ERROR - 05/11/2017 04:42 am --> 404 Page Not Found: Js/dynamic_table_init.js
ERROR - 05/11/2017 04:42 am --> 404 Page Not Found: Js/jquery.dataTables.min.js
ERROR - 05/11/2017 04:42 am --> 404 Page Not Found: Js/dynamic_table_init.js
ERROR - 05/11/2017 04:42 am --> 404 Page Not Found: Js/jquery.dataTables.min.js
ERROR - 05/11/2017 03:13 pm --> Severity: Notice --> Undefined variable: child_catname /home2/carolhhp/public_html/democarol.com/homeservices/application/views/front/home.php 89
ERROR - 05/11/2017 03:13 pm --> Severity: Notice --> Trying to get property of non-object /home2/carolhhp/public_html/democarol.com/homeservices/application/views/front/home.php 89
ERROR - 05/11/2017 03:13 pm --> Severity: Notice --> Undefined variable: child_catname /home2/carolhhp/public_html/democarol.com/homeservices/application/views/front/home.php 90
ERROR - 05/11/2017 03:13 pm --> Severity: Notice --> Trying to get property of non-object /home2/carolhhp/public_html/democarol.com/homeservices/application/views/front/home.php 90
ERROR - 05/11/2017 03:13 pm --> Severity: Notice --> Undefined variable: child_catname /home2/carolhhp/public_html/democarol.com/homeservices/application/views/front/home.php 91
ERROR - 05/11/2017 03:13 pm --> Severity: Notice --> Trying to get property of non-object /home2/carolhhp/public_html/democarol.com/homeservices/application/views/front/home.php 91
ERROR - 05/11/2017 03:13 pm --> Severity: Notice --> Undefined variable: child_catname /home2/carolhhp/public_html/democarol.com/homeservices/application/views/front/home.php 92
ERROR - 05/11/2017 03:13 pm --> Severity: Notice --> Trying to get property of non-object /home2/carolhhp/public_html/democarol.com/homeservices/application/views/front/home.php 92
ERROR - 05/11/2017 03:13 pm --> Severity: Notice --> Undefined variable: child_catname /home2/carolhhp/public_html/democarol.com/homeservices/application/views/front/home.php 93
ERROR - 05/11/2017 03:13 pm --> Severity: Notice --> Trying to get property of non-object /home2/carolhhp/public_html/democarol.com/homeservices/application/views/front/home.php 93
ERROR - 05/11/2017 03:13 pm --> Severity: Notice --> Use of undefined constant php - assumed 'php' /home2/carolhhp/public_html/democarol.com/homeservices/application/views/front/home.php 100
ERROR - 05/11/2017 04:55 am --> 404 Page Not Found: front/Service/badroom_plan
ERROR - 05/11/2017 04:55 am --> 404 Page Not Found: front/Service/badroom_plan
ERROR - 05/11/2017 05:03 am --> 404 Page Not Found: front/Service/badroom_plan
ERROR - 05/11/2017 05:03 am --> 404 Page Not Found: front/Service/badroom_plan
ERROR - 05/11/2017 05:04 am --> 404 Page Not Found: front/Service/badroom_plan
ERROR - 05/11/2017 05:04 am --> 404 Page Not Found: front/Service/badroom_plan
ERROR - 05/11/2017 05:04 am --> 404 Page Not Found: Assets/front
ERROR - 05/11/2017 05:04 am --> 404 Page Not Found: Assets/front
ERROR - 05/11/2017 05:04 am --> 404 Page Not Found: Assets/front
ERROR - 05/11/2017 05:04 am --> 404 Page Not Found: Assets/front
ERROR - 05/11/2017 05:04 am --> 404 Page Not Found: Assets/front
ERROR - 05/11/2017 05:04 am --> 404 Page Not Found: Assets/front
ERROR - 05/11/2017 03:47 pm --> Severity: Notice --> Undefined variable: child_catname /home2/carolhhp/public_html/democarol.com/homeservices/application/views/front/home.php 89
ERROR - 05/11/2017 03:47 pm --> Severity: Notice --> Trying to get property of non-object /home2/carolhhp/public_html/democarol.com/homeservices/application/views/front/home.php 89
ERROR - 05/11/2017 03:47 pm --> Severity: Notice --> Undefined variable: child_catname /home2/carolhhp/public_html/democarol.com/homeservices/application/views/front/home.php 90
ERROR - 05/11/2017 03:47 pm --> Severity: Notice --> Trying to get property of non-object /home2/carolhhp/public_html/democarol.com/homeservices/application/views/front/home.php 90
ERROR - 05/11/2017 03:47 pm --> Severity: Notice --> Undefined variable: child_catname /home2/carolhhp/public_html/democarol.com/homeservices/application/views/front/home.php 91
ERROR - 05/11/2017 03:47 pm --> Severity: Notice --> Trying to get property of non-object /home2/carolhhp/public_html/democarol.com/homeservices/application/views/front/home.php 91
ERROR - 05/11/2017 03:47 pm --> Severity: Notice --> Undefined variable: child_catname /home2/carolhhp/public_html/democarol.com/homeservices/application/views/front/home.php 92
ERROR - 05/11/2017 03:47 pm --> Severity: Notice --> Trying to get property of non-object /home2/carolhhp/public_html/democarol.com/homeservices/application/views/front/home.php 92
ERROR - 05/11/2017 03:47 pm --> Severity: Notice --> Undefined variable: child_catname /home2/carolhhp/public_html/democarol.com/homeservices/application/views/front/home.php 93
ERROR - 05/11/2017 03:47 pm --> Severity: Notice --> Trying to get property of non-object /home2/carolhhp/public_html/democarol.com/homeservices/application/views/front/home.php 93
ERROR - 05/11/2017 03:47 pm --> Severity: Notice --> Use of undefined constant php - assumed 'php' /home2/carolhhp/public_html/democarol.com/homeservices/application/views/front/home.php 100
ERROR - 05/11/2017 05:18 am --> 404 Page Not Found: Assets/front
ERROR - 05/11/2017 05:52 am --> 404 Page Not Found: Images/photos
ERROR - 05/11/2017 05:52 am --> 404 Page Not Found: Assets/js
ERROR - 05/11/2017 05:52 am --> 404 Page Not Found: Images/photos
ERROR - 05/11/2017 05:54 am --> 404 Page Not Found: Assets/front
ERROR - 05/11/2017 04:24 pm --> Severity: Notice --> Trying to get property of non-object /home2/carolhhp/public_html/democarol.com/homeservices/application/views/front/services/without_plan_service.php 13
ERROR - 05/11/2017 04:24 pm --> Severity: Notice --> Trying to get property of non-object /home2/carolhhp/public_html/democarol.com/homeservices/application/views/front/services/without_plan_service.php 14
ERROR - 05/11/2017 04:24 pm --> Severity: Notice --> Trying to get property of non-object /home2/carolhhp/public_html/democarol.com/homeservices/application/views/front/services/without_plan_service.php 42
ERROR - 05/11/2017 04:24 pm --> Severity: Notice --> Trying to get property of non-object /home2/carolhhp/public_html/democarol.com/homeservices/application/views/front/services/without_plan_service.php 126
ERROR - 05/11/2017 04:24 pm --> Severity: Notice --> Trying to get property of non-object /home2/carolhhp/public_html/democarol.com/homeservices/application/views/front/services/without_plan_service.php 156
ERROR - 05/11/2017 04:24 pm --> Severity: Notice --> Trying to get property of non-object /home2/carolhhp/public_html/democarol.com/homeservices/application/views/front/services/without_plan_service.php 186
ERROR - 05/11/2017 05:54 am --> 404 Page Not Found: Assets/front
ERROR - 05/11/2017 05:55 am --> 404 Page Not Found: Assets/front
ERROR - 05/11/2017 05:56 am --> 404 Page Not Found: Assets/front
ERROR - 05/11/2017 05:59 am --> 404 Page Not Found: Assets/front
ERROR - 05/11/2017 05:59 am --> 404 Page Not Found: Assets/front
ERROR - 05/11/2017 06:01 am --> 404 Page Not Found: Assets/front
ERROR - 05/11/2017 06:01 am --> 404 Page Not Found: Assets/front
ERROR - 05/11/2017 06:05 am --> 404 Page Not Found: front/Service/badroom_plan
ERROR - 05/11/2017 06:05 am --> 404 Page Not Found: front/Service/badroom_plan
ERROR - 05/11/2017 06:05 am --> 404 Page Not Found: Assets/front
ERROR - 05/11/2017 06:05 am --> 404 Page Not Found: Assets/front
ERROR - 05/11/2017 06:05 am --> 404 Page Not Found: Assets/front
ERROR - 05/11/2017 06:05 am --> 404 Page Not Found: Assets/front
ERROR - 05/11/2017 06:05 am --> 404 Page Not Found: Assets/front
ERROR - 05/11/2017 06:05 am --> 404 Page Not Found: Assets/front
ERROR - 05/11/2017 06:10 am --> 404 Page Not Found: Assets/js
ERROR - 05/11/2017 06:10 am --> 404 Page Not Found: Assets/js
ERROR - 05/11/2017 06:10 am --> 404 Page Not Found: Assets/js
ERROR - 05/11/2017 06:10 am --> 404 Page Not Found: Images/photos
ERROR - 05/11/2017 06:10 am --> 404 Page Not Found: Assets/js
ERROR - 05/11/2017 06:11 am --> 404 Page Not Found: Images/photos
ERROR - 05/11/2017 06:11 am --> 404 Page Not Found: Assets/js
ERROR - 05/11/2017 06:11 am --> 404 Page Not Found: Images/photos
ERROR - 05/11/2017 06:11 am --> 404 Page Not Found: Assets/js
ERROR - 05/11/2017 06:11 am --> 404 Page Not Found: Assets/js
ERROR - 05/11/2017 06:11 am --> 404 Page Not Found: Assets/js
ERROR - 05/11/2017 06:11 am --> 404 Page Not Found: Images/photos
ERROR - 05/11/2017 06:51 am --> 404 Page Not Found: front/Service/badroom_plan
ERROR - 05/11/2017 06:51 am --> 404 Page Not Found: front/Service/badroom_plan
ERROR - 05/11/2017 06:51 am --> 404 Page Not Found: Assets/front
ERROR - 05/11/2017 06:51 am --> 404 Page Not Found: Assets/front
ERROR - 05/11/2017 06:51 am --> 404 Page Not Found: Assets/front
ERROR - 05/11/2017 06:51 am --> 404 Page Not Found: Assets/front
ERROR - 05/11/2017 06:51 am --> 404 Page Not Found: Assets/front
ERROR - 05/11/2017 06:52 am --> 404 Page Not Found: Assets/front
ERROR - 05/11/2017 06:53 am --> 404 Page Not Found: Assets/front
ERROR - 05/11/2017 05:42 pm --> Severity: Notice --> Undefined variable: single_cate /home2/carolhhp/public_html/democarol.com/homeservices/application/views/front/services/pressure_washing.php 10
ERROR - 05/11/2017 05:42 pm --> Severity: Notice --> Trying to get property of non-object /home2/carolhhp/public_html/democarol.com/homeservices/application/views/front/services/pressure_washing.php 10
ERROR - 05/11/2017 05:42 pm --> Severity: Notice --> Undefined variable: single_cate /home2/carolhhp/public_html/democarol.com/homeservices/application/views/front/services/pressure_washing.php 11
ERROR - 05/11/2017 05:42 pm --> Severity: Notice --> Trying to get property of non-object /home2/carolhhp/public_html/democarol.com/homeservices/application/views/front/services/pressure_washing.php 11
ERROR - 05/11/2017 05:43 pm --> Severity: Notice --> Undefined variable: single_cate /home2/carolhhp/public_html/democarol.com/homeservices/application/views/front/services/pressure_washing.php 10
ERROR - 05/11/2017 05:43 pm --> Severity: Notice --> Trying to get property of non-object /home2/carolhhp/public_html/democarol.com/homeservices/application/views/front/services/pressure_washing.php 10
ERROR - 05/11/2017 05:43 pm --> Severity: Notice --> Undefined variable: single_cate /home2/carolhhp/public_html/democarol.com/homeservices/application/views/front/services/pressure_washing.php 11
ERROR - 05/11/2017 05:43 pm --> Severity: Notice --> Trying to get property of non-object /home2/carolhhp/public_html/democarol.com/homeservices/application/views/front/services/pressure_washing.php 11
ERROR - 05/11/2017 05:48 pm --> Severity: Notice --> Undefined variable: single_parnt_img /home2/carolhhp/public_html/democarol.com/homeservices/application/views/front/services/pressure_washing.php 8
ERROR - 05/11/2017 05:48 pm --> Severity: Notice --> Trying to get property of non-object /home2/carolhhp/public_html/democarol.com/homeservices/application/views/front/services/pressure_washing.php 8
ERROR - 05/11/2017 05:48 pm --> Severity: Notice --> Undefined property: stdClass::$cat_picture /home2/carolhhp/public_html/democarol.com/homeservices/application/views/front/services/pressure_washing.php 8
ERROR - 05/11/2017 07:19 am --> 404 Page Not Found: front/Service/pressure_washing
ERROR - 05/11/2017 07:27 am --> 404 Page Not Found: Assets/js
ERROR - 05/11/2017 07:27 am --> 404 Page Not Found: Assets/js
ERROR - 05/11/2017 07:27 am --> 404 Page Not Found: Assets/js
ERROR - 05/11/2017 07:27 am --> 404 Page Not Found: Images/photos
ERROR - 05/11/2017 07:27 am --> 404 Page Not Found: Assets/front
ERROR - 05/11/2017 06:45 pm --> Query error: Column 'fullname' cannot be null - Invalid query: INSERT INTO `ai_pressure_washing` (`user_id`, `cat_name`, `fullname`, `email`, `phone`, `desc`, `status`, `date_added`) VALUES ('', 'Pressure Washing', NULL, NULL, NULL, NULL, '0', '2017-05-11')
ERROR - 05/11/2017 08:37 am --> 404 Page Not Found: front/Service/badroom_plan
ERROR - 05/11/2017 08:37 am --> 404 Page Not Found: front/Service/badroom_plan
ERROR - 05/11/2017 08:38 am --> 404 Page Not Found: Assets/front
ERROR - 05/11/2017 08:38 am --> 404 Page Not Found: Assets/front
ERROR - 05/11/2017 08:38 am --> 404 Page Not Found: Assets/front
ERROR - 05/11/2017 08:38 am --> 404 Page Not Found: Assets/front
ERROR - 05/11/2017 08:38 am --> 404 Page Not Found: Assets/front
ERROR - 05/11/2017 08:38 am --> 404 Page Not Found: Assets/front
ERROR - 05/11/2017 07:22 pm --> Severity: Notice --> Undefined variable: child_catname /home2/carolhhp/public_html/democarol.com/homeservices/application/views/front/home.php 89
ERROR - 05/11/2017 07:22 pm --> Severity: Notice --> Trying to get property of non-object /home2/carolhhp/public_html/democarol.com/homeservices/application/views/front/home.php 89
ERROR - 05/11/2017 07:22 pm --> Severity: Notice --> Undefined variable: child_catname /home2/carolhhp/public_html/democarol.com/homeservices/application/views/front/home.php 90
ERROR - 05/11/2017 07:22 pm --> Severity: Notice --> Trying to get property of non-object /home2/carolhhp/public_html/democarol.com/homeservices/application/views/front/home.php 90
ERROR - 05/11/2017 07:22 pm --> Severity: Notice --> Undefined variable: child_catname /home2/carolhhp/public_html/democarol.com/homeservices/application/views/front/home.php 91
ERROR - 05/11/2017 07:22 pm --> Severity: Notice --> Trying to get property of non-object /home2/carolhhp/public_html/democarol.com/homeservices/application/views/front/home.php 91
ERROR - 05/11/2017 07:22 pm --> Severity: Notice --> Undefined variable: child_catname /home2/carolhhp/public_html/democarol.com/homeservices/application/views/front/home.php 92
ERROR - 05/11/2017 07:22 pm --> Severity: Notice --> Trying to get property of non-object /home2/carolhhp/public_html/democarol.com/homeservices/application/views/front/home.php 92
ERROR - 05/11/2017 07:22 pm --> Severity: Notice --> Undefined variable: child_catname /home2/carolhhp/public_html/democarol.com/homeservices/application/views/front/home.php 93
ERROR - 05/11/2017 07:22 pm --> Severity: Notice --> Trying to get property of non-object /home2/carolhhp/public_html/democarol.com/homeservices/application/views/front/home.php 93
ERROR - 05/11/2017 07:22 pm --> Severity: Notice --> Use of undefined constant php - assumed 'php' /home2/carolhhp/public_html/democarol.com/homeservices/application/views/front/home.php 100
ERROR - 05/11/2017 08:52 am --> 404 Page Not Found: front/Service/badroom_plan
ERROR - 05/11/2017 08:52 am --> 404 Page Not Found: front/Service/badroom_plan
ERROR - 05/11/2017 08:53 am --> 404 Page Not Found: Assets/front
ERROR - 05/11/2017 08:53 am --> 404 Page Not Found: Assets/front
ERROR - 05/11/2017 08:53 am --> 404 Page Not Found: Assets/front
ERROR - 05/11/2017 08:53 am --> 404 Page Not Found: Assets/front
ERROR - 05/11/2017 08:53 am --> 404 Page Not Found: Assets/front
ERROR - 05/11/2017 08:53 am --> 404 Page Not Found: Assets/front
ERROR - 05/11/2017 08:54 am --> 404 Page Not Found: front/Service/badroom_plan
ERROR - 05/11/2017 08:54 am --> 404 Page Not Found: front/Service/badroom_plan
ERROR - 05/11/2017 08:55 am --> 404 Page Not Found: Assets/front
ERROR - 05/11/2017 08:55 am --> 404 Page Not Found: Assets/front
ERROR - 05/11/2017 08:55 am --> 404 Page Not Found: Assets/front
ERROR - 05/11/2017 08:55 am --> 404 Page Not Found: Assets/front
ERROR - 05/11/2017 08:55 am --> 404 Page Not Found: Assets/front
ERROR - 05/11/2017 08:55 am --> 404 Page Not Found: Assets/front
ERROR - 05/11/2017 08:56 am --> 404 Page Not Found: Assets/front
ERROR - 05/11/2017 08:56 am --> 404 Page Not Found: Assets/front
ERROR - 05/11/2017 08:56 am --> 404 Page Not Found: Assets/front
ERROR - 05/11/2017 08:56 am --> 404 Page Not Found: Assets/front
ERROR - 05/11/2017 08:56 am --> 404 Page Not Found: Assets/front
ERROR - 05/11/2017 07:26 pm --> Severity: Notice --> Undefined variable: child_catname /home2/carolhhp/public_html/democarol.com/homeservices/application/views/front/home.php 89
ERROR - 05/11/2017 07:26 pm --> Severity: Notice --> Trying to get property of non-object /home2/carolhhp/public_html/democarol.com/homeservices/application/views/front/home.php 89
ERROR - 05/11/2017 07:26 pm --> Severity: Notice --> Undefined variable: child_catname /home2/carolhhp/public_html/democarol.com/homeservices/application/views/front/home.php 90
ERROR - 05/11/2017 07:26 pm --> Severity: Notice --> Trying to get property of non-object /home2/carolhhp/public_html/democarol.com/homeservices/application/views/front/home.php 90
ERROR - 05/11/2017 07:26 pm --> Severity: Notice --> Undefined variable: child_catname /home2/carolhhp/public_html/democarol.com/homeservices/application/views/front/home.php 91
ERROR - 05/11/2017 07:26 pm --> Severity: Notice --> Trying to get property of non-object /home2/carolhhp/public_html/democarol.com/homeservices/application/views/front/home.php 91
ERROR - 05/11/2017 07:26 pm --> Severity: Notice --> Undefined variable: child_catname /home2/carolhhp/public_html/democarol.com/homeservices/application/views/front/home.php 92
ERROR - 05/11/2017 07:26 pm --> Severity: Notice --> Trying to get property of non-object /home2/carolhhp/public_html/democarol.com/homeservices/application/views/front/home.php 92
ERROR - 05/11/2017 07:26 pm --> Severity: Notice --> Undefined variable: child_catname /home2/carolhhp/public_html/democarol.com/homeservices/application/views/front/home.php 93
ERROR - 05/11/2017 07:26 pm --> Severity: Notice --> Trying to get property of non-object /home2/carolhhp/public_html/democarol.com/homeservices/application/views/front/home.php 93
ERROR - 05/11/2017 07:26 pm --> Severity: Notice --> Use of undefined constant php - assumed 'php' /home2/carolhhp/public_html/democarol.com/homeservices/application/views/front/home.php 100
ERROR - 05/11/2017 07:26 pm --> Severity: Notice --> Undefined variable: child_catname /home2/carolhhp/public_html/democarol.com/homeservices/application/views/front/home.php 89
ERROR - 05/11/2017 07:26 pm --> Severity: Notice --> Trying to get property of non-object /home2/carolhhp/public_html/democarol.com/homeservices/application/views/front/home.php 89
ERROR - 05/11/2017 07:26 pm --> Severity: Notice --> Undefined variable: child_catname /home2/carolhhp/public_html/democarol.com/homeservices/application/views/front/home.php 90
ERROR - 05/11/2017 07:26 pm --> Severity: Notice --> Trying to get property of non-object /home2/carolhhp/public_html/democarol.com/homeservices/application/views/front/home.php 90
ERROR - 05/11/2017 07:26 pm --> Severity: Notice --> Undefined variable: child_catname /home2/carolhhp/public_html/democarol.com/homeservices/application/views/front/home.php 91
ERROR - 05/11/2017 07:26 pm --> Severity: Notice --> Trying to get property of non-object /home2/carolhhp/public_html/democarol.com/homeservices/application/views/front/home.php 91
ERROR - 05/11/2017 07:26 pm --> Severity: Notice --> Undefined variable: child_catname /home2/carolhhp/public_html/democarol.com/homeservices/application/views/front/home.php 92
ERROR - 05/11/2017 07:26 pm --> Severity: Notice --> Trying to get property of non-object /home2/carolhhp/public_html/democarol.com/homeservices/application/views/front/home.php 92
ERROR - 05/11/2017 07:26 pm --> Severity: Notice --> Undefined variable: child_catname /home2/carolhhp/public_html/democarol.com/homeservices/application/views/front/home.php 93
ERROR - 05/11/2017 07:26 pm --> Severity: Notice --> Trying to get property of non-object /home2/carolhhp/public_html/democarol.com/homeservices/application/views/front/home.php 93
ERROR - 05/11/2017 07:26 pm --> Severity: Notice --> Use of undefined constant php - assumed 'php' /home2/carolhhp/public_html/democarol.com/homeservices/application/views/front/home.php 100
ERROR - 05/11/2017 07:26 pm --> Severity: Notice --> Undefined variable: child_catname /home2/carolhhp/public_html/democarol.com/homeservices/application/views/front/home.php 89
ERROR - 05/11/2017 07:26 pm --> Severity: Notice --> Trying to get property of non-object /home2/carolhhp/public_html/democarol.com/homeservices/application/views/front/home.php 89
ERROR - 05/11/2017 07:26 pm --> Severity: Notice --> Undefined variable: child_catname /home2/carolhhp/public_html/democarol.com/homeservices/application/views/front/home.php 90
ERROR - 05/11/2017 07:26 pm --> Severity: Notice --> Trying to get property of non-object /home2/carolhhp/public_html/democarol.com/homeservices/application/views/front/home.php 90
ERROR - 05/11/2017 07:26 pm --> Severity: Notice --> Undefined variable: child_catname /home2/carolhhp/public_html/democarol.com/homeservices/application/views/front/home.php 91
ERROR - 05/11/2017 07:26 pm --> Severity: Notice --> Trying to get property of non-object /home2/carolhhp/public_html/democarol.com/homeservices/application/views/front/home.php 91
ERROR - 05/11/2017 07:26 pm --> Severity: Notice --> Undefined variable: child_catname /home2/carolhhp/public_html/democarol.com/homeservices/application/views/front/home.php 92
ERROR - 05/11/2017 07:26 pm --> Severity: Notice --> Trying to get property of non-object /home2/carolhhp/public_html/democarol.com/homeservices/application/views/front/home.php 92
ERROR - 05/11/2017 07:26 pm --> Severity: Notice --> Undefined variable: child_catname /home2/carolhhp/public_html/democarol.com/homeservices/application/views/front/home.php 93
ERROR - 05/11/2017 07:26 pm --> Severity: Notice --> Trying to get property of non-object /home2/carolhhp/public_html/democarol.com/homeservices/application/views/front/home.php 93
ERROR - 05/11/2017 07:26 pm --> Severity: Notice --> Use of undefined constant php - assumed 'php' /home2/carolhhp/public_html/democarol.com/homeservices/application/views/front/home.php 100
ERROR - 05/11/2017 08:57 am --> 404 Page Not Found: front/Service/badroom_plan
ERROR - 05/11/2017 08:57 am --> 404 Page Not Found: front/Service/badroom_plan
ERROR - 05/11/2017 08:57 am --> 404 Page Not Found: Assets/front
ERROR - 05/11/2017 08:57 am --> 404 Page Not Found: Assets/front
ERROR - 05/11/2017 08:57 am --> 404 Page Not Found: Assets/front
ERROR - 05/11/2017 08:57 am --> 404 Page Not Found: Assets/front
ERROR - 05/11/2017 08:57 am --> 404 Page Not Found: Assets/front
ERROR - 05/11/2017 08:57 am --> 404 Page Not Found: Assets/front
ERROR - 05/11/2017 08:57 am --> 404 Page Not Found: Assets/front
ERROR - 05/11/2017 08:57 am --> 404 Page Not Found: Assets/front
ERROR - 05/11/2017 08:57 am --> 404 Page Not Found: Assets/front
ERROR - 05/11/2017 08:57 am --> 404 Page Not Found: Assets/front
ERROR - 05/11/2017 08:57 am --> 404 Page Not Found: Assets/front
ERROR - 05/11/2017 08:57 am --> 404 Page Not Found: Assets/front
ERROR - 05/11/2017 07:53 pm --> Severity: Notice --> Trying to get property of non-object /home2/carolhhp/public_html/democarol.com/homeservices/application/views/front/services/booking_form.php 448
ERROR - 05/11/2017 07:53 pm --> Severity: Notice --> Trying to get property of non-object /home2/carolhhp/public_html/democarol.com/homeservices/application/views/front/services/booking_form.php 449
ERROR - 05/11/2017 07:53 pm --> Severity: Notice --> Trying to get property of non-object /home2/carolhhp/public_html/democarol.com/homeservices/application/views/front/services/booking_form.php 457
ERROR - 05/11/2017 07:53 pm --> Severity: Notice --> Trying to get property of non-object /home2/carolhhp/public_html/democarol.com/homeservices/application/views/front/services/booking_form.php 458
ERROR - 05/11/2017 07:53 pm --> Severity: Notice --> Trying to get property of non-object /home2/carolhhp/public_html/democarol.com/homeservices/application/views/front/services/booking_form.php 458
ERROR - 05/11/2017 07:53 pm --> Severity: Notice --> Trying to get property of non-object /home2/carolhhp/public_html/democarol.com/homeservices/application/views/front/services/booking_form.php 460
ERROR - 05/11/2017 07:53 pm --> Severity: Notice --> Trying to get property of non-object /home2/carolhhp/public_html/democarol.com/homeservices/application/views/front/services/booking_form.php 461
ERROR - 05/11/2017 07:53 pm --> Severity: Notice --> Trying to get property of non-object /home2/carolhhp/public_html/democarol.com/homeservices/application/views/front/services/booking_form.php 461
ERROR - 05/11/2017 07:53 pm --> Severity: Notice --> Trying to get property of non-object /home2/carolhhp/public_html/democarol.com/homeservices/application/views/front/services/booking_form.php 463
ERROR - 05/11/2017 07:53 pm --> Severity: Notice --> Trying to get property of non-object /home2/carolhhp/public_html/democarol.com/homeservices/application/views/front/services/booking_form.php 464
ERROR - 05/11/2017 07:53 pm --> Severity: Notice --> Trying to get property of non-object /home2/carolhhp/public_html/democarol.com/homeservices/application/views/front/services/booking_form.php 464
ERROR - 05/11/2017 07:53 pm --> Severity: Notice --> Trying to get property of non-object /home2/carolhhp/public_html/democarol.com/homeservices/application/views/front/services/booking_form.php 448
ERROR - 05/11/2017 07:53 pm --> Severity: Notice --> Trying to get property of non-object /home2/carolhhp/public_html/democarol.com/homeservices/application/views/front/services/booking_form.php 449
ERROR - 05/11/2017 07:53 pm --> Severity: Notice --> Trying to get property of non-object /home2/carolhhp/public_html/democarol.com/homeservices/application/views/front/services/booking_form.php 457
ERROR - 05/11/2017 07:53 pm --> Severity: Notice --> Trying to get property of non-object /home2/carolhhp/public_html/democarol.com/homeservices/application/views/front/services/booking_form.php 458
ERROR - 05/11/2017 07:53 pm --> Severity: Notice --> Trying to get property of non-object /home2/carolhhp/public_html/democarol.com/homeservices/application/views/front/services/booking_form.php 458
ERROR - 05/11/2017 07:53 pm --> Severity: Notice --> Trying to get property of non-object /home2/carolhhp/public_html/democarol.com/homeservices/application/views/front/services/booking_form.php 460
ERROR - 05/11/2017 07:53 pm --> Severity: Notice --> Trying to get property of non-object /home2/carolhhp/public_html/democarol.com/homeservices/application/views/front/services/booking_form.php 461
ERROR - 05/11/2017 07:53 pm --> Severity: Notice --> Trying to get property of non-object /home2/carolhhp/public_html/democarol.com/homeservices/application/views/front/services/booking_form.php 461
ERROR - 05/11/2017 07:53 pm --> Severity: Notice --> Trying to get property of non-object /home2/carolhhp/public_html/democarol.com/homeservices/application/views/front/services/booking_form.php 463
ERROR - 05/11/2017 07:53 pm --> Severity: Notice --> Trying to get property of non-object /home2/carolhhp/public_html/democarol.com/homeservices/application/views/front/services/booking_form.php 464
ERROR - 05/11/2017 07:53 pm --> Severity: Notice --> Trying to get property of non-object /home2/carolhhp/public_html/democarol.com/homeservices/application/views/front/services/booking_form.php 464
ERROR - 05/11/2017 09:23 am --> 404 Page Not Found: front/Service/badroom_plan
ERROR - 05/11/2017 09:23 am --> 404 Page Not Found: front/Service/badroom_plan
ERROR - 05/11/2017 09:23 am --> 404 Page Not Found: Assets/front
ERROR - 05/11/2017 09:23 am --> 404 Page Not Found: Assets/front
ERROR - 05/11/2017 09:23 am --> 404 Page Not Found: Assets/front
ERROR - 05/11/2017 09:23 am --> 404 Page Not Found: Assets/front
ERROR - 05/11/2017 09:23 am --> 404 Page Not Found: Assets/front
ERROR - 05/11/2017 09:23 am --> 404 Page Not Found: Assets/front
ERROR - 05/11/2017 07:57 pm --> Severity: Notice --> Undefined variable: child_catname /home2/carolhhp/public_html/democarol.com/homeservices/application/views/front/home.php 89
ERROR - 05/11/2017 07:57 pm --> Severity: Notice --> Trying to get property of non-object /home2/carolhhp/public_html/democarol.com/homeservices/application/views/front/home.php 89
ERROR - 05/11/2017 07:57 pm --> Severity: Notice --> Undefined variable: child_catname /home2/carolhhp/public_html/democarol.com/homeservices/application/views/front/home.php 90
ERROR - 05/11/2017 07:57 pm --> Severity: Notice --> Trying to get property of non-object /home2/carolhhp/public_html/democarol.com/homeservices/application/views/front/home.php 90
ERROR - 05/11/2017 07:57 pm --> Severity: Notice --> Undefined variable: child_catname /home2/carolhhp/public_html/democarol.com/homeservices/application/views/front/home.php 91
ERROR - 05/11/2017 07:57 pm --> Severity: Notice --> Trying to get property of non-object /home2/carolhhp/public_html/democarol.com/homeservices/application/views/front/home.php 91
ERROR - 05/11/2017 07:57 pm --> Severity: Notice --> Undefined variable: child_catname /home2/carolhhp/public_html/democarol.com/homeservices/application/views/front/home.php 92
ERROR - 05/11/2017 07:57 pm --> Severity: Notice --> Trying to get property of non-object /home2/carolhhp/public_html/democarol.com/homeservices/application/views/front/home.php 92
ERROR - 05/11/2017 07:57 pm --> Severity: Notice --> Undefined variable: child_catname /home2/carolhhp/public_html/democarol.com/homeservices/application/views/front/home.php 93
ERROR - 05/11/2017 07:57 pm --> Severity: Notice --> Trying to get property of non-object /home2/carolhhp/public_html/democarol.com/homeservices/application/views/front/home.php 93
ERROR - 05/11/2017 07:57 pm --> Severity: Notice --> Use of undefined constant php - assumed 'php' /home2/carolhhp/public_html/democarol.com/homeservices/application/views/front/home.php 100
ERROR - 05/11/2017 09:28 am --> 404 Page Not Found: front/Service/badroom_plan
ERROR - 05/11/2017 09:28 am --> 404 Page Not Found: front/Service/badroom_plan
ERROR - 05/11/2017 09:28 am --> 404 Page Not Found: Assets/front
ERROR - 05/11/2017 09:28 am --> 404 Page Not Found: Assets/front
ERROR - 05/11/2017 09:28 am --> 404 Page Not Found: Assets/front
ERROR - 05/11/2017 09:28 am --> 404 Page Not Found: Assets/front
ERROR - 05/11/2017 09:28 am --> 404 Page Not Found: Assets/front
ERROR - 05/11/2017 09:32 am --> 404 Page Not Found: Assets/front
ERROR - 05/11/2017 09:33 am --> 404 Page Not Found: Assets/front
