ERROR - 03/03/2017 01:46 am --> 404 Page Not Found: Assets/img
ERROR - 03/03/2017 01:46 am --> 404 Page Not Found: Assets/js
ERROR - 03/03/2017 01:46 am --> 404 Page Not Found: Images/photos
ERROR - 03/03/2017 01:55 am --> 404 Page Not Found: front/Service/check_price
ERROR - 03/03/2017 01:56 am --> 404 Page Not Found: front/Service/check_price
ERROR - 03/03/2017 02:39 am --> 404 Page Not Found: front/Service/check_price
ERROR - 03/03/2017 02:41 am --> Severity: Warning --> Cannot modify header information - headers already sent by (output started at /home2/carolhhp/public_html/democarol.com/homeservices/application/controllers/front/Service.php:31) /home2/carolhhp/public_html/democarol.com/homeservices/system/core/Common.php 573
ERROR - 03/03/2017 02:41 am --> Severity: Parsing Error --> syntax error, unexpected end of file /home2/carolhhp/public_html/democarol.com/homeservices/application/controllers/front/Service.php 31
ERROR - 03/03/2017 02:54 am --> Severity: Warning --> Cannot modify header information - headers already sent by (output started at /home2/carolhhp/public_html/democarol.com/homeservices/application/controllers/front/Service.php:107) /home2/carolhhp/public_html/democarol.com/homeservices/system/core/Common.php 573
ERROR - 03/03/2017 02:54 am --> Severity: Parsing Error --> syntax error, unexpected end of file /home2/carolhhp/public_html/democarol.com/homeservices/application/controllers/front/Service.php 107
ERROR - 03/03/2017 02:24 pm --> Severity: Notice --> Trying to get property of non-object /home2/carolhhp/public_html/democarol.com/homeservices/application/controllers/front/Service.php 270
ERROR - 03/03/2017 02:24 pm --> Severity: Notice --> Trying to get property of non-object /home2/carolhhp/public_html/democarol.com/homeservices/application/controllers/front/Service.php 272
ERROR - 03/03/2017 02:24 pm --> Severity: Notice --> Trying to get property of non-object /home2/carolhhp/public_html/democarol.com/homeservices/application/controllers/front/Service.php 274
ERROR - 03/03/2017 02:24 pm --> Severity: Notice --> Trying to get property of non-object /home2/carolhhp/public_html/democarol.com/homeservices/application/controllers/front/Service.php 276
ERROR - 03/03/2017 02:24 pm --> Severity: Notice --> Trying to get property of non-object /home2/carolhhp/public_html/democarol.com/homeservices/application/controllers/front/Service.php 278
ERROR - 03/03/2017 02:24 pm --> Severity: Notice --> Trying to get property of non-object /home2/carolhhp/public_html/democarol.com/homeservices/application/controllers/front/Service.php 280
ERROR - 03/03/2017 02:55 am --> 404 Page Not Found: Images/photos
ERROR - 03/03/2017 02:55 am --> 404 Page Not Found: Assets/js
ERROR - 03/03/2017 02:55 am --> 404 Page Not Found: Images/photos
ERROR - 03/03/2017 02:55 am --> 404 Page Not Found: Assets/js
ERROR - 03/03/2017 02:55 am --> 404 Page Not Found: Assets/js
ERROR - 03/03/2017 02:55 am --> 404 Page Not Found: Assets/js
ERROR - 03/03/2017 02:55 am --> 404 Page Not Found: Assets/js
ERROR - 03/03/2017 02:55 am --> 404 Page Not Found: Images/photos
ERROR - 03/03/2017 02:56 am --> 404 Page Not Found: Assets/js
ERROR - 03/03/2017 02:56 am --> 404 Page Not Found: Assets/js
ERROR - 03/03/2017 02:56 am --> 404 Page Not Found: Assets/js
ERROR - 03/03/2017 02:56 am --> 404 Page Not Found: Images/photos
ERROR - 03/03/2017 02:56 am --> 404 Page Not Found: Assets/js
ERROR - 03/03/2017 02:56 am --> 404 Page Not Found: Assets/js
ERROR - 03/03/2017 02:56 am --> 404 Page Not Found: Assets/js
ERROR - 03/03/2017 02:56 am --> 404 Page Not Found: Images/photos
ERROR - 03/03/2017 02:57 am --> 404 Page Not Found: Assets/js
ERROR - 03/03/2017 02:57 am --> 404 Page Not Found: Assets/js
ERROR - 03/03/2017 02:57 am --> 404 Page Not Found: Assets/js
ERROR - 03/03/2017 02:57 am --> 404 Page Not Found: Images/photos
ERROR - 03/03/2017 02:57 am --> 404 Page Not Found: Assets/js
ERROR - 03/03/2017 02:57 am --> 404 Page Not Found: Images/photos
ERROR - 03/03/2017 02:57 am --> 404 Page Not Found: Assets/js
ERROR - 03/03/2017 02:57 am --> 404 Page Not Found: Assets/js
ERROR - 03/03/2017 02:59 am --> 404 Page Not Found: Assets/front
ERROR - 03/03/2017 02:59 am --> 404 Page Not Found: Assets/js
ERROR - 03/03/2017 02:59 am --> 404 Page Not Found: Assets/js
ERROR - 03/03/2017 02:59 am --> 404 Page Not Found: Assets/js
ERROR - 03/03/2017 02:59 am --> 404 Page Not Found: Images/photos
ERROR - 03/03/2017 02:59 am --> 404 Page Not Found: Assets/js
ERROR - 03/03/2017 02:59 am --> 404 Page Not Found: Assets/js
ERROR - 03/03/2017 02:59 am --> 404 Page Not Found: Assets/js
ERROR - 03/03/2017 02:59 am --> 404 Page Not Found: Assets/js
ERROR - 03/03/2017 02:59 am --> 404 Page Not Found: Assets/js
ERROR - 03/03/2017 02:59 am --> 404 Page Not Found: Assets/js
ERROR - 03/03/2017 02:59 am --> 404 Page Not Found: Assets/js
ERROR - 03/03/2017 02:59 am --> 404 Page Not Found: Images/photos
ERROR - 03/03/2017 02:59 am --> 404 Page Not Found: Assets/js
ERROR - 03/03/2017 02:59 am --> 404 Page Not Found: Images/photos
ERROR - 03/03/2017 02:59 am --> 404 Page Not Found: Assets/js
ERROR - 03/03/2017 02:59 am --> 404 Page Not Found: Assets/js
ERROR - 03/03/2017 02:59 am --> 404 Page Not Found: Assets/js
ERROR - 03/03/2017 02:59 am --> 404 Page Not Found: Assets/js
ERROR - 03/03/2017 02:59 am --> 404 Page Not Found: Images/photos
ERROR - 03/03/2017 03:10 am --> 404 Page Not Found: front/Service/check_price
ERROR - 03/03/2017 03:38 am --> 404 Page Not Found: front/Service/check_price
ERROR - 03/03/2017 03:09 pm --> Query error: Unknown column 'service_details' in 'field list' - Invalid query: INSERT INTO `ai_appointment_booking` (`cat_id`, `zipcode`, `service_details`, `helper`, `job_desc`, `select_date`, `select_time`, `emailid`) VALUES ('Home-Cleaning', '452010', '{\"first_val\":null,\"$second_val\":\"4\",\"thired_val\":null}', NULL, 'proper service', '1970-01-01', NULL, 'meghanaikcarol@gmail.com')
ERROR - 03/03/2017 03:16 pm --> Query error: Column 'helper' cannot be null - Invalid query: INSERT INTO `ai_appointment_booking` (`cat_id`, `zipcode`, `helper`, `job_desc`, `select_date`, `select_time`, `emailid`) VALUES ('Home-Cleaning', '452010', NULL, '', '1970-01-01', NULL, 'meghanaikcarol@gmail.com')
ERROR - 03/03/2017 03:17 pm --> Query error: Column 'helper' cannot be null - Invalid query: INSERT INTO `ai_appointment_booking` (`cat_id`, `zipcode`, `helper`, `job_desc`, `select_date`, `select_time`, `emailid`) VALUES ('Home-Cleaning', '452010', NULL, 'fdgfdgdfg', '1970-01-01', NULL, 'meghanaikcarol@gmail.com')
ERROR - 03/03/2017 03:19 pm --> Query error: Column 'select_time' cannot be null - Invalid query: INSERT INTO `ai_appointment_booking` (`cat_id`, `zipcode`, `helper`, `job_desc`, `select_date`, `select_time`, `emailid`) VALUES ('Home-Cleaning', '452010', '1', 'dfgdfgdfg', '1970-01-01', NULL, 'meghanaikcarol@gmail.com')
ERROR - 03/03/2017 03:21 pm --> Severity: Warning --> Cannot modify header information - headers already sent by (output started at /home2/carolhhp/public_html/democarol.com/homeservices/application/controllers/front/Service.php:102) /home2/carolhhp/public_html/democarol.com/homeservices/system/helpers/url_helper.php 564
ERROR - 03/03/2017 03:26 pm --> Severity: Warning --> Cannot modify header information - headers already sent by (output started at /home2/carolhhp/public_html/democarol.com/homeservices/application/controllers/front/Service.php:102) /home2/carolhhp/public_html/democarol.com/homeservices/system/helpers/url_helper.php 564
ERROR - 03/03/2017 03:29 pm --> Severity: Warning --> Cannot modify header information - headers already sent by (output started at /home2/carolhhp/public_html/democarol.com/homeservices/application/controllers/front/Service.php:102) /home2/carolhhp/public_html/democarol.com/homeservices/system/helpers/url_helper.php 564
ERROR - 03/03/2017 03:34 pm --> Severity: Warning --> Cannot modify header information - headers already sent by (output started at /home2/carolhhp/public_html/democarol.com/homeservices/application/controllers/front/Service.php:102) /home2/carolhhp/public_html/democarol.com/homeservices/system/helpers/url_helper.php 564
ERROR - 03/03/2017 03:35 pm --> Severity: Warning --> Cannot modify header information - headers already sent by (output started at /home2/carolhhp/public_html/democarol.com/homeservices/application/controllers/front/Service.php:102) /home2/carolhhp/public_html/democarol.com/homeservices/system/helpers/url_helper.php 564
ERROR - 03/03/2017 03:41 pm --> Severity: Warning --> Cannot modify header information - headers already sent by (output started at /home2/carolhhp/public_html/democarol.com/homeservices/application/controllers/front/Service.php:102) /home2/carolhhp/public_html/democarol.com/homeservices/system/helpers/url_helper.php 564
ERROR - 03/03/2017 03:42 pm --> Severity: Warning --> Cannot modify header information - headers already sent by (output started at /home2/carolhhp/public_html/democarol.com/homeservices/application/controllers/front/Service.php:102) /home2/carolhhp/public_html/democarol.com/homeservices/system/helpers/url_helper.php 564
ERROR - 03/03/2017 03:44 pm --> Severity: Warning --> Cannot modify header information - headers already sent by (output started at /home2/carolhhp/public_html/democarol.com/homeservices/application/controllers/front/Service.php:102) /home2/carolhhp/public_html/democarol.com/homeservices/system/helpers/url_helper.php 564
ERROR - 03/03/2017 04:15 am --> 404 Page Not Found: Booking/index
ERROR - 03/03/2017 03:46 pm --> Query error: Unknown column 'plan_subcat' in 'field list' - Invalid query: SELECT `plan_subcat`, `plan_title`, `plan_select_frequency`, `extras_field`
FROM `ai_plan`
WHERE `plan_subcat` = 'Home Cleaning'
ERROR - 03/03/2017 03:48 pm --> Query error: Unknown column 'plan_select_frequency' in 'field list' - Invalid query: SELECT `plan_title`, `plan_select_frequency`, `extras_field`
FROM `ai_plan`
WHERE `plan_cat` = 'Home Cleaning'
ERROR - 03/03/2017 03:48 pm --> Query error: Unknown column 'service_details' in 'field list' - Invalid query: SELECT `zipcode`, `service_details`, `select_date`, `select_time`, `emailid`
FROM `ai_appointment_booking`
WHERE `id` = '30'
ERROR - 03/03/2017 04:18 am --> 404 Page Not Found: MY%20LINK%20TO%20JQUERY/index
ERROR - 03/03/2017 04:18 am --> 404 Page Not Found: Img/payment-strip.png
ERROR - 03/03/2017 03:49 pm --> Severity: Warning --> Cannot modify header information - headers already sent by (output started at /home2/carolhhp/public_html/democarol.com/homeservices/application/controllers/front/Service.php:102) /home2/carolhhp/public_html/democarol.com/homeservices/system/helpers/url_helper.php 564
ERROR - 03/03/2017 03:50 pm --> Severity: Warning --> Cannot modify header information - headers already sent by (output started at /home2/carolhhp/public_html/democarol.com/homeservices/application/controllers/front/Service.php:102) /home2/carolhhp/public_html/democarol.com/homeservices/system/helpers/url_helper.php 564
ERROR - 03/03/2017 03:57 pm --> Severity: Warning --> Cannot modify header information - headers already sent by (output started at /home2/carolhhp/public_html/democarol.com/homeservices/application/controllers/front/Service.php:102) /home2/carolhhp/public_html/democarol.com/homeservices/system/helpers/url_helper.php 564
ERROR - 03/03/2017 03:58 pm --> Severity: Warning --> Cannot modify header information - headers already sent by (output started at /home2/carolhhp/public_html/democarol.com/homeservices/application/controllers/front/Service.php:102) /home2/carolhhp/public_html/democarol.com/homeservices/system/helpers/url_helper.php 564
ERROR - 03/03/2017 03:59 pm --> Severity: Warning --> Cannot modify header information - headers already sent by (output started at /home2/carolhhp/public_html/democarol.com/homeservices/application/controllers/front/Service.php:102) /home2/carolhhp/public_html/democarol.com/homeservices/system/helpers/url_helper.php 564
ERROR - 03/03/2017 04:01 pm --> Severity: Warning --> Cannot modify header information - headers already sent by (output started at /home2/carolhhp/public_html/democarol.com/homeservices/application/controllers/front/Service.php:102) /home2/carolhhp/public_html/democarol.com/homeservices/system/helpers/url_helper.php 564
ERROR - 03/03/2017 04:32 am --> 404 Page Not Found: MY%20LINK%20TO%20JQUERY/index
ERROR - 03/03/2017 04:32 am --> 404 Page Not Found: Img/payment-strip.png
ERROR - 03/03/2017 04:33 am --> 404 Page Not Found: MY%20LINK%20TO%20JQUERY/index
ERROR - 03/03/2017 04:33 am --> 404 Page Not Found: Img/payment-strip.png
ERROR - 03/03/2017 04:35 am --> 404 Page Not Found: Img/payment-strip.png
ERROR - 03/03/2017 04:35 am --> 404 Page Not Found: MY%20LINK%20TO%20JQUERY/index
ERROR - 03/03/2017 04:36 am --> 404 Page Not Found: Img/payment-strip.png
ERROR - 03/03/2017 04:36 am --> 404 Page Not Found: MY%20LINK%20TO%20JQUERY/index
ERROR - 03/03/2017 04:36 am --> 404 Page Not Found: MY%20LINK%20TO%20JQUERY/index
ERROR - 03/03/2017 04:36 am --> 404 Page Not Found: Img/payment-strip.png
ERROR - 03/03/2017 04:36 am --> 404 Page Not Found: MY%20LINK%20TO%20JQUERY/index
ERROR - 03/03/2017 04:36 am --> 404 Page Not Found: Img/payment-strip.png
ERROR - 03/03/2017 04:37 am --> 404 Page Not Found: Img/payment-strip.png
ERROR - 03/03/2017 04:37 am --> 404 Page Not Found: MY%20LINK%20TO%20JQUERY/index
ERROR - 03/03/2017 04:37 am --> 404 Page Not Found: MY%20LINK%20TO%20JQUERY/index
ERROR - 03/03/2017 04:37 am --> 404 Page Not Found: Img/payment-strip.png
ERROR - 03/03/2017 04:39 am --> 404 Page Not Found: Img/payment-strip.png
ERROR - 03/03/2017 04:39 am --> 404 Page Not Found: MY%20LINK%20TO%20JQUERY/index
ERROR - 03/03/2017 04:40 am --> 404 Page Not Found: Img/payment-strip.png
ERROR - 03/03/2017 04:40 am --> 404 Page Not Found: MY%20LINK%20TO%20JQUERY/index
ERROR - 03/03/2017 04:42 am --> 404 Page Not Found: Img/payment-strip.png
ERROR - 03/03/2017 04:42 am --> 404 Page Not Found: MY%20LINK%20TO%20JQUERY/index
ERROR - 03/03/2017 04:42 am --> 404 Page Not Found: Img/payment-strip.png
ERROR - 03/03/2017 04:43 am --> 404 Page Not Found: Img/payment-strip.png
ERROR - 03/03/2017 04:43 am --> 404 Page Not Found: MY%20LINK%20TO%20JQUERY/index
ERROR - 03/03/2017 04:43 am --> 404 Page Not Found: Img/payment-strip.png
ERROR - 03/03/2017 04:43 am --> 404 Page Not Found: MY%20LINK%20TO%20JQUERY/index
ERROR - 03/03/2017 04:44 am --> 404 Page Not Found: Img/payment-strip.png
ERROR - 03/03/2017 04:44 am --> 404 Page Not Found: MY%20LINK%20TO%20JQUERY/index
ERROR - 03/03/2017 04:44 am --> 404 Page Not Found: MY%20LINK%20TO%20JQUERY/index
ERROR - 03/03/2017 04:44 am --> 404 Page Not Found: Img/payment-strip.png
ERROR - 03/03/2017 04:45 am --> 404 Page Not Found: Img/payment-strip.png
ERROR - 03/03/2017 04:45 am --> 404 Page Not Found: MY%20LINK%20TO%20JQUERY/index
ERROR - 03/03/2017 04:45 am --> 404 Page Not Found: MY%20LINK%20TO%20JQUERY/index
ERROR - 03/03/2017 04:45 am --> 404 Page Not Found: Img/payment-strip.png
ERROR - 03/03/2017 04:45 am --> 404 Page Not Found: MY%20LINK%20TO%20JQUERY/index
ERROR - 03/03/2017 04:45 am --> 404 Page Not Found: MY%20LINK%20TO%20JQUERY/index
ERROR - 03/03/2017 04:45 am --> 404 Page Not Found: Img/payment-strip.png
ERROR - 03/03/2017 04:46 am --> 404 Page Not Found: MY%20LINK%20TO%20JQUERY/index
ERROR - 03/03/2017 04:46 am --> 404 Page Not Found: Img/payment-strip.png
ERROR - 03/03/2017 04:46 am --> 404 Page Not Found: MY%20LINK%20TO%20JQUERY/index
ERROR - 03/03/2017 04:46 am --> 404 Page Not Found: Img/payment-strip.png
ERROR - 03/03/2017 04:48 am --> 404 Page Not Found: Img/payment-strip.png
ERROR - 03/03/2017 04:48 am --> 404 Page Not Found: MY%20LINK%20TO%20JQUERY/index
ERROR - 03/03/2017 04:48 am --> 404 Page Not Found: MY%20LINK%20TO%20JQUERY/index
ERROR - 03/03/2017 04:48 am --> 404 Page Not Found: Img/payment-strip.png
ERROR - 03/03/2017 04:48 am --> 404 Page Not Found: MY%20LINK%20TO%20JQUERY/index
ERROR - 03/03/2017 04:48 am --> 404 Page Not Found: Img/payment-strip.png
ERROR - 03/03/2017 04:49 am --> 404 Page Not Found: MY%20LINK%20TO%20JQUERY/index
ERROR - 03/03/2017 04:49 am --> 404 Page Not Found: Img/payment-strip.png
ERROR - 03/03/2017 04:53 am --> 404 Page Not Found: Img/payment-strip.png
ERROR - 03/03/2017 04:53 am --> 404 Page Not Found: MY%20LINK%20TO%20JQUERY/index
ERROR - 03/03/2017 04:53 am --> 404 Page Not Found: MY%20LINK%20TO%20JQUERY/index
ERROR - 03/03/2017 04:53 am --> 404 Page Not Found: Img/payment-strip.png
ERROR - 03/03/2017 04:56 am --> 404 Page Not Found: MY%20LINK%20TO%20JQUERY/index
ERROR - 03/03/2017 04:56 am --> 404 Page Not Found: Img/payment-strip.png
ERROR - 03/03/2017 04:57 am --> 404 Page Not Found: Img/payment-strip.png
ERROR - 03/03/2017 04:57 am --> 404 Page Not Found: MY%20LINK%20TO%20JQUERY/index
ERROR - 03/03/2017 04:57 am --> 404 Page Not Found: MY%20LINK%20TO%20JQUERY/index
ERROR - 03/03/2017 04:57 am --> 404 Page Not Found: Img/payment-strip.png
ERROR - 03/03/2017 05:10 am --> 404 Page Not Found: Img/payment-strip.png
ERROR - 03/03/2017 05:10 am --> 404 Page Not Found: MY%20LINK%20TO%20JQUERY/index
ERROR - 03/03/2017 05:40 am --> 404 Page Not Found: MY%20LINK%20TO%20JQUERY/index
ERROR - 03/03/2017 05:40 am --> 404 Page Not Found: Img/payment-strip.png
ERROR - 03/03/2017 05:41 am --> 404 Page Not Found: front/Service/booking
ERROR - 03/03/2017 05:43 am --> Severity: Warning --> Cannot modify header information - headers already sent by (output started at /home2/carolhhp/public_html/democarol.com/homeservices/application/controllers/front/Service.php:169) /home2/carolhhp/public_html/democarol.com/homeservices/system/core/Common.php 573
ERROR - 03/03/2017 05:43 am --> Severity: Parsing Error --> syntax error, unexpected end of file, expecting ')' /home2/carolhhp/public_html/democarol.com/homeservices/application/controllers/front/Service.php 169
ERROR - 03/03/2017 05:27 pm --> Severity: Notice --> Undefined variable: badroom_id /home2/carolhhp/public_html/democarol.com/homeservices/application/controllers/front/Service.php 177
ERROR - 03/03/2017 05:27 pm --> Severity: Notice --> Undefined variable: badroom_id /home2/carolhhp/public_html/democarol.com/homeservices/application/controllers/front/Service.php 183
ERROR - 03/03/2017 05:27 pm --> Severity: Notice --> Undefined variable: badroom_id /home2/carolhhp/public_html/democarol.com/homeservices/application/controllers/front/Service.php 188
ERROR - 03/03/2017 05:57 am --> 404 Page Not Found: MY%20LINK%20TO%20JQUERY/index
ERROR - 03/03/2017 05:57 am --> 404 Page Not Found: Img/payment-strip.png
ERROR - 03/03/2017 05:58 am --> 404 Page Not Found: MY%20LINK%20TO%20JQUERY/index
ERROR - 03/03/2017 05:58 am --> 404 Page Not Found: Img/payment-strip.png
ERROR - 03/03/2017 05:58 am --> 404 Page Not Found: Img/payment-strip.png
ERROR - 03/03/2017 05:58 am --> 404 Page Not Found: MY%20LINK%20TO%20JQUERY/index
ERROR - 03/03/2017 06:01 am --> 404 Page Not Found: MY%20LINK%20TO%20JQUERY/index
ERROR - 03/03/2017 06:01 am --> 404 Page Not Found: Img/payment-strip.png
ERROR - 03/03/2017 05:31 pm --> Severity: Notice --> Undefined variable: plan_three_month /home2/carolhhp/public_html/democarol.com/homeservices/application/views/front/services/booking_form.php 21
ERROR - 03/03/2017 05:33 pm --> Severity: Warning --> json_decode() expects parameter 1 to be string, object given /home2/carolhhp/public_html/democarol.com/homeservices/application/views/front/services/booking_form.php 22
ERROR - 03/03/2017 05:33 pm --> Severity: Notice --> Trying to get property of non-object /home2/carolhhp/public_html/democarol.com/homeservices/application/views/front/services/booking_form.php 23
ERROR - 03/03/2017 05:33 pm --> Severity: Warning --> json_decode() expects parameter 1 to be string, object given /home2/carolhhp/public_html/democarol.com/homeservices/application/views/front/services/booking_form.php 22
ERROR - 03/03/2017 05:33 pm --> Severity: Notice --> Trying to get property of non-object /home2/carolhhp/public_html/democarol.com/homeservices/application/views/front/services/booking_form.php 23
ERROR - 03/03/2017 05:33 pm --> Severity: Warning --> json_decode() expects parameter 1 to be string, object given /home2/carolhhp/public_html/democarol.com/homeservices/application/views/front/services/booking_form.php 22
ERROR - 03/03/2017 05:33 pm --> Severity: Notice --> Trying to get property of non-object /home2/carolhhp/public_html/democarol.com/homeservices/application/views/front/services/booking_form.php 23
ERROR - 03/03/2017 05:46 pm --> Severity: Parsing Error --> syntax error, unexpected '?>' /home2/carolhhp/public_html/democarol.com/homeservices/application/views/front/services/booking_form.php 32
ERROR - 03/03/2017 05:47 pm --> Severity: Notice --> Trying to get property of non-object /home2/carolhhp/public_html/democarol.com/homeservices/application/views/front/services/booking_form.php 24
ERROR - 03/03/2017 05:47 pm --> Severity: Notice --> Trying to get property of non-object /home2/carolhhp/public_html/democarol.com/homeservices/application/views/front/services/booking_form.php 24
ERROR - 03/03/2017 05:47 pm --> Severity: Notice --> Trying to get property of non-object /home2/carolhhp/public_html/democarol.com/homeservices/application/views/front/services/booking_form.php 24
ERROR - 03/03/2017 05:47 pm --> Severity: Notice --> Trying to get property of non-object /home2/carolhhp/public_html/democarol.com/homeservices/application/views/front/services/booking_form.php 24
ERROR - 03/03/2017 05:47 pm --> Severity: Notice --> Trying to get property of non-object /home2/carolhhp/public_html/democarol.com/homeservices/application/views/front/services/booking_form.php 24
ERROR - 03/03/2017 05:47 pm --> Severity: Notice --> Trying to get property of non-object /home2/carolhhp/public_html/democarol.com/homeservices/application/views/front/services/booking_form.php 24
ERROR - 03/03/2017 05:47 pm --> Severity: Notice --> Trying to get property of non-object /home2/carolhhp/public_html/democarol.com/homeservices/application/views/front/services/booking_form.php 24
ERROR - 03/03/2017 05:48 pm --> Severity: Notice --> Trying to get property of non-object /home2/carolhhp/public_html/democarol.com/homeservices/application/views/front/services/booking_form.php 24
ERROR - 03/03/2017 05:48 pm --> Severity: Notice --> Trying to get property of non-object /home2/carolhhp/public_html/democarol.com/homeservices/application/views/front/services/booking_form.php 24
ERROR - 03/03/2017 05:48 pm --> Severity: Notice --> Trying to get property of non-object /home2/carolhhp/public_html/democarol.com/homeservices/application/views/front/services/booking_form.php 24
ERROR - 03/03/2017 05:48 pm --> Severity: Notice --> Trying to get property of non-object /home2/carolhhp/public_html/democarol.com/homeservices/application/views/front/services/booking_form.php 24
ERROR - 03/03/2017 05:48 pm --> Severity: Notice --> Trying to get property of non-object /home2/carolhhp/public_html/democarol.com/homeservices/application/views/front/services/booking_form.php 24
ERROR - 03/03/2017 05:48 pm --> Severity: Notice --> Trying to get property of non-object /home2/carolhhp/public_html/democarol.com/homeservices/application/views/front/services/booking_form.php 24
ERROR - 03/03/2017 05:48 pm --> Severity: Notice --> Trying to get property of non-object /home2/carolhhp/public_html/democarol.com/homeservices/application/views/front/services/booking_form.php 24
ERROR - 03/03/2017 05:48 pm --> Severity: Notice --> Trying to get property of non-object /home2/carolhhp/public_html/democarol.com/homeservices/application/views/front/services/booking_form.php 24
ERROR - 03/03/2017 05:51 pm --> Severity: Notice --> Trying to get property of non-object /home2/carolhhp/public_html/democarol.com/homeservices/application/views/front/services/booking_form.php 24
ERROR - 03/03/2017 05:54 pm --> Severity: Notice --> Trying to get property of non-object /home2/carolhhp/public_html/democarol.com/homeservices/application/views/front/services/booking_form.php 21
ERROR - 03/03/2017 05:54 pm --> Severity: Notice --> Trying to get property of non-object /home2/carolhhp/public_html/democarol.com/homeservices/application/views/front/services/booking_form.php 23
ERROR - 03/03/2017 05:54 pm --> Severity: Warning --> Cannot modify header information - headers already sent by (output started at /home2/carolhhp/public_html/democarol.com/homeservices/application/controllers/front/Service.php:174) /home2/carolhhp/public_html/democarol.com/homeservices/system/core/Common.php 573
ERROR - 03/03/2017 05:54 pm --> Severity: Error --> Cannot use object of type stdClass as array /home2/carolhhp/public_html/democarol.com/homeservices/application/views/front/services/booking_form.php 24
ERROR - 03/03/2017 05:54 pm --> Severity: Notice --> Trying to get property of non-object /home2/carolhhp/public_html/democarol.com/homeservices/application/views/front/services/booking_form.php 21
ERROR - 03/03/2017 05:54 pm --> Severity: Notice --> Trying to get property of non-object /home2/carolhhp/public_html/democarol.com/homeservices/application/views/front/services/booking_form.php 23
ERROR - 03/03/2017 05:54 pm --> Severity: Error --> Cannot use object of type stdClass as array /home2/carolhhp/public_html/democarol.com/homeservices/application/views/front/services/booking_form.php 24
ERROR - 03/03/2017 05:54 pm --> Severity: Notice --> Trying to get property of non-object /home2/carolhhp/public_html/democarol.com/homeservices/application/views/front/services/booking_form.php 21
ERROR - 03/03/2017 05:54 pm --> Severity: Notice --> Trying to get property of non-object /home2/carolhhp/public_html/democarol.com/homeservices/application/views/front/services/booking_form.php 23
ERROR - 03/03/2017 05:54 pm --> Severity: Notice --> Trying to get property of non-object /home2/carolhhp/public_html/democarol.com/homeservices/application/views/front/services/booking_form.php 21
ERROR - 03/03/2017 05:54 pm --> Severity: Notice --> Trying to get property of non-object /home2/carolhhp/public_html/democarol.com/homeservices/application/views/front/services/booking_form.php 23
ERROR - 03/03/2017 05:55 pm --> Severity: Notice --> Trying to get property of non-object /home2/carolhhp/public_html/democarol.com/homeservices/application/views/front/services/booking_form.php 21
ERROR - 03/03/2017 05:55 pm --> Severity: Notice --> Trying to get property of non-object /home2/carolhhp/public_html/democarol.com/homeservices/application/views/front/services/booking_form.php 23
ERROR - 03/03/2017 05:56 pm --> Severity: Notice --> Trying to get property of non-object /home2/carolhhp/public_html/democarol.com/homeservices/application/views/front/services/booking_form.php 21
ERROR - 03/03/2017 05:56 pm --> Severity: Notice --> Trying to get property of non-object /home2/carolhhp/public_html/democarol.com/homeservices/application/views/front/services/booking_form.php 23
ERROR - 03/03/2017 05:58 pm --> Severity: Notice --> Trying to get property of non-object /home2/carolhhp/public_html/democarol.com/homeservices/application/views/front/services/booking_form.php 21
ERROR - 03/03/2017 05:58 pm --> Severity: Notice --> Trying to get property of non-object /home2/carolhhp/public_html/democarol.com/homeservices/application/views/front/services/booking_form.php 23
ERROR - 03/03/2017 05:59 pm --> Severity: Notice --> Trying to get property of non-object /home2/carolhhp/public_html/democarol.com/homeservices/application/views/front/services/booking_form.php 21
ERROR - 03/03/2017 05:59 pm --> Severity: Notice --> Trying to get property of non-object /home2/carolhhp/public_html/democarol.com/homeservices/application/views/front/services/booking_form.php 23
ERROR - 03/03/2017 05:59 pm --> Severity: Notice --> Trying to get property of non-object /home2/carolhhp/public_html/democarol.com/homeservices/application/views/front/services/booking_form.php 27
ERROR - 03/03/2017 05:59 pm --> Severity: Notice --> Trying to get property of non-object /home2/carolhhp/public_html/democarol.com/homeservices/application/views/front/services/booking_form.php 29
ERROR - 03/03/2017 06:01 pm --> Severity: Notice --> Trying to get property of non-object /home2/carolhhp/public_html/democarol.com/homeservices/application/views/front/services/booking_form.php 21
ERROR - 03/03/2017 06:01 pm --> Severity: Notice --> Trying to get property of non-object /home2/carolhhp/public_html/democarol.com/homeservices/application/views/front/services/booking_form.php 23
ERROR - 03/03/2017 06:03 pm --> Severity: Notice --> Trying to get property of non-object /home2/carolhhp/public_html/democarol.com/homeservices/application/views/front/services/booking_form.php 21
ERROR - 03/03/2017 06:03 pm --> Severity: Notice --> Trying to get property of non-object /home2/carolhhp/public_html/democarol.com/homeservices/application/views/front/services/booking_form.php 23
ERROR - 03/03/2017 06:03 pm --> Severity: Notice --> Trying to get property of non-object /home2/carolhhp/public_html/democarol.com/homeservices/application/views/front/services/booking_form.php 21
ERROR - 03/03/2017 06:03 pm --> Severity: Notice --> Trying to get property of non-object /home2/carolhhp/public_html/democarol.com/homeservices/application/views/front/services/booking_form.php 23
ERROR - 03/03/2017 06:04 pm --> Severity: Notice --> Trying to get property of non-object /home2/carolhhp/public_html/democarol.com/homeservices/application/views/front/services/booking_form.php 21
ERROR - 03/03/2017 06:04 pm --> Severity: Notice --> Trying to get property of non-object /home2/carolhhp/public_html/democarol.com/homeservices/application/views/front/services/booking_form.php 23
ERROR - 03/03/2017 06:04 pm --> Severity: Notice --> Trying to get property of non-object /home2/carolhhp/public_html/democarol.com/homeservices/application/views/front/services/booking_form.php 21
ERROR - 03/03/2017 06:04 pm --> Severity: Notice --> Trying to get property of non-object /home2/carolhhp/public_html/democarol.com/homeservices/application/views/front/services/booking_form.php 23
ERROR - 03/03/2017 06:04 pm --> Severity: Notice --> Trying to get property of non-object /home2/carolhhp/public_html/democarol.com/homeservices/application/views/front/services/booking_form.php 21
ERROR - 03/03/2017 06:04 pm --> Severity: Notice --> Trying to get property of non-object /home2/carolhhp/public_html/democarol.com/homeservices/application/views/front/services/booking_form.php 23
ERROR - 03/03/2017 06:05 pm --> Severity: Notice --> Trying to get property of non-object /home2/carolhhp/public_html/democarol.com/homeservices/application/views/front/services/booking_form.php 21
ERROR - 03/03/2017 06:05 pm --> Severity: Notice --> Trying to get property of non-object /home2/carolhhp/public_html/democarol.com/homeservices/application/views/front/services/booking_form.php 23
ERROR - 03/03/2017 06:05 pm --> Severity: Notice --> Trying to get property of non-object /home2/carolhhp/public_html/democarol.com/homeservices/application/views/front/services/booking_form.php 21
ERROR - 03/03/2017 06:05 pm --> Severity: Notice --> Trying to get property of non-object /home2/carolhhp/public_html/democarol.com/homeservices/application/views/front/services/booking_form.php 23
ERROR - 03/03/2017 06:05 pm --> Severity: Notice --> Trying to get property of non-object /home2/carolhhp/public_html/democarol.com/homeservices/application/views/front/services/booking_form.php 21
ERROR - 03/03/2017 06:05 pm --> Severity: Notice --> Trying to get property of non-object /home2/carolhhp/public_html/democarol.com/homeservices/application/views/front/services/booking_form.php 23
ERROR - 03/03/2017 06:05 pm --> Severity: Notice --> Trying to get property of non-object /home2/carolhhp/public_html/democarol.com/homeservices/application/views/front/services/booking_form.php 21
ERROR - 03/03/2017 06:05 pm --> Severity: Notice --> Trying to get property of non-object /home2/carolhhp/public_html/democarol.com/homeservices/application/views/front/services/booking_form.php 23
ERROR - 03/03/2017 06:05 pm --> Severity: Notice --> Trying to get property of non-object /home2/carolhhp/public_html/democarol.com/homeservices/application/views/front/services/booking_form.php 21
ERROR - 03/03/2017 06:05 pm --> Severity: Notice --> Trying to get property of non-object /home2/carolhhp/public_html/democarol.com/homeservices/application/views/front/services/booking_form.php 23
ERROR - 03/03/2017 06:05 pm --> Severity: Notice --> Trying to get property of non-object /home2/carolhhp/public_html/democarol.com/homeservices/application/views/front/services/booking_form.php 21
ERROR - 03/03/2017 06:05 pm --> Severity: Notice --> Trying to get property of non-object /home2/carolhhp/public_html/democarol.com/homeservices/application/views/front/services/booking_form.php 23
ERROR - 03/03/2017 06:05 pm --> Severity: Notice --> Trying to get property of non-object /home2/carolhhp/public_html/democarol.com/homeservices/application/views/front/services/booking_form.php 21
ERROR - 03/03/2017 06:05 pm --> Severity: Notice --> Trying to get property of non-object /home2/carolhhp/public_html/democarol.com/homeservices/application/views/front/services/booking_form.php 23
ERROR - 03/03/2017 06:05 pm --> Severity: Notice --> Trying to get property of non-object /home2/carolhhp/public_html/democarol.com/homeservices/application/views/front/services/booking_form.php 21
ERROR - 03/03/2017 06:05 pm --> Severity: Notice --> Trying to get property of non-object /home2/carolhhp/public_html/democarol.com/homeservices/application/views/front/services/booking_form.php 23
ERROR - 03/03/2017 06:05 pm --> Severity: Notice --> Trying to get property of non-object /home2/carolhhp/public_html/democarol.com/homeservices/application/views/front/services/booking_form.php 21
ERROR - 03/03/2017 06:05 pm --> Severity: Notice --> Trying to get property of non-object /home2/carolhhp/public_html/democarol.com/homeservices/application/views/front/services/booking_form.php 23
ERROR - 03/03/2017 06:06 pm --> Severity: Notice --> Trying to get property of non-object /home2/carolhhp/public_html/democarol.com/homeservices/application/views/front/services/booking_form.php 21
ERROR - 03/03/2017 06:06 pm --> Severity: Notice --> Trying to get property of non-object /home2/carolhhp/public_html/democarol.com/homeservices/application/views/front/services/booking_form.php 23
ERROR - 03/03/2017 06:06 pm --> Severity: Notice --> Trying to get property of non-object /home2/carolhhp/public_html/democarol.com/homeservices/application/views/front/services/booking_form.php 21
ERROR - 03/03/2017 06:06 pm --> Severity: Notice --> Trying to get property of non-object /home2/carolhhp/public_html/democarol.com/homeservices/application/views/front/services/booking_form.php 23
ERROR - 03/03/2017 06:06 pm --> Severity: Notice --> Trying to get property of non-object /home2/carolhhp/public_html/democarol.com/homeservices/application/views/front/services/booking_form.php 21
ERROR - 03/03/2017 06:06 pm --> Severity: Notice --> Trying to get property of non-object /home2/carolhhp/public_html/democarol.com/homeservices/application/views/front/services/booking_form.php 23
ERROR - 03/03/2017 06:06 pm --> Severity: Notice --> Trying to get property of non-object /home2/carolhhp/public_html/democarol.com/homeservices/application/views/front/services/booking_form.php 21
ERROR - 03/03/2017 06:06 pm --> Severity: Notice --> Trying to get property of non-object /home2/carolhhp/public_html/democarol.com/homeservices/application/views/front/services/booking_form.php 23
ERROR - 03/03/2017 06:06 pm --> Severity: Notice --> Trying to get property of non-object /home2/carolhhp/public_html/democarol.com/homeservices/application/views/front/services/booking_form.php 21
ERROR - 03/03/2017 06:06 pm --> Severity: Notice --> Trying to get property of non-object /home2/carolhhp/public_html/democarol.com/homeservices/application/views/front/services/booking_form.php 23
ERROR - 03/03/2017 06:06 pm --> Severity: Notice --> Trying to get property of non-object /home2/carolhhp/public_html/democarol.com/homeservices/application/views/front/services/booking_form.php 21
ERROR - 03/03/2017 06:06 pm --> Severity: Notice --> Trying to get property of non-object /home2/carolhhp/public_html/democarol.com/homeservices/application/views/front/services/booking_form.php 23
ERROR - 03/03/2017 06:06 pm --> Severity: Notice --> Trying to get property of non-object /home2/carolhhp/public_html/democarol.com/homeservices/application/views/front/services/booking_form.php 21
ERROR - 03/03/2017 06:06 pm --> Severity: Notice --> Trying to get property of non-object /home2/carolhhp/public_html/democarol.com/homeservices/application/views/front/services/booking_form.php 23
ERROR - 03/03/2017 06:06 pm --> Severity: Notice --> Trying to get property of non-object /home2/carolhhp/public_html/democarol.com/homeservices/application/views/front/services/booking_form.php 21
ERROR - 03/03/2017 06:06 pm --> Severity: Notice --> Trying to get property of non-object /home2/carolhhp/public_html/democarol.com/homeservices/application/views/front/services/booking_form.php 23
ERROR - 03/03/2017 06:06 pm --> Severity: Notice --> Trying to get property of non-object /home2/carolhhp/public_html/democarol.com/homeservices/application/views/front/services/booking_form.php 21
ERROR - 03/03/2017 06:06 pm --> Severity: Notice --> Trying to get property of non-object /home2/carolhhp/public_html/democarol.com/homeservices/application/views/front/services/booking_form.php 23
ERROR - 03/03/2017 06:06 pm --> Severity: Notice --> Trying to get property of non-object /home2/carolhhp/public_html/democarol.com/homeservices/application/views/front/services/booking_form.php 21
ERROR - 03/03/2017 06:06 pm --> Severity: Notice --> Trying to get property of non-object /home2/carolhhp/public_html/democarol.com/homeservices/application/views/front/services/booking_form.php 23
ERROR - 03/03/2017 06:07 pm --> Severity: Notice --> Trying to get property of non-object /home2/carolhhp/public_html/democarol.com/homeservices/application/views/front/services/booking_form.php 21
ERROR - 03/03/2017 06:07 pm --> Severity: Notice --> Trying to get property of non-object /home2/carolhhp/public_html/democarol.com/homeservices/application/views/front/services/booking_form.php 23
ERROR - 03/03/2017 06:07 pm --> Severity: Notice --> Trying to get property of non-object /home2/carolhhp/public_html/democarol.com/homeservices/application/views/front/services/booking_form.php 21
ERROR - 03/03/2017 06:07 pm --> Severity: Notice --> Trying to get property of non-object /home2/carolhhp/public_html/democarol.com/homeservices/application/views/front/services/booking_form.php 23
ERROR - 03/03/2017 06:07 pm --> Severity: Notice --> Trying to get property of non-object /home2/carolhhp/public_html/democarol.com/homeservices/application/views/front/services/booking_form.php 21
ERROR - 03/03/2017 06:07 pm --> Severity: Notice --> Trying to get property of non-object /home2/carolhhp/public_html/democarol.com/homeservices/application/views/front/services/booking_form.php 23
ERROR - 03/03/2017 06:08 pm --> Severity: Notice --> Trying to get property of non-object /home2/carolhhp/public_html/democarol.com/homeservices/application/views/front/services/booking_form.php 21
ERROR - 03/03/2017 06:08 pm --> Severity: Notice --> Trying to get property of non-object /home2/carolhhp/public_html/democarol.com/homeservices/application/views/front/services/booking_form.php 23
ERROR - 03/03/2017 06:08 pm --> Severity: Notice --> Trying to get property of non-object /home2/carolhhp/public_html/democarol.com/homeservices/application/views/front/services/booking_form.php 21
ERROR - 03/03/2017 06:08 pm --> Severity: Notice --> Trying to get property of non-object /home2/carolhhp/public_html/democarol.com/homeservices/application/views/front/services/booking_form.php 21
ERROR - 03/03/2017 06:08 pm --> Severity: Notice --> Trying to get property of non-object /home2/carolhhp/public_html/democarol.com/homeservices/application/views/front/services/booking_form.php 21
ERROR - 03/03/2017 06:09 pm --> Severity: Notice --> Trying to get property of non-object /home2/carolhhp/public_html/democarol.com/homeservices/application/views/front/services/booking_form.php 21
ERROR - 03/03/2017 06:09 pm --> Severity: Notice --> Trying to get property of non-object /home2/carolhhp/public_html/democarol.com/homeservices/application/views/front/services/booking_form.php 21
ERROR - 03/03/2017 06:11 pm --> Severity: Notice --> Trying to get property of non-object /home2/carolhhp/public_html/democarol.com/homeservices/application/views/front/services/booking_form.php 21
ERROR - 03/03/2017 06:44 am --> 404 Page Not Found: MY%20LINK%20TO%20JQUERY/index
ERROR - 03/03/2017 06:44 am --> 404 Page Not Found: Img/payment-strip.png
ERROR - 03/03/2017 06:44 am --> 404 Page Not Found: MY%20LINK%20TO%20JQUERY/index
ERROR - 03/03/2017 06:44 am --> 404 Page Not Found: Img/payment-strip.png
ERROR - 03/03/2017 06:26 pm --> Severity: Parsing Error --> syntax error, unexpected '<' /home2/carolhhp/public_html/democarol.com/homeservices/application/views/front/services/booking_form.php 70
ERROR - 03/03/2017 06:56 am --> 404 Page Not Found: Img/payment-strip.png
ERROR - 03/03/2017 06:56 am --> 404 Page Not Found: MY%20LINK%20TO%20JQUERY/index
ERROR - 03/03/2017 06:57 am --> 404 Page Not Found: MY%20LINK%20TO%20JQUERY/index
ERROR - 03/03/2017 06:57 am --> 404 Page Not Found: Img/payment-strip.png
ERROR - 03/03/2017 07:00 am --> 404 Page Not Found: MY%20LINK%20TO%20JQUERY/index
ERROR - 03/03/2017 07:00 am --> 404 Page Not Found: Img/payment-strip.png
ERROR - 03/03/2017 07:04 am --> 404 Page Not Found: MY%20LINK%20TO%20JQUERY/index
ERROR - 03/03/2017 07:04 am --> 404 Page Not Found: Img/payment-strip.png
ERROR - 03/03/2017 07:04 am --> 404 Page Not Found: Img/payment-strip.png
ERROR - 03/03/2017 07:04 am --> 404 Page Not Found: MY%20LINK%20TO%20JQUERY/index
ERROR - 03/03/2017 07:06 am --> 404 Page Not Found: MY%20LINK%20TO%20JQUERY/index
ERROR - 03/03/2017 07:06 am --> 404 Page Not Found: Img/payment-strip.png
ERROR - 03/03/2017 07:12 am --> 404 Page Not Found: front/Service/booking
ERROR - 03/03/2017 07:12 am --> 404 Page Not Found: Img/payment-strip.png
ERROR - 03/03/2017 07:12 am --> 404 Page Not Found: MY%20LINK%20TO%20JQUERY/index
ERROR - 03/03/2017 07:12 am --> 404 Page Not Found: MY%20LINK%20TO%20JQUERY/index
ERROR - 03/03/2017 07:12 am --> 404 Page Not Found: Img/payment-strip.png
ERROR - 03/03/2017 07:13 am --> 404 Page Not Found: MY%20LINK%20TO%20JQUERY/index
ERROR - 03/03/2017 07:13 am --> 404 Page Not Found: Img/payment-strip.png
ERROR - 03/03/2017 07:13 am --> 404 Page Not Found: MY%20LINK%20TO%20JQUERY/index
ERROR - 03/03/2017 07:13 am --> 404 Page Not Found: Img/payment-strip.png
ERROR - 03/03/2017 07:29 am --> 404 Page Not Found: MY%20LINK%20TO%20JQUERY/index
ERROR - 03/03/2017 07:29 am --> 404 Page Not Found: Img/payment-strip.png
ERROR - 03/03/2017 07:33 am --> 404 Page Not Found: MY%20LINK%20TO%20JQUERY/index
ERROR - 03/03/2017 07:33 am --> 404 Page Not Found: Img/payment-strip.png
ERROR - 03/03/2017 11:32 pm --> 404 Page Not Found: Assets/img
ERROR - 03/03/2017 11:33 pm --> 404 Page Not Found: Assets/js
ERROR - 03/03/2017 11:33 pm --> 404 Page Not Found: Images/photos
ERROR - 03/03/2017 11:33 pm --> 404 Page Not Found: Assets/js
ERROR - 03/03/2017 11:33 pm --> 404 Page Not Found: Images/photos
ERROR - 03/03/2017 11:35 pm --> 404 Page Not Found: Img/payment-strip.png
ERROR - 03/03/2017 11:35 pm --> 404 Page Not Found: MY%20LINK%20TO%20JQUERY/index
ERROR - 03/03/2017 11:39 pm --> 404 Page Not Found: Img/payment-strip.png
ERROR - 03/03/2017 11:39 pm --> 404 Page Not Found: MY%20LINK%20TO%20JQUERY/index
