ERROR - 03/13/2017 12:35 am --> 404 Page Not Found: Assets/img
ERROR - 03/13/2017 12:35 am --> 404 Page Not Found: Assets/img
ERROR - 03/13/2017 12:36 am --> 404 Page Not Found: Images/photos
ERROR - 03/13/2017 12:36 am --> 404 Page Not Found: Assets/js
ERROR - 03/13/2017 12:36 am --> 404 Page Not Found: Images/photos
ERROR - 03/13/2017 11:07 am --> Severity: Notice --> Undefined property: stdClass::$per_hours /home2/carolhhp/public_html/democarol.com/homeservices/application/views/admin/plan/manage_plan.php 99
ERROR - 03/13/2017 11:07 am --> Severity: Notice --> Undefined property: stdClass::$per_price /home2/carolhhp/public_html/democarol.com/homeservices/application/views/admin/plan/manage_plan.php 100
ERROR - 03/13/2017 11:07 am --> Severity: Notice --> Undefined property: stdClass::$original_price /home2/carolhhp/public_html/democarol.com/homeservices/application/views/admin/plan/manage_plan.php 101
ERROR - 03/13/2017 11:07 am --> Severity: Notice --> Undefined property: stdClass::$discount_price /home2/carolhhp/public_html/democarol.com/homeservices/application/views/admin/plan/manage_plan.php 102
ERROR - 03/13/2017 11:07 am --> Severity: Notice --> Undefined property: stdClass::$per_hours /home2/carolhhp/public_html/democarol.com/homeservices/application/views/admin/plan/manage_plan.php 114
ERROR - 03/13/2017 11:07 am --> Severity: Notice --> Undefined property: stdClass::$per_price /home2/carolhhp/public_html/democarol.com/homeservices/application/views/admin/plan/manage_plan.php 115
ERROR - 03/13/2017 11:07 am --> Severity: Notice --> Undefined property: stdClass::$original_price /home2/carolhhp/public_html/democarol.com/homeservices/application/views/admin/plan/manage_plan.php 116
ERROR - 03/13/2017 11:07 am --> Severity: Notice --> Undefined property: stdClass::$discount_price /home2/carolhhp/public_html/democarol.com/homeservices/application/views/admin/plan/manage_plan.php 117
ERROR - 03/13/2017 11:07 am --> Severity: Notice --> Undefined property: stdClass::$per_hours /home2/carolhhp/public_html/democarol.com/homeservices/application/views/admin/plan/manage_plan.php 128
ERROR - 03/13/2017 11:07 am --> Severity: Notice --> Undefined property: stdClass::$per_price /home2/carolhhp/public_html/democarol.com/homeservices/application/views/admin/plan/manage_plan.php 129
ERROR - 03/13/2017 11:07 am --> Severity: Notice --> Undefined property: stdClass::$original_price /home2/carolhhp/public_html/democarol.com/homeservices/application/views/admin/plan/manage_plan.php 130
ERROR - 03/13/2017 11:07 am --> Severity: Notice --> Undefined property: stdClass::$discount_price /home2/carolhhp/public_html/democarol.com/homeservices/application/views/admin/plan/manage_plan.php 131
ERROR - 03/13/2017 12:37 am --> 404 Page Not Found: Assets/js
ERROR - 03/13/2017 11:07 am --> Severity: Notice --> Undefined property: stdClass::$per_hours /home2/carolhhp/public_html/democarol.com/homeservices/application/views/admin/plan/manage_plan.php 99
ERROR - 03/13/2017 11:07 am --> Severity: Notice --> Undefined property: stdClass::$per_price /home2/carolhhp/public_html/democarol.com/homeservices/application/views/admin/plan/manage_plan.php 100
ERROR - 03/13/2017 11:07 am --> Severity: Notice --> Undefined property: stdClass::$original_price /home2/carolhhp/public_html/democarol.com/homeservices/application/views/admin/plan/manage_plan.php 101
ERROR - 03/13/2017 11:07 am --> Severity: Notice --> Undefined property: stdClass::$discount_price /home2/carolhhp/public_html/democarol.com/homeservices/application/views/admin/plan/manage_plan.php 102
ERROR - 03/13/2017 11:07 am --> Severity: Notice --> Undefined property: stdClass::$per_hours /home2/carolhhp/public_html/democarol.com/homeservices/application/views/admin/plan/manage_plan.php 114
ERROR - 03/13/2017 11:07 am --> Severity: Notice --> Undefined property: stdClass::$per_price /home2/carolhhp/public_html/democarol.com/homeservices/application/views/admin/plan/manage_plan.php 115
ERROR - 03/13/2017 11:07 am --> Severity: Notice --> Undefined property: stdClass::$original_price /home2/carolhhp/public_html/democarol.com/homeservices/application/views/admin/plan/manage_plan.php 116
ERROR - 03/13/2017 11:07 am --> Severity: Notice --> Undefined property: stdClass::$discount_price /home2/carolhhp/public_html/democarol.com/homeservices/application/views/admin/plan/manage_plan.php 117
ERROR - 03/13/2017 11:07 am --> Severity: Notice --> Undefined property: stdClass::$per_hours /home2/carolhhp/public_html/democarol.com/homeservices/application/views/admin/plan/manage_plan.php 128
ERROR - 03/13/2017 11:07 am --> Severity: Notice --> Undefined property: stdClass::$per_price /home2/carolhhp/public_html/democarol.com/homeservices/application/views/admin/plan/manage_plan.php 129
ERROR - 03/13/2017 11:07 am --> Severity: Notice --> Undefined property: stdClass::$original_price /home2/carolhhp/public_html/democarol.com/homeservices/application/views/admin/plan/manage_plan.php 130
ERROR - 03/13/2017 11:07 am --> Severity: Notice --> Undefined property: stdClass::$discount_price /home2/carolhhp/public_html/democarol.com/homeservices/application/views/admin/plan/manage_plan.php 131
ERROR - 03/13/2017 12:37 am --> 404 Page Not Found: Assets/js
ERROR - 03/13/2017 12:37 am --> 404 Page Not Found: Images/photos
ERROR - 03/13/2017 12:37 am --> 404 Page Not Found: Assets/js
ERROR - 03/13/2017 12:37 am --> 404 Page Not Found: Assets/js
ERROR - 03/13/2017 12:37 am --> 404 Page Not Found: Assets/js
ERROR - 03/13/2017 12:37 am --> 404 Page Not Found: Images/photos
ERROR - 03/13/2017 03:26 am --> 404 Page Not Found: Assets/img
ERROR - 03/13/2017 03:26 am --> 404 Page Not Found: Images/photos
ERROR - 03/13/2017 03:26 am --> 404 Page Not Found: Assets/js
ERROR - 03/13/2017 03:26 am --> 404 Page Not Found: Images/photos
ERROR - 03/13/2017 01:56 pm --> Severity: Notice --> Undefined property: stdClass::$per_hours /home2/carolhhp/public_html/democarol.com/homeservices/application/views/admin/plan/manage_plan.php 99
ERROR - 03/13/2017 01:56 pm --> Severity: Notice --> Undefined property: stdClass::$per_price /home2/carolhhp/public_html/democarol.com/homeservices/application/views/admin/plan/manage_plan.php 100
ERROR - 03/13/2017 01:56 pm --> Severity: Notice --> Undefined property: stdClass::$original_price /home2/carolhhp/public_html/democarol.com/homeservices/application/views/admin/plan/manage_plan.php 101
ERROR - 03/13/2017 01:56 pm --> Severity: Notice --> Undefined property: stdClass::$discount_price /home2/carolhhp/public_html/democarol.com/homeservices/application/views/admin/plan/manage_plan.php 102
ERROR - 03/13/2017 01:56 pm --> Severity: Notice --> Undefined property: stdClass::$per_hours /home2/carolhhp/public_html/democarol.com/homeservices/application/views/admin/plan/manage_plan.php 114
ERROR - 03/13/2017 01:56 pm --> Severity: Notice --> Undefined property: stdClass::$per_price /home2/carolhhp/public_html/democarol.com/homeservices/application/views/admin/plan/manage_plan.php 115
ERROR - 03/13/2017 01:56 pm --> Severity: Notice --> Undefined property: stdClass::$original_price /home2/carolhhp/public_html/democarol.com/homeservices/application/views/admin/plan/manage_plan.php 116
ERROR - 03/13/2017 01:56 pm --> Severity: Notice --> Undefined property: stdClass::$discount_price /home2/carolhhp/public_html/democarol.com/homeservices/application/views/admin/plan/manage_plan.php 117
ERROR - 03/13/2017 01:56 pm --> Severity: Notice --> Undefined property: stdClass::$per_hours /home2/carolhhp/public_html/democarol.com/homeservices/application/views/admin/plan/manage_plan.php 128
ERROR - 03/13/2017 01:56 pm --> Severity: Notice --> Undefined property: stdClass::$per_price /home2/carolhhp/public_html/democarol.com/homeservices/application/views/admin/plan/manage_plan.php 129
ERROR - 03/13/2017 01:56 pm --> Severity: Notice --> Undefined property: stdClass::$original_price /home2/carolhhp/public_html/democarol.com/homeservices/application/views/admin/plan/manage_plan.php 130
ERROR - 03/13/2017 01:56 pm --> Severity: Notice --> Undefined property: stdClass::$discount_price /home2/carolhhp/public_html/democarol.com/homeservices/application/views/admin/plan/manage_plan.php 131
ERROR - 03/13/2017 01:56 pm --> Severity: Notice --> Undefined property: stdClass::$per_hours /home2/carolhhp/public_html/democarol.com/homeservices/application/views/admin/plan/manage_plan.php 99
ERROR - 03/13/2017 01:56 pm --> Severity: Notice --> Undefined property: stdClass::$per_price /home2/carolhhp/public_html/democarol.com/homeservices/application/views/admin/plan/manage_plan.php 100
ERROR - 03/13/2017 01:56 pm --> Severity: Notice --> Undefined property: stdClass::$original_price /home2/carolhhp/public_html/democarol.com/homeservices/application/views/admin/plan/manage_plan.php 101
ERROR - 03/13/2017 01:56 pm --> Severity: Notice --> Undefined property: stdClass::$discount_price /home2/carolhhp/public_html/democarol.com/homeservices/application/views/admin/plan/manage_plan.php 102
ERROR - 03/13/2017 01:56 pm --> Severity: Notice --> Undefined property: stdClass::$per_hours /home2/carolhhp/public_html/democarol.com/homeservices/application/views/admin/plan/manage_plan.php 114
ERROR - 03/13/2017 01:56 pm --> Severity: Notice --> Undefined property: stdClass::$per_price /home2/carolhhp/public_html/democarol.com/homeservices/application/views/admin/plan/manage_plan.php 115
ERROR - 03/13/2017 01:56 pm --> Severity: Notice --> Undefined property: stdClass::$original_price /home2/carolhhp/public_html/democarol.com/homeservices/application/views/admin/plan/manage_plan.php 116
ERROR - 03/13/2017 01:56 pm --> Severity: Notice --> Undefined property: stdClass::$discount_price /home2/carolhhp/public_html/democarol.com/homeservices/application/views/admin/plan/manage_plan.php 117
ERROR - 03/13/2017 01:56 pm --> Severity: Notice --> Undefined property: stdClass::$per_hours /home2/carolhhp/public_html/democarol.com/homeservices/application/views/admin/plan/manage_plan.php 128
ERROR - 03/13/2017 01:56 pm --> Severity: Notice --> Undefined property: stdClass::$per_price /home2/carolhhp/public_html/democarol.com/homeservices/application/views/admin/plan/manage_plan.php 129
ERROR - 03/13/2017 01:56 pm --> Severity: Notice --> Undefined property: stdClass::$original_price /home2/carolhhp/public_html/democarol.com/homeservices/application/views/admin/plan/manage_plan.php 130
ERROR - 03/13/2017 01:56 pm --> Severity: Notice --> Undefined property: stdClass::$discount_price /home2/carolhhp/public_html/democarol.com/homeservices/application/views/admin/plan/manage_plan.php 131
ERROR - 03/13/2017 03:26 am --> 404 Page Not Found: Assets/js
ERROR - 03/13/2017 03:27 am --> 404 Page Not Found: Assets/js
ERROR - 03/13/2017 03:27 am --> 404 Page Not Found: Assets/js
ERROR - 03/13/2017 03:27 am --> 404 Page Not Found: Images/photos
ERROR - 03/13/2017 03:27 am --> 404 Page Not Found: Assets/js
ERROR - 03/13/2017 03:27 am --> 404 Page Not Found: Assets/js
ERROR - 03/13/2017 03:27 am --> 404 Page Not Found: Assets/js
ERROR - 03/13/2017 03:27 am --> 404 Page Not Found: Images/photos
ERROR - 03/13/2017 03:33 am --> 404 Page Not Found: Assets/js
ERROR - 03/13/2017 03:33 am --> 404 Page Not Found: Js/dynamic_table_init.js
ERROR - 03/13/2017 03:33 am --> 404 Page Not Found: Js/advanced-datatable
ERROR - 03/13/2017 03:33 am --> 404 Page Not Found: Js/jquery.dataTables.min.js
ERROR - 03/13/2017 03:33 am --> 404 Page Not Found: Js/advanced-datatable
ERROR - 03/13/2017 03:33 am --> 404 Page Not Found: Js/advanced-datatable
ERROR - 03/13/2017 03:33 am --> 404 Page Not Found: Js/dynamic_table_init.js
ERROR - 03/13/2017 03:33 am --> 404 Page Not Found: Images/photos
ERROR - 03/13/2017 03:33 am --> 404 Page Not Found: Js/jquery.dataTables.min.js
ERROR - 03/13/2017 02:03 pm --> Severity: Notice --> Undefined variable: rec /home2/carolhhp/public_html/democarol.com/homeservices/application/views/admin/categories/add_categories.php 57
ERROR - 03/13/2017 02:03 pm --> Severity: Notice --> Trying to get property of non-object /home2/carolhhp/public_html/democarol.com/homeservices/application/views/admin/categories/add_categories.php 57
ERROR - 03/13/2017 02:03 pm --> Severity: Notice --> Undefined variable: rec /home2/carolhhp/public_html/democarol.com/homeservices/application/views/admin/categories/add_categories.php 57
ERROR - 03/13/2017 02:03 pm --> Severity: Notice --> Trying to get property of non-object /home2/carolhhp/public_html/democarol.com/homeservices/application/views/admin/categories/add_categories.php 57
ERROR - 03/13/2017 02:03 pm --> Severity: Notice --> Undefined variable: rec /home2/carolhhp/public_html/democarol.com/homeservices/application/views/admin/categories/add_categories.php 57
ERROR - 03/13/2017 02:03 pm --> Severity: Notice --> Trying to get property of non-object /home2/carolhhp/public_html/democarol.com/homeservices/application/views/admin/categories/add_categories.php 57
ERROR - 03/13/2017 02:03 pm --> Severity: Notice --> Undefined variable: rec /home2/carolhhp/public_html/democarol.com/homeservices/application/views/admin/categories/add_categories.php 57
ERROR - 03/13/2017 02:03 pm --> Severity: Notice --> Trying to get property of non-object /home2/carolhhp/public_html/democarol.com/homeservices/application/views/admin/categories/add_categories.php 57
ERROR - 03/13/2017 02:03 pm --> Severity: Notice --> Undefined variable: rec /home2/carolhhp/public_html/democarol.com/homeservices/application/views/admin/categories/add_categories.php 57
ERROR - 03/13/2017 02:03 pm --> Severity: Notice --> Trying to get property of non-object /home2/carolhhp/public_html/democarol.com/homeservices/application/views/admin/categories/add_categories.php 57
ERROR - 03/13/2017 02:03 pm --> Severity: Notice --> Undefined variable: rec /home2/carolhhp/public_html/democarol.com/homeservices/application/views/admin/categories/add_categories.php 57
ERROR - 03/13/2017 02:03 pm --> Severity: Notice --> Trying to get property of non-object /home2/carolhhp/public_html/democarol.com/homeservices/application/views/admin/categories/add_categories.php 57
ERROR - 03/13/2017 02:03 pm --> Severity: Notice --> Undefined variable: rec /home2/carolhhp/public_html/democarol.com/homeservices/application/views/admin/categories/add_categories.php 57
ERROR - 03/13/2017 02:03 pm --> Severity: Notice --> Trying to get property of non-object /home2/carolhhp/public_html/democarol.com/homeservices/application/views/admin/categories/add_categories.php 57
ERROR - 03/13/2017 02:03 pm --> Severity: Notice --> Undefined variable: rec /home2/carolhhp/public_html/democarol.com/homeservices/application/views/admin/categories/add_categories.php 57
ERROR - 03/13/2017 02:03 pm --> Severity: Notice --> Trying to get property of non-object /home2/carolhhp/public_html/democarol.com/homeservices/application/views/admin/categories/add_categories.php 57
ERROR - 03/13/2017 02:03 pm --> Severity: Notice --> Undefined variable: rec /home2/carolhhp/public_html/democarol.com/homeservices/application/views/admin/categories/add_categories.php 57
ERROR - 03/13/2017 02:03 pm --> Severity: Notice --> Trying to get property of non-object /home2/carolhhp/public_html/democarol.com/homeservices/application/views/admin/categories/add_categories.php 57
ERROR - 03/13/2017 02:03 pm --> Severity: Notice --> Undefined variable: rec /home2/carolhhp/public_html/democarol.com/homeservices/application/views/admin/categories/add_categories.php 57
ERROR - 03/13/2017 02:03 pm --> Severity: Notice --> Trying to get property of non-object /home2/carolhhp/public_html/democarol.com/homeservices/application/views/admin/categories/add_categories.php 57
ERROR - 03/13/2017 02:03 pm --> Severity: Notice --> Undefined variable: rec /home2/carolhhp/public_html/democarol.com/homeservices/application/views/admin/categories/add_categories.php 57
ERROR - 03/13/2017 02:03 pm --> Severity: Notice --> Trying to get property of non-object /home2/carolhhp/public_html/democarol.com/homeservices/application/views/admin/categories/add_categories.php 57
ERROR - 03/13/2017 02:03 pm --> Severity: Notice --> Undefined variable: rec /home2/carolhhp/public_html/democarol.com/homeservices/application/views/admin/categories/add_categories.php 57
ERROR - 03/13/2017 02:03 pm --> Severity: Notice --> Trying to get property of non-object /home2/carolhhp/public_html/democarol.com/homeservices/application/views/admin/categories/add_categories.php 57
ERROR - 03/13/2017 02:03 pm --> Severity: Notice --> Undefined variable: rec /home2/carolhhp/public_html/democarol.com/homeservices/application/views/admin/categories/add_categories.php 57
ERROR - 03/13/2017 02:03 pm --> Severity: Notice --> Trying to get property of non-object /home2/carolhhp/public_html/democarol.com/homeservices/application/views/admin/categories/add_categories.php 57
ERROR - 03/13/2017 02:03 pm --> Severity: Notice --> Undefined variable: rec /home2/carolhhp/public_html/democarol.com/homeservices/application/views/admin/categories/add_categories.php 57
ERROR - 03/13/2017 02:03 pm --> Severity: Notice --> Trying to get property of non-object /home2/carolhhp/public_html/democarol.com/homeservices/application/views/admin/categories/add_categories.php 57
ERROR - 03/13/2017 02:03 pm --> Severity: Notice --> Undefined variable: rec /home2/carolhhp/public_html/democarol.com/homeservices/application/views/admin/categories/add_categories.php 57
ERROR - 03/13/2017 02:03 pm --> Severity: Notice --> Trying to get property of non-object /home2/carolhhp/public_html/democarol.com/homeservices/application/views/admin/categories/add_categories.php 57
ERROR - 03/13/2017 02:03 pm --> Severity: Notice --> Undefined variable: rec /home2/carolhhp/public_html/democarol.com/homeservices/application/views/admin/categories/add_categories.php 57
ERROR - 03/13/2017 02:03 pm --> Severity: Notice --> Trying to get property of non-object /home2/carolhhp/public_html/democarol.com/homeservices/application/views/admin/categories/add_categories.php 57
ERROR - 03/13/2017 02:03 pm --> Severity: Notice --> Undefined variable: rec /home2/carolhhp/public_html/democarol.com/homeservices/application/views/admin/categories/add_categories.php 57
ERROR - 03/13/2017 02:03 pm --> Severity: Notice --> Trying to get property of non-object /home2/carolhhp/public_html/democarol.com/homeservices/application/views/admin/categories/add_categories.php 57
ERROR - 03/13/2017 02:03 pm --> Severity: Notice --> Undefined variable: rec /home2/carolhhp/public_html/democarol.com/homeservices/application/views/admin/categories/add_categories.php 57
ERROR - 03/13/2017 02:03 pm --> Severity: Notice --> Trying to get property of non-object /home2/carolhhp/public_html/democarol.com/homeservices/application/views/admin/categories/add_categories.php 57
ERROR - 03/13/2017 02:03 pm --> Severity: Notice --> Undefined variable: rec /home2/carolhhp/public_html/democarol.com/homeservices/application/views/admin/categories/add_categories.php 57
ERROR - 03/13/2017 02:03 pm --> Severity: Notice --> Trying to get property of non-object /home2/carolhhp/public_html/democarol.com/homeservices/application/views/admin/categories/add_categories.php 57
ERROR - 03/13/2017 02:03 pm --> Severity: Notice --> Undefined variable: rec /home2/carolhhp/public_html/democarol.com/homeservices/application/views/admin/categories/add_categories.php 57
ERROR - 03/13/2017 02:03 pm --> Severity: Notice --> Trying to get property of non-object /home2/carolhhp/public_html/democarol.com/homeservices/application/views/admin/categories/add_categories.php 57
ERROR - 03/13/2017 02:03 pm --> Severity: Notice --> Undefined variable: rec /home2/carolhhp/public_html/democarol.com/homeservices/application/views/admin/categories/add_categories.php 57
ERROR - 03/13/2017 02:03 pm --> Severity: Notice --> Trying to get property of non-object /home2/carolhhp/public_html/democarol.com/homeservices/application/views/admin/categories/add_categories.php 57
ERROR - 03/13/2017 02:03 pm --> Severity: Notice --> Undefined variable: rec /home2/carolhhp/public_html/democarol.com/homeservices/application/views/admin/categories/add_categories.php 57
ERROR - 03/13/2017 02:03 pm --> Severity: Notice --> Trying to get property of non-object /home2/carolhhp/public_html/democarol.com/homeservices/application/views/admin/categories/add_categories.php 57
ERROR - 03/13/2017 02:03 pm --> Severity: Notice --> Undefined variable: rec /home2/carolhhp/public_html/democarol.com/homeservices/application/views/admin/categories/add_categories.php 57
ERROR - 03/13/2017 02:03 pm --> Severity: Notice --> Trying to get property of non-object /home2/carolhhp/public_html/democarol.com/homeservices/application/views/admin/categories/add_categories.php 57
ERROR - 03/13/2017 02:03 pm --> Severity: Notice --> Undefined variable: rec /home2/carolhhp/public_html/democarol.com/homeservices/application/views/admin/categories/add_categories.php 57
ERROR - 03/13/2017 02:03 pm --> Severity: Notice --> Trying to get property of non-object /home2/carolhhp/public_html/democarol.com/homeservices/application/views/admin/categories/add_categories.php 57
ERROR - 03/13/2017 02:03 pm --> Severity: Notice --> Undefined variable: rec /home2/carolhhp/public_html/democarol.com/homeservices/application/views/admin/categories/add_categories.php 57
ERROR - 03/13/2017 02:03 pm --> Severity: Notice --> Trying to get property of non-object /home2/carolhhp/public_html/democarol.com/homeservices/application/views/admin/categories/add_categories.php 57
ERROR - 03/13/2017 02:03 pm --> Severity: Notice --> Undefined variable: rec /home2/carolhhp/public_html/democarol.com/homeservices/application/views/admin/categories/add_categories.php 57
ERROR - 03/13/2017 02:03 pm --> Severity: Notice --> Trying to get property of non-object /home2/carolhhp/public_html/democarol.com/homeservices/application/views/admin/categories/add_categories.php 57
ERROR - 03/13/2017 02:03 pm --> Severity: Notice --> Undefined variable: rec /home2/carolhhp/public_html/democarol.com/homeservices/application/views/admin/categories/add_categories.php 57
ERROR - 03/13/2017 02:03 pm --> Severity: Notice --> Trying to get property of non-object /home2/carolhhp/public_html/democarol.com/homeservices/application/views/admin/categories/add_categories.php 57
ERROR - 03/13/2017 02:03 pm --> Severity: Notice --> Undefined variable: rec /home2/carolhhp/public_html/democarol.com/homeservices/application/views/admin/categories/add_categories.php 57
ERROR - 03/13/2017 02:03 pm --> Severity: Notice --> Trying to get property of non-object /home2/carolhhp/public_html/democarol.com/homeservices/application/views/admin/categories/add_categories.php 57
ERROR - 03/13/2017 02:03 pm --> Severity: Notice --> Undefined variable: rec /home2/carolhhp/public_html/democarol.com/homeservices/application/views/admin/categories/add_categories.php 57
ERROR - 03/13/2017 02:03 pm --> Severity: Notice --> Trying to get property of non-object /home2/carolhhp/public_html/democarol.com/homeservices/application/views/admin/categories/add_categories.php 57
ERROR - 03/13/2017 02:03 pm --> Severity: Notice --> Undefined variable: rec /home2/carolhhp/public_html/democarol.com/homeservices/application/views/admin/categories/add_categories.php 57
ERROR - 03/13/2017 02:03 pm --> Severity: Notice --> Trying to get property of non-object /home2/carolhhp/public_html/democarol.com/homeservices/application/views/admin/categories/add_categories.php 57
ERROR - 03/13/2017 02:03 pm --> Severity: Notice --> Undefined variable: rec /home2/carolhhp/public_html/democarol.com/homeservices/application/views/admin/categories/add_categories.php 57
ERROR - 03/13/2017 02:03 pm --> Severity: Notice --> Trying to get property of non-object /home2/carolhhp/public_html/democarol.com/homeservices/application/views/admin/categories/add_categories.php 57
ERROR - 03/13/2017 02:03 pm --> Severity: Notice --> Undefined variable: rec /home2/carolhhp/public_html/democarol.com/homeservices/application/views/admin/categories/add_categories.php 57
ERROR - 03/13/2017 02:03 pm --> Severity: Notice --> Trying to get property of non-object /home2/carolhhp/public_html/democarol.com/homeservices/application/views/admin/categories/add_categories.php 57
ERROR - 03/13/2017 02:03 pm --> Severity: Notice --> Undefined variable: rec /home2/carolhhp/public_html/democarol.com/homeservices/application/views/admin/categories/add_categories.php 57
ERROR - 03/13/2017 02:03 pm --> Severity: Notice --> Trying to get property of non-object /home2/carolhhp/public_html/democarol.com/homeservices/application/views/admin/categories/add_categories.php 57
ERROR - 03/13/2017 02:03 pm --> Severity: Notice --> Undefined variable: rec /home2/carolhhp/public_html/democarol.com/homeservices/application/views/admin/categories/add_categories.php 57
ERROR - 03/13/2017 02:03 pm --> Severity: Notice --> Trying to get property of non-object /home2/carolhhp/public_html/democarol.com/homeservices/application/views/admin/categories/add_categories.php 57
ERROR - 03/13/2017 02:03 pm --> Severity: Notice --> Undefined variable: rec /home2/carolhhp/public_html/democarol.com/homeservices/application/views/admin/categories/add_categories.php 57
ERROR - 03/13/2017 02:03 pm --> Severity: Notice --> Trying to get property of non-object /home2/carolhhp/public_html/democarol.com/homeservices/application/views/admin/categories/add_categories.php 57
ERROR - 03/13/2017 02:03 pm --> Severity: Notice --> Undefined variable: rec /home2/carolhhp/public_html/democarol.com/homeservices/application/views/admin/categories/add_categories.php 57
ERROR - 03/13/2017 02:03 pm --> Severity: Notice --> Trying to get property of non-object /home2/carolhhp/public_html/democarol.com/homeservices/application/views/admin/categories/add_categories.php 57
ERROR - 03/13/2017 02:03 pm --> Severity: Notice --> Undefined variable: rec /home2/carolhhp/public_html/democarol.com/homeservices/application/views/admin/categories/add_categories.php 57
ERROR - 03/13/2017 02:03 pm --> Severity: Notice --> Trying to get property of non-object /home2/carolhhp/public_html/democarol.com/homeservices/application/views/admin/categories/add_categories.php 57
ERROR - 03/13/2017 02:03 pm --> Severity: Notice --> Undefined variable: rec /home2/carolhhp/public_html/democarol.com/homeservices/application/views/admin/categories/add_categories.php 57
ERROR - 03/13/2017 02:03 pm --> Severity: Notice --> Trying to get property of non-object /home2/carolhhp/public_html/democarol.com/homeservices/application/views/admin/categories/add_categories.php 57
ERROR - 03/13/2017 02:03 pm --> Severity: Notice --> Undefined variable: rec /home2/carolhhp/public_html/democarol.com/homeservices/application/views/admin/categories/add_categories.php 57
ERROR - 03/13/2017 02:03 pm --> Severity: Notice --> Trying to get property of non-object /home2/carolhhp/public_html/democarol.com/homeservices/application/views/admin/categories/add_categories.php 57
ERROR - 03/13/2017 02:03 pm --> Severity: Notice --> Undefined variable: rec /home2/carolhhp/public_html/democarol.com/homeservices/application/views/admin/categories/add_categories.php 57
ERROR - 03/13/2017 02:03 pm --> Severity: Notice --> Trying to get property of non-object /home2/carolhhp/public_html/democarol.com/homeservices/application/views/admin/categories/add_categories.php 57
ERROR - 03/13/2017 02:03 pm --> Severity: Notice --> Undefined variable: rec /home2/carolhhp/public_html/democarol.com/homeservices/application/views/admin/categories/add_categories.php 57
ERROR - 03/13/2017 02:03 pm --> Severity: Notice --> Trying to get property of non-object /home2/carolhhp/public_html/democarol.com/homeservices/application/views/admin/categories/add_categories.php 57
ERROR - 03/13/2017 02:03 pm --> Severity: Notice --> Undefined variable: rec /home2/carolhhp/public_html/democarol.com/homeservices/application/views/admin/categories/add_categories.php 57
ERROR - 03/13/2017 02:03 pm --> Severity: Notice --> Trying to get property of non-object /home2/carolhhp/public_html/democarol.com/homeservices/application/views/admin/categories/add_categories.php 57
ERROR - 03/13/2017 02:03 pm --> Severity: Notice --> Undefined variable: rec /home2/carolhhp/public_html/democarol.com/homeservices/application/views/admin/categories/add_categories.php 57
ERROR - 03/13/2017 02:03 pm --> Severity: Notice --> Trying to get property of non-object /home2/carolhhp/public_html/democarol.com/homeservices/application/views/admin/categories/add_categories.php 57
ERROR - 03/13/2017 02:03 pm --> Severity: Notice --> Undefined variable: rec /home2/carolhhp/public_html/democarol.com/homeservices/application/views/admin/categories/add_categories.php 57
ERROR - 03/13/2017 02:03 pm --> Severity: Notice --> Trying to get property of non-object /home2/carolhhp/public_html/democarol.com/homeservices/application/views/admin/categories/add_categories.php 57
ERROR - 03/13/2017 02:03 pm --> Severity: Notice --> Undefined variable: rec /home2/carolhhp/public_html/democarol.com/homeservices/application/views/admin/categories/add_categories.php 57
ERROR - 03/13/2017 02:03 pm --> Severity: Notice --> Trying to get property of non-object /home2/carolhhp/public_html/democarol.com/homeservices/application/views/admin/categories/add_categories.php 57
ERROR - 03/13/2017 02:03 pm --> Severity: Notice --> Undefined variable: rec /home2/carolhhp/public_html/democarol.com/homeservices/application/views/admin/categories/add_categories.php 57
ERROR - 03/13/2017 02:03 pm --> Severity: Notice --> Trying to get property of non-object /home2/carolhhp/public_html/democarol.com/homeservices/application/views/admin/categories/add_categories.php 57
ERROR - 03/13/2017 02:03 pm --> Severity: Notice --> Undefined variable: rec /home2/carolhhp/public_html/democarol.com/homeservices/application/views/admin/categories/add_categories.php 57
ERROR - 03/13/2017 02:03 pm --> Severity: Notice --> Trying to get property of non-object /home2/carolhhp/public_html/democarol.com/homeservices/application/views/admin/categories/add_categories.php 57
ERROR - 03/13/2017 02:03 pm --> Severity: Notice --> Undefined variable: rec /home2/carolhhp/public_html/democarol.com/homeservices/application/views/admin/categories/add_categories.php 57
ERROR - 03/13/2017 02:03 pm --> Severity: Notice --> Trying to get property of non-object /home2/carolhhp/public_html/democarol.com/homeservices/application/views/admin/categories/add_categories.php 57
ERROR - 03/13/2017 03:33 am --> 404 Page Not Found: Assets/js
ERROR - 03/13/2017 02:03 pm --> Severity: Notice --> Undefined variable: rec /home2/carolhhp/public_html/democarol.com/homeservices/application/views/admin/categories/add_categories.php 57
ERROR - 03/13/2017 02:03 pm --> Severity: Notice --> Trying to get property of non-object /home2/carolhhp/public_html/democarol.com/homeservices/application/views/admin/categories/add_categories.php 57
ERROR - 03/13/2017 02:03 pm --> Severity: Notice --> Undefined variable: rec /home2/carolhhp/public_html/democarol.com/homeservices/application/views/admin/categories/add_categories.php 57
ERROR - 03/13/2017 02:03 pm --> Severity: Notice --> Trying to get property of non-object /home2/carolhhp/public_html/democarol.com/homeservices/application/views/admin/categories/add_categories.php 57
ERROR - 03/13/2017 02:03 pm --> Severity: Notice --> Undefined variable: rec /home2/carolhhp/public_html/democarol.com/homeservices/application/views/admin/categories/add_categories.php 57
ERROR - 03/13/2017 02:03 pm --> Severity: Notice --> Trying to get property of non-object /home2/carolhhp/public_html/democarol.com/homeservices/application/views/admin/categories/add_categories.php 57
ERROR - 03/13/2017 02:03 pm --> Severity: Notice --> Undefined variable: rec /home2/carolhhp/public_html/democarol.com/homeservices/application/views/admin/categories/add_categories.php 57
ERROR - 03/13/2017 02:03 pm --> Severity: Notice --> Trying to get property of non-object /home2/carolhhp/public_html/democarol.com/homeservices/application/views/admin/categories/add_categories.php 57
ERROR - 03/13/2017 02:03 pm --> Severity: Notice --> Undefined variable: rec /home2/carolhhp/public_html/democarol.com/homeservices/application/views/admin/categories/add_categories.php 57
ERROR - 03/13/2017 02:03 pm --> Severity: Notice --> Trying to get property of non-object /home2/carolhhp/public_html/democarol.com/homeservices/application/views/admin/categories/add_categories.php 57
ERROR - 03/13/2017 02:03 pm --> Severity: Notice --> Undefined variable: rec /home2/carolhhp/public_html/democarol.com/homeservices/application/views/admin/categories/add_categories.php 57
ERROR - 03/13/2017 02:03 pm --> Severity: Notice --> Trying to get property of non-object /home2/carolhhp/public_html/democarol.com/homeservices/application/views/admin/categories/add_categories.php 57
ERROR - 03/13/2017 02:03 pm --> Severity: Notice --> Undefined variable: rec /home2/carolhhp/public_html/democarol.com/homeservices/application/views/admin/categories/add_categories.php 57
ERROR - 03/13/2017 02:03 pm --> Severity: Notice --> Trying to get property of non-object /home2/carolhhp/public_html/democarol.com/homeservices/application/views/admin/categories/add_categories.php 57
ERROR - 03/13/2017 02:03 pm --> Severity: Notice --> Undefined variable: rec /home2/carolhhp/public_html/democarol.com/homeservices/application/views/admin/categories/add_categories.php 57
ERROR - 03/13/2017 02:03 pm --> Severity: Notice --> Trying to get property of non-object /home2/carolhhp/public_html/democarol.com/homeservices/application/views/admin/categories/add_categories.php 57
ERROR - 03/13/2017 02:03 pm --> Severity: Notice --> Undefined variable: rec /home2/carolhhp/public_html/democarol.com/homeservices/application/views/admin/categories/add_categories.php 57
ERROR - 03/13/2017 02:03 pm --> Severity: Notice --> Trying to get property of non-object /home2/carolhhp/public_html/democarol.com/homeservices/application/views/admin/categories/add_categories.php 57
ERROR - 03/13/2017 02:03 pm --> Severity: Notice --> Undefined variable: rec /home2/carolhhp/public_html/democarol.com/homeservices/application/views/admin/categories/add_categories.php 57
ERROR - 03/13/2017 02:03 pm --> Severity: Notice --> Trying to get property of non-object /home2/carolhhp/public_html/democarol.com/homeservices/application/views/admin/categories/add_categories.php 57
ERROR - 03/13/2017 02:03 pm --> Severity: Notice --> Undefined variable: rec /home2/carolhhp/public_html/democarol.com/homeservices/application/views/admin/categories/add_categories.php 57
ERROR - 03/13/2017 02:03 pm --> Severity: Notice --> Trying to get property of non-object /home2/carolhhp/public_html/democarol.com/homeservices/application/views/admin/categories/add_categories.php 57
ERROR - 03/13/2017 02:03 pm --> Severity: Notice --> Undefined variable: rec /home2/carolhhp/public_html/democarol.com/homeservices/application/views/admin/categories/add_categories.php 57
ERROR - 03/13/2017 02:03 pm --> Severity: Notice --> Trying to get property of non-object /home2/carolhhp/public_html/democarol.com/homeservices/application/views/admin/categories/add_categories.php 57
ERROR - 03/13/2017 02:03 pm --> Severity: Notice --> Undefined variable: rec /home2/carolhhp/public_html/democarol.com/homeservices/application/views/admin/categories/add_categories.php 57
ERROR - 03/13/2017 02:03 pm --> Severity: Notice --> Trying to get property of non-object /home2/carolhhp/public_html/democarol.com/homeservices/application/views/admin/categories/add_categories.php 57
ERROR - 03/13/2017 02:03 pm --> Severity: Notice --> Undefined variable: rec /home2/carolhhp/public_html/democarol.com/homeservices/application/views/admin/categories/add_categories.php 57
ERROR - 03/13/2017 02:03 pm --> Severity: Notice --> Trying to get property of non-object /home2/carolhhp/public_html/democarol.com/homeservices/application/views/admin/categories/add_categories.php 57
ERROR - 03/13/2017 02:03 pm --> Severity: Notice --> Undefined variable: rec /home2/carolhhp/public_html/democarol.com/homeservices/application/views/admin/categories/add_categories.php 57
ERROR - 03/13/2017 02:03 pm --> Severity: Notice --> Trying to get property of non-object /home2/carolhhp/public_html/democarol.com/homeservices/application/views/admin/categories/add_categories.php 57
ERROR - 03/13/2017 02:03 pm --> Severity: Notice --> Undefined variable: rec /home2/carolhhp/public_html/democarol.com/homeservices/application/views/admin/categories/add_categories.php 57
ERROR - 03/13/2017 02:03 pm --> Severity: Notice --> Trying to get property of non-object /home2/carolhhp/public_html/democarol.com/homeservices/application/views/admin/categories/add_categories.php 57
ERROR - 03/13/2017 02:03 pm --> Severity: Notice --> Undefined variable: rec /home2/carolhhp/public_html/democarol.com/homeservices/application/views/admin/categories/add_categories.php 57
ERROR - 03/13/2017 02:03 pm --> Severity: Notice --> Trying to get property of non-object /home2/carolhhp/public_html/democarol.com/homeservices/application/views/admin/categories/add_categories.php 57
ERROR - 03/13/2017 02:03 pm --> Severity: Notice --> Undefined variable: rec /home2/carolhhp/public_html/democarol.com/homeservices/application/views/admin/categories/add_categories.php 57
ERROR - 03/13/2017 02:03 pm --> Severity: Notice --> Trying to get property of non-object /home2/carolhhp/public_html/democarol.com/homeservices/application/views/admin/categories/add_categories.php 57
ERROR - 03/13/2017 02:03 pm --> Severity: Notice --> Undefined variable: rec /home2/carolhhp/public_html/democarol.com/homeservices/application/views/admin/categories/add_categories.php 57
ERROR - 03/13/2017 02:03 pm --> Severity: Notice --> Trying to get property of non-object /home2/carolhhp/public_html/democarol.com/homeservices/application/views/admin/categories/add_categories.php 57
ERROR - 03/13/2017 02:03 pm --> Severity: Notice --> Undefined variable: rec /home2/carolhhp/public_html/democarol.com/homeservices/application/views/admin/categories/add_categories.php 57
ERROR - 03/13/2017 02:03 pm --> Severity: Notice --> Trying to get property of non-object /home2/carolhhp/public_html/democarol.com/homeservices/application/views/admin/categories/add_categories.php 57
ERROR - 03/13/2017 02:03 pm --> Severity: Notice --> Undefined variable: rec /home2/carolhhp/public_html/democarol.com/homeservices/application/views/admin/categories/add_categories.php 57
ERROR - 03/13/2017 02:03 pm --> Severity: Notice --> Trying to get property of non-object /home2/carolhhp/public_html/democarol.com/homeservices/application/views/admin/categories/add_categories.php 57
ERROR - 03/13/2017 02:03 pm --> Severity: Notice --> Undefined variable: rec /home2/carolhhp/public_html/democarol.com/homeservices/application/views/admin/categories/add_categories.php 57
ERROR - 03/13/2017 02:03 pm --> Severity: Notice --> Trying to get property of non-object /home2/carolhhp/public_html/democarol.com/homeservices/application/views/admin/categories/add_categories.php 57
ERROR - 03/13/2017 02:03 pm --> Severity: Notice --> Undefined variable: rec /home2/carolhhp/public_html/democarol.com/homeservices/application/views/admin/categories/add_categories.php 57
ERROR - 03/13/2017 02:03 pm --> Severity: Notice --> Trying to get property of non-object /home2/carolhhp/public_html/democarol.com/homeservices/application/views/admin/categories/add_categories.php 57
ERROR - 03/13/2017 02:03 pm --> Severity: Notice --> Undefined variable: rec /home2/carolhhp/public_html/democarol.com/homeservices/application/views/admin/categories/add_categories.php 57
ERROR - 03/13/2017 02:03 pm --> Severity: Notice --> Trying to get property of non-object /home2/carolhhp/public_html/democarol.com/homeservices/application/views/admin/categories/add_categories.php 57
ERROR - 03/13/2017 02:03 pm --> Severity: Notice --> Undefined variable: rec /home2/carolhhp/public_html/democarol.com/homeservices/application/views/admin/categories/add_categories.php 57
ERROR - 03/13/2017 02:03 pm --> Severity: Notice --> Trying to get property of non-object /home2/carolhhp/public_html/democarol.com/homeservices/application/views/admin/categories/add_categories.php 57
ERROR - 03/13/2017 02:03 pm --> Severity: Notice --> Undefined variable: rec /home2/carolhhp/public_html/democarol.com/homeservices/application/views/admin/categories/add_categories.php 57
ERROR - 03/13/2017 02:03 pm --> Severity: Notice --> Trying to get property of non-object /home2/carolhhp/public_html/democarol.com/homeservices/application/views/admin/categories/add_categories.php 57
ERROR - 03/13/2017 02:03 pm --> Severity: Notice --> Undefined variable: rec /home2/carolhhp/public_html/democarol.com/homeservices/application/views/admin/categories/add_categories.php 57
ERROR - 03/13/2017 02:03 pm --> Severity: Notice --> Trying to get property of non-object /home2/carolhhp/public_html/democarol.com/homeservices/application/views/admin/categories/add_categories.php 57
ERROR - 03/13/2017 02:03 pm --> Severity: Notice --> Undefined variable: rec /home2/carolhhp/public_html/democarol.com/homeservices/application/views/admin/categories/add_categories.php 57
ERROR - 03/13/2017 02:03 pm --> Severity: Notice --> Trying to get property of non-object /home2/carolhhp/public_html/democarol.com/homeservices/application/views/admin/categories/add_categories.php 57
ERROR - 03/13/2017 02:03 pm --> Severity: Notice --> Undefined variable: rec /home2/carolhhp/public_html/democarol.com/homeservices/application/views/admin/categories/add_categories.php 57
ERROR - 03/13/2017 02:03 pm --> Severity: Notice --> Trying to get property of non-object /home2/carolhhp/public_html/democarol.com/homeservices/application/views/admin/categories/add_categories.php 57
ERROR - 03/13/2017 02:03 pm --> Severity: Notice --> Undefined variable: rec /home2/carolhhp/public_html/democarol.com/homeservices/application/views/admin/categories/add_categories.php 57
ERROR - 03/13/2017 02:03 pm --> Severity: Notice --> Trying to get property of non-object /home2/carolhhp/public_html/democarol.com/homeservices/application/views/admin/categories/add_categories.php 57
ERROR - 03/13/2017 02:03 pm --> Severity: Notice --> Undefined variable: rec /home2/carolhhp/public_html/democarol.com/homeservices/application/views/admin/categories/add_categories.php 57
ERROR - 03/13/2017 02:03 pm --> Severity: Notice --> Trying to get property of non-object /home2/carolhhp/public_html/democarol.com/homeservices/application/views/admin/categories/add_categories.php 57
ERROR - 03/13/2017 02:03 pm --> Severity: Notice --> Undefined variable: rec /home2/carolhhp/public_html/democarol.com/homeservices/application/views/admin/categories/add_categories.php 57
ERROR - 03/13/2017 02:03 pm --> Severity: Notice --> Trying to get property of non-object /home2/carolhhp/public_html/democarol.com/homeservices/application/views/admin/categories/add_categories.php 57
ERROR - 03/13/2017 02:03 pm --> Severity: Notice --> Undefined variable: rec /home2/carolhhp/public_html/democarol.com/homeservices/application/views/admin/categories/add_categories.php 57
ERROR - 03/13/2017 02:03 pm --> Severity: Notice --> Trying to get property of non-object /home2/carolhhp/public_html/democarol.com/homeservices/application/views/admin/categories/add_categories.php 57
ERROR - 03/13/2017 02:03 pm --> Severity: Notice --> Undefined variable: rec /home2/carolhhp/public_html/democarol.com/homeservices/application/views/admin/categories/add_categories.php 57
ERROR - 03/13/2017 02:03 pm --> Severity: Notice --> Trying to get property of non-object /home2/carolhhp/public_html/democarol.com/homeservices/application/views/admin/categories/add_categories.php 57
ERROR - 03/13/2017 02:03 pm --> Severity: Notice --> Undefined variable: rec /home2/carolhhp/public_html/democarol.com/homeservices/application/views/admin/categories/add_categories.php 57
ERROR - 03/13/2017 02:03 pm --> Severity: Notice --> Trying to get property of non-object /home2/carolhhp/public_html/democarol.com/homeservices/application/views/admin/categories/add_categories.php 57
ERROR - 03/13/2017 02:03 pm --> Severity: Notice --> Undefined variable: rec /home2/carolhhp/public_html/democarol.com/homeservices/application/views/admin/categories/add_categories.php 57
ERROR - 03/13/2017 02:03 pm --> Severity: Notice --> Trying to get property of non-object /home2/carolhhp/public_html/democarol.com/homeservices/application/views/admin/categories/add_categories.php 57
ERROR - 03/13/2017 02:03 pm --> Severity: Notice --> Undefined variable: rec /home2/carolhhp/public_html/democarol.com/homeservices/application/views/admin/categories/add_categories.php 57
ERROR - 03/13/2017 02:03 pm --> Severity: Notice --> Trying to get property of non-object /home2/carolhhp/public_html/democarol.com/homeservices/application/views/admin/categories/add_categories.php 57
ERROR - 03/13/2017 02:03 pm --> Severity: Notice --> Undefined variable: rec /home2/carolhhp/public_html/democarol.com/homeservices/application/views/admin/categories/add_categories.php 57
ERROR - 03/13/2017 02:03 pm --> Severity: Notice --> Trying to get property of non-object /home2/carolhhp/public_html/democarol.com/homeservices/application/views/admin/categories/add_categories.php 57
ERROR - 03/13/2017 02:03 pm --> Severity: Notice --> Undefined variable: rec /home2/carolhhp/public_html/democarol.com/homeservices/application/views/admin/categories/add_categories.php 57
ERROR - 03/13/2017 02:03 pm --> Severity: Notice --> Trying to get property of non-object /home2/carolhhp/public_html/democarol.com/homeservices/application/views/admin/categories/add_categories.php 57
ERROR - 03/13/2017 02:03 pm --> Severity: Notice --> Undefined variable: rec /home2/carolhhp/public_html/democarol.com/homeservices/application/views/admin/categories/add_categories.php 57
ERROR - 03/13/2017 02:03 pm --> Severity: Notice --> Trying to get property of non-object /home2/carolhhp/public_html/democarol.com/homeservices/application/views/admin/categories/add_categories.php 57
ERROR - 03/13/2017 02:03 pm --> Severity: Notice --> Undefined variable: rec /home2/carolhhp/public_html/democarol.com/homeservices/application/views/admin/categories/add_categories.php 57
ERROR - 03/13/2017 02:03 pm --> Severity: Notice --> Trying to get property of non-object /home2/carolhhp/public_html/democarol.com/homeservices/application/views/admin/categories/add_categories.php 57
ERROR - 03/13/2017 02:03 pm --> Severity: Notice --> Undefined variable: rec /home2/carolhhp/public_html/democarol.com/homeservices/application/views/admin/categories/add_categories.php 57
ERROR - 03/13/2017 02:03 pm --> Severity: Notice --> Trying to get property of non-object /home2/carolhhp/public_html/democarol.com/homeservices/application/views/admin/categories/add_categories.php 57
ERROR - 03/13/2017 02:03 pm --> Severity: Notice --> Undefined variable: rec /home2/carolhhp/public_html/democarol.com/homeservices/application/views/admin/categories/add_categories.php 57
ERROR - 03/13/2017 02:03 pm --> Severity: Notice --> Trying to get property of non-object /home2/carolhhp/public_html/democarol.com/homeservices/application/views/admin/categories/add_categories.php 57
ERROR - 03/13/2017 02:03 pm --> Severity: Notice --> Undefined variable: rec /home2/carolhhp/public_html/democarol.com/homeservices/application/views/admin/categories/add_categories.php 57
ERROR - 03/13/2017 02:03 pm --> Severity: Notice --> Trying to get property of non-object /home2/carolhhp/public_html/democarol.com/homeservices/application/views/admin/categories/add_categories.php 57
ERROR - 03/13/2017 02:03 pm --> Severity: Notice --> Undefined variable: rec /home2/carolhhp/public_html/democarol.com/homeservices/application/views/admin/categories/add_categories.php 57
ERROR - 03/13/2017 02:03 pm --> Severity: Notice --> Trying to get property of non-object /home2/carolhhp/public_html/democarol.com/homeservices/application/views/admin/categories/add_categories.php 57
ERROR - 03/13/2017 02:03 pm --> Severity: Notice --> Undefined variable: rec /home2/carolhhp/public_html/democarol.com/homeservices/application/views/admin/categories/add_categories.php 57
ERROR - 03/13/2017 02:03 pm --> Severity: Notice --> Trying to get property of non-object /home2/carolhhp/public_html/democarol.com/homeservices/application/views/admin/categories/add_categories.php 57
ERROR - 03/13/2017 02:03 pm --> Severity: Notice --> Undefined variable: rec /home2/carolhhp/public_html/democarol.com/homeservices/application/views/admin/categories/add_categories.php 57
ERROR - 03/13/2017 02:03 pm --> Severity: Notice --> Trying to get property of non-object /home2/carolhhp/public_html/democarol.com/homeservices/application/views/admin/categories/add_categories.php 57
ERROR - 03/13/2017 02:03 pm --> Severity: Notice --> Undefined variable: rec /home2/carolhhp/public_html/democarol.com/homeservices/application/views/admin/categories/add_categories.php 57
ERROR - 03/13/2017 02:03 pm --> Severity: Notice --> Trying to get property of non-object /home2/carolhhp/public_html/democarol.com/homeservices/application/views/admin/categories/add_categories.php 57
ERROR - 03/13/2017 03:33 am --> 404 Page Not Found: Images/photos
ERROR - 03/13/2017 07:35 am --> 404 Page Not Found: Assets/img
ERROR - 03/13/2017 07:35 am --> 404 Page Not Found: Assets/js
ERROR - 03/13/2017 07:35 am --> 404 Page Not Found: Images/photos
ERROR - 03/13/2017 07:35 am --> 404 Page Not Found: Images/photos
ERROR - 03/13/2017 06:05 pm --> Severity: Notice --> Undefined property: stdClass::$per_hours /home2/carolhhp/public_html/democarol.com/homeservices/application/views/admin/plan/manage_plan.php 99
ERROR - 03/13/2017 06:05 pm --> Severity: Notice --> Undefined property: stdClass::$per_price /home2/carolhhp/public_html/democarol.com/homeservices/application/views/admin/plan/manage_plan.php 100
ERROR - 03/13/2017 06:05 pm --> Severity: Notice --> Undefined property: stdClass::$original_price /home2/carolhhp/public_html/democarol.com/homeservices/application/views/admin/plan/manage_plan.php 101
ERROR - 03/13/2017 06:05 pm --> Severity: Notice --> Undefined property: stdClass::$discount_price /home2/carolhhp/public_html/democarol.com/homeservices/application/views/admin/plan/manage_plan.php 102
ERROR - 03/13/2017 06:05 pm --> Severity: Notice --> Undefined property: stdClass::$per_hours /home2/carolhhp/public_html/democarol.com/homeservices/application/views/admin/plan/manage_plan.php 114
ERROR - 03/13/2017 06:05 pm --> Severity: Notice --> Undefined property: stdClass::$per_price /home2/carolhhp/public_html/democarol.com/homeservices/application/views/admin/plan/manage_plan.php 115
ERROR - 03/13/2017 06:05 pm --> Severity: Notice --> Undefined property: stdClass::$original_price /home2/carolhhp/public_html/democarol.com/homeservices/application/views/admin/plan/manage_plan.php 116
ERROR - 03/13/2017 06:05 pm --> Severity: Notice --> Undefined property: stdClass::$discount_price /home2/carolhhp/public_html/democarol.com/homeservices/application/views/admin/plan/manage_plan.php 117
ERROR - 03/13/2017 06:05 pm --> Severity: Notice --> Undefined property: stdClass::$per_hours /home2/carolhhp/public_html/democarol.com/homeservices/application/views/admin/plan/manage_plan.php 128
ERROR - 03/13/2017 06:05 pm --> Severity: Notice --> Undefined property: stdClass::$per_price /home2/carolhhp/public_html/democarol.com/homeservices/application/views/admin/plan/manage_plan.php 129
ERROR - 03/13/2017 06:05 pm --> Severity: Notice --> Undefined property: stdClass::$original_price /home2/carolhhp/public_html/democarol.com/homeservices/application/views/admin/plan/manage_plan.php 130
ERROR - 03/13/2017 06:05 pm --> Severity: Notice --> Undefined property: stdClass::$discount_price /home2/carolhhp/public_html/democarol.com/homeservices/application/views/admin/plan/manage_plan.php 131
ERROR - 03/13/2017 06:05 pm --> Severity: Notice --> Undefined property: stdClass::$per_hours /home2/carolhhp/public_html/democarol.com/homeservices/application/views/admin/plan/manage_plan.php 99
ERROR - 03/13/2017 06:05 pm --> Severity: Notice --> Undefined property: stdClass::$per_price /home2/carolhhp/public_html/democarol.com/homeservices/application/views/admin/plan/manage_plan.php 100
ERROR - 03/13/2017 06:05 pm --> Severity: Notice --> Undefined property: stdClass::$original_price /home2/carolhhp/public_html/democarol.com/homeservices/application/views/admin/plan/manage_plan.php 101
ERROR - 03/13/2017 06:05 pm --> Severity: Notice --> Undefined property: stdClass::$discount_price /home2/carolhhp/public_html/democarol.com/homeservices/application/views/admin/plan/manage_plan.php 102
ERROR - 03/13/2017 06:05 pm --> Severity: Notice --> Undefined property: stdClass::$per_hours /home2/carolhhp/public_html/democarol.com/homeservices/application/views/admin/plan/manage_plan.php 114
ERROR - 03/13/2017 06:05 pm --> Severity: Notice --> Undefined property: stdClass::$per_price /home2/carolhhp/public_html/democarol.com/homeservices/application/views/admin/plan/manage_plan.php 115
ERROR - 03/13/2017 06:05 pm --> Severity: Notice --> Undefined property: stdClass::$original_price /home2/carolhhp/public_html/democarol.com/homeservices/application/views/admin/plan/manage_plan.php 116
ERROR - 03/13/2017 06:05 pm --> Severity: Notice --> Undefined property: stdClass::$discount_price /home2/carolhhp/public_html/democarol.com/homeservices/application/views/admin/plan/manage_plan.php 117
ERROR - 03/13/2017 06:05 pm --> Severity: Notice --> Undefined property: stdClass::$per_hours /home2/carolhhp/public_html/democarol.com/homeservices/application/views/admin/plan/manage_plan.php 128
ERROR - 03/13/2017 06:05 pm --> Severity: Notice --> Undefined property: stdClass::$per_price /home2/carolhhp/public_html/democarol.com/homeservices/application/views/admin/plan/manage_plan.php 129
ERROR - 03/13/2017 06:05 pm --> Severity: Notice --> Undefined property: stdClass::$original_price /home2/carolhhp/public_html/democarol.com/homeservices/application/views/admin/plan/manage_plan.php 130
ERROR - 03/13/2017 06:05 pm --> Severity: Notice --> Undefined property: stdClass::$discount_price /home2/carolhhp/public_html/democarol.com/homeservices/application/views/admin/plan/manage_plan.php 131
ERROR - 03/13/2017 07:35 am --> 404 Page Not Found: Assets/js
ERROR - 03/13/2017 07:35 am --> 404 Page Not Found: Assets/js
ERROR - 03/13/2017 07:35 am --> 404 Page Not Found: Assets/js
ERROR - 03/13/2017 07:35 am --> 404 Page Not Found: Images/photos
ERROR - 03/13/2017 07:35 am --> 404 Page Not Found: Assets/js
ERROR - 03/13/2017 07:35 am --> 404 Page Not Found: Assets/js
ERROR - 03/13/2017 07:35 am --> 404 Page Not Found: Assets/js
ERROR - 03/13/2017 07:35 am --> 404 Page Not Found: Images/photos
ERROR - 03/13/2017 07:46 am --> 404 Page Not Found: Assets/js
ERROR - 03/13/2017 07:46 am --> 404 Page Not Found: Assets/js
ERROR - 03/13/2017 07:46 am --> 404 Page Not Found: Assets/js
ERROR - 03/13/2017 07:46 am --> 404 Page Not Found: Assets/js
ERROR - 03/13/2017 07:46 am --> 404 Page Not Found: Assets/js
ERROR - 03/13/2017 07:46 am --> 404 Page Not Found: Assets/js
ERROR - 03/13/2017 07:46 am --> 404 Page Not Found: Assets/js
ERROR - 03/13/2017 07:46 am --> 404 Page Not Found: Css/auto_select
ERROR - 03/13/2017 07:46 am --> 404 Page Not Found: Js/docsupport
ERROR - 03/13/2017 07:46 am --> 404 Page Not Found: Js/docsupport
ERROR - 03/13/2017 07:46 am --> 404 Page Not Found: Js/docsupport
ERROR - 03/13/2017 07:46 am --> 404 Page Not Found: Images/photos
