ERROR - 07/20/2017 04:40 am --> Severity: Notice --> Undefined variable: child_catname /home2/carolhhp/public_html/democarol.com/homeservices/application/views/front/home.php 89
ERROR - 07/20/2017 04:40 am --> Severity: Notice --> Trying to get property of non-object /home2/carolhhp/public_html/democarol.com/homeservices/application/views/front/home.php 89
ERROR - 07/20/2017 04:40 am --> Severity: Notice --> Undefined variable: child_catname /home2/carolhhp/public_html/democarol.com/homeservices/application/views/front/home.php 90
ERROR - 07/20/2017 04:40 am --> Severity: Notice --> Trying to get property of non-object /home2/carolhhp/public_html/democarol.com/homeservices/application/views/front/home.php 90
ERROR - 07/20/2017 04:40 am --> Severity: Notice --> Undefined variable: child_catname /home2/carolhhp/public_html/democarol.com/homeservices/application/views/front/home.php 91
ERROR - 07/20/2017 04:40 am --> Severity: Notice --> Trying to get property of non-object /home2/carolhhp/public_html/democarol.com/homeservices/application/views/front/home.php 91
ERROR - 07/20/2017 04:40 am --> Severity: Notice --> Undefined variable: child_catname /home2/carolhhp/public_html/democarol.com/homeservices/application/views/front/home.php 92
ERROR - 07/20/2017 04:40 am --> Severity: Notice --> Trying to get property of non-object /home2/carolhhp/public_html/democarol.com/homeservices/application/views/front/home.php 92
ERROR - 07/20/2017 04:40 am --> Severity: Notice --> Undefined variable: child_catname /home2/carolhhp/public_html/democarol.com/homeservices/application/views/front/home.php 93
ERROR - 07/20/2017 04:40 am --> Severity: Notice --> Trying to get property of non-object /home2/carolhhp/public_html/democarol.com/homeservices/application/views/front/home.php 93
ERROR - 07/20/2017 04:40 am --> Severity: Notice --> Use of undefined constant php - assumed 'php' /home2/carolhhp/public_html/democarol.com/homeservices/application/views/front/home.php 100
ERROR - 07/20/2017 11:42 am --> 404 Page Not Found: Images/photos
ERROR - 07/20/2017 11:42 am --> 404 Page Not Found: Assets/js
ERROR - 07/20/2017 11:42 am --> 404 Page Not Found: Images/photos
ERROR - 07/20/2017 11:42 am --> 404 Page Not Found: Assets/js
ERROR - 07/20/2017 11:42 am --> 404 Page Not Found: Js/advanced-datatable
ERROR - 07/20/2017 11:42 am --> 404 Page Not Found: Js/advanced-datatable
ERROR - 07/20/2017 11:42 am --> 404 Page Not Found: Js/advanced-datatable
ERROR - 07/20/2017 11:42 am --> 404 Page Not Found: Js/dynamic_table_init.js
ERROR - 07/20/2017 11:42 am --> 404 Page Not Found: Js/jquery.dataTables.min.js
ERROR - 07/20/2017 11:42 am --> 404 Page Not Found: Images/photos
ERROR - 07/20/2017 11:42 am --> 404 Page Not Found: Js/jquery.dataTables.min.js
ERROR - 07/20/2017 11:42 am --> 404 Page Not Found: Images/photos
ERROR - 07/20/2017 11:42 am --> 404 Page Not Found: Assets/js
ERROR - 07/20/2017 11:42 am --> 404 Page Not Found: Images/photos
ERROR - 07/20/2017 11:43 am --> 404 Page Not Found: Images/photos
ERROR - 07/20/2017 11:43 am --> 404 Page Not Found: Assets/js
ERROR - 07/20/2017 11:43 am --> 404 Page Not Found: Images/photos
ERROR - 07/20/2017 11:43 am --> 404 Page Not Found: Assets/js
ERROR - 07/20/2017 11:43 am --> 404 Page Not Found: Images/photos
ERROR - 07/20/2017 11:43 am --> 404 Page Not Found: Js/advanced-datatable
ERROR - 07/20/2017 11:43 am --> 404 Page Not Found: Js/advanced-datatable
ERROR - 07/20/2017 11:43 am --> 404 Page Not Found: Js/advanced-datatable
ERROR - 07/20/2017 11:43 am --> 404 Page Not Found: Js/dynamic_table_init.js
ERROR - 07/20/2017 11:43 am --> 404 Page Not Found: Js/jquery.dataTables.min.js
ERROR - 07/20/2017 11:43 am --> 404 Page Not Found: Assets/js
ERROR - 07/20/2017 11:43 am --> 404 Page Not Found: Images/photos
ERROR - 07/20/2017 10:14 pm --> Severity: Notice --> Undefined variable: child_catname /home2/carolhhp/public_html/democarol.com/homeservices/application/views/front/home.php 89
ERROR - 07/20/2017 10:14 pm --> Severity: Notice --> Trying to get property of non-object /home2/carolhhp/public_html/democarol.com/homeservices/application/views/front/home.php 89
ERROR - 07/20/2017 10:14 pm --> Severity: Notice --> Undefined variable: child_catname /home2/carolhhp/public_html/democarol.com/homeservices/application/views/front/home.php 90
ERROR - 07/20/2017 10:14 pm --> Severity: Notice --> Trying to get property of non-object /home2/carolhhp/public_html/democarol.com/homeservices/application/views/front/home.php 90
ERROR - 07/20/2017 10:14 pm --> Severity: Notice --> Undefined variable: child_catname /home2/carolhhp/public_html/democarol.com/homeservices/application/views/front/home.php 91
ERROR - 07/20/2017 10:14 pm --> Severity: Notice --> Trying to get property of non-object /home2/carolhhp/public_html/democarol.com/homeservices/application/views/front/home.php 91
ERROR - 07/20/2017 10:14 pm --> Severity: Notice --> Undefined variable: child_catname /home2/carolhhp/public_html/democarol.com/homeservices/application/views/front/home.php 92
ERROR - 07/20/2017 10:14 pm --> Severity: Notice --> Trying to get property of non-object /home2/carolhhp/public_html/democarol.com/homeservices/application/views/front/home.php 92
ERROR - 07/20/2017 10:14 pm --> Severity: Notice --> Undefined variable: child_catname /home2/carolhhp/public_html/democarol.com/homeservices/application/views/front/home.php 93
ERROR - 07/20/2017 10:14 pm --> Severity: Notice --> Trying to get property of non-object /home2/carolhhp/public_html/democarol.com/homeservices/application/views/front/home.php 93
ERROR - 07/20/2017 10:14 pm --> Severity: Notice --> Use of undefined constant php - assumed 'php' /home2/carolhhp/public_html/democarol.com/homeservices/application/views/front/home.php 100
ERROR - 07/20/2017 11:45 am --> 404 Page Not Found: front/Service/badroom_plan
ERROR - 07/20/2017 11:45 am --> 404 Page Not Found: Assets/front
ERROR - 07/20/2017 11:45 am --> 404 Page Not Found: Assets/front
ERROR - 07/20/2017 11:45 am --> 404 Page Not Found: Assets/front
ERROR - 07/20/2017 11:45 am --> 404 Page Not Found: Assets/front
ERROR - 07/20/2017 11:45 am --> 404 Page Not Found: Assets/front
ERROR - 07/20/2017 11:45 am --> 404 Page Not Found: Assets/front
ERROR - 07/20/2017 11:50 am --> 404 Page Not Found: front/Service/badroom_plan
ERROR - 07/20/2017 11:51 am --> 404 Page Not Found: front/Service/badroom_plan
ERROR - 07/20/2017 11:51 am --> 404 Page Not Found: front/Service/badroom_plan
ERROR - 07/20/2017 11:51 am --> 404 Page Not Found: Assets/front
ERROR - 07/20/2017 11:51 am --> 404 Page Not Found: Assets/front
ERROR - 07/20/2017 11:51 am --> 404 Page Not Found: Assets/front
ERROR - 07/20/2017 11:51 am --> 404 Page Not Found: Assets/front
ERROR - 07/20/2017 11:51 am --> 404 Page Not Found: Assets/front
ERROR - 07/20/2017 11:51 am --> 404 Page Not Found: Assets/front
ERROR - 07/20/2017 11:58 am --> 404 Page Not Found: front/Service/badroom_plan
ERROR - 07/20/2017 11:58 am --> 404 Page Not Found: front/Service/badroom_plan
ERROR - 07/20/2017 11:58 am --> 404 Page Not Found: Assets/front
ERROR - 07/20/2017 11:58 am --> 404 Page Not Found: Assets/front
ERROR - 07/20/2017 11:58 am --> 404 Page Not Found: Assets/front
ERROR - 07/20/2017 11:58 am --> 404 Page Not Found: Assets/front
ERROR - 07/20/2017 11:58 am --> 404 Page Not Found: Assets/front
ERROR - 07/20/2017 11:59 am --> 404 Page Not Found: Images/photos
ERROR - 07/20/2017 11:59 am --> 404 Page Not Found: Assets/js
ERROR - 07/20/2017 11:59 am --> 404 Page Not Found: Images/photos
ERROR - 07/20/2017 11:59 am --> 404 Page Not Found: Js/advanced-datatable
ERROR - 07/20/2017 11:59 am --> 404 Page Not Found: Js/advanced-datatable
ERROR - 07/20/2017 11:59 am --> 404 Page Not Found: Js/advanced-datatable
ERROR - 07/20/2017 11:59 am --> 404 Page Not Found: Js/dynamic_table_init.js
ERROR - 07/20/2017 11:59 am --> 404 Page Not Found: Js/jquery.dataTables.min.js
ERROR - 07/20/2017 11:59 am --> 404 Page Not Found: Js/jquery.dataTables.min.js
ERROR - 07/20/2017 12:00 pm --> 404 Page Not Found: Images/photos
ERROR - 07/20/2017 12:00 pm --> 404 Page Not Found: Assets/js
ERROR - 07/20/2017 12:00 pm --> 404 Page Not Found: Images/photos
ERROR - 07/20/2017 12:00 pm --> 404 Page Not Found: Images/photos
ERROR - 07/20/2017 12:00 pm --> 404 Page Not Found: Assets/js
ERROR - 07/20/2017 12:00 pm --> 404 Page Not Found: Images/photos
ERROR - 07/20/2017 12:01 pm --> 404 Page Not Found: Assets/js
ERROR - 07/20/2017 12:01 pm --> 404 Page Not Found: Images/photos
ERROR - 07/20/2017 12:01 pm --> 404 Page Not Found: Js/advanced-datatable
ERROR - 07/20/2017 12:01 pm --> 404 Page Not Found: Js/advanced-datatable
ERROR - 07/20/2017 12:01 pm --> 404 Page Not Found: Js/advanced-datatable
ERROR - 07/20/2017 12:01 pm --> 404 Page Not Found: Js/dynamic_table_init.js
ERROR - 07/20/2017 12:01 pm --> 404 Page Not Found: Js/jquery.dataTables.min.js
ERROR - 07/20/2017 12:01 pm --> 404 Page Not Found: Js/dynamic_table_init.js
ERROR - 07/20/2017 12:01 pm --> 404 Page Not Found: Js/jquery.dataTables.min.js
ERROR - 07/20/2017 12:01 pm --> 404 Page Not Found: Assets/js
ERROR - 07/20/2017 12:01 pm --> 404 Page Not Found: Images/photos
ERROR - 07/20/2017 12:03 pm --> 404 Page Not Found: Assets/js
ERROR - 07/20/2017 12:03 pm --> 404 Page Not Found: Images/photos
ERROR - 07/20/2017 12:03 pm --> 404 Page Not Found: Js/dynamic_table_init.js
ERROR - 07/20/2017 12:03 pm --> 404 Page Not Found: Js/jquery.dataTables.min.js
ERROR - 07/20/2017 12:03 pm --> 404 Page Not Found: Js/advanced-datatable
ERROR - 07/20/2017 12:03 pm --> 404 Page Not Found: Js/advanced-datatable
ERROR - 07/20/2017 12:03 pm --> 404 Page Not Found: Js/advanced-datatable
ERROR - 07/20/2017 12:03 pm --> 404 Page Not Found: Js/dynamic_table_init.js
ERROR - 07/20/2017 12:03 pm --> 404 Page Not Found: Js/jquery.dataTables.min.js
ERROR - 07/20/2017 12:03 pm --> 404 Page Not Found: front/Service/badroom_plan
ERROR - 07/20/2017 12:03 pm --> 404 Page Not Found: front/Service/badroom_plan
ERROR - 07/20/2017 12:03 pm --> 404 Page Not Found: Assets/front
ERROR - 07/20/2017 12:03 pm --> 404 Page Not Found: Assets/front
ERROR - 07/20/2017 12:03 pm --> 404 Page Not Found: Assets/front
ERROR - 07/20/2017 12:03 pm --> 404 Page Not Found: Assets/front
ERROR - 07/20/2017 12:03 pm --> 404 Page Not Found: Assets/front
ERROR - 07/20/2017 12:03 pm --> 404 Page Not Found: Assets/front
ERROR - 07/20/2017 12:03 pm --> 404 Page Not Found: front/Service/badroom_plan
ERROR - 07/20/2017 12:03 pm --> 404 Page Not Found: front/Service/badroom_plan
ERROR - 07/20/2017 12:04 pm --> 404 Page Not Found: Assets/front
ERROR - 07/20/2017 12:04 pm --> 404 Page Not Found: Assets/front
ERROR - 07/20/2017 12:04 pm --> 404 Page Not Found: Assets/front
ERROR - 07/20/2017 12:04 pm --> 404 Page Not Found: Assets/front
ERROR - 07/20/2017 12:04 pm --> 404 Page Not Found: Assets/front
ERROR - 07/20/2017 12:04 pm --> 404 Page Not Found: front/Service/badroom_plan
ERROR - 07/20/2017 12:04 pm --> 404 Page Not Found: Assets/front
ERROR - 07/20/2017 12:04 pm --> 404 Page Not Found: Assets/front
ERROR - 07/20/2017 12:04 pm --> 404 Page Not Found: Assets/front
ERROR - 07/20/2017 12:04 pm --> 404 Page Not Found: Assets/front
ERROR - 07/20/2017 12:04 pm --> 404 Page Not Found: Assets/front
ERROR - 07/20/2017 12:04 pm --> 404 Page Not Found: Assets/front
ERROR - 07/20/2017 12:05 pm --> 404 Page Not Found: Images/photos
ERROR - 07/20/2017 12:05 pm --> 404 Page Not Found: Assets/js
ERROR - 07/20/2017 12:05 pm --> 404 Page Not Found: Images/photos
