ERROR - 09/07/2017 03:07 am --> Severity: Notice --> Undefined variable: child_catname /home2/carolhhp/public_html/democarol.com/homeservices/application/views/front/home.php 97
ERROR - 09/07/2017 03:07 am --> Severity: Notice --> Trying to get property of non-object /home2/carolhhp/public_html/democarol.com/homeservices/application/views/front/home.php 97
ERROR - 09/07/2017 03:07 am --> Severity: Notice --> Undefined variable: child_catname /home2/carolhhp/public_html/democarol.com/homeservices/application/views/front/home.php 98
ERROR - 09/07/2017 03:07 am --> Severity: Notice --> Trying to get property of non-object /home2/carolhhp/public_html/democarol.com/homeservices/application/views/front/home.php 98
ERROR - 09/07/2017 03:07 am --> Severity: Notice --> Undefined variable: child_catname /home2/carolhhp/public_html/democarol.com/homeservices/application/views/front/home.php 99
ERROR - 09/07/2017 03:07 am --> Severity: Notice --> Trying to get property of non-object /home2/carolhhp/public_html/democarol.com/homeservices/application/views/front/home.php 99
ERROR - 09/07/2017 03:07 am --> Severity: Notice --> Undefined variable: child_catname /home2/carolhhp/public_html/democarol.com/homeservices/application/views/front/home.php 100
ERROR - 09/07/2017 03:07 am --> Severity: Notice --> Trying to get property of non-object /home2/carolhhp/public_html/democarol.com/homeservices/application/views/front/home.php 100
ERROR - 09/07/2017 03:07 am --> Severity: Notice --> Undefined variable: child_catname /home2/carolhhp/public_html/democarol.com/homeservices/application/views/front/home.php 101
ERROR - 09/07/2017 03:07 am --> Severity: Notice --> Trying to get property of non-object /home2/carolhhp/public_html/democarol.com/homeservices/application/views/front/home.php 101
ERROR - 09/07/2017 03:07 am --> Severity: Notice --> Use of undefined constant php - assumed 'php' /home2/carolhhp/public_html/democarol.com/homeservices/application/views/front/home.php 108
ERROR - 09/07/2017 10:37 am --> Severity: Notice --> Undefined variable: child_catname /home2/carolhhp/public_html/democarol.com/homeservices/application/views/front/home.php 97
ERROR - 09/07/2017 10:37 am --> Severity: Notice --> Trying to get property of non-object /home2/carolhhp/public_html/democarol.com/homeservices/application/views/front/home.php 97
ERROR - 09/07/2017 10:37 am --> Severity: Notice --> Undefined variable: child_catname /home2/carolhhp/public_html/democarol.com/homeservices/application/views/front/home.php 98
ERROR - 09/07/2017 10:37 am --> Severity: Notice --> Trying to get property of non-object /home2/carolhhp/public_html/democarol.com/homeservices/application/views/front/home.php 98
ERROR - 09/07/2017 10:37 am --> Severity: Notice --> Undefined variable: child_catname /home2/carolhhp/public_html/democarol.com/homeservices/application/views/front/home.php 99
ERROR - 09/07/2017 10:37 am --> Severity: Notice --> Trying to get property of non-object /home2/carolhhp/public_html/democarol.com/homeservices/application/views/front/home.php 99
ERROR - 09/07/2017 10:37 am --> Severity: Notice --> Undefined variable: child_catname /home2/carolhhp/public_html/democarol.com/homeservices/application/views/front/home.php 100
ERROR - 09/07/2017 10:37 am --> Severity: Notice --> Trying to get property of non-object /home2/carolhhp/public_html/democarol.com/homeservices/application/views/front/home.php 100
ERROR - 09/07/2017 10:37 am --> Severity: Notice --> Undefined variable: child_catname /home2/carolhhp/public_html/democarol.com/homeservices/application/views/front/home.php 101
ERROR - 09/07/2017 10:37 am --> Severity: Notice --> Trying to get property of non-object /home2/carolhhp/public_html/democarol.com/homeservices/application/views/front/home.php 101
ERROR - 09/07/2017 10:37 am --> Severity: Notice --> Use of undefined constant php - assumed 'php' /home2/carolhhp/public_html/democarol.com/homeservices/application/views/front/home.php 108
ERROR - 09/07/2017 02:11 pm --> Severity: Notice --> Undefined variable: child_catname /home2/carolhhp/public_html/democarol.com/homeservices/application/views/front/home.php 97
ERROR - 09/07/2017 02:11 pm --> Severity: Notice --> Trying to get property of non-object /home2/carolhhp/public_html/democarol.com/homeservices/application/views/front/home.php 97
ERROR - 09/07/2017 02:11 pm --> Severity: Notice --> Undefined variable: child_catname /home2/carolhhp/public_html/democarol.com/homeservices/application/views/front/home.php 98
ERROR - 09/07/2017 02:11 pm --> Severity: Notice --> Trying to get property of non-object /home2/carolhhp/public_html/democarol.com/homeservices/application/views/front/home.php 98
ERROR - 09/07/2017 02:11 pm --> Severity: Notice --> Undefined variable: child_catname /home2/carolhhp/public_html/democarol.com/homeservices/application/views/front/home.php 99
ERROR - 09/07/2017 02:11 pm --> Severity: Notice --> Trying to get property of non-object /home2/carolhhp/public_html/democarol.com/homeservices/application/views/front/home.php 99
ERROR - 09/07/2017 02:11 pm --> Severity: Notice --> Undefined variable: child_catname /home2/carolhhp/public_html/democarol.com/homeservices/application/views/front/home.php 100
ERROR - 09/07/2017 02:11 pm --> Severity: Notice --> Trying to get property of non-object /home2/carolhhp/public_html/democarol.com/homeservices/application/views/front/home.php 100
ERROR - 09/07/2017 02:11 pm --> Severity: Notice --> Undefined variable: child_catname /home2/carolhhp/public_html/democarol.com/homeservices/application/views/front/home.php 101
ERROR - 09/07/2017 02:11 pm --> Severity: Notice --> Trying to get property of non-object /home2/carolhhp/public_html/democarol.com/homeservices/application/views/front/home.php 101
ERROR - 09/07/2017 02:11 pm --> Severity: Notice --> Use of undefined constant php - assumed 'php' /home2/carolhhp/public_html/democarol.com/homeservices/application/views/front/home.php 108
