ERROR - 05/13/2017 01:55 am --> Query error: Duplicate entry '5ce1cd50e22dcde8ffc932b15c5dcb29f5ff8b56' for key 'PRIMARY' - Invalid query: INSERT INTO `ai_sessions` (`id`, `ip_address`, `timestamp`, `data`) VALUES ('5ce1cd50e22dcde8ffc932b15c5dcb29f5ff8b56', '180.76.15.10', 1494620710, '__ci_last_regenerate|i:1494620710;fb_1798431413741569_state|s:32:\"5e3cb50fd6cd8dbea7894de1b76c362d\";')
ERROR - 05/13/2017 01:55 am --> Severity: Warning --> Cannot modify header information - headers already sent by (output started at /home2/carolhhp/public_html/democarol.com/homeservices/system/core/Output.php:528) /home2/carolhhp/public_html/democarol.com/homeservices/system/core/Common.php 573
ERROR - 05/13/2017 03:28 pm --> Severity: Notice --> Undefined variable: child_catname /home2/carolhhp/public_html/democarol.com/homeservices/application/views/front/home.php 89
ERROR - 05/13/2017 03:28 pm --> Severity: Notice --> Trying to get property of non-object /home2/carolhhp/public_html/democarol.com/homeservices/application/views/front/home.php 89
ERROR - 05/13/2017 03:28 pm --> Severity: Notice --> Undefined variable: child_catname /home2/carolhhp/public_html/democarol.com/homeservices/application/views/front/home.php 90
ERROR - 05/13/2017 03:28 pm --> Severity: Notice --> Trying to get property of non-object /home2/carolhhp/public_html/democarol.com/homeservices/application/views/front/home.php 90
ERROR - 05/13/2017 03:28 pm --> Severity: Notice --> Undefined variable: child_catname /home2/carolhhp/public_html/democarol.com/homeservices/application/views/front/home.php 91
ERROR - 05/13/2017 03:28 pm --> Severity: Notice --> Trying to get property of non-object /home2/carolhhp/public_html/democarol.com/homeservices/application/views/front/home.php 91
ERROR - 05/13/2017 03:28 pm --> Severity: Notice --> Undefined variable: child_catname /home2/carolhhp/public_html/democarol.com/homeservices/application/views/front/home.php 92
ERROR - 05/13/2017 03:28 pm --> Severity: Notice --> Trying to get property of non-object /home2/carolhhp/public_html/democarol.com/homeservices/application/views/front/home.php 92
ERROR - 05/13/2017 03:28 pm --> Severity: Notice --> Undefined variable: child_catname /home2/carolhhp/public_html/democarol.com/homeservices/application/views/front/home.php 93
ERROR - 05/13/2017 03:28 pm --> Severity: Notice --> Trying to get property of non-object /home2/carolhhp/public_html/democarol.com/homeservices/application/views/front/home.php 93
ERROR - 05/13/2017 03:28 pm --> Severity: Notice --> Use of undefined constant php - assumed 'php' /home2/carolhhp/public_html/democarol.com/homeservices/application/views/front/home.php 100
ERROR - 05/13/2017 04:59 am --> 404 Page Not Found: Assets/front
ERROR - 05/13/2017 04:59 am --> 404 Page Not Found: front/Service/badroom_plan
ERROR - 05/13/2017 04:59 am --> 404 Page Not Found: front/Service/badroom_plan
ERROR - 05/13/2017 04:59 am --> 404 Page Not Found: front/Service/badroom_plan
ERROR - 05/13/2017 04:59 am --> 404 Page Not Found: front/Service/badroom_plan
ERROR - 05/13/2017 10:31 am --> 404 Page Not Found: Single_blogphp/index
ERROR - 05/13/2017 04:21 pm --> 404 Page Not Found: Assets/front
ERROR - 05/13/2017 04:21 pm --> 404 Page Not Found: front/Service/badroom_plan
ERROR - 05/13/2017 04:21 pm --> 404 Page Not Found: front/Service/badroom_plan
ERROR - 05/13/2017 04:21 pm --> 404 Page Not Found: front/Service/badroom_plan
ERROR - 05/13/2017 04:21 pm --> 404 Page Not Found: front/Service/badroom_plan
ERROR - 05/13/2017 04:21 pm --> 404 Page Not Found: front/Service/badroom_plan
ERROR - 05/13/2017 04:21 pm --> 404 Page Not Found: Assets/front
ERROR - 05/13/2017 04:21 pm --> 404 Page Not Found: Assets/front
ERROR - 05/13/2017 04:21 pm --> 404 Page Not Found: Assets/front
ERROR - 05/13/2017 04:21 pm --> 404 Page Not Found: Assets/front
ERROR - 05/13/2017 04:21 pm --> 404 Page Not Found: Assets/front
ERROR - 05/13/2017 04:29 pm --> 404 Page Not Found: Assets/img
ERROR - 05/13/2017 04:29 pm --> 404 Page Not Found: Assets/img
ERROR - 05/13/2017 04:29 pm --> 404 Page Not Found: Assets/js
ERROR - 05/13/2017 04:29 pm --> 404 Page Not Found: Assets/js
ERROR - 05/13/2017 04:29 pm --> 404 Page Not Found: Images/photos
ERROR - 05/13/2017 04:51 pm --> 404 Page Not Found: Assets/js
ERROR - 05/13/2017 04:51 pm --> 404 Page Not Found: Images/photos
ERROR - 05/13/2017 04:51 pm --> 404 Page Not Found: Assets/js
ERROR - 05/13/2017 04:51 pm --> 404 Page Not Found: Images/loading_spinner.gif
ERROR - 05/13/2017 04:51 pm --> 404 Page Not Found: Assets/js
ERROR - 05/13/2017 04:51 pm --> 404 Page Not Found: Assets/js
ERROR - 05/13/2017 04:51 pm --> 404 Page Not Found: Assets/js
ERROR - 05/13/2017 04:51 pm --> 404 Page Not Found: Images/photos
ERROR - 05/13/2017 04:51 pm --> 404 Page Not Found: Images/loading_spinner.gif
ERROR - 05/13/2017 04:52 pm --> 404 Page Not Found: Assets/js
ERROR - 05/13/2017 04:52 pm --> 404 Page Not Found: Assets/js
ERROR - 05/13/2017 04:52 pm --> 404 Page Not Found: Assets/js
ERROR - 05/13/2017 04:52 pm --> 404 Page Not Found: Images/photos
ERROR - 05/13/2017 04:52 pm --> 404 Page Not Found: Assets/js
ERROR - 05/13/2017 04:52 pm --> 404 Page Not Found: Css/auto_select
ERROR - 05/13/2017 04:52 pm --> 404 Page Not Found: Js/docsupport
ERROR - 05/13/2017 04:52 pm --> 404 Page Not Found: Js/docsupport
ERROR - 05/13/2017 04:52 pm --> 404 Page Not Found: Js/docsupport
ERROR - 05/13/2017 04:52 pm --> 404 Page Not Found: Css/auto_select
ERROR - 05/13/2017 04:52 pm --> 404 Page Not Found: Js/docsupport
ERROR - 05/13/2017 04:52 pm --> 404 Page Not Found: Images/photos
ERROR - 05/13/2017 04:52 pm --> 404 Page Not Found: Js/docsupport
ERROR - 05/13/2017 04:52 pm --> 404 Page Not Found: Js/docsupport
ERROR - 05/13/2017 04:52 pm --> 404 Page Not Found: Assets/js
ERROR - 05/13/2017 04:52 pm --> 404 Page Not Found: Images/photos
ERROR - 05/13/2017 04:52 pm --> 404 Page Not Found: Assets/js
ERROR - 05/13/2017 04:52 pm --> 404 Page Not Found: Images/photos
ERROR - 05/13/2017 04:52 pm --> 404 Page Not Found: Assets/js
ERROR - 05/13/2017 04:52 pm --> 404 Page Not Found: Images/photos
ERROR - 05/13/2017 04:52 pm --> 404 Page Not Found: Assets/js
ERROR - 05/13/2017 04:52 pm --> 404 Page Not Found: Assets/js
ERROR - 05/13/2017 04:52 pm --> 404 Page Not Found: Assets/js
ERROR - 05/13/2017 04:52 pm --> 404 Page Not Found: Assets/js
ERROR - 05/13/2017 04:52 pm --> 404 Page Not Found: Assets/js
ERROR - 05/13/2017 04:52 pm --> 404 Page Not Found: Images/photos
ERROR - 05/13/2017 04:52 pm --> 404 Page Not Found: Assets/js
ERROR - 05/13/2017 04:52 pm --> 404 Page Not Found: Assets/js
ERROR - 05/13/2017 04:52 pm --> 404 Page Not Found: Assets/js
ERROR - 05/13/2017 04:52 pm --> 404 Page Not Found: Assets/js
ERROR - 05/13/2017 04:53 pm --> 404 Page Not Found: Assets/js
ERROR - 05/13/2017 04:53 pm --> 404 Page Not Found: Images/photos
ERROR - 05/13/2017 04:53 pm --> 404 Page Not Found: Assets/js
ERROR - 05/13/2017 04:53 pm --> 404 Page Not Found: Assets/js
ERROR - 05/13/2017 04:53 pm --> 404 Page Not Found: Assets/js
ERROR - 05/13/2017 04:53 pm --> 404 Page Not Found: Assets/js
ERROR - 05/13/2017 04:53 pm --> 404 Page Not Found: Images/photos
ERROR - 05/13/2017 04:53 pm --> 404 Page Not Found: Assets/js
ERROR - 05/13/2017 04:53 pm --> 404 Page Not Found: Assets/js
ERROR - 05/13/2017 04:53 pm --> 404 Page Not Found: Assets/js
ERROR - 05/13/2017 04:53 pm --> 404 Page Not Found: Assets/js
ERROR - 05/13/2017 04:53 pm --> 404 Page Not Found: Assets/js
ERROR - 05/13/2017 04:54 pm --> 404 Page Not Found: Assets/js
ERROR - 05/13/2017 04:54 pm --> 404 Page Not Found: Images/photos
ERROR - 05/13/2017 04:54 pm --> 404 Page Not Found: Assets/js
ERROR - 05/13/2017 04:54 pm --> 404 Page Not Found: Assets/js
ERROR - 05/13/2017 04:54 pm --> 404 Page Not Found: Assets/js
ERROR - 05/13/2017 04:54 pm --> 404 Page Not Found: Images/photos
ERROR - 05/13/2017 04:54 pm --> 404 Page Not Found: Assets/js
ERROR - 05/13/2017 04:54 pm --> 404 Page Not Found: Assets/js
ERROR - 05/13/2017 04:54 pm --> 404 Page Not Found: Assets/js
ERROR - 05/13/2017 04:54 pm --> 404 Page Not Found: Assets/js
ERROR - 05/13/2017 04:54 pm --> 404 Page Not Found: Images/photos
ERROR - 05/13/2017 04:54 pm --> 404 Page Not Found: Assets/js
ERROR - 05/13/2017 04:54 pm --> 404 Page Not Found: Images/loading_spinner.gif
ERROR - 05/13/2017 04:54 pm --> 404 Page Not Found: Assets/js
ERROR - 05/13/2017 04:54 pm --> 404 Page Not Found: Assets/js
ERROR - 05/13/2017 04:54 pm --> 404 Page Not Found: Images/photos
ERROR - 05/13/2017 04:54 pm --> 404 Page Not Found: Assets/js
ERROR - 05/13/2017 04:54 pm --> 404 Page Not Found: Assets/js
ERROR - 05/13/2017 04:54 pm --> 404 Page Not Found: Assets/js
ERROR - 05/13/2017 04:54 pm --> 404 Page Not Found: Assets/js
ERROR - 05/13/2017 04:55 pm --> 404 Page Not Found: Assets/js
ERROR - 05/13/2017 04:55 pm --> 404 Page Not Found: Assets/js
ERROR - 05/13/2017 04:55 pm --> 404 Page Not Found: Assets/js
ERROR - 05/13/2017 04:55 pm --> 404 Page Not Found: Images/photos
ERROR - 05/13/2017 04:55 pm --> 404 Page Not Found: Assets/js
ERROR - 05/13/2017 04:55 pm --> 404 Page Not Found: Assets/js
ERROR - 05/13/2017 04:55 pm --> 404 Page Not Found: Assets/js
ERROR - 05/13/2017 04:55 pm --> 404 Page Not Found: Assets/js
ERROR - 05/13/2017 04:55 pm --> 404 Page Not Found: Images/photos
ERROR - 05/13/2017 04:55 pm --> 404 Page Not Found: Images/loading_spinner.gif
ERROR - 05/13/2017 04:55 pm --> 404 Page Not Found: Assets/js
ERROR - 05/13/2017 04:55 pm --> 404 Page Not Found: Assets/js
ERROR - 05/13/2017 04:55 pm --> 404 Page Not Found: Assets/js
ERROR - 05/13/2017 04:55 pm --> 404 Page Not Found: Assets/js
ERROR - 05/13/2017 04:55 pm --> 404 Page Not Found: Images/photos
ERROR - 05/13/2017 04:55 pm --> 404 Page Not Found: Images/loading_spinner.gif
ERROR - 05/13/2017 04:55 pm --> 404 Page Not Found: Assets/js
ERROR - 05/13/2017 04:55 pm --> 404 Page Not Found: Assets/js
ERROR - 05/13/2017 04:55 pm --> 404 Page Not Found: Assets/js
ERROR - 05/13/2017 04:55 pm --> 404 Page Not Found: Assets/js
ERROR - 05/13/2017 04:55 pm --> 404 Page Not Found: Assets/js
ERROR - 05/13/2017 04:55 pm --> 404 Page Not Found: Assets/js
ERROR - 05/13/2017 04:55 pm --> 404 Page Not Found: Images/photos
ERROR - 05/13/2017 04:55 pm --> 404 Page Not Found: Assets/js
ERROR - 05/13/2017 04:55 pm --> 404 Page Not Found: Assets/js
ERROR - 05/13/2017 04:55 pm --> 404 Page Not Found: Assets/js
ERROR - 05/13/2017 04:55 pm --> 404 Page Not Found: Images/photos
ERROR - 05/13/2017 04:55 pm --> 404 Page Not Found: Assets/js
ERROR - 05/13/2017 04:55 pm --> 404 Page Not Found: Assets/js
ERROR - 05/13/2017 04:55 pm --> 404 Page Not Found: Assets/js
ERROR - 05/13/2017 04:55 pm --> 404 Page Not Found: Assets/js
ERROR - 05/13/2017 04:55 pm --> 404 Page Not Found: Images/photos
ERROR - 05/13/2017 04:55 pm --> 404 Page Not Found: Assets/js
ERROR - 05/13/2017 04:55 pm --> 404 Page Not Found: Assets/js
ERROR - 05/13/2017 04:55 pm --> 404 Page Not Found: Assets/js
ERROR - 05/13/2017 04:55 pm --> 404 Page Not Found: Assets/js
ERROR - 05/13/2017 04:55 pm --> 404 Page Not Found: Images/photos
ERROR - 05/13/2017 04:55 pm --> 404 Page Not Found: Assets/js
ERROR - 05/13/2017 04:55 pm --> 404 Page Not Found: Assets/js
ERROR - 05/13/2017 04:56 pm --> 404 Page Not Found: Assets/js
ERROR - 05/13/2017 04:56 pm --> 404 Page Not Found: Images/photos
ERROR - 05/13/2017 04:56 pm --> 404 Page Not Found: Assets/js
ERROR - 05/13/2017 04:56 pm --> 404 Page Not Found: Images/photos
ERROR - 05/13/2017 04:56 pm --> 404 Page Not Found: Assets/js
ERROR - 05/13/2017 04:56 pm --> 404 Page Not Found: Images/photos
ERROR - 05/13/2017 04:56 pm --> 404 Page Not Found: Assets/js
ERROR - 05/13/2017 04:56 pm --> 404 Page Not Found: Assets/js
ERROR - 05/13/2017 04:56 pm --> 404 Page Not Found: Assets/js
ERROR - 05/13/2017 04:56 pm --> 404 Page Not Found: Assets/js
ERROR - 05/13/2017 04:56 pm --> 404 Page Not Found: Images/photos
ERROR - 05/13/2017 04:56 pm --> 404 Page Not Found: Assets/js
ERROR - 05/13/2017 04:56 pm --> 404 Page Not Found: Assets/js
ERROR - 05/13/2017 04:56 pm --> 404 Page Not Found: Assets/js
ERROR - 05/13/2017 04:56 pm --> 404 Page Not Found: Images/photos
ERROR - 05/13/2017 04:56 pm --> 404 Page Not Found: Assets/js
ERROR - 05/13/2017 04:56 pm --> 404 Page Not Found: Js/advanced-datatable
ERROR - 05/13/2017 04:56 pm --> 404 Page Not Found: Js/advanced-datatable
ERROR - 05/13/2017 04:56 pm --> 404 Page Not Found: Js/advanced-datatable
ERROR - 05/13/2017 04:56 pm --> 404 Page Not Found: Js/dynamic_table_init.js
ERROR - 05/13/2017 04:56 pm --> 404 Page Not Found: Js/jquery.dataTables.min.js
ERROR - 05/13/2017 04:56 pm --> 404 Page Not Found: Images/photos
ERROR - 05/13/2017 04:56 pm --> 404 Page Not Found: Js/dynamic_table_init.js
ERROR - 05/13/2017 04:56 pm --> 404 Page Not Found: Assets/js
ERROR - 05/13/2017 04:56 pm --> 404 Page Not Found: Images/photos
ERROR - 05/13/2017 04:56 pm --> 404 Page Not Found: Assets/js
ERROR - 05/13/2017 04:56 pm --> 404 Page Not Found: Images/photos
ERROR - 05/13/2017 04:57 pm --> 404 Page Not Found: Js/advanced-datatable
ERROR - 05/13/2017 04:57 pm --> 404 Page Not Found: Js/advanced-datatable
ERROR - 05/13/2017 04:57 pm --> 404 Page Not Found: Js/dynamic_table_init.js
ERROR - 05/13/2017 04:58 pm --> 404 Page Not Found: Assets/js
ERROR - 05/13/2017 04:58 pm --> 404 Page Not Found: Images/photos
ERROR - 05/13/2017 05:03 pm --> 404 Page Not Found: Assets/front
ERROR - 05/13/2017 05:03 pm --> 404 Page Not Found: front/Service/badroom_plan
ERROR - 05/13/2017 05:03 pm --> 404 Page Not Found: front/Service/badroom_plan
ERROR - 05/13/2017 05:03 pm --> 404 Page Not Found: front/Service/badroom_plan
ERROR - 05/13/2017 05:03 pm --> 404 Page Not Found: front/Service/badroom_plan
ERROR - 05/13/2017 05:03 pm --> 404 Page Not Found: front/Service/badroom_plan
ERROR - 05/13/2017 05:06 pm --> 404 Page Not Found: Assets/js
ERROR - 05/13/2017 05:06 pm --> 404 Page Not Found: Images/photos
ERROR - 05/13/2017 05:06 pm --> 404 Page Not Found: Assets/js
ERROR - 05/13/2017 05:06 pm --> 404 Page Not Found: Assets/js
ERROR - 05/13/2017 05:06 pm --> 404 Page Not Found: Assets/js
ERROR - 05/13/2017 05:06 pm --> 404 Page Not Found: Images/photos
ERROR - 05/13/2017 05:06 pm --> 404 Page Not Found: Assets/js
ERROR - 05/13/2017 05:06 pm --> 404 Page Not Found: Assets/js
ERROR - 05/13/2017 05:06 pm --> 404 Page Not Found: Assets/js
ERROR - 05/13/2017 05:06 pm --> 404 Page Not Found: Images/photos
ERROR - 05/13/2017 05:06 pm --> 404 Page Not Found: Assets/js
ERROR - 05/13/2017 05:06 pm --> 404 Page Not Found: Images/loading_spinner.gif
ERROR - 05/13/2017 05:06 pm --> 404 Page Not Found: Assets/js
ERROR - 05/13/2017 05:06 pm --> 404 Page Not Found: Assets/js
ERROR - 05/13/2017 05:06 pm --> 404 Page Not Found: Images/loading_spinner.gif
ERROR - 05/13/2017 05:06 pm --> 404 Page Not Found: Images/photos
ERROR - 05/13/2017 05:06 pm --> 404 Page Not Found: Assets/js
ERROR - 05/13/2017 05:06 pm --> 404 Page Not Found: Assets/js
ERROR - 05/13/2017 05:06 pm --> 404 Page Not Found: Assets/js
ERROR - 05/13/2017 05:06 pm --> 404 Page Not Found: Assets/js
ERROR - 05/13/2017 05:07 pm --> 404 Page Not Found: Assets/js
ERROR - 05/13/2017 05:07 pm --> 404 Page Not Found: Images/photos
ERROR - 05/13/2017 05:07 pm --> 404 Page Not Found: Assets/js
ERROR - 05/13/2017 05:07 pm --> 404 Page Not Found: Assets/js
ERROR - 05/13/2017 05:07 pm --> 404 Page Not Found: Assets/js
ERROR - 05/13/2017 05:07 pm --> 404 Page Not Found: Assets/js
ERROR - 05/13/2017 05:07 pm --> 404 Page Not Found: Images/photos
ERROR - 05/13/2017 05:07 pm --> 404 Page Not Found: Assets/js
ERROR - 05/13/2017 05:07 pm --> 404 Page Not Found: Assets/js
ERROR - 05/13/2017 05:07 pm --> 404 Page Not Found: Assets/js
ERROR - 05/13/2017 05:07 pm --> 404 Page Not Found: Images/photos
ERROR - 05/13/2017 05:07 pm --> 404 Page Not Found: Assets/js
ERROR - 05/13/2017 05:07 pm --> 404 Page Not Found: Assets/js
ERROR - 05/13/2017 05:07 pm --> 404 Page Not Found: Assets/js
ERROR - 05/13/2017 05:07 pm --> 404 Page Not Found: Assets/js
ERROR - 05/13/2017 05:07 pm --> 404 Page Not Found: Assets/js
ERROR - 05/13/2017 05:07 pm --> 404 Page Not Found: Images/photos
ERROR - 05/13/2017 05:07 pm --> 404 Page Not Found: Assets/js
ERROR - 05/13/2017 05:07 pm --> 404 Page Not Found: Assets/js
ERROR - 05/13/2017 05:07 pm --> 404 Page Not Found: Assets/js
ERROR - 05/13/2017 05:07 pm --> 404 Page Not Found: Assets/js
ERROR - 05/13/2017 05:07 pm --> 404 Page Not Found: Images/photos
ERROR - 05/13/2017 05:07 pm --> 404 Page Not Found: Assets/js
ERROR - 05/13/2017 05:07 pm --> 404 Page Not Found: Assets/js
ERROR - 05/13/2017 05:07 pm --> 404 Page Not Found: Assets/js
ERROR - 05/13/2017 05:07 pm --> 404 Page Not Found: Assets/js
ERROR - 05/13/2017 05:07 pm --> 404 Page Not Found: Images/photos
ERROR - 05/13/2017 05:07 pm --> 404 Page Not Found: Assets/js
ERROR - 05/13/2017 05:07 pm --> 404 Page Not Found: Images/photos
ERROR - 05/13/2017 05:07 pm --> 404 Page Not Found: Assets/js
ERROR - 05/13/2017 05:07 pm --> 404 Page Not Found: Assets/js
ERROR - 05/13/2017 05:07 pm --> 404 Page Not Found: Assets/js
ERROR - 05/13/2017 05:07 pm --> 404 Page Not Found: Images/photos
ERROR - 05/13/2017 05:07 pm --> 404 Page Not Found: Assets/js
ERROR - 05/13/2017 05:07 pm --> 404 Page Not Found: Assets/js
ERROR - 05/13/2017 05:07 pm --> 404 Page Not Found: Assets/js
ERROR - 05/13/2017 05:07 pm --> 404 Page Not Found: Images/photos
ERROR - 05/13/2017 05:07 pm --> 404 Page Not Found: Assets/js
ERROR - 05/13/2017 05:07 pm --> 404 Page Not Found: Images/photos
ERROR - 05/13/2017 05:07 pm --> 404 Page Not Found: Assets/js
ERROR - 05/13/2017 05:07 pm --> 404 Page Not Found: Images/photos
ERROR - 05/13/2017 05:07 pm --> 404 Page Not Found: Images/loading_spinner.gif
ERROR - 05/13/2017 05:07 pm --> 404 Page Not Found: Assets/js
ERROR - 05/13/2017 05:07 pm --> 404 Page Not Found: Assets/js
ERROR - 05/13/2017 05:07 pm --> 404 Page Not Found: Assets/js
ERROR - 05/13/2017 05:07 pm --> 404 Page Not Found: Assets/js
ERROR - 05/13/2017 05:07 pm --> 404 Page Not Found: Images/photos
ERROR - 05/13/2017 05:07 pm --> 404 Page Not Found: Assets/js
ERROR - 05/13/2017 05:07 pm --> 404 Page Not Found: Images/loading_spinner.gif
ERROR - 05/13/2017 05:07 pm --> 404 Page Not Found: Assets/js
ERROR - 05/13/2017 05:07 pm --> 404 Page Not Found: Assets/js
ERROR - 05/13/2017 05:07 pm --> 404 Page Not Found: Assets/js
ERROR - 05/13/2017 05:07 pm --> 404 Page Not Found: Images/photos
ERROR - 05/13/2017 05:07 pm --> 404 Page Not Found: Assets/js
ERROR - 05/13/2017 05:07 pm --> 404 Page Not Found: Assets/js
ERROR - 05/13/2017 05:07 pm --> 404 Page Not Found: Assets/js
ERROR - 05/13/2017 05:07 pm --> 404 Page Not Found: Images/loading_spinner.gif
ERROR - 05/13/2017 05:07 pm --> 404 Page Not Found: Images/photos
ERROR - 05/13/2017 05:07 pm --> 404 Page Not Found: Assets/js
ERROR - 05/13/2017 05:07 pm --> 404 Page Not Found: Assets/js
ERROR - 05/13/2017 05:07 pm --> 404 Page Not Found: Assets/js
ERROR - 05/13/2017 05:07 pm --> 404 Page Not Found: Assets/js
ERROR - 05/13/2017 05:07 pm --> 404 Page Not Found: Images/photos
ERROR - 05/13/2017 05:07 pm --> 404 Page Not Found: Assets/js
ERROR - 05/13/2017 05:07 pm --> 404 Page Not Found: Js/advanced-datatable
ERROR - 05/13/2017 05:07 pm --> 404 Page Not Found: Js/advanced-datatable
ERROR - 05/13/2017 05:07 pm --> 404 Page Not Found: Js/advanced-datatable
ERROR - 05/13/2017 05:07 pm --> 404 Page Not Found: Js/dynamic_table_init.js
ERROR - 05/13/2017 05:07 pm --> 404 Page Not Found: Js/jquery.dataTables.min.js
ERROR - 05/13/2017 05:07 pm --> 404 Page Not Found: Images/photos
ERROR - 05/13/2017 05:07 pm --> 404 Page Not Found: Js/dynamic_table_init.js
ERROR - 05/13/2017 05:08 pm --> 404 Page Not Found: Assets/js
ERROR - 05/13/2017 05:08 pm --> 404 Page Not Found: Images/photos
ERROR - 05/13/2017 05:08 pm --> 404 Page Not Found: Assets/js
ERROR - 05/13/2017 05:08 pm --> 404 Page Not Found: Images/photos
