ERROR - 04/10/2017 12:39 am --> 404 Page Not Found: Ad/index
ERROR - 04/10/2017 12:39 am --> 404 Page Not Found: Assets/img
ERROR - 04/10/2017 12:39 am --> 404 Page Not Found: Assets/img
ERROR - 04/10/2017 12:39 am --> 404 Page Not Found: Assets/js
ERROR - 04/10/2017 12:39 am --> 404 Page Not Found: Images/photos
ERROR - 04/10/2017 12:39 am --> 404 Page Not Found: Assets/js
ERROR - 04/10/2017 12:39 am --> 404 Page Not Found: Assets/js
ERROR - 04/10/2017 12:39 am --> 404 Page Not Found: Assets/js
ERROR - 04/10/2017 12:39 am --> 404 Page Not Found: Assets/js
ERROR - 04/10/2017 12:39 am --> 404 Page Not Found: Images/photos
ERROR - 04/10/2017 12:39 am --> 404 Page Not Found: Assets/js
ERROR - 04/10/2017 12:39 am --> 404 Page Not Found: Assets/js
ERROR - 04/10/2017 12:39 am --> 404 Page Not Found: Assets/js
ERROR - 04/10/2017 12:39 am --> 404 Page Not Found: Images/photos
ERROR - 04/10/2017 12:40 am --> 404 Page Not Found: Images/photos
ERROR - 04/10/2017 12:40 am --> 404 Page Not Found: Assets/js
ERROR - 04/10/2017 12:40 am --> 404 Page Not Found: Assets/js
ERROR - 04/10/2017 12:40 am --> 404 Page Not Found: Assets/js
ERROR - 04/10/2017 12:40 am --> 404 Page Not Found: Assets/js
ERROR - 04/10/2017 12:40 am --> 404 Page Not Found: Images/photos
ERROR - 04/10/2017 12:40 am --> 404 Page Not Found: Assets/js
ERROR - 04/10/2017 12:40 am --> 404 Page Not Found: Assets/js
ERROR - 04/10/2017 12:57 am --> 404 Page Not Found: Assets/js
ERROR - 04/10/2017 12:57 am --> 404 Page Not Found: Images/photos
ERROR - 04/10/2017 11:53 am --> Severity: Notice --> Undefined variable: child_catname /home2/carolhhp/public_html/democarol.com/homeservices/application/views/front/home.php 89
ERROR - 04/10/2017 11:53 am --> Severity: Notice --> Trying to get property of non-object /home2/carolhhp/public_html/democarol.com/homeservices/application/views/front/home.php 89
ERROR - 04/10/2017 11:53 am --> Severity: Notice --> Undefined variable: child_catname /home2/carolhhp/public_html/democarol.com/homeservices/application/views/front/home.php 90
ERROR - 04/10/2017 11:53 am --> Severity: Notice --> Trying to get property of non-object /home2/carolhhp/public_html/democarol.com/homeservices/application/views/front/home.php 90
ERROR - 04/10/2017 11:53 am --> Severity: Notice --> Undefined variable: child_catname /home2/carolhhp/public_html/democarol.com/homeservices/application/views/front/home.php 91
ERROR - 04/10/2017 11:53 am --> Severity: Notice --> Trying to get property of non-object /home2/carolhhp/public_html/democarol.com/homeservices/application/views/front/home.php 91
ERROR - 04/10/2017 11:53 am --> Severity: Notice --> Undefined variable: child_catname /home2/carolhhp/public_html/democarol.com/homeservices/application/views/front/home.php 92
ERROR - 04/10/2017 11:53 am --> Severity: Notice --> Trying to get property of non-object /home2/carolhhp/public_html/democarol.com/homeservices/application/views/front/home.php 92
ERROR - 04/10/2017 11:53 am --> Severity: Notice --> Undefined variable: child_catname /home2/carolhhp/public_html/democarol.com/homeservices/application/views/front/home.php 93
ERROR - 04/10/2017 11:53 am --> Severity: Notice --> Trying to get property of non-object /home2/carolhhp/public_html/democarol.com/homeservices/application/views/front/home.php 93
ERROR - 04/10/2017 11:53 am --> Severity: Notice --> Use of undefined constant php - assumed 'php' /home2/carolhhp/public_html/democarol.com/homeservices/application/views/front/home.php 100
ERROR - 04/10/2017 01:24 am --> 404 Page Not Found: Assets/js
ERROR - 04/10/2017 01:24 am --> 404 Page Not Found: Images/photos
ERROR - 04/10/2017 01:24 am --> 404 Page Not Found: Js/advanced-datatable
ERROR - 04/10/2017 01:24 am --> 404 Page Not Found: Js/advanced-datatable
ERROR - 04/10/2017 01:24 am --> 404 Page Not Found: Js/advanced-datatable
ERROR - 04/10/2017 01:24 am --> 404 Page Not Found: Js/dynamic_table_init.js
ERROR - 04/10/2017 01:24 am --> 404 Page Not Found: Js/jquery.dataTables.min.js
ERROR - 04/10/2017 01:29 am --> 404 Page Not Found: front/Service/badroom_plan
ERROR - 04/10/2017 01:29 am --> 404 Page Not Found: front/Service/badroom_plan
ERROR - 04/10/2017 01:31 am --> 404 Page Not Found: front/Service/badroom_plan
ERROR - 04/10/2017 01:31 am --> 404 Page Not Found: Assets/front
ERROR - 04/10/2017 01:31 am --> 404 Page Not Found: Assets/front
ERROR - 04/10/2017 01:31 am --> 404 Page Not Found: Assets/front
ERROR - 04/10/2017 01:31 am --> 404 Page Not Found: Assets/front
ERROR - 04/10/2017 01:31 am --> 404 Page Not Found: Assets/front
ERROR - 04/10/2017 01:31 am --> 404 Page Not Found: Assets/front
ERROR - 04/10/2017 02:35 am --> 404 Page Not Found: Images/photos
ERROR - 04/10/2017 02:35 am --> 404 Page Not Found: Assets/js
ERROR - 04/10/2017 02:35 am --> 404 Page Not Found: Images/photos
ERROR - 04/10/2017 02:35 am --> 404 Page Not Found: Js/advanced-datatable
ERROR - 04/10/2017 02:35 am --> 404 Page Not Found: Js/advanced-datatable
ERROR - 04/10/2017 02:35 am --> 404 Page Not Found: Js/advanced-datatable
ERROR - 04/10/2017 02:35 am --> 404 Page Not Found: Js/dynamic_table_init.js
ERROR - 04/10/2017 02:35 am --> 404 Page Not Found: Js/jquery.dataTables.min.js
ERROR - 04/10/2017 02:35 am --> 404 Page Not Found: Js/dynamic_table_init.js
ERROR - 04/10/2017 02:35 am --> 404 Page Not Found: Js/jquery.dataTables.min.js
ERROR - 04/10/2017 01:05 pm --> Severity: Notice --> Undefined variable: rec /home2/carolhhp/public_html/democarol.com/homeservices/application/views/admin/categories/add_categories.php 54
ERROR - 04/10/2017 01:05 pm --> Severity: Notice --> Trying to get property of non-object /home2/carolhhp/public_html/democarol.com/homeservices/application/views/admin/categories/add_categories.php 54
ERROR - 04/10/2017 01:05 pm --> Severity: Notice --> Undefined variable: rec /home2/carolhhp/public_html/democarol.com/homeservices/application/views/admin/categories/add_categories.php 54
ERROR - 04/10/2017 01:05 pm --> Severity: Notice --> Trying to get property of non-object /home2/carolhhp/public_html/democarol.com/homeservices/application/views/admin/categories/add_categories.php 54
ERROR - 04/10/2017 01:05 pm --> Severity: Notice --> Undefined variable: rec /home2/carolhhp/public_html/democarol.com/homeservices/application/views/admin/categories/add_categories.php 54
ERROR - 04/10/2017 01:05 pm --> Severity: Notice --> Trying to get property of non-object /home2/carolhhp/public_html/democarol.com/homeservices/application/views/admin/categories/add_categories.php 54
ERROR - 04/10/2017 01:05 pm --> Severity: Notice --> Undefined variable: rec /home2/carolhhp/public_html/democarol.com/homeservices/application/views/admin/categories/add_categories.php 54
ERROR - 04/10/2017 01:05 pm --> Severity: Notice --> Trying to get property of non-object /home2/carolhhp/public_html/democarol.com/homeservices/application/views/admin/categories/add_categories.php 54
ERROR - 04/10/2017 01:05 pm --> Severity: Notice --> Undefined variable: rec /home2/carolhhp/public_html/democarol.com/homeservices/application/views/admin/categories/add_categories.php 54
ERROR - 04/10/2017 01:05 pm --> Severity: Notice --> Trying to get property of non-object /home2/carolhhp/public_html/democarol.com/homeservices/application/views/admin/categories/add_categories.php 54
ERROR - 04/10/2017 01:05 pm --> Severity: Notice --> Undefined variable: rec /home2/carolhhp/public_html/democarol.com/homeservices/application/views/admin/categories/add_categories.php 54
ERROR - 04/10/2017 01:05 pm --> Severity: Notice --> Trying to get property of non-object /home2/carolhhp/public_html/democarol.com/homeservices/application/views/admin/categories/add_categories.php 54
ERROR - 04/10/2017 01:05 pm --> Severity: Notice --> Undefined variable: rec /home2/carolhhp/public_html/democarol.com/homeservices/application/views/admin/categories/add_categories.php 54
ERROR - 04/10/2017 01:05 pm --> Severity: Notice --> Trying to get property of non-object /home2/carolhhp/public_html/democarol.com/homeservices/application/views/admin/categories/add_categories.php 54
ERROR - 04/10/2017 01:05 pm --> Severity: Notice --> Undefined variable: rec /home2/carolhhp/public_html/democarol.com/homeservices/application/views/admin/categories/add_categories.php 54
ERROR - 04/10/2017 01:05 pm --> Severity: Notice --> Trying to get property of non-object /home2/carolhhp/public_html/democarol.com/homeservices/application/views/admin/categories/add_categories.php 54
ERROR - 04/10/2017 01:05 pm --> Severity: Notice --> Undefined variable: rec /home2/carolhhp/public_html/democarol.com/homeservices/application/views/admin/categories/add_categories.php 54
ERROR - 04/10/2017 01:05 pm --> Severity: Notice --> Trying to get property of non-object /home2/carolhhp/public_html/democarol.com/homeservices/application/views/admin/categories/add_categories.php 54
ERROR - 04/10/2017 01:05 pm --> Severity: Notice --> Undefined variable: rec /home2/carolhhp/public_html/democarol.com/homeservices/application/views/admin/categories/add_categories.php 54
ERROR - 04/10/2017 01:05 pm --> Severity: Notice --> Trying to get property of non-object /home2/carolhhp/public_html/democarol.com/homeservices/application/views/admin/categories/add_categories.php 54
ERROR - 04/10/2017 01:05 pm --> Severity: Notice --> Undefined variable: rec /home2/carolhhp/public_html/democarol.com/homeservices/application/views/admin/categories/add_categories.php 54
ERROR - 04/10/2017 01:05 pm --> Severity: Notice --> Trying to get property of non-object /home2/carolhhp/public_html/democarol.com/homeservices/application/views/admin/categories/add_categories.php 54
ERROR - 04/10/2017 01:05 pm --> Severity: Notice --> Undefined variable: rec /home2/carolhhp/public_html/democarol.com/homeservices/application/views/admin/categories/add_categories.php 54
ERROR - 04/10/2017 01:05 pm --> Severity: Notice --> Trying to get property of non-object /home2/carolhhp/public_html/democarol.com/homeservices/application/views/admin/categories/add_categories.php 54
ERROR - 04/10/2017 01:05 pm --> Severity: Notice --> Undefined variable: rec /home2/carolhhp/public_html/democarol.com/homeservices/application/views/admin/categories/add_categories.php 54
ERROR - 04/10/2017 01:05 pm --> Severity: Notice --> Trying to get property of non-object /home2/carolhhp/public_html/democarol.com/homeservices/application/views/admin/categories/add_categories.php 54
ERROR - 04/10/2017 01:05 pm --> Severity: Notice --> Undefined variable: rec /home2/carolhhp/public_html/democarol.com/homeservices/application/views/admin/categories/add_categories.php 54
ERROR - 04/10/2017 01:05 pm --> Severity: Notice --> Trying to get property of non-object /home2/carolhhp/public_html/democarol.com/homeservices/application/views/admin/categories/add_categories.php 54
ERROR - 04/10/2017 01:05 pm --> Severity: Notice --> Undefined variable: rec /home2/carolhhp/public_html/democarol.com/homeservices/application/views/admin/categories/add_categories.php 54
ERROR - 04/10/2017 01:05 pm --> Severity: Notice --> Trying to get property of non-object /home2/carolhhp/public_html/democarol.com/homeservices/application/views/admin/categories/add_categories.php 54
ERROR - 04/10/2017 01:05 pm --> Severity: Notice --> Undefined variable: rec /home2/carolhhp/public_html/democarol.com/homeservices/application/views/admin/categories/add_categories.php 54
ERROR - 04/10/2017 01:05 pm --> Severity: Notice --> Trying to get property of non-object /home2/carolhhp/public_html/democarol.com/homeservices/application/views/admin/categories/add_categories.php 54
ERROR - 04/10/2017 01:05 pm --> Severity: Notice --> Undefined variable: rec /home2/carolhhp/public_html/democarol.com/homeservices/application/views/admin/categories/add_categories.php 54
ERROR - 04/10/2017 01:05 pm --> Severity: Notice --> Trying to get property of non-object /home2/carolhhp/public_html/democarol.com/homeservices/application/views/admin/categories/add_categories.php 54
ERROR - 04/10/2017 01:05 pm --> Severity: Notice --> Undefined variable: rec /home2/carolhhp/public_html/democarol.com/homeservices/application/views/admin/categories/add_categories.php 54
ERROR - 04/10/2017 01:05 pm --> Severity: Notice --> Trying to get property of non-object /home2/carolhhp/public_html/democarol.com/homeservices/application/views/admin/categories/add_categories.php 54
ERROR - 04/10/2017 01:05 pm --> Severity: Notice --> Undefined variable: rec /home2/carolhhp/public_html/democarol.com/homeservices/application/views/admin/categories/add_categories.php 54
ERROR - 04/10/2017 01:05 pm --> Severity: Notice --> Trying to get property of non-object /home2/carolhhp/public_html/democarol.com/homeservices/application/views/admin/categories/add_categories.php 54
ERROR - 04/10/2017 01:05 pm --> Severity: Notice --> Undefined variable: rec /home2/carolhhp/public_html/democarol.com/homeservices/application/views/admin/categories/add_categories.php 54
ERROR - 04/10/2017 01:05 pm --> Severity: Notice --> Trying to get property of non-object /home2/carolhhp/public_html/democarol.com/homeservices/application/views/admin/categories/add_categories.php 54
ERROR - 04/10/2017 01:05 pm --> Severity: Notice --> Undefined variable: rec /home2/carolhhp/public_html/democarol.com/homeservices/application/views/admin/categories/add_categories.php 54
ERROR - 04/10/2017 01:05 pm --> Severity: Notice --> Trying to get property of non-object /home2/carolhhp/public_html/democarol.com/homeservices/application/views/admin/categories/add_categories.php 54
ERROR - 04/10/2017 01:05 pm --> Severity: Notice --> Undefined variable: rec /home2/carolhhp/public_html/democarol.com/homeservices/application/views/admin/categories/add_categories.php 54
ERROR - 04/10/2017 01:05 pm --> Severity: Notice --> Trying to get property of non-object /home2/carolhhp/public_html/democarol.com/homeservices/application/views/admin/categories/add_categories.php 54
ERROR - 04/10/2017 01:05 pm --> Severity: Notice --> Undefined variable: rec /home2/carolhhp/public_html/democarol.com/homeservices/application/views/admin/categories/add_categories.php 54
ERROR - 04/10/2017 01:05 pm --> Severity: Notice --> Trying to get property of non-object /home2/carolhhp/public_html/democarol.com/homeservices/application/views/admin/categories/add_categories.php 54
ERROR - 04/10/2017 01:05 pm --> Severity: Notice --> Undefined variable: rec /home2/carolhhp/public_html/democarol.com/homeservices/application/views/admin/categories/add_categories.php 54
ERROR - 04/10/2017 01:05 pm --> Severity: Notice --> Trying to get property of non-object /home2/carolhhp/public_html/democarol.com/homeservices/application/views/admin/categories/add_categories.php 54
ERROR - 04/10/2017 01:05 pm --> Severity: Notice --> Undefined variable: rec /home2/carolhhp/public_html/democarol.com/homeservices/application/views/admin/categories/add_categories.php 54
ERROR - 04/10/2017 01:05 pm --> Severity: Notice --> Trying to get property of non-object /home2/carolhhp/public_html/democarol.com/homeservices/application/views/admin/categories/add_categories.php 54
ERROR - 04/10/2017 01:05 pm --> Severity: Notice --> Undefined variable: rec /home2/carolhhp/public_html/democarol.com/homeservices/application/views/admin/categories/add_categories.php 54
ERROR - 04/10/2017 01:05 pm --> Severity: Notice --> Trying to get property of non-object /home2/carolhhp/public_html/democarol.com/homeservices/application/views/admin/categories/add_categories.php 54
ERROR - 04/10/2017 01:05 pm --> Severity: Notice --> Undefined variable: rec /home2/carolhhp/public_html/democarol.com/homeservices/application/views/admin/categories/add_categories.php 54
ERROR - 04/10/2017 01:05 pm --> Severity: Notice --> Trying to get property of non-object /home2/carolhhp/public_html/democarol.com/homeservices/application/views/admin/categories/add_categories.php 54
ERROR - 04/10/2017 01:05 pm --> Severity: Notice --> Undefined variable: rec /home2/carolhhp/public_html/democarol.com/homeservices/application/views/admin/categories/add_categories.php 54
ERROR - 04/10/2017 01:05 pm --> Severity: Notice --> Trying to get property of non-object /home2/carolhhp/public_html/democarol.com/homeservices/application/views/admin/categories/add_categories.php 54
ERROR - 04/10/2017 01:05 pm --> Severity: Notice --> Undefined variable: rec /home2/carolhhp/public_html/democarol.com/homeservices/application/views/admin/categories/add_categories.php 54
ERROR - 04/10/2017 01:05 pm --> Severity: Notice --> Trying to get property of non-object /home2/carolhhp/public_html/democarol.com/homeservices/application/views/admin/categories/add_categories.php 54
ERROR - 04/10/2017 01:05 pm --> Severity: Notice --> Undefined variable: rec /home2/carolhhp/public_html/democarol.com/homeservices/application/views/admin/categories/add_categories.php 54
ERROR - 04/10/2017 01:05 pm --> Severity: Notice --> Trying to get property of non-object /home2/carolhhp/public_html/democarol.com/homeservices/application/views/admin/categories/add_categories.php 54
ERROR - 04/10/2017 01:05 pm --> Severity: Notice --> Undefined variable: rec /home2/carolhhp/public_html/democarol.com/homeservices/application/views/admin/categories/add_categories.php 54
ERROR - 04/10/2017 01:05 pm --> Severity: Notice --> Trying to get property of non-object /home2/carolhhp/public_html/democarol.com/homeservices/application/views/admin/categories/add_categories.php 54
ERROR - 04/10/2017 01:05 pm --> Severity: Notice --> Undefined variable: rec /home2/carolhhp/public_html/democarol.com/homeservices/application/views/admin/categories/add_categories.php 54
ERROR - 04/10/2017 01:05 pm --> Severity: Notice --> Trying to get property of non-object /home2/carolhhp/public_html/democarol.com/homeservices/application/views/admin/categories/add_categories.php 54
ERROR - 04/10/2017 01:05 pm --> Severity: Notice --> Undefined variable: rec /home2/carolhhp/public_html/democarol.com/homeservices/application/views/admin/categories/add_categories.php 54
ERROR - 04/10/2017 01:05 pm --> Severity: Notice --> Trying to get property of non-object /home2/carolhhp/public_html/democarol.com/homeservices/application/views/admin/categories/add_categories.php 54
ERROR - 04/10/2017 01:05 pm --> Severity: Notice --> Undefined variable: rec /home2/carolhhp/public_html/democarol.com/homeservices/application/views/admin/categories/add_categories.php 54
ERROR - 04/10/2017 01:05 pm --> Severity: Notice --> Trying to get property of non-object /home2/carolhhp/public_html/democarol.com/homeservices/application/views/admin/categories/add_categories.php 54
ERROR - 04/10/2017 01:05 pm --> Severity: Notice --> Undefined variable: rec /home2/carolhhp/public_html/democarol.com/homeservices/application/views/admin/categories/add_categories.php 54
ERROR - 04/10/2017 01:05 pm --> Severity: Notice --> Trying to get property of non-object /home2/carolhhp/public_html/democarol.com/homeservices/application/views/admin/categories/add_categories.php 54
ERROR - 04/10/2017 01:05 pm --> Severity: Notice --> Undefined variable: rec /home2/carolhhp/public_html/democarol.com/homeservices/application/views/admin/categories/add_categories.php 54
ERROR - 04/10/2017 01:05 pm --> Severity: Notice --> Trying to get property of non-object /home2/carolhhp/public_html/democarol.com/homeservices/application/views/admin/categories/add_categories.php 54
ERROR - 04/10/2017 01:05 pm --> Severity: Notice --> Undefined variable: rec /home2/carolhhp/public_html/democarol.com/homeservices/application/views/admin/categories/add_categories.php 54
ERROR - 04/10/2017 01:05 pm --> Severity: Notice --> Trying to get property of non-object /home2/carolhhp/public_html/democarol.com/homeservices/application/views/admin/categories/add_categories.php 54
ERROR - 04/10/2017 01:05 pm --> Severity: Notice --> Undefined variable: rec /home2/carolhhp/public_html/democarol.com/homeservices/application/views/admin/categories/add_categories.php 54
ERROR - 04/10/2017 01:05 pm --> Severity: Notice --> Trying to get property of non-object /home2/carolhhp/public_html/democarol.com/homeservices/application/views/admin/categories/add_categories.php 54
ERROR - 04/10/2017 01:05 pm --> Severity: Notice --> Undefined variable: rec /home2/carolhhp/public_html/democarol.com/homeservices/application/views/admin/categories/add_categories.php 54
ERROR - 04/10/2017 01:05 pm --> Severity: Notice --> Trying to get property of non-object /home2/carolhhp/public_html/democarol.com/homeservices/application/views/admin/categories/add_categories.php 54
ERROR - 04/10/2017 01:05 pm --> Severity: Notice --> Undefined variable: rec /home2/carolhhp/public_html/democarol.com/homeservices/application/views/admin/categories/add_categories.php 54
ERROR - 04/10/2017 01:05 pm --> Severity: Notice --> Trying to get property of non-object /home2/carolhhp/public_html/democarol.com/homeservices/application/views/admin/categories/add_categories.php 54
ERROR - 04/10/2017 01:05 pm --> Severity: Notice --> Undefined variable: rec /home2/carolhhp/public_html/democarol.com/homeservices/application/views/admin/categories/add_categories.php 54
ERROR - 04/10/2017 01:05 pm --> Severity: Notice --> Trying to get property of non-object /home2/carolhhp/public_html/democarol.com/homeservices/application/views/admin/categories/add_categories.php 54
ERROR - 04/10/2017 01:05 pm --> Severity: Notice --> Undefined variable: rec /home2/carolhhp/public_html/democarol.com/homeservices/application/views/admin/categories/add_categories.php 54
ERROR - 04/10/2017 01:05 pm --> Severity: Notice --> Trying to get property of non-object /home2/carolhhp/public_html/democarol.com/homeservices/application/views/admin/categories/add_categories.php 54
ERROR - 04/10/2017 01:05 pm --> Severity: Notice --> Undefined variable: rec /home2/carolhhp/public_html/democarol.com/homeservices/application/views/admin/categories/add_categories.php 54
ERROR - 04/10/2017 01:05 pm --> Severity: Notice --> Trying to get property of non-object /home2/carolhhp/public_html/democarol.com/homeservices/application/views/admin/categories/add_categories.php 54
ERROR - 04/10/2017 01:05 pm --> Severity: Notice --> Undefined variable: rec /home2/carolhhp/public_html/democarol.com/homeservices/application/views/admin/categories/add_categories.php 54
ERROR - 04/10/2017 01:05 pm --> Severity: Notice --> Trying to get property of non-object /home2/carolhhp/public_html/democarol.com/homeservices/application/views/admin/categories/add_categories.php 54
ERROR - 04/10/2017 01:05 pm --> Severity: Notice --> Undefined variable: rec /home2/carolhhp/public_html/democarol.com/homeservices/application/views/admin/categories/add_categories.php 54
ERROR - 04/10/2017 01:05 pm --> Severity: Notice --> Trying to get property of non-object /home2/carolhhp/public_html/democarol.com/homeservices/application/views/admin/categories/add_categories.php 54
ERROR - 04/10/2017 01:05 pm --> Severity: Notice --> Undefined variable: rec /home2/carolhhp/public_html/democarol.com/homeservices/application/views/admin/categories/add_categories.php 54
ERROR - 04/10/2017 01:05 pm --> Severity: Notice --> Trying to get property of non-object /home2/carolhhp/public_html/democarol.com/homeservices/application/views/admin/categories/add_categories.php 54
ERROR - 04/10/2017 01:05 pm --> Severity: Notice --> Undefined variable: rec /home2/carolhhp/public_html/democarol.com/homeservices/application/views/admin/categories/add_categories.php 54
ERROR - 04/10/2017 01:05 pm --> Severity: Notice --> Trying to get property of non-object /home2/carolhhp/public_html/democarol.com/homeservices/application/views/admin/categories/add_categories.php 54
ERROR - 04/10/2017 01:05 pm --> Severity: Notice --> Undefined variable: rec /home2/carolhhp/public_html/democarol.com/homeservices/application/views/admin/categories/add_categories.php 54
ERROR - 04/10/2017 01:05 pm --> Severity: Notice --> Trying to get property of non-object /home2/carolhhp/public_html/democarol.com/homeservices/application/views/admin/categories/add_categories.php 54
ERROR - 04/10/2017 01:05 pm --> Severity: Notice --> Undefined variable: rec /home2/carolhhp/public_html/democarol.com/homeservices/application/views/admin/categories/add_categories.php 54
ERROR - 04/10/2017 01:05 pm --> Severity: Notice --> Trying to get property of non-object /home2/carolhhp/public_html/democarol.com/homeservices/application/views/admin/categories/add_categories.php 54
ERROR - 04/10/2017 01:05 pm --> Severity: Notice --> Undefined variable: rec /home2/carolhhp/public_html/democarol.com/homeservices/application/views/admin/categories/add_categories.php 54
ERROR - 04/10/2017 01:05 pm --> Severity: Notice --> Trying to get property of non-object /home2/carolhhp/public_html/democarol.com/homeservices/application/views/admin/categories/add_categories.php 54
ERROR - 04/10/2017 01:05 pm --> Severity: Notice --> Undefined variable: rec /home2/carolhhp/public_html/democarol.com/homeservices/application/views/admin/categories/add_categories.php 54
ERROR - 04/10/2017 01:05 pm --> Severity: Notice --> Trying to get property of non-object /home2/carolhhp/public_html/democarol.com/homeservices/application/views/admin/categories/add_categories.php 54
ERROR - 04/10/2017 01:05 pm --> Severity: Notice --> Undefined variable: rec /home2/carolhhp/public_html/democarol.com/homeservices/application/views/admin/categories/add_categories.php 54
ERROR - 04/10/2017 01:05 pm --> Severity: Notice --> Trying to get property of non-object /home2/carolhhp/public_html/democarol.com/homeservices/application/views/admin/categories/add_categories.php 54
ERROR - 04/10/2017 01:05 pm --> Severity: Notice --> Undefined variable: rec /home2/carolhhp/public_html/democarol.com/homeservices/application/views/admin/categories/add_categories.php 54
ERROR - 04/10/2017 01:05 pm --> Severity: Notice --> Trying to get property of non-object /home2/carolhhp/public_html/democarol.com/homeservices/application/views/admin/categories/add_categories.php 54
ERROR - 04/10/2017 01:05 pm --> Severity: Notice --> Undefined variable: rec /home2/carolhhp/public_html/democarol.com/homeservices/application/views/admin/categories/add_categories.php 54
ERROR - 04/10/2017 01:05 pm --> Severity: Notice --> Trying to get property of non-object /home2/carolhhp/public_html/democarol.com/homeservices/application/views/admin/categories/add_categories.php 54
ERROR - 04/10/2017 01:05 pm --> Severity: Notice --> Undefined variable: rec /home2/carolhhp/public_html/democarol.com/homeservices/application/views/admin/categories/add_categories.php 54
ERROR - 04/10/2017 01:05 pm --> Severity: Notice --> Trying to get property of non-object /home2/carolhhp/public_html/democarol.com/homeservices/application/views/admin/categories/add_categories.php 54
ERROR - 04/10/2017 01:05 pm --> Severity: Notice --> Undefined variable: rec /home2/carolhhp/public_html/democarol.com/homeservices/application/views/admin/categories/add_categories.php 54
ERROR - 04/10/2017 01:05 pm --> Severity: Notice --> Trying to get property of non-object /home2/carolhhp/public_html/democarol.com/homeservices/application/views/admin/categories/add_categories.php 54
ERROR - 04/10/2017 02:35 am --> 404 Page Not Found: Assets/js
ERROR - 04/10/2017 01:05 pm --> Severity: Notice --> Undefined variable: rec /home2/carolhhp/public_html/democarol.com/homeservices/application/views/admin/categories/add_categories.php 54
ERROR - 04/10/2017 01:05 pm --> Severity: Notice --> Trying to get property of non-object /home2/carolhhp/public_html/democarol.com/homeservices/application/views/admin/categories/add_categories.php 54
ERROR - 04/10/2017 01:05 pm --> Severity: Notice --> Undefined variable: rec /home2/carolhhp/public_html/democarol.com/homeservices/application/views/admin/categories/add_categories.php 54
ERROR - 04/10/2017 01:05 pm --> Severity: Notice --> Trying to get property of non-object /home2/carolhhp/public_html/democarol.com/homeservices/application/views/admin/categories/add_categories.php 54
ERROR - 04/10/2017 01:05 pm --> Severity: Notice --> Undefined variable: rec /home2/carolhhp/public_html/democarol.com/homeservices/application/views/admin/categories/add_categories.php 54
ERROR - 04/10/2017 01:05 pm --> Severity: Notice --> Trying to get property of non-object /home2/carolhhp/public_html/democarol.com/homeservices/application/views/admin/categories/add_categories.php 54
ERROR - 04/10/2017 01:05 pm --> Severity: Notice --> Undefined variable: rec /home2/carolhhp/public_html/democarol.com/homeservices/application/views/admin/categories/add_categories.php 54
ERROR - 04/10/2017 01:05 pm --> Severity: Notice --> Trying to get property of non-object /home2/carolhhp/public_html/democarol.com/homeservices/application/views/admin/categories/add_categories.php 54
ERROR - 04/10/2017 01:05 pm --> Severity: Notice --> Undefined variable: rec /home2/carolhhp/public_html/democarol.com/homeservices/application/views/admin/categories/add_categories.php 54
ERROR - 04/10/2017 01:05 pm --> Severity: Notice --> Trying to get property of non-object /home2/carolhhp/public_html/democarol.com/homeservices/application/views/admin/categories/add_categories.php 54
ERROR - 04/10/2017 01:05 pm --> Severity: Notice --> Undefined variable: rec /home2/carolhhp/public_html/democarol.com/homeservices/application/views/admin/categories/add_categories.php 54
ERROR - 04/10/2017 01:05 pm --> Severity: Notice --> Trying to get property of non-object /home2/carolhhp/public_html/democarol.com/homeservices/application/views/admin/categories/add_categories.php 54
ERROR - 04/10/2017 01:05 pm --> Severity: Notice --> Undefined variable: rec /home2/carolhhp/public_html/democarol.com/homeservices/application/views/admin/categories/add_categories.php 54
ERROR - 04/10/2017 01:05 pm --> Severity: Notice --> Trying to get property of non-object /home2/carolhhp/public_html/democarol.com/homeservices/application/views/admin/categories/add_categories.php 54
ERROR - 04/10/2017 01:05 pm --> Severity: Notice --> Undefined variable: rec /home2/carolhhp/public_html/democarol.com/homeservices/application/views/admin/categories/add_categories.php 54
ERROR - 04/10/2017 01:05 pm --> Severity: Notice --> Trying to get property of non-object /home2/carolhhp/public_html/democarol.com/homeservices/application/views/admin/categories/add_categories.php 54
ERROR - 04/10/2017 01:05 pm --> Severity: Notice --> Undefined variable: rec /home2/carolhhp/public_html/democarol.com/homeservices/application/views/admin/categories/add_categories.php 54
ERROR - 04/10/2017 01:05 pm --> Severity: Notice --> Trying to get property of non-object /home2/carolhhp/public_html/democarol.com/homeservices/application/views/admin/categories/add_categories.php 54
ERROR - 04/10/2017 01:05 pm --> Severity: Notice --> Undefined variable: rec /home2/carolhhp/public_html/democarol.com/homeservices/application/views/admin/categories/add_categories.php 54
ERROR - 04/10/2017 01:05 pm --> Severity: Notice --> Trying to get property of non-object /home2/carolhhp/public_html/democarol.com/homeservices/application/views/admin/categories/add_categories.php 54
ERROR - 04/10/2017 01:05 pm --> Severity: Notice --> Undefined variable: rec /home2/carolhhp/public_html/democarol.com/homeservices/application/views/admin/categories/add_categories.php 54
ERROR - 04/10/2017 01:05 pm --> Severity: Notice --> Trying to get property of non-object /home2/carolhhp/public_html/democarol.com/homeservices/application/views/admin/categories/add_categories.php 54
ERROR - 04/10/2017 01:05 pm --> Severity: Notice --> Undefined variable: rec /home2/carolhhp/public_html/democarol.com/homeservices/application/views/admin/categories/add_categories.php 54
ERROR - 04/10/2017 01:05 pm --> Severity: Notice --> Trying to get property of non-object /home2/carolhhp/public_html/democarol.com/homeservices/application/views/admin/categories/add_categories.php 54
ERROR - 04/10/2017 01:05 pm --> Severity: Notice --> Undefined variable: rec /home2/carolhhp/public_html/democarol.com/homeservices/application/views/admin/categories/add_categories.php 54
ERROR - 04/10/2017 01:05 pm --> Severity: Notice --> Trying to get property of non-object /home2/carolhhp/public_html/democarol.com/homeservices/application/views/admin/categories/add_categories.php 54
ERROR - 04/10/2017 01:05 pm --> Severity: Notice --> Undefined variable: rec /home2/carolhhp/public_html/democarol.com/homeservices/application/views/admin/categories/add_categories.php 54
ERROR - 04/10/2017 01:05 pm --> Severity: Notice --> Trying to get property of non-object /home2/carolhhp/public_html/democarol.com/homeservices/application/views/admin/categories/add_categories.php 54
ERROR - 04/10/2017 01:05 pm --> Severity: Notice --> Undefined variable: rec /home2/carolhhp/public_html/democarol.com/homeservices/application/views/admin/categories/add_categories.php 54
ERROR - 04/10/2017 01:05 pm --> Severity: Notice --> Trying to get property of non-object /home2/carolhhp/public_html/democarol.com/homeservices/application/views/admin/categories/add_categories.php 54
ERROR - 04/10/2017 01:05 pm --> Severity: Notice --> Undefined variable: rec /home2/carolhhp/public_html/democarol.com/homeservices/application/views/admin/categories/add_categories.php 54
ERROR - 04/10/2017 01:05 pm --> Severity: Notice --> Trying to get property of non-object /home2/carolhhp/public_html/democarol.com/homeservices/application/views/admin/categories/add_categories.php 54
ERROR - 04/10/2017 01:05 pm --> Severity: Notice --> Undefined variable: rec /home2/carolhhp/public_html/democarol.com/homeservices/application/views/admin/categories/add_categories.php 54
ERROR - 04/10/2017 01:05 pm --> Severity: Notice --> Trying to get property of non-object /home2/carolhhp/public_html/democarol.com/homeservices/application/views/admin/categories/add_categories.php 54
ERROR - 04/10/2017 01:05 pm --> Severity: Notice --> Undefined variable: rec /home2/carolhhp/public_html/democarol.com/homeservices/application/views/admin/categories/add_categories.php 54
ERROR - 04/10/2017 01:05 pm --> Severity: Notice --> Trying to get property of non-object /home2/carolhhp/public_html/democarol.com/homeservices/application/views/admin/categories/add_categories.php 54
ERROR - 04/10/2017 01:05 pm --> Severity: Notice --> Undefined variable: rec /home2/carolhhp/public_html/democarol.com/homeservices/application/views/admin/categories/add_categories.php 54
ERROR - 04/10/2017 01:05 pm --> Severity: Notice --> Trying to get property of non-object /home2/carolhhp/public_html/democarol.com/homeservices/application/views/admin/categories/add_categories.php 54
ERROR - 04/10/2017 01:05 pm --> Severity: Notice --> Undefined variable: rec /home2/carolhhp/public_html/democarol.com/homeservices/application/views/admin/categories/add_categories.php 54
ERROR - 04/10/2017 01:05 pm --> Severity: Notice --> Trying to get property of non-object /home2/carolhhp/public_html/democarol.com/homeservices/application/views/admin/categories/add_categories.php 54
ERROR - 04/10/2017 01:05 pm --> Severity: Notice --> Undefined variable: rec /home2/carolhhp/public_html/democarol.com/homeservices/application/views/admin/categories/add_categories.php 54
ERROR - 04/10/2017 01:05 pm --> Severity: Notice --> Trying to get property of non-object /home2/carolhhp/public_html/democarol.com/homeservices/application/views/admin/categories/add_categories.php 54
ERROR - 04/10/2017 01:05 pm --> Severity: Notice --> Undefined variable: rec /home2/carolhhp/public_html/democarol.com/homeservices/application/views/admin/categories/add_categories.php 54
ERROR - 04/10/2017 01:05 pm --> Severity: Notice --> Trying to get property of non-object /home2/carolhhp/public_html/democarol.com/homeservices/application/views/admin/categories/add_categories.php 54
ERROR - 04/10/2017 01:05 pm --> Severity: Notice --> Undefined variable: rec /home2/carolhhp/public_html/democarol.com/homeservices/application/views/admin/categories/add_categories.php 54
ERROR - 04/10/2017 01:05 pm --> Severity: Notice --> Trying to get property of non-object /home2/carolhhp/public_html/democarol.com/homeservices/application/views/admin/categories/add_categories.php 54
ERROR - 04/10/2017 01:05 pm --> Severity: Notice --> Undefined variable: rec /home2/carolhhp/public_html/democarol.com/homeservices/application/views/admin/categories/add_categories.php 54
ERROR - 04/10/2017 01:05 pm --> Severity: Notice --> Trying to get property of non-object /home2/carolhhp/public_html/democarol.com/homeservices/application/views/admin/categories/add_categories.php 54
ERROR - 04/10/2017 01:05 pm --> Severity: Notice --> Undefined variable: rec /home2/carolhhp/public_html/democarol.com/homeservices/application/views/admin/categories/add_categories.php 54
ERROR - 04/10/2017 01:05 pm --> Severity: Notice --> Trying to get property of non-object /home2/carolhhp/public_html/democarol.com/homeservices/application/views/admin/categories/add_categories.php 54
ERROR - 04/10/2017 01:05 pm --> Severity: Notice --> Undefined variable: rec /home2/carolhhp/public_html/democarol.com/homeservices/application/views/admin/categories/add_categories.php 54
ERROR - 04/10/2017 01:05 pm --> Severity: Notice --> Trying to get property of non-object /home2/carolhhp/public_html/democarol.com/homeservices/application/views/admin/categories/add_categories.php 54
ERROR - 04/10/2017 01:05 pm --> Severity: Notice --> Undefined variable: rec /home2/carolhhp/public_html/democarol.com/homeservices/application/views/admin/categories/add_categories.php 54
ERROR - 04/10/2017 01:05 pm --> Severity: Notice --> Trying to get property of non-object /home2/carolhhp/public_html/democarol.com/homeservices/application/views/admin/categories/add_categories.php 54
ERROR - 04/10/2017 01:05 pm --> Severity: Notice --> Undefined variable: rec /home2/carolhhp/public_html/democarol.com/homeservices/application/views/admin/categories/add_categories.php 54
ERROR - 04/10/2017 01:05 pm --> Severity: Notice --> Trying to get property of non-object /home2/carolhhp/public_html/democarol.com/homeservices/application/views/admin/categories/add_categories.php 54
ERROR - 04/10/2017 01:05 pm --> Severity: Notice --> Undefined variable: rec /home2/carolhhp/public_html/democarol.com/homeservices/application/views/admin/categories/add_categories.php 54
ERROR - 04/10/2017 01:05 pm --> Severity: Notice --> Trying to get property of non-object /home2/carolhhp/public_html/democarol.com/homeservices/application/views/admin/categories/add_categories.php 54
ERROR - 04/10/2017 01:05 pm --> Severity: Notice --> Undefined variable: rec /home2/carolhhp/public_html/democarol.com/homeservices/application/views/admin/categories/add_categories.php 54
ERROR - 04/10/2017 01:05 pm --> Severity: Notice --> Trying to get property of non-object /home2/carolhhp/public_html/democarol.com/homeservices/application/views/admin/categories/add_categories.php 54
ERROR - 04/10/2017 01:05 pm --> Severity: Notice --> Undefined variable: rec /home2/carolhhp/public_html/democarol.com/homeservices/application/views/admin/categories/add_categories.php 54
ERROR - 04/10/2017 01:05 pm --> Severity: Notice --> Trying to get property of non-object /home2/carolhhp/public_html/democarol.com/homeservices/application/views/admin/categories/add_categories.php 54
ERROR - 04/10/2017 01:05 pm --> Severity: Notice --> Undefined variable: rec /home2/carolhhp/public_html/democarol.com/homeservices/application/views/admin/categories/add_categories.php 54
ERROR - 04/10/2017 01:05 pm --> Severity: Notice --> Trying to get property of non-object /home2/carolhhp/public_html/democarol.com/homeservices/application/views/admin/categories/add_categories.php 54
ERROR - 04/10/2017 01:05 pm --> Severity: Notice --> Undefined variable: rec /home2/carolhhp/public_html/democarol.com/homeservices/application/views/admin/categories/add_categories.php 54
ERROR - 04/10/2017 01:05 pm --> Severity: Notice --> Trying to get property of non-object /home2/carolhhp/public_html/democarol.com/homeservices/application/views/admin/categories/add_categories.php 54
ERROR - 04/10/2017 01:05 pm --> Severity: Notice --> Undefined variable: rec /home2/carolhhp/public_html/democarol.com/homeservices/application/views/admin/categories/add_categories.php 54
ERROR - 04/10/2017 01:05 pm --> Severity: Notice --> Trying to get property of non-object /home2/carolhhp/public_html/democarol.com/homeservices/application/views/admin/categories/add_categories.php 54
ERROR - 04/10/2017 01:05 pm --> Severity: Notice --> Undefined variable: rec /home2/carolhhp/public_html/democarol.com/homeservices/application/views/admin/categories/add_categories.php 54
ERROR - 04/10/2017 01:05 pm --> Severity: Notice --> Trying to get property of non-object /home2/carolhhp/public_html/democarol.com/homeservices/application/views/admin/categories/add_categories.php 54
ERROR - 04/10/2017 01:05 pm --> Severity: Notice --> Undefined variable: rec /home2/carolhhp/public_html/democarol.com/homeservices/application/views/admin/categories/add_categories.php 54
ERROR - 04/10/2017 01:05 pm --> Severity: Notice --> Trying to get property of non-object /home2/carolhhp/public_html/democarol.com/homeservices/application/views/admin/categories/add_categories.php 54
ERROR - 04/10/2017 01:05 pm --> Severity: Notice --> Undefined variable: rec /home2/carolhhp/public_html/democarol.com/homeservices/application/views/admin/categories/add_categories.php 54
ERROR - 04/10/2017 01:05 pm --> Severity: Notice --> Trying to get property of non-object /home2/carolhhp/public_html/democarol.com/homeservices/application/views/admin/categories/add_categories.php 54
ERROR - 04/10/2017 01:05 pm --> Severity: Notice --> Undefined variable: rec /home2/carolhhp/public_html/democarol.com/homeservices/application/views/admin/categories/add_categories.php 54
ERROR - 04/10/2017 01:05 pm --> Severity: Notice --> Trying to get property of non-object /home2/carolhhp/public_html/democarol.com/homeservices/application/views/admin/categories/add_categories.php 54
ERROR - 04/10/2017 01:05 pm --> Severity: Notice --> Undefined variable: rec /home2/carolhhp/public_html/democarol.com/homeservices/application/views/admin/categories/add_categories.php 54
ERROR - 04/10/2017 01:05 pm --> Severity: Notice --> Trying to get property of non-object /home2/carolhhp/public_html/democarol.com/homeservices/application/views/admin/categories/add_categories.php 54
ERROR - 04/10/2017 01:05 pm --> Severity: Notice --> Undefined variable: rec /home2/carolhhp/public_html/democarol.com/homeservices/application/views/admin/categories/add_categories.php 54
ERROR - 04/10/2017 01:05 pm --> Severity: Notice --> Trying to get property of non-object /home2/carolhhp/public_html/democarol.com/homeservices/application/views/admin/categories/add_categories.php 54
ERROR - 04/10/2017 01:05 pm --> Severity: Notice --> Undefined variable: rec /home2/carolhhp/public_html/democarol.com/homeservices/application/views/admin/categories/add_categories.php 54
ERROR - 04/10/2017 01:05 pm --> Severity: Notice --> Trying to get property of non-object /home2/carolhhp/public_html/democarol.com/homeservices/application/views/admin/categories/add_categories.php 54
ERROR - 04/10/2017 01:05 pm --> Severity: Notice --> Undefined variable: rec /home2/carolhhp/public_html/democarol.com/homeservices/application/views/admin/categories/add_categories.php 54
ERROR - 04/10/2017 01:05 pm --> Severity: Notice --> Trying to get property of non-object /home2/carolhhp/public_html/democarol.com/homeservices/application/views/admin/categories/add_categories.php 54
ERROR - 04/10/2017 01:05 pm --> Severity: Notice --> Undefined variable: rec /home2/carolhhp/public_html/democarol.com/homeservices/application/views/admin/categories/add_categories.php 54
ERROR - 04/10/2017 01:05 pm --> Severity: Notice --> Trying to get property of non-object /home2/carolhhp/public_html/democarol.com/homeservices/application/views/admin/categories/add_categories.php 54
ERROR - 04/10/2017 01:05 pm --> Severity: Notice --> Undefined variable: rec /home2/carolhhp/public_html/democarol.com/homeservices/application/views/admin/categories/add_categories.php 54
ERROR - 04/10/2017 01:05 pm --> Severity: Notice --> Trying to get property of non-object /home2/carolhhp/public_html/democarol.com/homeservices/application/views/admin/categories/add_categories.php 54
ERROR - 04/10/2017 01:05 pm --> Severity: Notice --> Undefined variable: rec /home2/carolhhp/public_html/democarol.com/homeservices/application/views/admin/categories/add_categories.php 54
ERROR - 04/10/2017 01:05 pm --> Severity: Notice --> Trying to get property of non-object /home2/carolhhp/public_html/democarol.com/homeservices/application/views/admin/categories/add_categories.php 54
ERROR - 04/10/2017 01:05 pm --> Severity: Notice --> Undefined variable: rec /home2/carolhhp/public_html/democarol.com/homeservices/application/views/admin/categories/add_categories.php 54
ERROR - 04/10/2017 01:05 pm --> Severity: Notice --> Trying to get property of non-object /home2/carolhhp/public_html/democarol.com/homeservices/application/views/admin/categories/add_categories.php 54
ERROR - 04/10/2017 01:05 pm --> Severity: Notice --> Undefined variable: rec /home2/carolhhp/public_html/democarol.com/homeservices/application/views/admin/categories/add_categories.php 54
ERROR - 04/10/2017 01:05 pm --> Severity: Notice --> Trying to get property of non-object /home2/carolhhp/public_html/democarol.com/homeservices/application/views/admin/categories/add_categories.php 54
ERROR - 04/10/2017 01:05 pm --> Severity: Notice --> Undefined variable: rec /home2/carolhhp/public_html/democarol.com/homeservices/application/views/admin/categories/add_categories.php 54
ERROR - 04/10/2017 01:05 pm --> Severity: Notice --> Trying to get property of non-object /home2/carolhhp/public_html/democarol.com/homeservices/application/views/admin/categories/add_categories.php 54
ERROR - 04/10/2017 01:05 pm --> Severity: Notice --> Undefined variable: rec /home2/carolhhp/public_html/democarol.com/homeservices/application/views/admin/categories/add_categories.php 54
ERROR - 04/10/2017 01:05 pm --> Severity: Notice --> Trying to get property of non-object /home2/carolhhp/public_html/democarol.com/homeservices/application/views/admin/categories/add_categories.php 54
ERROR - 04/10/2017 01:05 pm --> Severity: Notice --> Undefined variable: rec /home2/carolhhp/public_html/democarol.com/homeservices/application/views/admin/categories/add_categories.php 54
ERROR - 04/10/2017 01:05 pm --> Severity: Notice --> Trying to get property of non-object /home2/carolhhp/public_html/democarol.com/homeservices/application/views/admin/categories/add_categories.php 54
ERROR - 04/10/2017 01:05 pm --> Severity: Notice --> Undefined variable: rec /home2/carolhhp/public_html/democarol.com/homeservices/application/views/admin/categories/add_categories.php 54
ERROR - 04/10/2017 01:05 pm --> Severity: Notice --> Trying to get property of non-object /home2/carolhhp/public_html/democarol.com/homeservices/application/views/admin/categories/add_categories.php 54
ERROR - 04/10/2017 01:05 pm --> Severity: Notice --> Undefined variable: rec /home2/carolhhp/public_html/democarol.com/homeservices/application/views/admin/categories/add_categories.php 54
ERROR - 04/10/2017 01:05 pm --> Severity: Notice --> Trying to get property of non-object /home2/carolhhp/public_html/democarol.com/homeservices/application/views/admin/categories/add_categories.php 54
ERROR - 04/10/2017 01:05 pm --> Severity: Notice --> Undefined variable: rec /home2/carolhhp/public_html/democarol.com/homeservices/application/views/admin/categories/add_categories.php 54
ERROR - 04/10/2017 01:05 pm --> Severity: Notice --> Trying to get property of non-object /home2/carolhhp/public_html/democarol.com/homeservices/application/views/admin/categories/add_categories.php 54
ERROR - 04/10/2017 01:05 pm --> Severity: Notice --> Undefined variable: rec /home2/carolhhp/public_html/democarol.com/homeservices/application/views/admin/categories/add_categories.php 54
ERROR - 04/10/2017 01:05 pm --> Severity: Notice --> Trying to get property of non-object /home2/carolhhp/public_html/democarol.com/homeservices/application/views/admin/categories/add_categories.php 54
ERROR - 04/10/2017 01:05 pm --> Severity: Notice --> Undefined variable: rec /home2/carolhhp/public_html/democarol.com/homeservices/application/views/admin/categories/add_categories.php 54
ERROR - 04/10/2017 01:05 pm --> Severity: Notice --> Trying to get property of non-object /home2/carolhhp/public_html/democarol.com/homeservices/application/views/admin/categories/add_categories.php 54
ERROR - 04/10/2017 01:05 pm --> Severity: Notice --> Undefined variable: rec /home2/carolhhp/public_html/democarol.com/homeservices/application/views/admin/categories/add_categories.php 54
ERROR - 04/10/2017 01:05 pm --> Severity: Notice --> Trying to get property of non-object /home2/carolhhp/public_html/democarol.com/homeservices/application/views/admin/categories/add_categories.php 54
ERROR - 04/10/2017 02:35 am --> 404 Page Not Found: Images/photos
ERROR - 04/10/2017 01:35 pm --> Severity: Notice --> Trying to get property of non-object /home2/carolhhp/public_html/democarol.com/homeservices/application/views/front/services/booking_form.php 416
ERROR - 04/10/2017 01:35 pm --> Severity: Notice --> Trying to get property of non-object /home2/carolhhp/public_html/democarol.com/homeservices/application/views/front/services/booking_form.php 417
ERROR - 04/10/2017 01:35 pm --> Severity: Notice --> Trying to get property of non-object /home2/carolhhp/public_html/democarol.com/homeservices/application/views/front/services/booking_form.php 419
ERROR - 04/10/2017 01:35 pm --> Severity: Notice --> Trying to get property of non-object /home2/carolhhp/public_html/democarol.com/homeservices/application/views/front/services/booking_form.php 420
ERROR - 04/10/2017 01:35 pm --> Severity: Notice --> Trying to get property of non-object /home2/carolhhp/public_html/democarol.com/homeservices/application/views/front/services/booking_form.php 420
ERROR - 04/10/2017 01:35 pm --> Severity: Notice --> Trying to get property of non-object /home2/carolhhp/public_html/democarol.com/homeservices/application/views/front/services/booking_form.php 422
ERROR - 04/10/2017 01:35 pm --> Severity: Notice --> Trying to get property of non-object /home2/carolhhp/public_html/democarol.com/homeservices/application/views/front/services/booking_form.php 423
ERROR - 04/10/2017 01:35 pm --> Severity: Notice --> Trying to get property of non-object /home2/carolhhp/public_html/democarol.com/homeservices/application/views/front/services/booking_form.php 423
ERROR - 04/10/2017 01:35 pm --> Severity: Notice --> Trying to get property of non-object /home2/carolhhp/public_html/democarol.com/homeservices/application/views/front/services/booking_form.php 425
ERROR - 04/10/2017 01:35 pm --> Severity: Notice --> Trying to get property of non-object /home2/carolhhp/public_html/democarol.com/homeservices/application/views/front/services/booking_form.php 426
ERROR - 04/10/2017 01:35 pm --> Severity: Notice --> Trying to get property of non-object /home2/carolhhp/public_html/democarol.com/homeservices/application/views/front/services/booking_form.php 426
ERROR - 04/10/2017 03:05 am --> 404 Page Not Found: front/Service/badroom_plan
ERROR - 04/10/2017 03:05 am --> 404 Page Not Found: front/Service/badroom_plan
ERROR - 04/10/2017 03:06 am --> 404 Page Not Found: Assets/front
ERROR - 04/10/2017 03:06 am --> 404 Page Not Found: Assets/front
ERROR - 04/10/2017 03:06 am --> 404 Page Not Found: Assets/front
ERROR - 04/10/2017 03:06 am --> 404 Page Not Found: Assets/front
ERROR - 04/10/2017 03:06 am --> 404 Page Not Found: Assets/front
ERROR - 04/10/2017 04:25 am --> 404 Page Not Found: Assets/js
ERROR - 04/10/2017 04:25 am --> 404 Page Not Found: Images/photos
ERROR - 04/10/2017 04:25 am --> 404 Page Not Found: Assets/js
ERROR - 04/10/2017 04:25 am --> 404 Page Not Found: Images/photos
ERROR - 04/10/2017 03:00 pm --> Severity: Notice --> Trying to get property of non-object /home2/carolhhp/public_html/democarol.com/homeservices/application/views/front/services/booking_form.php 416
ERROR - 04/10/2017 03:00 pm --> Severity: Notice --> Trying to get property of non-object /home2/carolhhp/public_html/democarol.com/homeservices/application/views/front/services/booking_form.php 417
ERROR - 04/10/2017 03:00 pm --> Severity: Notice --> Trying to get property of non-object /home2/carolhhp/public_html/democarol.com/homeservices/application/views/front/services/booking_form.php 419
ERROR - 04/10/2017 03:00 pm --> Severity: Notice --> Trying to get property of non-object /home2/carolhhp/public_html/democarol.com/homeservices/application/views/front/services/booking_form.php 420
ERROR - 04/10/2017 03:00 pm --> Severity: Notice --> Trying to get property of non-object /home2/carolhhp/public_html/democarol.com/homeservices/application/views/front/services/booking_form.php 420
ERROR - 04/10/2017 03:00 pm --> Severity: Notice --> Trying to get property of non-object /home2/carolhhp/public_html/democarol.com/homeservices/application/views/front/services/booking_form.php 422
ERROR - 04/10/2017 03:00 pm --> Severity: Notice --> Trying to get property of non-object /home2/carolhhp/public_html/democarol.com/homeservices/application/views/front/services/booking_form.php 423
ERROR - 04/10/2017 03:00 pm --> Severity: Notice --> Trying to get property of non-object /home2/carolhhp/public_html/democarol.com/homeservices/application/views/front/services/booking_form.php 423
ERROR - 04/10/2017 03:00 pm --> Severity: Notice --> Trying to get property of non-object /home2/carolhhp/public_html/democarol.com/homeservices/application/views/front/services/booking_form.php 425
ERROR - 04/10/2017 03:00 pm --> Severity: Notice --> Trying to get property of non-object /home2/carolhhp/public_html/democarol.com/homeservices/application/views/front/services/booking_form.php 426
ERROR - 04/10/2017 03:00 pm --> Severity: Notice --> Trying to get property of non-object /home2/carolhhp/public_html/democarol.com/homeservices/application/views/front/services/booking_form.php 426
ERROR - 04/10/2017 04:34 am --> 404 Page Not Found: front/Service/badroom_plan
ERROR - 04/10/2017 04:34 am --> 404 Page Not Found: front/Service/badroom_plan
ERROR - 04/10/2017 04:34 am --> 404 Page Not Found: front/Service/badroom_plan
ERROR - 04/10/2017 04:35 am --> 404 Page Not Found: Assets/front
ERROR - 04/10/2017 04:35 am --> 404 Page Not Found: Assets/front
ERROR - 04/10/2017 04:35 am --> 404 Page Not Found: Assets/front
ERROR - 04/10/2017 04:35 am --> 404 Page Not Found: Assets/front
ERROR - 04/10/2017 04:35 am --> 404 Page Not Found: Assets/front
ERROR - 04/10/2017 04:35 am --> 404 Page Not Found: Assets/front
ERROR - 04/10/2017 05:12 am --> 404 Page Not Found: Assets/js
ERROR - 04/10/2017 05:12 am --> 404 Page Not Found: Js/docsupport
ERROR - 04/10/2017 05:12 am --> 404 Page Not Found: Css/auto_select
ERROR - 04/10/2017 05:12 am --> 404 Page Not Found: Js/docsupport
ERROR - 04/10/2017 05:12 am --> 404 Page Not Found: Js/docsupport
ERROR - 04/10/2017 05:12 am --> 404 Page Not Found: Images/photos
ERROR - 04/10/2017 05:12 am --> 404 Page Not Found: Js/docsupport
ERROR - 04/10/2017 04:30 pm --> Query error: Table 'carolhhp_services.ai_1ai_appointment_booking' doesn't exist - Invalid query: UPDATE `ai_1ai_appointment_booking` SET `first_name` = 'anand', `last_name` = 'tiwari', `email` = 'anand@gmail.com', `address` = 'vijaya nagar', `flat` = 'sfsk', `city` = 'Indore', `country` = 'India', `phone_no` = '9977661212'
WHERE `emailid` = 'anand@gmail.com'
AND `cat_id` = 'Light-Fixtures'
ERROR - 04/10/2017 06:45 am --> 404 Page Not Found: Images/photos
ERROR - 04/10/2017 07:26 am --> 404 Page Not Found: Payment/index
ERROR - 04/10/2017 07:32 am --> 404 Page Not Found: front/Service/badroom_plan
ERROR - 04/10/2017 07:32 am --> 404 Page Not Found: front/Service/badroom_plan
ERROR - 04/10/2017 07:32 am --> 404 Page Not Found: Assets/front
ERROR - 04/10/2017 07:32 am --> 404 Page Not Found: Assets/front
ERROR - 04/10/2017 07:32 am --> 404 Page Not Found: Assets/front
ERROR - 04/10/2017 07:32 am --> 404 Page Not Found: Assets/front
ERROR - 04/10/2017 07:32 am --> 404 Page Not Found: Assets/front
ERROR - 04/10/2017 07:32 am --> 404 Page Not Found: Assets/front
ERROR - 04/10/2017 07:38 pm --> Severity: Notice --> Undefined variable: child_catname /home2/carolhhp/public_html/democarol.com/homeservices/application/views/front/home.php 89
ERROR - 04/10/2017 07:38 pm --> Severity: Notice --> Trying to get property of non-object /home2/carolhhp/public_html/democarol.com/homeservices/application/views/front/home.php 89
ERROR - 04/10/2017 07:38 pm --> Severity: Notice --> Undefined variable: child_catname /home2/carolhhp/public_html/democarol.com/homeservices/application/views/front/home.php 90
ERROR - 04/10/2017 07:38 pm --> Severity: Notice --> Trying to get property of non-object /home2/carolhhp/public_html/democarol.com/homeservices/application/views/front/home.php 90
ERROR - 04/10/2017 07:38 pm --> Severity: Notice --> Undefined variable: child_catname /home2/carolhhp/public_html/democarol.com/homeservices/application/views/front/home.php 91
ERROR - 04/10/2017 07:38 pm --> Severity: Notice --> Trying to get property of non-object /home2/carolhhp/public_html/democarol.com/homeservices/application/views/front/home.php 91
ERROR - 04/10/2017 07:38 pm --> Severity: Notice --> Undefined variable: child_catname /home2/carolhhp/public_html/democarol.com/homeservices/application/views/front/home.php 92
ERROR - 04/10/2017 07:38 pm --> Severity: Notice --> Trying to get property of non-object /home2/carolhhp/public_html/democarol.com/homeservices/application/views/front/home.php 92
ERROR - 04/10/2017 07:38 pm --> Severity: Notice --> Undefined variable: child_catname /home2/carolhhp/public_html/democarol.com/homeservices/application/views/front/home.php 93
ERROR - 04/10/2017 07:38 pm --> Severity: Notice --> Trying to get property of non-object /home2/carolhhp/public_html/democarol.com/homeservices/application/views/front/home.php 93
ERROR - 04/10/2017 07:38 pm --> Severity: Notice --> Use of undefined constant php - assumed 'php' /home2/carolhhp/public_html/democarol.com/homeservices/application/views/front/home.php 100
