ERROR - 08/02/2017 01:57 pm --> Severity: Notice --> Undefined variable: child_catname /home2/carolhhp/public_html/democarol.com/homeservices/application/views/front/home.php 89
ERROR - 08/02/2017 01:57 pm --> Severity: Notice --> Trying to get property of non-object /home2/carolhhp/public_html/democarol.com/homeservices/application/views/front/home.php 89
ERROR - 08/02/2017 01:57 pm --> Severity: Notice --> Undefined variable: child_catname /home2/carolhhp/public_html/democarol.com/homeservices/application/views/front/home.php 90
ERROR - 08/02/2017 01:57 pm --> Severity: Notice --> Trying to get property of non-object /home2/carolhhp/public_html/democarol.com/homeservices/application/views/front/home.php 90
ERROR - 08/02/2017 01:57 pm --> Severity: Notice --> Undefined variable: child_catname /home2/carolhhp/public_html/democarol.com/homeservices/application/views/front/home.php 91
ERROR - 08/02/2017 01:57 pm --> Severity: Notice --> Trying to get property of non-object /home2/carolhhp/public_html/democarol.com/homeservices/application/views/front/home.php 91
ERROR - 08/02/2017 01:57 pm --> Severity: Notice --> Undefined variable: child_catname /home2/carolhhp/public_html/democarol.com/homeservices/application/views/front/home.php 92
ERROR - 08/02/2017 01:57 pm --> Severity: Notice --> Trying to get property of non-object /home2/carolhhp/public_html/democarol.com/homeservices/application/views/front/home.php 92
ERROR - 08/02/2017 01:57 pm --> Severity: Notice --> Undefined variable: child_catname /home2/carolhhp/public_html/democarol.com/homeservices/application/views/front/home.php 93
ERROR - 08/02/2017 01:57 pm --> Severity: Notice --> Trying to get property of non-object /home2/carolhhp/public_html/democarol.com/homeservices/application/views/front/home.php 93
ERROR - 08/02/2017 01:57 pm --> Severity: Notice --> Use of undefined constant php - assumed 'php' /home2/carolhhp/public_html/democarol.com/homeservices/application/views/front/home.php 100
ERROR - 08/02/2017 03:27 am --> 404 Page Not Found: front/Service/badroom_plan
ERROR - 08/02/2017 03:27 am --> 404 Page Not Found: Assets/front
ERROR - 08/02/2017 03:27 am --> 404 Page Not Found: front/Service/badroom_plan
ERROR - 08/02/2017 03:28 am --> 404 Page Not Found: front/Service/badroom_plan
ERROR - 08/02/2017 03:28 am --> 404 Page Not Found: front/Service/badroom_plan
ERROR - 08/02/2017 03:28 am --> 404 Page Not Found: front/Service/badroom_plan
ERROR - 08/02/2017 03:28 am --> 404 Page Not Found: Assets/front
ERROR - 08/02/2017 03:28 am --> 404 Page Not Found: Assets/front
ERROR - 08/02/2017 03:28 am --> 404 Page Not Found: Assets/front
ERROR - 08/02/2017 03:28 am --> 404 Page Not Found: Assets/front
ERROR - 08/02/2017 03:28 am --> 404 Page Not Found: Assets/front
ERROR - 08/02/2017 03:30 am --> 404 Page Not Found: Assets/js
ERROR - 08/02/2017 03:30 am --> 404 Page Not Found: Assets/js
ERROR - 08/02/2017 03:30 am --> 404 Page Not Found: Images/photos
ERROR - 08/02/2017 03:31 am --> 404 Page Not Found: Assets/js
ERROR - 08/02/2017 03:31 am --> 404 Page Not Found: Images/photos
ERROR - 08/02/2017 03:31 am --> 404 Page Not Found: Js/advanced-datatable
ERROR - 08/02/2017 03:31 am --> 404 Page Not Found: Js/advanced-datatable
ERROR - 08/02/2017 03:31 am --> 404 Page Not Found: Js/advanced-datatable
ERROR - 08/02/2017 03:31 am --> 404 Page Not Found: Js/dynamic_table_init.js
ERROR - 08/02/2017 03:31 am --> 404 Page Not Found: Js/jquery.dataTables.min.js
ERROR - 08/02/2017 03:31 am --> 404 Page Not Found: Assets/js
ERROR - 08/02/2017 03:31 am --> 404 Page Not Found: Images/photos
ERROR - 08/02/2017 03:32 am --> 404 Page Not Found: Assets/front
ERROR - 08/02/2017 03:33 am --> 404 Page Not Found: front/Service/badroom_plan
ERROR - 08/02/2017 03:33 am --> 404 Page Not Found: front/Service/badroom_plan
ERROR - 08/02/2017 03:33 am --> 404 Page Not Found: Assets/front
ERROR - 08/02/2017 03:33 am --> 404 Page Not Found: Assets/front
ERROR - 08/02/2017 03:33 am --> 404 Page Not Found: Assets/front
ERROR - 08/02/2017 03:33 am --> 404 Page Not Found: Assets/front
ERROR - 08/02/2017 03:33 am --> 404 Page Not Found: Assets/front
ERROR - 08/02/2017 03:34 am --> 404 Page Not Found: Js/advanced-datatable
ERROR - 08/02/2017 03:34 am --> 404 Page Not Found: Js/advanced-datatable
ERROR - 08/02/2017 03:34 am --> 404 Page Not Found: Js/dynamic_table_init.js
ERROR - 08/02/2017 03:34 am --> 404 Page Not Found: Assets/js
ERROR - 08/02/2017 03:34 am --> 404 Page Not Found: Images/photos
ERROR - 08/02/2017 03:35 am --> 404 Page Not Found: Assets/js
ERROR - 08/02/2017 03:35 am --> 404 Page Not Found: Images/photos
ERROR - 08/02/2017 03:35 am --> 404 Page Not Found: Js/advanced-datatable
ERROR - 08/02/2017 03:35 am --> 404 Page Not Found: Js/advanced-datatable
ERROR - 08/02/2017 03:35 am --> 404 Page Not Found: Js/advanced-datatable
ERROR - 08/02/2017 03:35 am --> 404 Page Not Found: Js/dynamic_table_init.js
ERROR - 08/02/2017 03:35 am --> 404 Page Not Found: Js/jquery.dataTables.min.js
ERROR - 08/02/2017 02:06 pm --> Severity: Notice --> Undefined variable: child_catname /home2/carolhhp/public_html/democarol.com/homeservices/application/views/front/home.php 89
ERROR - 08/02/2017 02:06 pm --> Severity: Notice --> Trying to get property of non-object /home2/carolhhp/public_html/democarol.com/homeservices/application/views/front/home.php 89
ERROR - 08/02/2017 02:06 pm --> Severity: Notice --> Undefined variable: child_catname /home2/carolhhp/public_html/democarol.com/homeservices/application/views/front/home.php 90
ERROR - 08/02/2017 02:06 pm --> Severity: Notice --> Trying to get property of non-object /home2/carolhhp/public_html/democarol.com/homeservices/application/views/front/home.php 90
ERROR - 08/02/2017 02:06 pm --> Severity: Notice --> Undefined variable: child_catname /home2/carolhhp/public_html/democarol.com/homeservices/application/views/front/home.php 91
ERROR - 08/02/2017 02:06 pm --> Severity: Notice --> Trying to get property of non-object /home2/carolhhp/public_html/democarol.com/homeservices/application/views/front/home.php 91
ERROR - 08/02/2017 02:06 pm --> Severity: Notice --> Undefined variable: child_catname /home2/carolhhp/public_html/democarol.com/homeservices/application/views/front/home.php 92
ERROR - 08/02/2017 02:06 pm --> Severity: Notice --> Trying to get property of non-object /home2/carolhhp/public_html/democarol.com/homeservices/application/views/front/home.php 92
ERROR - 08/02/2017 02:06 pm --> Severity: Notice --> Undefined variable: child_catname /home2/carolhhp/public_html/democarol.com/homeservices/application/views/front/home.php 93
ERROR - 08/02/2017 02:06 pm --> Severity: Notice --> Trying to get property of non-object /home2/carolhhp/public_html/democarol.com/homeservices/application/views/front/home.php 93
ERROR - 08/02/2017 02:06 pm --> Severity: Notice --> Use of undefined constant php - assumed 'php' /home2/carolhhp/public_html/democarol.com/homeservices/application/views/front/home.php 100
ERROR - 08/02/2017 03:36 am --> 404 Page Not Found: front/Service/badroom_plan
ERROR - 08/02/2017 03:36 am --> 404 Page Not Found: front/Service/badroom_plan
ERROR - 08/02/2017 03:37 am --> 404 Page Not Found: Assets/js
ERROR - 08/02/2017 03:37 am --> 404 Page Not Found: Assets/js
ERROR - 08/02/2017 03:37 am --> 404 Page Not Found: Assets/js
ERROR - 08/02/2017 03:37 am --> 404 Page Not Found: Images/photos
ERROR - 08/02/2017 03:39 am --> 404 Page Not Found: Assets/js
ERROR - 08/02/2017 03:39 am --> 404 Page Not Found: Images/photos
ERROR - 08/02/2017 03:39 am --> 404 Page Not Found: Js/advanced-datatable
ERROR - 08/02/2017 03:39 am --> 404 Page Not Found: Js/advanced-datatable
ERROR - 08/02/2017 03:39 am --> 404 Page Not Found: Js/dynamic_table_init.js
ERROR - 08/02/2017 03:39 am --> 404 Page Not Found: Js/advanced-datatable
ERROR - 08/02/2017 03:39 am --> 404 Page Not Found: Js/jquery.dataTables.min.js
ERROR - 08/02/2017 03:39 am --> 404 Page Not Found: Assets/js
ERROR - 08/02/2017 03:39 am --> 404 Page Not Found: Images/photos
ERROR - 08/02/2017 03:41 am --> 404 Page Not Found: Assets/js
ERROR - 08/02/2017 03:41 am --> 404 Page Not Found: Assets/js
ERROR - 08/02/2017 03:41 am --> 404 Page Not Found: Assets/js
ERROR - 08/02/2017 03:41 am --> 404 Page Not Found: Images/photos
ERROR - 08/02/2017 03:41 am --> 404 Page Not Found: Assets/js
ERROR - 08/02/2017 03:41 am --> 404 Page Not Found: Images/photos
ERROR - 08/02/2017 03:42 am --> 404 Page Not Found: Assets/js
ERROR - 08/02/2017 03:42 am --> 404 Page Not Found: Images/photos
ERROR - 08/02/2017 03:42 am --> 404 Page Not Found: Js/advanced-datatable
ERROR - 08/02/2017 03:42 am --> 404 Page Not Found: Js/advanced-datatable
ERROR - 08/02/2017 03:42 am --> 404 Page Not Found: Js/dynamic_table_init.js
ERROR - 08/02/2017 03:42 am --> 404 Page Not Found: Js/advanced-datatable
ERROR - 08/02/2017 03:42 am --> 404 Page Not Found: Js/jquery.dataTables.min.js
ERROR - 08/02/2017 03:42 am --> 404 Page Not Found: Js/dynamic_table_init.js
ERROR - 08/02/2017 03:42 am --> 404 Page Not Found: Js/jquery.dataTables.min.js
ERROR - 08/02/2017 03:42 am --> 404 Page Not Found: Assets/js
ERROR - 08/02/2017 03:42 am --> 404 Page Not Found: Images/photos
ERROR - 08/02/2017 03:43 am --> 404 Page Not Found: Assets/js
ERROR - 08/02/2017 03:44 am --> 404 Page Not Found: Assets/js
ERROR - 08/02/2017 03:44 am --> 404 Page Not Found: Assets/js
ERROR - 08/02/2017 03:44 am --> 404 Page Not Found: Images/photos
ERROR - 08/02/2017 03:44 am --> 404 Page Not Found: Assets/js
ERROR - 08/02/2017 03:44 am --> 404 Page Not Found: Images/photos
ERROR - 08/02/2017 03:44 am --> 404 Page Not Found: Assets/js
ERROR - 08/02/2017 03:44 am --> 404 Page Not Found: Images/photos
ERROR - 08/02/2017 03:44 am --> 404 Page Not Found: Js/advanced-datatable
ERROR - 08/02/2017 03:44 am --> 404 Page Not Found: Js/advanced-datatable
ERROR - 08/02/2017 03:44 am --> 404 Page Not Found: Js/advanced-datatable
ERROR - 08/02/2017 03:44 am --> 404 Page Not Found: Js/dynamic_table_init.js
ERROR - 08/02/2017 03:44 am --> 404 Page Not Found: Js/jquery.dataTables.min.js
ERROR - 08/02/2017 03:44 am --> 404 Page Not Found: Assets/js
ERROR - 08/02/2017 03:44 am --> 404 Page Not Found: Images/photos
ERROR - 08/02/2017 03:52 am --> 404 Page Not Found: front/Service/badroom_plan
ERROR - 08/02/2017 03:52 am --> 404 Page Not Found: front/Service/badroom_plan
ERROR - 08/02/2017 03:52 am --> 404 Page Not Found: front/Service/badroom_plan
ERROR - 08/02/2017 03:52 am --> 404 Page Not Found: front/Service/badroom_plan
ERROR - 08/02/2017 03:52 am --> 404 Page Not Found: front/Service/badroom_plan
ERROR - 08/02/2017 03:52 am --> 404 Page Not Found: front/Service/badroom_plan
ERROR - 08/02/2017 03:53 am --> 404 Page Not Found: front/Service/badroom_plan
ERROR - 08/02/2017 03:53 am --> 404 Page Not Found: front/Service/badroom_plan
ERROR - 08/02/2017 03:53 am --> 404 Page Not Found: front/Service/badroom_plan
ERROR - 08/02/2017 03:05 pm --> Severity: Notice --> Undefined variable: child_catname /home2/carolhhp/public_html/democarol.com/homeservices/application/views/front/home.php 89
ERROR - 08/02/2017 03:05 pm --> Severity: Notice --> Trying to get property of non-object /home2/carolhhp/public_html/democarol.com/homeservices/application/views/front/home.php 89
ERROR - 08/02/2017 03:05 pm --> Severity: Notice --> Undefined variable: child_catname /home2/carolhhp/public_html/democarol.com/homeservices/application/views/front/home.php 90
ERROR - 08/02/2017 03:05 pm --> Severity: Notice --> Trying to get property of non-object /home2/carolhhp/public_html/democarol.com/homeservices/application/views/front/home.php 90
ERROR - 08/02/2017 03:05 pm --> Severity: Notice --> Undefined variable: child_catname /home2/carolhhp/public_html/democarol.com/homeservices/application/views/front/home.php 91
ERROR - 08/02/2017 03:05 pm --> Severity: Notice --> Trying to get property of non-object /home2/carolhhp/public_html/democarol.com/homeservices/application/views/front/home.php 91
ERROR - 08/02/2017 03:05 pm --> Severity: Notice --> Undefined variable: child_catname /home2/carolhhp/public_html/democarol.com/homeservices/application/views/front/home.php 92
ERROR - 08/02/2017 03:05 pm --> Severity: Notice --> Trying to get property of non-object /home2/carolhhp/public_html/democarol.com/homeservices/application/views/front/home.php 92
ERROR - 08/02/2017 03:05 pm --> Severity: Notice --> Undefined variable: child_catname /home2/carolhhp/public_html/democarol.com/homeservices/application/views/front/home.php 93
ERROR - 08/02/2017 03:05 pm --> Severity: Notice --> Trying to get property of non-object /home2/carolhhp/public_html/democarol.com/homeservices/application/views/front/home.php 93
ERROR - 08/02/2017 03:05 pm --> Severity: Notice --> Use of undefined constant php - assumed 'php' /home2/carolhhp/public_html/democarol.com/homeservices/application/views/front/home.php 100
ERROR - 08/02/2017 04:36 am --> 404 Page Not Found: Assets/js
ERROR - 08/02/2017 04:36 am --> 404 Page Not Found: Assets/js
ERROR - 08/02/2017 04:36 am --> 404 Page Not Found: Images/photos
ERROR - 08/02/2017 04:37 am --> 404 Page Not Found: front/Service/badroom_plan
ERROR - 08/02/2017 04:37 am --> 404 Page Not Found: front/Service/badroom_plan
ERROR - 08/02/2017 04:37 am --> 404 Page Not Found: Assets/front
ERROR - 08/02/2017 04:37 am --> 404 Page Not Found: front/Service/badroom_plan
ERROR - 08/02/2017 04:37 am --> 404 Page Not Found: front/Service/badroom_plan
ERROR - 08/02/2017 04:37 am --> 404 Page Not Found: Assets/front
ERROR - 08/02/2017 04:37 am --> 404 Page Not Found: Assets/front
ERROR - 08/02/2017 04:37 am --> 404 Page Not Found: Assets/front
ERROR - 08/02/2017 04:37 am --> 404 Page Not Found: Assets/front
ERROR - 08/02/2017 04:37 am --> 404 Page Not Found: Assets/front
ERROR - 08/02/2017 03:08 pm --> Severity: Notice --> Trying to get property of non-object /home2/carolhhp/public_html/democarol.com/homeservices/application/views/front/services/booking_form.php 91
ERROR - 08/02/2017 03:08 pm --> Severity: Notice --> Trying to get property of non-object /home2/carolhhp/public_html/democarol.com/homeservices/application/views/front/services/booking_form.php 91
ERROR - 08/02/2017 03:08 pm --> Severity: Notice --> Trying to get property of non-object /home2/carolhhp/public_html/democarol.com/homeservices/application/views/front/services/booking_form.php 92
ERROR - 08/02/2017 03:08 pm --> Severity: Notice --> Trying to get property of non-object /home2/carolhhp/public_html/democarol.com/homeservices/application/views/front/services/booking_form.php 92
ERROR - 08/02/2017 03:08 pm --> Severity: Notice --> Trying to get property of non-object /home2/carolhhp/public_html/democarol.com/homeservices/application/views/front/services/booking_form.php 93
ERROR - 08/02/2017 03:08 pm --> Severity: Notice --> Trying to get property of non-object /home2/carolhhp/public_html/democarol.com/homeservices/application/views/front/services/booking_form.php 93
ERROR - 08/02/2017 03:08 pm --> Severity: Notice --> Trying to get property of non-object /home2/carolhhp/public_html/democarol.com/homeservices/application/views/front/services/booking_form.php 94
ERROR - 08/02/2017 03:08 pm --> Severity: Notice --> Trying to get property of non-object /home2/carolhhp/public_html/democarol.com/homeservices/application/views/front/services/booking_form.php 682
ERROR - 08/02/2017 03:08 pm --> Severity: Notice --> Trying to get property of non-object /home2/carolhhp/public_html/democarol.com/homeservices/application/views/front/services/booking_form.php 683
ERROR - 08/02/2017 03:08 pm --> Severity: Notice --> Trying to get property of non-object /home2/carolhhp/public_html/democarol.com/homeservices/application/views/front/services/booking_form.php 683
ERROR - 08/02/2017 03:08 pm --> Severity: Notice --> Trying to get property of non-object /home2/carolhhp/public_html/democarol.com/homeservices/application/views/front/services/booking_form.php 685
ERROR - 08/02/2017 03:08 pm --> Severity: Notice --> Trying to get property of non-object /home2/carolhhp/public_html/democarol.com/homeservices/application/views/front/services/booking_form.php 686
ERROR - 08/02/2017 03:08 pm --> Severity: Notice --> Trying to get property of non-object /home2/carolhhp/public_html/democarol.com/homeservices/application/views/front/services/booking_form.php 686
ERROR - 08/02/2017 03:08 pm --> Severity: Notice --> Trying to get property of non-object /home2/carolhhp/public_html/democarol.com/homeservices/application/views/front/services/booking_form.php 688
ERROR - 08/02/2017 03:08 pm --> Severity: Notice --> Trying to get property of non-object /home2/carolhhp/public_html/democarol.com/homeservices/application/views/front/services/booking_form.php 689
ERROR - 08/02/2017 03:08 pm --> Severity: Notice --> Trying to get property of non-object /home2/carolhhp/public_html/democarol.com/homeservices/application/views/front/services/booking_form.php 689
ERROR - 08/02/2017 04:43 am --> 404 Page Not Found: Assets/js
ERROR - 08/02/2017 04:43 am --> 404 Page Not Found: Images/photos
ERROR - 08/02/2017 04:43 am --> 404 Page Not Found: Js/advanced-datatable
ERROR - 08/02/2017 04:43 am --> 404 Page Not Found: Js/advanced-datatable
ERROR - 08/02/2017 04:43 am --> 404 Page Not Found: Js/advanced-datatable
ERROR - 08/02/2017 04:43 am --> 404 Page Not Found: Js/dynamic_table_init.js
ERROR - 08/02/2017 04:43 am --> 404 Page Not Found: Js/jquery.dataTables.min.js
ERROR - 08/02/2017 04:43 am --> 404 Page Not Found: Assets/js
ERROR - 08/02/2017 04:43 am --> 404 Page Not Found: Images/photos
ERROR - 08/02/2017 04:53 am --> 404 Page Not Found: Assets/js
ERROR - 08/02/2017 04:53 am --> 404 Page Not Found: Assets/js
ERROR - 08/02/2017 04:53 am --> 404 Page Not Found: Assets/js
ERROR - 08/02/2017 04:53 am --> 404 Page Not Found: Assets/js
ERROR - 08/02/2017 04:53 am --> 404 Page Not Found: Images/photos
ERROR - 08/02/2017 04:53 am --> 404 Page Not Found: Images/loading_spinner.gif
ERROR - 08/02/2017 04:53 am --> 404 Page Not Found: Assets/js
ERROR - 08/02/2017 04:53 am --> 404 Page Not Found: Assets/js
ERROR - 08/02/2017 04:53 am --> 404 Page Not Found: Assets/js
ERROR - 08/02/2017 04:53 am --> 404 Page Not Found: Images/photos
ERROR - 08/02/2017 04:53 am --> 404 Page Not Found: Assets/js
ERROR - 08/02/2017 04:53 am --> 404 Page Not Found: Images/loading_spinner.gif
ERROR - 08/02/2017 04:53 am --> 404 Page Not Found: Assets/js
ERROR - 08/02/2017 04:53 am --> 404 Page Not Found: Images/photos
ERROR - 08/02/2017 04:54 am --> 404 Page Not Found: Assets/js
ERROR - 08/02/2017 04:54 am --> 404 Page Not Found: Images/photos
ERROR - 08/02/2017 04:54 am --> 404 Page Not Found: Js/advanced-datatable
ERROR - 08/02/2017 04:54 am --> 404 Page Not Found: Js/advanced-datatable
ERROR - 08/02/2017 04:54 am --> 404 Page Not Found: Js/advanced-datatable
ERROR - 08/02/2017 04:54 am --> 404 Page Not Found: Js/dynamic_table_init.js
ERROR - 08/02/2017 04:54 am --> 404 Page Not Found: Js/jquery.dataTables.min.js
ERROR - 08/02/2017 04:54 am --> 404 Page Not Found: Assets/js
ERROR - 08/02/2017 04:54 am --> 404 Page Not Found: Images/photos
ERROR - 08/02/2017 04:54 am --> 404 Page Not Found: Assets/js
ERROR - 08/02/2017 04:54 am --> 404 Page Not Found: Assets/js
ERROR - 08/02/2017 04:54 am --> 404 Page Not Found: Assets/js
ERROR - 08/02/2017 04:54 am --> 404 Page Not Found: Images/photos
ERROR - 08/02/2017 04:54 am --> 404 Page Not Found: Assets/js
ERROR - 08/02/2017 04:54 am --> 404 Page Not Found: Assets/js
ERROR - 08/02/2017 04:54 am --> 404 Page Not Found: Assets/js
ERROR - 08/02/2017 04:54 am --> 404 Page Not Found: Assets/js
ERROR - 08/02/2017 04:54 am --> 404 Page Not Found: Assets/js
ERROR - 08/02/2017 04:54 am --> 404 Page Not Found: Images/photos
ERROR - 08/02/2017 04:54 am --> 404 Page Not Found: Assets/js
ERROR - 08/02/2017 04:54 am --> 404 Page Not Found: Assets/js
ERROR - 08/02/2017 04:54 am --> 404 Page Not Found: Assets/js
ERROR - 08/02/2017 04:54 am --> 404 Page Not Found: Assets/js
ERROR - 08/02/2017 04:54 am --> 404 Page Not Found: Assets/js
ERROR - 08/02/2017 04:54 am --> 404 Page Not Found: Assets/js
ERROR - 08/02/2017 04:54 am --> 404 Page Not Found: Images/photos
ERROR - 08/02/2017 04:54 am --> 404 Page Not Found: Assets/js
ERROR - 08/02/2017 04:54 am --> 404 Page Not Found: Assets/js
ERROR - 08/02/2017 04:54 am --> 404 Page Not Found: Assets/js
ERROR - 08/02/2017 04:54 am --> 404 Page Not Found: Assets/js
ERROR - 08/02/2017 04:54 am --> 404 Page Not Found: Images/photos
ERROR - 08/02/2017 04:54 am --> 404 Page Not Found: Assets/js
ERROR - 08/02/2017 04:54 am --> 404 Page Not Found: Images/photos
ERROR - 08/02/2017 04:54 am --> 404 Page Not Found: Assets/js
ERROR - 08/02/2017 04:54 am --> 404 Page Not Found: Assets/js
ERROR - 08/02/2017 04:54 am --> 404 Page Not Found: Assets/js
ERROR - 08/02/2017 04:54 am --> 404 Page Not Found: Assets/js
ERROR - 08/02/2017 04:54 am --> 404 Page Not Found: Images/photos
ERROR - 08/02/2017 04:55 am --> 404 Page Not Found: Assets/js
ERROR - 08/02/2017 04:55 am --> 404 Page Not Found: Assets/js
ERROR - 08/02/2017 04:55 am --> 404 Page Not Found: Assets/js
ERROR - 08/02/2017 04:55 am --> 404 Page Not Found: Images/photos
ERROR - 08/02/2017 04:55 am --> 404 Page Not Found: Assets/js
ERROR - 08/02/2017 04:55 am --> 404 Page Not Found: Assets/js
ERROR - 08/02/2017 04:55 am --> 404 Page Not Found: Assets/js
ERROR - 08/02/2017 03:25 pm --> Query error: Duplicate entry '6774970ad03519c3f69f4a57808c9d8fb7b79ab4' for key 'PRIMARY' - Invalid query: INSERT INTO `ai_sessions` (`id`, `ip_address`, `timestamp`, `data`) VALUES ('6774970ad03519c3f69f4a57808c9d8fb7b79ab4', '162.243.69.215', 1501667715, '__ci_last_regenerate|i:1501667714;')
ERROR - 08/02/2017 03:25 pm --> Severity: Warning --> Cannot modify header information - headers already sent by (output started at /home2/carolhhp/public_html/democarol.com/homeservices/system/core/Output.php:528) /home2/carolhhp/public_html/democarol.com/homeservices/system/core/Common.php 573
ERROR - 08/02/2017 04:55 am --> 404 Page Not Found: Images/photos
ERROR - 08/02/2017 04:55 am --> 404 Page Not Found: Assets/js
ERROR - 08/02/2017 04:55 am --> 404 Page Not Found: Images/photos
ERROR - 08/02/2017 04:55 am --> 404 Page Not Found: Images/loading_spinner.gif
ERROR - 08/02/2017 04:55 am --> 404 Page Not Found: Assets/js
ERROR - 08/02/2017 04:55 am --> 404 Page Not Found: Assets/js
ERROR - 08/02/2017 04:55 am --> 404 Page Not Found: Assets/js
ERROR - 08/02/2017 04:55 am --> 404 Page Not Found: Assets/js
ERROR - 08/02/2017 04:55 am --> 404 Page Not Found: Assets/js
ERROR - 08/02/2017 04:55 am --> 404 Page Not Found: Assets/js
ERROR - 08/02/2017 04:55 am --> 404 Page Not Found: Images/photos
ERROR - 08/02/2017 04:55 am --> 404 Page Not Found: Assets/js
ERROR - 08/02/2017 04:55 am --> 404 Page Not Found: Assets/js
ERROR - 08/02/2017 04:55 am --> 404 Page Not Found: Assets/js
ERROR - 08/02/2017 04:55 am --> 404 Page Not Found: Images/photos
ERROR - 08/02/2017 04:56 am --> 404 Page Not Found: Assets/js
ERROR - 08/02/2017 04:56 am --> 404 Page Not Found: Assets/js
ERROR - 08/02/2017 04:56 am --> 404 Page Not Found: Assets/js
ERROR - 08/02/2017 04:56 am --> 404 Page Not Found: Images/photos
ERROR - 08/02/2017 07:05 am --> 404 Page Not Found: front/Service/badroom_plan
ERROR - 08/02/2017 07:05 am --> 404 Page Not Found: front/Service/badroom_plan
ERROR - 08/02/2017 07:05 am --> 404 Page Not Found: Assets/front
ERROR - 08/02/2017 07:06 am --> 404 Page Not Found: Assets/front
ERROR - 08/02/2017 07:06 am --> 404 Page Not Found: Assets/front
ERROR - 08/02/2017 07:06 am --> 404 Page Not Found: Assets/front
ERROR - 08/02/2017 07:06 am --> 404 Page Not Found: Assets/front
ERROR - 08/02/2017 07:06 am --> 404 Page Not Found: Assets/front
ERROR - 08/02/2017 07:06 am --> 404 Page Not Found: Assets/front
ERROR - 08/02/2017 05:57 pm --> Severity: Notice --> Undefined variable: child_catname /home2/carolhhp/public_html/democarol.com/homeservices/application/views/front/home.php 89
ERROR - 08/02/2017 05:57 pm --> Severity: Notice --> Trying to get property of non-object /home2/carolhhp/public_html/democarol.com/homeservices/application/views/front/home.php 89
ERROR - 08/02/2017 05:57 pm --> Severity: Notice --> Undefined variable: child_catname /home2/carolhhp/public_html/democarol.com/homeservices/application/views/front/home.php 90
ERROR - 08/02/2017 05:57 pm --> Severity: Notice --> Trying to get property of non-object /home2/carolhhp/public_html/democarol.com/homeservices/application/views/front/home.php 90
ERROR - 08/02/2017 05:57 pm --> Severity: Notice --> Undefined variable: child_catname /home2/carolhhp/public_html/democarol.com/homeservices/application/views/front/home.php 91
ERROR - 08/02/2017 05:57 pm --> Severity: Notice --> Trying to get property of non-object /home2/carolhhp/public_html/democarol.com/homeservices/application/views/front/home.php 91
ERROR - 08/02/2017 05:57 pm --> Severity: Notice --> Undefined variable: child_catname /home2/carolhhp/public_html/democarol.com/homeservices/application/views/front/home.php 92
ERROR - 08/02/2017 05:57 pm --> Severity: Notice --> Trying to get property of non-object /home2/carolhhp/public_html/democarol.com/homeservices/application/views/front/home.php 92
ERROR - 08/02/2017 05:57 pm --> Severity: Notice --> Undefined variable: child_catname /home2/carolhhp/public_html/democarol.com/homeservices/application/views/front/home.php 93
ERROR - 08/02/2017 05:57 pm --> Severity: Notice --> Trying to get property of non-object /home2/carolhhp/public_html/democarol.com/homeservices/application/views/front/home.php 93
ERROR - 08/02/2017 05:57 pm --> Severity: Notice --> Use of undefined constant php - assumed 'php' /home2/carolhhp/public_html/democarol.com/homeservices/application/views/front/home.php 100
ERROR - 08/02/2017 08:17 am --> 404 Page Not Found: Assets/front
