ERROR - 11/09/2017 12:58 am --> Query error: Duplicate entry '07f61c8fd96463fac985d9a0adcfa0a9b8ca0be5' for key 'PRIMARY' - Invalid query: INSERT INTO `ai_sessions` (`id`, `ip_address`, `timestamp`, `data`) VALUES ('07f61c8fd96463fac985d9a0adcfa0a9b8ca0be5', '180.76.15.21', 1510169316, '__ci_last_regenerate|i:1510169316;fb_1798431413741569_state|s:32:\"98b9ca4be944bfe7a213835095adcb4e\";')
ERROR - 11/09/2017 12:58 am --> Severity: Warning --> Unknown: Failed to write session data (user). Please verify that the current setting of session.save_path is correct (sessions) Unknown 0
ERROR - 11/09/2017 01:17 am --> 404 Page Not Found: Assets/js
ERROR - 11/09/2017 01:17 am --> 404 Page Not Found: Images/photos
ERROR - 11/09/2017 01:17 am --> 404 Page Not Found: Assets/js
ERROR - 11/09/2017 01:17 am --> 404 Page Not Found: Images/photos
ERROR - 11/09/2017 01:18 am --> 404 Page Not Found: Assets/js
ERROR - 11/09/2017 01:18 am --> 404 Page Not Found: Assets/js
ERROR - 11/09/2017 01:18 am --> 404 Page Not Found: Assets/js
ERROR - 11/09/2017 01:18 am --> 404 Page Not Found: Assets/js
ERROR - 11/09/2017 01:18 am --> 404 Page Not Found: Css/auto_select
ERROR - 11/09/2017 01:18 am --> 404 Page Not Found: Js/docsupport
ERROR - 11/09/2017 01:18 am --> 404 Page Not Found: Js/docsupport
ERROR - 11/09/2017 01:18 am --> 404 Page Not Found: Js/docsupport
ERROR - 11/09/2017 01:18 am --> 404 Page Not Found: Images/photos
ERROR - 11/09/2017 01:18 am --> 404 Page Not Found: Assets/js
ERROR - 11/09/2017 01:18 am --> 404 Page Not Found: Images/photos
ERROR - 11/09/2017 01:18 am --> 404 Page Not Found: Assets/js
ERROR - 11/09/2017 01:18 am --> 404 Page Not Found: Assets/js
ERROR - 11/09/2017 01:18 am --> 404 Page Not Found: Assets/js
ERROR - 11/09/2017 01:22 am --> 404 Page Not Found: Assets/js
ERROR - 11/09/2017 01:22 am --> 404 Page Not Found: Js/docsupport
ERROR - 11/09/2017 01:22 am --> 404 Page Not Found: Css/auto_select
ERROR - 11/09/2017 01:22 am --> 404 Page Not Found: Js/docsupport
ERROR - 11/09/2017 01:22 am --> 404 Page Not Found: Js/docsupport
ERROR - 11/09/2017 01:22 am --> 404 Page Not Found: Images/photos
ERROR - 11/09/2017 01:22 am --> 404 Page Not Found: Assets/js
ERROR - 11/09/2017 01:22 am --> 404 Page Not Found: Images/photos
ERROR - 11/09/2017 01:22 am --> 404 Page Not Found: Assets/js
ERROR - 11/09/2017 01:22 am --> 404 Page Not Found: Assets/js
ERROR - 11/09/2017 01:22 am --> 404 Page Not Found: Assets/js
ERROR - 11/09/2017 01:22 am --> 404 Page Not Found: Assets/js
ERROR - 11/09/2017 01:22 am --> 404 Page Not Found: Assets/js
ERROR - 11/09/2017 01:37 am --> 404 Page Not Found: Assets/front
ERROR - 11/09/2017 01:37 am --> 404 Page Not Found: Assets/front
ERROR - 11/09/2017 01:37 am --> 404 Page Not Found: Assets/front
ERROR - 11/09/2017 01:37 am --> 404 Page Not Found: Assets/front
ERROR - 11/09/2017 01:37 am --> 404 Page Not Found: Assets/front
ERROR - 11/09/2017 01:37 am --> 404 Page Not Found: Assets/front
ERROR - 11/09/2017 01:38 am --> 404 Page Not Found: Assets/js
ERROR - 11/09/2017 01:38 am --> 404 Page Not Found: Images/photos
