ERROR - 05/24/2017 12:55 pm --> Severity: Notice --> Undefined variable: child_catname /home2/carolhhp/public_html/democarol.com/homeservices/application/views/front/home.php 89
ERROR - 05/24/2017 12:55 pm --> Severity: Notice --> Trying to get property of non-object /home2/carolhhp/public_html/democarol.com/homeservices/application/views/front/home.php 89
ERROR - 05/24/2017 12:55 pm --> Severity: Notice --> Undefined variable: child_catname /home2/carolhhp/public_html/democarol.com/homeservices/application/views/front/home.php 90
ERROR - 05/24/2017 12:55 pm --> Severity: Notice --> Trying to get property of non-object /home2/carolhhp/public_html/democarol.com/homeservices/application/views/front/home.php 90
ERROR - 05/24/2017 12:55 pm --> Severity: Notice --> Undefined variable: child_catname /home2/carolhhp/public_html/democarol.com/homeservices/application/views/front/home.php 91
ERROR - 05/24/2017 12:55 pm --> Severity: Notice --> Trying to get property of non-object /home2/carolhhp/public_html/democarol.com/homeservices/application/views/front/home.php 91
ERROR - 05/24/2017 12:55 pm --> Severity: Notice --> Undefined variable: child_catname /home2/carolhhp/public_html/democarol.com/homeservices/application/views/front/home.php 92
ERROR - 05/24/2017 12:55 pm --> Severity: Notice --> Trying to get property of non-object /home2/carolhhp/public_html/democarol.com/homeservices/application/views/front/home.php 92
ERROR - 05/24/2017 12:55 pm --> Severity: Notice --> Undefined variable: child_catname /home2/carolhhp/public_html/democarol.com/homeservices/application/views/front/home.php 93
ERROR - 05/24/2017 12:55 pm --> Severity: Notice --> Trying to get property of non-object /home2/carolhhp/public_html/democarol.com/homeservices/application/views/front/home.php 93
ERROR - 05/24/2017 12:55 pm --> Severity: Notice --> Use of undefined constant php - assumed 'php' /home2/carolhhp/public_html/democarol.com/homeservices/application/views/front/home.php 100
ERROR - 05/24/2017 03:44 am --> 404 Page Not Found: Assets/img
ERROR - 05/24/2017 03:44 am --> 404 Page Not Found: Assets/img
ERROR - 05/24/2017 03:44 am --> 404 Page Not Found: Assets/js
ERROR - 05/24/2017 03:44 am --> 404 Page Not Found: Images/photos
ERROR - 05/24/2017 03:44 am --> 404 Page Not Found: Assets/js
ERROR - 05/24/2017 03:44 am --> 404 Page Not Found: Images/photos
ERROR - 05/24/2017 02:15 pm --> Severity: Notice --> Undefined variable: child_catname /home2/carolhhp/public_html/democarol.com/homeservices/application/views/front/home.php 89
ERROR - 05/24/2017 02:15 pm --> Severity: Notice --> Trying to get property of non-object /home2/carolhhp/public_html/democarol.com/homeservices/application/views/front/home.php 89
ERROR - 05/24/2017 02:15 pm --> Severity: Notice --> Undefined variable: child_catname /home2/carolhhp/public_html/democarol.com/homeservices/application/views/front/home.php 90
ERROR - 05/24/2017 02:15 pm --> Severity: Notice --> Trying to get property of non-object /home2/carolhhp/public_html/democarol.com/homeservices/application/views/front/home.php 90
ERROR - 05/24/2017 02:15 pm --> Severity: Notice --> Undefined variable: child_catname /home2/carolhhp/public_html/democarol.com/homeservices/application/views/front/home.php 91
ERROR - 05/24/2017 02:15 pm --> Severity: Notice --> Trying to get property of non-object /home2/carolhhp/public_html/democarol.com/homeservices/application/views/front/home.php 91
ERROR - 05/24/2017 02:15 pm --> Severity: Notice --> Undefined variable: child_catname /home2/carolhhp/public_html/democarol.com/homeservices/application/views/front/home.php 92
ERROR - 05/24/2017 02:15 pm --> Severity: Notice --> Trying to get property of non-object /home2/carolhhp/public_html/democarol.com/homeservices/application/views/front/home.php 92
ERROR - 05/24/2017 02:15 pm --> Severity: Notice --> Undefined variable: child_catname /home2/carolhhp/public_html/democarol.com/homeservices/application/views/front/home.php 93
ERROR - 05/24/2017 02:15 pm --> Severity: Notice --> Trying to get property of non-object /home2/carolhhp/public_html/democarol.com/homeservices/application/views/front/home.php 93
ERROR - 05/24/2017 02:15 pm --> Severity: Notice --> Use of undefined constant php - assumed 'php' /home2/carolhhp/public_html/democarol.com/homeservices/application/views/front/home.php 100
ERROR - 05/24/2017 03:47 am --> 404 Page Not Found: Assets/front
ERROR - 05/24/2017 03:47 am --> 404 Page Not Found: front/Service/badroom_plan
ERROR - 05/24/2017 03:47 am --> 404 Page Not Found: front/Service/badroom_plan
ERROR - 05/24/2017 03:47 am --> 404 Page Not Found: front/Service/badroom_plan
ERROR - 05/24/2017 03:47 am --> 404 Page Not Found: front/Service/badroom_plan
ERROR - 05/24/2017 03:47 am --> 404 Page Not Found: front/Service/badroom_plan
ERROR - 05/24/2017 03:47 am --> 404 Page Not Found: front/Service/badroom_plan
ERROR - 05/24/2017 03:48 am --> 404 Page Not Found: Assets/front
ERROR - 05/24/2017 03:48 am --> 404 Page Not Found: Assets/front
ERROR - 05/24/2017 03:48 am --> 404 Page Not Found: Assets/front
ERROR - 05/24/2017 03:48 am --> 404 Page Not Found: Assets/front
ERROR - 05/24/2017 03:48 am --> 404 Page Not Found: Assets/front
ERROR - 05/24/2017 03:51 am --> 404 Page Not Found: Assets/front
ERROR - 05/24/2017 02:24 pm --> Severity: Notice --> Undefined variable: child_catname /home2/carolhhp/public_html/democarol.com/homeservices/application/views/front/home.php 89
ERROR - 05/24/2017 02:24 pm --> Severity: Notice --> Trying to get property of non-object /home2/carolhhp/public_html/democarol.com/homeservices/application/views/front/home.php 89
ERROR - 05/24/2017 02:24 pm --> Severity: Notice --> Undefined variable: child_catname /home2/carolhhp/public_html/democarol.com/homeservices/application/views/front/home.php 90
ERROR - 05/24/2017 02:24 pm --> Severity: Notice --> Trying to get property of non-object /home2/carolhhp/public_html/democarol.com/homeservices/application/views/front/home.php 90
ERROR - 05/24/2017 02:24 pm --> Severity: Notice --> Undefined variable: child_catname /home2/carolhhp/public_html/democarol.com/homeservices/application/views/front/home.php 91
ERROR - 05/24/2017 02:24 pm --> Severity: Notice --> Trying to get property of non-object /home2/carolhhp/public_html/democarol.com/homeservices/application/views/front/home.php 91
ERROR - 05/24/2017 02:24 pm --> Severity: Notice --> Undefined variable: child_catname /home2/carolhhp/public_html/democarol.com/homeservices/application/views/front/home.php 92
ERROR - 05/24/2017 02:24 pm --> Severity: Notice --> Trying to get property of non-object /home2/carolhhp/public_html/democarol.com/homeservices/application/views/front/home.php 92
ERROR - 05/24/2017 02:24 pm --> Severity: Notice --> Undefined variable: child_catname /home2/carolhhp/public_html/democarol.com/homeservices/application/views/front/home.php 93
ERROR - 05/24/2017 02:24 pm --> Severity: Notice --> Trying to get property of non-object /home2/carolhhp/public_html/democarol.com/homeservices/application/views/front/home.php 93
ERROR - 05/24/2017 02:24 pm --> Severity: Notice --> Use of undefined constant php - assumed 'php' /home2/carolhhp/public_html/democarol.com/homeservices/application/views/front/home.php 100
ERROR - 05/24/2017 03:55 am --> 404 Page Not Found: Assets/front
ERROR - 05/24/2017 03:55 am --> 404 Page Not Found: front/Service/badroom_plan
ERROR - 05/24/2017 03:55 am --> 404 Page Not Found: front/Service/badroom_plan
ERROR - 05/24/2017 03:55 am --> 404 Page Not Found: front/Service/badroom_plan
ERROR - 05/24/2017 03:55 am --> 404 Page Not Found: front/Service/badroom_plan
ERROR - 05/24/2017 03:55 am --> 404 Page Not Found: front/Service/badroom_plan
ERROR - 05/24/2017 03:55 am --> 404 Page Not Found: front/Service/badroom_plan
ERROR - 05/24/2017 03:55 am --> 404 Page Not Found: Assets/front
ERROR - 05/24/2017 03:55 am --> 404 Page Not Found: Assets/front
ERROR - 05/24/2017 03:55 am --> 404 Page Not Found: Assets/front
ERROR - 05/24/2017 03:55 am --> 404 Page Not Found: Assets/front
ERROR - 05/24/2017 03:55 am --> 404 Page Not Found: Assets/front
ERROR - 05/24/2017 04:03 am --> 404 Page Not Found: Assets/front
ERROR - 05/24/2017 04:06 am --> 404 Page Not Found: Assets/front
ERROR - 05/24/2017 04:06 am --> 404 Page Not Found: Assets/front
ERROR - 05/24/2017 04:06 am --> 404 Page Not Found: Assets/front
ERROR - 05/24/2017 04:06 am --> 404 Page Not Found: Assets/front
ERROR - 05/24/2017 04:06 am --> 404 Page Not Found: Assets/front
ERROR - 05/24/2017 04:21 am --> 404 Page Not Found: Assets/front
ERROR - 05/24/2017 04:22 am --> 404 Page Not Found: Assets/front
ERROR - 05/24/2017 04:22 am --> 404 Page Not Found: Assets/front
ERROR - 05/24/2017 04:22 am --> 404 Page Not Found: Assets/front
ERROR - 05/24/2017 04:22 am --> 404 Page Not Found: Assets/front
ERROR - 05/24/2017 04:22 am --> 404 Page Not Found: Assets/front
ERROR - 05/24/2017 04:32 am --> 404 Page Not Found: Assets/img
ERROR - 05/24/2017 04:32 am --> 404 Page Not Found: Assets/img
ERROR - 05/24/2017 04:33 am --> 404 Page Not Found: Assets/js
ERROR - 05/24/2017 04:33 am --> 404 Page Not Found: Assets/js
ERROR - 05/24/2017 04:33 am --> 404 Page Not Found: Images/photos
ERROR - 05/24/2017 04:33 am --> 404 Page Not Found: Assets/js
ERROR - 05/24/2017 04:33 am --> 404 Page Not Found: Images/photos
ERROR - 05/24/2017 04:33 am --> 404 Page Not Found: Js/advanced-datatable
ERROR - 05/24/2017 04:33 am --> 404 Page Not Found: Js/advanced-datatable
ERROR - 05/24/2017 04:33 am --> 404 Page Not Found: Js/advanced-datatable
ERROR - 05/24/2017 04:33 am --> 404 Page Not Found: Js/dynamic_table_init.js
ERROR - 05/24/2017 04:33 am --> 404 Page Not Found: Js/jquery.dataTables.min.js
ERROR - 05/24/2017 04:44 am --> 404 Page Not Found: Assets/js
ERROR - 05/24/2017 04:44 am --> 404 Page Not Found: Images/photos
ERROR - 05/24/2017 03:28 pm --> Severity: Notice --> Undefined variable: child_catname /home2/carolhhp/public_html/democarol.com/homeservices/application/views/front/home.php 89
ERROR - 05/24/2017 03:28 pm --> Severity: Notice --> Trying to get property of non-object /home2/carolhhp/public_html/democarol.com/homeservices/application/views/front/home.php 89
ERROR - 05/24/2017 03:28 pm --> Severity: Notice --> Undefined variable: child_catname /home2/carolhhp/public_html/democarol.com/homeservices/application/views/front/home.php 90
ERROR - 05/24/2017 03:28 pm --> Severity: Notice --> Trying to get property of non-object /home2/carolhhp/public_html/democarol.com/homeservices/application/views/front/home.php 90
ERROR - 05/24/2017 03:28 pm --> Severity: Notice --> Undefined variable: child_catname /home2/carolhhp/public_html/democarol.com/homeservices/application/views/front/home.php 91
ERROR - 05/24/2017 03:28 pm --> Severity: Notice --> Trying to get property of non-object /home2/carolhhp/public_html/democarol.com/homeservices/application/views/front/home.php 91
ERROR - 05/24/2017 03:28 pm --> Severity: Notice --> Undefined variable: child_catname /home2/carolhhp/public_html/democarol.com/homeservices/application/views/front/home.php 92
ERROR - 05/24/2017 03:28 pm --> Severity: Notice --> Trying to get property of non-object /home2/carolhhp/public_html/democarol.com/homeservices/application/views/front/home.php 92
ERROR - 05/24/2017 03:28 pm --> Severity: Notice --> Undefined variable: child_catname /home2/carolhhp/public_html/democarol.com/homeservices/application/views/front/home.php 93
ERROR - 05/24/2017 03:28 pm --> Severity: Notice --> Trying to get property of non-object /home2/carolhhp/public_html/democarol.com/homeservices/application/views/front/home.php 93
ERROR - 05/24/2017 03:28 pm --> Severity: Notice --> Use of undefined constant php - assumed 'php' /home2/carolhhp/public_html/democarol.com/homeservices/application/views/front/home.php 100
ERROR - 05/24/2017 03:28 pm --> Severity: Notice --> Undefined variable: child_catname /home2/carolhhp/public_html/democarol.com/homeservices/application/views/front/home.php 89
ERROR - 05/24/2017 03:28 pm --> Severity: Notice --> Trying to get property of non-object /home2/carolhhp/public_html/democarol.com/homeservices/application/views/front/home.php 89
ERROR - 05/24/2017 03:28 pm --> Severity: Notice --> Undefined variable: child_catname /home2/carolhhp/public_html/democarol.com/homeservices/application/views/front/home.php 90
ERROR - 05/24/2017 03:28 pm --> Severity: Notice --> Trying to get property of non-object /home2/carolhhp/public_html/democarol.com/homeservices/application/views/front/home.php 90
ERROR - 05/24/2017 03:28 pm --> Severity: Notice --> Undefined variable: child_catname /home2/carolhhp/public_html/democarol.com/homeservices/application/views/front/home.php 91
ERROR - 05/24/2017 03:28 pm --> Severity: Notice --> Trying to get property of non-object /home2/carolhhp/public_html/democarol.com/homeservices/application/views/front/home.php 91
ERROR - 05/24/2017 03:28 pm --> Severity: Notice --> Undefined variable: child_catname /home2/carolhhp/public_html/democarol.com/homeservices/application/views/front/home.php 92
ERROR - 05/24/2017 03:28 pm --> Severity: Notice --> Trying to get property of non-object /home2/carolhhp/public_html/democarol.com/homeservices/application/views/front/home.php 92
ERROR - 05/24/2017 03:28 pm --> Severity: Notice --> Undefined variable: child_catname /home2/carolhhp/public_html/democarol.com/homeservices/application/views/front/home.php 93
ERROR - 05/24/2017 03:28 pm --> Severity: Notice --> Trying to get property of non-object /home2/carolhhp/public_html/democarol.com/homeservices/application/views/front/home.php 93
ERROR - 05/24/2017 03:28 pm --> Severity: Notice --> Use of undefined constant php - assumed 'php' /home2/carolhhp/public_html/democarol.com/homeservices/application/views/front/home.php 100
ERROR - 05/24/2017 05:00 am --> 404 Page Not Found: Assets/front
ERROR - 05/24/2017 05:00 am --> 404 Page Not Found: Assets/front
ERROR - 05/24/2017 05:00 am --> 404 Page Not Found: Assets/front
ERROR - 05/24/2017 05:00 am --> 404 Page Not Found: Assets/front
ERROR - 05/24/2017 05:00 am --> 404 Page Not Found: Assets/front
ERROR - 05/24/2017 05:00 am --> 404 Page Not Found: Assets/front
ERROR - 05/24/2017 05:02 am --> 404 Page Not Found: Assets/front
ERROR - 05/24/2017 05:02 am --> 404 Page Not Found: Assets/front
ERROR - 05/24/2017 05:02 am --> 404 Page Not Found: front/Service/badroom_plan
ERROR - 05/24/2017 05:02 am --> 404 Page Not Found: front/Service/badroom_plan
ERROR - 05/24/2017 05:02 am --> 404 Page Not Found: front/Service/badroom_plan
ERROR - 05/24/2017 05:02 am --> 404 Page Not Found: front/Service/badroom_plan
ERROR - 05/24/2017 05:02 am --> 404 Page Not Found: front/Service/badroom_plan
ERROR - 05/24/2017 05:02 am --> 404 Page Not Found: front/Service/badroom_plan
ERROR - 05/24/2017 05:02 am --> 404 Page Not Found: front/Service/badroom_plan
ERROR - 05/24/2017 05:02 am --> 404 Page Not Found: front/Service/badroom_plan
ERROR - 05/24/2017 05:03 am --> 404 Page Not Found: Assets/front
ERROR - 05/24/2017 05:03 am --> 404 Page Not Found: Assets/front
ERROR - 05/24/2017 05:03 am --> 404 Page Not Found: Assets/front
ERROR - 05/24/2017 05:03 am --> 404 Page Not Found: Assets/front
ERROR - 05/24/2017 05:03 am --> 404 Page Not Found: Assets/front
ERROR - 05/24/2017 05:09 am --> 404 Page Not Found: Assets/front
ERROR - 05/24/2017 03:47 pm --> Severity: Notice --> Undefined variable: child_catname /home2/carolhhp/public_html/democarol.com/homeservices/application/views/front/home.php 89
ERROR - 05/24/2017 03:47 pm --> Severity: Notice --> Trying to get property of non-object /home2/carolhhp/public_html/democarol.com/homeservices/application/views/front/home.php 89
ERROR - 05/24/2017 03:47 pm --> Severity: Notice --> Undefined variable: child_catname /home2/carolhhp/public_html/democarol.com/homeservices/application/views/front/home.php 90
ERROR - 05/24/2017 03:47 pm --> Severity: Notice --> Trying to get property of non-object /home2/carolhhp/public_html/democarol.com/homeservices/application/views/front/home.php 90
ERROR - 05/24/2017 03:47 pm --> Severity: Notice --> Undefined variable: child_catname /home2/carolhhp/public_html/democarol.com/homeservices/application/views/front/home.php 91
ERROR - 05/24/2017 03:47 pm --> Severity: Notice --> Trying to get property of non-object /home2/carolhhp/public_html/democarol.com/homeservices/application/views/front/home.php 91
ERROR - 05/24/2017 03:47 pm --> Severity: Notice --> Undefined variable: child_catname /home2/carolhhp/public_html/democarol.com/homeservices/application/views/front/home.php 92
ERROR - 05/24/2017 03:47 pm --> Severity: Notice --> Trying to get property of non-object /home2/carolhhp/public_html/democarol.com/homeservices/application/views/front/home.php 92
ERROR - 05/24/2017 03:47 pm --> Severity: Notice --> Undefined variable: child_catname /home2/carolhhp/public_html/democarol.com/homeservices/application/views/front/home.php 93
ERROR - 05/24/2017 03:47 pm --> Severity: Notice --> Trying to get property of non-object /home2/carolhhp/public_html/democarol.com/homeservices/application/views/front/home.php 93
ERROR - 05/24/2017 03:47 pm --> Severity: Notice --> Use of undefined constant php - assumed 'php' /home2/carolhhp/public_html/democarol.com/homeservices/application/views/front/home.php 100
ERROR - 05/24/2017 05:17 am --> 404 Page Not Found: front/Service/badroom_plan
ERROR - 05/24/2017 05:17 am --> 404 Page Not Found: front/Service/badroom_plan
ERROR - 05/24/2017 05:17 am --> 404 Page Not Found: front/Service/badroom_plan
ERROR - 05/24/2017 05:17 am --> 404 Page Not Found: front/Service/badroom_plan
ERROR - 05/24/2017 05:17 am --> 404 Page Not Found: front/Service/badroom_plan
ERROR - 05/24/2017 05:17 am --> 404 Page Not Found: front/Service/badroom_plan
ERROR - 05/24/2017 05:17 am --> 404 Page Not Found: front/Service/badroom_plan
ERROR - 05/24/2017 05:17 am --> 404 Page Not Found: front/Service/badroom_plan
ERROR - 05/24/2017 05:17 am --> 404 Page Not Found: front/Service/badroom_plan
ERROR - 05/24/2017 05:17 am --> 404 Page Not Found: front/Service/badroom_plan
ERROR - 05/24/2017 05:44 am --> 404 Page Not Found: Assets/js
ERROR - 05/24/2017 05:44 am --> 404 Page Not Found: Assets/js
ERROR - 05/24/2017 05:44 am --> 404 Page Not Found: Assets/js
ERROR - 05/24/2017 05:44 am --> 404 Page Not Found: Images/photos
ERROR - 05/24/2017 05:44 am --> 404 Page Not Found: Assets/js
ERROR - 05/24/2017 05:44 am --> 404 Page Not Found: Images/photos
ERROR - 05/24/2017 04:45 pm --> Severity: Notice --> Undefined variable: child_catname /home2/carolhhp/public_html/democarol.com/homeservices/application/views/front/home.php 89
ERROR - 05/24/2017 04:45 pm --> Severity: Notice --> Trying to get property of non-object /home2/carolhhp/public_html/democarol.com/homeservices/application/views/front/home.php 89
ERROR - 05/24/2017 04:45 pm --> Severity: Notice --> Undefined variable: child_catname /home2/carolhhp/public_html/democarol.com/homeservices/application/views/front/home.php 90
ERROR - 05/24/2017 04:45 pm --> Severity: Notice --> Trying to get property of non-object /home2/carolhhp/public_html/democarol.com/homeservices/application/views/front/home.php 90
ERROR - 05/24/2017 04:45 pm --> Severity: Notice --> Undefined variable: child_catname /home2/carolhhp/public_html/democarol.com/homeservices/application/views/front/home.php 91
ERROR - 05/24/2017 04:45 pm --> Severity: Notice --> Trying to get property of non-object /home2/carolhhp/public_html/democarol.com/homeservices/application/views/front/home.php 91
ERROR - 05/24/2017 04:45 pm --> Severity: Notice --> Undefined variable: child_catname /home2/carolhhp/public_html/democarol.com/homeservices/application/views/front/home.php 92
ERROR - 05/24/2017 04:45 pm --> Severity: Notice --> Trying to get property of non-object /home2/carolhhp/public_html/democarol.com/homeservices/application/views/front/home.php 92
ERROR - 05/24/2017 04:45 pm --> Severity: Notice --> Undefined variable: child_catname /home2/carolhhp/public_html/democarol.com/homeservices/application/views/front/home.php 93
ERROR - 05/24/2017 04:45 pm --> Severity: Notice --> Trying to get property of non-object /home2/carolhhp/public_html/democarol.com/homeservices/application/views/front/home.php 93
ERROR - 05/24/2017 04:45 pm --> Severity: Notice --> Use of undefined constant php - assumed 'php' /home2/carolhhp/public_html/democarol.com/homeservices/application/views/front/home.php 100
ERROR - 05/24/2017 05:13 pm --> Severity: Notice --> Undefined variable: child_catname /home2/carolhhp/public_html/democarol.com/homeservices/application/views/front/home.php 89
ERROR - 05/24/2017 05:13 pm --> Severity: Notice --> Trying to get property of non-object /home2/carolhhp/public_html/democarol.com/homeservices/application/views/front/home.php 89
ERROR - 05/24/2017 05:13 pm --> Severity: Notice --> Undefined variable: child_catname /home2/carolhhp/public_html/democarol.com/homeservices/application/views/front/home.php 90
ERROR - 05/24/2017 05:13 pm --> Severity: Notice --> Trying to get property of non-object /home2/carolhhp/public_html/democarol.com/homeservices/application/views/front/home.php 90
ERROR - 05/24/2017 05:13 pm --> Severity: Notice --> Undefined variable: child_catname /home2/carolhhp/public_html/democarol.com/homeservices/application/views/front/home.php 91
ERROR - 05/24/2017 05:13 pm --> Severity: Notice --> Trying to get property of non-object /home2/carolhhp/public_html/democarol.com/homeservices/application/views/front/home.php 91
ERROR - 05/24/2017 05:13 pm --> Severity: Notice --> Undefined variable: child_catname /home2/carolhhp/public_html/democarol.com/homeservices/application/views/front/home.php 92
ERROR - 05/24/2017 05:13 pm --> Severity: Notice --> Trying to get property of non-object /home2/carolhhp/public_html/democarol.com/homeservices/application/views/front/home.php 92
ERROR - 05/24/2017 05:13 pm --> Severity: Notice --> Undefined variable: child_catname /home2/carolhhp/public_html/democarol.com/homeservices/application/views/front/home.php 93
ERROR - 05/24/2017 05:13 pm --> Severity: Notice --> Trying to get property of non-object /home2/carolhhp/public_html/democarol.com/homeservices/application/views/front/home.php 93
ERROR - 05/24/2017 05:13 pm --> Severity: Notice --> Use of undefined constant php - assumed 'php' /home2/carolhhp/public_html/democarol.com/homeservices/application/views/front/home.php 100
ERROR - 05/24/2017 10:44 pm --> Severity: Notice --> Undefined variable: child_catname /home2/carolhhp/public_html/democarol.com/homeservices/application/views/front/home.php 89
ERROR - 05/24/2017 10:44 pm --> Severity: Notice --> Trying to get property of non-object /home2/carolhhp/public_html/democarol.com/homeservices/application/views/front/home.php 89
ERROR - 05/24/2017 10:44 pm --> Severity: Notice --> Undefined variable: child_catname /home2/carolhhp/public_html/democarol.com/homeservices/application/views/front/home.php 90
ERROR - 05/24/2017 10:44 pm --> Severity: Notice --> Trying to get property of non-object /home2/carolhhp/public_html/democarol.com/homeservices/application/views/front/home.php 90
ERROR - 05/24/2017 10:44 pm --> Severity: Notice --> Undefined variable: child_catname /home2/carolhhp/public_html/democarol.com/homeservices/application/views/front/home.php 91
ERROR - 05/24/2017 10:44 pm --> Severity: Notice --> Trying to get property of non-object /home2/carolhhp/public_html/democarol.com/homeservices/application/views/front/home.php 91
ERROR - 05/24/2017 10:44 pm --> Severity: Notice --> Undefined variable: child_catname /home2/carolhhp/public_html/democarol.com/homeservices/application/views/front/home.php 92
ERROR - 05/24/2017 10:44 pm --> Severity: Notice --> Trying to get property of non-object /home2/carolhhp/public_html/democarol.com/homeservices/application/views/front/home.php 92
ERROR - 05/24/2017 10:44 pm --> Severity: Notice --> Undefined variable: child_catname /home2/carolhhp/public_html/democarol.com/homeservices/application/views/front/home.php 93
ERROR - 05/24/2017 10:44 pm --> Severity: Notice --> Trying to get property of non-object /home2/carolhhp/public_html/democarol.com/homeservices/application/views/front/home.php 93
ERROR - 05/24/2017 10:44 pm --> Severity: Notice --> Use of undefined constant php - assumed 'php' /home2/carolhhp/public_html/democarol.com/homeservices/application/views/front/home.php 100
ERROR - 05/24/2017 12:19 pm --> 404 Page Not Found: front/Service/badroom_plan
ERROR - 05/24/2017 12:19 pm --> 404 Page Not Found: front/Service/badroom_plan
ERROR - 05/24/2017 12:19 pm --> 404 Page Not Found: front/Service/badroom_plan
ERROR - 05/24/2017 12:19 pm --> 404 Page Not Found: front/Service/badroom_plan
ERROR - 05/24/2017 12:19 pm --> 404 Page Not Found: Assets/front
ERROR - 05/24/2017 12:19 pm --> 404 Page Not Found: Assets/front
ERROR - 05/24/2017 12:19 pm --> 404 Page Not Found: Assets/front
ERROR - 05/24/2017 12:19 pm --> 404 Page Not Found: Assets/front
ERROR - 05/24/2017 12:19 pm --> 404 Page Not Found: Assets/front
ERROR - 05/24/2017 11:03 pm --> Severity: Notice --> Undefined variable: child_catname /home2/carolhhp/public_html/democarol.com/homeservices/application/views/front/home.php 89
ERROR - 05/24/2017 11:03 pm --> Severity: Notice --> Trying to get property of non-object /home2/carolhhp/public_html/democarol.com/homeservices/application/views/front/home.php 89
ERROR - 05/24/2017 11:03 pm --> Severity: Notice --> Undefined variable: child_catname /home2/carolhhp/public_html/democarol.com/homeservices/application/views/front/home.php 90
ERROR - 05/24/2017 11:03 pm --> Severity: Notice --> Trying to get property of non-object /home2/carolhhp/public_html/democarol.com/homeservices/application/views/front/home.php 90
ERROR - 05/24/2017 11:03 pm --> Severity: Notice --> Undefined variable: child_catname /home2/carolhhp/public_html/democarol.com/homeservices/application/views/front/home.php 91
ERROR - 05/24/2017 11:03 pm --> Severity: Notice --> Trying to get property of non-object /home2/carolhhp/public_html/democarol.com/homeservices/application/views/front/home.php 91
ERROR - 05/24/2017 11:03 pm --> Severity: Notice --> Undefined variable: child_catname /home2/carolhhp/public_html/democarol.com/homeservices/application/views/front/home.php 92
ERROR - 05/24/2017 11:03 pm --> Severity: Notice --> Trying to get property of non-object /home2/carolhhp/public_html/democarol.com/homeservices/application/views/front/home.php 92
ERROR - 05/24/2017 11:03 pm --> Severity: Notice --> Undefined variable: child_catname /home2/carolhhp/public_html/democarol.com/homeservices/application/views/front/home.php 93
ERROR - 05/24/2017 11:03 pm --> Severity: Notice --> Trying to get property of non-object /home2/carolhhp/public_html/democarol.com/homeservices/application/views/front/home.php 93
ERROR - 05/24/2017 11:03 pm --> Severity: Notice --> Use of undefined constant php - assumed 'php' /home2/carolhhp/public_html/democarol.com/homeservices/application/views/front/home.php 100
ERROR - 05/24/2017 07:36 pm --> 404 Page Not Found: Assets/front
