ERROR - 10/12/2017 05:57 am --> Severity: Notice --> Undefined variable: child_catname /home2/carolhhp/public_html/democarol.com/homeservices/application/views/front/home.php 97
ERROR - 10/12/2017 05:57 am --> Severity: Notice --> Trying to get property of non-object /home2/carolhhp/public_html/democarol.com/homeservices/application/views/front/home.php 97
ERROR - 10/12/2017 05:57 am --> Severity: Notice --> Undefined variable: child_catname /home2/carolhhp/public_html/democarol.com/homeservices/application/views/front/home.php 98
ERROR - 10/12/2017 05:57 am --> Severity: Notice --> Trying to get property of non-object /home2/carolhhp/public_html/democarol.com/homeservices/application/views/front/home.php 98
ERROR - 10/12/2017 05:57 am --> Severity: Notice --> Undefined variable: child_catname /home2/carolhhp/public_html/democarol.com/homeservices/application/views/front/home.php 99
ERROR - 10/12/2017 05:57 am --> Severity: Notice --> Trying to get property of non-object /home2/carolhhp/public_html/democarol.com/homeservices/application/views/front/home.php 99
ERROR - 10/12/2017 05:57 am --> Severity: Notice --> Undefined variable: child_catname /home2/carolhhp/public_html/democarol.com/homeservices/application/views/front/home.php 100
ERROR - 10/12/2017 05:57 am --> Severity: Notice --> Trying to get property of non-object /home2/carolhhp/public_html/democarol.com/homeservices/application/views/front/home.php 100
ERROR - 10/12/2017 05:57 am --> Severity: Notice --> Undefined variable: child_catname /home2/carolhhp/public_html/democarol.com/homeservices/application/views/front/home.php 101
ERROR - 10/12/2017 05:57 am --> Severity: Notice --> Trying to get property of non-object /home2/carolhhp/public_html/democarol.com/homeservices/application/views/front/home.php 101
ERROR - 10/12/2017 05:57 am --> Severity: Notice --> Use of undefined constant php - assumed 'php' /home2/carolhhp/public_html/democarol.com/homeservices/application/views/front/home.php 108
ERROR - 10/12/2017 10:35 am --> Severity: Notice --> Undefined variable: rec /home2/carolhhp/public_html/democarol.com/homeservices/application/views/admin/categories/add_categories.php 54
ERROR - 10/12/2017 10:35 am --> Severity: Notice --> Trying to get property of non-object /home2/carolhhp/public_html/democarol.com/homeservices/application/views/admin/categories/add_categories.php 54
ERROR - 10/12/2017 10:35 am --> Severity: Notice --> Undefined variable: rec /home2/carolhhp/public_html/democarol.com/homeservices/application/views/admin/categories/add_categories.php 54
ERROR - 10/12/2017 10:35 am --> Severity: Notice --> Trying to get property of non-object /home2/carolhhp/public_html/democarol.com/homeservices/application/views/admin/categories/add_categories.php 54
ERROR - 10/12/2017 10:35 am --> Severity: Notice --> Undefined variable: rec /home2/carolhhp/public_html/democarol.com/homeservices/application/views/admin/categories/add_categories.php 54
ERROR - 10/12/2017 10:35 am --> Severity: Notice --> Trying to get property of non-object /home2/carolhhp/public_html/democarol.com/homeservices/application/views/admin/categories/add_categories.php 54
ERROR - 10/12/2017 10:35 am --> Severity: Notice --> Undefined variable: rec /home2/carolhhp/public_html/democarol.com/homeservices/application/views/admin/categories/add_categories.php 54
ERROR - 10/12/2017 10:35 am --> Severity: Notice --> Trying to get property of non-object /home2/carolhhp/public_html/democarol.com/homeservices/application/views/admin/categories/add_categories.php 54
ERROR - 10/12/2017 10:35 am --> Severity: Notice --> Undefined variable: rec /home2/carolhhp/public_html/democarol.com/homeservices/application/views/admin/categories/add_categories.php 54
ERROR - 10/12/2017 10:35 am --> Severity: Notice --> Trying to get property of non-object /home2/carolhhp/public_html/democarol.com/homeservices/application/views/admin/categories/add_categories.php 54
ERROR - 10/12/2017 10:35 am --> Severity: Notice --> Undefined variable: rec /home2/carolhhp/public_html/democarol.com/homeservices/application/views/admin/categories/add_categories.php 54
ERROR - 10/12/2017 10:35 am --> Severity: Notice --> Trying to get property of non-object /home2/carolhhp/public_html/democarol.com/homeservices/application/views/admin/categories/add_categories.php 54
ERROR - 10/12/2017 10:35 am --> Severity: Notice --> Undefined variable: rec /home2/carolhhp/public_html/democarol.com/homeservices/application/views/admin/categories/add_categories.php 54
ERROR - 10/12/2017 10:35 am --> Severity: Notice --> Trying to get property of non-object /home2/carolhhp/public_html/democarol.com/homeservices/application/views/admin/categories/add_categories.php 54
ERROR - 10/12/2017 10:35 am --> Severity: Notice --> Undefined variable: rec /home2/carolhhp/public_html/democarol.com/homeservices/application/views/admin/categories/add_categories.php 54
ERROR - 10/12/2017 10:35 am --> Severity: Notice --> Trying to get property of non-object /home2/carolhhp/public_html/democarol.com/homeservices/application/views/admin/categories/add_categories.php 54
ERROR - 10/12/2017 10:35 am --> Severity: Notice --> Undefined variable: rec /home2/carolhhp/public_html/democarol.com/homeservices/application/views/admin/categories/add_categories.php 54
ERROR - 10/12/2017 10:35 am --> Severity: Notice --> Trying to get property of non-object /home2/carolhhp/public_html/democarol.com/homeservices/application/views/admin/categories/add_categories.php 54
ERROR - 10/12/2017 10:35 am --> Severity: Notice --> Undefined variable: rec /home2/carolhhp/public_html/democarol.com/homeservices/application/views/admin/categories/add_categories.php 54
ERROR - 10/12/2017 10:35 am --> Severity: Notice --> Trying to get property of non-object /home2/carolhhp/public_html/democarol.com/homeservices/application/views/admin/categories/add_categories.php 54
ERROR - 10/12/2017 10:35 am --> Severity: Notice --> Undefined variable: rec /home2/carolhhp/public_html/democarol.com/homeservices/application/views/admin/categories/add_categories.php 54
ERROR - 10/12/2017 10:35 am --> Severity: Notice --> Trying to get property of non-object /home2/carolhhp/public_html/democarol.com/homeservices/application/views/admin/categories/add_categories.php 54
ERROR - 10/12/2017 10:35 am --> Severity: Notice --> Undefined variable: rec /home2/carolhhp/public_html/democarol.com/homeservices/application/views/admin/categories/add_categories.php 54
ERROR - 10/12/2017 10:35 am --> Severity: Notice --> Trying to get property of non-object /home2/carolhhp/public_html/democarol.com/homeservices/application/views/admin/categories/add_categories.php 54
ERROR - 10/12/2017 10:35 am --> Severity: Notice --> Undefined variable: rec /home2/carolhhp/public_html/democarol.com/homeservices/application/views/admin/categories/add_categories.php 54
ERROR - 10/12/2017 10:35 am --> Severity: Notice --> Trying to get property of non-object /home2/carolhhp/public_html/democarol.com/homeservices/application/views/admin/categories/add_categories.php 54
ERROR - 10/12/2017 10:35 am --> Severity: Notice --> Undefined variable: rec /home2/carolhhp/public_html/democarol.com/homeservices/application/views/admin/categories/add_categories.php 54
ERROR - 10/12/2017 10:35 am --> Severity: Notice --> Trying to get property of non-object /home2/carolhhp/public_html/democarol.com/homeservices/application/views/admin/categories/add_categories.php 54
ERROR - 10/12/2017 10:35 am --> Severity: Notice --> Undefined variable: rec /home2/carolhhp/public_html/democarol.com/homeservices/application/views/admin/categories/add_categories.php 54
ERROR - 10/12/2017 10:35 am --> Severity: Notice --> Trying to get property of non-object /home2/carolhhp/public_html/democarol.com/homeservices/application/views/admin/categories/add_categories.php 54
ERROR - 10/12/2017 10:35 am --> Severity: Notice --> Undefined variable: rec /home2/carolhhp/public_html/democarol.com/homeservices/application/views/admin/categories/add_categories.php 54
ERROR - 10/12/2017 10:35 am --> Severity: Notice --> Trying to get property of non-object /home2/carolhhp/public_html/democarol.com/homeservices/application/views/admin/categories/add_categories.php 54
ERROR - 10/12/2017 10:35 am --> Severity: Notice --> Undefined variable: rec /home2/carolhhp/public_html/democarol.com/homeservices/application/views/admin/categories/add_categories.php 54
ERROR - 10/12/2017 10:35 am --> Severity: Notice --> Trying to get property of non-object /home2/carolhhp/public_html/democarol.com/homeservices/application/views/admin/categories/add_categories.php 54
ERROR - 10/12/2017 10:35 am --> Severity: Notice --> Undefined variable: rec /home2/carolhhp/public_html/democarol.com/homeservices/application/views/admin/categories/add_categories.php 54
ERROR - 10/12/2017 10:35 am --> Severity: Notice --> Trying to get property of non-object /home2/carolhhp/public_html/democarol.com/homeservices/application/views/admin/categories/add_categories.php 54
ERROR - 10/12/2017 10:35 am --> Severity: Notice --> Undefined variable: rec /home2/carolhhp/public_html/democarol.com/homeservices/application/views/admin/categories/add_categories.php 54
ERROR - 10/12/2017 10:35 am --> Severity: Notice --> Trying to get property of non-object /home2/carolhhp/public_html/democarol.com/homeservices/application/views/admin/categories/add_categories.php 54
ERROR - 10/12/2017 10:35 am --> Severity: Notice --> Undefined variable: rec /home2/carolhhp/public_html/democarol.com/homeservices/application/views/admin/categories/add_categories.php 54
ERROR - 10/12/2017 10:35 am --> Severity: Notice --> Trying to get property of non-object /home2/carolhhp/public_html/democarol.com/homeservices/application/views/admin/categories/add_categories.php 54
ERROR - 10/12/2017 10:35 am --> Severity: Notice --> Undefined variable: rec /home2/carolhhp/public_html/democarol.com/homeservices/application/views/admin/categories/add_categories.php 54
ERROR - 10/12/2017 10:35 am --> Severity: Notice --> Trying to get property of non-object /home2/carolhhp/public_html/democarol.com/homeservices/application/views/admin/categories/add_categories.php 54
ERROR - 10/12/2017 10:35 am --> Severity: Notice --> Undefined variable: rec /home2/carolhhp/public_html/democarol.com/homeservices/application/views/admin/categories/add_categories.php 54
ERROR - 10/12/2017 10:35 am --> Severity: Notice --> Trying to get property of non-object /home2/carolhhp/public_html/democarol.com/homeservices/application/views/admin/categories/add_categories.php 54
ERROR - 10/12/2017 10:35 am --> Severity: Notice --> Undefined variable: rec /home2/carolhhp/public_html/democarol.com/homeservices/application/views/admin/categories/add_categories.php 54
ERROR - 10/12/2017 10:35 am --> Severity: Notice --> Trying to get property of non-object /home2/carolhhp/public_html/democarol.com/homeservices/application/views/admin/categories/add_categories.php 54
ERROR - 10/12/2017 10:35 am --> Severity: Notice --> Undefined variable: rec /home2/carolhhp/public_html/democarol.com/homeservices/application/views/admin/categories/add_categories.php 54
ERROR - 10/12/2017 10:35 am --> Severity: Notice --> Trying to get property of non-object /home2/carolhhp/public_html/democarol.com/homeservices/application/views/admin/categories/add_categories.php 54
ERROR - 10/12/2017 10:35 am --> Severity: Notice --> Undefined variable: rec /home2/carolhhp/public_html/democarol.com/homeservices/application/views/admin/categories/add_categories.php 54
ERROR - 10/12/2017 10:35 am --> Severity: Notice --> Trying to get property of non-object /home2/carolhhp/public_html/democarol.com/homeservices/application/views/admin/categories/add_categories.php 54
ERROR - 10/12/2017 10:35 am --> Severity: Notice --> Undefined variable: rec /home2/carolhhp/public_html/democarol.com/homeservices/application/views/admin/categories/add_categories.php 54
ERROR - 10/12/2017 10:35 am --> Severity: Notice --> Trying to get property of non-object /home2/carolhhp/public_html/democarol.com/homeservices/application/views/admin/categories/add_categories.php 54
ERROR - 10/12/2017 10:35 am --> Severity: Notice --> Undefined variable: rec /home2/carolhhp/public_html/democarol.com/homeservices/application/views/admin/categories/add_categories.php 54
ERROR - 10/12/2017 10:35 am --> Severity: Notice --> Trying to get property of non-object /home2/carolhhp/public_html/democarol.com/homeservices/application/views/admin/categories/add_categories.php 54
ERROR - 10/12/2017 10:35 am --> Severity: Notice --> Undefined variable: rec /home2/carolhhp/public_html/democarol.com/homeservices/application/views/admin/categories/add_categories.php 54
ERROR - 10/12/2017 10:35 am --> Severity: Notice --> Trying to get property of non-object /home2/carolhhp/public_html/democarol.com/homeservices/application/views/admin/categories/add_categories.php 54
ERROR - 10/12/2017 10:35 am --> Severity: Notice --> Undefined variable: rec /home2/carolhhp/public_html/democarol.com/homeservices/application/views/admin/categories/add_categories.php 54
ERROR - 10/12/2017 10:35 am --> Severity: Notice --> Trying to get property of non-object /home2/carolhhp/public_html/democarol.com/homeservices/application/views/admin/categories/add_categories.php 54
ERROR - 10/12/2017 10:35 am --> Severity: Notice --> Undefined variable: rec /home2/carolhhp/public_html/democarol.com/homeservices/application/views/admin/categories/add_categories.php 54
ERROR - 10/12/2017 10:35 am --> Severity: Notice --> Trying to get property of non-object /home2/carolhhp/public_html/democarol.com/homeservices/application/views/admin/categories/add_categories.php 54
ERROR - 10/12/2017 10:35 am --> Severity: Notice --> Undefined variable: rec /home2/carolhhp/public_html/democarol.com/homeservices/application/views/admin/categories/add_categories.php 54
ERROR - 10/12/2017 10:35 am --> Severity: Notice --> Trying to get property of non-object /home2/carolhhp/public_html/democarol.com/homeservices/application/views/admin/categories/add_categories.php 54
ERROR - 10/12/2017 10:35 am --> Severity: Notice --> Undefined variable: rec /home2/carolhhp/public_html/democarol.com/homeservices/application/views/admin/categories/add_categories.php 54
ERROR - 10/12/2017 10:35 am --> Severity: Notice --> Trying to get property of non-object /home2/carolhhp/public_html/democarol.com/homeservices/application/views/admin/categories/add_categories.php 54
ERROR - 10/12/2017 10:35 am --> Severity: Notice --> Undefined variable: rec /home2/carolhhp/public_html/democarol.com/homeservices/application/views/admin/categories/add_categories.php 54
ERROR - 10/12/2017 10:35 am --> Severity: Notice --> Trying to get property of non-object /home2/carolhhp/public_html/democarol.com/homeservices/application/views/admin/categories/add_categories.php 54
ERROR - 10/12/2017 10:35 am --> Severity: Notice --> Undefined variable: rec /home2/carolhhp/public_html/democarol.com/homeservices/application/views/admin/categories/add_categories.php 54
ERROR - 10/12/2017 10:35 am --> Severity: Notice --> Trying to get property of non-object /home2/carolhhp/public_html/democarol.com/homeservices/application/views/admin/categories/add_categories.php 54
ERROR - 10/12/2017 10:35 am --> Severity: Notice --> Undefined variable: rec /home2/carolhhp/public_html/democarol.com/homeservices/application/views/admin/categories/add_categories.php 54
ERROR - 10/12/2017 10:35 am --> Severity: Notice --> Trying to get property of non-object /home2/carolhhp/public_html/democarol.com/homeservices/application/views/admin/categories/add_categories.php 54
ERROR - 10/12/2017 10:35 am --> Severity: Notice --> Undefined variable: rec /home2/carolhhp/public_html/democarol.com/homeservices/application/views/admin/categories/add_categories.php 54
ERROR - 10/12/2017 10:35 am --> Severity: Notice --> Trying to get property of non-object /home2/carolhhp/public_html/democarol.com/homeservices/application/views/admin/categories/add_categories.php 54
ERROR - 10/12/2017 10:35 am --> Severity: Notice --> Undefined variable: rec /home2/carolhhp/public_html/democarol.com/homeservices/application/views/admin/categories/add_categories.php 54
ERROR - 10/12/2017 10:35 am --> Severity: Notice --> Trying to get property of non-object /home2/carolhhp/public_html/democarol.com/homeservices/application/views/admin/categories/add_categories.php 54
ERROR - 10/12/2017 10:35 am --> Severity: Notice --> Undefined variable: rec /home2/carolhhp/public_html/democarol.com/homeservices/application/views/admin/categories/add_categories.php 54
ERROR - 10/12/2017 10:35 am --> Severity: Notice --> Trying to get property of non-object /home2/carolhhp/public_html/democarol.com/homeservices/application/views/admin/categories/add_categories.php 54
ERROR - 10/12/2017 10:35 am --> Severity: Notice --> Undefined variable: rec /home2/carolhhp/public_html/democarol.com/homeservices/application/views/admin/categories/add_categories.php 54
ERROR - 10/12/2017 10:35 am --> Severity: Notice --> Trying to get property of non-object /home2/carolhhp/public_html/democarol.com/homeservices/application/views/admin/categories/add_categories.php 54
ERROR - 10/12/2017 10:35 am --> Severity: Notice --> Undefined variable: rec /home2/carolhhp/public_html/democarol.com/homeservices/application/views/admin/categories/add_categories.php 54
ERROR - 10/12/2017 10:35 am --> Severity: Notice --> Trying to get property of non-object /home2/carolhhp/public_html/democarol.com/homeservices/application/views/admin/categories/add_categories.php 54
ERROR - 10/12/2017 10:35 am --> Severity: Notice --> Undefined variable: rec /home2/carolhhp/public_html/democarol.com/homeservices/application/views/admin/categories/add_categories.php 54
ERROR - 10/12/2017 10:35 am --> Severity: Notice --> Trying to get property of non-object /home2/carolhhp/public_html/democarol.com/homeservices/application/views/admin/categories/add_categories.php 54
ERROR - 10/12/2017 10:35 am --> Severity: Notice --> Undefined variable: rec /home2/carolhhp/public_html/democarol.com/homeservices/application/views/admin/categories/add_categories.php 54
ERROR - 10/12/2017 10:35 am --> Severity: Notice --> Trying to get property of non-object /home2/carolhhp/public_html/democarol.com/homeservices/application/views/admin/categories/add_categories.php 54
ERROR - 10/12/2017 10:35 am --> Severity: Notice --> Undefined variable: rec /home2/carolhhp/public_html/democarol.com/homeservices/application/views/admin/categories/add_categories.php 54
ERROR - 10/12/2017 10:35 am --> Severity: Notice --> Trying to get property of non-object /home2/carolhhp/public_html/democarol.com/homeservices/application/views/admin/categories/add_categories.php 54
ERROR - 10/12/2017 10:35 am --> Severity: Notice --> Undefined variable: rec /home2/carolhhp/public_html/democarol.com/homeservices/application/views/admin/categories/add_categories.php 54
ERROR - 10/12/2017 10:35 am --> Severity: Notice --> Trying to get property of non-object /home2/carolhhp/public_html/democarol.com/homeservices/application/views/admin/categories/add_categories.php 54
ERROR - 10/12/2017 10:35 am --> Severity: Notice --> Undefined variable: rec /home2/carolhhp/public_html/democarol.com/homeservices/application/views/admin/categories/add_categories.php 54
ERROR - 10/12/2017 10:35 am --> Severity: Notice --> Trying to get property of non-object /home2/carolhhp/public_html/democarol.com/homeservices/application/views/admin/categories/add_categories.php 54
ERROR - 10/12/2017 10:35 am --> Severity: Notice --> Undefined variable: rec /home2/carolhhp/public_html/democarol.com/homeservices/application/views/admin/categories/add_categories.php 54
ERROR - 10/12/2017 10:35 am --> Severity: Notice --> Trying to get property of non-object /home2/carolhhp/public_html/democarol.com/homeservices/application/views/admin/categories/add_categories.php 54
ERROR - 10/12/2017 10:35 am --> Severity: Notice --> Undefined variable: rec /home2/carolhhp/public_html/democarol.com/homeservices/application/views/admin/categories/add_categories.php 54
ERROR - 10/12/2017 10:35 am --> Severity: Notice --> Trying to get property of non-object /home2/carolhhp/public_html/democarol.com/homeservices/application/views/admin/categories/add_categories.php 54
ERROR - 10/12/2017 10:35 am --> Severity: Notice --> Undefined variable: rec /home2/carolhhp/public_html/democarol.com/homeservices/application/views/admin/categories/add_categories.php 54
ERROR - 10/12/2017 10:35 am --> Severity: Notice --> Trying to get property of non-object /home2/carolhhp/public_html/democarol.com/homeservices/application/views/admin/categories/add_categories.php 54
ERROR - 10/12/2017 10:35 am --> Severity: Notice --> Undefined variable: rec /home2/carolhhp/public_html/democarol.com/homeservices/application/views/admin/categories/add_categories.php 54
ERROR - 10/12/2017 10:35 am --> Severity: Notice --> Trying to get property of non-object /home2/carolhhp/public_html/democarol.com/homeservices/application/views/admin/categories/add_categories.php 54
ERROR - 10/12/2017 10:35 am --> Severity: Notice --> Undefined variable: rec /home2/carolhhp/public_html/democarol.com/homeservices/application/views/admin/categories/add_categories.php 54
ERROR - 10/12/2017 10:35 am --> Severity: Notice --> Trying to get property of non-object /home2/carolhhp/public_html/democarol.com/homeservices/application/views/admin/categories/add_categories.php 54
ERROR - 10/12/2017 10:35 am --> Severity: Notice --> Undefined variable: rec /home2/carolhhp/public_html/democarol.com/homeservices/application/views/admin/categories/add_categories.php 54
ERROR - 10/12/2017 10:35 am --> Severity: Notice --> Trying to get property of non-object /home2/carolhhp/public_html/democarol.com/homeservices/application/views/admin/categories/add_categories.php 54
ERROR - 10/12/2017 10:35 am --> Severity: Notice --> Undefined variable: rec /home2/carolhhp/public_html/democarol.com/homeservices/application/views/admin/categories/add_categories.php 54
ERROR - 10/12/2017 10:35 am --> Severity: Notice --> Trying to get property of non-object /home2/carolhhp/public_html/democarol.com/homeservices/application/views/admin/categories/add_categories.php 54
ERROR - 10/12/2017 10:35 am --> Severity: Notice --> Undefined variable: rec /home2/carolhhp/public_html/democarol.com/homeservices/application/views/admin/categories/add_categories.php 54
ERROR - 10/12/2017 10:35 am --> Severity: Notice --> Trying to get property of non-object /home2/carolhhp/public_html/democarol.com/homeservices/application/views/admin/categories/add_categories.php 54
ERROR - 10/12/2017 10:35 am --> Severity: Notice --> Undefined variable: rec /home2/carolhhp/public_html/democarol.com/homeservices/application/views/admin/categories/add_categories.php 54
ERROR - 10/12/2017 10:35 am --> Severity: Notice --> Trying to get property of non-object /home2/carolhhp/public_html/democarol.com/homeservices/application/views/admin/categories/add_categories.php 54
ERROR - 10/12/2017 10:35 am --> Severity: Notice --> Undefined variable: rec /home2/carolhhp/public_html/democarol.com/homeservices/application/views/admin/categories/add_categories.php 54
ERROR - 10/12/2017 10:35 am --> Severity: Notice --> Trying to get property of non-object /home2/carolhhp/public_html/democarol.com/homeservices/application/views/admin/categories/add_categories.php 54
ERROR - 10/12/2017 10:35 am --> Severity: Notice --> Undefined variable: id /home2/carolhhp/public_html/democarol.com/homeservices/application/views/admin/categories/add_categories.php 135
ERROR - 10/12/2017 10:35 am --> Severity: Notice --> Undefined variable: id /home2/carolhhp/public_html/democarol.com/homeservices/application/views/admin/categories/add_categories.php 142
ERROR - 10/12/2017 10:35 am --> Severity: Notice --> Undefined variable: id /home2/carolhhp/public_html/democarol.com/homeservices/application/views/admin/categories/add_categories.php 149
ERROR - 10/12/2017 10:35 am --> Severity: Notice --> Undefined variable: idf /home2/carolhhp/public_html/democarol.com/homeservices/application/views/admin/categories/add_categories.php 192
ERROR - 10/12/2017 12:05 am --> 404 Page Not Found: Assets/js
ERROR - 10/12/2017 12:05 am --> 404 Page Not Found: Assets/js
ERROR - 10/12/2017 12:05 am --> 404 Page Not Found: Images/photos
ERROR - 10/12/2017 10:35 am --> Severity: Notice --> Undefined variable: rec /home2/carolhhp/public_html/democarol.com/homeservices/application/views/admin/categories/add_categories.php 54
ERROR - 10/12/2017 10:35 am --> Severity: Notice --> Trying to get property of non-object /home2/carolhhp/public_html/democarol.com/homeservices/application/views/admin/categories/add_categories.php 54
ERROR - 10/12/2017 10:35 am --> Severity: Notice --> Undefined variable: rec /home2/carolhhp/public_html/democarol.com/homeservices/application/views/admin/categories/add_categories.php 54
ERROR - 10/12/2017 10:35 am --> Severity: Notice --> Trying to get property of non-object /home2/carolhhp/public_html/democarol.com/homeservices/application/views/admin/categories/add_categories.php 54
ERROR - 10/12/2017 10:35 am --> Severity: Notice --> Undefined variable: rec /home2/carolhhp/public_html/democarol.com/homeservices/application/views/admin/categories/add_categories.php 54
ERROR - 10/12/2017 10:35 am --> Severity: Notice --> Trying to get property of non-object /home2/carolhhp/public_html/democarol.com/homeservices/application/views/admin/categories/add_categories.php 54
ERROR - 10/12/2017 10:35 am --> Severity: Notice --> Undefined variable: rec /home2/carolhhp/public_html/democarol.com/homeservices/application/views/admin/categories/add_categories.php 54
ERROR - 10/12/2017 10:35 am --> Severity: Notice --> Trying to get property of non-object /home2/carolhhp/public_html/democarol.com/homeservices/application/views/admin/categories/add_categories.php 54
ERROR - 10/12/2017 10:35 am --> Severity: Notice --> Undefined variable: rec /home2/carolhhp/public_html/democarol.com/homeservices/application/views/admin/categories/add_categories.php 54
ERROR - 10/12/2017 10:35 am --> Severity: Notice --> Trying to get property of non-object /home2/carolhhp/public_html/democarol.com/homeservices/application/views/admin/categories/add_categories.php 54
ERROR - 10/12/2017 10:35 am --> Severity: Notice --> Undefined variable: rec /home2/carolhhp/public_html/democarol.com/homeservices/application/views/admin/categories/add_categories.php 54
ERROR - 10/12/2017 10:35 am --> Severity: Notice --> Trying to get property of non-object /home2/carolhhp/public_html/democarol.com/homeservices/application/views/admin/categories/add_categories.php 54
ERROR - 10/12/2017 10:35 am --> Severity: Notice --> Undefined variable: rec /home2/carolhhp/public_html/democarol.com/homeservices/application/views/admin/categories/add_categories.php 54
ERROR - 10/12/2017 10:35 am --> Severity: Notice --> Trying to get property of non-object /home2/carolhhp/public_html/democarol.com/homeservices/application/views/admin/categories/add_categories.php 54
ERROR - 10/12/2017 10:35 am --> Severity: Notice --> Undefined variable: rec /home2/carolhhp/public_html/democarol.com/homeservices/application/views/admin/categories/add_categories.php 54
ERROR - 10/12/2017 10:35 am --> Severity: Notice --> Trying to get property of non-object /home2/carolhhp/public_html/democarol.com/homeservices/application/views/admin/categories/add_categories.php 54
ERROR - 10/12/2017 10:35 am --> Severity: Notice --> Undefined variable: rec /home2/carolhhp/public_html/democarol.com/homeservices/application/views/admin/categories/add_categories.php 54
ERROR - 10/12/2017 10:35 am --> Severity: Notice --> Trying to get property of non-object /home2/carolhhp/public_html/democarol.com/homeservices/application/views/admin/categories/add_categories.php 54
ERROR - 10/12/2017 10:35 am --> Severity: Notice --> Undefined variable: rec /home2/carolhhp/public_html/democarol.com/homeservices/application/views/admin/categories/add_categories.php 54
ERROR - 10/12/2017 10:35 am --> Severity: Notice --> Trying to get property of non-object /home2/carolhhp/public_html/democarol.com/homeservices/application/views/admin/categories/add_categories.php 54
ERROR - 10/12/2017 10:35 am --> Severity: Notice --> Undefined variable: rec /home2/carolhhp/public_html/democarol.com/homeservices/application/views/admin/categories/add_categories.php 54
ERROR - 10/12/2017 10:35 am --> Severity: Notice --> Trying to get property of non-object /home2/carolhhp/public_html/democarol.com/homeservices/application/views/admin/categories/add_categories.php 54
ERROR - 10/12/2017 10:35 am --> Severity: Notice --> Undefined variable: rec /home2/carolhhp/public_html/democarol.com/homeservices/application/views/admin/categories/add_categories.php 54
ERROR - 10/12/2017 10:35 am --> Severity: Notice --> Trying to get property of non-object /home2/carolhhp/public_html/democarol.com/homeservices/application/views/admin/categories/add_categories.php 54
ERROR - 10/12/2017 10:35 am --> Severity: Notice --> Undefined variable: rec /home2/carolhhp/public_html/democarol.com/homeservices/application/views/admin/categories/add_categories.php 54
ERROR - 10/12/2017 10:35 am --> Severity: Notice --> Trying to get property of non-object /home2/carolhhp/public_html/democarol.com/homeservices/application/views/admin/categories/add_categories.php 54
ERROR - 10/12/2017 10:35 am --> Severity: Notice --> Undefined variable: rec /home2/carolhhp/public_html/democarol.com/homeservices/application/views/admin/categories/add_categories.php 54
ERROR - 10/12/2017 10:35 am --> Severity: Notice --> Trying to get property of non-object /home2/carolhhp/public_html/democarol.com/homeservices/application/views/admin/categories/add_categories.php 54
ERROR - 10/12/2017 10:35 am --> Severity: Notice --> Undefined variable: rec /home2/carolhhp/public_html/democarol.com/homeservices/application/views/admin/categories/add_categories.php 54
ERROR - 10/12/2017 10:35 am --> Severity: Notice --> Trying to get property of non-object /home2/carolhhp/public_html/democarol.com/homeservices/application/views/admin/categories/add_categories.php 54
ERROR - 10/12/2017 10:35 am --> Severity: Notice --> Undefined variable: rec /home2/carolhhp/public_html/democarol.com/homeservices/application/views/admin/categories/add_categories.php 54
ERROR - 10/12/2017 10:35 am --> Severity: Notice --> Trying to get property of non-object /home2/carolhhp/public_html/democarol.com/homeservices/application/views/admin/categories/add_categories.php 54
ERROR - 10/12/2017 10:35 am --> Severity: Notice --> Undefined variable: rec /home2/carolhhp/public_html/democarol.com/homeservices/application/views/admin/categories/add_categories.php 54
ERROR - 10/12/2017 10:35 am --> Severity: Notice --> Trying to get property of non-object /home2/carolhhp/public_html/democarol.com/homeservices/application/views/admin/categories/add_categories.php 54
ERROR - 10/12/2017 10:35 am --> Severity: Notice --> Undefined variable: rec /home2/carolhhp/public_html/democarol.com/homeservices/application/views/admin/categories/add_categories.php 54
ERROR - 10/12/2017 10:35 am --> Severity: Notice --> Trying to get property of non-object /home2/carolhhp/public_html/democarol.com/homeservices/application/views/admin/categories/add_categories.php 54
ERROR - 10/12/2017 10:35 am --> Severity: Notice --> Undefined variable: rec /home2/carolhhp/public_html/democarol.com/homeservices/application/views/admin/categories/add_categories.php 54
ERROR - 10/12/2017 10:35 am --> Severity: Notice --> Trying to get property of non-object /home2/carolhhp/public_html/democarol.com/homeservices/application/views/admin/categories/add_categories.php 54
ERROR - 10/12/2017 10:35 am --> Severity: Notice --> Undefined variable: rec /home2/carolhhp/public_html/democarol.com/homeservices/application/views/admin/categories/add_categories.php 54
ERROR - 10/12/2017 10:35 am --> Severity: Notice --> Trying to get property of non-object /home2/carolhhp/public_html/democarol.com/homeservices/application/views/admin/categories/add_categories.php 54
ERROR - 10/12/2017 10:35 am --> Severity: Notice --> Undefined variable: rec /home2/carolhhp/public_html/democarol.com/homeservices/application/views/admin/categories/add_categories.php 54
ERROR - 10/12/2017 10:35 am --> Severity: Notice --> Trying to get property of non-object /home2/carolhhp/public_html/democarol.com/homeservices/application/views/admin/categories/add_categories.php 54
ERROR - 10/12/2017 10:35 am --> Severity: Notice --> Undefined variable: rec /home2/carolhhp/public_html/democarol.com/homeservices/application/views/admin/categories/add_categories.php 54
ERROR - 10/12/2017 10:35 am --> Severity: Notice --> Trying to get property of non-object /home2/carolhhp/public_html/democarol.com/homeservices/application/views/admin/categories/add_categories.php 54
ERROR - 10/12/2017 10:35 am --> Severity: Notice --> Undefined variable: rec /home2/carolhhp/public_html/democarol.com/homeservices/application/views/admin/categories/add_categories.php 54
ERROR - 10/12/2017 10:35 am --> Severity: Notice --> Trying to get property of non-object /home2/carolhhp/public_html/democarol.com/homeservices/application/views/admin/categories/add_categories.php 54
ERROR - 10/12/2017 10:35 am --> Severity: Notice --> Undefined variable: rec /home2/carolhhp/public_html/democarol.com/homeservices/application/views/admin/categories/add_categories.php 54
ERROR - 10/12/2017 10:35 am --> Severity: Notice --> Trying to get property of non-object /home2/carolhhp/public_html/democarol.com/homeservices/application/views/admin/categories/add_categories.php 54
ERROR - 10/12/2017 10:35 am --> Severity: Notice --> Undefined variable: rec /home2/carolhhp/public_html/democarol.com/homeservices/application/views/admin/categories/add_categories.php 54
ERROR - 10/12/2017 10:35 am --> Severity: Notice --> Trying to get property of non-object /home2/carolhhp/public_html/democarol.com/homeservices/application/views/admin/categories/add_categories.php 54
ERROR - 10/12/2017 10:35 am --> Severity: Notice --> Undefined variable: rec /home2/carolhhp/public_html/democarol.com/homeservices/application/views/admin/categories/add_categories.php 54
ERROR - 10/12/2017 10:35 am --> Severity: Notice --> Trying to get property of non-object /home2/carolhhp/public_html/democarol.com/homeservices/application/views/admin/categories/add_categories.php 54
ERROR - 10/12/2017 10:35 am --> Severity: Notice --> Undefined variable: rec /home2/carolhhp/public_html/democarol.com/homeservices/application/views/admin/categories/add_categories.php 54
ERROR - 10/12/2017 10:35 am --> Severity: Notice --> Trying to get property of non-object /home2/carolhhp/public_html/democarol.com/homeservices/application/views/admin/categories/add_categories.php 54
ERROR - 10/12/2017 10:35 am --> Severity: Notice --> Undefined variable: rec /home2/carolhhp/public_html/democarol.com/homeservices/application/views/admin/categories/add_categories.php 54
ERROR - 10/12/2017 10:35 am --> Severity: Notice --> Trying to get property of non-object /home2/carolhhp/public_html/democarol.com/homeservices/application/views/admin/categories/add_categories.php 54
ERROR - 10/12/2017 10:35 am --> Severity: Notice --> Undefined variable: rec /home2/carolhhp/public_html/democarol.com/homeservices/application/views/admin/categories/add_categories.php 54
ERROR - 10/12/2017 10:35 am --> Severity: Notice --> Trying to get property of non-object /home2/carolhhp/public_html/democarol.com/homeservices/application/views/admin/categories/add_categories.php 54
ERROR - 10/12/2017 10:35 am --> Severity: Notice --> Undefined variable: rec /home2/carolhhp/public_html/democarol.com/homeservices/application/views/admin/categories/add_categories.php 54
ERROR - 10/12/2017 10:35 am --> Severity: Notice --> Trying to get property of non-object /home2/carolhhp/public_html/democarol.com/homeservices/application/views/admin/categories/add_categories.php 54
ERROR - 10/12/2017 10:35 am --> Severity: Notice --> Undefined variable: rec /home2/carolhhp/public_html/democarol.com/homeservices/application/views/admin/categories/add_categories.php 54
ERROR - 10/12/2017 10:35 am --> Severity: Notice --> Trying to get property of non-object /home2/carolhhp/public_html/democarol.com/homeservices/application/views/admin/categories/add_categories.php 54
ERROR - 10/12/2017 10:35 am --> Severity: Notice --> Undefined variable: rec /home2/carolhhp/public_html/democarol.com/homeservices/application/views/admin/categories/add_categories.php 54
ERROR - 10/12/2017 10:35 am --> Severity: Notice --> Trying to get property of non-object /home2/carolhhp/public_html/democarol.com/homeservices/application/views/admin/categories/add_categories.php 54
ERROR - 10/12/2017 10:35 am --> Severity: Notice --> Undefined variable: rec /home2/carolhhp/public_html/democarol.com/homeservices/application/views/admin/categories/add_categories.php 54
ERROR - 10/12/2017 10:35 am --> Severity: Notice --> Trying to get property of non-object /home2/carolhhp/public_html/democarol.com/homeservices/application/views/admin/categories/add_categories.php 54
ERROR - 10/12/2017 10:35 am --> Severity: Notice --> Undefined variable: rec /home2/carolhhp/public_html/democarol.com/homeservices/application/views/admin/categories/add_categories.php 54
ERROR - 10/12/2017 10:35 am --> Severity: Notice --> Trying to get property of non-object /home2/carolhhp/public_html/democarol.com/homeservices/application/views/admin/categories/add_categories.php 54
ERROR - 10/12/2017 10:35 am --> Severity: Notice --> Undefined variable: rec /home2/carolhhp/public_html/democarol.com/homeservices/application/views/admin/categories/add_categories.php 54
ERROR - 10/12/2017 10:35 am --> Severity: Notice --> Trying to get property of non-object /home2/carolhhp/public_html/democarol.com/homeservices/application/views/admin/categories/add_categories.php 54
ERROR - 10/12/2017 10:35 am --> Severity: Notice --> Undefined variable: rec /home2/carolhhp/public_html/democarol.com/homeservices/application/views/admin/categories/add_categories.php 54
ERROR - 10/12/2017 10:35 am --> Severity: Notice --> Trying to get property of non-object /home2/carolhhp/public_html/democarol.com/homeservices/application/views/admin/categories/add_categories.php 54
ERROR - 10/12/2017 10:35 am --> Severity: Notice --> Undefined variable: rec /home2/carolhhp/public_html/democarol.com/homeservices/application/views/admin/categories/add_categories.php 54
ERROR - 10/12/2017 10:35 am --> Severity: Notice --> Trying to get property of non-object /home2/carolhhp/public_html/democarol.com/homeservices/application/views/admin/categories/add_categories.php 54
ERROR - 10/12/2017 10:35 am --> Severity: Notice --> Undefined variable: rec /home2/carolhhp/public_html/democarol.com/homeservices/application/views/admin/categories/add_categories.php 54
ERROR - 10/12/2017 10:35 am --> Severity: Notice --> Trying to get property of non-object /home2/carolhhp/public_html/democarol.com/homeservices/application/views/admin/categories/add_categories.php 54
ERROR - 10/12/2017 10:35 am --> Severity: Notice --> Undefined variable: rec /home2/carolhhp/public_html/democarol.com/homeservices/application/views/admin/categories/add_categories.php 54
ERROR - 10/12/2017 10:35 am --> Severity: Notice --> Trying to get property of non-object /home2/carolhhp/public_html/democarol.com/homeservices/application/views/admin/categories/add_categories.php 54
ERROR - 10/12/2017 10:35 am --> Severity: Notice --> Undefined variable: rec /home2/carolhhp/public_html/democarol.com/homeservices/application/views/admin/categories/add_categories.php 54
ERROR - 10/12/2017 10:35 am --> Severity: Notice --> Trying to get property of non-object /home2/carolhhp/public_html/democarol.com/homeservices/application/views/admin/categories/add_categories.php 54
ERROR - 10/12/2017 10:35 am --> Severity: Notice --> Undefined variable: rec /home2/carolhhp/public_html/democarol.com/homeservices/application/views/admin/categories/add_categories.php 54
ERROR - 10/12/2017 10:35 am --> Severity: Notice --> Trying to get property of non-object /home2/carolhhp/public_html/democarol.com/homeservices/application/views/admin/categories/add_categories.php 54
ERROR - 10/12/2017 10:35 am --> Severity: Notice --> Undefined variable: rec /home2/carolhhp/public_html/democarol.com/homeservices/application/views/admin/categories/add_categories.php 54
ERROR - 10/12/2017 10:35 am --> Severity: Notice --> Trying to get property of non-object /home2/carolhhp/public_html/democarol.com/homeservices/application/views/admin/categories/add_categories.php 54
ERROR - 10/12/2017 10:35 am --> Severity: Notice --> Undefined variable: rec /home2/carolhhp/public_html/democarol.com/homeservices/application/views/admin/categories/add_categories.php 54
ERROR - 10/12/2017 10:35 am --> Severity: Notice --> Trying to get property of non-object /home2/carolhhp/public_html/democarol.com/homeservices/application/views/admin/categories/add_categories.php 54
ERROR - 10/12/2017 10:35 am --> Severity: Notice --> Undefined variable: rec /home2/carolhhp/public_html/democarol.com/homeservices/application/views/admin/categories/add_categories.php 54
ERROR - 10/12/2017 10:35 am --> Severity: Notice --> Trying to get property of non-object /home2/carolhhp/public_html/democarol.com/homeservices/application/views/admin/categories/add_categories.php 54
ERROR - 10/12/2017 10:35 am --> Severity: Notice --> Undefined variable: rec /home2/carolhhp/public_html/democarol.com/homeservices/application/views/admin/categories/add_categories.php 54
ERROR - 10/12/2017 10:35 am --> Severity: Notice --> Trying to get property of non-object /home2/carolhhp/public_html/democarol.com/homeservices/application/views/admin/categories/add_categories.php 54
ERROR - 10/12/2017 10:35 am --> Severity: Notice --> Undefined variable: rec /home2/carolhhp/public_html/democarol.com/homeservices/application/views/admin/categories/add_categories.php 54
ERROR - 10/12/2017 10:35 am --> Severity: Notice --> Trying to get property of non-object /home2/carolhhp/public_html/democarol.com/homeservices/application/views/admin/categories/add_categories.php 54
ERROR - 10/12/2017 10:35 am --> Severity: Notice --> Undefined variable: rec /home2/carolhhp/public_html/democarol.com/homeservices/application/views/admin/categories/add_categories.php 54
ERROR - 10/12/2017 10:35 am --> Severity: Notice --> Trying to get property of non-object /home2/carolhhp/public_html/democarol.com/homeservices/application/views/admin/categories/add_categories.php 54
ERROR - 10/12/2017 10:35 am --> Severity: Notice --> Undefined variable: rec /home2/carolhhp/public_html/democarol.com/homeservices/application/views/admin/categories/add_categories.php 54
ERROR - 10/12/2017 10:35 am --> Severity: Notice --> Trying to get property of non-object /home2/carolhhp/public_html/democarol.com/homeservices/application/views/admin/categories/add_categories.php 54
ERROR - 10/12/2017 10:35 am --> Severity: Notice --> Undefined variable: rec /home2/carolhhp/public_html/democarol.com/homeservices/application/views/admin/categories/add_categories.php 54
ERROR - 10/12/2017 10:35 am --> Severity: Notice --> Trying to get property of non-object /home2/carolhhp/public_html/democarol.com/homeservices/application/views/admin/categories/add_categories.php 54
ERROR - 10/12/2017 10:35 am --> Severity: Notice --> Undefined variable: rec /home2/carolhhp/public_html/democarol.com/homeservices/application/views/admin/categories/add_categories.php 54
ERROR - 10/12/2017 10:35 am --> Severity: Notice --> Trying to get property of non-object /home2/carolhhp/public_html/democarol.com/homeservices/application/views/admin/categories/add_categories.php 54
ERROR - 10/12/2017 10:35 am --> Severity: Notice --> Undefined variable: rec /home2/carolhhp/public_html/democarol.com/homeservices/application/views/admin/categories/add_categories.php 54
ERROR - 10/12/2017 10:35 am --> Severity: Notice --> Trying to get property of non-object /home2/carolhhp/public_html/democarol.com/homeservices/application/views/admin/categories/add_categories.php 54
ERROR - 10/12/2017 10:35 am --> Severity: Notice --> Undefined variable: rec /home2/carolhhp/public_html/democarol.com/homeservices/application/views/admin/categories/add_categories.php 54
ERROR - 10/12/2017 10:35 am --> Severity: Notice --> Trying to get property of non-object /home2/carolhhp/public_html/democarol.com/homeservices/application/views/admin/categories/add_categories.php 54
ERROR - 10/12/2017 10:35 am --> Severity: Notice --> Undefined variable: rec /home2/carolhhp/public_html/democarol.com/homeservices/application/views/admin/categories/add_categories.php 54
ERROR - 10/12/2017 10:35 am --> Severity: Notice --> Trying to get property of non-object /home2/carolhhp/public_html/democarol.com/homeservices/application/views/admin/categories/add_categories.php 54
ERROR - 10/12/2017 10:35 am --> Severity: Notice --> Undefined variable: rec /home2/carolhhp/public_html/democarol.com/homeservices/application/views/admin/categories/add_categories.php 54
ERROR - 10/12/2017 10:35 am --> Severity: Notice --> Trying to get property of non-object /home2/carolhhp/public_html/democarol.com/homeservices/application/views/admin/categories/add_categories.php 54
ERROR - 10/12/2017 10:35 am --> Severity: Notice --> Undefined variable: rec /home2/carolhhp/public_html/democarol.com/homeservices/application/views/admin/categories/add_categories.php 54
ERROR - 10/12/2017 10:35 am --> Severity: Notice --> Trying to get property of non-object /home2/carolhhp/public_html/democarol.com/homeservices/application/views/admin/categories/add_categories.php 54
ERROR - 10/12/2017 10:35 am --> Severity: Notice --> Undefined variable: id /home2/carolhhp/public_html/democarol.com/homeservices/application/views/admin/categories/add_categories.php 135
ERROR - 10/12/2017 10:35 am --> Severity: Notice --> Undefined variable: id /home2/carolhhp/public_html/democarol.com/homeservices/application/views/admin/categories/add_categories.php 142
ERROR - 10/12/2017 10:35 am --> Severity: Notice --> Undefined variable: id /home2/carolhhp/public_html/democarol.com/homeservices/application/views/admin/categories/add_categories.php 149
ERROR - 10/12/2017 10:35 am --> Severity: Notice --> Undefined variable: idf /home2/carolhhp/public_html/democarol.com/homeservices/application/views/admin/categories/add_categories.php 192
ERROR - 10/12/2017 08:16 pm --> Severity: Notice --> Undefined variable: child_catname /home2/carolhhp/public_html/democarol.com/homeservices/application/views/front/home.php 97
ERROR - 10/12/2017 08:16 pm --> Severity: Notice --> Trying to get property of non-object /home2/carolhhp/public_html/democarol.com/homeservices/application/views/front/home.php 97
ERROR - 10/12/2017 08:16 pm --> Severity: Notice --> Undefined variable: child_catname /home2/carolhhp/public_html/democarol.com/homeservices/application/views/front/home.php 98
ERROR - 10/12/2017 08:16 pm --> Severity: Notice --> Trying to get property of non-object /home2/carolhhp/public_html/democarol.com/homeservices/application/views/front/home.php 98
ERROR - 10/12/2017 08:16 pm --> Severity: Notice --> Undefined variable: child_catname /home2/carolhhp/public_html/democarol.com/homeservices/application/views/front/home.php 99
ERROR - 10/12/2017 08:16 pm --> Severity: Notice --> Trying to get property of non-object /home2/carolhhp/public_html/democarol.com/homeservices/application/views/front/home.php 99
ERROR - 10/12/2017 08:16 pm --> Severity: Notice --> Undefined variable: child_catname /home2/carolhhp/public_html/democarol.com/homeservices/application/views/front/home.php 100
ERROR - 10/12/2017 08:16 pm --> Severity: Notice --> Trying to get property of non-object /home2/carolhhp/public_html/democarol.com/homeservices/application/views/front/home.php 100
ERROR - 10/12/2017 08:16 pm --> Severity: Notice --> Undefined variable: child_catname /home2/carolhhp/public_html/democarol.com/homeservices/application/views/front/home.php 101
ERROR - 10/12/2017 08:16 pm --> Severity: Notice --> Trying to get property of non-object /home2/carolhhp/public_html/democarol.com/homeservices/application/views/front/home.php 101
ERROR - 10/12/2017 08:16 pm --> Severity: Notice --> Use of undefined constant php - assumed 'php' /home2/carolhhp/public_html/democarol.com/homeservices/application/views/front/home.php 108
