ERROR - 05/23/2017 06:14 am --> Severity: Notice --> Undefined variable: child_catname /home2/carolhhp/public_html/democarol.com/homeservices/application/views/front/home.php 89
ERROR - 05/23/2017 06:14 am --> Severity: Notice --> Trying to get property of non-object /home2/carolhhp/public_html/democarol.com/homeservices/application/views/front/home.php 89
ERROR - 05/23/2017 06:14 am --> Severity: Notice --> Undefined variable: child_catname /home2/carolhhp/public_html/democarol.com/homeservices/application/views/front/home.php 90
ERROR - 05/23/2017 06:14 am --> Severity: Notice --> Trying to get property of non-object /home2/carolhhp/public_html/democarol.com/homeservices/application/views/front/home.php 90
ERROR - 05/23/2017 06:14 am --> Severity: Notice --> Undefined variable: child_catname /home2/carolhhp/public_html/democarol.com/homeservices/application/views/front/home.php 91
ERROR - 05/23/2017 06:14 am --> Severity: Notice --> Trying to get property of non-object /home2/carolhhp/public_html/democarol.com/homeservices/application/views/front/home.php 91
ERROR - 05/23/2017 06:14 am --> Severity: Notice --> Undefined variable: child_catname /home2/carolhhp/public_html/democarol.com/homeservices/application/views/front/home.php 92
ERROR - 05/23/2017 06:14 am --> Severity: Notice --> Trying to get property of non-object /home2/carolhhp/public_html/democarol.com/homeservices/application/views/front/home.php 92
ERROR - 05/23/2017 06:14 am --> Severity: Notice --> Undefined variable: child_catname /home2/carolhhp/public_html/democarol.com/homeservices/application/views/front/home.php 93
ERROR - 05/23/2017 06:14 am --> Severity: Notice --> Trying to get property of non-object /home2/carolhhp/public_html/democarol.com/homeservices/application/views/front/home.php 93
ERROR - 05/23/2017 06:14 am --> Severity: Notice --> Use of undefined constant php - assumed 'php' /home2/carolhhp/public_html/democarol.com/homeservices/application/views/front/home.php 100
ERROR - 05/23/2017 06:49 am --> Severity: Notice --> Undefined variable: child_catname /home2/carolhhp/public_html/democarol.com/homeservices/application/views/front/home.php 89
ERROR - 05/23/2017 06:49 am --> Severity: Notice --> Trying to get property of non-object /home2/carolhhp/public_html/democarol.com/homeservices/application/views/front/home.php 89
ERROR - 05/23/2017 06:49 am --> Severity: Notice --> Undefined variable: child_catname /home2/carolhhp/public_html/democarol.com/homeservices/application/views/front/home.php 90
ERROR - 05/23/2017 06:49 am --> Severity: Notice --> Trying to get property of non-object /home2/carolhhp/public_html/democarol.com/homeservices/application/views/front/home.php 90
ERROR - 05/23/2017 06:49 am --> Severity: Notice --> Undefined variable: child_catname /home2/carolhhp/public_html/democarol.com/homeservices/application/views/front/home.php 91
ERROR - 05/23/2017 06:49 am --> Severity: Notice --> Trying to get property of non-object /home2/carolhhp/public_html/democarol.com/homeservices/application/views/front/home.php 91
ERROR - 05/23/2017 06:49 am --> Severity: Notice --> Undefined variable: child_catname /home2/carolhhp/public_html/democarol.com/homeservices/application/views/front/home.php 92
ERROR - 05/23/2017 06:49 am --> Severity: Notice --> Trying to get property of non-object /home2/carolhhp/public_html/democarol.com/homeservices/application/views/front/home.php 92
ERROR - 05/23/2017 06:49 am --> Severity: Notice --> Undefined variable: child_catname /home2/carolhhp/public_html/democarol.com/homeservices/application/views/front/home.php 93
ERROR - 05/23/2017 06:49 am --> Severity: Notice --> Trying to get property of non-object /home2/carolhhp/public_html/democarol.com/homeservices/application/views/front/home.php 93
ERROR - 05/23/2017 06:49 am --> Severity: Notice --> Use of undefined constant php - assumed 'php' /home2/carolhhp/public_html/democarol.com/homeservices/application/views/front/home.php 100
ERROR - 05/23/2017 03:16 pm --> Severity: Notice --> Undefined variable: child_catname /home2/carolhhp/public_html/democarol.com/homeservices/application/views/front/home.php 89
ERROR - 05/23/2017 03:16 pm --> Severity: Notice --> Trying to get property of non-object /home2/carolhhp/public_html/democarol.com/homeservices/application/views/front/home.php 89
ERROR - 05/23/2017 03:16 pm --> Severity: Notice --> Undefined variable: child_catname /home2/carolhhp/public_html/democarol.com/homeservices/application/views/front/home.php 90
ERROR - 05/23/2017 03:16 pm --> Severity: Notice --> Trying to get property of non-object /home2/carolhhp/public_html/democarol.com/homeservices/application/views/front/home.php 90
ERROR - 05/23/2017 03:16 pm --> Severity: Notice --> Undefined variable: child_catname /home2/carolhhp/public_html/democarol.com/homeservices/application/views/front/home.php 91
ERROR - 05/23/2017 03:16 pm --> Severity: Notice --> Trying to get property of non-object /home2/carolhhp/public_html/democarol.com/homeservices/application/views/front/home.php 91
ERROR - 05/23/2017 03:16 pm --> Severity: Notice --> Undefined variable: child_catname /home2/carolhhp/public_html/democarol.com/homeservices/application/views/front/home.php 92
ERROR - 05/23/2017 03:16 pm --> Severity: Notice --> Trying to get property of non-object /home2/carolhhp/public_html/democarol.com/homeservices/application/views/front/home.php 92
ERROR - 05/23/2017 03:16 pm --> Severity: Notice --> Undefined variable: child_catname /home2/carolhhp/public_html/democarol.com/homeservices/application/views/front/home.php 93
ERROR - 05/23/2017 03:16 pm --> Severity: Notice --> Trying to get property of non-object /home2/carolhhp/public_html/democarol.com/homeservices/application/views/front/home.php 93
ERROR - 05/23/2017 03:16 pm --> Severity: Notice --> Use of undefined constant php - assumed 'php' /home2/carolhhp/public_html/democarol.com/homeservices/application/views/front/home.php 100
ERROR - 05/23/2017 05:19 am --> 404 Page Not Found: Assets/front
ERROR - 05/23/2017 05:20 am --> 404 Page Not Found: Assets/front
ERROR - 05/23/2017 05:20 am --> 404 Page Not Found: Assets/front
ERROR - 05/23/2017 05:20 am --> 404 Page Not Found: Assets/front
ERROR - 05/23/2017 05:20 am --> 404 Page Not Found: Assets/front
ERROR - 05/23/2017 05:20 am --> 404 Page Not Found: Assets/front
ERROR - 05/23/2017 05:27 am --> 404 Page Not Found: Assets/front
ERROR - 05/23/2017 05:27 am --> 404 Page Not Found: front/Service/badroom_plan
ERROR - 05/23/2017 05:27 am --> 404 Page Not Found: front/Service/badroom_plan
ERROR - 05/23/2017 05:27 am --> 404 Page Not Found: front/Service/badroom_plan
ERROR - 05/23/2017 05:27 am --> 404 Page Not Found: front/Service/badroom_plan
ERROR - 05/23/2017 05:27 am --> 404 Page Not Found: front/Service/badroom_plan
ERROR - 05/23/2017 05:27 am --> 404 Page Not Found: front/Service/badroom_plan
ERROR - 05/23/2017 05:27 am --> 404 Page Not Found: front/Service/badroom_plan
ERROR - 05/23/2017 05:27 am --> 404 Page Not Found: front/Service/badroom_plan
ERROR - 05/23/2017 05:27 am --> 404 Page Not Found: front/Service/badroom_plan
ERROR - 05/23/2017 05:27 am --> 404 Page Not Found: Assets/front
ERROR - 05/23/2017 05:27 am --> 404 Page Not Found: Assets/front
ERROR - 05/23/2017 05:27 am --> 404 Page Not Found: Assets/front
ERROR - 05/23/2017 05:27 am --> 404 Page Not Found: Assets/front
ERROR - 05/23/2017 05:27 am --> 404 Page Not Found: Assets/front
ERROR - 05/23/2017 04:02 pm --> Severity: Notice --> Undefined variable: child_catname /home2/carolhhp/public_html/democarol.com/homeservices/application/views/front/home.php 89
ERROR - 05/23/2017 04:02 pm --> Severity: Notice --> Trying to get property of non-object /home2/carolhhp/public_html/democarol.com/homeservices/application/views/front/home.php 89
ERROR - 05/23/2017 04:02 pm --> Severity: Notice --> Undefined variable: child_catname /home2/carolhhp/public_html/democarol.com/homeservices/application/views/front/home.php 90
ERROR - 05/23/2017 04:02 pm --> Severity: Notice --> Trying to get property of non-object /home2/carolhhp/public_html/democarol.com/homeservices/application/views/front/home.php 90
ERROR - 05/23/2017 04:02 pm --> Severity: Notice --> Undefined variable: child_catname /home2/carolhhp/public_html/democarol.com/homeservices/application/views/front/home.php 91
ERROR - 05/23/2017 04:02 pm --> Severity: Notice --> Trying to get property of non-object /home2/carolhhp/public_html/democarol.com/homeservices/application/views/front/home.php 91
ERROR - 05/23/2017 04:02 pm --> Severity: Notice --> Undefined variable: child_catname /home2/carolhhp/public_html/democarol.com/homeservices/application/views/front/home.php 92
ERROR - 05/23/2017 04:02 pm --> Severity: Notice --> Trying to get property of non-object /home2/carolhhp/public_html/democarol.com/homeservices/application/views/front/home.php 92
ERROR - 05/23/2017 04:02 pm --> Severity: Notice --> Undefined variable: child_catname /home2/carolhhp/public_html/democarol.com/homeservices/application/views/front/home.php 93
ERROR - 05/23/2017 04:02 pm --> Severity: Notice --> Trying to get property of non-object /home2/carolhhp/public_html/democarol.com/homeservices/application/views/front/home.php 93
ERROR - 05/23/2017 04:02 pm --> Severity: Notice --> Use of undefined constant php - assumed 'php' /home2/carolhhp/public_html/democarol.com/homeservices/application/views/front/home.php 100
ERROR - 05/23/2017 05:32 am --> 404 Page Not Found: Assets/front
ERROR - 05/23/2017 05:33 am --> 404 Page Not Found: front/Service/badroom_plan
ERROR - 05/23/2017 05:33 am --> 404 Page Not Found: front/Service/badroom_plan
ERROR - 05/23/2017 05:33 am --> 404 Page Not Found: front/Service/badroom_plan
ERROR - 05/23/2017 05:33 am --> 404 Page Not Found: front/Service/badroom_plan
ERROR - 05/23/2017 05:33 am --> 404 Page Not Found: front/Service/badroom_plan
ERROR - 05/23/2017 05:33 am --> 404 Page Not Found: Assets/front
ERROR - 05/23/2017 05:33 am --> 404 Page Not Found: Assets/front
ERROR - 05/23/2017 05:33 am --> 404 Page Not Found: Assets/front
ERROR - 05/23/2017 05:33 am --> 404 Page Not Found: Assets/front
ERROR - 05/23/2017 05:33 am --> 404 Page Not Found: Assets/front
ERROR - 05/23/2017 05:36 am --> 404 Page Not Found: Assets/front
ERROR - 05/23/2017 05:36 am --> 404 Page Not Found: front/Service/badroom_plan
ERROR - 05/23/2017 05:36 am --> 404 Page Not Found: front/Service/badroom_plan
ERROR - 05/23/2017 05:36 am --> 404 Page Not Found: front/Service/badroom_plan
ERROR - 05/23/2017 05:36 am --> 404 Page Not Found: front/Service/badroom_plan
ERROR - 05/23/2017 05:36 am --> 404 Page Not Found: front/Service/badroom_plan
ERROR - 05/23/2017 05:36 am --> 404 Page Not Found: front/Service/badroom_plan
ERROR - 05/23/2017 05:36 am --> 404 Page Not Found: front/Service/badroom_plan
ERROR - 05/23/2017 05:36 am --> 404 Page Not Found: Assets/front
ERROR - 05/23/2017 05:36 am --> 404 Page Not Found: Assets/front
ERROR - 05/23/2017 05:36 am --> 404 Page Not Found: Assets/front
ERROR - 05/23/2017 05:36 am --> 404 Page Not Found: Assets/front
ERROR - 05/23/2017 05:36 am --> 404 Page Not Found: Assets/front
ERROR - 05/23/2017 05:43 am --> 404 Page Not Found: Assets/front
ERROR - 05/23/2017 05:43 am --> 404 Page Not Found: Assets/front
ERROR - 05/23/2017 05:43 am --> 404 Page Not Found: Assets/front
ERROR - 05/23/2017 05:43 am --> 404 Page Not Found: Assets/front
ERROR - 05/23/2017 05:43 am --> 404 Page Not Found: Assets/front
ERROR - 05/23/2017 05:43 am --> 404 Page Not Found: Assets/front
ERROR - 05/23/2017 05:51 am --> 404 Page Not Found: Assets/front
ERROR - 05/23/2017 05:52 am --> 404 Page Not Found: front/Service/badroom_plan
ERROR - 05/23/2017 05:52 am --> 404 Page Not Found: front/Service/badroom_plan
ERROR - 05/23/2017 05:52 am --> 404 Page Not Found: front/Service/badroom_plan
ERROR - 05/23/2017 05:52 am --> 404 Page Not Found: front/Service/badroom_plan
ERROR - 05/23/2017 05:52 am --> 404 Page Not Found: front/Service/badroom_plan
ERROR - 05/23/2017 05:52 am --> 404 Page Not Found: front/Service/badroom_plan
ERROR - 05/23/2017 05:52 am --> 404 Page Not Found: front/Service/badroom_plan
ERROR - 05/23/2017 05:52 am --> 404 Page Not Found: front/Service/badroom_plan
ERROR - 05/23/2017 05:52 am --> 404 Page Not Found: front/Service/badroom_plan
ERROR - 05/23/2017 05:52 am --> 404 Page Not Found: front/Service/badroom_plan
ERROR - 05/23/2017 05:52 am --> 404 Page Not Found: Assets/front
ERROR - 05/23/2017 05:52 am --> 404 Page Not Found: Assets/front
ERROR - 05/23/2017 05:52 am --> 404 Page Not Found: Assets/front
ERROR - 05/23/2017 05:52 am --> 404 Page Not Found: Assets/front
ERROR - 05/23/2017 05:52 am --> 404 Page Not Found: Assets/front
ERROR - 05/23/2017 05:52 am --> 404 Page Not Found: Assets/front
ERROR - 05/23/2017 05:55 am --> 404 Page Not Found: Assets/front
ERROR - 05/23/2017 05:55 am --> 404 Page Not Found: front/Service/badroom_plan
ERROR - 05/23/2017 05:55 am --> 404 Page Not Found: front/Service/badroom_plan
ERROR - 05/23/2017 05:55 am --> 404 Page Not Found: front/Service/badroom_plan
ERROR - 05/23/2017 05:55 am --> 404 Page Not Found: front/Service/badroom_plan
ERROR - 05/23/2017 05:55 am --> 404 Page Not Found: front/Service/badroom_plan
ERROR - 05/23/2017 05:55 am --> 404 Page Not Found: front/Service/badroom_plan
ERROR - 05/23/2017 05:55 am --> 404 Page Not Found: front/Service/badroom_plan
ERROR - 05/23/2017 05:56 am --> 404 Page Not Found: Assets/front
ERROR - 05/23/2017 05:56 am --> 404 Page Not Found: Assets/front
ERROR - 05/23/2017 05:56 am --> 404 Page Not Found: Assets/front
ERROR - 05/23/2017 05:56 am --> 404 Page Not Found: Assets/front
ERROR - 05/23/2017 05:57 am --> 404 Page Not Found: Assets/front
ERROR - 05/23/2017 05:57 am --> 404 Page Not Found: front/Service/badroom_plan
ERROR - 05/23/2017 05:57 am --> 404 Page Not Found: front/Service/badroom_plan
ERROR - 05/23/2017 05:57 am --> 404 Page Not Found: front/Service/badroom_plan
ERROR - 05/23/2017 05:57 am --> 404 Page Not Found: front/Service/badroom_plan
ERROR - 05/23/2017 05:58 am --> 404 Page Not Found: front/Service/badroom_plan
ERROR - 05/23/2017 05:58 am --> 404 Page Not Found: front/Service/badroom_plan
ERROR - 05/23/2017 05:58 am --> 404 Page Not Found: Assets/front
ERROR - 05/23/2017 05:58 am --> 404 Page Not Found: Assets/front
ERROR - 05/23/2017 05:58 am --> 404 Page Not Found: Assets/front
ERROR - 05/23/2017 05:58 am --> 404 Page Not Found: Assets/front
ERROR - 05/23/2017 05:58 am --> 404 Page Not Found: Assets/front
ERROR - 05/23/2017 05:58 am --> 404 Page Not Found: front/Service/badroom_plan
ERROR - 05/23/2017 05:58 am --> 404 Page Not Found: front/Service/badroom_plan
ERROR - 05/23/2017 05:58 am --> 404 Page Not Found: front/Service/badroom_plan
ERROR - 05/23/2017 05:58 am --> 404 Page Not Found: front/Service/badroom_plan
ERROR - 05/23/2017 05:58 am --> 404 Page Not Found: front/Service/badroom_plan
ERROR - 05/23/2017 05:58 am --> 404 Page Not Found: front/Service/badroom_plan
ERROR - 05/23/2017 05:58 am --> 404 Page Not Found: front/Service/badroom_plan
ERROR - 05/23/2017 05:58 am --> 404 Page Not Found: front/Service/badroom_plan
ERROR - 05/23/2017 05:58 am --> 404 Page Not Found: front/Service/badroom_plan
ERROR - 05/23/2017 05:58 am --> 404 Page Not Found: front/Service/badroom_plan
ERROR - 05/23/2017 05:58 am --> 404 Page Not Found: front/Service/badroom_plan
ERROR - 05/23/2017 05:58 am --> 404 Page Not Found: front/Service/badroom_plan
ERROR - 05/23/2017 05:58 am --> 404 Page Not Found: front/Service/badroom_plan
ERROR - 05/23/2017 05:58 am --> 404 Page Not Found: front/Service/badroom_plan
ERROR - 05/23/2017 05:58 am --> 404 Page Not Found: front/Service/badroom_plan
ERROR - 05/23/2017 05:58 am --> 404 Page Not Found: front/Service/badroom_plan
ERROR - 05/23/2017 05:58 am --> 404 Page Not Found: front/Service/badroom_plan
ERROR - 05/23/2017 05:58 am --> 404 Page Not Found: Assets/front
ERROR - 05/23/2017 05:58 am --> 404 Page Not Found: Assets/front
ERROR - 05/23/2017 05:58 am --> 404 Page Not Found: Assets/front
ERROR - 05/23/2017 05:58 am --> 404 Page Not Found: Assets/front
ERROR - 05/23/2017 05:58 am --> 404 Page Not Found: Assets/front
ERROR - 05/23/2017 06:00 am --> 404 Page Not Found: Assets/front
ERROR - 05/23/2017 06:00 am --> 404 Page Not Found: Assets/front
ERROR - 05/23/2017 06:00 am --> 404 Page Not Found: Assets/front
ERROR - 05/23/2017 06:00 am --> 404 Page Not Found: Assets/front
ERROR - 05/23/2017 06:00 am --> 404 Page Not Found: Assets/front
ERROR - 05/23/2017 06:03 am --> 404 Page Not Found: Assets/front
ERROR - 05/23/2017 06:03 am --> 404 Page Not Found: front/Service/badroom_plan
ERROR - 05/23/2017 06:03 am --> 404 Page Not Found: front/Service/badroom_plan
ERROR - 05/23/2017 06:03 am --> 404 Page Not Found: front/Service/badroom_plan
ERROR - 05/23/2017 06:03 am --> 404 Page Not Found: front/Service/badroom_plan
ERROR - 05/23/2017 06:03 am --> 404 Page Not Found: front/Service/badroom_plan
ERROR - 05/23/2017 06:03 am --> 404 Page Not Found: front/Service/badroom_plan
ERROR - 05/23/2017 06:03 am --> 404 Page Not Found: front/Service/badroom_plan
ERROR - 05/23/2017 06:03 am --> 404 Page Not Found: front/Service/badroom_plan
ERROR - 05/23/2017 06:06 am --> 404 Page Not Found: Assets/front
ERROR - 05/23/2017 06:06 am --> 404 Page Not Found: Assets/front
ERROR - 05/23/2017 06:06 am --> 404 Page Not Found: Assets/front
ERROR - 05/23/2017 06:06 am --> 404 Page Not Found: Assets/front
ERROR - 05/23/2017 06:06 am --> 404 Page Not Found: Assets/front
ERROR - 05/23/2017 06:07 am --> 404 Page Not Found: Assets/front
ERROR - 05/23/2017 06:07 am --> 404 Page Not Found: front/Service/badroom_plan
ERROR - 05/23/2017 06:07 am --> 404 Page Not Found: front/Service/badroom_plan
ERROR - 05/23/2017 06:07 am --> 404 Page Not Found: front/Service/badroom_plan
ERROR - 05/23/2017 06:07 am --> 404 Page Not Found: Assets/front
ERROR - 05/23/2017 06:07 am --> 404 Page Not Found: Assets/front
ERROR - 05/23/2017 06:07 am --> 404 Page Not Found: Assets/front
ERROR - 05/23/2017 06:07 am --> 404 Page Not Found: Assets/front
ERROR - 05/23/2017 06:07 am --> 404 Page Not Found: Assets/front
ERROR - 05/23/2017 06:08 am --> 404 Page Not Found: Assets/front
ERROR - 05/23/2017 06:13 am --> 404 Page Not Found: Assets/front
ERROR - 05/23/2017 06:14 am --> 404 Page Not Found: Assets/front
ERROR - 05/23/2017 06:15 am --> 404 Page Not Found: Assets/front
ERROR - 05/23/2017 06:24 am --> 404 Page Not Found: Assets/front
ERROR - 05/23/2017 06:24 am --> 404 Page Not Found: front/Service/badroom_plan
ERROR - 05/23/2017 06:24 am --> 404 Page Not Found: front/Service/badroom_plan
ERROR - 05/23/2017 06:24 am --> 404 Page Not Found: front/Service/badroom_plan
ERROR - 05/23/2017 06:24 am --> 404 Page Not Found: front/Service/badroom_plan
ERROR - 05/23/2017 06:24 am --> 404 Page Not Found: front/Service/badroom_plan
ERROR - 05/23/2017 06:24 am --> 404 Page Not Found: front/Service/badroom_plan
ERROR - 05/23/2017 06:28 am --> 404 Page Not Found: Assets/front
ERROR - 05/23/2017 06:29 am --> 404 Page Not Found: Assets/front
ERROR - 05/23/2017 06:32 am --> 404 Page Not Found: Assets/front
ERROR - 05/23/2017 06:34 am --> 404 Page Not Found: Assets/front
ERROR - 05/23/2017 06:36 am --> 404 Page Not Found: Assets/front
ERROR - 05/23/2017 06:36 am --> 404 Page Not Found: Assets/front
ERROR - 05/23/2017 06:36 am --> 404 Page Not Found: Assets/front
ERROR - 05/23/2017 06:36 am --> 404 Page Not Found: Assets/front
ERROR - 05/23/2017 06:36 am --> 404 Page Not Found: Assets/front
ERROR - 05/23/2017 06:42 am --> 404 Page Not Found: Assets/front
ERROR - 05/23/2017 06:42 am --> 404 Page Not Found: Assets/front
ERROR - 05/23/2017 06:42 am --> 404 Page Not Found: front/Service/badroom_plan
ERROR - 05/23/2017 06:42 am --> 404 Page Not Found: front/Service/badroom_plan
ERROR - 05/23/2017 06:43 am --> 404 Page Not Found: Assets/front
ERROR - 05/23/2017 06:43 am --> 404 Page Not Found: Assets/front
ERROR - 05/23/2017 06:43 am --> 404 Page Not Found: Assets/front
ERROR - 05/23/2017 06:43 am --> 404 Page Not Found: Assets/front
ERROR - 05/23/2017 06:43 am --> 404 Page Not Found: Assets/front
ERROR - 05/23/2017 06:50 am --> 404 Page Not Found: Assets/front
ERROR - 05/23/2017 06:53 am --> 404 Page Not Found: Assets/front
ERROR - 05/23/2017 05:28 pm --> Severity: Notice --> Undefined variable: child_catname /home2/carolhhp/public_html/democarol.com/homeservices/application/views/front/home.php 89
ERROR - 05/23/2017 05:28 pm --> Severity: Notice --> Trying to get property of non-object /home2/carolhhp/public_html/democarol.com/homeservices/application/views/front/home.php 89
ERROR - 05/23/2017 05:28 pm --> Severity: Notice --> Undefined variable: child_catname /home2/carolhhp/public_html/democarol.com/homeservices/application/views/front/home.php 90
ERROR - 05/23/2017 05:28 pm --> Severity: Notice --> Trying to get property of non-object /home2/carolhhp/public_html/democarol.com/homeservices/application/views/front/home.php 90
ERROR - 05/23/2017 05:28 pm --> Severity: Notice --> Undefined variable: child_catname /home2/carolhhp/public_html/democarol.com/homeservices/application/views/front/home.php 91
ERROR - 05/23/2017 05:28 pm --> Severity: Notice --> Trying to get property of non-object /home2/carolhhp/public_html/democarol.com/homeservices/application/views/front/home.php 91
ERROR - 05/23/2017 05:28 pm --> Severity: Notice --> Undefined variable: child_catname /home2/carolhhp/public_html/democarol.com/homeservices/application/views/front/home.php 92
ERROR - 05/23/2017 05:28 pm --> Severity: Notice --> Trying to get property of non-object /home2/carolhhp/public_html/democarol.com/homeservices/application/views/front/home.php 92
ERROR - 05/23/2017 05:28 pm --> Severity: Notice --> Undefined variable: child_catname /home2/carolhhp/public_html/democarol.com/homeservices/application/views/front/home.php 93
ERROR - 05/23/2017 05:28 pm --> Severity: Notice --> Trying to get property of non-object /home2/carolhhp/public_html/democarol.com/homeservices/application/views/front/home.php 93
ERROR - 05/23/2017 05:28 pm --> Severity: Notice --> Use of undefined constant php - assumed 'php' /home2/carolhhp/public_html/democarol.com/homeservices/application/views/front/home.php 100
ERROR - 05/23/2017 07:00 am --> 404 Page Not Found: Assets/front
ERROR - 05/23/2017 08:52 pm --> Severity: Notice --> Undefined variable: child_catname /home2/carolhhp/public_html/democarol.com/homeservices/application/views/front/home.php 89
ERROR - 05/23/2017 08:52 pm --> Severity: Notice --> Trying to get property of non-object /home2/carolhhp/public_html/democarol.com/homeservices/application/views/front/home.php 89
ERROR - 05/23/2017 08:52 pm --> Severity: Notice --> Undefined variable: child_catname /home2/carolhhp/public_html/democarol.com/homeservices/application/views/front/home.php 90
ERROR - 05/23/2017 08:52 pm --> Severity: Notice --> Trying to get property of non-object /home2/carolhhp/public_html/democarol.com/homeservices/application/views/front/home.php 90
ERROR - 05/23/2017 08:52 pm --> Severity: Notice --> Undefined variable: child_catname /home2/carolhhp/public_html/democarol.com/homeservices/application/views/front/home.php 91
ERROR - 05/23/2017 08:52 pm --> Severity: Notice --> Trying to get property of non-object /home2/carolhhp/public_html/democarol.com/homeservices/application/views/front/home.php 91
ERROR - 05/23/2017 08:52 pm --> Severity: Notice --> Undefined variable: child_catname /home2/carolhhp/public_html/democarol.com/homeservices/application/views/front/home.php 92
ERROR - 05/23/2017 08:52 pm --> Severity: Notice --> Trying to get property of non-object /home2/carolhhp/public_html/democarol.com/homeservices/application/views/front/home.php 92
ERROR - 05/23/2017 08:52 pm --> Severity: Notice --> Undefined variable: child_catname /home2/carolhhp/public_html/democarol.com/homeservices/application/views/front/home.php 93
ERROR - 05/23/2017 08:52 pm --> Severity: Notice --> Trying to get property of non-object /home2/carolhhp/public_html/democarol.com/homeservices/application/views/front/home.php 93
ERROR - 05/23/2017 08:52 pm --> Severity: Notice --> Use of undefined constant php - assumed 'php' /home2/carolhhp/public_html/democarol.com/homeservices/application/views/front/home.php 100
ERROR - 05/23/2017 08:52 pm --> Severity: Notice --> Undefined variable: child_catname /home2/carolhhp/public_html/democarol.com/homeservices/application/views/front/home.php 89
ERROR - 05/23/2017 08:52 pm --> Severity: Notice --> Trying to get property of non-object /home2/carolhhp/public_html/democarol.com/homeservices/application/views/front/home.php 89
ERROR - 05/23/2017 08:52 pm --> Severity: Notice --> Undefined variable: child_catname /home2/carolhhp/public_html/democarol.com/homeservices/application/views/front/home.php 90
ERROR - 05/23/2017 08:52 pm --> Severity: Notice --> Trying to get property of non-object /home2/carolhhp/public_html/democarol.com/homeservices/application/views/front/home.php 90
ERROR - 05/23/2017 08:52 pm --> Severity: Notice --> Undefined variable: child_catname /home2/carolhhp/public_html/democarol.com/homeservices/application/views/front/home.php 91
ERROR - 05/23/2017 08:52 pm --> Severity: Notice --> Trying to get property of non-object /home2/carolhhp/public_html/democarol.com/homeservices/application/views/front/home.php 91
ERROR - 05/23/2017 08:52 pm --> Severity: Notice --> Undefined variable: child_catname /home2/carolhhp/public_html/democarol.com/homeservices/application/views/front/home.php 92
ERROR - 05/23/2017 08:52 pm --> Severity: Notice --> Trying to get property of non-object /home2/carolhhp/public_html/democarol.com/homeservices/application/views/front/home.php 92
ERROR - 05/23/2017 08:52 pm --> Severity: Notice --> Undefined variable: child_catname /home2/carolhhp/public_html/democarol.com/homeservices/application/views/front/home.php 93
ERROR - 05/23/2017 08:52 pm --> Severity: Notice --> Trying to get property of non-object /home2/carolhhp/public_html/democarol.com/homeservices/application/views/front/home.php 93
ERROR - 05/23/2017 08:52 pm --> Severity: Notice --> Use of undefined constant php - assumed 'php' /home2/carolhhp/public_html/democarol.com/homeservices/application/views/front/home.php 100
ERROR - 05/23/2017 10:23 am --> 404 Page Not Found: Assets/front
ERROR - 05/23/2017 10:23 am --> 404 Page Not Found: front/Service/badroom_plan
ERROR - 05/23/2017 10:23 am --> 404 Page Not Found: front/Service/badroom_plan
ERROR - 05/23/2017 10:23 am --> 404 Page Not Found: front/Service/badroom_plan
ERROR - 05/23/2017 10:23 am --> 404 Page Not Found: front/Service/badroom_plan
ERROR - 05/23/2017 10:23 am --> 404 Page Not Found: front/Service/badroom_plan
ERROR - 05/23/2017 10:23 am --> 404 Page Not Found: front/Service/badroom_plan
ERROR - 05/23/2017 10:23 am --> 404 Page Not Found: front/Service/badroom_plan
ERROR - 05/23/2017 10:23 am --> 404 Page Not Found: front/Service/badroom_plan
ERROR - 05/23/2017 10:23 am --> 404 Page Not Found: front/Service/badroom_plan
ERROR - 05/23/2017 10:23 am --> 404 Page Not Found: front/Service/badroom_plan
ERROR - 05/23/2017 10:23 am --> 404 Page Not Found: front/Service/badroom_plan
ERROR - 05/23/2017 10:23 am --> 404 Page Not Found: front/Service/badroom_plan
ERROR - 05/23/2017 10:23 am --> 404 Page Not Found: front/Service/badroom_plan
ERROR - 05/23/2017 10:23 am --> 404 Page Not Found: front/Service/badroom_plan
ERROR - 05/23/2017 10:23 am --> 404 Page Not Found: front/Service/badroom_plan
ERROR - 05/23/2017 10:45 pm --> Severity: Notice --> Undefined variable: child_catname /home2/carolhhp/public_html/democarol.com/homeservices/application/views/front/home.php 89
ERROR - 05/23/2017 10:45 pm --> Severity: Notice --> Trying to get property of non-object /home2/carolhhp/public_html/democarol.com/homeservices/application/views/front/home.php 89
ERROR - 05/23/2017 10:45 pm --> Severity: Notice --> Undefined variable: child_catname /home2/carolhhp/public_html/democarol.com/homeservices/application/views/front/home.php 90
ERROR - 05/23/2017 10:45 pm --> Severity: Notice --> Trying to get property of non-object /home2/carolhhp/public_html/democarol.com/homeservices/application/views/front/home.php 90
ERROR - 05/23/2017 10:45 pm --> Severity: Notice --> Undefined variable: child_catname /home2/carolhhp/public_html/democarol.com/homeservices/application/views/front/home.php 91
ERROR - 05/23/2017 10:45 pm --> Severity: Notice --> Trying to get property of non-object /home2/carolhhp/public_html/democarol.com/homeservices/application/views/front/home.php 91
ERROR - 05/23/2017 10:45 pm --> Severity: Notice --> Undefined variable: child_catname /home2/carolhhp/public_html/democarol.com/homeservices/application/views/front/home.php 92
ERROR - 05/23/2017 10:45 pm --> Severity: Notice --> Trying to get property of non-object /home2/carolhhp/public_html/democarol.com/homeservices/application/views/front/home.php 92
ERROR - 05/23/2017 10:45 pm --> Severity: Notice --> Undefined variable: child_catname /home2/carolhhp/public_html/democarol.com/homeservices/application/views/front/home.php 93
ERROR - 05/23/2017 10:45 pm --> Severity: Notice --> Trying to get property of non-object /home2/carolhhp/public_html/democarol.com/homeservices/application/views/front/home.php 93
ERROR - 05/23/2017 10:45 pm --> Severity: Notice --> Use of undefined constant php - assumed 'php' /home2/carolhhp/public_html/democarol.com/homeservices/application/views/front/home.php 100
ERROR - 05/23/2017 06:53 pm --> 404 Page Not Found: Assets/front
ERROR - 05/23/2017 06:53 pm --> 404 Page Not Found: front/Service/badroom_plan
ERROR - 05/23/2017 06:53 pm --> 404 Page Not Found: front/Service/badroom_plan
ERROR - 05/23/2017 06:53 pm --> 404 Page Not Found: front/Service/badroom_plan
ERROR - 05/23/2017 06:53 pm --> 404 Page Not Found: front/Service/badroom_plan
ERROR - 05/23/2017 06:53 pm --> 404 Page Not Found: front/Service/badroom_plan
ERROR - 05/23/2017 06:53 pm --> 404 Page Not Found: front/Service/badroom_plan
ERROR - 05/23/2017 06:53 pm --> 404 Page Not Found: Assets/front
ERROR - 05/23/2017 06:53 pm --> 404 Page Not Found: Assets/front
ERROR - 05/23/2017 06:53 pm --> 404 Page Not Found: Assets/front
ERROR - 05/23/2017 06:53 pm --> 404 Page Not Found: Assets/front
ERROR - 05/23/2017 06:53 pm --> 404 Page Not Found: Assets/front
ERROR - 05/23/2017 06:58 pm --> 404 Page Not Found: Assets/front
ERROR - 05/23/2017 06:58 pm --> 404 Page Not Found: Assets/front
ERROR - 05/23/2017 06:58 pm --> 404 Page Not Found: Assets/front
ERROR - 05/23/2017 06:58 pm --> 404 Page Not Found: Assets/front
ERROR - 05/23/2017 06:58 pm --> 404 Page Not Found: Assets/front
ERROR - 05/23/2017 06:58 pm --> 404 Page Not Found: Assets/front
ERROR - 05/23/2017 07:00 pm --> 404 Page Not Found: Assets/front
ERROR - 05/23/2017 07:00 pm --> 404 Page Not Found: Assets/front
ERROR - 05/23/2017 07:00 pm --> 404 Page Not Found: Assets/front
ERROR - 05/23/2017 07:00 pm --> 404 Page Not Found: Assets/front
ERROR - 05/23/2017 07:00 pm --> 404 Page Not Found: Assets/front
ERROR - 05/23/2017 07:00 pm --> 404 Page Not Found: Assets/front
ERROR - 05/23/2017 07:04 pm --> 404 Page Not Found: Assets/front
ERROR - 05/23/2017 07:05 pm --> 404 Page Not Found: Assets/front
ERROR - 05/23/2017 07:05 pm --> 404 Page Not Found: Assets/front
ERROR - 05/23/2017 07:05 pm --> 404 Page Not Found: Assets/front
ERROR - 05/23/2017 07:05 pm --> 404 Page Not Found: Assets/front
ERROR - 05/23/2017 07:05 pm --> 404 Page Not Found: Assets/front
ERROR - 05/23/2017 07:27 pm --> 404 Page Not Found: Assets/front
ERROR - 05/23/2017 07:27 pm --> 404 Page Not Found: front/Service/badroom_plan
ERROR - 05/23/2017 07:27 pm --> 404 Page Not Found: front/Service/badroom_plan
ERROR - 05/23/2017 07:30 pm --> 404 Page Not Found: Assets/front
ERROR - 05/23/2017 07:31 pm --> 404 Page Not Found: Assets/front
ERROR - 05/23/2017 07:31 pm --> 404 Page Not Found: Assets/front
ERROR - 05/23/2017 07:31 pm --> 404 Page Not Found: Assets/front
ERROR - 05/23/2017 07:31 pm --> 404 Page Not Found: Assets/front
ERROR - 05/23/2017 07:31 pm --> 404 Page Not Found: Assets/front
ERROR - 05/23/2017 07:32 pm --> 404 Page Not Found: Assets/front
ERROR - 05/23/2017 07:36 pm --> 404 Page Not Found: Assets/front
ERROR - 05/23/2017 07:39 pm --> 404 Page Not Found: Assets/front
ERROR - 05/23/2017 07:39 pm --> 404 Page Not Found: Assets/front
ERROR - 05/23/2017 07:39 pm --> 404 Page Not Found: Assets/front
ERROR - 05/23/2017 07:39 pm --> 404 Page Not Found: Assets/front
ERROR - 05/23/2017 07:39 pm --> 404 Page Not Found: Assets/front
ERROR - 05/23/2017 07:39 pm --> 404 Page Not Found: Assets/front
ERROR - 05/23/2017 08:17 pm --> 404 Page Not Found: Assets/front
ERROR - 05/23/2017 08:17 pm --> 404 Page Not Found: front/Service/badroom_plan
ERROR - 05/23/2017 08:17 pm --> 404 Page Not Found: front/Service/badroom_plan
ERROR - 05/23/2017 08:17 pm --> 404 Page Not Found: front/Service/badroom_plan
ERROR - 05/23/2017 08:17 pm --> 404 Page Not Found: front/Service/badroom_plan
ERROR - 05/23/2017 08:17 pm --> 404 Page Not Found: front/Service/badroom_plan
ERROR - 05/23/2017 08:17 pm --> 404 Page Not Found: front/Service/badroom_plan
ERROR - 05/23/2017 08:17 pm --> 404 Page Not Found: front/Service/badroom_plan
ERROR - 05/23/2017 08:17 pm --> 404 Page Not Found: Assets/front
ERROR - 05/23/2017 08:17 pm --> 404 Page Not Found: Assets/front
ERROR - 05/23/2017 08:17 pm --> 404 Page Not Found: Assets/front
ERROR - 05/23/2017 08:17 pm --> 404 Page Not Found: Assets/front
ERROR - 05/23/2017 08:17 pm --> 404 Page Not Found: Assets/front
ERROR - 05/23/2017 08:21 pm --> 404 Page Not Found: Assets/front
ERROR - 05/23/2017 08:21 pm --> 404 Page Not Found: Assets/front
ERROR - 05/23/2017 08:21 pm --> 404 Page Not Found: Assets/front
ERROR - 05/23/2017 08:21 pm --> 404 Page Not Found: Assets/front
ERROR - 05/23/2017 08:21 pm --> 404 Page Not Found: Assets/front
ERROR - 05/23/2017 08:21 pm --> 404 Page Not Found: Assets/front
ERROR - 05/23/2017 08:47 pm --> 404 Page Not Found: Assets/front
ERROR - 05/23/2017 08:50 pm --> 404 Page Not Found: Assets/front
ERROR - 05/23/2017 08:53 pm --> 404 Page Not Found: Assets/front
ERROR - 05/23/2017 08:53 pm --> 404 Page Not Found: front/Service/badroom_plan
ERROR - 05/23/2017 08:53 pm --> 404 Page Not Found: front/Service/badroom_plan
ERROR - 05/23/2017 08:53 pm --> 404 Page Not Found: front/Service/badroom_plan
ERROR - 05/23/2017 08:53 pm --> 404 Page Not Found: front/Service/badroom_plan
ERROR - 05/23/2017 08:53 pm --> 404 Page Not Found: front/Service/badroom_plan
ERROR - 05/23/2017 08:53 pm --> 404 Page Not Found: front/Service/badroom_plan
ERROR - 05/23/2017 08:56 pm --> 404 Page Not Found: Assets/front
