ERROR - 05/18/2017 05:35 am --> Severity: Notice --> Undefined variable: child_catname /home2/carolhhp/public_html/democarol.com/homeservices/application/views/front/home.php 89
ERROR - 05/18/2017 05:35 am --> Severity: Notice --> Trying to get property of non-object /home2/carolhhp/public_html/democarol.com/homeservices/application/views/front/home.php 89
ERROR - 05/18/2017 05:35 am --> Severity: Notice --> Undefined variable: child_catname /home2/carolhhp/public_html/democarol.com/homeservices/application/views/front/home.php 90
ERROR - 05/18/2017 05:35 am --> Severity: Notice --> Trying to get property of non-object /home2/carolhhp/public_html/democarol.com/homeservices/application/views/front/home.php 90
ERROR - 05/18/2017 05:35 am --> Severity: Notice --> Undefined variable: child_catname /home2/carolhhp/public_html/democarol.com/homeservices/application/views/front/home.php 91
ERROR - 05/18/2017 05:35 am --> Severity: Notice --> Trying to get property of non-object /home2/carolhhp/public_html/democarol.com/homeservices/application/views/front/home.php 91
ERROR - 05/18/2017 05:35 am --> Severity: Notice --> Undefined variable: child_catname /home2/carolhhp/public_html/democarol.com/homeservices/application/views/front/home.php 92
ERROR - 05/18/2017 05:35 am --> Severity: Notice --> Trying to get property of non-object /home2/carolhhp/public_html/democarol.com/homeservices/application/views/front/home.php 92
ERROR - 05/18/2017 05:35 am --> Severity: Notice --> Undefined variable: child_catname /home2/carolhhp/public_html/democarol.com/homeservices/application/views/front/home.php 93
ERROR - 05/18/2017 05:35 am --> Severity: Notice --> Trying to get property of non-object /home2/carolhhp/public_html/democarol.com/homeservices/application/views/front/home.php 93
ERROR - 05/18/2017 05:35 am --> Severity: Notice --> Use of undefined constant php - assumed 'php' /home2/carolhhp/public_html/democarol.com/homeservices/application/views/front/home.php 100
ERROR - 05/18/2017 05:36 am --> Severity: Notice --> Undefined variable: child_catname /home2/carolhhp/public_html/democarol.com/homeservices/application/views/front/home.php 89
ERROR - 05/18/2017 05:36 am --> Severity: Notice --> Trying to get property of non-object /home2/carolhhp/public_html/democarol.com/homeservices/application/views/front/home.php 89
ERROR - 05/18/2017 05:36 am --> Severity: Notice --> Undefined variable: child_catname /home2/carolhhp/public_html/democarol.com/homeservices/application/views/front/home.php 90
ERROR - 05/18/2017 05:36 am --> Severity: Notice --> Trying to get property of non-object /home2/carolhhp/public_html/democarol.com/homeservices/application/views/front/home.php 90
ERROR - 05/18/2017 05:36 am --> Severity: Notice --> Undefined variable: child_catname /home2/carolhhp/public_html/democarol.com/homeservices/application/views/front/home.php 91
ERROR - 05/18/2017 05:36 am --> Severity: Notice --> Trying to get property of non-object /home2/carolhhp/public_html/democarol.com/homeservices/application/views/front/home.php 91
ERROR - 05/18/2017 05:36 am --> Severity: Notice --> Undefined variable: child_catname /home2/carolhhp/public_html/democarol.com/homeservices/application/views/front/home.php 92
ERROR - 05/18/2017 05:36 am --> Severity: Notice --> Trying to get property of non-object /home2/carolhhp/public_html/democarol.com/homeservices/application/views/front/home.php 92
ERROR - 05/18/2017 05:36 am --> Severity: Notice --> Undefined variable: child_catname /home2/carolhhp/public_html/democarol.com/homeservices/application/views/front/home.php 93
ERROR - 05/18/2017 05:36 am --> Severity: Notice --> Trying to get property of non-object /home2/carolhhp/public_html/democarol.com/homeservices/application/views/front/home.php 93
ERROR - 05/18/2017 05:36 am --> Severity: Notice --> Use of undefined constant php - assumed 'php' /home2/carolhhp/public_html/democarol.com/homeservices/application/views/front/home.php 100
ERROR - 05/18/2017 12:01 am --> 404 Page Not Found: Images/photos
ERROR - 05/18/2017 12:01 am --> 404 Page Not Found: Assets/js
ERROR - 05/18/2017 12:01 am --> 404 Page Not Found: Assets/js
ERROR - 05/18/2017 12:01 am --> 404 Page Not Found: Assets/js
ERROR - 05/18/2017 12:01 am --> 404 Page Not Found: Images/photos
ERROR - 05/18/2017 12:01 am --> 404 Page Not Found: Assets/js
ERROR - 05/18/2017 12:05 am --> 404 Page Not Found: Assets/js
ERROR - 05/18/2017 12:05 am --> 404 Page Not Found: Images/photos
ERROR - 05/18/2017 12:05 am --> 404 Page Not Found: Images/photos
ERROR - 05/18/2017 12:05 am --> 404 Page Not Found: Assets/js
ERROR - 05/18/2017 12:05 am --> 404 Page Not Found: Images/photos
ERROR - 05/18/2017 12:06 am --> 404 Page Not Found: Assets/img
ERROR - 05/18/2017 10:50 am --> Query error: Duplicate entry 'c1ac9aa9100b73fff8141f9ce734cedf8813d5bb' for key 'PRIMARY' - Invalid query: INSERT INTO `ai_sessions` (`id`, `ip_address`, `timestamp`, `data`) VALUES ('c1ac9aa9100b73fff8141f9ce734cedf8813d5bb', '180.76.15.20', 1495084801, '__ci_last_regenerate|i:1495084801;fb_1798431413741569_state|s:32:\"a1bdbda3224f50899cbe8ec0585571f8\";')
ERROR - 05/18/2017 10:50 am --> Severity: Warning --> Cannot modify header information - headers already sent by (output started at /home2/carolhhp/public_html/democarol.com/homeservices/system/core/Output.php:528) /home2/carolhhp/public_html/democarol.com/homeservices/system/core/Common.php 573
ERROR - 05/18/2017 12:52 am --> 404 Page Not Found: Assets/js
ERROR - 05/18/2017 12:52 am --> 404 Page Not Found: Images/photos
ERROR - 05/18/2017 12:52 am --> 404 Page Not Found: Assets/js
ERROR - 05/18/2017 12:52 am --> 404 Page Not Found: Images/photos
ERROR - 05/18/2017 11:33 am --> Severity: Notice --> Undefined property: Plan::$segment /home2/carolhhp/public_html/democarol.com/homeservices/application/controllers/Plan.php 235
ERROR - 05/18/2017 11:33 am --> Severity: Warning --> Cannot modify header information - headers already sent by (output started at /home2/carolhhp/public_html/democarol.com/homeservices/system/core/Exceptions.php:271) /home2/carolhhp/public_html/democarol.com/homeservices/system/core/Common.php 573
ERROR - 05/18/2017 11:33 am --> Severity: Error --> Call to a member function uri() on null /home2/carolhhp/public_html/democarol.com/homeservices/application/controllers/Plan.php 235
ERROR - 05/18/2017 01:07 am --> 404 Page Not Found: Assets/js
ERROR - 05/18/2017 01:07 am --> 404 Page Not Found: Images/photos
ERROR - 05/18/2017 01:07 am --> 404 Page Not Found: Assets/js
ERROR - 05/18/2017 01:07 am --> 404 Page Not Found: Images/photos
ERROR - 05/18/2017 12:13 pm --> Severity: Notice --> Trying to get property of non-object /home2/carolhhp/public_html/democarol.com/homeservices/application/views/admin/plan/edit_plan.php 62
ERROR - 05/18/2017 12:13 pm --> Severity: Notice --> Trying to get property of non-object /home2/carolhhp/public_html/democarol.com/homeservices/application/views/admin/plan/edit_plan.php 62
ERROR - 05/18/2017 01:43 am --> 404 Page Not Found: Assets/js
ERROR - 05/18/2017 01:43 am --> 404 Page Not Found: Images/photos
ERROR - 05/18/2017 01:43 am --> 404 Page Not Found: Assets/js
ERROR - 05/18/2017 01:43 am --> 404 Page Not Found: Images/photos
ERROR - 05/18/2017 01:45 am --> 404 Page Not Found: Assets/js
ERROR - 05/18/2017 01:45 am --> 404 Page Not Found: Images/photos
ERROR - 05/18/2017 01:45 am --> 404 Page Not Found: Assets/js
ERROR - 05/18/2017 01:45 am --> 404 Page Not Found: Images/photos
ERROR - 05/18/2017 01:45 am --> 404 Page Not Found: Assets/js
ERROR - 05/18/2017 01:45 am --> 404 Page Not Found: Images/photos
ERROR - 05/18/2017 01:45 am --> 404 Page Not Found: Assets/js
ERROR - 05/18/2017 01:45 am --> 404 Page Not Found: Images/photos
ERROR - 05/18/2017 01:47 am --> 404 Page Not Found: Assets/js
ERROR - 05/18/2017 01:47 am --> 404 Page Not Found: Images/photos
ERROR - 05/18/2017 01:47 am --> 404 Page Not Found: Assets/js
ERROR - 05/18/2017 01:47 am --> 404 Page Not Found: Images/photos
ERROR - 05/18/2017 02:07 am --> 404 Page Not Found: Assets/js
ERROR - 05/18/2017 02:07 am --> 404 Page Not Found: Images/photos
ERROR - 05/18/2017 02:07 am --> 404 Page Not Found: Assets/js
ERROR - 05/18/2017 02:07 am --> 404 Page Not Found: Images/photos
ERROR - 05/18/2017 02:08 am --> 404 Page Not Found: Assets/js
ERROR - 05/18/2017 02:08 am --> 404 Page Not Found: Images/photos
ERROR - 05/18/2017 02:08 am --> 404 Page Not Found: Assets/js
ERROR - 05/18/2017 02:08 am --> 404 Page Not Found: Images/photos
ERROR - 05/18/2017 02:11 am --> 404 Page Not Found: Assets/js
ERROR - 05/18/2017 02:11 am --> 404 Page Not Found: Images/photos
ERROR - 05/18/2017 02:11 am --> 404 Page Not Found: Assets/js
ERROR - 05/18/2017 02:11 am --> 404 Page Not Found: Images/photos
ERROR - 05/18/2017 02:25 am --> 404 Page Not Found: Assets/js
ERROR - 05/18/2017 02:25 am --> 404 Page Not Found: Images/photos
ERROR - 05/18/2017 02:25 am --> 404 Page Not Found: Assets/js
ERROR - 05/18/2017 02:25 am --> 404 Page Not Found: Images/photos
ERROR - 05/18/2017 02:26 am --> 404 Page Not Found: Assets/js
ERROR - 05/18/2017 02:26 am --> 404 Page Not Found: Images/photos
ERROR - 05/18/2017 02:26 am --> 404 Page Not Found: Assets/js
ERROR - 05/18/2017 02:26 am --> 404 Page Not Found: Images/photos
ERROR - 05/18/2017 02:28 am --> 404 Page Not Found: Assets/js
ERROR - 05/18/2017 02:28 am --> 404 Page Not Found: Images/photos
ERROR - 05/18/2017 02:28 am --> 404 Page Not Found: Assets/js
ERROR - 05/18/2017 02:28 am --> 404 Page Not Found: Images/photos
ERROR - 05/18/2017 02:30 am --> 404 Page Not Found: Assets/js
ERROR - 05/18/2017 02:30 am --> 404 Page Not Found: Assets/js
ERROR - 05/18/2017 02:30 am --> 404 Page Not Found: Assets/js
ERROR - 05/18/2017 02:30 am --> 404 Page Not Found: Images/photos
ERROR - 05/18/2017 02:30 am --> 404 Page Not Found: Assets/js
ERROR - 05/18/2017 02:30 am --> 404 Page Not Found: Assets/js
ERROR - 05/18/2017 02:30 am --> 404 Page Not Found: Images/photos
ERROR - 05/18/2017 02:31 am --> 404 Page Not Found: Assets/js
ERROR - 05/18/2017 02:31 am --> 404 Page Not Found: Images/photos
ERROR - 05/18/2017 02:31 am --> 404 Page Not Found: Assets/js
ERROR - 05/18/2017 01:01 pm --> Severity: Notice --> Undefined variable: child_catname /home2/carolhhp/public_html/democarol.com/homeservices/application/views/front/home.php 89
ERROR - 05/18/2017 01:01 pm --> Severity: Notice --> Trying to get property of non-object /home2/carolhhp/public_html/democarol.com/homeservices/application/views/front/home.php 89
ERROR - 05/18/2017 01:01 pm --> Severity: Notice --> Undefined variable: child_catname /home2/carolhhp/public_html/democarol.com/homeservices/application/views/front/home.php 90
ERROR - 05/18/2017 01:01 pm --> Severity: Notice --> Trying to get property of non-object /home2/carolhhp/public_html/democarol.com/homeservices/application/views/front/home.php 90
ERROR - 05/18/2017 01:01 pm --> Severity: Notice --> Undefined variable: child_catname /home2/carolhhp/public_html/democarol.com/homeservices/application/views/front/home.php 91
ERROR - 05/18/2017 01:01 pm --> Severity: Notice --> Trying to get property of non-object /home2/carolhhp/public_html/democarol.com/homeservices/application/views/front/home.php 91
ERROR - 05/18/2017 01:01 pm --> Severity: Notice --> Undefined variable: child_catname /home2/carolhhp/public_html/democarol.com/homeservices/application/views/front/home.php 92
ERROR - 05/18/2017 01:01 pm --> Severity: Notice --> Trying to get property of non-object /home2/carolhhp/public_html/democarol.com/homeservices/application/views/front/home.php 92
ERROR - 05/18/2017 01:01 pm --> Severity: Notice --> Undefined variable: child_catname /home2/carolhhp/public_html/democarol.com/homeservices/application/views/front/home.php 93
ERROR - 05/18/2017 01:01 pm --> Severity: Notice --> Trying to get property of non-object /home2/carolhhp/public_html/democarol.com/homeservices/application/views/front/home.php 93
ERROR - 05/18/2017 01:01 pm --> Severity: Notice --> Use of undefined constant php - assumed 'php' /home2/carolhhp/public_html/democarol.com/homeservices/application/views/front/home.php 100
ERROR - 05/18/2017 02:31 am --> 404 Page Not Found: Images/photos
ERROR - 05/18/2017 04:16 pm --> Severity: Notice --> Undefined variable: child_catname /home2/carolhhp/public_html/democarol.com/homeservices/application/views/front/home.php 89
ERROR - 05/18/2017 04:16 pm --> Severity: Notice --> Trying to get property of non-object /home2/carolhhp/public_html/democarol.com/homeservices/application/views/front/home.php 89
ERROR - 05/18/2017 04:16 pm --> Severity: Notice --> Undefined variable: child_catname /home2/carolhhp/public_html/democarol.com/homeservices/application/views/front/home.php 90
ERROR - 05/18/2017 04:16 pm --> Severity: Notice --> Trying to get property of non-object /home2/carolhhp/public_html/democarol.com/homeservices/application/views/front/home.php 90
ERROR - 05/18/2017 04:16 pm --> Severity: Notice --> Undefined variable: child_catname /home2/carolhhp/public_html/democarol.com/homeservices/application/views/front/home.php 91
ERROR - 05/18/2017 04:16 pm --> Severity: Notice --> Trying to get property of non-object /home2/carolhhp/public_html/democarol.com/homeservices/application/views/front/home.php 91
ERROR - 05/18/2017 04:16 pm --> Severity: Notice --> Undefined variable: child_catname /home2/carolhhp/public_html/democarol.com/homeservices/application/views/front/home.php 92
ERROR - 05/18/2017 04:16 pm --> Severity: Notice --> Trying to get property of non-object /home2/carolhhp/public_html/democarol.com/homeservices/application/views/front/home.php 92
ERROR - 05/18/2017 04:16 pm --> Severity: Notice --> Undefined variable: child_catname /home2/carolhhp/public_html/democarol.com/homeservices/application/views/front/home.php 93
ERROR - 05/18/2017 04:16 pm --> Severity: Notice --> Trying to get property of non-object /home2/carolhhp/public_html/democarol.com/homeservices/application/views/front/home.php 93
ERROR - 05/18/2017 04:16 pm --> Severity: Notice --> Use of undefined constant php - assumed 'php' /home2/carolhhp/public_html/democarol.com/homeservices/application/views/front/home.php 100
ERROR - 05/18/2017 05:47 am --> 404 Page Not Found: Assets/front
ERROR - 05/18/2017 05:47 am --> 404 Page Not Found: Assets/front
ERROR - 05/18/2017 05:47 am --> 404 Page Not Found: front/Service/badroom_plan
ERROR - 05/18/2017 05:47 am --> 404 Page Not Found: front/Service/badroom_plan
ERROR - 05/18/2017 05:47 am --> 404 Page Not Found: front/Service/badroom_plan
ERROR - 05/18/2017 05:47 am --> 404 Page Not Found: front/Service/badroom_plan
ERROR - 05/18/2017 05:47 am --> 404 Page Not Found: front/Service/badroom_plan
ERROR - 05/18/2017 04:18 pm --> Severity: Notice --> Undefined variable: child_catname /home2/carolhhp/public_html/democarol.com/homeservices/application/views/front/home.php 89
ERROR - 05/18/2017 04:18 pm --> Severity: Notice --> Trying to get property of non-object /home2/carolhhp/public_html/democarol.com/homeservices/application/views/front/home.php 89
ERROR - 05/18/2017 04:18 pm --> Severity: Notice --> Undefined variable: child_catname /home2/carolhhp/public_html/democarol.com/homeservices/application/views/front/home.php 90
ERROR - 05/18/2017 04:18 pm --> Severity: Notice --> Trying to get property of non-object /home2/carolhhp/public_html/democarol.com/homeservices/application/views/front/home.php 90
ERROR - 05/18/2017 04:18 pm --> Severity: Notice --> Undefined variable: child_catname /home2/carolhhp/public_html/democarol.com/homeservices/application/views/front/home.php 91
ERROR - 05/18/2017 04:18 pm --> Severity: Notice --> Trying to get property of non-object /home2/carolhhp/public_html/democarol.com/homeservices/application/views/front/home.php 91
ERROR - 05/18/2017 04:18 pm --> Severity: Notice --> Undefined variable: child_catname /home2/carolhhp/public_html/democarol.com/homeservices/application/views/front/home.php 92
ERROR - 05/18/2017 04:18 pm --> Severity: Notice --> Trying to get property of non-object /home2/carolhhp/public_html/democarol.com/homeservices/application/views/front/home.php 92
ERROR - 05/18/2017 04:18 pm --> Severity: Notice --> Undefined variable: child_catname /home2/carolhhp/public_html/democarol.com/homeservices/application/views/front/home.php 93
ERROR - 05/18/2017 04:18 pm --> Severity: Notice --> Trying to get property of non-object /home2/carolhhp/public_html/democarol.com/homeservices/application/views/front/home.php 93
ERROR - 05/18/2017 04:18 pm --> Severity: Notice --> Use of undefined constant php - assumed 'php' /home2/carolhhp/public_html/democarol.com/homeservices/application/views/front/home.php 100
ERROR - 05/18/2017 05:48 am --> 404 Page Not Found: Assets/front
ERROR - 05/18/2017 04:20 pm --> Severity: Notice --> Undefined variable: child_catname /home2/carolhhp/public_html/democarol.com/homeservices/application/views/front/home.php 89
ERROR - 05/18/2017 04:20 pm --> Severity: Notice --> Trying to get property of non-object /home2/carolhhp/public_html/democarol.com/homeservices/application/views/front/home.php 89
ERROR - 05/18/2017 04:20 pm --> Severity: Notice --> Undefined variable: child_catname /home2/carolhhp/public_html/democarol.com/homeservices/application/views/front/home.php 90
ERROR - 05/18/2017 04:20 pm --> Severity: Notice --> Trying to get property of non-object /home2/carolhhp/public_html/democarol.com/homeservices/application/views/front/home.php 90
ERROR - 05/18/2017 04:20 pm --> Severity: Notice --> Undefined variable: child_catname /home2/carolhhp/public_html/democarol.com/homeservices/application/views/front/home.php 91
ERROR - 05/18/2017 04:20 pm --> Severity: Notice --> Trying to get property of non-object /home2/carolhhp/public_html/democarol.com/homeservices/application/views/front/home.php 91
ERROR - 05/18/2017 04:20 pm --> Severity: Notice --> Undefined variable: child_catname /home2/carolhhp/public_html/democarol.com/homeservices/application/views/front/home.php 92
ERROR - 05/18/2017 04:20 pm --> Severity: Notice --> Trying to get property of non-object /home2/carolhhp/public_html/democarol.com/homeservices/application/views/front/home.php 92
ERROR - 05/18/2017 04:20 pm --> Severity: Notice --> Undefined variable: child_catname /home2/carolhhp/public_html/democarol.com/homeservices/application/views/front/home.php 93
ERROR - 05/18/2017 04:20 pm --> Severity: Notice --> Trying to get property of non-object /home2/carolhhp/public_html/democarol.com/homeservices/application/views/front/home.php 93
ERROR - 05/18/2017 04:20 pm --> Severity: Notice --> Use of undefined constant php - assumed 'php' /home2/carolhhp/public_html/democarol.com/homeservices/application/views/front/home.php 100
ERROR - 05/18/2017 07:42 pm --> 404 Page Not Found: Assets/front
ERROR - 05/18/2017 11:23 pm --> 404 Page Not Found: Images/photos
