ERROR - 05/29/2017 03:35 am --> Severity: Notice --> Undefined variable: child_catname /home2/carolhhp/public_html/democarol.com/homeservices/application/views/front/home.php 89
ERROR - 05/29/2017 03:35 am --> Severity: Notice --> Trying to get property of non-object /home2/carolhhp/public_html/democarol.com/homeservices/application/views/front/home.php 89
ERROR - 05/29/2017 03:35 am --> Severity: Notice --> Undefined variable: child_catname /home2/carolhhp/public_html/democarol.com/homeservices/application/views/front/home.php 90
ERROR - 05/29/2017 03:35 am --> Severity: Notice --> Trying to get property of non-object /home2/carolhhp/public_html/democarol.com/homeservices/application/views/front/home.php 90
ERROR - 05/29/2017 03:35 am --> Severity: Notice --> Undefined variable: child_catname /home2/carolhhp/public_html/democarol.com/homeservices/application/views/front/home.php 91
ERROR - 05/29/2017 03:35 am --> Severity: Notice --> Trying to get property of non-object /home2/carolhhp/public_html/democarol.com/homeservices/application/views/front/home.php 91
ERROR - 05/29/2017 03:35 am --> Severity: Notice --> Undefined variable: child_catname /home2/carolhhp/public_html/democarol.com/homeservices/application/views/front/home.php 92
ERROR - 05/29/2017 03:35 am --> Severity: Notice --> Trying to get property of non-object /home2/carolhhp/public_html/democarol.com/homeservices/application/views/front/home.php 92
ERROR - 05/29/2017 03:35 am --> Severity: Notice --> Undefined variable: child_catname /home2/carolhhp/public_html/democarol.com/homeservices/application/views/front/home.php 93
ERROR - 05/29/2017 03:35 am --> Severity: Notice --> Trying to get property of non-object /home2/carolhhp/public_html/democarol.com/homeservices/application/views/front/home.php 93
ERROR - 05/29/2017 03:35 am --> Severity: Notice --> Use of undefined constant php - assumed 'php' /home2/carolhhp/public_html/democarol.com/homeservices/application/views/front/home.php 100
ERROR - 05/29/2017 03:35 am --> Severity: Notice --> Undefined variable: child_catname /home2/carolhhp/public_html/democarol.com/homeservices/application/views/front/home.php 89
ERROR - 05/29/2017 03:35 am --> Severity: Notice --> Trying to get property of non-object /home2/carolhhp/public_html/democarol.com/homeservices/application/views/front/home.php 89
ERROR - 05/29/2017 03:35 am --> Severity: Notice --> Undefined variable: child_catname /home2/carolhhp/public_html/democarol.com/homeservices/application/views/front/home.php 90
ERROR - 05/29/2017 03:35 am --> Severity: Notice --> Trying to get property of non-object /home2/carolhhp/public_html/democarol.com/homeservices/application/views/front/home.php 90
ERROR - 05/29/2017 03:35 am --> Severity: Notice --> Undefined variable: child_catname /home2/carolhhp/public_html/democarol.com/homeservices/application/views/front/home.php 91
ERROR - 05/29/2017 03:35 am --> Severity: Notice --> Trying to get property of non-object /home2/carolhhp/public_html/democarol.com/homeservices/application/views/front/home.php 91
ERROR - 05/29/2017 03:35 am --> Severity: Notice --> Undefined variable: child_catname /home2/carolhhp/public_html/democarol.com/homeservices/application/views/front/home.php 92
ERROR - 05/29/2017 03:35 am --> Severity: Notice --> Trying to get property of non-object /home2/carolhhp/public_html/democarol.com/homeservices/application/views/front/home.php 92
ERROR - 05/29/2017 03:35 am --> Severity: Notice --> Undefined variable: child_catname /home2/carolhhp/public_html/democarol.com/homeservices/application/views/front/home.php 93
ERROR - 05/29/2017 03:35 am --> Severity: Notice --> Trying to get property of non-object /home2/carolhhp/public_html/democarol.com/homeservices/application/views/front/home.php 93
ERROR - 05/29/2017 03:35 am --> Severity: Notice --> Use of undefined constant php - assumed 'php' /home2/carolhhp/public_html/democarol.com/homeservices/application/views/front/home.php 100
ERROR - 05/29/2017 08:26 am --> Severity: Notice --> Undefined variable: child_catname /home2/carolhhp/public_html/democarol.com/homeservices/application/views/front/home.php 89
ERROR - 05/29/2017 08:26 am --> Severity: Notice --> Trying to get property of non-object /home2/carolhhp/public_html/democarol.com/homeservices/application/views/front/home.php 89
ERROR - 05/29/2017 08:26 am --> Severity: Notice --> Undefined variable: child_catname /home2/carolhhp/public_html/democarol.com/homeservices/application/views/front/home.php 90
ERROR - 05/29/2017 08:26 am --> Severity: Notice --> Trying to get property of non-object /home2/carolhhp/public_html/democarol.com/homeservices/application/views/front/home.php 90
ERROR - 05/29/2017 08:26 am --> Severity: Notice --> Undefined variable: child_catname /home2/carolhhp/public_html/democarol.com/homeservices/application/views/front/home.php 91
ERROR - 05/29/2017 08:26 am --> Severity: Notice --> Trying to get property of non-object /home2/carolhhp/public_html/democarol.com/homeservices/application/views/front/home.php 91
ERROR - 05/29/2017 08:26 am --> Severity: Notice --> Undefined variable: child_catname /home2/carolhhp/public_html/democarol.com/homeservices/application/views/front/home.php 92
ERROR - 05/29/2017 08:26 am --> Severity: Notice --> Trying to get property of non-object /home2/carolhhp/public_html/democarol.com/homeservices/application/views/front/home.php 92
ERROR - 05/29/2017 08:26 am --> Severity: Notice --> Undefined variable: child_catname /home2/carolhhp/public_html/democarol.com/homeservices/application/views/front/home.php 93
ERROR - 05/29/2017 08:26 am --> Severity: Notice --> Trying to get property of non-object /home2/carolhhp/public_html/democarol.com/homeservices/application/views/front/home.php 93
ERROR - 05/29/2017 08:26 am --> Severity: Notice --> Use of undefined constant php - assumed 'php' /home2/carolhhp/public_html/democarol.com/homeservices/application/views/front/home.php 100
ERROR - 05/29/2017 10:10 am --> Severity: Notice --> Undefined variable: child_catname /home2/carolhhp/public_html/democarol.com/homeservices/application/views/front/home.php 89
ERROR - 05/29/2017 10:10 am --> Severity: Notice --> Trying to get property of non-object /home2/carolhhp/public_html/democarol.com/homeservices/application/views/front/home.php 89
ERROR - 05/29/2017 10:10 am --> Severity: Notice --> Undefined variable: child_catname /home2/carolhhp/public_html/democarol.com/homeservices/application/views/front/home.php 90
ERROR - 05/29/2017 10:10 am --> Severity: Notice --> Trying to get property of non-object /home2/carolhhp/public_html/democarol.com/homeservices/application/views/front/home.php 90
ERROR - 05/29/2017 10:10 am --> Severity: Notice --> Undefined variable: child_catname /home2/carolhhp/public_html/democarol.com/homeservices/application/views/front/home.php 91
ERROR - 05/29/2017 10:10 am --> Severity: Notice --> Trying to get property of non-object /home2/carolhhp/public_html/democarol.com/homeservices/application/views/front/home.php 91
ERROR - 05/29/2017 10:10 am --> Severity: Notice --> Undefined variable: child_catname /home2/carolhhp/public_html/democarol.com/homeservices/application/views/front/home.php 92
ERROR - 05/29/2017 10:10 am --> Severity: Notice --> Trying to get property of non-object /home2/carolhhp/public_html/democarol.com/homeservices/application/views/front/home.php 92
ERROR - 05/29/2017 10:10 am --> Severity: Notice --> Undefined variable: child_catname /home2/carolhhp/public_html/democarol.com/homeservices/application/views/front/home.php 93
ERROR - 05/29/2017 10:10 am --> Severity: Notice --> Trying to get property of non-object /home2/carolhhp/public_html/democarol.com/homeservices/application/views/front/home.php 93
ERROR - 05/29/2017 10:10 am --> Severity: Notice --> Use of undefined constant php - assumed 'php' /home2/carolhhp/public_html/democarol.com/homeservices/application/views/front/home.php 100
ERROR - 05/29/2017 04:29 pm --> Severity: Notice --> Undefined variable: child_catname /home2/carolhhp/public_html/democarol.com/homeservices/application/views/front/home.php 89
ERROR - 05/29/2017 04:29 pm --> Severity: Notice --> Trying to get property of non-object /home2/carolhhp/public_html/democarol.com/homeservices/application/views/front/home.php 89
ERROR - 05/29/2017 04:29 pm --> Severity: Notice --> Undefined variable: child_catname /home2/carolhhp/public_html/democarol.com/homeservices/application/views/front/home.php 90
ERROR - 05/29/2017 04:29 pm --> Severity: Notice --> Trying to get property of non-object /home2/carolhhp/public_html/democarol.com/homeservices/application/views/front/home.php 90
ERROR - 05/29/2017 04:29 pm --> Severity: Notice --> Undefined variable: child_catname /home2/carolhhp/public_html/democarol.com/homeservices/application/views/front/home.php 91
ERROR - 05/29/2017 04:29 pm --> Severity: Notice --> Trying to get property of non-object /home2/carolhhp/public_html/democarol.com/homeservices/application/views/front/home.php 91
ERROR - 05/29/2017 04:29 pm --> Severity: Notice --> Undefined variable: child_catname /home2/carolhhp/public_html/democarol.com/homeservices/application/views/front/home.php 92
ERROR - 05/29/2017 04:29 pm --> Severity: Notice --> Trying to get property of non-object /home2/carolhhp/public_html/democarol.com/homeservices/application/views/front/home.php 92
ERROR - 05/29/2017 04:29 pm --> Severity: Notice --> Undefined variable: child_catname /home2/carolhhp/public_html/democarol.com/homeservices/application/views/front/home.php 93
ERROR - 05/29/2017 04:29 pm --> Severity: Notice --> Trying to get property of non-object /home2/carolhhp/public_html/democarol.com/homeservices/application/views/front/home.php 93
ERROR - 05/29/2017 04:29 pm --> Severity: Notice --> Use of undefined constant php - assumed 'php' /home2/carolhhp/public_html/democarol.com/homeservices/application/views/front/home.php 100
ERROR - 05/29/2017 06:00 am --> 404 Page Not Found: Assets/front
ERROR - 05/29/2017 06:00 am --> 404 Page Not Found: front/Service/badroom_plan
ERROR - 05/29/2017 06:00 am --> 404 Page Not Found: front/Service/badroom_plan
ERROR - 05/29/2017 06:00 am --> 404 Page Not Found: front/Service/badroom_plan
ERROR - 05/29/2017 06:00 am --> 404 Page Not Found: front/Service/badroom_plan
ERROR - 05/29/2017 06:00 am --> 404 Page Not Found: front/Service/badroom_plan
ERROR - 05/29/2017 06:00 am --> 404 Page Not Found: front/Service/badroom_plan
ERROR - 05/29/2017 06:00 am --> 404 Page Not Found: front/Service/badroom_plan
ERROR - 05/29/2017 06:00 am --> 404 Page Not Found: front/Service/badroom_plan
ERROR - 05/29/2017 06:00 am --> 404 Page Not Found: front/Service/badroom_plan
ERROR - 05/29/2017 06:00 am --> 404 Page Not Found: front/Service/badroom_plan
ERROR - 05/29/2017 06:01 am --> 404 Page Not Found: Assets/front
ERROR - 05/29/2017 06:01 am --> 404 Page Not Found: Assets/front
ERROR - 05/29/2017 06:01 am --> 404 Page Not Found: Assets/front
ERROR - 05/29/2017 06:01 am --> 404 Page Not Found: Assets/front
ERROR - 05/29/2017 06:01 am --> 404 Page Not Found: Assets/front
ERROR - 05/29/2017 06:01 am --> 404 Page Not Found: Assets/front
ERROR - 05/29/2017 06:01 am --> 404 Page Not Found: front/Service/badroom_plan
ERROR - 05/29/2017 06:01 am --> 404 Page Not Found: front/Service/badroom_plan
ERROR - 05/29/2017 06:01 am --> 404 Page Not Found: front/Service/badroom_plan
ERROR - 05/29/2017 06:01 am --> 404 Page Not Found: front/Service/badroom_plan
ERROR - 05/29/2017 06:01 am --> 404 Page Not Found: front/Service/badroom_plan
ERROR - 05/29/2017 06:01 am --> 404 Page Not Found: front/Service/badroom_plan
ERROR - 05/29/2017 06:01 am --> 404 Page Not Found: front/Service/badroom_plan
ERROR - 05/29/2017 06:01 am --> 404 Page Not Found: Assets/front
ERROR - 05/29/2017 06:01 am --> 404 Page Not Found: Assets/front
ERROR - 05/29/2017 06:01 am --> 404 Page Not Found: Assets/front
ERROR - 05/29/2017 06:01 am --> 404 Page Not Found: Assets/front
ERROR - 05/29/2017 06:01 am --> 404 Page Not Found: Assets/front
ERROR - 05/29/2017 06:05 am --> 404 Page Not Found: Assets/img
ERROR - 05/29/2017 06:05 am --> 404 Page Not Found: Assets/img
ERROR - 05/29/2017 06:05 am --> 404 Page Not Found: Assets/js
ERROR - 05/29/2017 06:05 am --> 404 Page Not Found: Assets/js
ERROR - 05/29/2017 06:05 am --> 404 Page Not Found: Images/photos
ERROR - 05/29/2017 06:05 am --> 404 Page Not Found: Assets/js
ERROR - 05/29/2017 06:05 am --> 404 Page Not Found: Assets/js
ERROR - 05/29/2017 06:05 am --> 404 Page Not Found: Assets/js
ERROR - 05/29/2017 06:05 am --> 404 Page Not Found: Images/photos
ERROR - 05/29/2017 06:05 am --> 404 Page Not Found: Assets/js
ERROR - 05/29/2017 06:05 am --> 404 Page Not Found: Images/photos
ERROR - 05/29/2017 04:57 pm --> Severity: Notice --> Undefined variable: child_catname /home2/carolhhp/public_html/democarol.com/homeservices/application/views/front/home.php 89
ERROR - 05/29/2017 04:57 pm --> Severity: Notice --> Trying to get property of non-object /home2/carolhhp/public_html/democarol.com/homeservices/application/views/front/home.php 89
ERROR - 05/29/2017 04:57 pm --> Severity: Notice --> Undefined variable: child_catname /home2/carolhhp/public_html/democarol.com/homeservices/application/views/front/home.php 90
ERROR - 05/29/2017 04:57 pm --> Severity: Notice --> Trying to get property of non-object /home2/carolhhp/public_html/democarol.com/homeservices/application/views/front/home.php 90
ERROR - 05/29/2017 04:57 pm --> Severity: Notice --> Undefined variable: child_catname /home2/carolhhp/public_html/democarol.com/homeservices/application/views/front/home.php 91
ERROR - 05/29/2017 04:57 pm --> Severity: Notice --> Trying to get property of non-object /home2/carolhhp/public_html/democarol.com/homeservices/application/views/front/home.php 91
ERROR - 05/29/2017 04:57 pm --> Severity: Notice --> Undefined variable: child_catname /home2/carolhhp/public_html/democarol.com/homeservices/application/views/front/home.php 92
ERROR - 05/29/2017 04:57 pm --> Severity: Notice --> Trying to get property of non-object /home2/carolhhp/public_html/democarol.com/homeservices/application/views/front/home.php 92
ERROR - 05/29/2017 04:57 pm --> Severity: Notice --> Undefined variable: child_catname /home2/carolhhp/public_html/democarol.com/homeservices/application/views/front/home.php 93
ERROR - 05/29/2017 04:57 pm --> Severity: Notice --> Trying to get property of non-object /home2/carolhhp/public_html/democarol.com/homeservices/application/views/front/home.php 93
ERROR - 05/29/2017 04:57 pm --> Severity: Notice --> Use of undefined constant php - assumed 'php' /home2/carolhhp/public_html/democarol.com/homeservices/application/views/front/home.php 100
ERROR - 05/29/2017 06:28 am --> 404 Page Not Found: Assets/front
ERROR - 05/29/2017 06:28 am --> 404 Page Not Found: front/Service/badroom_plan
ERROR - 05/29/2017 06:28 am --> 404 Page Not Found: front/Service/badroom_plan
ERROR - 05/29/2017 06:28 am --> 404 Page Not Found: front/Service/badroom_plan
ERROR - 05/29/2017 06:28 am --> 404 Page Not Found: front/Service/badroom_plan
ERROR - 05/29/2017 06:28 am --> 404 Page Not Found: front/Service/badroom_plan
ERROR - 05/29/2017 06:28 am --> 404 Page Not Found: Assets/front
ERROR - 05/29/2017 06:28 am --> 404 Page Not Found: Assets/front
ERROR - 05/29/2017 06:28 am --> 404 Page Not Found: Assets/front
ERROR - 05/29/2017 06:28 am --> 404 Page Not Found: Assets/front
ERROR - 05/29/2017 06:28 am --> 404 Page Not Found: Assets/front
ERROR - 05/29/2017 06:57 pm --> Severity: Notice --> Undefined variable: child_catname /home2/carolhhp/public_html/democarol.com/homeservices/application/views/front/home.php 89
ERROR - 05/29/2017 06:57 pm --> Severity: Notice --> Trying to get property of non-object /home2/carolhhp/public_html/democarol.com/homeservices/application/views/front/home.php 89
ERROR - 05/29/2017 06:57 pm --> Severity: Notice --> Undefined variable: child_catname /home2/carolhhp/public_html/democarol.com/homeservices/application/views/front/home.php 90
ERROR - 05/29/2017 06:57 pm --> Severity: Notice --> Trying to get property of non-object /home2/carolhhp/public_html/democarol.com/homeservices/application/views/front/home.php 90
ERROR - 05/29/2017 06:57 pm --> Severity: Notice --> Undefined variable: child_catname /home2/carolhhp/public_html/democarol.com/homeservices/application/views/front/home.php 91
ERROR - 05/29/2017 06:57 pm --> Severity: Notice --> Trying to get property of non-object /home2/carolhhp/public_html/democarol.com/homeservices/application/views/front/home.php 91
ERROR - 05/29/2017 06:57 pm --> Severity: Notice --> Undefined variable: child_catname /home2/carolhhp/public_html/democarol.com/homeservices/application/views/front/home.php 92
ERROR - 05/29/2017 06:57 pm --> Severity: Notice --> Trying to get property of non-object /home2/carolhhp/public_html/democarol.com/homeservices/application/views/front/home.php 92
ERROR - 05/29/2017 06:57 pm --> Severity: Notice --> Undefined variable: child_catname /home2/carolhhp/public_html/democarol.com/homeservices/application/views/front/home.php 93
ERROR - 05/29/2017 06:57 pm --> Severity: Notice --> Trying to get property of non-object /home2/carolhhp/public_html/democarol.com/homeservices/application/views/front/home.php 93
ERROR - 05/29/2017 06:57 pm --> Severity: Notice --> Use of undefined constant php - assumed 'php' /home2/carolhhp/public_html/democarol.com/homeservices/application/views/front/home.php 100
ERROR - 05/29/2017 07:11 pm --> Severity: Notice --> Undefined variable: child_catname /home2/carolhhp/public_html/democarol.com/homeservices/application/views/front/home.php 89
ERROR - 05/29/2017 07:11 pm --> Severity: Notice --> Trying to get property of non-object /home2/carolhhp/public_html/democarol.com/homeservices/application/views/front/home.php 89
ERROR - 05/29/2017 07:11 pm --> Severity: Notice --> Undefined variable: child_catname /home2/carolhhp/public_html/democarol.com/homeservices/application/views/front/home.php 90
ERROR - 05/29/2017 07:11 pm --> Severity: Notice --> Trying to get property of non-object /home2/carolhhp/public_html/democarol.com/homeservices/application/views/front/home.php 90
ERROR - 05/29/2017 07:11 pm --> Severity: Notice --> Undefined variable: child_catname /home2/carolhhp/public_html/democarol.com/homeservices/application/views/front/home.php 91
ERROR - 05/29/2017 07:11 pm --> Severity: Notice --> Trying to get property of non-object /home2/carolhhp/public_html/democarol.com/homeservices/application/views/front/home.php 91
ERROR - 05/29/2017 07:11 pm --> Severity: Notice --> Undefined variable: child_catname /home2/carolhhp/public_html/democarol.com/homeservices/application/views/front/home.php 92
ERROR - 05/29/2017 07:11 pm --> Severity: Notice --> Trying to get property of non-object /home2/carolhhp/public_html/democarol.com/homeservices/application/views/front/home.php 92
ERROR - 05/29/2017 07:11 pm --> Severity: Notice --> Undefined variable: child_catname /home2/carolhhp/public_html/democarol.com/homeservices/application/views/front/home.php 93
ERROR - 05/29/2017 07:11 pm --> Severity: Notice --> Trying to get property of non-object /home2/carolhhp/public_html/democarol.com/homeservices/application/views/front/home.php 93
ERROR - 05/29/2017 07:11 pm --> Severity: Notice --> Use of undefined constant php - assumed 'php' /home2/carolhhp/public_html/democarol.com/homeservices/application/views/front/home.php 100
ERROR - 05/29/2017 08:42 am --> 404 Page Not Found: Assets/front
ERROR - 05/29/2017 08:42 am --> 404 Page Not Found: Assets/front
ERROR - 05/29/2017 08:42 am --> 404 Page Not Found: Assets/front
ERROR - 05/29/2017 08:42 am --> 404 Page Not Found: Assets/front
ERROR - 05/29/2017 08:42 am --> 404 Page Not Found: Assets/front
ERROR - 05/29/2017 08:42 am --> 404 Page Not Found: Assets/front
ERROR - 05/29/2017 08:42 am --> 404 Page Not Found: Assets/front
ERROR - 05/29/2017 08:43 am --> 404 Page Not Found: Assets/front
ERROR - 05/29/2017 08:44 am --> 404 Page Not Found: Assets/front
ERROR - 05/29/2017 08:44 am --> 404 Page Not Found: Assets/front
ERROR - 05/29/2017 08:44 am --> 404 Page Not Found: Assets/front
ERROR - 05/29/2017 08:44 am --> 404 Page Not Found: Assets/front
ERROR - 05/29/2017 08:44 am --> 404 Page Not Found: Assets/img
ERROR - 05/29/2017 08:44 am --> 404 Page Not Found: Assets/front
ERROR - 05/29/2017 08:44 am --> 404 Page Not Found: Assets/js
ERROR - 05/29/2017 08:44 am --> 404 Page Not Found: Images/photos
ERROR - 05/29/2017 08:44 am --> 404 Page Not Found: Assets/js
ERROR - 05/29/2017 08:44 am --> 404 Page Not Found: Images/photos
ERROR - 05/29/2017 08:44 am --> 404 Page Not Found: Assets/js
ERROR - 05/29/2017 08:44 am --> 404 Page Not Found: Images/photos
ERROR - 05/29/2017 08:44 am --> 404 Page Not Found: Assets/js
ERROR - 05/29/2017 08:44 am --> 404 Page Not Found: Assets/js
ERROR - 05/29/2017 08:44 am --> 404 Page Not Found: Assets/js
ERROR - 05/29/2017 08:44 am --> 404 Page Not Found: Assets/js
ERROR - 05/29/2017 08:44 am --> 404 Page Not Found: Images/photos
ERROR - 05/29/2017 08:44 am --> 404 Page Not Found: Assets/js
ERROR - 05/29/2017 08:44 am --> 404 Page Not Found: Js/docsupport
ERROR - 05/29/2017 08:44 am --> 404 Page Not Found: Images/photos
ERROR - 05/29/2017 08:44 am --> 404 Page Not Found: Images/photos
ERROR - 05/29/2017 08:44 am --> 404 Page Not Found: Assets/js
ERROR - 05/29/2017 08:44 am --> 404 Page Not Found: Images/photos
ERROR - 05/29/2017 08:45 am --> 404 Page Not Found: Assets/js
ERROR - 05/29/2017 08:45 am --> 404 Page Not Found: Assets/js
ERROR - 05/29/2017 08:45 am --> 404 Page Not Found: Assets/js
ERROR - 05/29/2017 08:45 am --> 404 Page Not Found: Images/photos
ERROR - 05/29/2017 08:45 am --> 404 Page Not Found: Assets/js
ERROR - 05/29/2017 08:45 am --> 404 Page Not Found: Assets/js
ERROR - 05/29/2017 08:45 am --> 404 Page Not Found: Assets/js
ERROR - 05/29/2017 08:47 am --> 404 Page Not Found: Assets/js
ERROR - 05/29/2017 08:47 am --> 404 Page Not Found: Js/docsupport
ERROR - 05/29/2017 08:47 am --> 404 Page Not Found: Images/photos
ERROR - 05/29/2017 08:50 am --> 404 Page Not Found: Assets/js
ERROR - 05/29/2017 08:50 am --> 404 Page Not Found: Assets/js
ERROR - 05/29/2017 08:50 am --> 404 Page Not Found: Assets/js
ERROR - 05/29/2017 08:50 am --> 404 Page Not Found: Assets/js
ERROR - 05/29/2017 08:50 am --> 404 Page Not Found: Images/photos
ERROR - 05/29/2017 08:50 am --> 404 Page Not Found: Assets/js
ERROR - 05/29/2017 08:50 am --> 404 Page Not Found: Assets/js
