ERROR - 02/24/2017 01:13 am --> 404 Page Not Found: Assets/front
ERROR - 02/24/2017 01:14 am --> 404 Page Not Found: Assets/img
ERROR - 02/24/2017 01:15 am --> 404 Page Not Found: Assets/js
ERROR - 02/24/2017 01:15 am --> 404 Page Not Found: Images/photos
ERROR - 02/24/2017 01:15 am --> 404 Page Not Found: Assets/js
ERROR - 02/24/2017 01:15 am --> 404 Page Not Found: Assets/js
ERROR - 02/24/2017 01:15 am --> 404 Page Not Found: Assets/js
ERROR - 02/24/2017 01:15 am --> 404 Page Not Found: Assets/js
ERROR - 02/24/2017 01:15 am --> 404 Page Not Found: Images/photos
ERROR - 02/24/2017 01:15 am --> 404 Page Not Found: Images/loading_spinner.gif
ERROR - 02/24/2017 01:15 am --> 404 Page Not Found: Assets/js
ERROR - 02/24/2017 01:43 am --> 404 Page Not Found: Assets/js
ERROR - 02/24/2017 01:43 am --> 404 Page Not Found: Assets/js
ERROR - 02/24/2017 01:43 am --> 404 Page Not Found: Assets/js
ERROR - 02/24/2017 01:43 am --> 404 Page Not Found: Assets/js
ERROR - 02/24/2017 01:43 am --> 404 Page Not Found: Images/photos
ERROR - 02/24/2017 01:43 am --> 404 Page Not Found: Images/loading_spinner.gif
ERROR - 02/24/2017 01:43 am --> 404 Page Not Found: Assets/js
ERROR - 02/24/2017 01:43 am --> 404 Page Not Found: Assets/js
ERROR - 02/24/2017 01:43 am --> 404 Page Not Found: Images/loading_spinner.gif
ERROR - 02/24/2017 01:43 am --> 404 Page Not Found: Images/photos
ERROR - 02/24/2017 01:43 am --> 404 Page Not Found: Assets/js
ERROR - 02/24/2017 01:43 am --> 404 Page Not Found: Assets/js
ERROR - 02/24/2017 01:45 am --> 404 Page Not Found: Assets/js
ERROR - 02/24/2017 01:45 am --> 404 Page Not Found: Assets/js
ERROR - 02/24/2017 01:45 am --> 404 Page Not Found: Assets/js
ERROR - 02/24/2017 01:45 am --> 404 Page Not Found: Assets/js
ERROR - 02/24/2017 01:45 am --> 404 Page Not Found: Images/loading_spinner.gif
ERROR - 02/24/2017 01:45 am --> 404 Page Not Found: Images/photos
ERROR - 02/24/2017 01:45 am --> 404 Page Not Found: Assets/js
ERROR - 02/24/2017 01:45 am --> 404 Page Not Found: Images/photos
ERROR - 02/24/2017 01:45 am --> 404 Page Not Found: Images/loading_spinner.gif
ERROR - 02/24/2017 01:45 am --> 404 Page Not Found: Assets/js
ERROR - 02/24/2017 01:45 am --> 404 Page Not Found: Assets/js
ERROR - 02/24/2017 01:45 am --> 404 Page Not Found: Assets/js
ERROR - 02/24/2017 02:54 am --> 404 Page Not Found: Images/photos
ERROR - 02/24/2017 02:54 am --> 404 Page Not Found: Images/loading_spinner.gif
ERROR - 02/24/2017 02:54 am --> 404 Page Not Found: Assets/js
ERROR - 02/24/2017 02:54 am --> 404 Page Not Found: Assets/js
ERROR - 02/24/2017 02:54 am --> 404 Page Not Found: Assets/js
ERROR - 02/24/2017 02:54 am --> 404 Page Not Found: Assets/js
ERROR - 02/24/2017 02:54 am --> 404 Page Not Found: Images/photos
ERROR - 02/24/2017 02:54 am --> 404 Page Not Found: Images/loading_spinner.gif
ERROR - 02/24/2017 03:01 am --> 404 Page Not Found: Assets/js
ERROR - 02/24/2017 03:01 am --> 404 Page Not Found: Assets/js
ERROR - 02/24/2017 03:01 am --> 404 Page Not Found: Assets/js
ERROR - 02/24/2017 03:01 am --> 404 Page Not Found: Assets/js
ERROR - 02/24/2017 03:01 am --> 404 Page Not Found: Images/photos
ERROR - 02/24/2017 03:01 am --> 404 Page Not Found: Images/loading_spinner.gif
ERROR - 02/24/2017 03:01 am --> 404 Page Not Found: Assets/js
ERROR - 02/24/2017 03:01 am --> 404 Page Not Found: Assets/js
ERROR - 02/24/2017 03:04 am --> 404 Page Not Found: Assets/js
ERROR - 02/24/2017 03:04 am --> 404 Page Not Found: Js/advanced-datatable
ERROR - 02/24/2017 03:04 am --> 404 Page Not Found: Js/advanced-datatable
ERROR - 02/24/2017 03:04 am --> 404 Page Not Found: Js/advanced-datatable
ERROR - 02/24/2017 03:04 am --> 404 Page Not Found: Js/dynamic_table_init.js
ERROR - 02/24/2017 03:04 am --> 404 Page Not Found: Js/jquery.dataTables.min.js
ERROR - 02/24/2017 03:04 am --> 404 Page Not Found: Images/photos
ERROR - 02/24/2017 03:11 am --> 404 Page Not Found: Assets/js
ERROR - 02/24/2017 03:11 am --> 404 Page Not Found: Assets/js
ERROR - 02/24/2017 03:11 am --> 404 Page Not Found: Assets/js
ERROR - 02/24/2017 03:11 am --> 404 Page Not Found: Assets/js
ERROR - 02/24/2017 03:11 am --> 404 Page Not Found: Images/photos
ERROR - 02/24/2017 03:11 am --> 404 Page Not Found: Images/loading_spinner.gif
ERROR - 02/24/2017 03:11 am --> 404 Page Not Found: Assets/js
ERROR - 02/24/2017 03:11 am --> 404 Page Not Found: Images/photos
ERROR - 02/24/2017 03:11 am --> 404 Page Not Found: Images/loading_spinner.gif
ERROR - 02/24/2017 03:11 am --> 404 Page Not Found: Assets/js
ERROR - 02/24/2017 03:11 am --> 404 Page Not Found: Assets/js
ERROR - 02/24/2017 03:11 am --> 404 Page Not Found: Assets/js
ERROR - 02/24/2017 03:12 am --> 404 Page Not Found: Assets/js
ERROR - 02/24/2017 03:12 am --> 404 Page Not Found: Images/photos
ERROR - 02/24/2017 03:12 am --> 404 Page Not Found: Js/advanced-datatable
ERROR - 02/24/2017 03:12 am --> 404 Page Not Found: Js/advanced-datatable
ERROR - 02/24/2017 03:12 am --> 404 Page Not Found: Js/jquery.dataTables.min.js
ERROR - 02/24/2017 03:12 am --> 404 Page Not Found: Js/dynamic_table_init.js
ERROR - 02/24/2017 03:12 am --> 404 Page Not Found: Js/advanced-datatable
ERROR - 02/24/2017 03:12 am --> 404 Page Not Found: Js/dynamic_table_init.js
ERROR - 02/24/2017 03:12 am --> 404 Page Not Found: Js/jquery.dataTables.min.js
ERROR - 02/24/2017 03:12 am --> 404 Page Not Found: Assets/js
ERROR - 02/24/2017 03:12 am --> 404 Page Not Found: Assets/js
ERROR - 02/24/2017 03:12 am --> 404 Page Not Found: Assets/js
ERROR - 02/24/2017 03:12 am --> 404 Page Not Found: Assets/js
ERROR - 02/24/2017 03:12 am --> 404 Page Not Found: Images/loading_spinner.gif
ERROR - 02/24/2017 03:12 am --> 404 Page Not Found: Images/photos
ERROR - 02/24/2017 03:12 am --> 404 Page Not Found: Assets/js
ERROR - 02/24/2017 03:12 am --> 404 Page Not Found: Assets/js
ERROR - 02/24/2017 03:12 am --> 404 Page Not Found: Assets/js
ERROR - 02/24/2017 03:12 am --> 404 Page Not Found: Assets/js
ERROR - 02/24/2017 03:12 am --> 404 Page Not Found: Assets/js
ERROR - 02/24/2017 03:12 am --> 404 Page Not Found: Assets/js
ERROR - 02/24/2017 03:12 am --> 404 Page Not Found: Images/photos
ERROR - 02/24/2017 03:12 am --> 404 Page Not Found: Images/loading_spinner.gif
ERROR - 02/24/2017 03:12 am --> 404 Page Not Found: Assets/js
ERROR - 02/24/2017 03:12 am --> 404 Page Not Found: Assets/js
ERROR - 02/24/2017 03:12 am --> 404 Page Not Found: Images/photos
ERROR - 02/24/2017 03:12 am --> 404 Page Not Found: Js/advanced-datatable
ERROR - 02/24/2017 03:12 am --> 404 Page Not Found: Js/advanced-datatable
ERROR - 02/24/2017 03:12 am --> 404 Page Not Found: Js/advanced-datatable
ERROR - 02/24/2017 03:12 am --> 404 Page Not Found: Js/dynamic_table_init.js
ERROR - 02/24/2017 03:12 am --> 404 Page Not Found: Js/jquery.dataTables.min.js
ERROR - 02/24/2017 03:13 am --> 404 Page Not Found: Assets/js
ERROR - 02/24/2017 03:13 am --> 404 Page Not Found: Assets/js
ERROR - 02/24/2017 03:13 am --> 404 Page Not Found: Assets/js
ERROR - 02/24/2017 03:13 am --> 404 Page Not Found: Assets/js
ERROR - 02/24/2017 03:13 am --> 404 Page Not Found: Images/photos
ERROR - 02/24/2017 03:13 am --> 404 Page Not Found: Assets/js
ERROR - 02/24/2017 03:13 am --> 404 Page Not Found: Js/advanced-datatable
ERROR - 02/24/2017 03:13 am --> 404 Page Not Found: Js/advanced-datatable
ERROR - 02/24/2017 03:13 am --> 404 Page Not Found: Js/jquery.dataTables.min.js
ERROR - 02/24/2017 03:13 am --> 404 Page Not Found: Js/dynamic_table_init.js
ERROR - 02/24/2017 03:13 am --> 404 Page Not Found: Js/advanced-datatable
ERROR - 02/24/2017 03:13 am --> 404 Page Not Found: Images/photos
ERROR - 02/24/2017 03:13 am --> 404 Page Not Found: Js/dynamic_table_init.js
ERROR - 02/24/2017 03:13 am --> 404 Page Not Found: Js/jquery.dataTables.min.js
ERROR - 02/24/2017 03:18 am --> 404 Page Not Found: Assets/js
ERROR - 02/24/2017 03:18 am --> 404 Page Not Found: Js/advanced-datatable
ERROR - 02/24/2017 03:18 am --> 404 Page Not Found: Js/advanced-datatable
ERROR - 02/24/2017 03:18 am --> 404 Page Not Found: Js/advanced-datatable
ERROR - 02/24/2017 03:18 am --> 404 Page Not Found: Js/dynamic_table_init.js
ERROR - 02/24/2017 03:18 am --> 404 Page Not Found: Js/jquery.dataTables.min.js
ERROR - 02/24/2017 03:18 am --> 404 Page Not Found: Images/photos
ERROR - 02/24/2017 03:18 am --> 404 Page Not Found: Assets/js
ERROR - 02/24/2017 03:18 am --> 404 Page Not Found: Images/photos
ERROR - 02/24/2017 03:18 am --> 404 Page Not Found: Js/advanced-datatable
ERROR - 02/24/2017 03:18 am --> 404 Page Not Found: Js/advanced-datatable
ERROR - 02/24/2017 03:18 am --> 404 Page Not Found: Js/advanced-datatable
ERROR - 02/24/2017 03:18 am --> 404 Page Not Found: Js/dynamic_table_init.js
ERROR - 02/24/2017 03:18 am --> 404 Page Not Found: Js/jquery.dataTables.min.js
ERROR - 02/24/2017 03:18 am --> 404 Page Not Found: Assets/js
ERROR - 02/24/2017 03:18 am --> 404 Page Not Found: Js/advanced-datatable
ERROR - 02/24/2017 03:18 am --> 404 Page Not Found: Js/advanced-datatable
ERROR - 02/24/2017 03:18 am --> 404 Page Not Found: Js/advanced-datatable
ERROR - 02/24/2017 03:18 am --> 404 Page Not Found: Js/dynamic_table_init.js
ERROR - 02/24/2017 03:18 am --> 404 Page Not Found: Js/jquery.dataTables.min.js
ERROR - 02/24/2017 03:18 am --> 404 Page Not Found: Images/photos
ERROR - 02/24/2017 03:18 am --> 404 Page Not Found: Assets/js
ERROR - 02/24/2017 03:18 am --> 404 Page Not Found: Images/photos
ERROR - 02/24/2017 03:18 am --> 404 Page Not Found: Js/advanced-datatable
ERROR - 02/24/2017 03:18 am --> 404 Page Not Found: Js/advanced-datatable
ERROR - 02/24/2017 03:18 am --> 404 Page Not Found: Js/advanced-datatable
ERROR - 02/24/2017 03:18 am --> 404 Page Not Found: Js/dynamic_table_init.js
ERROR - 02/24/2017 03:18 am --> 404 Page Not Found: Js/jquery.dataTables.min.js
ERROR - 02/24/2017 03:18 am --> 404 Page Not Found: Assets/js
ERROR - 02/24/2017 03:18 am --> 404 Page Not Found: Js/advanced-datatable
ERROR - 02/24/2017 03:18 am --> 404 Page Not Found: Js/advanced-datatable
ERROR - 02/24/2017 03:18 am --> 404 Page Not Found: Js/advanced-datatable
ERROR - 02/24/2017 03:18 am --> 404 Page Not Found: Js/dynamic_table_init.js
ERROR - 02/24/2017 03:18 am --> 404 Page Not Found: Js/jquery.dataTables.min.js
ERROR - 02/24/2017 03:18 am --> 404 Page Not Found: Images/photos
ERROR - 02/24/2017 03:19 am --> 404 Page Not Found: Assets/js
ERROR - 02/24/2017 03:19 am --> 404 Page Not Found: Js/advanced-datatable
ERROR - 02/24/2017 03:19 am --> 404 Page Not Found: Js/advanced-datatable
ERROR - 02/24/2017 03:19 am --> 404 Page Not Found: Js/advanced-datatable
ERROR - 02/24/2017 03:19 am --> 404 Page Not Found: Js/dynamic_table_init.js
ERROR - 02/24/2017 03:19 am --> 404 Page Not Found: Js/jquery.dataTables.min.js
ERROR - 02/24/2017 03:19 am --> 404 Page Not Found: Images/photos
ERROR - 02/24/2017 03:19 am --> 404 Page Not Found: Assets/js
ERROR - 02/24/2017 03:19 am --> 404 Page Not Found: Images/photos
ERROR - 02/24/2017 03:19 am --> 404 Page Not Found: Js/advanced-datatable
ERROR - 02/24/2017 03:19 am --> 404 Page Not Found: Js/advanced-datatable
ERROR - 02/24/2017 03:19 am --> 404 Page Not Found: Js/advanced-datatable
ERROR - 02/24/2017 03:19 am --> 404 Page Not Found: Js/dynamic_table_init.js
ERROR - 02/24/2017 03:19 am --> 404 Page Not Found: Js/jquery.dataTables.min.js
ERROR - 02/24/2017 02:49 pm --> Severity: Notice --> Undefined property: stdClass::$plan_subcat /home2/carolhhp/public_html/democarol.com/homeservices/application/views/admin/plan/manage_plan.php 64
ERROR - 02/24/2017 02:49 pm --> Severity: Notice --> Undefined property: stdClass::$plan_select_frequency /home2/carolhhp/public_html/democarol.com/homeservices/application/views/admin/plan/manage_plan.php 67
ERROR - 02/24/2017 02:49 pm --> Severity: Warning --> Invalid argument supplied for foreach() /home2/carolhhp/public_html/democarol.com/homeservices/application/views/admin/plan/manage_plan.php 85
ERROR - 02/24/2017 02:49 pm --> Severity: Warning --> Invalid argument supplied for foreach() /home2/carolhhp/public_html/democarol.com/homeservices/application/views/admin/plan/manage_plan.php 92
ERROR - 02/24/2017 02:49 pm --> Severity: Notice --> Undefined property: stdClass::$plan_subcat /home2/carolhhp/public_html/democarol.com/homeservices/application/views/admin/plan/manage_plan.php 64
ERROR - 02/24/2017 02:49 pm --> Severity: Notice --> Undefined property: stdClass::$plan_select_frequency /home2/carolhhp/public_html/democarol.com/homeservices/application/views/admin/plan/manage_plan.php 67
ERROR - 02/24/2017 02:49 pm --> Severity: Warning --> Invalid argument supplied for foreach() /home2/carolhhp/public_html/democarol.com/homeservices/application/views/admin/plan/manage_plan.php 85
ERROR - 02/24/2017 02:49 pm --> Severity: Warning --> Invalid argument supplied for foreach() /home2/carolhhp/public_html/democarol.com/homeservices/application/views/admin/plan/manage_plan.php 92
ERROR - 02/24/2017 02:49 pm --> Severity: Notice --> Undefined property: stdClass::$plan_subcat /home2/carolhhp/public_html/democarol.com/homeservices/application/views/admin/plan/manage_plan.php 64
ERROR - 02/24/2017 02:49 pm --> Severity: Notice --> Undefined property: stdClass::$plan_select_frequency /home2/carolhhp/public_html/democarol.com/homeservices/application/views/admin/plan/manage_plan.php 67
ERROR - 02/24/2017 02:49 pm --> Severity: Warning --> Invalid argument supplied for foreach() /home2/carolhhp/public_html/democarol.com/homeservices/application/views/admin/plan/manage_plan.php 85
ERROR - 02/24/2017 02:49 pm --> Severity: Warning --> Invalid argument supplied for foreach() /home2/carolhhp/public_html/democarol.com/homeservices/application/views/admin/plan/manage_plan.php 92
ERROR - 02/24/2017 03:19 am --> 404 Page Not Found: Assets/js
ERROR - 02/24/2017 03:19 am --> 404 Page Not Found: Assets/js
ERROR - 02/24/2017 03:19 am --> 404 Page Not Found: Assets/js
ERROR - 02/24/2017 02:49 pm --> Severity: Notice --> Undefined property: stdClass::$plan_subcat /home2/carolhhp/public_html/democarol.com/homeservices/application/views/admin/plan/manage_plan.php 64
ERROR - 02/24/2017 02:49 pm --> Severity: Notice --> Undefined property: stdClass::$plan_select_frequency /home2/carolhhp/public_html/democarol.com/homeservices/application/views/admin/plan/manage_plan.php 67
ERROR - 02/24/2017 02:49 pm --> Severity: Warning --> Invalid argument supplied for foreach() /home2/carolhhp/public_html/democarol.com/homeservices/application/views/admin/plan/manage_plan.php 85
ERROR - 02/24/2017 02:49 pm --> Severity: Warning --> Invalid argument supplied for foreach() /home2/carolhhp/public_html/democarol.com/homeservices/application/views/admin/plan/manage_plan.php 92
ERROR - 02/24/2017 02:49 pm --> Severity: Notice --> Undefined property: stdClass::$plan_subcat /home2/carolhhp/public_html/democarol.com/homeservices/application/views/admin/plan/manage_plan.php 64
ERROR - 02/24/2017 02:49 pm --> Severity: Notice --> Undefined property: stdClass::$plan_select_frequency /home2/carolhhp/public_html/democarol.com/homeservices/application/views/admin/plan/manage_plan.php 67
ERROR - 02/24/2017 02:49 pm --> Severity: Warning --> Invalid argument supplied for foreach() /home2/carolhhp/public_html/democarol.com/homeservices/application/views/admin/plan/manage_plan.php 85
ERROR - 02/24/2017 02:49 pm --> Severity: Warning --> Invalid argument supplied for foreach() /home2/carolhhp/public_html/democarol.com/homeservices/application/views/admin/plan/manage_plan.php 92
ERROR - 02/24/2017 02:49 pm --> Severity: Notice --> Undefined property: stdClass::$plan_subcat /home2/carolhhp/public_html/democarol.com/homeservices/application/views/admin/plan/manage_plan.php 64
ERROR - 02/24/2017 02:49 pm --> Severity: Notice --> Undefined property: stdClass::$plan_select_frequency /home2/carolhhp/public_html/democarol.com/homeservices/application/views/admin/plan/manage_plan.php 67
ERROR - 02/24/2017 02:49 pm --> Severity: Warning --> Invalid argument supplied for foreach() /home2/carolhhp/public_html/democarol.com/homeservices/application/views/admin/plan/manage_plan.php 85
ERROR - 02/24/2017 02:49 pm --> Severity: Warning --> Invalid argument supplied for foreach() /home2/carolhhp/public_html/democarol.com/homeservices/application/views/admin/plan/manage_plan.php 92
ERROR - 02/24/2017 03:19 am --> 404 Page Not Found: Images/photos
ERROR - 02/24/2017 03:19 am --> 404 Page Not Found: Assets/js
ERROR - 02/24/2017 03:19 am --> 404 Page Not Found: Assets/js
ERROR - 02/24/2017 03:19 am --> 404 Page Not Found: Images/photos
ERROR - 02/24/2017 03:20 am --> 404 Page Not Found: Assets/js
ERROR - 02/24/2017 03:20 am --> 404 Page Not Found: Images/photos
ERROR - 02/24/2017 03:20 am --> 404 Page Not Found: Assets/js
ERROR - 02/24/2017 03:20 am --> 404 Page Not Found: Images/photos
ERROR - 02/24/2017 05:48 am --> 404 Page Not Found: Images/photos
ERROR - 02/24/2017 06:16 am --> 404 Page Not Found: Assets/js
ERROR - 02/24/2017 06:16 am --> 404 Page Not Found: Images/photos
ERROR - 02/24/2017 06:36 am --> 404 Page Not Found: Assets/js
ERROR - 02/24/2017 06:36 am --> 404 Page Not Found: Images/photos
ERROR - 02/24/2017 06:44 am --> 404 Page Not Found: Assets/js
ERROR - 02/24/2017 06:44 am --> 404 Page Not Found: Images/photos
ERROR - 02/24/2017 06:44 am --> 404 Page Not Found: Js/advanced-datatable
ERROR - 02/24/2017 06:44 am --> 404 Page Not Found: Js/jquery.dataTables.min.js
ERROR - 02/24/2017 06:44 am --> 404 Page Not Found: Js/advanced-datatable
ERROR - 02/24/2017 06:44 am --> 404 Page Not Found: Js/dynamic_table_init.js
ERROR - 02/24/2017 06:44 am --> 404 Page Not Found: Js/advanced-datatable
ERROR - 02/24/2017 06:44 am --> 404 Page Not Found: Js/dynamic_table_init.js
ERROR - 02/24/2017 06:44 am --> 404 Page Not Found: Js/jquery.dataTables.min.js
ERROR - 02/24/2017 06:14 pm --> Severity: Notice --> Undefined variable: rec /home2/carolhhp/public_html/democarol.com/homeservices/application/views/admin/categories/add_categories.php 57
ERROR - 02/24/2017 06:14 pm --> Severity: Notice --> Trying to get property of non-object /home2/carolhhp/public_html/democarol.com/homeservices/application/views/admin/categories/add_categories.php 57
ERROR - 02/24/2017 06:14 pm --> Severity: Notice --> Undefined variable: rec /home2/carolhhp/public_html/democarol.com/homeservices/application/views/admin/categories/add_categories.php 57
ERROR - 02/24/2017 06:14 pm --> Severity: Notice --> Trying to get property of non-object /home2/carolhhp/public_html/democarol.com/homeservices/application/views/admin/categories/add_categories.php 57
ERROR - 02/24/2017 06:14 pm --> Severity: Notice --> Undefined variable: rec /home2/carolhhp/public_html/democarol.com/homeservices/application/views/admin/categories/add_categories.php 57
ERROR - 02/24/2017 06:14 pm --> Severity: Notice --> Trying to get property of non-object /home2/carolhhp/public_html/democarol.com/homeservices/application/views/admin/categories/add_categories.php 57
ERROR - 02/24/2017 06:14 pm --> Severity: Notice --> Undefined variable: rec /home2/carolhhp/public_html/democarol.com/homeservices/application/views/admin/categories/add_categories.php 57
ERROR - 02/24/2017 06:14 pm --> Severity: Notice --> Trying to get property of non-object /home2/carolhhp/public_html/democarol.com/homeservices/application/views/admin/categories/add_categories.php 57
ERROR - 02/24/2017 06:14 pm --> Severity: Notice --> Undefined variable: rec /home2/carolhhp/public_html/democarol.com/homeservices/application/views/admin/categories/add_categories.php 57
ERROR - 02/24/2017 06:14 pm --> Severity: Notice --> Trying to get property of non-object /home2/carolhhp/public_html/democarol.com/homeservices/application/views/admin/categories/add_categories.php 57
ERROR - 02/24/2017 06:14 pm --> Severity: Notice --> Undefined variable: rec /home2/carolhhp/public_html/democarol.com/homeservices/application/views/admin/categories/add_categories.php 57
ERROR - 02/24/2017 06:14 pm --> Severity: Notice --> Trying to get property of non-object /home2/carolhhp/public_html/democarol.com/homeservices/application/views/admin/categories/add_categories.php 57
ERROR - 02/24/2017 06:14 pm --> Severity: Notice --> Undefined variable: rec /home2/carolhhp/public_html/democarol.com/homeservices/application/views/admin/categories/add_categories.php 57
ERROR - 02/24/2017 06:14 pm --> Severity: Notice --> Trying to get property of non-object /home2/carolhhp/public_html/democarol.com/homeservices/application/views/admin/categories/add_categories.php 57
ERROR - 02/24/2017 06:14 pm --> Severity: Notice --> Undefined variable: rec /home2/carolhhp/public_html/democarol.com/homeservices/application/views/admin/categories/add_categories.php 57
ERROR - 02/24/2017 06:14 pm --> Severity: Notice --> Trying to get property of non-object /home2/carolhhp/public_html/democarol.com/homeservices/application/views/admin/categories/add_categories.php 57
ERROR - 02/24/2017 06:14 pm --> Severity: Notice --> Undefined variable: rec /home2/carolhhp/public_html/democarol.com/homeservices/application/views/admin/categories/add_categories.php 57
ERROR - 02/24/2017 06:14 pm --> Severity: Notice --> Trying to get property of non-object /home2/carolhhp/public_html/democarol.com/homeservices/application/views/admin/categories/add_categories.php 57
ERROR - 02/24/2017 06:14 pm --> Severity: Notice --> Undefined variable: rec /home2/carolhhp/public_html/democarol.com/homeservices/application/views/admin/categories/add_categories.php 57
ERROR - 02/24/2017 06:14 pm --> Severity: Notice --> Trying to get property of non-object /home2/carolhhp/public_html/democarol.com/homeservices/application/views/admin/categories/add_categories.php 57
ERROR - 02/24/2017 06:14 pm --> Severity: Notice --> Undefined variable: rec /home2/carolhhp/public_html/democarol.com/homeservices/application/views/admin/categories/add_categories.php 57
ERROR - 02/24/2017 06:14 pm --> Severity: Notice --> Trying to get property of non-object /home2/carolhhp/public_html/democarol.com/homeservices/application/views/admin/categories/add_categories.php 57
ERROR - 02/24/2017 06:14 pm --> Severity: Notice --> Undefined variable: rec /home2/carolhhp/public_html/democarol.com/homeservices/application/views/admin/categories/add_categories.php 57
ERROR - 02/24/2017 06:14 pm --> Severity: Notice --> Trying to get property of non-object /home2/carolhhp/public_html/democarol.com/homeservices/application/views/admin/categories/add_categories.php 57
ERROR - 02/24/2017 06:14 pm --> Severity: Notice --> Undefined variable: rec /home2/carolhhp/public_html/democarol.com/homeservices/application/views/admin/categories/add_categories.php 57
ERROR - 02/24/2017 06:14 pm --> Severity: Notice --> Trying to get property of non-object /home2/carolhhp/public_html/democarol.com/homeservices/application/views/admin/categories/add_categories.php 57
ERROR - 02/24/2017 06:14 pm --> Severity: Notice --> Undefined variable: rec /home2/carolhhp/public_html/democarol.com/homeservices/application/views/admin/categories/add_categories.php 57
ERROR - 02/24/2017 06:14 pm --> Severity: Notice --> Trying to get property of non-object /home2/carolhhp/public_html/democarol.com/homeservices/application/views/admin/categories/add_categories.php 57
ERROR - 02/24/2017 06:14 pm --> Severity: Notice --> Undefined variable: rec /home2/carolhhp/public_html/democarol.com/homeservices/application/views/admin/categories/add_categories.php 57
ERROR - 02/24/2017 06:14 pm --> Severity: Notice --> Trying to get property of non-object /home2/carolhhp/public_html/democarol.com/homeservices/application/views/admin/categories/add_categories.php 57
ERROR - 02/24/2017 06:14 pm --> Severity: Notice --> Undefined variable: rec /home2/carolhhp/public_html/democarol.com/homeservices/application/views/admin/categories/add_categories.php 57
ERROR - 02/24/2017 06:14 pm --> Severity: Notice --> Trying to get property of non-object /home2/carolhhp/public_html/democarol.com/homeservices/application/views/admin/categories/add_categories.php 57
ERROR - 02/24/2017 06:14 pm --> Severity: Notice --> Undefined variable: rec /home2/carolhhp/public_html/democarol.com/homeservices/application/views/admin/categories/add_categories.php 57
ERROR - 02/24/2017 06:14 pm --> Severity: Notice --> Trying to get property of non-object /home2/carolhhp/public_html/democarol.com/homeservices/application/views/admin/categories/add_categories.php 57
ERROR - 02/24/2017 06:14 pm --> Severity: Notice --> Undefined variable: rec /home2/carolhhp/public_html/democarol.com/homeservices/application/views/admin/categories/add_categories.php 57
ERROR - 02/24/2017 06:14 pm --> Severity: Notice --> Trying to get property of non-object /home2/carolhhp/public_html/democarol.com/homeservices/application/views/admin/categories/add_categories.php 57
ERROR - 02/24/2017 06:14 pm --> Severity: Notice --> Undefined variable: rec /home2/carolhhp/public_html/democarol.com/homeservices/application/views/admin/categories/add_categories.php 57
ERROR - 02/24/2017 06:14 pm --> Severity: Notice --> Trying to get property of non-object /home2/carolhhp/public_html/democarol.com/homeservices/application/views/admin/categories/add_categories.php 57
ERROR - 02/24/2017 06:14 pm --> Severity: Notice --> Undefined variable: rec /home2/carolhhp/public_html/democarol.com/homeservices/application/views/admin/categories/add_categories.php 57
ERROR - 02/24/2017 06:14 pm --> Severity: Notice --> Trying to get property of non-object /home2/carolhhp/public_html/democarol.com/homeservices/application/views/admin/categories/add_categories.php 57
ERROR - 02/24/2017 06:44 am --> 404 Page Not Found: Assets/js
ERROR - 02/24/2017 06:44 am --> 404 Page Not Found: Images/photos
ERROR - 02/24/2017 06:14 pm --> Severity: Notice --> Undefined variable: rec /home2/carolhhp/public_html/democarol.com/homeservices/application/views/admin/categories/add_categories.php 57
ERROR - 02/24/2017 06:14 pm --> Severity: Notice --> Trying to get property of non-object /home2/carolhhp/public_html/democarol.com/homeservices/application/views/admin/categories/add_categories.php 57
ERROR - 02/24/2017 06:14 pm --> Severity: Notice --> Undefined variable: rec /home2/carolhhp/public_html/democarol.com/homeservices/application/views/admin/categories/add_categories.php 57
ERROR - 02/24/2017 06:14 pm --> Severity: Notice --> Trying to get property of non-object /home2/carolhhp/public_html/democarol.com/homeservices/application/views/admin/categories/add_categories.php 57
ERROR - 02/24/2017 06:14 pm --> Severity: Notice --> Undefined variable: rec /home2/carolhhp/public_html/democarol.com/homeservices/application/views/admin/categories/add_categories.php 57
ERROR - 02/24/2017 06:14 pm --> Severity: Notice --> Trying to get property of non-object /home2/carolhhp/public_html/democarol.com/homeservices/application/views/admin/categories/add_categories.php 57
ERROR - 02/24/2017 06:14 pm --> Severity: Notice --> Undefined variable: rec /home2/carolhhp/public_html/democarol.com/homeservices/application/views/admin/categories/add_categories.php 57
ERROR - 02/24/2017 06:14 pm --> Severity: Notice --> Trying to get property of non-object /home2/carolhhp/public_html/democarol.com/homeservices/application/views/admin/categories/add_categories.php 57
ERROR - 02/24/2017 06:14 pm --> Severity: Notice --> Undefined variable: rec /home2/carolhhp/public_html/democarol.com/homeservices/application/views/admin/categories/add_categories.php 57
ERROR - 02/24/2017 06:14 pm --> Severity: Notice --> Trying to get property of non-object /home2/carolhhp/public_html/democarol.com/homeservices/application/views/admin/categories/add_categories.php 57
ERROR - 02/24/2017 06:14 pm --> Severity: Notice --> Undefined variable: rec /home2/carolhhp/public_html/democarol.com/homeservices/application/views/admin/categories/add_categories.php 57
ERROR - 02/24/2017 06:14 pm --> Severity: Notice --> Trying to get property of non-object /home2/carolhhp/public_html/democarol.com/homeservices/application/views/admin/categories/add_categories.php 57
ERROR - 02/24/2017 06:14 pm --> Severity: Notice --> Undefined variable: rec /home2/carolhhp/public_html/democarol.com/homeservices/application/views/admin/categories/add_categories.php 57
ERROR - 02/24/2017 06:14 pm --> Severity: Notice --> Trying to get property of non-object /home2/carolhhp/public_html/democarol.com/homeservices/application/views/admin/categories/add_categories.php 57
ERROR - 02/24/2017 06:14 pm --> Severity: Notice --> Undefined variable: rec /home2/carolhhp/public_html/democarol.com/homeservices/application/views/admin/categories/add_categories.php 57
ERROR - 02/24/2017 06:14 pm --> Severity: Notice --> Trying to get property of non-object /home2/carolhhp/public_html/democarol.com/homeservices/application/views/admin/categories/add_categories.php 57
ERROR - 02/24/2017 06:14 pm --> Severity: Notice --> Undefined variable: rec /home2/carolhhp/public_html/democarol.com/homeservices/application/views/admin/categories/add_categories.php 57
ERROR - 02/24/2017 06:14 pm --> Severity: Notice --> Trying to get property of non-object /home2/carolhhp/public_html/democarol.com/homeservices/application/views/admin/categories/add_categories.php 57
ERROR - 02/24/2017 06:14 pm --> Severity: Notice --> Undefined variable: rec /home2/carolhhp/public_html/democarol.com/homeservices/application/views/admin/categories/add_categories.php 57
ERROR - 02/24/2017 06:14 pm --> Severity: Notice --> Trying to get property of non-object /home2/carolhhp/public_html/democarol.com/homeservices/application/views/admin/categories/add_categories.php 57
ERROR - 02/24/2017 06:14 pm --> Severity: Notice --> Undefined variable: rec /home2/carolhhp/public_html/democarol.com/homeservices/application/views/admin/categories/add_categories.php 57
ERROR - 02/24/2017 06:14 pm --> Severity: Notice --> Trying to get property of non-object /home2/carolhhp/public_html/democarol.com/homeservices/application/views/admin/categories/add_categories.php 57
ERROR - 02/24/2017 06:14 pm --> Severity: Notice --> Undefined variable: rec /home2/carolhhp/public_html/democarol.com/homeservices/application/views/admin/categories/add_categories.php 57
ERROR - 02/24/2017 06:14 pm --> Severity: Notice --> Trying to get property of non-object /home2/carolhhp/public_html/democarol.com/homeservices/application/views/admin/categories/add_categories.php 57
ERROR - 02/24/2017 06:14 pm --> Severity: Notice --> Undefined variable: rec /home2/carolhhp/public_html/democarol.com/homeservices/application/views/admin/categories/add_categories.php 57
ERROR - 02/24/2017 06:14 pm --> Severity: Notice --> Trying to get property of non-object /home2/carolhhp/public_html/democarol.com/homeservices/application/views/admin/categories/add_categories.php 57
ERROR - 02/24/2017 06:14 pm --> Severity: Notice --> Undefined variable: rec /home2/carolhhp/public_html/democarol.com/homeservices/application/views/admin/categories/add_categories.php 57
ERROR - 02/24/2017 06:14 pm --> Severity: Notice --> Trying to get property of non-object /home2/carolhhp/public_html/democarol.com/homeservices/application/views/admin/categories/add_categories.php 57
ERROR - 02/24/2017 06:14 pm --> Severity: Notice --> Undefined variable: rec /home2/carolhhp/public_html/democarol.com/homeservices/application/views/admin/categories/add_categories.php 57
ERROR - 02/24/2017 06:14 pm --> Severity: Notice --> Trying to get property of non-object /home2/carolhhp/public_html/democarol.com/homeservices/application/views/admin/categories/add_categories.php 57
ERROR - 02/24/2017 06:14 pm --> Severity: Notice --> Undefined variable: rec /home2/carolhhp/public_html/democarol.com/homeservices/application/views/admin/categories/add_categories.php 57
ERROR - 02/24/2017 06:14 pm --> Severity: Notice --> Trying to get property of non-object /home2/carolhhp/public_html/democarol.com/homeservices/application/views/admin/categories/add_categories.php 57
ERROR - 02/24/2017 06:14 pm --> Severity: Notice --> Undefined variable: rec /home2/carolhhp/public_html/democarol.com/homeservices/application/views/admin/categories/add_categories.php 57
ERROR - 02/24/2017 06:14 pm --> Severity: Notice --> Trying to get property of non-object /home2/carolhhp/public_html/democarol.com/homeservices/application/views/admin/categories/add_categories.php 57
ERROR - 02/24/2017 06:14 pm --> Severity: Notice --> Undefined variable: rec /home2/carolhhp/public_html/democarol.com/homeservices/application/views/admin/categories/add_categories.php 57
ERROR - 02/24/2017 06:14 pm --> Severity: Notice --> Trying to get property of non-object /home2/carolhhp/public_html/democarol.com/homeservices/application/views/admin/categories/add_categories.php 57
ERROR - 02/24/2017 06:14 pm --> Severity: Notice --> Undefined variable: rec /home2/carolhhp/public_html/democarol.com/homeservices/application/views/admin/categories/add_categories.php 57
ERROR - 02/24/2017 06:14 pm --> Severity: Notice --> Trying to get property of non-object /home2/carolhhp/public_html/democarol.com/homeservices/application/views/admin/categories/add_categories.php 57
ERROR - 02/24/2017 06:14 pm --> Severity: Notice --> Undefined variable: rec /home2/carolhhp/public_html/democarol.com/homeservices/application/views/admin/categories/add_categories.php 57
ERROR - 02/24/2017 06:14 pm --> Severity: Notice --> Trying to get property of non-object /home2/carolhhp/public_html/democarol.com/homeservices/application/views/admin/categories/add_categories.php 57
ERROR - 02/24/2017 06:50 am --> 404 Page Not Found: Assets/js
ERROR - 02/24/2017 06:50 am --> 404 Page Not Found: Images/photos
ERROR - 02/24/2017 06:50 am --> 404 Page Not Found: Assets/js
ERROR - 02/24/2017 06:50 am --> 404 Page Not Found: Images/photos
ERROR - 02/24/2017 07:09 am --> 404 Page Not Found: Assets/js
ERROR - 02/24/2017 07:09 am --> 404 Page Not Found: Images/photos
ERROR - 02/24/2017 07:15 am --> 404 Page Not Found: Assets/js
ERROR - 02/24/2017 07:15 am --> 404 Page Not Found: Images/photos
ERROR - 02/24/2017 07:15 am --> 404 Page Not Found: Assets/js
ERROR - 02/24/2017 07:15 am --> 404 Page Not Found: Images/photos
ERROR - 02/24/2017 07:17 am --> 404 Page Not Found: Assets/js
ERROR - 02/24/2017 07:17 am --> 404 Page Not Found: Images/photos
ERROR - 02/24/2017 07:17 am --> 404 Page Not Found: Assets/js
ERROR - 02/24/2017 07:17 am --> 404 Page Not Found: Images/photos
ERROR - 02/24/2017 07:24 am --> 404 Page Not Found: Assets/js
ERROR - 02/24/2017 07:24 am --> 404 Page Not Found: Images/photos
ERROR - 02/24/2017 07:28 am --> 404 Page Not Found: Assets/js
ERROR - 02/24/2017 07:28 am --> 404 Page Not Found: Images/photos
ERROR - 02/24/2017 07:28 am --> 404 Page Not Found: Assets/js
ERROR - 02/24/2017 07:28 am --> 404 Page Not Found: Images/photos
