ERROR - 02/20/2017 01:41 am --> 404 Page Not Found: Assets/img
ERROR - 02/20/2017 01:41 am --> 404 Page Not Found: Assets/img
ERROR - 02/20/2017 01:41 am --> 404 Page Not Found: Assets/img
ERROR - 02/20/2017 01:41 am --> 404 Page Not Found: Assets/js
ERROR - 02/20/2017 01:41 am --> 404 Page Not Found: Images/photos
ERROR - 02/20/2017 01:41 am --> 404 Page Not Found: Assets/js
ERROR - 02/20/2017 01:41 am --> 404 Page Not Found: Assets/js
ERROR - 02/20/2017 01:41 am --> 404 Page Not Found: Assets/js
ERROR - 02/20/2017 01:41 am --> 404 Page Not Found: Baner/index
ERROR - 02/20/2017 01:41 am --> 404 Page Not Found: Images/photos
ERROR - 02/20/2017 01:41 am --> 404 Page Not Found: Assets/js
ERROR - 02/20/2017 01:41 am --> 404 Page Not Found: Assets/js
ERROR - 02/20/2017 01:41 am --> 404 Page Not Found: Images/photos
ERROR - 02/20/2017 01:41 am --> 404 Page Not Found: Assets/js
ERROR - 02/20/2017 01:41 am --> 404 Page Not Found: Assets/js
ERROR - 02/20/2017 01:41 am --> 404 Page Not Found: Assets/js
ERROR - 02/20/2017 01:41 am --> 404 Page Not Found: Baner/index
ERROR - 02/20/2017 01:41 am --> 404 Page Not Found: Images/photos
ERROR - 02/20/2017 01:41 am --> 404 Page Not Found: Assets/js
ERROR - 02/20/2017 01:41 am --> 404 Page Not Found: Assets/js
ERROR - 02/20/2017 01:42 am --> 404 Page Not Found: Assets/js
ERROR - 02/20/2017 01:42 am --> 404 Page Not Found: Images/photos
ERROR - 02/20/2017 01:12 pm --> Severity: Notice --> Undefined variable: update_plan /home2/carolhhp/public_html/democarol.com/homeservices/application/views/admin/plan/edit_plan.php 29
ERROR - 02/20/2017 01:12 pm --> Severity: Notice --> Trying to get property of non-object /home2/carolhhp/public_html/democarol.com/homeservices/application/views/admin/plan/edit_plan.php 29
ERROR - 02/20/2017 01:42 am --> 404 Page Not Found: Assets/js
ERROR - 02/20/2017 01:42 am --> 404 Page Not Found: Images/photos
ERROR - 02/20/2017 01:43 am --> 404 Page Not Found: Assets/js
ERROR - 02/20/2017 01:43 am --> 404 Page Not Found: Images/photos
ERROR - 02/20/2017 01:48 am --> 404 Page Not Found: Assets/js
ERROR - 02/20/2017 01:48 am --> 404 Page Not Found: Images/photos
ERROR - 02/20/2017 01:48 am --> 404 Page Not Found: Assets/js
ERROR - 02/20/2017 01:48 am --> 404 Page Not Found: Images/photos
ERROR - 02/20/2017 01:48 am --> 404 Page Not Found: Assets/js
ERROR - 02/20/2017 01:48 am --> 404 Page Not Found: Images/photos
ERROR - 02/20/2017 01:48 am --> 404 Page Not Found: Assets/js
ERROR - 02/20/2017 01:48 am --> 404 Page Not Found: Images/photos
ERROR - 02/20/2017 01:19 pm --> Severity: Notice --> Undefined property: stdClass::$cat_name /home2/carolhhp/public_html/democarol.com/homeservices/application/views/admin/plan/edit_plan.php 36
ERROR - 02/20/2017 01:49 am --> 404 Page Not Found: Assets/js
ERROR - 02/20/2017 01:49 am --> 404 Page Not Found: Images/photos
ERROR - 02/20/2017 01:25 pm --> Severity: Notice --> Undefined property: stdClass::$cat_name /home2/carolhhp/public_html/democarol.com/homeservices/application/views/admin/plan/edit_plan.php 36
ERROR - 02/20/2017 01:55 am --> 404 Page Not Found: Assets/js
ERROR - 02/20/2017 01:55 am --> 404 Page Not Found: Images/photos
ERROR - 02/20/2017 01:26 pm --> Severity: Notice --> Undefined property: stdClass::$cat_name /home2/carolhhp/public_html/democarol.com/homeservices/application/views/admin/plan/edit_plan.php 36
ERROR - 02/20/2017 01:26 pm --> Severity: Notice --> Undefined property: stdClass::$cat_name /home2/carolhhp/public_html/democarol.com/homeservices/application/views/admin/plan/edit_plan.php 36
ERROR - 02/20/2017 01:56 am --> 404 Page Not Found: Assets/js
ERROR - 02/20/2017 01:56 am --> 404 Page Not Found: Images/photos
ERROR - 02/20/2017 01:26 pm --> Severity: Notice --> Undefined property: stdClass::$cat_name /home2/carolhhp/public_html/democarol.com/homeservices/application/views/admin/plan/edit_plan.php 36
ERROR - 02/20/2017 01:26 pm --> Severity: Notice --> Undefined property: stdClass::$cat_name /home2/carolhhp/public_html/democarol.com/homeservices/application/views/admin/plan/edit_plan.php 36
ERROR - 02/20/2017 01:56 am --> 404 Page Not Found: Assets/js
ERROR - 02/20/2017 01:26 pm --> Severity: Notice --> Undefined property: stdClass::$cat_name /home2/carolhhp/public_html/democarol.com/homeservices/application/views/admin/plan/edit_plan.php 36
ERROR - 02/20/2017 01:26 pm --> Severity: Notice --> Undefined property: stdClass::$cat_name /home2/carolhhp/public_html/democarol.com/homeservices/application/views/admin/plan/edit_plan.php 36
ERROR - 02/20/2017 01:56 am --> 404 Page Not Found: Assets/js
ERROR - 02/20/2017 01:56 am --> 404 Page Not Found: Images/photos
ERROR - 02/20/2017 01:57 am --> 404 Page Not Found: Assets/js
ERROR - 02/20/2017 01:57 am --> 404 Page Not Found: Images/photos
ERROR - 02/20/2017 01:57 am --> 404 Page Not Found: Assets/js
ERROR - 02/20/2017 01:57 am --> 404 Page Not Found: Images/photos
ERROR - 02/20/2017 01:28 pm --> Severity: Notice --> Undefined variable: main_cat /home2/carolhhp/public_html/democarol.com/homeservices/application/views/admin/plan/edit_plan.php 40
ERROR - 02/20/2017 01:28 pm --> Severity: Warning --> Invalid argument supplied for foreach() /home2/carolhhp/public_html/democarol.com/homeservices/application/views/admin/plan/edit_plan.php 40
ERROR - 02/20/2017 01:58 am --> 404 Page Not Found: Assets/js
ERROR - 02/20/2017 01:58 am --> 404 Page Not Found: Images/photos
ERROR - 02/20/2017 01:28 pm --> Severity: Notice --> Undefined variable: main_cat /home2/carolhhp/public_html/democarol.com/homeservices/application/views/admin/plan/edit_plan.php 40
ERROR - 02/20/2017 01:28 pm --> Severity: Warning --> Invalid argument supplied for foreach() /home2/carolhhp/public_html/democarol.com/homeservices/application/views/admin/plan/edit_plan.php 40
ERROR - 02/20/2017 01:58 am --> 404 Page Not Found: Assets/js
ERROR - 02/20/2017 01:58 am --> 404 Page Not Found: Images/photos
ERROR - 02/20/2017 01:29 pm --> Severity: Notice --> Undefined variable: main_cat /home2/carolhhp/public_html/democarol.com/homeservices/application/views/admin/plan/edit_plan.php 40
ERROR - 02/20/2017 01:29 pm --> Severity: Warning --> Invalid argument supplied for foreach() /home2/carolhhp/public_html/democarol.com/homeservices/application/views/admin/plan/edit_plan.php 40
ERROR - 02/20/2017 01:59 am --> 404 Page Not Found: Assets/js
ERROR - 02/20/2017 01:59 am --> 404 Page Not Found: Images/photos
ERROR - 02/20/2017 02:01 am --> 404 Page Not Found: Assets/js
ERROR - 02/20/2017 02:01 am --> 404 Page Not Found: Images/photos
ERROR - 02/20/2017 02:03 am --> 404 Page Not Found: Assets/js
ERROR - 02/20/2017 02:03 am --> 404 Page Not Found: Images/photos
ERROR - 02/20/2017 02:55 am --> 404 Page Not Found: Assets/js
ERROR - 02/20/2017 02:55 am --> 404 Page Not Found: Images/photos
ERROR - 02/20/2017 02:59 am --> 404 Page Not Found: Assets/js
ERROR - 02/20/2017 02:59 am --> 404 Page Not Found: Images/photos
ERROR - 02/20/2017 03:00 am --> 404 Page Not Found: Assets/js
ERROR - 02/20/2017 03:00 am --> 404 Page Not Found: Images/photos
ERROR - 02/20/2017 03:00 am --> 404 Page Not Found: Assets/js
ERROR - 02/20/2017 03:00 am --> 404 Page Not Found: Images/photos
ERROR - 02/20/2017 02:55 pm --> Severity: Parsing Error --> syntax error, unexpected end of file /home2/carolhhp/public_html/democarol.com/homeservices/application/views/admin/plan/edit_plan.php 785
ERROR - 02/20/2017 03:26 am --> 404 Page Not Found: Assets/js
ERROR - 02/20/2017 03:26 am --> 404 Page Not Found: Images/photos
ERROR - 02/20/2017 03:27 am --> 404 Page Not Found: Assets/js
ERROR - 02/20/2017 03:27 am --> 404 Page Not Found: Images/photos
ERROR - 02/20/2017 03:29 am --> 404 Page Not Found: Assets/js
ERROR - 02/20/2017 03:29 am --> 404 Page Not Found: Images/photos
ERROR - 02/20/2017 03:29 am --> 404 Page Not Found: Assets/js
ERROR - 02/20/2017 03:29 am --> 404 Page Not Found: Images/photos
ERROR - 02/20/2017 03:30 am --> 404 Page Not Found: Assets/js
ERROR - 02/20/2017 03:30 am --> 404 Page Not Found: Images/photos
ERROR - 02/20/2017 03:09 pm --> Severity: Parsing Error --> syntax error, unexpected end of file /home2/carolhhp/public_html/democarol.com/homeservices/application/views/admin/plan/edit_plan.php 793
ERROR - 02/20/2017 03:40 am --> 404 Page Not Found: Assets/js
ERROR - 02/20/2017 03:40 am --> 404 Page Not Found: Images/photos
ERROR - 02/20/2017 03:40 am --> 404 Page Not Found: Assets/js
ERROR - 02/20/2017 03:40 am --> 404 Page Not Found: Images/photos
ERROR - 02/20/2017 03:41 am --> 404 Page Not Found: Assets/js
ERROR - 02/20/2017 03:41 am --> 404 Page Not Found: Images/photos
ERROR - 02/20/2017 03:41 am --> 404 Page Not Found: Assets/js
ERROR - 02/20/2017 03:41 am --> 404 Page Not Found: Images/photos
ERROR - 02/20/2017 03:42 am --> 404 Page Not Found: Assets/js
ERROR - 02/20/2017 03:42 am --> 404 Page Not Found: Images/photos
ERROR - 02/20/2017 03:42 am --> 404 Page Not Found: Assets/js
ERROR - 02/20/2017 03:42 am --> 404 Page Not Found: Images/photos
ERROR - 02/20/2017 03:43 am --> 404 Page Not Found: Assets/js
ERROR - 02/20/2017 03:43 am --> 404 Page Not Found: Images/photos
ERROR - 02/20/2017 03:43 am --> 404 Page Not Found: Assets/js
ERROR - 02/20/2017 03:43 am --> 404 Page Not Found: Images/photos
ERROR - 02/20/2017 03:44 am --> 404 Page Not Found: Assets/js
ERROR - 02/20/2017 03:44 am --> 404 Page Not Found: Images/photos
ERROR - 02/20/2017 03:15 pm --> Severity: Notice --> Undefined property: stdClass::$extras_image /home2/carolhhp/public_html/democarol.com/homeservices/application/views/admin/plan/edit_plan.php 156
ERROR - 02/20/2017 03:45 am --> 404 Page Not Found: Assets/js
ERROR - 02/20/2017 03:45 am --> 404 Page Not Found: Images/photos
ERROR - 02/20/2017 03:46 am --> 404 Page Not Found: Assets/js
ERROR - 02/20/2017 03:46 am --> 404 Page Not Found: Images/photos
ERROR - 02/20/2017 03:17 pm --> Severity: Notice --> Undefined variable: plan_title /home2/carolhhp/public_html/democarol.com/homeservices/application/controllers/Plan.php 137
ERROR - 02/20/2017 03:17 pm --> Severity: Notice --> Undefined variable: plan_cat /home2/carolhhp/public_html/democarol.com/homeservices/application/controllers/Plan.php 138
ERROR - 02/20/2017 03:17 pm --> Severity: Notice --> Undefined variable: plan_sub_cat /home2/carolhhp/public_html/democarol.com/homeservices/application/controllers/Plan.php 139
ERROR - 02/20/2017 03:17 pm --> Severity: Notice --> Undefined variable: plan_unit_price /home2/carolhhp/public_html/democarol.com/homeservices/application/controllers/Plan.php 140
ERROR - 02/20/2017 03:17 pm --> Severity: Notice --> Undefined variable: plan_status /home2/carolhhp/public_html/democarol.com/homeservices/application/controllers/Plan.php 141
ERROR - 02/20/2017 03:49 am --> 404 Page Not Found: Assets/js
ERROR - 02/20/2017 03:49 am --> 404 Page Not Found: Images/photos
ERROR - 02/20/2017 03:50 am --> 404 Page Not Found: Assets/js
ERROR - 02/20/2017 03:50 am --> 404 Page Not Found: Images/photos
ERROR - 02/20/2017 03:50 am --> 404 Page Not Found: Assets/js
ERROR - 02/20/2017 03:50 am --> 404 Page Not Found: Assets/js
ERROR - 02/20/2017 03:50 am --> 404 Page Not Found: Assets/js
ERROR - 02/20/2017 03:50 am --> 404 Page Not Found: Images/photos
ERROR - 02/20/2017 03:50 am --> 404 Page Not Found: Baner/index
ERROR - 02/20/2017 03:50 am --> 404 Page Not Found: Assets/js
ERROR - 02/20/2017 03:50 am --> 404 Page Not Found: Assets/js
ERROR - 02/20/2017 03:50 am --> 404 Page Not Found: Images/photos
ERROR - 02/20/2017 03:50 am --> 404 Page Not Found: Baner/index
ERROR - 02/20/2017 03:50 am --> 404 Page Not Found: Assets/js
ERROR - 02/20/2017 03:50 am --> 404 Page Not Found: Assets/js
ERROR - 02/20/2017 03:50 am --> 404 Page Not Found: Assets/js
ERROR - 02/20/2017 03:50 am --> 404 Page Not Found: Baner/index
ERROR - 02/20/2017 03:50 am --> 404 Page Not Found: Images/photos
ERROR - 02/20/2017 03:50 am --> 404 Page Not Found: Assets/js
ERROR - 02/20/2017 03:50 am --> 404 Page Not Found: Assets/js
ERROR - 02/20/2017 03:51 am --> 404 Page Not Found: Assets/js
ERROR - 02/20/2017 03:51 am --> 404 Page Not Found: Assets/js
ERROR - 02/20/2017 03:51 am --> 404 Page Not Found: Assets/js
ERROR - 02/20/2017 03:51 am --> 404 Page Not Found: Baner/index
ERROR - 02/20/2017 03:51 am --> 404 Page Not Found: Images/photos
ERROR - 02/20/2017 03:51 am --> 404 Page Not Found: Assets/js
ERROR - 02/20/2017 03:51 am --> 404 Page Not Found: Assets/js
ERROR - 02/20/2017 03:51 am --> 404 Page Not Found: Images/photos
ERROR - 02/20/2017 03:51 am --> 404 Page Not Found: Assets/js
ERROR - 02/20/2017 03:51 am --> 404 Page Not Found: Assets/js
ERROR - 02/20/2017 03:51 am --> 404 Page Not Found: Assets/js
ERROR - 02/20/2017 03:51 am --> 404 Page Not Found: Images/photos
ERROR - 02/20/2017 03:51 am --> 404 Page Not Found: Baner/index
ERROR - 02/20/2017 03:51 am --> 404 Page Not Found: Assets/js
ERROR - 02/20/2017 03:51 am --> 404 Page Not Found: Assets/js
ERROR - 02/20/2017 03:51 am --> 404 Page Not Found: Assets/js
ERROR - 02/20/2017 03:51 am --> 404 Page Not Found: Assets/js
ERROR - 02/20/2017 03:51 am --> 404 Page Not Found: Images/photos
ERROR - 02/20/2017 03:51 am --> 404 Page Not Found: Baner/index
ERROR - 02/20/2017 03:55 am --> 404 Page Not Found: Assets/js
ERROR - 02/20/2017 03:55 am --> 404 Page Not Found: Assets/js
ERROR - 02/20/2017 03:55 am --> 404 Page Not Found: Assets/js
ERROR - 02/20/2017 03:55 am --> 404 Page Not Found: Images/photos
ERROR - 02/20/2017 03:55 am --> 404 Page Not Found: Baner/index
ERROR - 02/20/2017 03:56 am --> 404 Page Not Found: Assets/js
ERROR - 02/20/2017 03:56 am --> 404 Page Not Found: Assets/js
ERROR - 02/20/2017 03:56 am --> 404 Page Not Found: Assets/js
ERROR - 02/20/2017 03:56 am --> 404 Page Not Found: Images/photos
ERROR - 02/20/2017 03:56 am --> 404 Page Not Found: Baner/index
ERROR - 02/20/2017 03:56 am --> 404 Page Not Found: Assets/js
ERROR - 02/20/2017 03:57 am --> 404 Page Not Found: Assets/js
ERROR - 02/20/2017 03:57 am --> 404 Page Not Found: Assets/js
ERROR - 02/20/2017 03:57 am --> 404 Page Not Found: Assets/js
ERROR - 02/20/2017 03:57 am --> 404 Page Not Found: Images/photos
ERROR - 02/20/2017 03:57 am --> 404 Page Not Found: Baner/index
ERROR - 02/20/2017 03:57 am --> 404 Page Not Found: Assets/js
ERROR - 02/20/2017 03:31 pm --> Severity: Parsing Error --> syntax error, unexpected ';' /home2/carolhhp/public_html/democarol.com/homeservices/application/views/admin/plan/manage_plan.php 84
ERROR - 02/20/2017 03:33 pm --> Severity: Notice --> Array to string conversion /home2/carolhhp/public_html/democarol.com/homeservices/application/views/admin/plan/manage_plan.php 72
ERROR - 02/20/2017 04:03 am --> 404 Page Not Found: Assets/js
ERROR - 02/20/2017 04:03 am --> 404 Page Not Found: Assets/js
ERROR - 02/20/2017 04:03 am --> 404 Page Not Found: Assets/js
ERROR - 02/20/2017 04:03 am --> 404 Page Not Found: Baner/index
ERROR - 02/20/2017 04:03 am --> 404 Page Not Found: Images/photos
ERROR - 02/20/2017 04:03 am --> 404 Page Not Found: Assets/js
ERROR - 02/20/2017 04:05 am --> 404 Page Not Found: Assets/js
ERROR - 02/20/2017 04:05 am --> 404 Page Not Found: Assets/js
ERROR - 02/20/2017 04:05 am --> 404 Page Not Found: Assets/js
ERROR - 02/20/2017 04:05 am --> 404 Page Not Found: Baner/index
ERROR - 02/20/2017 04:05 am --> 404 Page Not Found: Images/photos
ERROR - 02/20/2017 04:05 am --> 404 Page Not Found: Assets/js
ERROR - 02/20/2017 04:07 am --> 404 Page Not Found: Assets/js
ERROR - 02/20/2017 04:07 am --> 404 Page Not Found: Images/photos
ERROR - 02/20/2017 04:07 am --> 404 Page Not Found: Assets/js
ERROR - 02/20/2017 04:07 am --> 404 Page Not Found: Assets/js
ERROR - 02/20/2017 04:07 am --> 404 Page Not Found: Baner/index
ERROR - 02/20/2017 04:07 am --> 404 Page Not Found: Assets/js
ERROR - 02/20/2017 04:09 am --> 404 Page Not Found: Assets/js
ERROR - 02/20/2017 04:09 am --> 404 Page Not Found: Assets/js
ERROR - 02/20/2017 04:09 am --> 404 Page Not Found: Assets/js
ERROR - 02/20/2017 04:09 am --> 404 Page Not Found: Baner/index
ERROR - 02/20/2017 04:09 am --> 404 Page Not Found: Images/photos
ERROR - 02/20/2017 04:09 am --> 404 Page Not Found: Assets/js
ERROR - 02/20/2017 04:09 am --> 404 Page Not Found: Assets/js
ERROR - 02/20/2017 04:09 am --> 404 Page Not Found: Assets/js
ERROR - 02/20/2017 04:09 am --> 404 Page Not Found: Assets/js
ERROR - 02/20/2017 04:09 am --> 404 Page Not Found: Images/photos
ERROR - 02/20/2017 04:09 am --> 404 Page Not Found: Baner/index
ERROR - 02/20/2017 04:09 am --> 404 Page Not Found: Assets/js
ERROR - 02/20/2017 04:10 am --> 404 Page Not Found: Assets/js
ERROR - 02/20/2017 04:10 am --> 404 Page Not Found: Assets/js
ERROR - 02/20/2017 04:10 am --> 404 Page Not Found: Assets/js
ERROR - 02/20/2017 04:10 am --> 404 Page Not Found: Images/photos
ERROR - 02/20/2017 04:10 am --> 404 Page Not Found: Baner/index
ERROR - 02/20/2017 04:10 am --> 404 Page Not Found: Assets/js
ERROR - 02/20/2017 04:16 am --> 404 Page Not Found: Assets/js
ERROR - 02/20/2017 04:16 am --> 404 Page Not Found: Images/photos
ERROR - 02/20/2017 04:16 am --> 404 Page Not Found: Images/photos
ERROR - 02/20/2017 04:16 am --> 404 Page Not Found: Baner/index
ERROR - 02/20/2017 04:16 am --> 404 Page Not Found: Images/photos
ERROR - 02/20/2017 04:16 am --> 404 Page Not Found: Assets/js
ERROR - 02/20/2017 04:16 am --> 404 Page Not Found: Images/photos
ERROR - 02/20/2017 04:17 am --> 404 Page Not Found: Assets/js
ERROR - 02/20/2017 04:17 am --> 404 Page Not Found: Assets/js
ERROR - 02/20/2017 04:17 am --> 404 Page Not Found: Assets/js
ERROR - 02/20/2017 04:17 am --> 404 Page Not Found: Images/photos
ERROR - 02/20/2017 04:17 am --> 404 Page Not Found: Baner/index
ERROR - 02/20/2017 04:17 am --> 404 Page Not Found: Assets/js
ERROR - 02/20/2017 04:19 am --> 404 Page Not Found: Assets/js
ERROR - 02/20/2017 04:19 am --> 404 Page Not Found: Assets/js
ERROR - 02/20/2017 04:19 am --> 404 Page Not Found: Assets/js
ERROR - 02/20/2017 04:19 am --> 404 Page Not Found: Images/photos
ERROR - 02/20/2017 04:19 am --> 404 Page Not Found: Baner/index
ERROR - 02/20/2017 04:19 am --> 404 Page Not Found: Assets/js
ERROR - 02/20/2017 04:20 am --> 404 Page Not Found: Assets/js
ERROR - 02/20/2017 04:20 am --> 404 Page Not Found: Assets/js
ERROR - 02/20/2017 04:20 am --> 404 Page Not Found: Assets/js
ERROR - 02/20/2017 04:20 am --> 404 Page Not Found: Images/photos
ERROR - 02/20/2017 04:20 am --> 404 Page Not Found: Baner/index
ERROR - 02/20/2017 04:20 am --> 404 Page Not Found: Assets/js
ERROR - 02/20/2017 04:21 am --> 404 Page Not Found: Assets/js
ERROR - 02/20/2017 04:21 am --> 404 Page Not Found: Assets/js
ERROR - 02/20/2017 04:21 am --> 404 Page Not Found: Assets/js
ERROR - 02/20/2017 04:21 am --> 404 Page Not Found: Baner/index
ERROR - 02/20/2017 04:21 am --> 404 Page Not Found: Images/photos
ERROR - 02/20/2017 04:24 am --> 404 Page Not Found: Assets/js
ERROR - 02/20/2017 04:24 am --> 404 Page Not Found: Assets/js
ERROR - 02/20/2017 04:24 am --> 404 Page Not Found: Assets/js
ERROR - 02/20/2017 04:24 am --> 404 Page Not Found: Images/photos
ERROR - 02/20/2017 04:24 am --> 404 Page Not Found: Baner/index
ERROR - 02/20/2017 04:24 am --> 404 Page Not Found: Assets/js
ERROR - 02/20/2017 04:24 am --> 404 Page Not Found: Assets/js
ERROR - 02/20/2017 04:24 am --> 404 Page Not Found: Assets/js
ERROR - 02/20/2017 04:24 am --> 404 Page Not Found: Baner/index
ERROR - 02/20/2017 04:24 am --> 404 Page Not Found: Images/photos
ERROR - 02/20/2017 04:24 am --> 404 Page Not Found: Assets/js
ERROR - 02/20/2017 04:24 am --> 404 Page Not Found: Assets/js
ERROR - 02/20/2017 04:24 am --> 404 Page Not Found: Assets/js
ERROR - 02/20/2017 04:24 am --> 404 Page Not Found: Assets/js
ERROR - 02/20/2017 04:24 am --> 404 Page Not Found: Assets/js
ERROR - 02/20/2017 04:24 am --> 404 Page Not Found: Images/photos
ERROR - 02/20/2017 04:24 am --> 404 Page Not Found: Baner/index
ERROR - 02/20/2017 03:55 pm --> Severity: Parsing Error --> syntax error, unexpected '}' /home2/carolhhp/public_html/democarol.com/homeservices/application/views/admin/plan/manage_plan.php 101
ERROR - 02/20/2017 04:29 am --> 404 Page Not Found: Assets/js
ERROR - 02/20/2017 04:29 am --> 404 Page Not Found: Assets/js
ERROR - 02/20/2017 04:29 am --> 404 Page Not Found: Assets/js
ERROR - 02/20/2017 04:29 am --> 404 Page Not Found: Baner/index
ERROR - 02/20/2017 04:29 am --> 404 Page Not Found: Images/photos
ERROR - 02/20/2017 04:29 am --> 404 Page Not Found: Assets/js
ERROR - 02/20/2017 04:30 am --> 404 Page Not Found: Assets/js
ERROR - 02/20/2017 04:30 am --> 404 Page Not Found: Assets/js
ERROR - 02/20/2017 04:30 am --> 404 Page Not Found: Assets/js
ERROR - 02/20/2017 04:30 am --> 404 Page Not Found: Images/photos
ERROR - 02/20/2017 04:30 am --> 404 Page Not Found: Baner/index
ERROR - 02/20/2017 04:30 am --> 404 Page Not Found: Assets/js
ERROR - 02/20/2017 04:30 am --> 404 Page Not Found: Assets/js
ERROR - 02/20/2017 04:30 am --> 404 Page Not Found: Assets/js
ERROR - 02/20/2017 04:30 am --> 404 Page Not Found: Assets/js
ERROR - 02/20/2017 04:30 am --> 404 Page Not Found: Images/photos
ERROR - 02/20/2017 04:30 am --> 404 Page Not Found: Baner/index
ERROR - 02/20/2017 04:31 am --> 404 Page Not Found: Assets/js
ERROR - 02/20/2017 04:31 am --> 404 Page Not Found: Assets/js
ERROR - 02/20/2017 04:31 am --> 404 Page Not Found: Assets/js
ERROR - 02/20/2017 04:31 am --> 404 Page Not Found: Images/photos
ERROR - 02/20/2017 04:31 am --> 404 Page Not Found: Baner/index
ERROR - 02/20/2017 04:31 am --> 404 Page Not Found: Assets/js
ERROR - 02/20/2017 04:33 am --> 404 Page Not Found: Assets/js
ERROR - 02/20/2017 04:33 am --> 404 Page Not Found: Images/photos
ERROR - 02/20/2017 04:33 am --> 404 Page Not Found: Assets/js
ERROR - 02/20/2017 04:33 am --> 404 Page Not Found: Assets/js
ERROR - 02/20/2017 04:33 am --> 404 Page Not Found: Assets/js
ERROR - 02/20/2017 04:33 am --> 404 Page Not Found: Baner/index
ERROR - 02/20/2017 04:33 am --> 404 Page Not Found: Images/photos
ERROR - 02/20/2017 04:38 am --> 404 Page Not Found: Assets/js
ERROR - 02/20/2017 04:38 am --> 404 Page Not Found: Assets/js
ERROR - 02/20/2017 04:38 am --> 404 Page Not Found: Assets/js
ERROR - 02/20/2017 04:38 am --> 404 Page Not Found: Images/photos
ERROR - 02/20/2017 04:38 am --> 404 Page Not Found: Baner/index
ERROR - 02/20/2017 04:38 am --> 404 Page Not Found: Assets/js
ERROR - 02/20/2017 04:38 am --> 404 Page Not Found: Assets/js
ERROR - 02/20/2017 04:39 am --> 404 Page Not Found: Assets/js
ERROR - 02/20/2017 04:39 am --> 404 Page Not Found: Assets/js
ERROR - 02/20/2017 04:39 am --> 404 Page Not Found: Assets/js
ERROR - 02/20/2017 04:39 am --> 404 Page Not Found: Images/photos
ERROR - 02/20/2017 04:39 am --> 404 Page Not Found: Baner/index
ERROR - 02/20/2017 04:39 am --> 404 Page Not Found: Assets/js
ERROR - 02/20/2017 04:39 am --> 404 Page Not Found: Images/photos
ERROR - 02/20/2017 04:40 am --> 404 Page Not Found: Assets/js
ERROR - 02/20/2017 04:40 am --> 404 Page Not Found: Assets/js
ERROR - 02/20/2017 04:40 am --> 404 Page Not Found: Assets/js
ERROR - 02/20/2017 04:40 am --> 404 Page Not Found: Baner/index
ERROR - 02/20/2017 04:40 am --> 404 Page Not Found: Images/photos
ERROR - 02/20/2017 04:40 am --> 404 Page Not Found: Assets/js
ERROR - 02/20/2017 04:40 am --> 404 Page Not Found: Assets/js
ERROR - 02/20/2017 04:40 am --> 404 Page Not Found: Assets/js
ERROR - 02/20/2017 04:40 am --> 404 Page Not Found: Assets/js
ERROR - 02/20/2017 04:40 am --> 404 Page Not Found: Assets/js
ERROR - 02/20/2017 04:40 am --> 404 Page Not Found: Images/photos
ERROR - 02/20/2017 04:40 am --> 404 Page Not Found: Baner/index
ERROR - 02/20/2017 04:41 am --> 404 Page Not Found: Assets/js
ERROR - 02/20/2017 04:41 am --> 404 Page Not Found: Assets/js
ERROR - 02/20/2017 04:41 am --> 404 Page Not Found: Assets/js
ERROR - 02/20/2017 04:41 am --> 404 Page Not Found: Images/photos
ERROR - 02/20/2017 04:41 am --> 404 Page Not Found: Baner/index
ERROR - 02/20/2017 04:11 pm --> Severity: Parsing Error --> syntax error, unexpected end of file /home2/carolhhp/public_html/democarol.com/homeservices/application/views/admin/plan/manage_plan.php 100
ERROR - 02/20/2017 04:12 pm --> Severity: Notice --> Array to string conversion /home2/carolhhp/public_html/democarol.com/homeservices/application/views/admin/plan/manage_plan.php 95
ERROR - 02/20/2017 04:42 am --> 404 Page Not Found: Assets/js
ERROR - 02/20/2017 04:42 am --> 404 Page Not Found: Assets/js
ERROR - 02/20/2017 04:42 am --> 404 Page Not Found: Assets/js
ERROR - 02/20/2017 04:42 am --> 404 Page Not Found: Images/photos
ERROR - 02/20/2017 04:42 am --> 404 Page Not Found: Baner/index
ERROR - 02/20/2017 04:42 am --> 404 Page Not Found: Assets/js
ERROR - 02/20/2017 04:47 am --> 404 Page Not Found: Assets/js
ERROR - 02/20/2017 04:47 am --> 404 Page Not Found: Assets/js
ERROR - 02/20/2017 04:47 am --> 404 Page Not Found: Assets/js
ERROR - 02/20/2017 04:47 am --> 404 Page Not Found: Images/photos
ERROR - 02/20/2017 04:47 am --> 404 Page Not Found: Baner/index
ERROR - 02/20/2017 04:47 am --> 404 Page Not Found: Assets/js
ERROR - 02/20/2017 04:47 am --> 404 Page Not Found: Assets/js
ERROR - 02/20/2017 04:47 am --> 404 Page Not Found: Images/photos
ERROR - 02/20/2017 04:48 am --> 404 Page Not Found: Baner/index
ERROR - 02/20/2017 04:48 am --> 404 Page Not Found: Assets/js
ERROR - 02/20/2017 04:48 am --> 404 Page Not Found: Images/photos
ERROR - 02/20/2017 04:48 am --> 404 Page Not Found: Assets/js
ERROR - 02/20/2017 04:48 am --> 404 Page Not Found: Assets/js
ERROR - 02/20/2017 04:48 am --> 404 Page Not Found: Assets/js
ERROR - 02/20/2017 04:48 am --> 404 Page Not Found: Baner/index
ERROR - 02/20/2017 04:48 am --> 404 Page Not Found: Images/photos
ERROR - 02/20/2017 04:48 am --> 404 Page Not Found: Assets/js
ERROR - 02/20/2017 04:48 am --> 404 Page Not Found: Assets/js
ERROR - 02/20/2017 04:48 am --> 404 Page Not Found: Assets/js
ERROR - 02/20/2017 04:48 am --> 404 Page Not Found: Assets/js
ERROR - 02/20/2017 04:48 am --> 404 Page Not Found: Assets/js
ERROR - 02/20/2017 04:48 am --> 404 Page Not Found: Images/photos
ERROR - 02/20/2017 04:48 am --> 404 Page Not Found: Baner/index
ERROR - 02/20/2017 04:49 am --> 404 Page Not Found: Assets/js
ERROR - 02/20/2017 04:49 am --> 404 Page Not Found: Images/photos
ERROR - 02/20/2017 04:50 am --> 404 Page Not Found: Assets/js
ERROR - 02/20/2017 04:50 am --> 404 Page Not Found: Assets/js
ERROR - 02/20/2017 04:50 am --> 404 Page Not Found: Assets/js
ERROR - 02/20/2017 04:50 am --> 404 Page Not Found: Images/photos
ERROR - 02/20/2017 04:50 am --> 404 Page Not Found: Baner/index
ERROR - 02/20/2017 04:55 am --> 404 Page Not Found: Assets/js
ERROR - 02/20/2017 04:55 am --> 404 Page Not Found: Assets/js
ERROR - 02/20/2017 04:55 am --> 404 Page Not Found: Assets/js
ERROR - 02/20/2017 04:55 am --> 404 Page Not Found: Images/photos
ERROR - 02/20/2017 04:56 am --> 404 Page Not Found: Assets/js
ERROR - 02/20/2017 04:56 am --> 404 Page Not Found: Assets/js
ERROR - 02/20/2017 04:56 am --> 404 Page Not Found: Assets/js
ERROR - 02/20/2017 04:56 am --> 404 Page Not Found: Images/photos
ERROR - 02/20/2017 04:56 am --> 404 Page Not Found: Assets/js
ERROR - 02/20/2017 04:57 am --> 404 Page Not Found: Assets/js
ERROR - 02/20/2017 04:57 am --> 404 Page Not Found: Assets/js
ERROR - 02/20/2017 04:57 am --> 404 Page Not Found: Assets/js
ERROR - 02/20/2017 04:57 am --> 404 Page Not Found: Images/photos
ERROR - 02/20/2017 04:57 am --> 404 Page Not Found: Assets/js
ERROR - 02/20/2017 04:57 am --> 404 Page Not Found: Assets/js
ERROR - 02/20/2017 04:57 am --> 404 Page Not Found: Assets/js
ERROR - 02/20/2017 04:57 am --> 404 Page Not Found: Assets/js
ERROR - 02/20/2017 04:57 am --> 404 Page Not Found: Images/photos
ERROR - 02/20/2017 04:57 am --> 404 Page Not Found: Assets/js
ERROR - 02/20/2017 04:57 am --> 404 Page Not Found: Assets/js
ERROR - 02/20/2017 04:57 am --> 404 Page Not Found: Assets/js
ERROR - 02/20/2017 04:57 am --> 404 Page Not Found: Images/photos
ERROR - 02/20/2017 04:57 am --> 404 Page Not Found: Assets/js
ERROR - 02/20/2017 04:58 am --> 404 Page Not Found: Assets/js
ERROR - 02/20/2017 04:58 am --> 404 Page Not Found: Assets/js
ERROR - 02/20/2017 04:58 am --> 404 Page Not Found: Assets/js
ERROR - 02/20/2017 04:58 am --> 404 Page Not Found: Images/photos
ERROR - 02/20/2017 04:58 am --> 404 Page Not Found: Assets/js
ERROR - 02/20/2017 04:58 am --> 404 Page Not Found: Assets/js
ERROR - 02/20/2017 04:58 am --> 404 Page Not Found: Assets/js
ERROR - 02/20/2017 04:58 am --> 404 Page Not Found: Assets/js
ERROR - 02/20/2017 04:58 am --> 404 Page Not Found: Assets/js
ERROR - 02/20/2017 04:58 am --> 404 Page Not Found: Images/photos
ERROR - 02/20/2017 04:59 am --> 404 Page Not Found: Assets/js
ERROR - 02/20/2017 04:59 am --> 404 Page Not Found: Images/photos
ERROR - 02/20/2017 04:59 am --> 404 Page Not Found: Assets/js
ERROR - 02/20/2017 04:59 am --> 404 Page Not Found: Assets/js
ERROR - 02/20/2017 04:59 am --> 404 Page Not Found: Assets/js
ERROR - 02/20/2017 04:59 am --> 404 Page Not Found: Images/photos
ERROR - 02/20/2017 05:00 am --> 404 Page Not Found: Assets/js
ERROR - 02/20/2017 05:00 am --> 404 Page Not Found: Images/photos
ERROR - 02/20/2017 05:00 am --> 404 Page Not Found: Assets/js
ERROR - 02/20/2017 05:00 am --> 404 Page Not Found: Assets/js
ERROR - 02/20/2017 05:00 am --> 404 Page Not Found: Assets/js
ERROR - 02/20/2017 05:00 am --> 404 Page Not Found: Assets/js
ERROR - 02/20/2017 05:00 am --> 404 Page Not Found: Assets/js
ERROR - 02/20/2017 05:00 am --> 404 Page Not Found: Images/photos
ERROR - 02/20/2017 05:00 am --> 404 Page Not Found: Assets/js
ERROR - 02/20/2017 05:01 am --> 404 Page Not Found: Assets/js
ERROR - 02/20/2017 05:01 am --> 404 Page Not Found: Images/photos
ERROR - 02/20/2017 05:02 am --> 404 Page Not Found: Assets/js
ERROR - 02/20/2017 05:02 am --> 404 Page Not Found: Assets/js
ERROR - 02/20/2017 05:02 am --> 404 Page Not Found: Assets/js
ERROR - 02/20/2017 05:02 am --> 404 Page Not Found: Images/photos
ERROR - 02/20/2017 05:02 am --> 404 Page Not Found: Assets/js
ERROR - 02/20/2017 05:04 am --> 404 Page Not Found: Assets/js
ERROR - 02/20/2017 05:04 am --> 404 Page Not Found: Images/photos
ERROR - 02/20/2017 05:04 am --> 404 Page Not Found: Assets/js
ERROR - 02/20/2017 05:04 am --> 404 Page Not Found: Assets/js
ERROR - 02/20/2017 05:04 am --> 404 Page Not Found: Assets/js
ERROR - 02/20/2017 05:04 am --> 404 Page Not Found: Images/photos
ERROR - 02/20/2017 05:04 am --> 404 Page Not Found: Assets/js
ERROR - 02/20/2017 05:06 am --> 404 Page Not Found: Assets/js
ERROR - 02/20/2017 05:06 am --> 404 Page Not Found: Assets/js
ERROR - 02/20/2017 05:06 am --> 404 Page Not Found: Assets/js
ERROR - 02/20/2017 05:06 am --> 404 Page Not Found: Images/photos
ERROR - 02/20/2017 05:06 am --> 404 Page Not Found: Assets/js
ERROR - 02/20/2017 05:06 am --> 404 Page Not Found: Images/photos
ERROR - 02/20/2017 05:16 am --> 404 Page Not Found: Assets/js
ERROR - 02/20/2017 05:16 am --> 404 Page Not Found: Images/photos
ERROR - 02/20/2017 05:17 am --> 404 Page Not Found: Assets/js
ERROR - 02/20/2017 05:17 am --> 404 Page Not Found: Assets/js
ERROR - 02/20/2017 05:17 am --> 404 Page Not Found: Assets/js
ERROR - 02/20/2017 05:17 am --> 404 Page Not Found: Images/photos
ERROR - 02/20/2017 05:17 am --> 404 Page Not Found: Assets/js
ERROR - 02/20/2017 05:17 am --> 404 Page Not Found: Assets/js
ERROR - 02/20/2017 05:18 am --> 404 Page Not Found: Images/photos
ERROR - 02/20/2017 05:18 am --> 404 Page Not Found: Assets/js
ERROR - 02/20/2017 05:18 am --> 404 Page Not Found: Assets/js
ERROR - 02/20/2017 05:18 am --> 404 Page Not Found: Assets/js
ERROR - 02/20/2017 05:18 am --> 404 Page Not Found: Assets/js
ERROR - 02/20/2017 05:18 am --> 404 Page Not Found: Assets/js
ERROR - 02/20/2017 05:18 am --> 404 Page Not Found: Images/photos
ERROR - 02/20/2017 05:18 am --> 404 Page Not Found: Assets/js
ERROR - 02/20/2017 05:18 am --> 404 Page Not Found: Assets/js
ERROR - 02/20/2017 05:18 am --> 404 Page Not Found: Images/photos
ERROR - 02/20/2017 05:21 am --> 404 Page Not Found: Assets/js
ERROR - 02/20/2017 05:21 am --> 404 Page Not Found: Images/photos
ERROR - 02/20/2017 05:22 am --> 404 Page Not Found: Assets/js
ERROR - 02/20/2017 05:22 am --> 404 Page Not Found: Images/photos
ERROR - 02/20/2017 05:23 am --> 404 Page Not Found: Assets/js
ERROR - 02/20/2017 05:23 am --> 404 Page Not Found: Assets/js
ERROR - 02/20/2017 05:23 am --> 404 Page Not Found: Assets/js
ERROR - 02/20/2017 05:23 am --> 404 Page Not Found: Images/photos
ERROR - 02/20/2017 05:23 am --> 404 Page Not Found: Assets/js
ERROR - 02/20/2017 05:24 am --> 404 Page Not Found: Assets/js
ERROR - 02/20/2017 05:24 am --> 404 Page Not Found: Assets/js
ERROR - 02/20/2017 05:24 am --> 404 Page Not Found: Assets/js
ERROR - 02/20/2017 05:24 am --> 404 Page Not Found: Images/photos
ERROR - 02/20/2017 05:24 am --> 404 Page Not Found: Assets/js
ERROR - 02/20/2017 05:24 am --> 404 Page Not Found: Assets/js
ERROR - 02/20/2017 05:24 am --> 404 Page Not Found: Images/photos
ERROR - 02/20/2017 05:34 am --> 404 Page Not Found: Assets/js
ERROR - 02/20/2017 05:34 am --> 404 Page Not Found: Images/photos
ERROR - 02/20/2017 05:34 am --> 404 Page Not Found: Assets/js
ERROR - 02/20/2017 05:34 am --> 404 Page Not Found: Images/photos
ERROR - 02/20/2017 05:41 am --> 404 Page Not Found: Assets/js
ERROR - 02/20/2017 05:41 am --> 404 Page Not Found: Images/photos
ERROR - 02/20/2017 05:43 am --> 404 Page Not Found: Assets/js
ERROR - 02/20/2017 05:43 am --> 404 Page Not Found: Assets/js
ERROR - 02/20/2017 05:43 am --> 404 Page Not Found: Assets/js
ERROR - 02/20/2017 05:43 am --> 404 Page Not Found: Images/photos
ERROR - 02/20/2017 05:43 am --> 404 Page Not Found: Assets/js
ERROR - 02/20/2017 05:43 am --> 404 Page Not Found: Assets/js
ERROR - 02/20/2017 05:43 am --> 404 Page Not Found: Images/photos
ERROR - 02/20/2017 05:43 am --> 404 Page Not Found: Assets/js
ERROR - 02/20/2017 05:53 am --> 404 Page Not Found: Assets/js
ERROR - 02/20/2017 05:53 am --> 404 Page Not Found: Images/photos
ERROR - 02/20/2017 05:53 am --> 404 Page Not Found: Assets/js
ERROR - 02/20/2017 05:53 am --> 404 Page Not Found: Assets/js
ERROR - 02/20/2017 05:53 am --> 404 Page Not Found: Assets/js
ERROR - 02/20/2017 05:53 am --> 404 Page Not Found: Images/photos
ERROR - 02/20/2017 05:55 am --> 404 Page Not Found: Assets/js
ERROR - 02/20/2017 05:55 am --> 404 Page Not Found: Images/photos
ERROR - 02/20/2017 05:55 am --> 404 Page Not Found: Assets/js
ERROR - 02/20/2017 05:55 am --> 404 Page Not Found: Assets/js
ERROR - 02/20/2017 05:55 am --> 404 Page Not Found: Assets/js
ERROR - 02/20/2017 06:00 am --> 404 Page Not Found: Assets/js
ERROR - 02/20/2017 06:00 am --> 404 Page Not Found: Images/photos
ERROR - 02/20/2017 06:00 am --> 404 Page Not Found: Assets/js
ERROR - 02/20/2017 06:00 am --> 404 Page Not Found: Assets/js
ERROR - 02/20/2017 06:00 am --> 404 Page Not Found: Assets/js
ERROR - 02/20/2017 06:04 am --> 404 Page Not Found: Assets/front
ERROR - 02/20/2017 06:06 am --> 404 Page Not Found: Assets/front
ERROR - 02/20/2017 06:10 am --> 404 Page Not Found: Assets/js
ERROR - 02/20/2017 06:10 am --> 404 Page Not Found: Assets/js
ERROR - 02/20/2017 06:10 am --> 404 Page Not Found: Assets/js
ERROR - 02/20/2017 06:10 am --> 404 Page Not Found: Images/photos
ERROR - 02/20/2017 06:10 am --> 404 Page Not Found: Assets/js
ERROR - 02/20/2017 06:10 am --> 404 Page Not Found: Assets/js
ERROR - 02/20/2017 06:10 am --> 404 Page Not Found: Images/photos
ERROR - 02/20/2017 06:23 am --> 404 Page Not Found: Assets/js
ERROR - 02/20/2017 06:23 am --> 404 Page Not Found: Images/photos
ERROR - 02/20/2017 06:27 am --> 404 Page Not Found: Assets/js
ERROR - 02/20/2017 06:27 am --> 404 Page Not Found: Images/photos
ERROR - 02/20/2017 06:27 am --> 404 Page Not Found: Assets/js
ERROR - 02/20/2017 06:27 am --> 404 Page Not Found: Images/photos
ERROR - 02/20/2017 06:33 am --> 404 Page Not Found: Assets/js
ERROR - 02/20/2017 06:33 am --> 404 Page Not Found: Images/photos
ERROR - 02/20/2017 06:41 am --> 404 Page Not Found: Assets/js
ERROR - 02/20/2017 06:41 am --> 404 Page Not Found: Images/photos
ERROR - 02/20/2017 06:44 am --> 404 Page Not Found: Assets/js
ERROR - 02/20/2017 06:44 am --> 404 Page Not Found: Images/photos
ERROR - 02/20/2017 06:49 am --> 404 Page Not Found: Assets/js
ERROR - 02/20/2017 06:49 am --> 404 Page Not Found: Images/photos
ERROR - 02/20/2017 06:51 am --> 404 Page Not Found: Assets/js
ERROR - 02/20/2017 06:51 am --> 404 Page Not Found: Images/photos
ERROR - 02/20/2017 07:00 am --> 404 Page Not Found: Assets/js
ERROR - 02/20/2017 07:00 am --> 404 Page Not Found: Images/photos
ERROR - 02/20/2017 07:01 am --> 404 Page Not Found: Assets/js
ERROR - 02/20/2017 07:01 am --> 404 Page Not Found: Images/photos
ERROR - 02/20/2017 07:53 am --> 404 Page Not Found: Assets/front
ERROR - 02/20/2017 07:53 am --> 404 Page Not Found: Assets/front
ERROR - 02/20/2017 11:36 pm --> 404 Page Not Found: Assets/js
ERROR - 02/20/2017 11:36 pm --> 404 Page Not Found: Images/photos
ERROR - 02/20/2017 11:36 pm --> 404 Page Not Found: Assets/js
ERROR - 02/20/2017 11:36 pm --> 404 Page Not Found: Images/photos
ERROR - 02/20/2017 11:37 pm --> 404 Page Not Found: Assets/img
ERROR - 02/20/2017 11:38 pm --> 404 Page Not Found: Assets/js
ERROR - 02/20/2017 11:38 pm --> 404 Page Not Found: Images/photos
ERROR - 02/20/2017 11:43 pm --> 404 Page Not Found: Assets/js
ERROR - 02/20/2017 11:43 pm --> 404 Page Not Found: Images/photos
ERROR - 02/20/2017 11:43 pm --> 404 Page Not Found: Assets/js
ERROR - 02/20/2017 11:43 pm --> 404 Page Not Found: Assets/js
ERROR - 02/20/2017 11:43 pm --> 404 Page Not Found: Assets/js
ERROR - 02/20/2017 11:43 pm --> 404 Page Not Found: Images/photos
ERROR - 02/20/2017 11:43 pm --> 404 Page Not Found: Assets/js
ERROR - 02/20/2017 11:43 pm --> 404 Page Not Found: Images/photos
ERROR - 02/20/2017 11:43 pm --> 404 Page Not Found: Assets/js
ERROR - 02/20/2017 11:43 pm --> 404 Page Not Found: Assets/js
ERROR - 02/20/2017 11:43 pm --> 404 Page Not Found: Assets/js
ERROR - 02/20/2017 11:43 pm --> 404 Page Not Found: Assets/js
ERROR - 02/20/2017 11:43 pm --> 404 Page Not Found: Images/photos
ERROR - 02/20/2017 11:44 pm --> 404 Page Not Found: Assets/js
ERROR - 02/20/2017 11:44 pm --> 404 Page Not Found: Images/photos
ERROR - 02/20/2017 11:45 pm --> 404 Page Not Found: Assets/js
ERROR - 02/20/2017 11:45 pm --> 404 Page Not Found: Images/photos
ERROR - 02/20/2017 11:51 pm --> 404 Page Not Found: Assets/js
ERROR - 02/20/2017 11:51 pm --> 404 Page Not Found: Images/photos
ERROR - 02/20/2017 11:51 pm --> 404 Page Not Found: Assets/js
ERROR - 02/20/2017 11:51 pm --> 404 Page Not Found: Images/photos
ERROR - 02/20/2017 11:51 pm --> 404 Page Not Found: Assets/js
ERROR - 02/20/2017 11:51 pm --> 404 Page Not Found: Images/photos
ERROR - 02/20/2017 11:52 pm --> 404 Page Not Found: Assets/js
ERROR - 02/20/2017 11:52 pm --> 404 Page Not Found: Images/photos
