ERROR - 05/06/2017 04:39 am --> 404 Page Not Found: Assets/img
ERROR - 05/06/2017 04:39 am --> 404 Page Not Found: Assets/img
ERROR - 05/06/2017 04:39 am --> 404 Page Not Found: Assets/img
ERROR - 05/06/2017 04:39 am --> 404 Page Not Found: Assets/img
ERROR - 05/06/2017 04:39 am --> 404 Page Not Found: Assets/img
ERROR - 05/06/2017 04:40 am --> 404 Page Not Found: Assets/img
ERROR - 05/06/2017 04:40 am --> 404 Page Not Found: Assets/img
ERROR - 05/06/2017 04:40 am --> 404 Page Not Found: Assets/img
ERROR - 05/06/2017 04:40 am --> 404 Page Not Found: Assets/img
ERROR - 05/06/2017 04:40 am --> 404 Page Not Found: Assets/img
ERROR - 05/06/2017 04:40 am --> 404 Page Not Found: Assets/img
ERROR - 05/06/2017 04:40 am --> 404 Page Not Found: Assets/img
ERROR - 05/06/2017 04:40 am --> 404 Page Not Found: Assets/img
ERROR - 05/06/2017 04:41 am --> 404 Page Not Found: Assets/img
ERROR - 05/06/2017 04:41 am --> 404 Page Not Found: Assets/img
ERROR - 05/06/2017 04:41 am --> 404 Page Not Found: Assets/img
ERROR - 05/06/2017 04:42 am --> 404 Page Not Found: Assets/img
ERROR - 05/06/2017 04:42 am --> 404 Page Not Found: Assets/img
ERROR - 05/06/2017 03:14 pm --> Severity: Notice --> Undefined variable: child_catname /home2/carolhhp/public_html/democarol.com/homeservices/application/views/front/home.php 89
ERROR - 05/06/2017 03:14 pm --> Severity: Notice --> Trying to get property of non-object /home2/carolhhp/public_html/democarol.com/homeservices/application/views/front/home.php 89
ERROR - 05/06/2017 03:14 pm --> Severity: Notice --> Undefined variable: child_catname /home2/carolhhp/public_html/democarol.com/homeservices/application/views/front/home.php 90
ERROR - 05/06/2017 03:14 pm --> Severity: Notice --> Trying to get property of non-object /home2/carolhhp/public_html/democarol.com/homeservices/application/views/front/home.php 90
ERROR - 05/06/2017 03:14 pm --> Severity: Notice --> Undefined variable: child_catname /home2/carolhhp/public_html/democarol.com/homeservices/application/views/front/home.php 91
ERROR - 05/06/2017 03:14 pm --> Severity: Notice --> Trying to get property of non-object /home2/carolhhp/public_html/democarol.com/homeservices/application/views/front/home.php 91
ERROR - 05/06/2017 03:14 pm --> Severity: Notice --> Undefined variable: child_catname /home2/carolhhp/public_html/democarol.com/homeservices/application/views/front/home.php 92
ERROR - 05/06/2017 03:14 pm --> Severity: Notice --> Trying to get property of non-object /home2/carolhhp/public_html/democarol.com/homeservices/application/views/front/home.php 92
ERROR - 05/06/2017 03:14 pm --> Severity: Notice --> Undefined variable: child_catname /home2/carolhhp/public_html/democarol.com/homeservices/application/views/front/home.php 93
ERROR - 05/06/2017 03:14 pm --> Severity: Notice --> Trying to get property of non-object /home2/carolhhp/public_html/democarol.com/homeservices/application/views/front/home.php 93
ERROR - 05/06/2017 03:14 pm --> Severity: Notice --> Use of undefined constant php - assumed 'php' /home2/carolhhp/public_html/democarol.com/homeservices/application/views/front/home.php 100
ERROR - 05/06/2017 03:15 pm --> Severity: Notice --> Undefined variable: child_catname /home2/carolhhp/public_html/democarol.com/homeservices/application/views/front/home.php 89
ERROR - 05/06/2017 03:15 pm --> Severity: Notice --> Trying to get property of non-object /home2/carolhhp/public_html/democarol.com/homeservices/application/views/front/home.php 89
ERROR - 05/06/2017 03:15 pm --> Severity: Notice --> Undefined variable: child_catname /home2/carolhhp/public_html/democarol.com/homeservices/application/views/front/home.php 90
ERROR - 05/06/2017 03:15 pm --> Severity: Notice --> Trying to get property of non-object /home2/carolhhp/public_html/democarol.com/homeservices/application/views/front/home.php 90
ERROR - 05/06/2017 03:15 pm --> Severity: Notice --> Undefined variable: child_catname /home2/carolhhp/public_html/democarol.com/homeservices/application/views/front/home.php 91
ERROR - 05/06/2017 03:15 pm --> Severity: Notice --> Trying to get property of non-object /home2/carolhhp/public_html/democarol.com/homeservices/application/views/front/home.php 91
ERROR - 05/06/2017 03:15 pm --> Severity: Notice --> Undefined variable: child_catname /home2/carolhhp/public_html/democarol.com/homeservices/application/views/front/home.php 92
ERROR - 05/06/2017 03:15 pm --> Severity: Notice --> Trying to get property of non-object /home2/carolhhp/public_html/democarol.com/homeservices/application/views/front/home.php 92
ERROR - 05/06/2017 03:15 pm --> Severity: Notice --> Undefined variable: child_catname /home2/carolhhp/public_html/democarol.com/homeservices/application/views/front/home.php 93
ERROR - 05/06/2017 03:15 pm --> Severity: Notice --> Trying to get property of non-object /home2/carolhhp/public_html/democarol.com/homeservices/application/views/front/home.php 93
ERROR - 05/06/2017 03:15 pm --> Severity: Notice --> Use of undefined constant php - assumed 'php' /home2/carolhhp/public_html/democarol.com/homeservices/application/views/front/home.php 100
ERROR - 05/06/2017 04:48 am --> 404 Page Not Found: Assets/front
ERROR - 05/06/2017 03:19 pm --> Severity: Notice --> Undefined variable: child_catname /home2/carolhhp/public_html/democarol.com/homeservices/application/views/front/home.php 89
ERROR - 05/06/2017 03:19 pm --> Severity: Notice --> Trying to get property of non-object /home2/carolhhp/public_html/democarol.com/homeservices/application/views/front/home.php 89
ERROR - 05/06/2017 03:19 pm --> Severity: Notice --> Undefined variable: child_catname /home2/carolhhp/public_html/democarol.com/homeservices/application/views/front/home.php 90
ERROR - 05/06/2017 03:19 pm --> Severity: Notice --> Trying to get property of non-object /home2/carolhhp/public_html/democarol.com/homeservices/application/views/front/home.php 90
ERROR - 05/06/2017 03:19 pm --> Severity: Notice --> Undefined variable: child_catname /home2/carolhhp/public_html/democarol.com/homeservices/application/views/front/home.php 91
ERROR - 05/06/2017 03:19 pm --> Severity: Notice --> Trying to get property of non-object /home2/carolhhp/public_html/democarol.com/homeservices/application/views/front/home.php 91
ERROR - 05/06/2017 03:19 pm --> Severity: Notice --> Undefined variable: child_catname /home2/carolhhp/public_html/democarol.com/homeservices/application/views/front/home.php 92
ERROR - 05/06/2017 03:19 pm --> Severity: Notice --> Trying to get property of non-object /home2/carolhhp/public_html/democarol.com/homeservices/application/views/front/home.php 92
ERROR - 05/06/2017 03:19 pm --> Severity: Notice --> Undefined variable: child_catname /home2/carolhhp/public_html/democarol.com/homeservices/application/views/front/home.php 93
ERROR - 05/06/2017 03:19 pm --> Severity: Notice --> Trying to get property of non-object /home2/carolhhp/public_html/democarol.com/homeservices/application/views/front/home.php 93
ERROR - 05/06/2017 03:19 pm --> Severity: Notice --> Use of undefined constant php - assumed 'php' /home2/carolhhp/public_html/democarol.com/homeservices/application/views/front/home.php 100
ERROR - 05/06/2017 04:49 am --> 404 Page Not Found: Assets/front
ERROR - 05/06/2017 04:49 am --> 404 Page Not Found: front/Service/badroom_plan
ERROR - 05/06/2017 04:49 am --> 404 Page Not Found: front/Service/badroom_plan
ERROR - 05/06/2017 04:49 am --> 404 Page Not Found: front/Service/badroom_plan
ERROR - 05/06/2017 04:49 am --> 404 Page Not Found: front/Service/badroom_plan
ERROR - 05/06/2017 04:49 am --> 404 Page Not Found: front/Service/badroom_plan
ERROR - 05/06/2017 04:49 am --> 404 Page Not Found: front/Service/badroom_plan
ERROR - 05/06/2017 04:49 am --> 404 Page Not Found: Assets/front
ERROR - 05/06/2017 04:49 am --> 404 Page Not Found: Assets/front
ERROR - 05/06/2017 04:49 am --> 404 Page Not Found: Assets/front
ERROR - 05/06/2017 04:49 am --> 404 Page Not Found: Assets/front
ERROR - 05/06/2017 04:49 am --> 404 Page Not Found: Assets/front
ERROR - 05/06/2017 05:08 am --> 404 Page Not Found: Assets/front
ERROR - 05/06/2017 05:15 am --> 404 Page Not Found: Assets/front
ERROR - 05/06/2017 05:15 am --> 404 Page Not Found: Assets/front
ERROR - 05/06/2017 05:15 am --> 404 Page Not Found: Assets/front
ERROR - 05/06/2017 05:16 am --> 404 Page Not Found: Assets/front
ERROR - 05/06/2017 05:16 am --> 404 Page Not Found: Assets/front
ERROR - 05/06/2017 05:16 am --> 404 Page Not Found: Assets/front
ERROR - 05/06/2017 05:16 am --> 404 Page Not Found: Assets/front
ERROR - 05/06/2017 05:16 am --> 404 Page Not Found: Assets/front
ERROR - 05/06/2017 06:18 am --> 404 Page Not Found: Assets/img
ERROR - 05/06/2017 06:18 am --> 404 Page Not Found: Assets/img
ERROR - 05/06/2017 06:19 am --> 404 Page Not Found: Assets/img
ERROR - 05/06/2017 06:20 am --> 404 Page Not Found: Assets/img
ERROR - 05/06/2017 06:20 am --> 404 Page Not Found: Assets/js
ERROR - 05/06/2017 06:20 am --> 404 Page Not Found: Images/photos
ERROR - 05/06/2017 06:20 am --> 404 Page Not Found: Assets/js
ERROR - 05/06/2017 06:20 am --> 404 Page Not Found: Images/photos
ERROR - 05/06/2017 06:21 am --> 404 Page Not Found: Assets/js
ERROR - 05/06/2017 06:21 am --> 404 Page Not Found: Images/photos
ERROR - 05/06/2017 04:44 pm --> 404 Page Not Found: Assets/front
ERROR - 05/06/2017 04:45 pm --> 404 Page Not Found: Assets/front
ERROR - 05/06/2017 04:45 pm --> 404 Page Not Found: Assets/front
ERROR - 05/06/2017 04:45 pm --> 404 Page Not Found: Assets/front
ERROR - 05/06/2017 04:45 pm --> 404 Page Not Found: Assets/front
ERROR - 05/06/2017 04:45 pm --> 404 Page Not Found: Assets/front
ERROR - 05/06/2017 05:25 pm --> 404 Page Not Found: Assets/front
ERROR - 05/06/2017 05:28 pm --> 404 Page Not Found: front/Service/badroom_plan
ERROR - 05/06/2017 05:28 pm --> 404 Page Not Found: front/Service/badroom_plan
ERROR - 05/06/2017 05:28 pm --> 404 Page Not Found: front/Service/badroom_plan
ERROR - 05/06/2017 05:36 pm --> 404 Page Not Found: Assets/front
ERROR - 05/06/2017 05:36 pm --> 404 Page Not Found: Assets/front
ERROR - 05/06/2017 05:36 pm --> 404 Page Not Found: Assets/front
ERROR - 05/06/2017 05:36 pm --> 404 Page Not Found: Assets/front
ERROR - 05/06/2017 05:36 pm --> 404 Page Not Found: Assets/front
ERROR - 05/06/2017 05:37 pm --> 404 Page Not Found: Assets/front
ERROR - 05/06/2017 05:39 pm --> 404 Page Not Found: front/Service/badroom_plan
ERROR - 05/06/2017 05:39 pm --> 404 Page Not Found: front/Service/badroom_plan
ERROR - 05/06/2017 05:39 pm --> 404 Page Not Found: Assets/front
ERROR - 05/06/2017 05:39 pm --> 404 Page Not Found: Assets/front
ERROR - 05/06/2017 05:39 pm --> 404 Page Not Found: Assets/front
ERROR - 05/06/2017 05:39 pm --> 404 Page Not Found: Assets/front
ERROR - 05/06/2017 05:39 pm --> 404 Page Not Found: Assets/front
ERROR - 05/06/2017 05:46 pm --> 404 Page Not Found: Assets/front
ERROR - 05/06/2017 05:55 pm --> 404 Page Not Found: Assets/front
ERROR - 05/06/2017 05:56 pm --> 404 Page Not Found: Assets/front
ERROR - 05/06/2017 05:56 pm --> 404 Page Not Found: Assets/front
ERROR - 05/06/2017 05:56 pm --> 404 Page Not Found: Assets/front
ERROR - 05/06/2017 05:56 pm --> 404 Page Not Found: Assets/front
ERROR - 05/06/2017 05:56 pm --> 404 Page Not Found: Assets/front
ERROR - 05/06/2017 05:58 pm --> 404 Page Not Found: Assets/front
ERROR - 05/06/2017 06:00 pm --> 404 Page Not Found: front/Service/badroom_plan
ERROR - 05/06/2017 06:00 pm --> 404 Page Not Found: front/Service/badroom_plan
ERROR - 05/06/2017 06:00 pm --> 404 Page Not Found: front/Service/badroom_plan
ERROR - 05/06/2017 06:00 pm --> 404 Page Not Found: front/Service/badroom_plan
ERROR - 05/06/2017 06:00 pm --> 404 Page Not Found: front/Service/badroom_plan
ERROR - 05/06/2017 06:14 pm --> 404 Page Not Found: Assets/front
ERROR - 05/06/2017 06:19 pm --> 404 Page Not Found: Assets/front
ERROR - 05/06/2017 06:19 pm --> 404 Page Not Found: Assets/front
ERROR - 05/06/2017 06:19 pm --> 404 Page Not Found: Assets/front
ERROR - 05/06/2017 06:19 pm --> 404 Page Not Found: Assets/front
ERROR - 05/06/2017 06:19 pm --> 404 Page Not Found: Assets/front
ERROR - 05/06/2017 06:19 pm --> 404 Page Not Found: Assets/front
ERROR - 05/06/2017 06:19 pm --> 404 Page Not Found: Assets/front
ERROR - 05/06/2017 06:19 pm --> 404 Page Not Found: Assets/front
ERROR - 05/06/2017 06:19 pm --> 404 Page Not Found: Assets/front
ERROR - 05/06/2017 06:19 pm --> 404 Page Not Found: Assets/front
ERROR - 05/06/2017 06:19 pm --> 404 Page Not Found: Assets/front
ERROR - 05/06/2017 06:19 pm --> 404 Page Not Found: Assets/front
ERROR - 05/06/2017 06:31 pm --> 404 Page Not Found: Assets/front
ERROR - 05/06/2017 06:32 pm --> 404 Page Not Found: front/Service/badroom_plan
ERROR - 05/06/2017 06:32 pm --> 404 Page Not Found: front/Service/badroom_plan
ERROR - 05/06/2017 06:32 pm --> 404 Page Not Found: front/Service/badroom_plan
ERROR - 05/06/2017 06:32 pm --> 404 Page Not Found: front/Service/badroom_plan
ERROR - 05/06/2017 06:32 pm --> 404 Page Not Found: front/Service/badroom_plan
ERROR - 05/06/2017 06:32 pm --> 404 Page Not Found: Assets/front
ERROR - 05/06/2017 06:32 pm --> 404 Page Not Found: Assets/front
ERROR - 05/06/2017 06:32 pm --> 404 Page Not Found: Assets/front
ERROR - 05/06/2017 06:32 pm --> 404 Page Not Found: Assets/front
ERROR - 05/06/2017 06:32 pm --> 404 Page Not Found: Assets/front
ERROR - 05/06/2017 06:33 pm --> 404 Page Not Found: Assets/front
ERROR - 05/06/2017 06:33 pm --> 404 Page Not Found: front/Service/badroom_plan
ERROR - 05/06/2017 06:33 pm --> 404 Page Not Found: front/Service/badroom_plan
ERROR - 05/06/2017 06:33 pm --> 404 Page Not Found: front/Service/badroom_plan
ERROR - 05/06/2017 06:33 pm --> 404 Page Not Found: front/Service/badroom_plan
ERROR - 05/06/2017 06:33 pm --> 404 Page Not Found: front/Service/badroom_plan
ERROR - 05/06/2017 06:34 pm --> 404 Page Not Found: Assets/front
ERROR - 05/06/2017 06:34 pm --> 404 Page Not Found: Assets/front
ERROR - 05/06/2017 06:34 pm --> 404 Page Not Found: Assets/front
ERROR - 05/06/2017 06:34 pm --> 404 Page Not Found: Assets/front
ERROR - 05/06/2017 06:34 pm --> 404 Page Not Found: Assets/front
ERROR - 05/06/2017 06:38 pm --> 404 Page Not Found: Assets/front
ERROR - 05/06/2017 06:40 pm --> 404 Page Not Found: Assets/front
ERROR - 05/06/2017 06:40 pm --> 404 Page Not Found: Assets/front
ERROR - 05/06/2017 06:40 pm --> 404 Page Not Found: Assets/front
ERROR - 05/06/2017 06:40 pm --> 404 Page Not Found: Assets/front
ERROR - 05/06/2017 06:40 pm --> 404 Page Not Found: Assets/front
ERROR - 05/06/2017 06:40 pm --> 404 Page Not Found: Assets/front
ERROR - 05/06/2017 06:41 pm --> 404 Page Not Found: Assets/front
ERROR - 05/06/2017 06:53 pm --> 404 Page Not Found: Assets/front
ERROR - 05/06/2017 06:54 pm --> 404 Page Not Found: Assets/front
ERROR - 05/06/2017 06:54 pm --> 404 Page Not Found: Assets/front
ERROR - 05/06/2017 06:54 pm --> 404 Page Not Found: Assets/front
ERROR - 05/06/2017 06:54 pm --> 404 Page Not Found: Assets/front
ERROR - 05/06/2017 06:54 pm --> 404 Page Not Found: Assets/front
ERROR - 05/06/2017 06:59 pm --> 404 Page Not Found: Assets/front
ERROR - 05/06/2017 06:59 pm --> 404 Page Not Found: Assets/front
ERROR - 05/06/2017 06:59 pm --> 404 Page Not Found: Assets/front
ERROR - 05/06/2017 06:59 pm --> 404 Page Not Found: Assets/front
ERROR - 05/06/2017 06:59 pm --> 404 Page Not Found: Assets/front
ERROR - 05/06/2017 06:59 pm --> 404 Page Not Found: Assets/front
ERROR - 05/06/2017 07:10 pm --> 404 Page Not Found: Assets/front
ERROR - 05/06/2017 07:11 pm --> 404 Page Not Found: Assets/front
ERROR - 05/06/2017 07:11 pm --> 404 Page Not Found: Assets/front
ERROR - 05/06/2017 07:11 pm --> 404 Page Not Found: Assets/front
ERROR - 05/06/2017 07:11 pm --> 404 Page Not Found: Assets/front
ERROR - 05/06/2017 07:11 pm --> 404 Page Not Found: Assets/front
ERROR - 05/06/2017 07:26 pm --> 404 Page Not Found: Assets/front
ERROR - 05/06/2017 07:26 pm --> 404 Page Not Found: Assets/front
ERROR - 05/06/2017 07:26 pm --> 404 Page Not Found: Assets/front
ERROR - 05/06/2017 07:26 pm --> 404 Page Not Found: Assets/front
ERROR - 05/06/2017 07:26 pm --> 404 Page Not Found: Assets/front
ERROR - 05/06/2017 07:26 pm --> 404 Page Not Found: Assets/front
ERROR - 05/06/2017 07:27 pm --> 404 Page Not Found: Assets/front
ERROR - 05/06/2017 07:28 pm --> 404 Page Not Found: Assets/front
ERROR - 05/06/2017 07:28 pm --> 404 Page Not Found: Assets/front
ERROR - 05/06/2017 07:28 pm --> 404 Page Not Found: front/Service/badroom_plan
ERROR - 05/06/2017 07:28 pm --> 404 Page Not Found: front/Service/badroom_plan
ERROR - 05/06/2017 07:29 pm --> 404 Page Not Found: Assets/front
ERROR - 05/06/2017 07:29 pm --> 404 Page Not Found: Assets/front
ERROR - 05/06/2017 07:29 pm --> 404 Page Not Found: Assets/front
ERROR - 05/06/2017 07:29 pm --> 404 Page Not Found: Assets/front
ERROR - 05/06/2017 07:29 pm --> 404 Page Not Found: Assets/front
ERROR - 05/06/2017 07:32 pm --> 404 Page Not Found: Assets/front
ERROR - 05/06/2017 07:32 pm --> 404 Page Not Found: Assets/front
ERROR - 05/06/2017 07:33 pm --> 404 Page Not Found: Assets/front
ERROR - 05/06/2017 07:33 pm --> 404 Page Not Found: Assets/front
ERROR - 05/06/2017 07:33 pm --> 404 Page Not Found: Assets/front
ERROR - 05/06/2017 07:33 pm --> 404 Page Not Found: Assets/front
ERROR - 05/06/2017 07:33 pm --> 404 Page Not Found: Assets/front
ERROR - 05/06/2017 07:33 pm --> 404 Page Not Found: Assets/front
ERROR - 05/06/2017 07:33 pm --> 404 Page Not Found: Assets/front
ERROR - 05/06/2017 07:33 pm --> 404 Page Not Found: Assets/front
ERROR - 05/06/2017 07:33 pm --> 404 Page Not Found: Assets/front
ERROR - 05/06/2017 07:33 pm --> 404 Page Not Found: Assets/front
ERROR - 05/06/2017 07:33 pm --> 404 Page Not Found: Assets/front
ERROR - 05/06/2017 07:48 pm --> 404 Page Not Found: Assets/front
ERROR - 05/06/2017 07:48 pm --> 404 Page Not Found: Assets/front
ERROR - 05/06/2017 07:48 pm --> 404 Page Not Found: Assets/front
ERROR - 05/06/2017 07:48 pm --> 404 Page Not Found: Assets/front
ERROR - 05/06/2017 07:48 pm --> 404 Page Not Found: Assets/front
ERROR - 05/06/2017 07:48 pm --> 404 Page Not Found: Assets/front
ERROR - 05/06/2017 07:49 pm --> 404 Page Not Found: front/Service/badroom_plan
ERROR - 05/06/2017 07:49 pm --> 404 Page Not Found: front/Service/badroom_plan
ERROR - 05/06/2017 07:49 pm --> 404 Page Not Found: front/Service/badroom_plan
ERROR - 05/06/2017 07:49 pm --> 404 Page Not Found: front/Service/badroom_plan
ERROR - 05/06/2017 07:49 pm --> 404 Page Not Found: front/Service/badroom_plan
ERROR - 05/06/2017 07:53 pm --> 404 Page Not Found: Assets/front
