ERROR - 04/04/2017 10:47 am --> Severity: Notice --> Undefined variable: child_catname /home2/carolhhp/public_html/democarol.com/homeservices/application/views/front/home.php 89
ERROR - 04/04/2017 10:47 am --> Severity: Notice --> Trying to get property of non-object /home2/carolhhp/public_html/democarol.com/homeservices/application/views/front/home.php 89
ERROR - 04/04/2017 10:47 am --> Severity: Notice --> Undefined variable: child_catname /home2/carolhhp/public_html/democarol.com/homeservices/application/views/front/home.php 90
ERROR - 04/04/2017 10:47 am --> Severity: Notice --> Trying to get property of non-object /home2/carolhhp/public_html/democarol.com/homeservices/application/views/front/home.php 90
ERROR - 04/04/2017 10:47 am --> Severity: Notice --> Undefined variable: child_catname /home2/carolhhp/public_html/democarol.com/homeservices/application/views/front/home.php 91
ERROR - 04/04/2017 10:47 am --> Severity: Notice --> Trying to get property of non-object /home2/carolhhp/public_html/democarol.com/homeservices/application/views/front/home.php 91
ERROR - 04/04/2017 10:47 am --> Severity: Notice --> Undefined variable: child_catname /home2/carolhhp/public_html/democarol.com/homeservices/application/views/front/home.php 92
ERROR - 04/04/2017 10:47 am --> Severity: Notice --> Trying to get property of non-object /home2/carolhhp/public_html/democarol.com/homeservices/application/views/front/home.php 92
ERROR - 04/04/2017 10:47 am --> Severity: Notice --> Undefined variable: child_catname /home2/carolhhp/public_html/democarol.com/homeservices/application/views/front/home.php 93
ERROR - 04/04/2017 10:47 am --> Severity: Notice --> Trying to get property of non-object /home2/carolhhp/public_html/democarol.com/homeservices/application/views/front/home.php 93
ERROR - 04/04/2017 10:47 am --> Severity: Notice --> Use of undefined constant php - assumed 'php' /home2/carolhhp/public_html/democarol.com/homeservices/application/views/front/home.php 100
ERROR - 04/04/2017 12:31 pm --> Severity: Notice --> Undefined variable: child_catname /home2/carolhhp/public_html/democarol.com/homeservices/application/views/front/home.php 89
ERROR - 04/04/2017 12:31 pm --> Severity: Notice --> Trying to get property of non-object /home2/carolhhp/public_html/democarol.com/homeservices/application/views/front/home.php 89
ERROR - 04/04/2017 12:31 pm --> Severity: Notice --> Undefined variable: child_catname /home2/carolhhp/public_html/democarol.com/homeservices/application/views/front/home.php 90
ERROR - 04/04/2017 12:31 pm --> Severity: Notice --> Trying to get property of non-object /home2/carolhhp/public_html/democarol.com/homeservices/application/views/front/home.php 90
ERROR - 04/04/2017 12:31 pm --> Severity: Notice --> Undefined variable: child_catname /home2/carolhhp/public_html/democarol.com/homeservices/application/views/front/home.php 91
ERROR - 04/04/2017 12:31 pm --> Severity: Notice --> Trying to get property of non-object /home2/carolhhp/public_html/democarol.com/homeservices/application/views/front/home.php 91
ERROR - 04/04/2017 12:31 pm --> Severity: Notice --> Undefined variable: child_catname /home2/carolhhp/public_html/democarol.com/homeservices/application/views/front/home.php 92
ERROR - 04/04/2017 12:31 pm --> Severity: Notice --> Trying to get property of non-object /home2/carolhhp/public_html/democarol.com/homeservices/application/views/front/home.php 92
ERROR - 04/04/2017 12:31 pm --> Severity: Notice --> Undefined variable: child_catname /home2/carolhhp/public_html/democarol.com/homeservices/application/views/front/home.php 93
ERROR - 04/04/2017 12:31 pm --> Severity: Notice --> Trying to get property of non-object /home2/carolhhp/public_html/democarol.com/homeservices/application/views/front/home.php 93
ERROR - 04/04/2017 12:31 pm --> Severity: Notice --> Use of undefined constant php - assumed 'php' /home2/carolhhp/public_html/democarol.com/homeservices/application/views/front/home.php 100
ERROR - 04/04/2017 02:01 am --> 404 Page Not Found: front/Service/badroom_plan
ERROR - 04/04/2017 02:01 am --> 404 Page Not Found: front/Service/badroom_plan
ERROR - 04/04/2017 02:02 am --> 404 Page Not Found: Assets/front
ERROR - 04/04/2017 02:02 am --> 404 Page Not Found: Assets/front
ERROR - 04/04/2017 02:02 am --> 404 Page Not Found: Assets/front
ERROR - 04/04/2017 02:02 am --> 404 Page Not Found: Assets/front
ERROR - 04/04/2017 02:02 am --> 404 Page Not Found: Assets/front
ERROR - 04/04/2017 02:02 am --> 404 Page Not Found: Assets/front
ERROR - 04/04/2017 12:32 pm --> Severity: Notice --> Trying to get property of non-object /home2/carolhhp/public_html/democarol.com/homeservices/application/views/front/services/booking_form.php 384
ERROR - 04/04/2017 12:32 pm --> Severity: Notice --> Trying to get property of non-object /home2/carolhhp/public_html/democarol.com/homeservices/application/views/front/services/booking_form.php 385
ERROR - 04/04/2017 12:32 pm --> Severity: Notice --> Trying to get property of non-object /home2/carolhhp/public_html/democarol.com/homeservices/application/views/front/services/booking_form.php 387
ERROR - 04/04/2017 12:32 pm --> Severity: Notice --> Trying to get property of non-object /home2/carolhhp/public_html/democarol.com/homeservices/application/views/front/services/booking_form.php 388
ERROR - 04/04/2017 12:32 pm --> Severity: Notice --> Trying to get property of non-object /home2/carolhhp/public_html/democarol.com/homeservices/application/views/front/services/booking_form.php 388
ERROR - 04/04/2017 12:32 pm --> Severity: Notice --> Trying to get property of non-object /home2/carolhhp/public_html/democarol.com/homeservices/application/views/front/services/booking_form.php 390
ERROR - 04/04/2017 12:32 pm --> Severity: Notice --> Trying to get property of non-object /home2/carolhhp/public_html/democarol.com/homeservices/application/views/front/services/booking_form.php 391
ERROR - 04/04/2017 12:32 pm --> Severity: Notice --> Trying to get property of non-object /home2/carolhhp/public_html/democarol.com/homeservices/application/views/front/services/booking_form.php 391
ERROR - 04/04/2017 12:32 pm --> Severity: Notice --> Trying to get property of non-object /home2/carolhhp/public_html/democarol.com/homeservices/application/views/front/services/booking_form.php 393
ERROR - 04/04/2017 12:32 pm --> Severity: Notice --> Trying to get property of non-object /home2/carolhhp/public_html/democarol.com/homeservices/application/views/front/services/booking_form.php 394
ERROR - 04/04/2017 12:32 pm --> Severity: Notice --> Trying to get property of non-object /home2/carolhhp/public_html/democarol.com/homeservices/application/views/front/services/booking_form.php 394
ERROR - 04/04/2017 12:32 pm --> Severity: Notice --> Trying to get property of non-object /home2/carolhhp/public_html/democarol.com/homeservices/application/views/front/services/booking_form.php 407
ERROR - 04/04/2017 12:33 pm --> Severity: Notice --> Undefined variable: child_catname /home2/carolhhp/public_html/democarol.com/homeservices/application/views/front/home.php 89
ERROR - 04/04/2017 12:33 pm --> Severity: Notice --> Trying to get property of non-object /home2/carolhhp/public_html/democarol.com/homeservices/application/views/front/home.php 89
ERROR - 04/04/2017 12:33 pm --> Severity: Notice --> Undefined variable: child_catname /home2/carolhhp/public_html/democarol.com/homeservices/application/views/front/home.php 90
ERROR - 04/04/2017 12:33 pm --> Severity: Notice --> Trying to get property of non-object /home2/carolhhp/public_html/democarol.com/homeservices/application/views/front/home.php 90
ERROR - 04/04/2017 12:33 pm --> Severity: Notice --> Undefined variable: child_catname /home2/carolhhp/public_html/democarol.com/homeservices/application/views/front/home.php 91
ERROR - 04/04/2017 12:33 pm --> Severity: Notice --> Trying to get property of non-object /home2/carolhhp/public_html/democarol.com/homeservices/application/views/front/home.php 91
ERROR - 04/04/2017 12:33 pm --> Severity: Notice --> Undefined variable: child_catname /home2/carolhhp/public_html/democarol.com/homeservices/application/views/front/home.php 92
ERROR - 04/04/2017 12:33 pm --> Severity: Notice --> Trying to get property of non-object /home2/carolhhp/public_html/democarol.com/homeservices/application/views/front/home.php 92
ERROR - 04/04/2017 12:33 pm --> Severity: Notice --> Undefined variable: child_catname /home2/carolhhp/public_html/democarol.com/homeservices/application/views/front/home.php 93
ERROR - 04/04/2017 12:33 pm --> Severity: Notice --> Trying to get property of non-object /home2/carolhhp/public_html/democarol.com/homeservices/application/views/front/home.php 93
ERROR - 04/04/2017 12:33 pm --> Severity: Notice --> Use of undefined constant php - assumed 'php' /home2/carolhhp/public_html/democarol.com/homeservices/application/views/front/home.php 100
ERROR - 04/04/2017 05:38 pm --> Severity: Notice --> Undefined variable: child_catname /home2/carolhhp/public_html/democarol.com/homeservices/application/views/front/home.php 89
ERROR - 04/04/2017 05:38 pm --> Severity: Notice --> Trying to get property of non-object /home2/carolhhp/public_html/democarol.com/homeservices/application/views/front/home.php 89
ERROR - 04/04/2017 05:38 pm --> Severity: Notice --> Undefined variable: child_catname /home2/carolhhp/public_html/democarol.com/homeservices/application/views/front/home.php 90
ERROR - 04/04/2017 05:38 pm --> Severity: Notice --> Trying to get property of non-object /home2/carolhhp/public_html/democarol.com/homeservices/application/views/front/home.php 90
ERROR - 04/04/2017 05:38 pm --> Severity: Notice --> Undefined variable: child_catname /home2/carolhhp/public_html/democarol.com/homeservices/application/views/front/home.php 91
ERROR - 04/04/2017 05:38 pm --> Severity: Notice --> Trying to get property of non-object /home2/carolhhp/public_html/democarol.com/homeservices/application/views/front/home.php 91
ERROR - 04/04/2017 05:38 pm --> Severity: Notice --> Undefined variable: child_catname /home2/carolhhp/public_html/democarol.com/homeservices/application/views/front/home.php 92
ERROR - 04/04/2017 05:38 pm --> Severity: Notice --> Trying to get property of non-object /home2/carolhhp/public_html/democarol.com/homeservices/application/views/front/home.php 92
ERROR - 04/04/2017 05:38 pm --> Severity: Notice --> Undefined variable: child_catname /home2/carolhhp/public_html/democarol.com/homeservices/application/views/front/home.php 93
ERROR - 04/04/2017 05:38 pm --> Severity: Notice --> Trying to get property of non-object /home2/carolhhp/public_html/democarol.com/homeservices/application/views/front/home.php 93
ERROR - 04/04/2017 05:38 pm --> Severity: Notice --> Use of undefined constant php - assumed 'php' /home2/carolhhp/public_html/democarol.com/homeservices/application/views/front/home.php 100
ERROR - 04/04/2017 05:38 pm --> Severity: Notice --> Undefined variable: child_catname /home2/carolhhp/public_html/democarol.com/homeservices/application/views/front/home.php 89
ERROR - 04/04/2017 05:38 pm --> Severity: Notice --> Trying to get property of non-object /home2/carolhhp/public_html/democarol.com/homeservices/application/views/front/home.php 89
ERROR - 04/04/2017 05:38 pm --> Severity: Notice --> Undefined variable: child_catname /home2/carolhhp/public_html/democarol.com/homeservices/application/views/front/home.php 90
ERROR - 04/04/2017 05:38 pm --> Severity: Notice --> Trying to get property of non-object /home2/carolhhp/public_html/democarol.com/homeservices/application/views/front/home.php 90
ERROR - 04/04/2017 05:38 pm --> Severity: Notice --> Undefined variable: child_catname /home2/carolhhp/public_html/democarol.com/homeservices/application/views/front/home.php 91
ERROR - 04/04/2017 05:38 pm --> Severity: Notice --> Trying to get property of non-object /home2/carolhhp/public_html/democarol.com/homeservices/application/views/front/home.php 91
ERROR - 04/04/2017 05:38 pm --> Severity: Notice --> Undefined variable: child_catname /home2/carolhhp/public_html/democarol.com/homeservices/application/views/front/home.php 92
ERROR - 04/04/2017 05:38 pm --> Severity: Notice --> Trying to get property of non-object /home2/carolhhp/public_html/democarol.com/homeservices/application/views/front/home.php 92
ERROR - 04/04/2017 05:38 pm --> Severity: Notice --> Undefined variable: child_catname /home2/carolhhp/public_html/democarol.com/homeservices/application/views/front/home.php 93
ERROR - 04/04/2017 05:38 pm --> Severity: Notice --> Trying to get property of non-object /home2/carolhhp/public_html/democarol.com/homeservices/application/views/front/home.php 93
ERROR - 04/04/2017 05:38 pm --> Severity: Notice --> Use of undefined constant php - assumed 'php' /home2/carolhhp/public_html/democarol.com/homeservices/application/views/front/home.php 100
