ERROR - 07/11/2017 07:43 am --> Severity: Notice --> Undefined index: plan D:\Server\gf7\gf8\htdocs\don\application\controllers\front\Service.php 1006
ERROR - 07/11/2017 07:43 am --> Severity: Notice --> Undefined index: amount D:\Server\gf7\gf8\htdocs\don\application\controllers\front\Service.php 1009
ERROR - 07/11/2017 07:43 am --> Severity: Notice --> Undefined index: stripeToken D:\Server\gf7\gf8\htdocs\don\application\controllers\front\Service.php 1012
ERROR - 07/11/2017 04:13 am --> 404 Page Not Found: Images/photos
ERROR - 07/11/2017 04:13 am --> 404 Page Not Found: Images/photos
ERROR - 07/11/2017 05:06 pm --> 404 Page Not Found: Images/photos
ERROR - 07/11/2017 05:06 pm --> 404 Page Not Found: Assets/js
ERROR - 07/11/2017 05:06 pm --> 404 Page Not Found: Assets/js
ERROR - 07/11/2017 05:06 pm --> 404 Page Not Found: Images/photos
ERROR - 07/11/2017 08:36 pm --> Severity: Notice --> Undefined variable: child_catname D:\Server\gf7\gf8\htdocs\don\application\views\front\home.php 89
ERROR - 07/11/2017 08:36 pm --> Severity: Notice --> Trying to get property of non-object D:\Server\gf7\gf8\htdocs\don\application\views\front\home.php 89
ERROR - 07/11/2017 08:36 pm --> Severity: Notice --> Undefined variable: child_catname D:\Server\gf7\gf8\htdocs\don\application\views\front\home.php 90
ERROR - 07/11/2017 08:36 pm --> Severity: Notice --> Trying to get property of non-object D:\Server\gf7\gf8\htdocs\don\application\views\front\home.php 90
ERROR - 07/11/2017 08:36 pm --> Severity: Notice --> Undefined variable: child_catname D:\Server\gf7\gf8\htdocs\don\application\views\front\home.php 91
ERROR - 07/11/2017 08:36 pm --> Severity: Notice --> Trying to get property of non-object D:\Server\gf7\gf8\htdocs\don\application\views\front\home.php 91
ERROR - 07/11/2017 08:36 pm --> Severity: Notice --> Undefined variable: child_catname D:\Server\gf7\gf8\htdocs\don\application\views\front\home.php 92
ERROR - 07/11/2017 08:36 pm --> Severity: Notice --> Trying to get property of non-object D:\Server\gf7\gf8\htdocs\don\application\views\front\home.php 92
ERROR - 07/11/2017 08:36 pm --> Severity: Notice --> Undefined variable: child_catname D:\Server\gf7\gf8\htdocs\don\application\views\front\home.php 93
ERROR - 07/11/2017 08:36 pm --> Severity: Notice --> Trying to get property of non-object D:\Server\gf7\gf8\htdocs\don\application\views\front\home.php 93
ERROR - 07/11/2017 05:06 pm --> 404 Page Not Found: Images/photos
ERROR - 07/11/2017 05:06 pm --> 404 Page Not Found: Js/advanced-datatable
ERROR - 07/11/2017 05:06 pm --> 404 Page Not Found: Assets/js
ERROR - 07/11/2017 05:06 pm --> 404 Page Not Found: Js/advanced-datatable
ERROR - 07/11/2017 05:06 pm --> 404 Page Not Found: Assets/js
ERROR - 07/11/2017 05:06 pm --> 404 Page Not Found: Images/photos
ERROR - 07/11/2017 05:06 pm --> 404 Page Not Found: Js/advanced-datatable
ERROR - 07/11/2017 05:06 pm --> 404 Page Not Found: Js/advanced-datatable
ERROR - 07/11/2017 05:06 pm --> 404 Page Not Found: Js/jquery.dataTables.min.js
ERROR - 07/11/2017 05:06 pm --> 404 Page Not Found: Js/dynamic_table_init.js
ERROR - 07/11/2017 05:06 pm --> 404 Page Not Found: Js/advanced-datatable
ERROR - 07/11/2017 05:06 pm --> 404 Page Not Found: Js/dynamic_table_init.js
ERROR - 07/11/2017 05:06 pm --> 404 Page Not Found: Js/jquery.dataTables.min.js
ERROR - 07/11/2017 05:06 pm --> 404 Page Not Found: Assets/js
ERROR - 07/11/2017 05:06 pm --> 404 Page Not Found: Images/photos
ERROR - 07/11/2017 05:06 pm --> 404 Page Not Found: Images/photos
ERROR - 07/11/2017 05:06 pm --> 404 Page Not Found: front/Service/badroom_plan
ERROR - 07/11/2017 05:06 pm --> 404 Page Not Found: front/Service/badroom_plan
ERROR - 07/11/2017 05:07 pm --> 404 Page Not Found: front/Service/badroom_plan
ERROR - 07/11/2017 05:07 pm --> 404 Page Not Found: Assets/front
ERROR - 07/11/2017 05:07 pm --> 404 Page Not Found: Assets/front
ERROR - 07/11/2017 05:07 pm --> 404 Page Not Found: Assets/front
ERROR - 07/11/2017 05:07 pm --> 404 Page Not Found: Assets/front
ERROR - 07/11/2017 05:07 pm --> 404 Page Not Found: Assets/front
ERROR - 07/11/2017 05:07 pm --> 404 Page Not Found: Assets/front
ERROR - 07/11/2017 05:07 pm --> 404 Page Not Found: Assets/front
ERROR - 07/11/2017 05:19 pm --> 404 Page Not Found: Images/photos
ERROR - 07/11/2017 05:19 pm --> 404 Page Not Found: Assets/js
ERROR - 07/11/2017 05:19 pm --> 404 Page Not Found: Js/advanced-datatable
ERROR - 07/11/2017 05:19 pm --> 404 Page Not Found: Js/advanced-datatable
ERROR - 07/11/2017 05:19 pm --> 404 Page Not Found: Js/advanced-datatable
ERROR - 07/11/2017 05:19 pm --> 404 Page Not Found: Js/dynamic_table_init.js
ERROR - 07/11/2017 05:19 pm --> 404 Page Not Found: Js/jquery.dataTables.min.js
ERROR - 07/11/2017 05:19 pm --> 404 Page Not Found: Assets/js
ERROR - 07/11/2017 05:19 pm --> 404 Page Not Found: Images/photos
ERROR - 07/11/2017 05:19 pm --> 404 Page Not Found: Js/advanced-datatable
ERROR - 07/11/2017 05:19 pm --> 404 Page Not Found: Js/advanced-datatable
ERROR - 07/11/2017 05:19 pm --> 404 Page Not Found: Js/advanced-datatable
ERROR - 07/11/2017 05:19 pm --> 404 Page Not Found: Js/dynamic_table_init.js
ERROR - 07/11/2017 05:19 pm --> 404 Page Not Found: Js/jquery.dataTables.min.js
ERROR - 07/11/2017 08:49 pm --> Severity: Notice --> Undefined variable: rec D:\Server\gf7\gf8\htdocs\don\application\views\admin\categories\add_categories.php 54
ERROR - 07/11/2017 08:49 pm --> Severity: Notice --> Trying to get property of non-object D:\Server\gf7\gf8\htdocs\don\application\views\admin\categories\add_categories.php 54
ERROR - 07/11/2017 08:49 pm --> Severity: Notice --> Undefined variable: rec D:\Server\gf7\gf8\htdocs\don\application\views\admin\categories\add_categories.php 54
ERROR - 07/11/2017 08:49 pm --> Severity: Notice --> Trying to get property of non-object D:\Server\gf7\gf8\htdocs\don\application\views\admin\categories\add_categories.php 54
ERROR - 07/11/2017 08:49 pm --> Severity: Notice --> Undefined variable: rec D:\Server\gf7\gf8\htdocs\don\application\views\admin\categories\add_categories.php 54
ERROR - 07/11/2017 08:49 pm --> Severity: Notice --> Trying to get property of non-object D:\Server\gf7\gf8\htdocs\don\application\views\admin\categories\add_categories.php 54
ERROR - 07/11/2017 08:49 pm --> Severity: Notice --> Undefined variable: rec D:\Server\gf7\gf8\htdocs\don\application\views\admin\categories\add_categories.php 54
ERROR - 07/11/2017 08:49 pm --> Severity: Notice --> Trying to get property of non-object D:\Server\gf7\gf8\htdocs\don\application\views\admin\categories\add_categories.php 54
ERROR - 07/11/2017 08:49 pm --> Severity: Notice --> Undefined variable: rec D:\Server\gf7\gf8\htdocs\don\application\views\admin\categories\add_categories.php 54
ERROR - 07/11/2017 08:49 pm --> Severity: Notice --> Trying to get property of non-object D:\Server\gf7\gf8\htdocs\don\application\views\admin\categories\add_categories.php 54
ERROR - 07/11/2017 08:49 pm --> Severity: Notice --> Undefined variable: rec D:\Server\gf7\gf8\htdocs\don\application\views\admin\categories\add_categories.php 54
ERROR - 07/11/2017 08:49 pm --> Severity: Notice --> Trying to get property of non-object D:\Server\gf7\gf8\htdocs\don\application\views\admin\categories\add_categories.php 54
ERROR - 07/11/2017 08:49 pm --> Severity: Notice --> Undefined variable: rec D:\Server\gf7\gf8\htdocs\don\application\views\admin\categories\add_categories.php 54
ERROR - 07/11/2017 08:49 pm --> Severity: Notice --> Trying to get property of non-object D:\Server\gf7\gf8\htdocs\don\application\views\admin\categories\add_categories.php 54
ERROR - 07/11/2017 08:49 pm --> Severity: Notice --> Undefined variable: rec D:\Server\gf7\gf8\htdocs\don\application\views\admin\categories\add_categories.php 54
ERROR - 07/11/2017 08:49 pm --> Severity: Notice --> Trying to get property of non-object D:\Server\gf7\gf8\htdocs\don\application\views\admin\categories\add_categories.php 54
ERROR - 07/11/2017 08:49 pm --> Severity: Notice --> Undefined variable: rec D:\Server\gf7\gf8\htdocs\don\application\views\admin\categories\add_categories.php 54
ERROR - 07/11/2017 08:49 pm --> Severity: Notice --> Trying to get property of non-object D:\Server\gf7\gf8\htdocs\don\application\views\admin\categories\add_categories.php 54
ERROR - 07/11/2017 08:49 pm --> Severity: Notice --> Undefined variable: rec D:\Server\gf7\gf8\htdocs\don\application\views\admin\categories\add_categories.php 54
ERROR - 07/11/2017 08:49 pm --> Severity: Notice --> Trying to get property of non-object D:\Server\gf7\gf8\htdocs\don\application\views\admin\categories\add_categories.php 54
ERROR - 07/11/2017 08:49 pm --> Severity: Notice --> Undefined variable: rec D:\Server\gf7\gf8\htdocs\don\application\views\admin\categories\add_categories.php 54
ERROR - 07/11/2017 08:49 pm --> Severity: Notice --> Trying to get property of non-object D:\Server\gf7\gf8\htdocs\don\application\views\admin\categories\add_categories.php 54
ERROR - 07/11/2017 08:49 pm --> Severity: Notice --> Undefined variable: rec D:\Server\gf7\gf8\htdocs\don\application\views\admin\categories\add_categories.php 54
ERROR - 07/11/2017 08:49 pm --> Severity: Notice --> Trying to get property of non-object D:\Server\gf7\gf8\htdocs\don\application\views\admin\categories\add_categories.php 54
ERROR - 07/11/2017 08:49 pm --> Severity: Notice --> Undefined variable: rec D:\Server\gf7\gf8\htdocs\don\application\views\admin\categories\add_categories.php 54
ERROR - 07/11/2017 08:49 pm --> Severity: Notice --> Trying to get property of non-object D:\Server\gf7\gf8\htdocs\don\application\views\admin\categories\add_categories.php 54
ERROR - 07/11/2017 08:49 pm --> Severity: Notice --> Undefined variable: rec D:\Server\gf7\gf8\htdocs\don\application\views\admin\categories\add_categories.php 54
ERROR - 07/11/2017 08:49 pm --> Severity: Notice --> Trying to get property of non-object D:\Server\gf7\gf8\htdocs\don\application\views\admin\categories\add_categories.php 54
ERROR - 07/11/2017 08:49 pm --> Severity: Notice --> Undefined variable: rec D:\Server\gf7\gf8\htdocs\don\application\views\admin\categories\add_categories.php 54
ERROR - 07/11/2017 08:49 pm --> Severity: Notice --> Trying to get property of non-object D:\Server\gf7\gf8\htdocs\don\application\views\admin\categories\add_categories.php 54
ERROR - 07/11/2017 08:49 pm --> Severity: Notice --> Undefined variable: rec D:\Server\gf7\gf8\htdocs\don\application\views\admin\categories\add_categories.php 54
ERROR - 07/11/2017 08:49 pm --> Severity: Notice --> Trying to get property of non-object D:\Server\gf7\gf8\htdocs\don\application\views\admin\categories\add_categories.php 54
ERROR - 07/11/2017 08:49 pm --> Severity: Notice --> Undefined variable: rec D:\Server\gf7\gf8\htdocs\don\application\views\admin\categories\add_categories.php 54
ERROR - 07/11/2017 08:49 pm --> Severity: Notice --> Trying to get property of non-object D:\Server\gf7\gf8\htdocs\don\application\views\admin\categories\add_categories.php 54
ERROR - 07/11/2017 08:49 pm --> Severity: Notice --> Undefined variable: rec D:\Server\gf7\gf8\htdocs\don\application\views\admin\categories\add_categories.php 54
ERROR - 07/11/2017 08:49 pm --> Severity: Notice --> Trying to get property of non-object D:\Server\gf7\gf8\htdocs\don\application\views\admin\categories\add_categories.php 54
ERROR - 07/11/2017 08:49 pm --> Severity: Notice --> Undefined variable: rec D:\Server\gf7\gf8\htdocs\don\application\views\admin\categories\add_categories.php 54
ERROR - 07/11/2017 08:49 pm --> Severity: Notice --> Trying to get property of non-object D:\Server\gf7\gf8\htdocs\don\application\views\admin\categories\add_categories.php 54
ERROR - 07/11/2017 08:49 pm --> Severity: Notice --> Undefined variable: rec D:\Server\gf7\gf8\htdocs\don\application\views\admin\categories\add_categories.php 54
ERROR - 07/11/2017 08:49 pm --> Severity: Notice --> Trying to get property of non-object D:\Server\gf7\gf8\htdocs\don\application\views\admin\categories\add_categories.php 54
ERROR - 07/11/2017 08:49 pm --> Severity: Notice --> Undefined variable: rec D:\Server\gf7\gf8\htdocs\don\application\views\admin\categories\add_categories.php 54
ERROR - 07/11/2017 08:49 pm --> Severity: Notice --> Trying to get property of non-object D:\Server\gf7\gf8\htdocs\don\application\views\admin\categories\add_categories.php 54
ERROR - 07/11/2017 08:49 pm --> Severity: Notice --> Undefined variable: rec D:\Server\gf7\gf8\htdocs\don\application\views\admin\categories\add_categories.php 54
ERROR - 07/11/2017 08:49 pm --> Severity: Notice --> Trying to get property of non-object D:\Server\gf7\gf8\htdocs\don\application\views\admin\categories\add_categories.php 54
ERROR - 07/11/2017 08:49 pm --> Severity: Notice --> Undefined variable: rec D:\Server\gf7\gf8\htdocs\don\application\views\admin\categories\add_categories.php 54
ERROR - 07/11/2017 08:49 pm --> Severity: Notice --> Trying to get property of non-object D:\Server\gf7\gf8\htdocs\don\application\views\admin\categories\add_categories.php 54
ERROR - 07/11/2017 08:49 pm --> Severity: Notice --> Undefined variable: rec D:\Server\gf7\gf8\htdocs\don\application\views\admin\categories\add_categories.php 54
ERROR - 07/11/2017 08:49 pm --> Severity: Notice --> Trying to get property of non-object D:\Server\gf7\gf8\htdocs\don\application\views\admin\categories\add_categories.php 54
ERROR - 07/11/2017 08:49 pm --> Severity: Notice --> Undefined variable: rec D:\Server\gf7\gf8\htdocs\don\application\views\admin\categories\add_categories.php 54
ERROR - 07/11/2017 08:49 pm --> Severity: Notice --> Trying to get property of non-object D:\Server\gf7\gf8\htdocs\don\application\views\admin\categories\add_categories.php 54
ERROR - 07/11/2017 08:49 pm --> Severity: Notice --> Undefined variable: rec D:\Server\gf7\gf8\htdocs\don\application\views\admin\categories\add_categories.php 54
ERROR - 07/11/2017 08:49 pm --> Severity: Notice --> Trying to get property of non-object D:\Server\gf7\gf8\htdocs\don\application\views\admin\categories\add_categories.php 54
ERROR - 07/11/2017 08:49 pm --> Severity: Notice --> Undefined variable: rec D:\Server\gf7\gf8\htdocs\don\application\views\admin\categories\add_categories.php 54
ERROR - 07/11/2017 08:49 pm --> Severity: Notice --> Trying to get property of non-object D:\Server\gf7\gf8\htdocs\don\application\views\admin\categories\add_categories.php 54
ERROR - 07/11/2017 08:49 pm --> Severity: Notice --> Undefined variable: rec D:\Server\gf7\gf8\htdocs\don\application\views\admin\categories\add_categories.php 54
ERROR - 07/11/2017 08:49 pm --> Severity: Notice --> Trying to get property of non-object D:\Server\gf7\gf8\htdocs\don\application\views\admin\categories\add_categories.php 54
ERROR - 07/11/2017 08:49 pm --> Severity: Notice --> Undefined variable: rec D:\Server\gf7\gf8\htdocs\don\application\views\admin\categories\add_categories.php 54
ERROR - 07/11/2017 08:49 pm --> Severity: Notice --> Trying to get property of non-object D:\Server\gf7\gf8\htdocs\don\application\views\admin\categories\add_categories.php 54
ERROR - 07/11/2017 08:49 pm --> Severity: Notice --> Undefined variable: rec D:\Server\gf7\gf8\htdocs\don\application\views\admin\categories\add_categories.php 54
ERROR - 07/11/2017 08:49 pm --> Severity: Notice --> Trying to get property of non-object D:\Server\gf7\gf8\htdocs\don\application\views\admin\categories\add_categories.php 54
ERROR - 07/11/2017 08:49 pm --> Severity: Notice --> Undefined variable: rec D:\Server\gf7\gf8\htdocs\don\application\views\admin\categories\add_categories.php 54
ERROR - 07/11/2017 08:49 pm --> Severity: Notice --> Trying to get property of non-object D:\Server\gf7\gf8\htdocs\don\application\views\admin\categories\add_categories.php 54
ERROR - 07/11/2017 08:49 pm --> Severity: Notice --> Undefined variable: rec D:\Server\gf7\gf8\htdocs\don\application\views\admin\categories\add_categories.php 54
ERROR - 07/11/2017 08:49 pm --> Severity: Notice --> Trying to get property of non-object D:\Server\gf7\gf8\htdocs\don\application\views\admin\categories\add_categories.php 54
ERROR - 07/11/2017 08:49 pm --> Severity: Notice --> Undefined variable: rec D:\Server\gf7\gf8\htdocs\don\application\views\admin\categories\add_categories.php 54
ERROR - 07/11/2017 08:49 pm --> Severity: Notice --> Trying to get property of non-object D:\Server\gf7\gf8\htdocs\don\application\views\admin\categories\add_categories.php 54
ERROR - 07/11/2017 08:49 pm --> Severity: Notice --> Undefined variable: rec D:\Server\gf7\gf8\htdocs\don\application\views\admin\categories\add_categories.php 54
ERROR - 07/11/2017 08:49 pm --> Severity: Notice --> Trying to get property of non-object D:\Server\gf7\gf8\htdocs\don\application\views\admin\categories\add_categories.php 54
ERROR - 07/11/2017 08:49 pm --> Severity: Notice --> Undefined variable: rec D:\Server\gf7\gf8\htdocs\don\application\views\admin\categories\add_categories.php 54
ERROR - 07/11/2017 08:49 pm --> Severity: Notice --> Trying to get property of non-object D:\Server\gf7\gf8\htdocs\don\application\views\admin\categories\add_categories.php 54
ERROR - 07/11/2017 08:49 pm --> Severity: Notice --> Undefined variable: rec D:\Server\gf7\gf8\htdocs\don\application\views\admin\categories\add_categories.php 54
ERROR - 07/11/2017 08:49 pm --> Severity: Notice --> Trying to get property of non-object D:\Server\gf7\gf8\htdocs\don\application\views\admin\categories\add_categories.php 54
ERROR - 07/11/2017 08:49 pm --> Severity: Notice --> Undefined variable: rec D:\Server\gf7\gf8\htdocs\don\application\views\admin\categories\add_categories.php 54
ERROR - 07/11/2017 08:49 pm --> Severity: Notice --> Trying to get property of non-object D:\Server\gf7\gf8\htdocs\don\application\views\admin\categories\add_categories.php 54
ERROR - 07/11/2017 08:49 pm --> Severity: Notice --> Undefined variable: rec D:\Server\gf7\gf8\htdocs\don\application\views\admin\categories\add_categories.php 54
ERROR - 07/11/2017 08:49 pm --> Severity: Notice --> Trying to get property of non-object D:\Server\gf7\gf8\htdocs\don\application\views\admin\categories\add_categories.php 54
ERROR - 07/11/2017 08:49 pm --> Severity: Notice --> Undefined variable: rec D:\Server\gf7\gf8\htdocs\don\application\views\admin\categories\add_categories.php 54
ERROR - 07/11/2017 08:49 pm --> Severity: Notice --> Trying to get property of non-object D:\Server\gf7\gf8\htdocs\don\application\views\admin\categories\add_categories.php 54
ERROR - 07/11/2017 08:49 pm --> Severity: Notice --> Undefined variable: rec D:\Server\gf7\gf8\htdocs\don\application\views\admin\categories\add_categories.php 54
ERROR - 07/11/2017 08:49 pm --> Severity: Notice --> Trying to get property of non-object D:\Server\gf7\gf8\htdocs\don\application\views\admin\categories\add_categories.php 54
ERROR - 07/11/2017 08:49 pm --> Severity: Notice --> Undefined variable: rec D:\Server\gf7\gf8\htdocs\don\application\views\admin\categories\add_categories.php 54
ERROR - 07/11/2017 08:49 pm --> Severity: Notice --> Trying to get property of non-object D:\Server\gf7\gf8\htdocs\don\application\views\admin\categories\add_categories.php 54
ERROR - 07/11/2017 08:49 pm --> Severity: Notice --> Undefined variable: rec D:\Server\gf7\gf8\htdocs\don\application\views\admin\categories\add_categories.php 54
ERROR - 07/11/2017 08:49 pm --> Severity: Notice --> Trying to get property of non-object D:\Server\gf7\gf8\htdocs\don\application\views\admin\categories\add_categories.php 54
ERROR - 07/11/2017 08:49 pm --> Severity: Notice --> Undefined variable: rec D:\Server\gf7\gf8\htdocs\don\application\views\admin\categories\add_categories.php 54
ERROR - 07/11/2017 08:49 pm --> Severity: Notice --> Trying to get property of non-object D:\Server\gf7\gf8\htdocs\don\application\views\admin\categories\add_categories.php 54
ERROR - 07/11/2017 08:49 pm --> Severity: Notice --> Undefined variable: rec D:\Server\gf7\gf8\htdocs\don\application\views\admin\categories\add_categories.php 54
ERROR - 07/11/2017 08:49 pm --> Severity: Notice --> Trying to get property of non-object D:\Server\gf7\gf8\htdocs\don\application\views\admin\categories\add_categories.php 54
ERROR - 07/11/2017 08:49 pm --> Severity: Notice --> Undefined variable: rec D:\Server\gf7\gf8\htdocs\don\application\views\admin\categories\add_categories.php 54
ERROR - 07/11/2017 08:49 pm --> Severity: Notice --> Trying to get property of non-object D:\Server\gf7\gf8\htdocs\don\application\views\admin\categories\add_categories.php 54
ERROR - 07/11/2017 08:49 pm --> Severity: Notice --> Undefined variable: rec D:\Server\gf7\gf8\htdocs\don\application\views\admin\categories\add_categories.php 54
ERROR - 07/11/2017 08:49 pm --> Severity: Notice --> Trying to get property of non-object D:\Server\gf7\gf8\htdocs\don\application\views\admin\categories\add_categories.php 54
ERROR - 07/11/2017 08:49 pm --> Severity: Notice --> Undefined variable: rec D:\Server\gf7\gf8\htdocs\don\application\views\admin\categories\add_categories.php 54
ERROR - 07/11/2017 08:49 pm --> Severity: Notice --> Trying to get property of non-object D:\Server\gf7\gf8\htdocs\don\application\views\admin\categories\add_categories.php 54
ERROR - 07/11/2017 08:49 pm --> Severity: Notice --> Undefined variable: rec D:\Server\gf7\gf8\htdocs\don\application\views\admin\categories\add_categories.php 54
ERROR - 07/11/2017 08:49 pm --> Severity: Notice --> Trying to get property of non-object D:\Server\gf7\gf8\htdocs\don\application\views\admin\categories\add_categories.php 54
ERROR - 07/11/2017 08:49 pm --> Severity: Notice --> Undefined variable: rec D:\Server\gf7\gf8\htdocs\don\application\views\admin\categories\add_categories.php 54
ERROR - 07/11/2017 08:49 pm --> Severity: Notice --> Trying to get property of non-object D:\Server\gf7\gf8\htdocs\don\application\views\admin\categories\add_categories.php 54
ERROR - 07/11/2017 08:49 pm --> Severity: Notice --> Undefined variable: rec D:\Server\gf7\gf8\htdocs\don\application\views\admin\categories\add_categories.php 54
ERROR - 07/11/2017 08:49 pm --> Severity: Notice --> Trying to get property of non-object D:\Server\gf7\gf8\htdocs\don\application\views\admin\categories\add_categories.php 54
ERROR - 07/11/2017 08:49 pm --> Severity: Notice --> Undefined variable: rec D:\Server\gf7\gf8\htdocs\don\application\views\admin\categories\add_categories.php 54
ERROR - 07/11/2017 08:49 pm --> Severity: Notice --> Trying to get property of non-object D:\Server\gf7\gf8\htdocs\don\application\views\admin\categories\add_categories.php 54
ERROR - 07/11/2017 08:49 pm --> Severity: Notice --> Undefined variable: rec D:\Server\gf7\gf8\htdocs\don\application\views\admin\categories\add_categories.php 54
ERROR - 07/11/2017 08:49 pm --> Severity: Notice --> Trying to get property of non-object D:\Server\gf7\gf8\htdocs\don\application\views\admin\categories\add_categories.php 54
ERROR - 07/11/2017 08:49 pm --> Severity: Notice --> Undefined variable: rec D:\Server\gf7\gf8\htdocs\don\application\views\admin\categories\add_categories.php 54
ERROR - 07/11/2017 08:49 pm --> Severity: Notice --> Trying to get property of non-object D:\Server\gf7\gf8\htdocs\don\application\views\admin\categories\add_categories.php 54
ERROR - 07/11/2017 08:49 pm --> Severity: Notice --> Undefined variable: rec D:\Server\gf7\gf8\htdocs\don\application\views\admin\categories\add_categories.php 54
ERROR - 07/11/2017 08:49 pm --> Severity: Notice --> Trying to get property of non-object D:\Server\gf7\gf8\htdocs\don\application\views\admin\categories\add_categories.php 54
ERROR - 07/11/2017 08:49 pm --> Severity: Notice --> Undefined variable: rec D:\Server\gf7\gf8\htdocs\don\application\views\admin\categories\add_categories.php 54
ERROR - 07/11/2017 08:49 pm --> Severity: Notice --> Trying to get property of non-object D:\Server\gf7\gf8\htdocs\don\application\views\admin\categories\add_categories.php 54
ERROR - 07/11/2017 08:49 pm --> Severity: Notice --> Undefined variable: rec D:\Server\gf7\gf8\htdocs\don\application\views\admin\categories\add_categories.php 54
ERROR - 07/11/2017 08:49 pm --> Severity: Notice --> Trying to get property of non-object D:\Server\gf7\gf8\htdocs\don\application\views\admin\categories\add_categories.php 54
ERROR - 07/11/2017 08:49 pm --> Severity: Notice --> Undefined variable: rec D:\Server\gf7\gf8\htdocs\don\application\views\admin\categories\add_categories.php 54
ERROR - 07/11/2017 08:49 pm --> Severity: Notice --> Trying to get property of non-object D:\Server\gf7\gf8\htdocs\don\application\views\admin\categories\add_categories.php 54
ERROR - 07/11/2017 08:49 pm --> Severity: Notice --> Undefined variable: id D:\Server\gf7\gf8\htdocs\don\application\views\admin\categories\add_categories.php 127
ERROR - 07/11/2017 08:49 pm --> Severity: Notice --> Undefined variable: id D:\Server\gf7\gf8\htdocs\don\application\views\admin\categories\add_categories.php 134
ERROR - 07/11/2017 08:49 pm --> Severity: Notice --> Undefined variable: id D:\Server\gf7\gf8\htdocs\don\application\views\admin\categories\add_categories.php 141
ERROR - 07/11/2017 05:19 pm --> 404 Page Not Found: Images/photos
ERROR - 07/11/2017 05:19 pm --> 404 Page Not Found: Assets/js
ERROR - 07/11/2017 05:19 pm --> 404 Page Not Found: Assets/js
ERROR - 07/11/2017 05:19 pm --> 404 Page Not Found: Images/photos
ERROR - 07/11/2017 08:49 pm --> Severity: Notice --> Undefined variable: rec D:\Server\gf7\gf8\htdocs\don\application\views\admin\categories\add_categories.php 54
ERROR - 07/11/2017 08:49 pm --> Severity: Notice --> Trying to get property of non-object D:\Server\gf7\gf8\htdocs\don\application\views\admin\categories\add_categories.php 54
ERROR - 07/11/2017 08:49 pm --> Severity: Notice --> Undefined variable: rec D:\Server\gf7\gf8\htdocs\don\application\views\admin\categories\add_categories.php 54
ERROR - 07/11/2017 08:49 pm --> Severity: Notice --> Trying to get property of non-object D:\Server\gf7\gf8\htdocs\don\application\views\admin\categories\add_categories.php 54
ERROR - 07/11/2017 08:49 pm --> Severity: Notice --> Undefined variable: rec D:\Server\gf7\gf8\htdocs\don\application\views\admin\categories\add_categories.php 54
ERROR - 07/11/2017 08:49 pm --> Severity: Notice --> Trying to get property of non-object D:\Server\gf7\gf8\htdocs\don\application\views\admin\categories\add_categories.php 54
ERROR - 07/11/2017 08:49 pm --> Severity: Notice --> Undefined variable: rec D:\Server\gf7\gf8\htdocs\don\application\views\admin\categories\add_categories.php 54
ERROR - 07/11/2017 08:49 pm --> Severity: Notice --> Trying to get property of non-object D:\Server\gf7\gf8\htdocs\don\application\views\admin\categories\add_categories.php 54
ERROR - 07/11/2017 08:49 pm --> Severity: Notice --> Undefined variable: rec D:\Server\gf7\gf8\htdocs\don\application\views\admin\categories\add_categories.php 54
ERROR - 07/11/2017 08:49 pm --> Severity: Notice --> Trying to get property of non-object D:\Server\gf7\gf8\htdocs\don\application\views\admin\categories\add_categories.php 54
ERROR - 07/11/2017 08:49 pm --> Severity: Notice --> Undefined variable: rec D:\Server\gf7\gf8\htdocs\don\application\views\admin\categories\add_categories.php 54
ERROR - 07/11/2017 08:49 pm --> Severity: Notice --> Trying to get property of non-object D:\Server\gf7\gf8\htdocs\don\application\views\admin\categories\add_categories.php 54
ERROR - 07/11/2017 08:49 pm --> Severity: Notice --> Undefined variable: rec D:\Server\gf7\gf8\htdocs\don\application\views\admin\categories\add_categories.php 54
ERROR - 07/11/2017 08:49 pm --> Severity: Notice --> Trying to get property of non-object D:\Server\gf7\gf8\htdocs\don\application\views\admin\categories\add_categories.php 54
ERROR - 07/11/2017 08:49 pm --> Severity: Notice --> Undefined variable: rec D:\Server\gf7\gf8\htdocs\don\application\views\admin\categories\add_categories.php 54
ERROR - 07/11/2017 08:49 pm --> Severity: Notice --> Trying to get property of non-object D:\Server\gf7\gf8\htdocs\don\application\views\admin\categories\add_categories.php 54
ERROR - 07/11/2017 08:49 pm --> Severity: Notice --> Undefined variable: rec D:\Server\gf7\gf8\htdocs\don\application\views\admin\categories\add_categories.php 54
ERROR - 07/11/2017 08:49 pm --> Severity: Notice --> Trying to get property of non-object D:\Server\gf7\gf8\htdocs\don\application\views\admin\categories\add_categories.php 54
ERROR - 07/11/2017 08:49 pm --> Severity: Notice --> Undefined variable: rec D:\Server\gf7\gf8\htdocs\don\application\views\admin\categories\add_categories.php 54
ERROR - 07/11/2017 08:49 pm --> Severity: Notice --> Trying to get property of non-object D:\Server\gf7\gf8\htdocs\don\application\views\admin\categories\add_categories.php 54
ERROR - 07/11/2017 08:49 pm --> Severity: Notice --> Undefined variable: rec D:\Server\gf7\gf8\htdocs\don\application\views\admin\categories\add_categories.php 54
ERROR - 07/11/2017 08:49 pm --> Severity: Notice --> Trying to get property of non-object D:\Server\gf7\gf8\htdocs\don\application\views\admin\categories\add_categories.php 54
ERROR - 07/11/2017 08:49 pm --> Severity: Notice --> Undefined variable: rec D:\Server\gf7\gf8\htdocs\don\application\views\admin\categories\add_categories.php 54
ERROR - 07/11/2017 08:49 pm --> Severity: Notice --> Trying to get property of non-object D:\Server\gf7\gf8\htdocs\don\application\views\admin\categories\add_categories.php 54
ERROR - 07/11/2017 08:49 pm --> Severity: Notice --> Undefined variable: rec D:\Server\gf7\gf8\htdocs\don\application\views\admin\categories\add_categories.php 54
ERROR - 07/11/2017 08:49 pm --> Severity: Notice --> Trying to get property of non-object D:\Server\gf7\gf8\htdocs\don\application\views\admin\categories\add_categories.php 54
ERROR - 07/11/2017 08:49 pm --> Severity: Notice --> Undefined variable: rec D:\Server\gf7\gf8\htdocs\don\application\views\admin\categories\add_categories.php 54
ERROR - 07/11/2017 08:49 pm --> Severity: Notice --> Trying to get property of non-object D:\Server\gf7\gf8\htdocs\don\application\views\admin\categories\add_categories.php 54
ERROR - 07/11/2017 08:49 pm --> Severity: Notice --> Undefined variable: rec D:\Server\gf7\gf8\htdocs\don\application\views\admin\categories\add_categories.php 54
ERROR - 07/11/2017 08:49 pm --> Severity: Notice --> Trying to get property of non-object D:\Server\gf7\gf8\htdocs\don\application\views\admin\categories\add_categories.php 54
ERROR - 07/11/2017 08:49 pm --> Severity: Notice --> Undefined variable: rec D:\Server\gf7\gf8\htdocs\don\application\views\admin\categories\add_categories.php 54
ERROR - 07/11/2017 08:49 pm --> Severity: Notice --> Trying to get property of non-object D:\Server\gf7\gf8\htdocs\don\application\views\admin\categories\add_categories.php 54
ERROR - 07/11/2017 08:49 pm --> Severity: Notice --> Undefined variable: rec D:\Server\gf7\gf8\htdocs\don\application\views\admin\categories\add_categories.php 54
ERROR - 07/11/2017 08:49 pm --> Severity: Notice --> Trying to get property of non-object D:\Server\gf7\gf8\htdocs\don\application\views\admin\categories\add_categories.php 54
ERROR - 07/11/2017 08:49 pm --> Severity: Notice --> Undefined variable: rec D:\Server\gf7\gf8\htdocs\don\application\views\admin\categories\add_categories.php 54
ERROR - 07/11/2017 08:49 pm --> Severity: Notice --> Trying to get property of non-object D:\Server\gf7\gf8\htdocs\don\application\views\admin\categories\add_categories.php 54
ERROR - 07/11/2017 08:49 pm --> Severity: Notice --> Undefined variable: rec D:\Server\gf7\gf8\htdocs\don\application\views\admin\categories\add_categories.php 54
ERROR - 07/11/2017 08:49 pm --> Severity: Notice --> Trying to get property of non-object D:\Server\gf7\gf8\htdocs\don\application\views\admin\categories\add_categories.php 54
ERROR - 07/11/2017 08:49 pm --> Severity: Notice --> Undefined variable: rec D:\Server\gf7\gf8\htdocs\don\application\views\admin\categories\add_categories.php 54
ERROR - 07/11/2017 08:49 pm --> Severity: Notice --> Trying to get property of non-object D:\Server\gf7\gf8\htdocs\don\application\views\admin\categories\add_categories.php 54
ERROR - 07/11/2017 08:49 pm --> Severity: Notice --> Undefined variable: rec D:\Server\gf7\gf8\htdocs\don\application\views\admin\categories\add_categories.php 54
ERROR - 07/11/2017 08:49 pm --> Severity: Notice --> Trying to get property of non-object D:\Server\gf7\gf8\htdocs\don\application\views\admin\categories\add_categories.php 54
ERROR - 07/11/2017 08:49 pm --> Severity: Notice --> Undefined variable: rec D:\Server\gf7\gf8\htdocs\don\application\views\admin\categories\add_categories.php 54
ERROR - 07/11/2017 08:49 pm --> Severity: Notice --> Trying to get property of non-object D:\Server\gf7\gf8\htdocs\don\application\views\admin\categories\add_categories.php 54
ERROR - 07/11/2017 08:49 pm --> Severity: Notice --> Undefined variable: rec D:\Server\gf7\gf8\htdocs\don\application\views\admin\categories\add_categories.php 54
ERROR - 07/11/2017 08:49 pm --> Severity: Notice --> Trying to get property of non-object D:\Server\gf7\gf8\htdocs\don\application\views\admin\categories\add_categories.php 54
ERROR - 07/11/2017 08:49 pm --> Severity: Notice --> Undefined variable: rec D:\Server\gf7\gf8\htdocs\don\application\views\admin\categories\add_categories.php 54
ERROR - 07/11/2017 08:49 pm --> Severity: Notice --> Trying to get property of non-object D:\Server\gf7\gf8\htdocs\don\application\views\admin\categories\add_categories.php 54
ERROR - 07/11/2017 08:49 pm --> Severity: Notice --> Undefined variable: rec D:\Server\gf7\gf8\htdocs\don\application\views\admin\categories\add_categories.php 54
ERROR - 07/11/2017 08:49 pm --> Severity: Notice --> Trying to get property of non-object D:\Server\gf7\gf8\htdocs\don\application\views\admin\categories\add_categories.php 54
ERROR - 07/11/2017 08:49 pm --> Severity: Notice --> Undefined variable: rec D:\Server\gf7\gf8\htdocs\don\application\views\admin\categories\add_categories.php 54
ERROR - 07/11/2017 08:49 pm --> Severity: Notice --> Trying to get property of non-object D:\Server\gf7\gf8\htdocs\don\application\views\admin\categories\add_categories.php 54
ERROR - 07/11/2017 08:49 pm --> Severity: Notice --> Undefined variable: rec D:\Server\gf7\gf8\htdocs\don\application\views\admin\categories\add_categories.php 54
ERROR - 07/11/2017 08:49 pm --> Severity: Notice --> Trying to get property of non-object D:\Server\gf7\gf8\htdocs\don\application\views\admin\categories\add_categories.php 54
ERROR - 07/11/2017 08:49 pm --> Severity: Notice --> Undefined variable: rec D:\Server\gf7\gf8\htdocs\don\application\views\admin\categories\add_categories.php 54
ERROR - 07/11/2017 08:49 pm --> Severity: Notice --> Trying to get property of non-object D:\Server\gf7\gf8\htdocs\don\application\views\admin\categories\add_categories.php 54
ERROR - 07/11/2017 08:49 pm --> Severity: Notice --> Undefined variable: rec D:\Server\gf7\gf8\htdocs\don\application\views\admin\categories\add_categories.php 54
ERROR - 07/11/2017 08:49 pm --> Severity: Notice --> Trying to get property of non-object D:\Server\gf7\gf8\htdocs\don\application\views\admin\categories\add_categories.php 54
ERROR - 07/11/2017 08:49 pm --> Severity: Notice --> Undefined variable: rec D:\Server\gf7\gf8\htdocs\don\application\views\admin\categories\add_categories.php 54
ERROR - 07/11/2017 08:49 pm --> Severity: Notice --> Trying to get property of non-object D:\Server\gf7\gf8\htdocs\don\application\views\admin\categories\add_categories.php 54
ERROR - 07/11/2017 08:49 pm --> Severity: Notice --> Undefined variable: rec D:\Server\gf7\gf8\htdocs\don\application\views\admin\categories\add_categories.php 54
ERROR - 07/11/2017 08:49 pm --> Severity: Notice --> Trying to get property of non-object D:\Server\gf7\gf8\htdocs\don\application\views\admin\categories\add_categories.php 54
ERROR - 07/11/2017 08:49 pm --> Severity: Notice --> Undefined variable: rec D:\Server\gf7\gf8\htdocs\don\application\views\admin\categories\add_categories.php 54
ERROR - 07/11/2017 08:49 pm --> Severity: Notice --> Trying to get property of non-object D:\Server\gf7\gf8\htdocs\don\application\views\admin\categories\add_categories.php 54
ERROR - 07/11/2017 08:49 pm --> Severity: Notice --> Undefined variable: rec D:\Server\gf7\gf8\htdocs\don\application\views\admin\categories\add_categories.php 54
ERROR - 07/11/2017 08:49 pm --> Severity: Notice --> Trying to get property of non-object D:\Server\gf7\gf8\htdocs\don\application\views\admin\categories\add_categories.php 54
ERROR - 07/11/2017 08:49 pm --> Severity: Notice --> Undefined variable: rec D:\Server\gf7\gf8\htdocs\don\application\views\admin\categories\add_categories.php 54
ERROR - 07/11/2017 08:49 pm --> Severity: Notice --> Trying to get property of non-object D:\Server\gf7\gf8\htdocs\don\application\views\admin\categories\add_categories.php 54
ERROR - 07/11/2017 08:49 pm --> Severity: Notice --> Undefined variable: rec D:\Server\gf7\gf8\htdocs\don\application\views\admin\categories\add_categories.php 54
ERROR - 07/11/2017 08:49 pm --> Severity: Notice --> Trying to get property of non-object D:\Server\gf7\gf8\htdocs\don\application\views\admin\categories\add_categories.php 54
ERROR - 07/11/2017 08:49 pm --> Severity: Notice --> Undefined variable: rec D:\Server\gf7\gf8\htdocs\don\application\views\admin\categories\add_categories.php 54
ERROR - 07/11/2017 08:49 pm --> Severity: Notice --> Trying to get property of non-object D:\Server\gf7\gf8\htdocs\don\application\views\admin\categories\add_categories.php 54
ERROR - 07/11/2017 08:49 pm --> Severity: Notice --> Undefined variable: rec D:\Server\gf7\gf8\htdocs\don\application\views\admin\categories\add_categories.php 54
ERROR - 07/11/2017 08:49 pm --> Severity: Notice --> Trying to get property of non-object D:\Server\gf7\gf8\htdocs\don\application\views\admin\categories\add_categories.php 54
ERROR - 07/11/2017 08:49 pm --> Severity: Notice --> Undefined variable: rec D:\Server\gf7\gf8\htdocs\don\application\views\admin\categories\add_categories.php 54
ERROR - 07/11/2017 08:49 pm --> Severity: Notice --> Trying to get property of non-object D:\Server\gf7\gf8\htdocs\don\application\views\admin\categories\add_categories.php 54
ERROR - 07/11/2017 08:49 pm --> Severity: Notice --> Undefined variable: rec D:\Server\gf7\gf8\htdocs\don\application\views\admin\categories\add_categories.php 54
ERROR - 07/11/2017 08:49 pm --> Severity: Notice --> Trying to get property of non-object D:\Server\gf7\gf8\htdocs\don\application\views\admin\categories\add_categories.php 54
ERROR - 07/11/2017 08:49 pm --> Severity: Notice --> Undefined variable: rec D:\Server\gf7\gf8\htdocs\don\application\views\admin\categories\add_categories.php 54
ERROR - 07/11/2017 08:49 pm --> Severity: Notice --> Trying to get property of non-object D:\Server\gf7\gf8\htdocs\don\application\views\admin\categories\add_categories.php 54
ERROR - 07/11/2017 08:49 pm --> Severity: Notice --> Undefined variable: rec D:\Server\gf7\gf8\htdocs\don\application\views\admin\categories\add_categories.php 54
ERROR - 07/11/2017 08:49 pm --> Severity: Notice --> Trying to get property of non-object D:\Server\gf7\gf8\htdocs\don\application\views\admin\categories\add_categories.php 54
ERROR - 07/11/2017 08:49 pm --> Severity: Notice --> Undefined variable: rec D:\Server\gf7\gf8\htdocs\don\application\views\admin\categories\add_categories.php 54
ERROR - 07/11/2017 08:49 pm --> Severity: Notice --> Trying to get property of non-object D:\Server\gf7\gf8\htdocs\don\application\views\admin\categories\add_categories.php 54
ERROR - 07/11/2017 08:49 pm --> Severity: Notice --> Undefined variable: rec D:\Server\gf7\gf8\htdocs\don\application\views\admin\categories\add_categories.php 54
ERROR - 07/11/2017 08:49 pm --> Severity: Notice --> Trying to get property of non-object D:\Server\gf7\gf8\htdocs\don\application\views\admin\categories\add_categories.php 54
ERROR - 07/11/2017 08:49 pm --> Severity: Notice --> Undefined variable: rec D:\Server\gf7\gf8\htdocs\don\application\views\admin\categories\add_categories.php 54
ERROR - 07/11/2017 08:49 pm --> Severity: Notice --> Trying to get property of non-object D:\Server\gf7\gf8\htdocs\don\application\views\admin\categories\add_categories.php 54
ERROR - 07/11/2017 08:49 pm --> Severity: Notice --> Undefined variable: rec D:\Server\gf7\gf8\htdocs\don\application\views\admin\categories\add_categories.php 54
ERROR - 07/11/2017 08:49 pm --> Severity: Notice --> Trying to get property of non-object D:\Server\gf7\gf8\htdocs\don\application\views\admin\categories\add_categories.php 54
ERROR - 07/11/2017 08:49 pm --> Severity: Notice --> Undefined variable: rec D:\Server\gf7\gf8\htdocs\don\application\views\admin\categories\add_categories.php 54
ERROR - 07/11/2017 08:49 pm --> Severity: Notice --> Trying to get property of non-object D:\Server\gf7\gf8\htdocs\don\application\views\admin\categories\add_categories.php 54
ERROR - 07/11/2017 08:49 pm --> Severity: Notice --> Undefined variable: rec D:\Server\gf7\gf8\htdocs\don\application\views\admin\categories\add_categories.php 54
ERROR - 07/11/2017 08:49 pm --> Severity: Notice --> Trying to get property of non-object D:\Server\gf7\gf8\htdocs\don\application\views\admin\categories\add_categories.php 54
ERROR - 07/11/2017 08:49 pm --> Severity: Notice --> Undefined variable: rec D:\Server\gf7\gf8\htdocs\don\application\views\admin\categories\add_categories.php 54
ERROR - 07/11/2017 08:49 pm --> Severity: Notice --> Trying to get property of non-object D:\Server\gf7\gf8\htdocs\don\application\views\admin\categories\add_categories.php 54
ERROR - 07/11/2017 08:49 pm --> Severity: Notice --> Undefined variable: rec D:\Server\gf7\gf8\htdocs\don\application\views\admin\categories\add_categories.php 54
ERROR - 07/11/2017 08:49 pm --> Severity: Notice --> Trying to get property of non-object D:\Server\gf7\gf8\htdocs\don\application\views\admin\categories\add_categories.php 54
ERROR - 07/11/2017 08:49 pm --> Severity: Notice --> Undefined variable: rec D:\Server\gf7\gf8\htdocs\don\application\views\admin\categories\add_categories.php 54
ERROR - 07/11/2017 08:49 pm --> Severity: Notice --> Trying to get property of non-object D:\Server\gf7\gf8\htdocs\don\application\views\admin\categories\add_categories.php 54
ERROR - 07/11/2017 08:49 pm --> Severity: Notice --> Undefined variable: rec D:\Server\gf7\gf8\htdocs\don\application\views\admin\categories\add_categories.php 54
ERROR - 07/11/2017 08:49 pm --> Severity: Notice --> Trying to get property of non-object D:\Server\gf7\gf8\htdocs\don\application\views\admin\categories\add_categories.php 54
ERROR - 07/11/2017 08:49 pm --> Severity: Notice --> Undefined variable: rec D:\Server\gf7\gf8\htdocs\don\application\views\admin\categories\add_categories.php 54
ERROR - 07/11/2017 08:49 pm --> Severity: Notice --> Trying to get property of non-object D:\Server\gf7\gf8\htdocs\don\application\views\admin\categories\add_categories.php 54
ERROR - 07/11/2017 08:49 pm --> Severity: Notice --> Undefined variable: rec D:\Server\gf7\gf8\htdocs\don\application\views\admin\categories\add_categories.php 54
ERROR - 07/11/2017 08:49 pm --> Severity: Notice --> Trying to get property of non-object D:\Server\gf7\gf8\htdocs\don\application\views\admin\categories\add_categories.php 54
ERROR - 07/11/2017 08:49 pm --> Severity: Notice --> Undefined variable: rec D:\Server\gf7\gf8\htdocs\don\application\views\admin\categories\add_categories.php 54
ERROR - 07/11/2017 08:49 pm --> Severity: Notice --> Trying to get property of non-object D:\Server\gf7\gf8\htdocs\don\application\views\admin\categories\add_categories.php 54
ERROR - 07/11/2017 08:49 pm --> Severity: Notice --> Undefined variable: rec D:\Server\gf7\gf8\htdocs\don\application\views\admin\categories\add_categories.php 54
ERROR - 07/11/2017 08:49 pm --> Severity: Notice --> Trying to get property of non-object D:\Server\gf7\gf8\htdocs\don\application\views\admin\categories\add_categories.php 54
ERROR - 07/11/2017 08:49 pm --> Severity: Notice --> Undefined variable: rec D:\Server\gf7\gf8\htdocs\don\application\views\admin\categories\add_categories.php 54
ERROR - 07/11/2017 08:49 pm --> Severity: Notice --> Trying to get property of non-object D:\Server\gf7\gf8\htdocs\don\application\views\admin\categories\add_categories.php 54
ERROR - 07/11/2017 08:49 pm --> Severity: Notice --> Undefined variable: rec D:\Server\gf7\gf8\htdocs\don\application\views\admin\categories\add_categories.php 54
ERROR - 07/11/2017 08:49 pm --> Severity: Notice --> Trying to get property of non-object D:\Server\gf7\gf8\htdocs\don\application\views\admin\categories\add_categories.php 54
ERROR - 07/11/2017 08:49 pm --> Severity: Notice --> Undefined variable: id D:\Server\gf7\gf8\htdocs\don\application\views\admin\categories\add_categories.php 127
ERROR - 07/11/2017 08:49 pm --> Severity: Notice --> Undefined variable: id D:\Server\gf7\gf8\htdocs\don\application\views\admin\categories\add_categories.php 134
ERROR - 07/11/2017 08:49 pm --> Severity: Notice --> Undefined variable: id D:\Server\gf7\gf8\htdocs\don\application\views\admin\categories\add_categories.php 141
ERROR - 07/11/2017 08:49 pm --> Severity: Notice --> Undefined variable: rec D:\Server\gf7\gf8\htdocs\don\application\views\admin\categories\add_categories.php 54
ERROR - 07/11/2017 08:49 pm --> Severity: Notice --> Trying to get property of non-object D:\Server\gf7\gf8\htdocs\don\application\views\admin\categories\add_categories.php 54
ERROR - 07/11/2017 08:49 pm --> Severity: Notice --> Undefined variable: rec D:\Server\gf7\gf8\htdocs\don\application\views\admin\categories\add_categories.php 54
ERROR - 07/11/2017 08:49 pm --> Severity: Notice --> Trying to get property of non-object D:\Server\gf7\gf8\htdocs\don\application\views\admin\categories\add_categories.php 54
ERROR - 07/11/2017 08:49 pm --> Severity: Notice --> Undefined variable: rec D:\Server\gf7\gf8\htdocs\don\application\views\admin\categories\add_categories.php 54
ERROR - 07/11/2017 08:49 pm --> Severity: Notice --> Trying to get property of non-object D:\Server\gf7\gf8\htdocs\don\application\views\admin\categories\add_categories.php 54
ERROR - 07/11/2017 08:49 pm --> Severity: Notice --> Undefined variable: rec D:\Server\gf7\gf8\htdocs\don\application\views\admin\categories\add_categories.php 54
ERROR - 07/11/2017 08:49 pm --> Severity: Notice --> Trying to get property of non-object D:\Server\gf7\gf8\htdocs\don\application\views\admin\categories\add_categories.php 54
ERROR - 07/11/2017 08:49 pm --> Severity: Notice --> Undefined variable: rec D:\Server\gf7\gf8\htdocs\don\application\views\admin\categories\add_categories.php 54
ERROR - 07/11/2017 08:49 pm --> Severity: Notice --> Trying to get property of non-object D:\Server\gf7\gf8\htdocs\don\application\views\admin\categories\add_categories.php 54
ERROR - 07/11/2017 08:49 pm --> Severity: Notice --> Undefined variable: rec D:\Server\gf7\gf8\htdocs\don\application\views\admin\categories\add_categories.php 54
ERROR - 07/11/2017 08:49 pm --> Severity: Notice --> Trying to get property of non-object D:\Server\gf7\gf8\htdocs\don\application\views\admin\categories\add_categories.php 54
ERROR - 07/11/2017 08:49 pm --> Severity: Notice --> Undefined variable: rec D:\Server\gf7\gf8\htdocs\don\application\views\admin\categories\add_categories.php 54
ERROR - 07/11/2017 08:49 pm --> Severity: Notice --> Trying to get property of non-object D:\Server\gf7\gf8\htdocs\don\application\views\admin\categories\add_categories.php 54
ERROR - 07/11/2017 08:49 pm --> Severity: Notice --> Undefined variable: rec D:\Server\gf7\gf8\htdocs\don\application\views\admin\categories\add_categories.php 54
ERROR - 07/11/2017 08:49 pm --> Severity: Notice --> Trying to get property of non-object D:\Server\gf7\gf8\htdocs\don\application\views\admin\categories\add_categories.php 54
ERROR - 07/11/2017 08:49 pm --> Severity: Notice --> Undefined variable: rec D:\Server\gf7\gf8\htdocs\don\application\views\admin\categories\add_categories.php 54
ERROR - 07/11/2017 08:49 pm --> Severity: Notice --> Trying to get property of non-object D:\Server\gf7\gf8\htdocs\don\application\views\admin\categories\add_categories.php 54
ERROR - 07/11/2017 08:49 pm --> Severity: Notice --> Undefined variable: rec D:\Server\gf7\gf8\htdocs\don\application\views\admin\categories\add_categories.php 54
ERROR - 07/11/2017 08:49 pm --> Severity: Notice --> Trying to get property of non-object D:\Server\gf7\gf8\htdocs\don\application\views\admin\categories\add_categories.php 54
ERROR - 07/11/2017 08:49 pm --> Severity: Notice --> Undefined variable: rec D:\Server\gf7\gf8\htdocs\don\application\views\admin\categories\add_categories.php 54
ERROR - 07/11/2017 08:49 pm --> Severity: Notice --> Trying to get property of non-object D:\Server\gf7\gf8\htdocs\don\application\views\admin\categories\add_categories.php 54
ERROR - 07/11/2017 08:49 pm --> Severity: Notice --> Undefined variable: rec D:\Server\gf7\gf8\htdocs\don\application\views\admin\categories\add_categories.php 54
ERROR - 07/11/2017 08:49 pm --> Severity: Notice --> Trying to get property of non-object D:\Server\gf7\gf8\htdocs\don\application\views\admin\categories\add_categories.php 54
ERROR - 07/11/2017 08:49 pm --> Severity: Notice --> Undefined variable: rec D:\Server\gf7\gf8\htdocs\don\application\views\admin\categories\add_categories.php 54
ERROR - 07/11/2017 08:49 pm --> Severity: Notice --> Trying to get property of non-object D:\Server\gf7\gf8\htdocs\don\application\views\admin\categories\add_categories.php 54
ERROR - 07/11/2017 08:49 pm --> Severity: Notice --> Undefined variable: rec D:\Server\gf7\gf8\htdocs\don\application\views\admin\categories\add_categories.php 54
ERROR - 07/11/2017 08:49 pm --> Severity: Notice --> Trying to get property of non-object D:\Server\gf7\gf8\htdocs\don\application\views\admin\categories\add_categories.php 54
ERROR - 07/11/2017 08:49 pm --> Severity: Notice --> Undefined variable: rec D:\Server\gf7\gf8\htdocs\don\application\views\admin\categories\add_categories.php 54
ERROR - 07/11/2017 08:49 pm --> Severity: Notice --> Trying to get property of non-object D:\Server\gf7\gf8\htdocs\don\application\views\admin\categories\add_categories.php 54
ERROR - 07/11/2017 08:49 pm --> Severity: Notice --> Undefined variable: rec D:\Server\gf7\gf8\htdocs\don\application\views\admin\categories\add_categories.php 54
ERROR - 07/11/2017 08:49 pm --> Severity: Notice --> Trying to get property of non-object D:\Server\gf7\gf8\htdocs\don\application\views\admin\categories\add_categories.php 54
ERROR - 07/11/2017 08:49 pm --> Severity: Notice --> Undefined variable: rec D:\Server\gf7\gf8\htdocs\don\application\views\admin\categories\add_categories.php 54
ERROR - 07/11/2017 08:49 pm --> Severity: Notice --> Trying to get property of non-object D:\Server\gf7\gf8\htdocs\don\application\views\admin\categories\add_categories.php 54
ERROR - 07/11/2017 08:49 pm --> Severity: Notice --> Undefined variable: rec D:\Server\gf7\gf8\htdocs\don\application\views\admin\categories\add_categories.php 54
ERROR - 07/11/2017 08:49 pm --> Severity: Notice --> Trying to get property of non-object D:\Server\gf7\gf8\htdocs\don\application\views\admin\categories\add_categories.php 54
ERROR - 07/11/2017 08:49 pm --> Severity: Notice --> Undefined variable: rec D:\Server\gf7\gf8\htdocs\don\application\views\admin\categories\add_categories.php 54
ERROR - 07/11/2017 08:49 pm --> Severity: Notice --> Trying to get property of non-object D:\Server\gf7\gf8\htdocs\don\application\views\admin\categories\add_categories.php 54
ERROR - 07/11/2017 08:49 pm --> Severity: Notice --> Undefined variable: rec D:\Server\gf7\gf8\htdocs\don\application\views\admin\categories\add_categories.php 54
ERROR - 07/11/2017 08:49 pm --> Severity: Notice --> Trying to get property of non-object D:\Server\gf7\gf8\htdocs\don\application\views\admin\categories\add_categories.php 54
ERROR - 07/11/2017 08:49 pm --> Severity: Notice --> Undefined variable: rec D:\Server\gf7\gf8\htdocs\don\application\views\admin\categories\add_categories.php 54
ERROR - 07/11/2017 08:49 pm --> Severity: Notice --> Trying to get property of non-object D:\Server\gf7\gf8\htdocs\don\application\views\admin\categories\add_categories.php 54
ERROR - 07/11/2017 08:49 pm --> Severity: Notice --> Undefined variable: rec D:\Server\gf7\gf8\htdocs\don\application\views\admin\categories\add_categories.php 54
ERROR - 07/11/2017 08:49 pm --> Severity: Notice --> Trying to get property of non-object D:\Server\gf7\gf8\htdocs\don\application\views\admin\categories\add_categories.php 54
ERROR - 07/11/2017 08:49 pm --> Severity: Notice --> Undefined variable: rec D:\Server\gf7\gf8\htdocs\don\application\views\admin\categories\add_categories.php 54
ERROR - 07/11/2017 08:49 pm --> Severity: Notice --> Trying to get property of non-object D:\Server\gf7\gf8\htdocs\don\application\views\admin\categories\add_categories.php 54
ERROR - 07/11/2017 08:49 pm --> Severity: Notice --> Undefined variable: rec D:\Server\gf7\gf8\htdocs\don\application\views\admin\categories\add_categories.php 54
ERROR - 07/11/2017 08:49 pm --> Severity: Notice --> Trying to get property of non-object D:\Server\gf7\gf8\htdocs\don\application\views\admin\categories\add_categories.php 54
ERROR - 07/11/2017 08:49 pm --> Severity: Notice --> Undefined variable: rec D:\Server\gf7\gf8\htdocs\don\application\views\admin\categories\add_categories.php 54
ERROR - 07/11/2017 08:49 pm --> Severity: Notice --> Trying to get property of non-object D:\Server\gf7\gf8\htdocs\don\application\views\admin\categories\add_categories.php 54
ERROR - 07/11/2017 08:49 pm --> Severity: Notice --> Undefined variable: rec D:\Server\gf7\gf8\htdocs\don\application\views\admin\categories\add_categories.php 54
ERROR - 07/11/2017 08:49 pm --> Severity: Notice --> Trying to get property of non-object D:\Server\gf7\gf8\htdocs\don\application\views\admin\categories\add_categories.php 54
ERROR - 07/11/2017 08:49 pm --> Severity: Notice --> Undefined variable: rec D:\Server\gf7\gf8\htdocs\don\application\views\admin\categories\add_categories.php 54
ERROR - 07/11/2017 08:49 pm --> Severity: Notice --> Trying to get property of non-object D:\Server\gf7\gf8\htdocs\don\application\views\admin\categories\add_categories.php 54
ERROR - 07/11/2017 08:49 pm --> Severity: Notice --> Undefined variable: rec D:\Server\gf7\gf8\htdocs\don\application\views\admin\categories\add_categories.php 54
ERROR - 07/11/2017 08:49 pm --> Severity: Notice --> Trying to get property of non-object D:\Server\gf7\gf8\htdocs\don\application\views\admin\categories\add_categories.php 54
ERROR - 07/11/2017 08:49 pm --> Severity: Notice --> Undefined variable: rec D:\Server\gf7\gf8\htdocs\don\application\views\admin\categories\add_categories.php 54
ERROR - 07/11/2017 08:49 pm --> Severity: Notice --> Trying to get property of non-object D:\Server\gf7\gf8\htdocs\don\application\views\admin\categories\add_categories.php 54
ERROR - 07/11/2017 08:49 pm --> Severity: Notice --> Undefined variable: rec D:\Server\gf7\gf8\htdocs\don\application\views\admin\categories\add_categories.php 54
ERROR - 07/11/2017 08:49 pm --> Severity: Notice --> Trying to get property of non-object D:\Server\gf7\gf8\htdocs\don\application\views\admin\categories\add_categories.php 54
ERROR - 07/11/2017 08:49 pm --> Severity: Notice --> Undefined variable: rec D:\Server\gf7\gf8\htdocs\don\application\views\admin\categories\add_categories.php 54
ERROR - 07/11/2017 08:49 pm --> Severity: Notice --> Trying to get property of non-object D:\Server\gf7\gf8\htdocs\don\application\views\admin\categories\add_categories.php 54
ERROR - 07/11/2017 08:49 pm --> Severity: Notice --> Undefined variable: rec D:\Server\gf7\gf8\htdocs\don\application\views\admin\categories\add_categories.php 54
ERROR - 07/11/2017 08:49 pm --> Severity: Notice --> Trying to get property of non-object D:\Server\gf7\gf8\htdocs\don\application\views\admin\categories\add_categories.php 54
ERROR - 07/11/2017 08:49 pm --> Severity: Notice --> Undefined variable: rec D:\Server\gf7\gf8\htdocs\don\application\views\admin\categories\add_categories.php 54
ERROR - 07/11/2017 08:49 pm --> Severity: Notice --> Trying to get property of non-object D:\Server\gf7\gf8\htdocs\don\application\views\admin\categories\add_categories.php 54
ERROR - 07/11/2017 08:49 pm --> Severity: Notice --> Undefined variable: rec D:\Server\gf7\gf8\htdocs\don\application\views\admin\categories\add_categories.php 54
ERROR - 07/11/2017 08:49 pm --> Severity: Notice --> Trying to get property of non-object D:\Server\gf7\gf8\htdocs\don\application\views\admin\categories\add_categories.php 54
ERROR - 07/11/2017 08:49 pm --> Severity: Notice --> Undefined variable: rec D:\Server\gf7\gf8\htdocs\don\application\views\admin\categories\add_categories.php 54
ERROR - 07/11/2017 08:49 pm --> Severity: Notice --> Trying to get property of non-object D:\Server\gf7\gf8\htdocs\don\application\views\admin\categories\add_categories.php 54
ERROR - 07/11/2017 08:49 pm --> Severity: Notice --> Undefined variable: rec D:\Server\gf7\gf8\htdocs\don\application\views\admin\categories\add_categories.php 54
ERROR - 07/11/2017 08:49 pm --> Severity: Notice --> Trying to get property of non-object D:\Server\gf7\gf8\htdocs\don\application\views\admin\categories\add_categories.php 54
ERROR - 07/11/2017 08:49 pm --> Severity: Notice --> Undefined variable: rec D:\Server\gf7\gf8\htdocs\don\application\views\admin\categories\add_categories.php 54
ERROR - 07/11/2017 08:49 pm --> Severity: Notice --> Trying to get property of non-object D:\Server\gf7\gf8\htdocs\don\application\views\admin\categories\add_categories.php 54
ERROR - 07/11/2017 08:49 pm --> Severity: Notice --> Undefined variable: rec D:\Server\gf7\gf8\htdocs\don\application\views\admin\categories\add_categories.php 54
ERROR - 07/11/2017 08:49 pm --> Severity: Notice --> Trying to get property of non-object D:\Server\gf7\gf8\htdocs\don\application\views\admin\categories\add_categories.php 54
ERROR - 07/11/2017 08:49 pm --> Severity: Notice --> Undefined variable: rec D:\Server\gf7\gf8\htdocs\don\application\views\admin\categories\add_categories.php 54
ERROR - 07/11/2017 08:49 pm --> Severity: Notice --> Trying to get property of non-object D:\Server\gf7\gf8\htdocs\don\application\views\admin\categories\add_categories.php 54
ERROR - 07/11/2017 08:49 pm --> Severity: Notice --> Undefined variable: rec D:\Server\gf7\gf8\htdocs\don\application\views\admin\categories\add_categories.php 54
ERROR - 07/11/2017 08:49 pm --> Severity: Notice --> Trying to get property of non-object D:\Server\gf7\gf8\htdocs\don\application\views\admin\categories\add_categories.php 54
ERROR - 07/11/2017 08:49 pm --> Severity: Notice --> Undefined variable: rec D:\Server\gf7\gf8\htdocs\don\application\views\admin\categories\add_categories.php 54
ERROR - 07/11/2017 08:49 pm --> Severity: Notice --> Trying to get property of non-object D:\Server\gf7\gf8\htdocs\don\application\views\admin\categories\add_categories.php 54
ERROR - 07/11/2017 08:49 pm --> Severity: Notice --> Undefined variable: rec D:\Server\gf7\gf8\htdocs\don\application\views\admin\categories\add_categories.php 54
ERROR - 07/11/2017 08:49 pm --> Severity: Notice --> Trying to get property of non-object D:\Server\gf7\gf8\htdocs\don\application\views\admin\categories\add_categories.php 54
ERROR - 07/11/2017 08:49 pm --> Severity: Notice --> Undefined variable: rec D:\Server\gf7\gf8\htdocs\don\application\views\admin\categories\add_categories.php 54
ERROR - 07/11/2017 08:49 pm --> Severity: Notice --> Trying to get property of non-object D:\Server\gf7\gf8\htdocs\don\application\views\admin\categories\add_categories.php 54
ERROR - 07/11/2017 08:49 pm --> Severity: Notice --> Undefined variable: rec D:\Server\gf7\gf8\htdocs\don\application\views\admin\categories\add_categories.php 54
ERROR - 07/11/2017 08:49 pm --> Severity: Notice --> Trying to get property of non-object D:\Server\gf7\gf8\htdocs\don\application\views\admin\categories\add_categories.php 54
ERROR - 07/11/2017 08:49 pm --> Severity: Notice --> Undefined variable: rec D:\Server\gf7\gf8\htdocs\don\application\views\admin\categories\add_categories.php 54
ERROR - 07/11/2017 08:49 pm --> Severity: Notice --> Trying to get property of non-object D:\Server\gf7\gf8\htdocs\don\application\views\admin\categories\add_categories.php 54
ERROR - 07/11/2017 08:49 pm --> Severity: Notice --> Undefined variable: rec D:\Server\gf7\gf8\htdocs\don\application\views\admin\categories\add_categories.php 54
ERROR - 07/11/2017 08:49 pm --> Severity: Notice --> Trying to get property of non-object D:\Server\gf7\gf8\htdocs\don\application\views\admin\categories\add_categories.php 54
ERROR - 07/11/2017 08:49 pm --> Severity: Notice --> Undefined variable: rec D:\Server\gf7\gf8\htdocs\don\application\views\admin\categories\add_categories.php 54
ERROR - 07/11/2017 08:49 pm --> Severity: Notice --> Trying to get property of non-object D:\Server\gf7\gf8\htdocs\don\application\views\admin\categories\add_categories.php 54
ERROR - 07/11/2017 08:49 pm --> Severity: Notice --> Undefined variable: rec D:\Server\gf7\gf8\htdocs\don\application\views\admin\categories\add_categories.php 54
ERROR - 07/11/2017 08:49 pm --> Severity: Notice --> Trying to get property of non-object D:\Server\gf7\gf8\htdocs\don\application\views\admin\categories\add_categories.php 54
ERROR - 07/11/2017 08:49 pm --> Severity: Notice --> Undefined variable: rec D:\Server\gf7\gf8\htdocs\don\application\views\admin\categories\add_categories.php 54
ERROR - 07/11/2017 08:49 pm --> Severity: Notice --> Trying to get property of non-object D:\Server\gf7\gf8\htdocs\don\application\views\admin\categories\add_categories.php 54
ERROR - 07/11/2017 08:49 pm --> Severity: Notice --> Undefined variable: rec D:\Server\gf7\gf8\htdocs\don\application\views\admin\categories\add_categories.php 54
ERROR - 07/11/2017 08:49 pm --> Severity: Notice --> Trying to get property of non-object D:\Server\gf7\gf8\htdocs\don\application\views\admin\categories\add_categories.php 54
ERROR - 07/11/2017 08:49 pm --> Severity: Notice --> Undefined variable: rec D:\Server\gf7\gf8\htdocs\don\application\views\admin\categories\add_categories.php 54
ERROR - 07/11/2017 08:49 pm --> Severity: Notice --> Trying to get property of non-object D:\Server\gf7\gf8\htdocs\don\application\views\admin\categories\add_categories.php 54
ERROR - 07/11/2017 08:49 pm --> Severity: Notice --> Undefined variable: rec D:\Server\gf7\gf8\htdocs\don\application\views\admin\categories\add_categories.php 54
ERROR - 07/11/2017 08:49 pm --> Severity: Notice --> Trying to get property of non-object D:\Server\gf7\gf8\htdocs\don\application\views\admin\categories\add_categories.php 54
ERROR - 07/11/2017 08:49 pm --> Severity: Notice --> Undefined variable: rec D:\Server\gf7\gf8\htdocs\don\application\views\admin\categories\add_categories.php 54
ERROR - 07/11/2017 08:49 pm --> Severity: Notice --> Trying to get property of non-object D:\Server\gf7\gf8\htdocs\don\application\views\admin\categories\add_categories.php 54
ERROR - 07/11/2017 08:49 pm --> Severity: Notice --> Undefined variable: rec D:\Server\gf7\gf8\htdocs\don\application\views\admin\categories\add_categories.php 54
ERROR - 07/11/2017 08:49 pm --> Severity: Notice --> Trying to get property of non-object D:\Server\gf7\gf8\htdocs\don\application\views\admin\categories\add_categories.php 54
ERROR - 07/11/2017 08:49 pm --> Severity: Notice --> Undefined variable: rec D:\Server\gf7\gf8\htdocs\don\application\views\admin\categories\add_categories.php 54
ERROR - 07/11/2017 08:49 pm --> Severity: Notice --> Trying to get property of non-object D:\Server\gf7\gf8\htdocs\don\application\views\admin\categories\add_categories.php 54
ERROR - 07/11/2017 08:49 pm --> Severity: Notice --> Undefined variable: rec D:\Server\gf7\gf8\htdocs\don\application\views\admin\categories\add_categories.php 54
ERROR - 07/11/2017 08:49 pm --> Severity: Notice --> Trying to get property of non-object D:\Server\gf7\gf8\htdocs\don\application\views\admin\categories\add_categories.php 54
ERROR - 07/11/2017 08:49 pm --> Severity: Notice --> Undefined variable: rec D:\Server\gf7\gf8\htdocs\don\application\views\admin\categories\add_categories.php 54
ERROR - 07/11/2017 08:49 pm --> Severity: Notice --> Trying to get property of non-object D:\Server\gf7\gf8\htdocs\don\application\views\admin\categories\add_categories.php 54
ERROR - 07/11/2017 08:49 pm --> Severity: Notice --> Undefined variable: id D:\Server\gf7\gf8\htdocs\don\application\views\admin\categories\add_categories.php 127
ERROR - 07/11/2017 08:49 pm --> Severity: Notice --> Undefined variable: id D:\Server\gf7\gf8\htdocs\don\application\views\admin\categories\add_categories.php 134
ERROR - 07/11/2017 08:49 pm --> Severity: Notice --> Undefined variable: id D:\Server\gf7\gf8\htdocs\don\application\views\admin\categories\add_categories.php 141
ERROR - 07/11/2017 05:20 pm --> 404 Page Not Found: Assets/front
ERROR - 07/11/2017 05:20 pm --> 404 Page Not Found: Assets/front
ERROR - 07/11/2017 05:20 pm --> 404 Page Not Found: Assets/front
ERROR - 07/11/2017 05:20 pm --> 404 Page Not Found: Assets/front
ERROR - 07/11/2017 05:20 pm --> 404 Page Not Found: Assets/front
ERROR - 07/11/2017 05:20 pm --> 404 Page Not Found: Assets/front
ERROR - 07/11/2017 05:20 pm --> 404 Page Not Found: Assets/front
ERROR - 07/11/2017 05:20 pm --> 404 Page Not Found: Assets/front
ERROR - 07/11/2017 05:20 pm --> 404 Page Not Found: Assets/front
ERROR - 07/11/2017 05:20 pm --> 404 Page Not Found: Assets/front
ERROR - 07/11/2017 05:20 pm --> 404 Page Not Found: Assets/front
ERROR - 07/11/2017 05:20 pm --> 404 Page Not Found: Assets/front
ERROR - 07/11/2017 05:20 pm --> 404 Page Not Found: front/Service/badroom_plan
ERROR - 07/11/2017 05:20 pm --> 404 Page Not Found: front/Service/badroom_plan
ERROR - 07/11/2017 05:20 pm --> 404 Page Not Found: front/Service/badroom_plan
ERROR - 07/11/2017 05:21 pm --> 404 Page Not Found: Assets/front
ERROR - 07/11/2017 05:21 pm --> 404 Page Not Found: Assets/front
ERROR - 07/11/2017 05:21 pm --> 404 Page Not Found: Assets/front
ERROR - 07/11/2017 05:21 pm --> 404 Page Not Found: Assets/front
ERROR - 07/11/2017 05:21 pm --> 404 Page Not Found: Assets/front
ERROR - 07/11/2017 05:21 pm --> 404 Page Not Found: Assets/front
ERROR - 07/11/2017 05:55 pm --> Severity: Warning --> mysqli::real_connect(): (HY000/2002): No connection could be made because the target machine actively refused it.
 D:\Server\gf7\gf8\htdocs\don\system\database\drivers\mysqli\mysqli_driver.php 201
ERROR - 07/11/2017 05:55 pm --> Severity: Warning --> mysqli::real_connect(): (HY000/2002): No connection could be made because the target machine actively refused it.
 D:\Server\gf7\gf8\htdocs\don\system\database\drivers\mysqli\mysqli_driver.php 201
ERROR - 07/11/2017 05:55 pm --> Unable to connect to the database
ERROR - 07/11/2017 05:55 pm --> Unable to connect to the database
ERROR - 07/11/2017 09:25 pm --> Severity: Notice --> Undefined variable: rec D:\Server\gf7\gf8\htdocs\don\application\views\admin\categories\add_categories.php 54
ERROR - 07/11/2017 09:25 pm --> Severity: Notice --> Trying to get property of non-object D:\Server\gf7\gf8\htdocs\don\application\views\admin\categories\add_categories.php 54
ERROR - 07/11/2017 09:25 pm --> Severity: Notice --> Undefined variable: rec D:\Server\gf7\gf8\htdocs\don\application\views\admin\categories\add_categories.php 54
ERROR - 07/11/2017 09:25 pm --> Severity: Notice --> Trying to get property of non-object D:\Server\gf7\gf8\htdocs\don\application\views\admin\categories\add_categories.php 54
ERROR - 07/11/2017 09:25 pm --> Severity: Notice --> Undefined variable: rec D:\Server\gf7\gf8\htdocs\don\application\views\admin\categories\add_categories.php 54
ERROR - 07/11/2017 09:25 pm --> Severity: Notice --> Trying to get property of non-object D:\Server\gf7\gf8\htdocs\don\application\views\admin\categories\add_categories.php 54
ERROR - 07/11/2017 09:25 pm --> Severity: Notice --> Undefined variable: rec D:\Server\gf7\gf8\htdocs\don\application\views\admin\categories\add_categories.php 54
ERROR - 07/11/2017 09:25 pm --> Severity: Notice --> Trying to get property of non-object D:\Server\gf7\gf8\htdocs\don\application\views\admin\categories\add_categories.php 54
ERROR - 07/11/2017 09:25 pm --> Severity: Notice --> Undefined variable: rec D:\Server\gf7\gf8\htdocs\don\application\views\admin\categories\add_categories.php 54
ERROR - 07/11/2017 09:25 pm --> Severity: Notice --> Trying to get property of non-object D:\Server\gf7\gf8\htdocs\don\application\views\admin\categories\add_categories.php 54
ERROR - 07/11/2017 09:25 pm --> Severity: Notice --> Undefined variable: rec D:\Server\gf7\gf8\htdocs\don\application\views\admin\categories\add_categories.php 54
ERROR - 07/11/2017 09:25 pm --> Severity: Notice --> Trying to get property of non-object D:\Server\gf7\gf8\htdocs\don\application\views\admin\categories\add_categories.php 54
ERROR - 07/11/2017 09:25 pm --> Severity: Notice --> Undefined variable: rec D:\Server\gf7\gf8\htdocs\don\application\views\admin\categories\add_categories.php 54
ERROR - 07/11/2017 09:25 pm --> Severity: Notice --> Trying to get property of non-object D:\Server\gf7\gf8\htdocs\don\application\views\admin\categories\add_categories.php 54
ERROR - 07/11/2017 09:25 pm --> Severity: Notice --> Undefined variable: rec D:\Server\gf7\gf8\htdocs\don\application\views\admin\categories\add_categories.php 54
ERROR - 07/11/2017 09:25 pm --> Severity: Notice --> Trying to get property of non-object D:\Server\gf7\gf8\htdocs\don\application\views\admin\categories\add_categories.php 54
ERROR - 07/11/2017 09:25 pm --> Severity: Notice --> Undefined variable: rec D:\Server\gf7\gf8\htdocs\don\application\views\admin\categories\add_categories.php 54
ERROR - 07/11/2017 09:25 pm --> Severity: Notice --> Trying to get property of non-object D:\Server\gf7\gf8\htdocs\don\application\views\admin\categories\add_categories.php 54
ERROR - 07/11/2017 09:25 pm --> Severity: Notice --> Undefined variable: rec D:\Server\gf7\gf8\htdocs\don\application\views\admin\categories\add_categories.php 54
ERROR - 07/11/2017 09:25 pm --> Severity: Notice --> Trying to get property of non-object D:\Server\gf7\gf8\htdocs\don\application\views\admin\categories\add_categories.php 54
ERROR - 07/11/2017 09:25 pm --> Severity: Notice --> Undefined variable: rec D:\Server\gf7\gf8\htdocs\don\application\views\admin\categories\add_categories.php 54
ERROR - 07/11/2017 09:25 pm --> Severity: Notice --> Trying to get property of non-object D:\Server\gf7\gf8\htdocs\don\application\views\admin\categories\add_categories.php 54
ERROR - 07/11/2017 09:25 pm --> Severity: Notice --> Undefined variable: rec D:\Server\gf7\gf8\htdocs\don\application\views\admin\categories\add_categories.php 54
ERROR - 07/11/2017 09:25 pm --> Severity: Notice --> Trying to get property of non-object D:\Server\gf7\gf8\htdocs\don\application\views\admin\categories\add_categories.php 54
ERROR - 07/11/2017 09:25 pm --> Severity: Notice --> Undefined variable: rec D:\Server\gf7\gf8\htdocs\don\application\views\admin\categories\add_categories.php 54
ERROR - 07/11/2017 09:25 pm --> Severity: Notice --> Trying to get property of non-object D:\Server\gf7\gf8\htdocs\don\application\views\admin\categories\add_categories.php 54
ERROR - 07/11/2017 09:25 pm --> Severity: Notice --> Undefined variable: rec D:\Server\gf7\gf8\htdocs\don\application\views\admin\categories\add_categories.php 54
ERROR - 07/11/2017 09:25 pm --> Severity: Notice --> Trying to get property of non-object D:\Server\gf7\gf8\htdocs\don\application\views\admin\categories\add_categories.php 54
ERROR - 07/11/2017 09:25 pm --> Severity: Notice --> Undefined variable: rec D:\Server\gf7\gf8\htdocs\don\application\views\admin\categories\add_categories.php 54
ERROR - 07/11/2017 09:25 pm --> Severity: Notice --> Trying to get property of non-object D:\Server\gf7\gf8\htdocs\don\application\views\admin\categories\add_categories.php 54
ERROR - 07/11/2017 09:25 pm --> Severity: Notice --> Undefined variable: rec D:\Server\gf7\gf8\htdocs\don\application\views\admin\categories\add_categories.php 54
ERROR - 07/11/2017 09:25 pm --> Severity: Notice --> Trying to get property of non-object D:\Server\gf7\gf8\htdocs\don\application\views\admin\categories\add_categories.php 54
ERROR - 07/11/2017 09:25 pm --> Severity: Notice --> Undefined variable: rec D:\Server\gf7\gf8\htdocs\don\application\views\admin\categories\add_categories.php 54
ERROR - 07/11/2017 09:25 pm --> Severity: Notice --> Trying to get property of non-object D:\Server\gf7\gf8\htdocs\don\application\views\admin\categories\add_categories.php 54
ERROR - 07/11/2017 09:25 pm --> Severity: Notice --> Undefined variable: rec D:\Server\gf7\gf8\htdocs\don\application\views\admin\categories\add_categories.php 54
ERROR - 07/11/2017 09:25 pm --> Severity: Notice --> Trying to get property of non-object D:\Server\gf7\gf8\htdocs\don\application\views\admin\categories\add_categories.php 54
ERROR - 07/11/2017 09:25 pm --> Severity: Notice --> Undefined variable: rec D:\Server\gf7\gf8\htdocs\don\application\views\admin\categories\add_categories.php 54
ERROR - 07/11/2017 09:25 pm --> Severity: Notice --> Trying to get property of non-object D:\Server\gf7\gf8\htdocs\don\application\views\admin\categories\add_categories.php 54
ERROR - 07/11/2017 09:25 pm --> Severity: Notice --> Undefined variable: rec D:\Server\gf7\gf8\htdocs\don\application\views\admin\categories\add_categories.php 54
ERROR - 07/11/2017 09:25 pm --> Severity: Notice --> Trying to get property of non-object D:\Server\gf7\gf8\htdocs\don\application\views\admin\categories\add_categories.php 54
ERROR - 07/11/2017 09:25 pm --> Severity: Notice --> Undefined variable: rec D:\Server\gf7\gf8\htdocs\don\application\views\admin\categories\add_categories.php 54
ERROR - 07/11/2017 09:25 pm --> Severity: Notice --> Trying to get property of non-object D:\Server\gf7\gf8\htdocs\don\application\views\admin\categories\add_categories.php 54
ERROR - 07/11/2017 09:25 pm --> Severity: Notice --> Undefined variable: rec D:\Server\gf7\gf8\htdocs\don\application\views\admin\categories\add_categories.php 54
ERROR - 07/11/2017 09:25 pm --> Severity: Notice --> Trying to get property of non-object D:\Server\gf7\gf8\htdocs\don\application\views\admin\categories\add_categories.php 54
ERROR - 07/11/2017 09:25 pm --> Severity: Notice --> Undefined variable: rec D:\Server\gf7\gf8\htdocs\don\application\views\admin\categories\add_categories.php 54
ERROR - 07/11/2017 09:25 pm --> Severity: Notice --> Trying to get property of non-object D:\Server\gf7\gf8\htdocs\don\application\views\admin\categories\add_categories.php 54
ERROR - 07/11/2017 09:25 pm --> Severity: Notice --> Undefined variable: rec D:\Server\gf7\gf8\htdocs\don\application\views\admin\categories\add_categories.php 54
ERROR - 07/11/2017 09:25 pm --> Severity: Notice --> Trying to get property of non-object D:\Server\gf7\gf8\htdocs\don\application\views\admin\categories\add_categories.php 54
ERROR - 07/11/2017 09:25 pm --> Severity: Notice --> Undefined variable: rec D:\Server\gf7\gf8\htdocs\don\application\views\admin\categories\add_categories.php 54
ERROR - 07/11/2017 09:25 pm --> Severity: Notice --> Trying to get property of non-object D:\Server\gf7\gf8\htdocs\don\application\views\admin\categories\add_categories.php 54
ERROR - 07/11/2017 09:25 pm --> Severity: Notice --> Undefined variable: rec D:\Server\gf7\gf8\htdocs\don\application\views\admin\categories\add_categories.php 54
ERROR - 07/11/2017 09:25 pm --> Severity: Notice --> Trying to get property of non-object D:\Server\gf7\gf8\htdocs\don\application\views\admin\categories\add_categories.php 54
ERROR - 07/11/2017 09:25 pm --> Severity: Notice --> Undefined variable: rec D:\Server\gf7\gf8\htdocs\don\application\views\admin\categories\add_categories.php 54
ERROR - 07/11/2017 09:25 pm --> Severity: Notice --> Trying to get property of non-object D:\Server\gf7\gf8\htdocs\don\application\views\admin\categories\add_categories.php 54
ERROR - 07/11/2017 09:25 pm --> Severity: Notice --> Undefined variable: rec D:\Server\gf7\gf8\htdocs\don\application\views\admin\categories\add_categories.php 54
ERROR - 07/11/2017 09:25 pm --> Severity: Notice --> Trying to get property of non-object D:\Server\gf7\gf8\htdocs\don\application\views\admin\categories\add_categories.php 54
ERROR - 07/11/2017 09:25 pm --> Severity: Notice --> Undefined variable: rec D:\Server\gf7\gf8\htdocs\don\application\views\admin\categories\add_categories.php 54
ERROR - 07/11/2017 09:25 pm --> Severity: Notice --> Trying to get property of non-object D:\Server\gf7\gf8\htdocs\don\application\views\admin\categories\add_categories.php 54
ERROR - 07/11/2017 09:25 pm --> Severity: Notice --> Undefined variable: rec D:\Server\gf7\gf8\htdocs\don\application\views\admin\categories\add_categories.php 54
ERROR - 07/11/2017 09:25 pm --> Severity: Notice --> Trying to get property of non-object D:\Server\gf7\gf8\htdocs\don\application\views\admin\categories\add_categories.php 54
ERROR - 07/11/2017 09:25 pm --> Severity: Notice --> Undefined variable: rec D:\Server\gf7\gf8\htdocs\don\application\views\admin\categories\add_categories.php 54
ERROR - 07/11/2017 09:25 pm --> Severity: Notice --> Trying to get property of non-object D:\Server\gf7\gf8\htdocs\don\application\views\admin\categories\add_categories.php 54
ERROR - 07/11/2017 09:25 pm --> Severity: Notice --> Undefined variable: rec D:\Server\gf7\gf8\htdocs\don\application\views\admin\categories\add_categories.php 54
ERROR - 07/11/2017 09:25 pm --> Severity: Notice --> Trying to get property of non-object D:\Server\gf7\gf8\htdocs\don\application\views\admin\categories\add_categories.php 54
ERROR - 07/11/2017 09:25 pm --> Severity: Notice --> Undefined variable: rec D:\Server\gf7\gf8\htdocs\don\application\views\admin\categories\add_categories.php 54
ERROR - 07/11/2017 09:25 pm --> Severity: Notice --> Trying to get property of non-object D:\Server\gf7\gf8\htdocs\don\application\views\admin\categories\add_categories.php 54
ERROR - 07/11/2017 09:25 pm --> Severity: Notice --> Undefined variable: rec D:\Server\gf7\gf8\htdocs\don\application\views\admin\categories\add_categories.php 54
ERROR - 07/11/2017 09:25 pm --> Severity: Notice --> Trying to get property of non-object D:\Server\gf7\gf8\htdocs\don\application\views\admin\categories\add_categories.php 54
ERROR - 07/11/2017 09:25 pm --> Severity: Notice --> Undefined variable: rec D:\Server\gf7\gf8\htdocs\don\application\views\admin\categories\add_categories.php 54
ERROR - 07/11/2017 09:25 pm --> Severity: Notice --> Trying to get property of non-object D:\Server\gf7\gf8\htdocs\don\application\views\admin\categories\add_categories.php 54
ERROR - 07/11/2017 09:25 pm --> Severity: Notice --> Undefined variable: rec D:\Server\gf7\gf8\htdocs\don\application\views\admin\categories\add_categories.php 54
ERROR - 07/11/2017 09:25 pm --> Severity: Notice --> Trying to get property of non-object D:\Server\gf7\gf8\htdocs\don\application\views\admin\categories\add_categories.php 54
ERROR - 07/11/2017 09:25 pm --> Severity: Notice --> Undefined variable: rec D:\Server\gf7\gf8\htdocs\don\application\views\admin\categories\add_categories.php 54
ERROR - 07/11/2017 09:25 pm --> Severity: Notice --> Trying to get property of non-object D:\Server\gf7\gf8\htdocs\don\application\views\admin\categories\add_categories.php 54
ERROR - 07/11/2017 09:25 pm --> Severity: Notice --> Undefined variable: rec D:\Server\gf7\gf8\htdocs\don\application\views\admin\categories\add_categories.php 54
ERROR - 07/11/2017 09:25 pm --> Severity: Notice --> Trying to get property of non-object D:\Server\gf7\gf8\htdocs\don\application\views\admin\categories\add_categories.php 54
ERROR - 07/11/2017 09:25 pm --> Severity: Notice --> Undefined variable: rec D:\Server\gf7\gf8\htdocs\don\application\views\admin\categories\add_categories.php 54
ERROR - 07/11/2017 09:25 pm --> Severity: Notice --> Trying to get property of non-object D:\Server\gf7\gf8\htdocs\don\application\views\admin\categories\add_categories.php 54
ERROR - 07/11/2017 09:25 pm --> Severity: Notice --> Undefined variable: rec D:\Server\gf7\gf8\htdocs\don\application\views\admin\categories\add_categories.php 54
ERROR - 07/11/2017 09:25 pm --> Severity: Notice --> Trying to get property of non-object D:\Server\gf7\gf8\htdocs\don\application\views\admin\categories\add_categories.php 54
ERROR - 07/11/2017 09:25 pm --> Severity: Notice --> Undefined variable: rec D:\Server\gf7\gf8\htdocs\don\application\views\admin\categories\add_categories.php 54
ERROR - 07/11/2017 09:25 pm --> Severity: Notice --> Trying to get property of non-object D:\Server\gf7\gf8\htdocs\don\application\views\admin\categories\add_categories.php 54
ERROR - 07/11/2017 09:25 pm --> Severity: Notice --> Undefined variable: rec D:\Server\gf7\gf8\htdocs\don\application\views\admin\categories\add_categories.php 54
ERROR - 07/11/2017 09:25 pm --> Severity: Notice --> Trying to get property of non-object D:\Server\gf7\gf8\htdocs\don\application\views\admin\categories\add_categories.php 54
ERROR - 07/11/2017 09:25 pm --> Severity: Notice --> Undefined variable: rec D:\Server\gf7\gf8\htdocs\don\application\views\admin\categories\add_categories.php 54
ERROR - 07/11/2017 09:25 pm --> Severity: Notice --> Trying to get property of non-object D:\Server\gf7\gf8\htdocs\don\application\views\admin\categories\add_categories.php 54
ERROR - 07/11/2017 09:25 pm --> Severity: Notice --> Undefined variable: rec D:\Server\gf7\gf8\htdocs\don\application\views\admin\categories\add_categories.php 54
ERROR - 07/11/2017 09:25 pm --> Severity: Notice --> Trying to get property of non-object D:\Server\gf7\gf8\htdocs\don\application\views\admin\categories\add_categories.php 54
ERROR - 07/11/2017 09:25 pm --> Severity: Notice --> Undefined variable: rec D:\Server\gf7\gf8\htdocs\don\application\views\admin\categories\add_categories.php 54
ERROR - 07/11/2017 09:25 pm --> Severity: Notice --> Trying to get property of non-object D:\Server\gf7\gf8\htdocs\don\application\views\admin\categories\add_categories.php 54
ERROR - 07/11/2017 09:25 pm --> Severity: Notice --> Undefined variable: rec D:\Server\gf7\gf8\htdocs\don\application\views\admin\categories\add_categories.php 54
ERROR - 07/11/2017 09:25 pm --> Severity: Notice --> Trying to get property of non-object D:\Server\gf7\gf8\htdocs\don\application\views\admin\categories\add_categories.php 54
ERROR - 07/11/2017 09:25 pm --> Severity: Notice --> Undefined variable: rec D:\Server\gf7\gf8\htdocs\don\application\views\admin\categories\add_categories.php 54
ERROR - 07/11/2017 09:25 pm --> Severity: Notice --> Trying to get property of non-object D:\Server\gf7\gf8\htdocs\don\application\views\admin\categories\add_categories.php 54
ERROR - 07/11/2017 09:25 pm --> Severity: Notice --> Undefined variable: rec D:\Server\gf7\gf8\htdocs\don\application\views\admin\categories\add_categories.php 54
ERROR - 07/11/2017 09:25 pm --> Severity: Notice --> Trying to get property of non-object D:\Server\gf7\gf8\htdocs\don\application\views\admin\categories\add_categories.php 54
ERROR - 07/11/2017 09:25 pm --> Severity: Notice --> Undefined variable: rec D:\Server\gf7\gf8\htdocs\don\application\views\admin\categories\add_categories.php 54
ERROR - 07/11/2017 09:25 pm --> Severity: Notice --> Trying to get property of non-object D:\Server\gf7\gf8\htdocs\don\application\views\admin\categories\add_categories.php 54
ERROR - 07/11/2017 09:25 pm --> Severity: Notice --> Undefined variable: rec D:\Server\gf7\gf8\htdocs\don\application\views\admin\categories\add_categories.php 54
ERROR - 07/11/2017 09:25 pm --> Severity: Notice --> Trying to get property of non-object D:\Server\gf7\gf8\htdocs\don\application\views\admin\categories\add_categories.php 54
ERROR - 07/11/2017 09:25 pm --> Severity: Notice --> Undefined variable: rec D:\Server\gf7\gf8\htdocs\don\application\views\admin\categories\add_categories.php 54
ERROR - 07/11/2017 09:25 pm --> Severity: Notice --> Trying to get property of non-object D:\Server\gf7\gf8\htdocs\don\application\views\admin\categories\add_categories.php 54
ERROR - 07/11/2017 09:25 pm --> Severity: Notice --> Undefined variable: rec D:\Server\gf7\gf8\htdocs\don\application\views\admin\categories\add_categories.php 54
ERROR - 07/11/2017 09:25 pm --> Severity: Notice --> Trying to get property of non-object D:\Server\gf7\gf8\htdocs\don\application\views\admin\categories\add_categories.php 54
ERROR - 07/11/2017 09:25 pm --> Severity: Notice --> Undefined variable: rec D:\Server\gf7\gf8\htdocs\don\application\views\admin\categories\add_categories.php 54
ERROR - 07/11/2017 09:25 pm --> Severity: Notice --> Trying to get property of non-object D:\Server\gf7\gf8\htdocs\don\application\views\admin\categories\add_categories.php 54
ERROR - 07/11/2017 09:25 pm --> Severity: Notice --> Undefined variable: rec D:\Server\gf7\gf8\htdocs\don\application\views\admin\categories\add_categories.php 54
ERROR - 07/11/2017 09:25 pm --> Severity: Notice --> Trying to get property of non-object D:\Server\gf7\gf8\htdocs\don\application\views\admin\categories\add_categories.php 54
ERROR - 07/11/2017 09:25 pm --> Severity: Notice --> Undefined variable: rec D:\Server\gf7\gf8\htdocs\don\application\views\admin\categories\add_categories.php 54
ERROR - 07/11/2017 09:25 pm --> Severity: Notice --> Trying to get property of non-object D:\Server\gf7\gf8\htdocs\don\application\views\admin\categories\add_categories.php 54
ERROR - 07/11/2017 09:25 pm --> Severity: Notice --> Undefined variable: rec D:\Server\gf7\gf8\htdocs\don\application\views\admin\categories\add_categories.php 54
ERROR - 07/11/2017 09:25 pm --> Severity: Notice --> Trying to get property of non-object D:\Server\gf7\gf8\htdocs\don\application\views\admin\categories\add_categories.php 54
ERROR - 07/11/2017 09:25 pm --> Severity: Notice --> Undefined variable: rec D:\Server\gf7\gf8\htdocs\don\application\views\admin\categories\add_categories.php 54
ERROR - 07/11/2017 09:25 pm --> Severity: Notice --> Trying to get property of non-object D:\Server\gf7\gf8\htdocs\don\application\views\admin\categories\add_categories.php 54
ERROR - 07/11/2017 09:25 pm --> Severity: Notice --> Undefined variable: id D:\Server\gf7\gf8\htdocs\don\application\views\admin\categories\add_categories.php 127
ERROR - 07/11/2017 09:25 pm --> Severity: Notice --> Undefined variable: id D:\Server\gf7\gf8\htdocs\don\application\views\admin\categories\add_categories.php 134
ERROR - 07/11/2017 09:25 pm --> Severity: Notice --> Undefined variable: id D:\Server\gf7\gf8\htdocs\don\application\views\admin\categories\add_categories.php 141
ERROR - 07/11/2017 05:55 pm --> 404 Page Not Found: Images/photos
ERROR - 07/11/2017 05:55 pm --> 404 Page Not Found: Assets/js
ERROR - 07/11/2017 05:55 pm --> 404 Page Not Found: Assets/js
ERROR - 07/11/2017 05:55 pm --> 404 Page Not Found: Images/photos
