ERROR - 02/14/2017 11:26 am --> Severity: Notice --> Undefined offset: 2 /home2/carolhhp/public_html/democarol.com/homeservices/application/controllers/front/Service.php 120
ERROR - 02/14/2017 11:26 am --> Severity: Notice --> Trying to get property of non-object /home2/carolhhp/public_html/democarol.com/homeservices/application/controllers/front/Service.php 120
ERROR - 02/14/2017 11:26 am --> Severity: Notice --> Undefined offset: 2 /home2/carolhhp/public_html/democarol.com/homeservices/application/controllers/front/Service.php 120
ERROR - 02/14/2017 11:26 am --> Severity: Notice --> Trying to get property of non-object /home2/carolhhp/public_html/democarol.com/homeservices/application/controllers/front/Service.php 120
ERROR - 02/14/2017 12:58 am --> 404 Page Not Found: front/Service/check_price
ERROR - 02/14/2017 12:58 am --> 404 Page Not Found: Assets/js
ERROR - 02/14/2017 12:58 am --> 404 Page Not Found: Assets/js
ERROR - 02/14/2017 12:58 am --> 404 Page Not Found: Assets/js
ERROR - 02/14/2017 12:58 am --> 404 Page Not Found: Assets/js
ERROR - 02/14/2017 12:58 am --> 404 Page Not Found: Assets/js
ERROR - 02/14/2017 12:58 am --> 404 Page Not Found: Images/photos
ERROR - 02/14/2017 12:58 am --> 404 Page Not Found: Assets/fonts
ERROR - 02/14/2017 12:58 am --> 404 Page Not Found: Assets/js
ERROR - 02/14/2017 12:58 am --> 404 Page Not Found: Assets/js
ERROR - 02/14/2017 12:58 am --> 404 Page Not Found: Assets/js
ERROR - 02/14/2017 12:59 am --> 404 Page Not Found: Assets/img
ERROR - 02/14/2017 12:59 am --> 404 Page Not Found: Assets/fonts
ERROR - 02/14/2017 12:59 am --> 404 Page Not Found: Assets/img
ERROR - 02/14/2017 12:59 am --> 404 Page Not Found: Assets/img
ERROR - 02/14/2017 12:59 am --> 404 Page Not Found: Assets/fonts
ERROR - 02/14/2017 12:59 am --> 404 Page Not Found: Assets/img
ERROR - 02/14/2017 01:01 am --> 404 Page Not Found: Assets/img
ERROR - 02/14/2017 01:01 am --> 404 Page Not Found: Assets/js
ERROR - 02/14/2017 01:01 am --> 404 Page Not Found: Images/photos
ERROR - 02/14/2017 01:01 am --> 404 Page Not Found: Assets/js
ERROR - 02/14/2017 01:01 am --> 404 Page Not Found: Assets/js
ERROR - 02/14/2017 01:01 am --> 404 Page Not Found: Assets/js
ERROR - 02/14/2017 01:01 am --> 404 Page Not Found: Assets/js
ERROR - 02/14/2017 01:01 am --> 404 Page Not Found: Images/photos
ERROR - 02/14/2017 01:01 am --> 404 Page Not Found: Images/loading_spinner.gif
ERROR - 02/14/2017 01:01 am --> 404 Page Not Found: Assets/js
ERROR - 02/14/2017 01:01 am --> 404 Page Not Found: Assets/js
ERROR - 02/14/2017 01:01 am --> 404 Page Not Found: Assets/js
ERROR - 02/14/2017 01:01 am --> 404 Page Not Found: Assets/js
ERROR - 02/14/2017 01:01 am --> 404 Page Not Found: Images/photos
ERROR - 02/14/2017 01:01 am --> 404 Page Not Found: Images/loading_spinner.gif
ERROR - 02/14/2017 01:01 am --> 404 Page Not Found: Assets/js
ERROR - 02/14/2017 01:01 am --> 404 Page Not Found: Assets/js
ERROR - 02/14/2017 01:01 am --> 404 Page Not Found: Images/photos
ERROR - 02/14/2017 01:01 am --> 404 Page Not Found: Js/advanced-datatable
ERROR - 02/14/2017 01:01 am --> 404 Page Not Found: Js/advanced-datatable
ERROR - 02/14/2017 01:01 am --> 404 Page Not Found: Js/jquery.dataTables.min.js
ERROR - 02/14/2017 01:01 am --> 404 Page Not Found: Js/dynamic_table_init.js
ERROR - 02/14/2017 01:01 am --> 404 Page Not Found: Js/advanced-datatable
ERROR - 02/14/2017 01:01 am --> 404 Page Not Found: Js/dynamic_table_init.js
ERROR - 02/14/2017 01:01 am --> 404 Page Not Found: Js/jquery.dataTables.min.js
ERROR - 02/14/2017 01:01 am --> 404 Page Not Found: Assets/js
ERROR - 02/14/2017 01:01 am --> 404 Page Not Found: Assets/js
ERROR - 02/14/2017 01:01 am --> 404 Page Not Found: Assets/js
ERROR - 02/14/2017 01:01 am --> 404 Page Not Found: Assets/js
ERROR - 02/14/2017 01:01 am --> 404 Page Not Found: Images/photos
ERROR - 02/14/2017 01:01 am --> 404 Page Not Found: Assets/js
ERROR - 02/14/2017 01:01 am --> 404 Page Not Found: Assets/js
ERROR - 02/14/2017 01:01 am --> 404 Page Not Found: Assets/js
ERROR - 02/14/2017 01:01 am --> 404 Page Not Found: Assets/js
ERROR - 02/14/2017 01:01 am --> 404 Page Not Found: Assets/js
ERROR - 02/14/2017 01:01 am --> 404 Page Not Found: Images/photos
ERROR - 02/14/2017 01:01 am --> 404 Page Not Found: Assets/js
ERROR - 02/14/2017 01:01 am --> 404 Page Not Found: Assets/js
ERROR - 02/14/2017 01:01 am --> 404 Page Not Found: Assets/js
ERROR - 02/14/2017 01:01 am --> 404 Page Not Found: Assets/js
ERROR - 02/14/2017 01:01 am --> 404 Page Not Found: Assets/js
ERROR - 02/14/2017 01:01 am --> 404 Page Not Found: Images/photos
ERROR - 02/14/2017 01:01 am --> 404 Page Not Found: Assets/js
ERROR - 02/14/2017 01:02 am --> 404 Page Not Found: Assets/js
ERROR - 02/14/2017 01:02 am --> 404 Page Not Found: Images/photos
ERROR - 02/14/2017 01:02 am --> 404 Page Not Found: Images/photos
ERROR - 02/14/2017 01:02 am --> 404 Page Not Found: Assets/js
ERROR - 02/14/2017 01:02 am --> 404 Page Not Found: Assets/js
ERROR - 02/14/2017 01:02 am --> 404 Page Not Found: Assets/js
ERROR - 02/14/2017 01:02 am --> 404 Page Not Found: Assets/js
ERROR - 02/14/2017 01:02 am --> 404 Page Not Found: Images/photos
ERROR - 02/14/2017 01:02 am --> 404 Page Not Found: Assets/js
ERROR - 02/14/2017 01:02 am --> 404 Page Not Found: Assets/js
ERROR - 02/14/2017 01:02 am --> 404 Page Not Found: Images/photos
ERROR - 02/14/2017 01:02 am --> 404 Page Not Found: Assets/js
ERROR - 02/14/2017 01:02 am --> 404 Page Not Found: Images/photos
ERROR - 02/14/2017 01:02 am --> 404 Page Not Found: Assets/js
ERROR - 02/14/2017 01:02 am --> 404 Page Not Found: Assets/js
ERROR - 02/14/2017 01:02 am --> 404 Page Not Found: Assets/js
ERROR - 02/14/2017 01:02 am --> 404 Page Not Found: Assets/js
ERROR - 02/14/2017 01:02 am --> 404 Page Not Found: Images/photos
ERROR - 02/14/2017 01:02 am --> 404 Page Not Found: Assets/js
ERROR - 02/14/2017 01:02 am --> 404 Page Not Found: Assets/js
ERROR - 02/14/2017 01:03 am --> 404 Page Not Found: Vandor/index
ERROR - 02/14/2017 01:03 am --> 404 Page Not Found: Vandor/index
ERROR - 02/14/2017 01:03 am --> 404 Page Not Found: Assets/js
ERROR - 02/14/2017 01:03 am --> 404 Page Not Found: Assets/js
ERROR - 02/14/2017 01:03 am --> 404 Page Not Found: Assets/js
ERROR - 02/14/2017 01:03 am --> 404 Page Not Found: Assets/js
ERROR - 02/14/2017 01:03 am --> 404 Page Not Found: Images/photos
ERROR - 02/14/2017 01:03 am --> 404 Page Not Found: Assets/js
ERROR - 02/14/2017 01:03 am --> 404 Page Not Found: Assets/js
ERROR - 02/14/2017 01:13 am --> 404 Page Not Found: front/Service/check_price
ERROR - 02/14/2017 01:15 am --> 404 Page Not Found: front/Service/check_price
ERROR - 02/14/2017 01:16 am --> Severity: Warning --> Cannot modify header information - headers already sent by (output started at /home2/carolhhp/public_html/democarol.com/homeservices/application/controllers/front/Service.php:152) /home2/carolhhp/public_html/democarol.com/homeservices/system/core/Common.php 573
ERROR - 02/14/2017 01:16 am --> Severity: Parsing Error --> syntax error, unexpected 'public' (T_PUBLIC) /home2/carolhhp/public_html/democarol.com/homeservices/application/controllers/front/Service.php 152
ERROR - 02/14/2017 12:47 pm --> Query error: Duplicate entry 'd4ae115f5758bf3c5ef972537c38ed82ed8ea0e4' for key 'PRIMARY' - Invalid query: INSERT INTO `ai_sessions` (`id`, `ip_address`, `timestamp`, `data`) VALUES ('d4ae115f5758bf3c5ef972537c38ed82ed8ea0e4', '162.243.69.215', 1487056645, '__ci_last_regenerate|i:1487056645;')
ERROR - 02/14/2017 12:59 pm --> Query error: Duplicate entry 'd4ae115f5758bf3c5ef972537c38ed82ed8ea0e4' for key 'PRIMARY' - Invalid query: INSERT INTO `ai_sessions` (`id`, `ip_address`, `timestamp`, `data`) VALUES ('d4ae115f5758bf3c5ef972537c38ed82ed8ea0e4', '159.203.196.79', 1487057398, '__ci_last_regenerate|i:1487057398;')
ERROR - 02/14/2017 12:59 pm --> Severity: Warning --> Cannot modify header information - headers already sent by (output started at /home2/carolhhp/public_html/democarol.com/homeservices/application/controllers/front/Service.php:131) /home2/carolhhp/public_html/democarol.com/homeservices/system/core/Common.php 573
ERROR - 02/14/2017 01:39 am --> Severity: Warning --> Cannot modify header information - headers already sent by (output started at /home2/carolhhp/public_html/democarol.com/homeservices/application/controllers/front/Service.php:157) /home2/carolhhp/public_html/democarol.com/homeservices/system/core/Common.php 573
ERROR - 02/14/2017 01:39 am --> Severity: Parsing Error --> syntax error, unexpected 'public' (T_PUBLIC) /home2/carolhhp/public_html/democarol.com/homeservices/application/controllers/front/Service.php 157
ERROR - 02/14/2017 01:49 am --> Severity: Warning --> Cannot modify header information - headers already sent by (output started at /home2/carolhhp/public_html/democarol.com/homeservices/application/controllers/front/Service.php:114) /home2/carolhhp/public_html/democarol.com/homeservices/system/core/Common.php 573
ERROR - 02/14/2017 01:49 am --> Severity: Parsing Error --> syntax error, unexpected end of file /home2/carolhhp/public_html/democarol.com/homeservices/application/controllers/front/Service.php 114
ERROR - 02/14/2017 01:49 am --> Severity: Warning --> Cannot modify header information - headers already sent by (output started at /home2/carolhhp/public_html/democarol.com/homeservices/application/controllers/front/Service.php:157) /home2/carolhhp/public_html/democarol.com/homeservices/system/core/Common.php 573
ERROR - 02/14/2017 01:49 am --> Severity: Parsing Error --> syntax error, unexpected 'public' (T_PUBLIC) /home2/carolhhp/public_html/democarol.com/homeservices/application/controllers/front/Service.php 157
ERROR - 02/14/2017 01:52 am --> 404 Page Not Found: front/Service/check_price
ERROR - 02/14/2017 01:54 am --> Severity: Warning --> Cannot modify header information - headers already sent by (output started at /home2/carolhhp/public_html/democarol.com/homeservices/application/controllers/front/Service.php:32) /home2/carolhhp/public_html/democarol.com/homeservices/system/core/Common.php 573
ERROR - 02/14/2017 01:54 am --> Severity: Parsing Error --> syntax error, unexpected end of file /home2/carolhhp/public_html/democarol.com/homeservices/application/controllers/front/Service.php 32
ERROR - 02/14/2017 01:59 am --> Severity: Warning --> Cannot modify header information - headers already sent by (output started at /home2/carolhhp/public_html/democarol.com/homeservices/application/controllers/front/Service.php:156) /home2/carolhhp/public_html/democarol.com/homeservices/system/core/Common.php 573
ERROR - 02/14/2017 01:59 am --> Severity: Parsing Error --> syntax error, unexpected 'public' (T_PUBLIC) /home2/carolhhp/public_html/democarol.com/homeservices/application/controllers/front/Service.php 156
ERROR - 02/14/2017 01:59 am --> Severity: Warning --> Cannot modify header information - headers already sent by (output started at /home2/carolhhp/public_html/democarol.com/homeservices/application/controllers/front/Service.php:156) /home2/carolhhp/public_html/democarol.com/homeservices/system/core/Common.php 573
ERROR - 02/14/2017 01:59 am --> Severity: Parsing Error --> syntax error, unexpected 'public' (T_PUBLIC) /home2/carolhhp/public_html/democarol.com/homeservices/application/controllers/front/Service.php 156
ERROR - 02/14/2017 02:58 am --> 404 Page Not Found: front/Service/check_price
ERROR - 02/14/2017 03:14 am --> Severity: Warning --> Cannot modify header information - headers already sent by (output started at /home2/carolhhp/public_html/democarol.com/homeservices/application/controllers/front/Service.php:159) /home2/carolhhp/public_html/democarol.com/homeservices/system/core/Common.php 573
ERROR - 02/14/2017 03:14 am --> Severity: Parsing Error --> syntax error, unexpected 'public' (T_PUBLIC) /home2/carolhhp/public_html/democarol.com/homeservices/application/controllers/front/Service.php 159
ERROR - 02/14/2017 03:16 am --> 404 Page Not Found: front/Service/check_price
ERROR - 02/14/2017 03:18 am --> Severity: Warning --> Cannot modify header information - headers already sent by (output started at /home2/carolhhp/public_html/democarol.com/homeservices/application/controllers/front/Service.php:114) /home2/carolhhp/public_html/democarol.com/homeservices/system/core/Common.php 573
ERROR - 02/14/2017 03:18 am --> Severity: Parsing Error --> syntax error, unexpected end of file /home2/carolhhp/public_html/democarol.com/homeservices/application/controllers/front/Service.php 114
ERROR - 02/14/2017 03:10 pm --> Query error: Duplicate entry '689848eade9f258c291db13e96c3f952b52cf0d4' for key 'PRIMARY' - Invalid query: INSERT INTO `ai_sessions` (`id`, `ip_address`, `timestamp`, `data`) VALUES ('689848eade9f258c291db13e96c3f952b52cf0d4', '159.203.81.93', 1487065208, '__ci_last_regenerate|i:1487065208;')
ERROR - 02/14/2017 03:10 pm --> Severity: Warning --> Cannot modify header information - headers already sent by (output started at /home2/carolhhp/public_html/democarol.com/homeservices/application/controllers/front/Service.php:134) /home2/carolhhp/public_html/democarol.com/homeservices/system/core/Common.php 573
ERROR - 02/14/2017 03:41 am --> Severity: Warning --> Cannot modify header information - headers already sent by (output started at /home2/carolhhp/public_html/democarol.com/homeservices/application/controllers/front/Service.php:114) /home2/carolhhp/public_html/democarol.com/homeservices/system/core/Common.php 573
ERROR - 02/14/2017 03:41 am --> Severity: Parsing Error --> syntax error, unexpected end of file /home2/carolhhp/public_html/democarol.com/homeservices/application/controllers/front/Service.php 114
ERROR - 02/14/2017 04:37 am --> 404 Page Not Found: M_minus_GetPrice/-
ERROR - 02/14/2017 04:37 am --> 404 Page Not Found: M_minus_GetPrice/-
ERROR - 02/14/2017 04:13 pm --> Severity: Warning --> include(header.php): failed to open stream: No such file or directory /home2/carolhhp/public_html/democarol.com/homeservices/application/views/front/vendors/get_vendors.php 1
ERROR - 02/14/2017 04:13 pm --> Severity: Warning --> include(header.php): failed to open stream: No such file or directory /home2/carolhhp/public_html/democarol.com/homeservices/application/views/front/vendors/get_vendors.php 1
ERROR - 02/14/2017 04:13 pm --> Severity: Warning --> include(): Failed opening 'header.php' for inclusion (include_path='.:/opt/php56/lib/php') /home2/carolhhp/public_html/democarol.com/homeservices/application/views/front/vendors/get_vendors.php 1
ERROR - 02/14/2017 04:13 pm --> Severity: Warning --> include(footer.php): failed to open stream: No such file or directory /home2/carolhhp/public_html/democarol.com/homeservices/application/views/front/vendors/get_vendors.php 314
ERROR - 02/14/2017 04:13 pm --> Severity: Warning --> include(footer.php): failed to open stream: No such file or directory /home2/carolhhp/public_html/democarol.com/homeservices/application/views/front/vendors/get_vendors.php 314
ERROR - 02/14/2017 04:13 pm --> Severity: Warning --> include(): Failed opening 'footer.php' for inclusion (include_path='.:/opt/php56/lib/php') /home2/carolhhp/public_html/democarol.com/homeservices/application/views/front/vendors/get_vendors.php 314
ERROR - 02/14/2017 04:13 pm --> Severity: Parsing Error --> syntax error, unexpected end of file /home2/carolhhp/public_html/democarol.com/homeservices/application/views/front/services/get_price.php 116
ERROR - 02/14/2017 05:19 am --> 404 Page Not Found: Assets/front
ERROR - 02/14/2017 05:19 am --> 404 Page Not Found: Assets/front
ERROR - 02/14/2017 05:23 am --> 404 Page Not Found: Assets/front
ERROR - 02/14/2017 05:23 am --> 404 Page Not Found: Assets/front
ERROR - 02/14/2017 05:24 am --> 404 Page Not Found: Assets/front
ERROR - 02/14/2017 05:24 am --> 404 Page Not Found: Assets/front
ERROR - 02/14/2017 05:33 am --> 404 Page Not Found: Assets/front
ERROR - 02/14/2017 05:33 am --> 404 Page Not Found: Assets/front
ERROR - 02/14/2017 05:35 am --> 404 Page Not Found: Assets/front
ERROR - 02/14/2017 05:35 am --> 404 Page Not Found: Assets/front
ERROR - 02/14/2017 05:55 am --> 404 Page Not Found: Assets/front
ERROR - 02/14/2017 05:55 am --> 404 Page Not Found: Assets/front
ERROR - 02/14/2017 06:03 am --> 404 Page Not Found: Assets/front
ERROR - 02/14/2017 06:03 am --> 404 Page Not Found: Assets/front
ERROR - 02/14/2017 06:06 am --> 404 Page Not Found: Assets/front
ERROR - 02/14/2017 06:06 am --> 404 Page Not Found: Assets/front
ERROR - 02/14/2017 06:07 am --> 404 Page Not Found: Assets/front
ERROR - 02/14/2017 06:07 am --> 404 Page Not Found: Assets/front
ERROR - 02/14/2017 06:08 am --> 404 Page Not Found: Assets/front
ERROR - 02/14/2017 06:09 am --> 404 Page Not Found: Assets/front
ERROR - 02/14/2017 06:10 am --> 404 Page Not Found: Assets/front
ERROR - 02/14/2017 06:10 am --> 404 Page Not Found: Assets/front
ERROR - 02/14/2017 06:19 am --> 404 Page Not Found: Assets/front
ERROR - 02/14/2017 06:19 am --> 404 Page Not Found: Assets/front
ERROR - 02/14/2017 06:19 am --> 404 Page Not Found: GetPrice/2
ERROR - 02/14/2017 06:19 am --> 404 Page Not Found: GetPrice/2
ERROR - 02/14/2017 06:37 am --> 404 Page Not Found: L_GetPrice/-
ERROR - 02/14/2017 06:37 am --> 404 Page Not Found: L_GetPrice/-
ERROR - 02/14/2017 06:58 am --> 404 Page Not Found: Minus_GetPrice/2
ERROR - 02/14/2017 06:58 am --> 404 Page Not Found: Minus_GetPrice/2
ERROR - 02/14/2017 07:18 am --> 404 Page Not Found: Assets/js
ERROR - 02/14/2017 07:18 am --> 404 Page Not Found: Assets/js
ERROR - 02/14/2017 07:18 am --> 404 Page Not Found: Assets/js
ERROR - 02/14/2017 07:18 am --> 404 Page Not Found: Assets/js
ERROR - 02/14/2017 07:18 am --> 404 Page Not Found: Images/photos
ERROR - 02/14/2017 07:18 am --> 404 Page Not Found: Assets/js
ERROR - 02/14/2017 07:18 am --> 404 Page Not Found: Images/photos
ERROR - 02/14/2017 07:18 am --> 404 Page Not Found: Assets/js
ERROR - 02/14/2017 07:18 am --> 404 Page Not Found: Assets/js
ERROR - 02/14/2017 07:18 am --> 404 Page Not Found: Assets/js
ERROR - 02/14/2017 08:01 am --> 404 Page Not Found: L_minus_GetPrice/-
ERROR - 02/14/2017 08:01 am --> 404 Page Not Found: L_minus_GetPrice/-
ERROR - 02/14/2017 11:25 pm --> 404 Page Not Found: Assets/front
ERROR - 02/14/2017 11:25 pm --> 404 Page Not Found: Assets/front
ERROR - 02/14/2017 11:30 pm --> 404 Page Not Found: Assets/front
ERROR - 02/14/2017 11:33 pm --> 404 Page Not Found: Assets/front
