ERROR - 06/09/2017 09:02 am --> Severity: Notice --> Undefined variable: child_catname /home2/carolhhp/public_html/democarol.com/homeservices/application/views/front/home.php 89
ERROR - 06/09/2017 09:02 am --> Severity: Notice --> Trying to get property of non-object /home2/carolhhp/public_html/democarol.com/homeservices/application/views/front/home.php 89
ERROR - 06/09/2017 09:02 am --> Severity: Notice --> Undefined variable: child_catname /home2/carolhhp/public_html/democarol.com/homeservices/application/views/front/home.php 90
ERROR - 06/09/2017 09:02 am --> Severity: Notice --> Trying to get property of non-object /home2/carolhhp/public_html/democarol.com/homeservices/application/views/front/home.php 90
ERROR - 06/09/2017 09:02 am --> Severity: Notice --> Undefined variable: child_catname /home2/carolhhp/public_html/democarol.com/homeservices/application/views/front/home.php 91
ERROR - 06/09/2017 09:02 am --> Severity: Notice --> Trying to get property of non-object /home2/carolhhp/public_html/democarol.com/homeservices/application/views/front/home.php 91
ERROR - 06/09/2017 09:02 am --> Severity: Notice --> Undefined variable: child_catname /home2/carolhhp/public_html/democarol.com/homeservices/application/views/front/home.php 92
ERROR - 06/09/2017 09:02 am --> Severity: Notice --> Trying to get property of non-object /home2/carolhhp/public_html/democarol.com/homeservices/application/views/front/home.php 92
ERROR - 06/09/2017 09:02 am --> Severity: Notice --> Undefined variable: child_catname /home2/carolhhp/public_html/democarol.com/homeservices/application/views/front/home.php 93
ERROR - 06/09/2017 09:02 am --> Severity: Notice --> Trying to get property of non-object /home2/carolhhp/public_html/democarol.com/homeservices/application/views/front/home.php 93
ERROR - 06/09/2017 09:02 am --> Severity: Notice --> Use of undefined constant php - assumed 'php' /home2/carolhhp/public_html/democarol.com/homeservices/application/views/front/home.php 100
ERROR - 06/09/2017 11:02 am --> Severity: Notice --> Undefined variable: child_catname /home2/carolhhp/public_html/democarol.com/homeservices/application/views/front/home.php 89
ERROR - 06/09/2017 11:02 am --> Severity: Notice --> Trying to get property of non-object /home2/carolhhp/public_html/democarol.com/homeservices/application/views/front/home.php 89
ERROR - 06/09/2017 11:02 am --> Severity: Notice --> Undefined variable: child_catname /home2/carolhhp/public_html/democarol.com/homeservices/application/views/front/home.php 90
ERROR - 06/09/2017 11:02 am --> Severity: Notice --> Trying to get property of non-object /home2/carolhhp/public_html/democarol.com/homeservices/application/views/front/home.php 90
ERROR - 06/09/2017 11:02 am --> Severity: Notice --> Undefined variable: child_catname /home2/carolhhp/public_html/democarol.com/homeservices/application/views/front/home.php 91
ERROR - 06/09/2017 11:02 am --> Severity: Notice --> Trying to get property of non-object /home2/carolhhp/public_html/democarol.com/homeservices/application/views/front/home.php 91
ERROR - 06/09/2017 11:02 am --> Severity: Notice --> Undefined variable: child_catname /home2/carolhhp/public_html/democarol.com/homeservices/application/views/front/home.php 92
ERROR - 06/09/2017 11:02 am --> Severity: Notice --> Trying to get property of non-object /home2/carolhhp/public_html/democarol.com/homeservices/application/views/front/home.php 92
ERROR - 06/09/2017 11:02 am --> Severity: Notice --> Undefined variable: child_catname /home2/carolhhp/public_html/democarol.com/homeservices/application/views/front/home.php 93
ERROR - 06/09/2017 11:02 am --> Severity: Notice --> Trying to get property of non-object /home2/carolhhp/public_html/democarol.com/homeservices/application/views/front/home.php 93
ERROR - 06/09/2017 11:02 am --> Severity: Notice --> Use of undefined constant php - assumed 'php' /home2/carolhhp/public_html/democarol.com/homeservices/application/views/front/home.php 100
ERROR - 06/09/2017 11:02 am --> Severity: Notice --> Undefined variable: child_catname /home2/carolhhp/public_html/democarol.com/homeservices/application/views/front/home.php 89
ERROR - 06/09/2017 11:02 am --> Severity: Notice --> Trying to get property of non-object /home2/carolhhp/public_html/democarol.com/homeservices/application/views/front/home.php 89
ERROR - 06/09/2017 11:02 am --> Severity: Notice --> Undefined variable: child_catname /home2/carolhhp/public_html/democarol.com/homeservices/application/views/front/home.php 90
ERROR - 06/09/2017 11:02 am --> Severity: Notice --> Trying to get property of non-object /home2/carolhhp/public_html/democarol.com/homeservices/application/views/front/home.php 90
ERROR - 06/09/2017 11:02 am --> Severity: Notice --> Undefined variable: child_catname /home2/carolhhp/public_html/democarol.com/homeservices/application/views/front/home.php 91
ERROR - 06/09/2017 11:02 am --> Severity: Notice --> Trying to get property of non-object /home2/carolhhp/public_html/democarol.com/homeservices/application/views/front/home.php 91
ERROR - 06/09/2017 11:02 am --> Severity: Notice --> Undefined variable: child_catname /home2/carolhhp/public_html/democarol.com/homeservices/application/views/front/home.php 92
ERROR - 06/09/2017 11:02 am --> Severity: Notice --> Trying to get property of non-object /home2/carolhhp/public_html/democarol.com/homeservices/application/views/front/home.php 92
ERROR - 06/09/2017 11:02 am --> Severity: Notice --> Undefined variable: child_catname /home2/carolhhp/public_html/democarol.com/homeservices/application/views/front/home.php 93
ERROR - 06/09/2017 11:02 am --> Severity: Notice --> Trying to get property of non-object /home2/carolhhp/public_html/democarol.com/homeservices/application/views/front/home.php 93
ERROR - 06/09/2017 11:02 am --> Severity: Notice --> Use of undefined constant php - assumed 'php' /home2/carolhhp/public_html/democarol.com/homeservices/application/views/front/home.php 100
ERROR - 06/09/2017 04:06 pm --> Severity: Notice --> Undefined variable: child_catname /home2/carolhhp/public_html/democarol.com/homeservices/application/views/front/home.php 89
ERROR - 06/09/2017 04:06 pm --> Severity: Notice --> Trying to get property of non-object /home2/carolhhp/public_html/democarol.com/homeservices/application/views/front/home.php 89
ERROR - 06/09/2017 04:06 pm --> Severity: Notice --> Undefined variable: child_catname /home2/carolhhp/public_html/democarol.com/homeservices/application/views/front/home.php 90
ERROR - 06/09/2017 04:06 pm --> Severity: Notice --> Trying to get property of non-object /home2/carolhhp/public_html/democarol.com/homeservices/application/views/front/home.php 90
ERROR - 06/09/2017 04:06 pm --> Severity: Notice --> Undefined variable: child_catname /home2/carolhhp/public_html/democarol.com/homeservices/application/views/front/home.php 91
ERROR - 06/09/2017 04:06 pm --> Severity: Notice --> Trying to get property of non-object /home2/carolhhp/public_html/democarol.com/homeservices/application/views/front/home.php 91
ERROR - 06/09/2017 04:06 pm --> Severity: Notice --> Undefined variable: child_catname /home2/carolhhp/public_html/democarol.com/homeservices/application/views/front/home.php 92
ERROR - 06/09/2017 04:06 pm --> Severity: Notice --> Trying to get property of non-object /home2/carolhhp/public_html/democarol.com/homeservices/application/views/front/home.php 92
ERROR - 06/09/2017 04:06 pm --> Severity: Notice --> Undefined variable: child_catname /home2/carolhhp/public_html/democarol.com/homeservices/application/views/front/home.php 93
ERROR - 06/09/2017 04:06 pm --> Severity: Notice --> Trying to get property of non-object /home2/carolhhp/public_html/democarol.com/homeservices/application/views/front/home.php 93
ERROR - 06/09/2017 04:06 pm --> Severity: Notice --> Use of undefined constant php - assumed 'php' /home2/carolhhp/public_html/democarol.com/homeservices/application/views/front/home.php 100
