ERROR - 06/05/2017 09:18 pm --> Severity: Notice --> Undefined variable: child_catname /home2/carolhhp/public_html/democarol.com/homeservices/application/views/front/home.php 89
ERROR - 06/05/2017 09:18 pm --> Severity: Notice --> Trying to get property of non-object /home2/carolhhp/public_html/democarol.com/homeservices/application/views/front/home.php 89
ERROR - 06/05/2017 09:18 pm --> Severity: Notice --> Undefined variable: child_catname /home2/carolhhp/public_html/democarol.com/homeservices/application/views/front/home.php 90
ERROR - 06/05/2017 09:18 pm --> Severity: Notice --> Trying to get property of non-object /home2/carolhhp/public_html/democarol.com/homeservices/application/views/front/home.php 90
ERROR - 06/05/2017 09:18 pm --> Severity: Notice --> Undefined variable: child_catname /home2/carolhhp/public_html/democarol.com/homeservices/application/views/front/home.php 91
ERROR - 06/05/2017 09:18 pm --> Severity: Notice --> Trying to get property of non-object /home2/carolhhp/public_html/democarol.com/homeservices/application/views/front/home.php 91
ERROR - 06/05/2017 09:18 pm --> Severity: Notice --> Undefined variable: child_catname /home2/carolhhp/public_html/democarol.com/homeservices/application/views/front/home.php 92
ERROR - 06/05/2017 09:18 pm --> Severity: Notice --> Trying to get property of non-object /home2/carolhhp/public_html/democarol.com/homeservices/application/views/front/home.php 92
ERROR - 06/05/2017 09:18 pm --> Severity: Notice --> Undefined variable: child_catname /home2/carolhhp/public_html/democarol.com/homeservices/application/views/front/home.php 93
ERROR - 06/05/2017 09:18 pm --> Severity: Notice --> Trying to get property of non-object /home2/carolhhp/public_html/democarol.com/homeservices/application/views/front/home.php 93
ERROR - 06/05/2017 09:18 pm --> Severity: Notice --> Use of undefined constant php - assumed 'php' /home2/carolhhp/public_html/democarol.com/homeservices/application/views/front/home.php 100
ERROR - 06/05/2017 06:19 pm --> 404 Page Not Found: Assets/front
ERROR - 06/05/2017 06:19 pm --> 404 Page Not Found: front/Service/badroom_plan
ERROR - 06/05/2017 06:19 pm --> 404 Page Not Found: front/Service/badroom_plan
ERROR - 06/05/2017 06:19 pm --> 404 Page Not Found: front/Service/badroom_plan
ERROR - 06/05/2017 06:19 pm --> 404 Page Not Found: front/Service/badroom_plan
ERROR - 06/05/2017 06:19 pm --> 404 Page Not Found: front/Service/badroom_plan
ERROR - 06/05/2017 06:19 pm --> 404 Page Not Found: front/Service/badroom_plan
ERROR - 06/05/2017 06:19 pm --> 404 Page Not Found: front/Service/badroom_plan
ERROR - 06/05/2017 06:19 pm --> 404 Page Not Found: Assets/front
ERROR - 06/05/2017 06:19 pm --> 404 Page Not Found: Assets/front
ERROR - 06/05/2017 06:19 pm --> 404 Page Not Found: Assets/front
ERROR - 06/05/2017 06:19 pm --> 404 Page Not Found: Assets/front
ERROR - 06/05/2017 06:19 pm --> 404 Page Not Found: Assets/front
