ERROR - 08/24/2017 04:05 am --> Query error: Duplicate entry '2dd63d9c52c6bb52e46a1ab05bee8479e74a3255' for key 'PRIMARY' - Invalid query: INSERT INTO `ai_sessions` (`id`, `ip_address`, `timestamp`, `data`) VALUES ('2dd63d9c52c6bb52e46a1ab05bee8479e74a3255', '180.76.15.34', 1503527725, '__ci_last_regenerate|i:1503527725;fb_1798431413741569_state|s:32:\"b8b9ad9f0f0ffe47ded69c66a2fe8548\";')
ERROR - 08/24/2017 04:05 am --> Severity: Warning --> Cannot modify header information - headers already sent by (output started at /home2/carolhhp/public_html/democarol.com/homeservices/system/core/Output.php:528) /home2/carolhhp/public_html/democarol.com/homeservices/system/core/Common.php 573
ERROR - 08/24/2017 07:19 am --> Severity: Notice --> Undefined variable: child_catname /home2/carolhhp/public_html/democarol.com/homeservices/application/views/front/home.php 97
ERROR - 08/24/2017 07:19 am --> Severity: Notice --> Trying to get property of non-object /home2/carolhhp/public_html/democarol.com/homeservices/application/views/front/home.php 97
ERROR - 08/24/2017 07:19 am --> Severity: Notice --> Undefined variable: child_catname /home2/carolhhp/public_html/democarol.com/homeservices/application/views/front/home.php 98
ERROR - 08/24/2017 07:19 am --> Severity: Notice --> Trying to get property of non-object /home2/carolhhp/public_html/democarol.com/homeservices/application/views/front/home.php 98
ERROR - 08/24/2017 07:19 am --> Severity: Notice --> Undefined variable: child_catname /home2/carolhhp/public_html/democarol.com/homeservices/application/views/front/home.php 99
ERROR - 08/24/2017 07:19 am --> Severity: Notice --> Trying to get property of non-object /home2/carolhhp/public_html/democarol.com/homeservices/application/views/front/home.php 99
ERROR - 08/24/2017 07:19 am --> Severity: Notice --> Undefined variable: child_catname /home2/carolhhp/public_html/democarol.com/homeservices/application/views/front/home.php 100
ERROR - 08/24/2017 07:19 am --> Severity: Notice --> Trying to get property of non-object /home2/carolhhp/public_html/democarol.com/homeservices/application/views/front/home.php 100
ERROR - 08/24/2017 07:19 am --> Severity: Notice --> Undefined variable: child_catname /home2/carolhhp/public_html/democarol.com/homeservices/application/views/front/home.php 101
ERROR - 08/24/2017 07:19 am --> Severity: Notice --> Trying to get property of non-object /home2/carolhhp/public_html/democarol.com/homeservices/application/views/front/home.php 101
ERROR - 08/24/2017 07:19 am --> Severity: Notice --> Use of undefined constant php - assumed 'php' /home2/carolhhp/public_html/democarol.com/homeservices/application/views/front/home.php 108
ERROR - 08/24/2017 11:01 am --> Severity: Notice --> Undefined variable: child_catname /home2/carolhhp/public_html/democarol.com/homeservices/application/views/front/home.php 97
ERROR - 08/24/2017 11:01 am --> Severity: Notice --> Trying to get property of non-object /home2/carolhhp/public_html/democarol.com/homeservices/application/views/front/home.php 97
ERROR - 08/24/2017 11:01 am --> Severity: Notice --> Undefined variable: child_catname /home2/carolhhp/public_html/democarol.com/homeservices/application/views/front/home.php 98
ERROR - 08/24/2017 11:01 am --> Severity: Notice --> Trying to get property of non-object /home2/carolhhp/public_html/democarol.com/homeservices/application/views/front/home.php 98
ERROR - 08/24/2017 11:01 am --> Severity: Notice --> Undefined variable: child_catname /home2/carolhhp/public_html/democarol.com/homeservices/application/views/front/home.php 99
ERROR - 08/24/2017 11:01 am --> Severity: Notice --> Trying to get property of non-object /home2/carolhhp/public_html/democarol.com/homeservices/application/views/front/home.php 99
ERROR - 08/24/2017 11:01 am --> Severity: Notice --> Undefined variable: child_catname /home2/carolhhp/public_html/democarol.com/homeservices/application/views/front/home.php 100
ERROR - 08/24/2017 11:01 am --> Severity: Notice --> Trying to get property of non-object /home2/carolhhp/public_html/democarol.com/homeservices/application/views/front/home.php 100
ERROR - 08/24/2017 11:01 am --> Severity: Notice --> Undefined variable: child_catname /home2/carolhhp/public_html/democarol.com/homeservices/application/views/front/home.php 101
ERROR - 08/24/2017 11:01 am --> Severity: Notice --> Trying to get property of non-object /home2/carolhhp/public_html/democarol.com/homeservices/application/views/front/home.php 101
ERROR - 08/24/2017 11:01 am --> Severity: Notice --> Use of undefined constant php - assumed 'php' /home2/carolhhp/public_html/democarol.com/homeservices/application/views/front/home.php 108
ERROR - 08/24/2017 12:32 am --> 404 Page Not Found: Assets/front
ERROR - 08/24/2017 12:32 am --> 404 Page Not Found: Assets/front
ERROR - 08/24/2017 12:32 am --> 404 Page Not Found: Assets/front
ERROR - 08/24/2017 12:32 am --> 404 Page Not Found: Assets/front
ERROR - 08/24/2017 12:32 am --> 404 Page Not Found: Assets/front
ERROR - 08/24/2017 12:32 am --> 404 Page Not Found: Assets/front
ERROR - 08/24/2017 12:33 am --> 404 Page Not Found: Assets/front
ERROR - 08/24/2017 12:33 am --> 404 Page Not Found: Assets/front
ERROR - 08/24/2017 11:05 am --> Severity: Notice --> Undefined variable: child_catname /home2/carolhhp/public_html/democarol.com/homeservices/application/views/front/home.php 97
ERROR - 08/24/2017 11:05 am --> Severity: Notice --> Trying to get property of non-object /home2/carolhhp/public_html/democarol.com/homeservices/application/views/front/home.php 97
ERROR - 08/24/2017 11:05 am --> Severity: Notice --> Undefined variable: child_catname /home2/carolhhp/public_html/democarol.com/homeservices/application/views/front/home.php 98
ERROR - 08/24/2017 11:05 am --> Severity: Notice --> Trying to get property of non-object /home2/carolhhp/public_html/democarol.com/homeservices/application/views/front/home.php 98
ERROR - 08/24/2017 11:05 am --> Severity: Notice --> Undefined variable: child_catname /home2/carolhhp/public_html/democarol.com/homeservices/application/views/front/home.php 99
ERROR - 08/24/2017 11:05 am --> Severity: Notice --> Trying to get property of non-object /home2/carolhhp/public_html/democarol.com/homeservices/application/views/front/home.php 99
ERROR - 08/24/2017 11:05 am --> Severity: Notice --> Undefined variable: child_catname /home2/carolhhp/public_html/democarol.com/homeservices/application/views/front/home.php 100
ERROR - 08/24/2017 11:05 am --> Severity: Notice --> Trying to get property of non-object /home2/carolhhp/public_html/democarol.com/homeservices/application/views/front/home.php 100
ERROR - 08/24/2017 11:05 am --> Severity: Notice --> Undefined variable: child_catname /home2/carolhhp/public_html/democarol.com/homeservices/application/views/front/home.php 101
ERROR - 08/24/2017 11:05 am --> Severity: Notice --> Trying to get property of non-object /home2/carolhhp/public_html/democarol.com/homeservices/application/views/front/home.php 101
ERROR - 08/24/2017 11:05 am --> Severity: Notice --> Use of undefined constant php - assumed 'php' /home2/carolhhp/public_html/democarol.com/homeservices/application/views/front/home.php 108
ERROR - 08/24/2017 12:50 am --> 404 Page Not Found: Assets/front
ERROR - 08/24/2017 12:50 am --> 404 Page Not Found: front/Service/badroom_plan
ERROR - 08/24/2017 12:50 am --> 404 Page Not Found: front/Service/badroom_plan
ERROR - 08/24/2017 12:50 am --> 404 Page Not Found: front/Service/badroom_plan
ERROR - 08/24/2017 12:50 am --> 404 Page Not Found: Assets/front
ERROR - 08/24/2017 12:50 am --> 404 Page Not Found: Assets/front
ERROR - 08/24/2017 12:50 am --> 404 Page Not Found: Assets/front
ERROR - 08/24/2017 12:50 am --> 404 Page Not Found: Assets/front
ERROR - 08/24/2017 12:50 am --> 404 Page Not Found: Assets/front
ERROR - 08/24/2017 11:43 am --> Severity: Notice --> Undefined variable: child_catname /home2/carolhhp/public_html/democarol.com/homeservices/application/views/front/home.php 97
ERROR - 08/24/2017 11:43 am --> Severity: Notice --> Trying to get property of non-object /home2/carolhhp/public_html/democarol.com/homeservices/application/views/front/home.php 97
ERROR - 08/24/2017 11:43 am --> Severity: Notice --> Undefined variable: child_catname /home2/carolhhp/public_html/democarol.com/homeservices/application/views/front/home.php 98
ERROR - 08/24/2017 11:43 am --> Severity: Notice --> Trying to get property of non-object /home2/carolhhp/public_html/democarol.com/homeservices/application/views/front/home.php 98
ERROR - 08/24/2017 11:43 am --> Severity: Notice --> Undefined variable: child_catname /home2/carolhhp/public_html/democarol.com/homeservices/application/views/front/home.php 99
ERROR - 08/24/2017 11:43 am --> Severity: Notice --> Trying to get property of non-object /home2/carolhhp/public_html/democarol.com/homeservices/application/views/front/home.php 99
ERROR - 08/24/2017 11:43 am --> Severity: Notice --> Undefined variable: child_catname /home2/carolhhp/public_html/democarol.com/homeservices/application/views/front/home.php 100
ERROR - 08/24/2017 11:43 am --> Severity: Notice --> Trying to get property of non-object /home2/carolhhp/public_html/democarol.com/homeservices/application/views/front/home.php 100
ERROR - 08/24/2017 11:43 am --> Severity: Notice --> Undefined variable: child_catname /home2/carolhhp/public_html/democarol.com/homeservices/application/views/front/home.php 101
ERROR - 08/24/2017 11:43 am --> Severity: Notice --> Trying to get property of non-object /home2/carolhhp/public_html/democarol.com/homeservices/application/views/front/home.php 101
ERROR - 08/24/2017 11:43 am --> Severity: Notice --> Use of undefined constant php - assumed 'php' /home2/carolhhp/public_html/democarol.com/homeservices/application/views/front/home.php 108
ERROR - 08/24/2017 11:48 am --> Severity: Notice --> Undefined variable: child_catname /home2/carolhhp/public_html/democarol.com/homeservices/application/views/front/home.php 97
ERROR - 08/24/2017 11:48 am --> Severity: Notice --> Trying to get property of non-object /home2/carolhhp/public_html/democarol.com/homeservices/application/views/front/home.php 97
ERROR - 08/24/2017 11:48 am --> Severity: Notice --> Undefined variable: child_catname /home2/carolhhp/public_html/democarol.com/homeservices/application/views/front/home.php 98
ERROR - 08/24/2017 11:48 am --> Severity: Notice --> Trying to get property of non-object /home2/carolhhp/public_html/democarol.com/homeservices/application/views/front/home.php 98
ERROR - 08/24/2017 11:48 am --> Severity: Notice --> Undefined variable: child_catname /home2/carolhhp/public_html/democarol.com/homeservices/application/views/front/home.php 99
ERROR - 08/24/2017 11:48 am --> Severity: Notice --> Trying to get property of non-object /home2/carolhhp/public_html/democarol.com/homeservices/application/views/front/home.php 99
ERROR - 08/24/2017 11:48 am --> Severity: Notice --> Undefined variable: child_catname /home2/carolhhp/public_html/democarol.com/homeservices/application/views/front/home.php 100
ERROR - 08/24/2017 11:48 am --> Severity: Notice --> Trying to get property of non-object /home2/carolhhp/public_html/democarol.com/homeservices/application/views/front/home.php 100
ERROR - 08/24/2017 11:48 am --> Severity: Notice --> Undefined variable: child_catname /home2/carolhhp/public_html/democarol.com/homeservices/application/views/front/home.php 101
ERROR - 08/24/2017 11:48 am --> Severity: Notice --> Trying to get property of non-object /home2/carolhhp/public_html/democarol.com/homeservices/application/views/front/home.php 101
ERROR - 08/24/2017 11:48 am --> Severity: Notice --> Use of undefined constant php - assumed 'php' /home2/carolhhp/public_html/democarol.com/homeservices/application/views/front/home.php 108
ERROR - 08/24/2017 01:18 am --> 404 Page Not Found: Assets/front
ERROR - 08/24/2017 01:18 am --> 404 Page Not Found: front/Service/badroom_plan
ERROR - 08/24/2017 01:18 am --> 404 Page Not Found: front/Service/badroom_plan
ERROR - 08/24/2017 01:18 am --> 404 Page Not Found: Assets/front
ERROR - 08/24/2017 01:18 am --> 404 Page Not Found: Assets/front
ERROR - 08/24/2017 01:18 am --> 404 Page Not Found: Assets/front
ERROR - 08/24/2017 01:18 am --> 404 Page Not Found: Assets/front
ERROR - 08/24/2017 01:18 am --> 404 Page Not Found: Assets/front
ERROR - 08/24/2017 01:18 am --> 404 Page Not Found: Assets/front
ERROR - 08/24/2017 12:07 pm --> Severity: Notice --> Undefined variable: child_catname /home2/carolhhp/public_html/democarol.com/homeservices/application/views/front/home.php 97
ERROR - 08/24/2017 12:07 pm --> Severity: Notice --> Trying to get property of non-object /home2/carolhhp/public_html/democarol.com/homeservices/application/views/front/home.php 97
ERROR - 08/24/2017 12:07 pm --> Severity: Notice --> Undefined variable: child_catname /home2/carolhhp/public_html/democarol.com/homeservices/application/views/front/home.php 98
ERROR - 08/24/2017 12:07 pm --> Severity: Notice --> Trying to get property of non-object /home2/carolhhp/public_html/democarol.com/homeservices/application/views/front/home.php 98
ERROR - 08/24/2017 12:07 pm --> Severity: Notice --> Undefined variable: child_catname /home2/carolhhp/public_html/democarol.com/homeservices/application/views/front/home.php 99
ERROR - 08/24/2017 12:07 pm --> Severity: Notice --> Trying to get property of non-object /home2/carolhhp/public_html/democarol.com/homeservices/application/views/front/home.php 99
ERROR - 08/24/2017 12:07 pm --> Severity: Notice --> Undefined variable: child_catname /home2/carolhhp/public_html/democarol.com/homeservices/application/views/front/home.php 100
ERROR - 08/24/2017 12:07 pm --> Severity: Notice --> Trying to get property of non-object /home2/carolhhp/public_html/democarol.com/homeservices/application/views/front/home.php 100
ERROR - 08/24/2017 12:07 pm --> Severity: Notice --> Undefined variable: child_catname /home2/carolhhp/public_html/democarol.com/homeservices/application/views/front/home.php 101
ERROR - 08/24/2017 12:07 pm --> Severity: Notice --> Trying to get property of non-object /home2/carolhhp/public_html/democarol.com/homeservices/application/views/front/home.php 101
ERROR - 08/24/2017 12:07 pm --> Severity: Notice --> Use of undefined constant php - assumed 'php' /home2/carolhhp/public_html/democarol.com/homeservices/application/views/front/home.php 108
ERROR - 08/24/2017 01:38 am --> 404 Page Not Found: front/Service/badroom_plan
ERROR - 08/24/2017 01:38 am --> 404 Page Not Found: front/Service/badroom_plan
ERROR - 08/24/2017 12:09 pm --> Severity: Notice --> Undefined variable: child_catname /home2/carolhhp/public_html/democarol.com/homeservices/application/views/front/home.php 97
ERROR - 08/24/2017 12:09 pm --> Severity: Notice --> Trying to get property of non-object /home2/carolhhp/public_html/democarol.com/homeservices/application/views/front/home.php 97
ERROR - 08/24/2017 12:09 pm --> Severity: Notice --> Undefined variable: child_catname /home2/carolhhp/public_html/democarol.com/homeservices/application/views/front/home.php 98
ERROR - 08/24/2017 12:09 pm --> Severity: Notice --> Trying to get property of non-object /home2/carolhhp/public_html/democarol.com/homeservices/application/views/front/home.php 98
ERROR - 08/24/2017 12:09 pm --> Severity: Notice --> Undefined variable: child_catname /home2/carolhhp/public_html/democarol.com/homeservices/application/views/front/home.php 99
ERROR - 08/24/2017 12:09 pm --> Severity: Notice --> Trying to get property of non-object /home2/carolhhp/public_html/democarol.com/homeservices/application/views/front/home.php 99
ERROR - 08/24/2017 12:09 pm --> Severity: Notice --> Undefined variable: child_catname /home2/carolhhp/public_html/democarol.com/homeservices/application/views/front/home.php 100
ERROR - 08/24/2017 12:09 pm --> Severity: Notice --> Trying to get property of non-object /home2/carolhhp/public_html/democarol.com/homeservices/application/views/front/home.php 100
ERROR - 08/24/2017 12:09 pm --> Severity: Notice --> Undefined variable: child_catname /home2/carolhhp/public_html/democarol.com/homeservices/application/views/front/home.php 101
ERROR - 08/24/2017 12:09 pm --> Severity: Notice --> Trying to get property of non-object /home2/carolhhp/public_html/democarol.com/homeservices/application/views/front/home.php 101
ERROR - 08/24/2017 12:09 pm --> Severity: Notice --> Use of undefined constant php - assumed 'php' /home2/carolhhp/public_html/democarol.com/homeservices/application/views/front/home.php 108
ERROR - 08/24/2017 01:44 am --> 404 Page Not Found: Assets/js
ERROR - 08/24/2017 01:44 am --> 404 Page Not Found: Images/photos
ERROR - 08/24/2017 01:45 am --> 404 Page Not Found: ChangePassword/index
ERROR - 08/24/2017 01:49 am --> 404 Page Not Found: Assets/js
ERROR - 08/24/2017 01:49 am --> 404 Page Not Found: Images/photos
ERROR - 08/24/2017 01:49 am --> 404 Page Not Found: Images/admin
ERROR - 08/24/2017 01:52 am --> 404 Page Not Found: Assets/js
ERROR - 08/24/2017 01:52 am --> 404 Page Not Found: Images/photos
ERROR - 08/24/2017 01:52 am --> 404 Page Not Found: Images/admin
ERROR - 08/24/2017 01:53 am --> 404 Page Not Found: Assets/js
ERROR - 08/24/2017 01:53 am --> 404 Page Not Found: Images/photos
ERROR - 08/24/2017 01:53 am --> 404 Page Not Found: Images/admin
ERROR - 08/24/2017 01:53 am --> 404 Page Not Found: ChangePassword/index
ERROR - 08/24/2017 02:01 am --> 404 Page Not Found: Assets/js
ERROR - 08/24/2017 02:01 am --> 404 Page Not Found: Images/photos
ERROR - 08/24/2017 02:01 am --> 404 Page Not Found: Images/admin
ERROR - 08/24/2017 02:01 am --> 404 Page Not Found: ChangePassword/index
ERROR - 08/24/2017 02:02 am --> 404 Page Not Found: Assets/js
ERROR - 08/24/2017 02:02 am --> 404 Page Not Found: Assets/css
ERROR - 08/24/2017 02:04 am --> 404 Page Not Found: Assets/js
ERROR - 08/24/2017 02:04 am --> 404 Page Not Found: Assets/css
ERROR - 08/24/2017 02:04 am --> 404 Page Not Found: Images/photos
ERROR - 08/24/2017 02:04 am --> 404 Page Not Found: Images/admin
ERROR - 08/24/2017 02:04 am --> 404 Page Not Found: ChangePassword/index
ERROR - 08/24/2017 02:05 am --> 404 Page Not Found: Assets/js
ERROR - 08/24/2017 02:05 am --> 404 Page Not Found: Assets/css
ERROR - 08/24/2017 02:05 am --> 404 Page Not Found: Images/photos
ERROR - 08/24/2017 02:05 am --> 404 Page Not Found: Images/admin
ERROR - 08/24/2017 02:05 am --> 404 Page Not Found: ChangePassword/index
ERROR - 08/24/2017 02:05 am --> 404 Page Not Found: ChangePassword/index
ERROR - 08/24/2017 02:05 am --> 404 Page Not Found: Assets/js
ERROR - 08/24/2017 02:05 am --> 404 Page Not Found: Assets/css
ERROR - 08/24/2017 02:05 am --> 404 Page Not Found: Images/photos
ERROR - 08/24/2017 02:05 am --> 404 Page Not Found: Images/admin
ERROR - 08/24/2017 02:05 am --> 404 Page Not Found: Assets/js
ERROR - 08/24/2017 02:05 am --> 404 Page Not Found: Assets/css
ERROR - 08/24/2017 02:05 am --> 404 Page Not Found: Images/photos
ERROR - 08/24/2017 02:05 am --> 404 Page Not Found: Images/admin
ERROR - 08/24/2017 02:06 am --> 404 Page Not Found: ChangePassword/index
ERROR - 08/24/2017 02:08 am --> 404 Page Not Found: Assets/js
ERROR - 08/24/2017 02:08 am --> 404 Page Not Found: Assets/css
ERROR - 08/24/2017 02:08 am --> 404 Page Not Found: Images/photos
ERROR - 08/24/2017 02:08 am --> 404 Page Not Found: Images/admin
ERROR - 08/24/2017 02:08 am --> 404 Page Not Found: ChangePassword/index
ERROR - 08/24/2017 12:38 pm --> Severity: Notice --> Undefined variable: records /home2/carolhhp/public_html/democarol.com/homeservices/application/views/admin/changepassword.php 111
ERROR - 08/24/2017 12:38 pm --> Severity: Notice --> Undefined variable: records /home2/carolhhp/public_html/democarol.com/homeservices/application/views/admin/changepassword.php 121
ERROR - 08/24/2017 12:38 pm --> Severity: Notice --> Undefined variable: records /home2/carolhhp/public_html/democarol.com/homeservices/application/views/admin/changepassword.php 131
ERROR - 08/24/2017 12:38 pm --> Severity: Notice --> Undefined variable: records /home2/carolhhp/public_html/democarol.com/homeservices/application/views/admin/changepassword.php 141
ERROR - 08/24/2017 12:38 pm --> Severity: Notice --> Undefined variable: records /home2/carolhhp/public_html/democarol.com/homeservices/application/views/admin/changepassword.php 151
ERROR - 08/24/2017 12:38 pm --> Severity: Notice --> Undefined variable: records /home2/carolhhp/public_html/democarol.com/homeservices/application/views/admin/changepassword.php 237
ERROR - 08/24/2017 12:38 pm --> Severity: Notice --> Undefined variable: records /home2/carolhhp/public_html/democarol.com/homeservices/application/views/admin/changepassword.php 237
ERROR - 08/24/2017 02:08 am --> 404 Page Not Found: Images/admin
ERROR - 08/24/2017 02:11 am --> 404 Page Not Found: Assets/js
ERROR - 08/24/2017 02:11 am --> 404 Page Not Found: Assets/css
ERROR - 08/24/2017 02:11 am --> 404 Page Not Found: Images/photos
ERROR - 08/24/2017 02:11 am --> 404 Page Not Found: Images/admin
ERROR - 08/24/2017 12:41 pm --> The upload path does not appear to be valid.
ERROR - 08/24/2017 12:41 pm --> Severity: Notice --> Undefined variable: records /home2/carolhhp/public_html/democarol.com/homeservices/application/views/admin/profile.php 56
ERROR - 08/24/2017 12:41 pm --> Severity: Notice --> Undefined variable: records /home2/carolhhp/public_html/democarol.com/homeservices/application/views/admin/profile.php 61
ERROR - 08/24/2017 12:41 pm --> Severity: Notice --> Undefined variable: records /home2/carolhhp/public_html/democarol.com/homeservices/application/views/admin/profile.php 66
ERROR - 08/24/2017 12:41 pm --> Severity: Notice --> Undefined variable: records /home2/carolhhp/public_html/democarol.com/homeservices/application/views/admin/profile.php 71
ERROR - 08/24/2017 12:41 pm --> Severity: Notice --> Undefined variable: records /home2/carolhhp/public_html/democarol.com/homeservices/application/views/admin/profile.php 76
ERROR - 08/24/2017 12:41 pm --> Severity: Notice --> Undefined variable: records /home2/carolhhp/public_html/democarol.com/homeservices/application/views/admin/profile.php 119
ERROR - 08/24/2017 12:41 pm --> Severity: Notice --> Undefined variable: records /home2/carolhhp/public_html/democarol.com/homeservices/application/views/admin/profile.php 119
ERROR - 08/24/2017 02:11 am --> 404 Page Not Found: Assets/js
ERROR - 08/24/2017 02:11 am --> 404 Page Not Found: Assets/css
ERROR - 08/24/2017 02:11 am --> 404 Page Not Found: Images/photos
ERROR - 08/24/2017 02:11 am --> 404 Page Not Found: Assets/js
ERROR - 08/24/2017 02:11 am --> 404 Page Not Found: Assets/css
ERROR - 08/24/2017 02:11 am --> 404 Page Not Found: Images/photos
ERROR - 08/24/2017 02:11 am --> 404 Page Not Found: Images/admin
ERROR - 08/24/2017 02:13 am --> 404 Page Not Found: ChangePassword/index
ERROR - 08/24/2017 02:14 am --> 404 Page Not Found: Assets/js
ERROR - 08/24/2017 02:14 am --> 404 Page Not Found: Assets/css
ERROR - 08/24/2017 02:14 am --> 404 Page Not Found: Images/photos
ERROR - 08/24/2017 02:15 am --> 404 Page Not Found: Assets/js
ERROR - 08/24/2017 02:15 am --> 404 Page Not Found: Images/photos
ERROR - 08/24/2017 02:16 am --> 404 Page Not Found: ChangePassword/index
ERROR - 08/24/2017 02:16 am --> 404 Page Not Found: Assets/js
ERROR - 08/24/2017 02:16 am --> 404 Page Not Found: Images/photos
ERROR - 08/24/2017 02:16 am --> 404 Page Not Found: Images/photos
ERROR - 08/24/2017 02:16 am --> 404 Page Not Found: Assets/js
ERROR - 08/24/2017 02:16 am --> 404 Page Not Found: Assets/js
ERROR - 08/24/2017 02:16 am --> 404 Page Not Found: Images/photos
ERROR - 08/24/2017 02:16 am --> 404 Page Not Found: Assets/js
ERROR - 08/24/2017 02:16 am --> 404 Page Not Found: Images/photos
ERROR - 08/24/2017 02:17 am --> 404 Page Not Found: Assets/js
ERROR - 08/24/2017 02:17 am --> 404 Page Not Found: Images/photos
ERROR - 08/24/2017 02:17 am --> 404 Page Not Found: Assets/js
ERROR - 08/24/2017 02:17 am --> 404 Page Not Found: Images/photos
ERROR - 08/24/2017 02:17 am --> 404 Page Not Found: Assets/js
ERROR - 08/24/2017 02:17 am --> 404 Page Not Found: Images/photos
ERROR - 08/24/2017 02:17 am --> 404 Page Not Found: Assets/js
ERROR - 08/24/2017 02:17 am --> 404 Page Not Found: Images/photos
ERROR - 08/24/2017 12:51 pm --> Severity: Warning --> Cannot modify header information - headers already sent by (output started at /home2/carolhhp/public_html/democarol.com/homeservices/application/controllers/Admin.php:26) /home2/carolhhp/public_html/democarol.com/homeservices/system/helpers/url_helper.php 564
ERROR - 08/24/2017 02:29 am --> 404 Page Not Found: Assets/js
ERROR - 08/24/2017 02:29 am --> 404 Page Not Found: Images/photos
ERROR - 08/24/2017 02:29 am --> 404 Page Not Found: Assets/js
ERROR - 08/24/2017 02:29 am --> 404 Page Not Found: Images/photos
ERROR - 08/24/2017 02:30 am --> 404 Page Not Found: Assets/js
ERROR - 08/24/2017 02:30 am --> 404 Page Not Found: Images/photos
ERROR - 08/24/2017 02:30 am --> 404 Page Not Found: Assets/js
ERROR - 08/24/2017 02:30 am --> 404 Page Not Found: Images/photos
ERROR - 08/24/2017 02:31 am --> 404 Page Not Found: Assets/js
ERROR - 08/24/2017 02:31 am --> 404 Page Not Found: Images/photos
ERROR - 08/24/2017 02:31 am --> 404 Page Not Found: Assets/js
ERROR - 08/24/2017 02:31 am --> 404 Page Not Found: Images/photos
ERROR - 08/24/2017 02:31 am --> 404 Page Not Found: Assets/js
ERROR - 08/24/2017 02:31 am --> 404 Page Not Found: Images/photos
ERROR - 08/24/2017 02:31 am --> 404 Page Not Found: Assets/js
ERROR - 08/24/2017 02:31 am --> 404 Page Not Found: Images/photos
ERROR - 08/24/2017 02:31 am --> 404 Page Not Found: Assets/js
ERROR - 08/24/2017 02:31 am --> 404 Page Not Found: Assets/js
ERROR - 08/24/2017 02:31 am --> 404 Page Not Found: Assets/js
ERROR - 08/24/2017 02:31 am --> 404 Page Not Found: Assets/js
ERROR - 08/24/2017 02:31 am --> 404 Page Not Found: Images/photos
ERROR - 08/24/2017 02:31 am --> 404 Page Not Found: Images/loading_spinner.gif
ERROR - 08/24/2017 02:32 am --> 404 Page Not Found: Images/photos
ERROR - 08/24/2017 02:32 am --> 404 Page Not Found: Assets/js
ERROR - 08/24/2017 02:37 am --> 404 Page Not Found: Assets/js
ERROR - 08/24/2017 02:37 am --> 404 Page Not Found: Images/photos
ERROR - 08/24/2017 01:45 pm --> Query error: Duplicate entry '56e780fddb9c0251409599f1a0a5a6628780e1bb' for key 'PRIMARY' - Invalid query: INSERT INTO `ai_sessions` (`id`, `ip_address`, `timestamp`, `data`) VALUES ('56e780fddb9c0251409599f1a0a5a6628780e1bb', '180.76.15.149', 1503562550, '__ci_last_regenerate|i:1503562550;fb_1798431413741569_state|s:32:\"e52fa9fd3634e8d85bfa2e7513845661\";')
ERROR - 08/24/2017 01:45 pm --> Severity: Warning --> Cannot modify header information - headers already sent by (output started at /home2/carolhhp/public_html/democarol.com/homeservices/system/core/Output.php:528) /home2/carolhhp/public_html/democarol.com/homeservices/system/core/Common.php 573
ERROR - 08/24/2017 02:49 pm --> Severity: Notice --> Undefined variable: child_catname /home2/carolhhp/public_html/democarol.com/homeservices/application/views/front/home.php 97
ERROR - 08/24/2017 02:49 pm --> Severity: Notice --> Trying to get property of non-object /home2/carolhhp/public_html/democarol.com/homeservices/application/views/front/home.php 97
ERROR - 08/24/2017 02:49 pm --> Severity: Notice --> Undefined variable: child_catname /home2/carolhhp/public_html/democarol.com/homeservices/application/views/front/home.php 98
ERROR - 08/24/2017 02:49 pm --> Severity: Notice --> Trying to get property of non-object /home2/carolhhp/public_html/democarol.com/homeservices/application/views/front/home.php 98
ERROR - 08/24/2017 02:49 pm --> Severity: Notice --> Undefined variable: child_catname /home2/carolhhp/public_html/democarol.com/homeservices/application/views/front/home.php 99
ERROR - 08/24/2017 02:49 pm --> Severity: Notice --> Trying to get property of non-object /home2/carolhhp/public_html/democarol.com/homeservices/application/views/front/home.php 99
ERROR - 08/24/2017 02:49 pm --> Severity: Notice --> Undefined variable: child_catname /home2/carolhhp/public_html/democarol.com/homeservices/application/views/front/home.php 100
ERROR - 08/24/2017 02:49 pm --> Severity: Notice --> Trying to get property of non-object /home2/carolhhp/public_html/democarol.com/homeservices/application/views/front/home.php 100
ERROR - 08/24/2017 02:49 pm --> Severity: Notice --> Undefined variable: child_catname /home2/carolhhp/public_html/democarol.com/homeservices/application/views/front/home.php 101
ERROR - 08/24/2017 02:49 pm --> Severity: Notice --> Trying to get property of non-object /home2/carolhhp/public_html/democarol.com/homeservices/application/views/front/home.php 101
ERROR - 08/24/2017 02:49 pm --> Severity: Notice --> Use of undefined constant php - assumed 'php' /home2/carolhhp/public_html/democarol.com/homeservices/application/views/front/home.php 108
