ERROR - 02/19/2018 06:26 am --> 404 Page Not Found: Assets/js
ERROR - 02/19/2018 06:26 am --> 404 Page Not Found: Images/photos
ERROR - 02/19/2018 06:26 am --> 404 Page Not Found: Assets/js
ERROR - 02/19/2018 06:26 am --> 404 Page Not Found: Assets/js
ERROR - 02/19/2018 06:26 am --> 404 Page Not Found: Images/photos
ERROR - 02/19/2018 06:26 am --> 404 Page Not Found: Assets/js
ERROR - 02/19/2018 06:26 am --> 404 Page Not Found: Assets/js
ERROR - 02/19/2018 06:26 am --> 404 Page Not Found: Images/loading_spinner.gif
ERROR - 02/19/2018 06:26 am --> 404 Page Not Found: Assets/js
ERROR - 02/19/2018 06:40 am --> 404 Page Not Found: Assets/js
ERROR - 02/19/2018 06:40 am --> 404 Page Not Found: Assets/js
ERROR - 02/19/2018 06:40 am --> 404 Page Not Found: Assets/js
ERROR - 02/19/2018 07:35 am --> 404 Page Not Found: Assets/js
ERROR - 02/19/2018 07:35 am --> 404 Page Not Found: Assets/js
ERROR - 02/19/2018 07:35 am --> 404 Page Not Found: Images/photos
ERROR - 02/19/2018 07:35 am --> 404 Page Not Found: Assets/js
ERROR - 02/19/2018 07:35 am --> 404 Page Not Found: Assets/js
ERROR - 02/19/2018 07:35 am --> 404 Page Not Found: Assets/js
ERROR - 02/19/2018 07:35 am --> 404 Page Not Found: Images/photos
ERROR - 02/19/2018 07:35 am --> 404 Page Not Found: Assets/js
ERROR - 02/19/2018 07:35 am --> 404 Page Not Found: Js/advanced-datatable
ERROR - 02/19/2018 07:35 am --> 404 Page Not Found: Js/advanced-datatable
ERROR - 02/19/2018 07:35 am --> 404 Page Not Found: Js/advanced-datatable
ERROR - 02/19/2018 07:35 am --> 404 Page Not Found: Images/photos
ERROR - 02/19/2018 07:36 am --> 404 Page Not Found: Js/dynamic_table_init.js
ERROR - 02/19/2018 07:36 am --> 404 Page Not Found: Js/jquery.dataTables.min.js
ERROR - 02/19/2018 07:36 am --> 404 Page Not Found: Assets/js
ERROR - 02/19/2018 07:36 am --> 404 Page Not Found: Images/photos
ERROR - 02/19/2018 07:37 am --> 404 Page Not Found: Assets/js
ERROR - 02/19/2018 07:37 am --> 404 Page Not Found: Images/photos
ERROR - 02/19/2018 07:37 am --> 404 Page Not Found: Assets/js
ERROR - 02/19/2018 07:37 am --> 404 Page Not Found: Assets/js
ERROR - 02/19/2018 07:38 am --> 404 Page Not Found: Assets/js
ERROR - 02/19/2018 07:38 am --> 404 Page Not Found: Js/advanced-datatable
ERROR - 02/19/2018 07:38 am --> 404 Page Not Found: Js/advanced-datatable
ERROR - 02/19/2018 07:38 am --> 404 Page Not Found: Js/advanced-datatable
ERROR - 02/19/2018 07:38 am --> 404 Page Not Found: Js/dynamic_table_init.js
ERROR - 02/19/2018 07:38 am --> 404 Page Not Found: Js/jquery.dataTables.min.js
ERROR - 02/19/2018 07:38 am --> 404 Page Not Found: Images/photos
ERROR - 02/19/2018 07:38 am --> 404 Page Not Found: Assets/js
ERROR - 02/19/2018 07:38 am --> 404 Page Not Found: Images/photos
ERROR - 02/19/2018 07:38 am --> 404 Page Not Found: Assets/js
ERROR - 02/19/2018 07:38 am --> 404 Page Not Found: Images/photos
ERROR - 02/19/2018 07:38 am --> 404 Page Not Found: Js/advanced-datatable
ERROR - 02/19/2018 07:38 am --> 404 Page Not Found: Js/advanced-datatable
ERROR - 02/19/2018 07:38 am --> 404 Page Not Found: Js/dynamic_table_init.js
ERROR - 02/19/2018 07:38 am --> 404 Page Not Found: Js/advanced-datatable
ERROR - 02/19/2018 07:38 am --> 404 Page Not Found: Js/jquery.dataTables.min.js
ERROR - 02/19/2018 07:38 am --> 404 Page Not Found: Images/photos
ERROR - 02/19/2018 07:38 am --> 404 Page Not Found: Assets/js
ERROR - 02/19/2018 07:38 am --> 404 Page Not Found: Images/photos
ERROR - 02/19/2018 07:39 am --> 404 Page Not Found: Assets/js
ERROR - 02/19/2018 07:39 am --> 404 Page Not Found: Images/photos
ERROR - 02/19/2018 07:39 am --> 404 Page Not Found: Js/advanced-datatable
ERROR - 02/19/2018 07:39 am --> 404 Page Not Found: Js/advanced-datatable
ERROR - 02/19/2018 07:39 am --> 404 Page Not Found: Js/advanced-datatable
ERROR - 02/19/2018 07:39 am --> 404 Page Not Found: Js/dynamic_table_init.js
ERROR - 02/19/2018 07:39 am --> 404 Page Not Found: Js/jquery.dataTables.min.js
ERROR - 02/19/2018 07:39 am --> 404 Page Not Found: Assets/js
ERROR - 02/19/2018 07:39 am --> 404 Page Not Found: Images/photos
ERROR - 02/19/2018 07:39 am --> 404 Page Not Found: Assets/js
ERROR - 02/19/2018 07:39 am --> 404 Page Not Found: Images/photos
ERROR - 02/19/2018 07:39 am --> 404 Page Not Found: Js/advanced-datatable
ERROR - 02/19/2018 07:39 am --> 404 Page Not Found: Js/advanced-datatable
ERROR - 02/19/2018 07:39 am --> 404 Page Not Found: Js/advanced-datatable
ERROR - 02/19/2018 07:39 am --> 404 Page Not Found: Js/jquery.dataTables.min.js
ERROR - 02/19/2018 07:39 am --> 404 Page Not Found: Js/dynamic_table_init.js
ERROR - 02/19/2018 07:39 am --> 404 Page Not Found: Assets/js
ERROR - 02/19/2018 07:39 am --> 404 Page Not Found: Images/photos
ERROR - 02/19/2018 07:39 am --> 404 Page Not Found: Assets/js
ERROR - 02/19/2018 07:39 am --> 404 Page Not Found: Js/advanced-datatable
ERROR - 02/19/2018 07:39 am --> 404 Page Not Found: Js/advanced-datatable
ERROR - 02/19/2018 07:39 am --> 404 Page Not Found: Images/photos
ERROR - 02/19/2018 07:39 am --> 404 Page Not Found: Js/advanced-datatable
ERROR - 02/19/2018 07:39 am --> 404 Page Not Found: Js/dynamic_table_init.js
ERROR - 02/19/2018 07:39 am --> 404 Page Not Found: Js/jquery.dataTables.min.js
ERROR - 02/19/2018 07:39 am --> 404 Page Not Found: Assets/js
ERROR - 02/19/2018 07:39 am --> 404 Page Not Found: Images/photos
ERROR - 02/19/2018 07:39 am --> 404 Page Not Found: Assets/js
ERROR - 02/19/2018 07:39 am --> 404 Page Not Found: Images/photos
ERROR - 02/19/2018 07:39 am --> 404 Page Not Found: Js/advanced-datatable
ERROR - 02/19/2018 07:39 am --> 404 Page Not Found: Js/advanced-datatable
ERROR - 02/19/2018 07:39 am --> 404 Page Not Found: Js/advanced-datatable
ERROR - 02/19/2018 07:39 am --> 404 Page Not Found: Js/jquery.dataTables.min.js
ERROR - 02/19/2018 07:39 am --> 404 Page Not Found: Js/dynamic_table_init.js
ERROR - 02/19/2018 07:39 am --> 404 Page Not Found: Js/dynamic_table_init.js
ERROR - 02/19/2018 07:39 am --> 404 Page Not Found: Js/jquery.dataTables.min.js
ERROR - 02/19/2018 07:39 am --> 404 Page Not Found: Assets/js
ERROR - 02/19/2018 07:39 am --> 404 Page Not Found: Images/photos
ERROR - 02/19/2018 07:42 am --> 404 Page Not Found: Assets/front
ERROR - 02/19/2018 07:42 am --> 404 Page Not Found: Assets/front
ERROR - 02/19/2018 07:42 am --> 404 Page Not Found: Assets/front
ERROR - 02/19/2018 07:42 am --> 404 Page Not Found: Assets/front
ERROR - 02/19/2018 07:42 am --> 404 Page Not Found: Assets/front
ERROR - 02/19/2018 07:42 am --> 404 Page Not Found: Assets/front
ERROR - 02/19/2018 07:43 am --> 404 Page Not Found: Assets/front
ERROR - 02/19/2018 07:43 am --> 404 Page Not Found: front/Service/badroom_plan
ERROR - 02/19/2018 07:43 am --> 404 Page Not Found: front/Service/badroom_plan
ERROR - 02/19/2018 07:44 am --> 404 Page Not Found: Assets/front
ERROR - 02/19/2018 07:44 am --> 404 Page Not Found: front/Service/badroom_plan
ERROR - 02/19/2018 07:44 am --> 404 Page Not Found: Assets/front
ERROR - 02/19/2018 07:44 am --> 404 Page Not Found: Assets/front
ERROR - 02/19/2018 07:50 am --> 404 Page Not Found: Assets/front
ERROR - 02/19/2018 07:50 am --> 404 Page Not Found: Assets/front
ERROR - 02/19/2018 07:50 am --> 404 Page Not Found: Assets/front
ERROR - 02/19/2018 07:51 am --> 404 Page Not Found: Assets/front
ERROR - 02/19/2018 07:51 am --> 404 Page Not Found: Assets/front
ERROR - 02/19/2018 07:51 am --> 404 Page Not Found: Assets/front
ERROR - 02/19/2018 07:51 am --> 404 Page Not Found: Assets/front
ERROR - 02/19/2018 07:51 am --> 404 Page Not Found: Assets/front
ERROR - 02/19/2018 07:51 am --> 404 Page Not Found: Assets/front
ERROR - 02/19/2018 07:51 am --> 404 Page Not Found: Assets/front
ERROR - 02/19/2018 07:51 am --> 404 Page Not Found: Assets/front
ERROR - 02/19/2018 07:22 pm --> Severity: Warning --> Division by zero /home2/carolhhp/public_html/democarol.com/homeservices/application/views/front/services/get_check_price.php 14
ERROR - 02/19/2018 07:52 am --> 404 Page Not Found: Assets/js
ERROR - 02/19/2018 07:52 am --> 404 Page Not Found: Assets/js
ERROR - 02/19/2018 07:52 am --> 404 Page Not Found: Images/photos
ERROR - 02/19/2018 07:52 am --> 404 Page Not Found: Assets/js
ERROR - 02/19/2018 07:53 am --> 404 Page Not Found: Assets/js
ERROR - 02/19/2018 07:53 am --> 404 Page Not Found: Images/photos
ERROR - 02/19/2018 07:53 am --> 404 Page Not Found: Assets/js
ERROR - 02/19/2018 07:53 am --> 404 Page Not Found: Assets/js
ERROR - 02/19/2018 07:53 am --> 404 Page Not Found: Assets/js
ERROR - 02/19/2018 07:53 am --> 404 Page Not Found: Images/photos
ERROR - 02/19/2018 07:23 pm --> Severity: Warning --> Division by zero /home2/carolhhp/public_html/democarol.com/homeservices/application/views/front/services/get_check_price.php 14
ERROR - 02/19/2018 07:53 am --> 404 Page Not Found: Assets/front
ERROR - 02/19/2018 07:53 am --> 404 Page Not Found: Assets/front
ERROR - 02/19/2018 07:53 am --> 404 Page Not Found: Assets/front
ERROR - 02/19/2018 07:53 am --> 404 Page Not Found: Assets/front
ERROR - 02/19/2018 07:53 am --> 404 Page Not Found: Assets/front
ERROR - 02/19/2018 07:53 am --> 404 Page Not Found: Assets/front
ERROR - 02/19/2018 07:53 am --> 404 Page Not Found: Assets/front
ERROR - 02/19/2018 07:54 am --> 404 Page Not Found: Assets/js
ERROR - 02/19/2018 07:54 am --> 404 Page Not Found: Images/photos
ERROR - 02/19/2018 07:54 am --> 404 Page Not Found: Assets/js
ERROR - 02/19/2018 07:54 am --> 404 Page Not Found: Assets/js
ERROR - 02/19/2018 07:54 am --> 404 Page Not Found: Assets/js
ERROR - 02/19/2018 07:54 am --> 404 Page Not Found: Assets/js
ERROR - 02/19/2018 07:54 am --> 404 Page Not Found: Images/photos
ERROR - 02/19/2018 07:26 pm --> Severity: Warning --> Division by zero /home2/carolhhp/public_html/democarol.com/homeservices/application/views/front/services/get_check_price.php 14
ERROR - 02/19/2018 07:57 am --> 404 Page Not Found: Assets/js
ERROR - 02/19/2018 07:57 am --> 404 Page Not Found: Images/photos
ERROR - 02/19/2018 07:57 am --> 404 Page Not Found: Js/advanced-datatable
ERROR - 02/19/2018 07:57 am --> 404 Page Not Found: Js/advanced-datatable
ERROR - 02/19/2018 07:57 am --> 404 Page Not Found: Js/advanced-datatable
ERROR - 02/19/2018 07:57 am --> 404 Page Not Found: Js/dynamic_table_init.js
ERROR - 02/19/2018 07:57 am --> 404 Page Not Found: Js/jquery.dataTables.min.js
ERROR - 02/19/2018 07:57 am --> 404 Page Not Found: Assets/js
ERROR - 02/19/2018 07:57 am --> 404 Page Not Found: Images/photos
ERROR - 02/19/2018 07:58 am --> 404 Page Not Found: Assets/js
ERROR - 02/19/2018 07:58 am --> 404 Page Not Found: Assets/js
ERROR - 02/19/2018 07:58 am --> 404 Page Not Found: Assets/js
ERROR - 02/19/2018 07:58 am --> 404 Page Not Found: Images/photos
ERROR - 02/19/2018 07:58 am --> 404 Page Not Found: Assets/js
ERROR - 02/19/2018 07:58 am --> 404 Page Not Found: Assets/js
ERROR - 02/19/2018 07:58 am --> 404 Page Not Found: Images/photos
ERROR - 02/19/2018 07:58 am --> 404 Page Not Found: Assets/js
ERROR - 02/19/2018 07:58 am --> 404 Page Not Found: Assets/front
ERROR - 02/19/2018 07:58 am --> 404 Page Not Found: Assets/front
ERROR - 02/19/2018 07:58 am --> 404 Page Not Found: front/Service/badroom_plan
ERROR - 02/19/2018 07:58 am --> 404 Page Not Found: front/Service/badroom_plan
ERROR - 02/19/2018 07:58 am --> 404 Page Not Found: front/Service/badroom_plan
ERROR - 02/19/2018 07:58 am --> 404 Page Not Found: Assets/front
ERROR - 02/19/2018 07:58 am --> 404 Page Not Found: Assets/front
ERROR - 02/19/2018 07:58 am --> 404 Page Not Found: Assets/front
ERROR - 02/19/2018 07:58 am --> 404 Page Not Found: Assets/front
ERROR - 02/19/2018 07:58 am --> 404 Page Not Found: Assets/front
ERROR - 02/19/2018 07:58 am --> 404 Page Not Found: front/Service/badroom_plan
ERROR - 02/19/2018 08:03 am --> 404 Page Not Found: Assets/front
ERROR - 02/19/2018 08:03 am --> 404 Page Not Found: Assets/front
ERROR - 02/19/2018 08:03 am --> 404 Page Not Found: Assets/front
ERROR - 02/19/2018 08:03 am --> 404 Page Not Found: Assets/front
ERROR - 02/19/2018 08:03 am --> 404 Page Not Found: Assets/front
ERROR - 02/19/2018 08:03 am --> 404 Page Not Found: Assets/front
ERROR - 02/19/2018 08:03 am --> 404 Page Not Found: Assets/front
ERROR - 02/19/2018 08:03 am --> 404 Page Not Found: Assets/front
ERROR - 02/19/2018 08:03 am --> 404 Page Not Found: Assets/front
ERROR - 02/19/2018 08:03 am --> 404 Page Not Found: Assets/front
ERROR - 02/19/2018 08:04 am --> 404 Page Not Found: Assets/front
ERROR - 02/19/2018 08:04 am --> 404 Page Not Found: Assets/front
ERROR - 02/19/2018 08:04 am --> 404 Page Not Found: Assets/front
ERROR - 02/19/2018 08:04 am --> 404 Page Not Found: Assets/front
ERROR - 02/19/2018 08:08 am --> 404 Page Not Found: Assets/front
ERROR - 02/19/2018 08:09 am --> 404 Page Not Found: Assets/front
ERROR - 02/19/2018 08:09 am --> 404 Page Not Found: Assets/front
ERROR - 02/19/2018 07:39 pm --> Severity: Warning --> Division by zero /home2/carolhhp/public_html/democarol.com/homeservices/application/views/front/services/get_check_price.php 46
ERROR - 02/19/2018 08:09 am --> 404 Page Not Found: Assets/front
ERROR - 02/19/2018 08:09 am --> 404 Page Not Found: Assets/front
ERROR - 02/19/2018 08:11 am --> 404 Page Not Found: Assets/front
ERROR - 02/19/2018 08:11 am --> 404 Page Not Found: Assets/front
ERROR - 02/19/2018 08:11 am --> 404 Page Not Found: Assets/front
ERROR - 02/19/2018 08:11 am --> 404 Page Not Found: Assets/front
ERROR - 02/19/2018 08:11 am --> 404 Page Not Found: Assets/front
ERROR - 02/19/2018 08:11 am --> 404 Page Not Found: Assets/front
ERROR - 02/19/2018 08:11 am --> 404 Page Not Found: Assets/front
ERROR - 02/19/2018 08:12 am --> 404 Page Not Found: Assets/front
ERROR - 02/19/2018 08:12 am --> 404 Page Not Found: Assets/front
ERROR - 02/19/2018 07:42 pm --> Severity: Warning --> Division by zero /home2/carolhhp/public_html/democarol.com/homeservices/application/views/front/services/get_check_price.php 46
ERROR - 02/19/2018 08:15 am --> 404 Page Not Found: Assets/front
ERROR - 02/19/2018 08:15 am --> 404 Page Not Found: Assets/front
ERROR - 02/19/2018 08:15 am --> 404 Page Not Found: Assets/front
ERROR - 02/19/2018 07:46 pm --> Severity: Warning --> Division by zero /home2/carolhhp/public_html/democarol.com/homeservices/application/views/front/services/get_check_price.php 47
ERROR - 02/19/2018 08:16 am --> 404 Page Not Found: Assets/front
ERROR - 02/19/2018 08:16 am --> 404 Page Not Found: Assets/front
ERROR - 02/19/2018 08:16 am --> 404 Page Not Found: Assets/front
ERROR - 02/19/2018 08:16 am --> 404 Page Not Found: Assets/front
ERROR - 02/19/2018 07:46 pm --> Severity: Warning --> Division by zero /home2/carolhhp/public_html/democarol.com/homeservices/application/views/front/services/get_check_price.php 47
ERROR - 02/19/2018 07:48 pm --> Severity: Warning --> Division by zero /home2/carolhhp/public_html/democarol.com/homeservices/application/views/front/services/get_check_price.php 47
ERROR - 02/19/2018 08:18 am --> 404 Page Not Found: Assets/front
ERROR - 02/19/2018 08:18 am --> 404 Page Not Found: Assets/front
ERROR - 02/19/2018 08:18 am --> 404 Page Not Found: Assets/front
ERROR - 02/19/2018 08:18 am --> 404 Page Not Found: Assets/front
ERROR - 02/19/2018 08:18 am --> 404 Page Not Found: Assets/front
ERROR - 02/19/2018 08:18 am --> 404 Page Not Found: Assets/front
ERROR - 02/19/2018 08:18 am --> 404 Page Not Found: Assets/front
ERROR - 02/19/2018 08:18 am --> 404 Page Not Found: Assets/front
ERROR - 02/19/2018 08:18 am --> 404 Page Not Found: Assets/front
ERROR - 02/19/2018 08:18 am --> 404 Page Not Found: Assets/front
ERROR - 02/19/2018 07:48 pm --> Severity: Warning --> Division by zero /home2/carolhhp/public_html/democarol.com/homeservices/application/views/front/services/get_check_price.php 47
ERROR - 02/19/2018 08:18 am --> 404 Page Not Found: Assets/front
ERROR - 02/19/2018 08:18 am --> 404 Page Not Found: Assets/front
ERROR - 02/19/2018 11:02 pm --> Severity: Notice --> Undefined variable: child_catname /home2/carolhhp/public_html/democarol.com/homeserdem/application/views/front/home.php 89
ERROR - 02/19/2018 11:02 pm --> Severity: Notice --> Trying to get property of non-object /home2/carolhhp/public_html/democarol.com/homeserdem/application/views/front/home.php 89
ERROR - 02/19/2018 11:02 pm --> Severity: Notice --> Undefined variable: child_catname /home2/carolhhp/public_html/democarol.com/homeserdem/application/views/front/home.php 90
ERROR - 02/19/2018 11:02 pm --> Severity: Notice --> Trying to get property of non-object /home2/carolhhp/public_html/democarol.com/homeserdem/application/views/front/home.php 90
ERROR - 02/19/2018 11:02 pm --> Severity: Notice --> Undefined variable: child_catname /home2/carolhhp/public_html/democarol.com/homeserdem/application/views/front/home.php 91
ERROR - 02/19/2018 11:02 pm --> Severity: Notice --> Trying to get property of non-object /home2/carolhhp/public_html/democarol.com/homeserdem/application/views/front/home.php 91
ERROR - 02/19/2018 11:02 pm --> Severity: Notice --> Undefined variable: child_catname /home2/carolhhp/public_html/democarol.com/homeserdem/application/views/front/home.php 92
ERROR - 02/19/2018 11:02 pm --> Severity: Notice --> Trying to get property of non-object /home2/carolhhp/public_html/democarol.com/homeserdem/application/views/front/home.php 92
ERROR - 02/19/2018 11:02 pm --> Severity: Notice --> Undefined variable: child_catname /home2/carolhhp/public_html/democarol.com/homeserdem/application/views/front/home.php 93
ERROR - 02/19/2018 11:02 pm --> Severity: Notice --> Trying to get property of non-object /home2/carolhhp/public_html/democarol.com/homeserdem/application/views/front/home.php 93
ERROR - 02/19/2018 11:02 pm --> Severity: Notice --> Use of undefined constant php - assumed 'php' /home2/carolhhp/public_html/democarol.com/homeserdem/application/views/front/home.php 100
