ERROR - 02/17/2017 11:05 am --> Severity: Notice --> Trying to get property of non-object /home2/carolhhp/public_html/democarol.com/homeservices/application/views/front/services/single_service.php 3
ERROR - 02/17/2017 11:05 am --> Severity: Notice --> Trying to get property of non-object /home2/carolhhp/public_html/democarol.com/homeservices/application/views/front/services/single_service.php 24
ERROR - 02/17/2017 11:35 am --> Severity: Notice --> Trying to get property of non-object /home2/carolhhp/public_html/democarol.com/homeservices/application/views/front/services/single_service.php 3
ERROR - 02/17/2017 11:35 am --> Severity: Notice --> Trying to get property of non-object /home2/carolhhp/public_html/democarol.com/homeservices/application/views/front/services/single_service.php 24
ERROR - 02/17/2017 12:05 am --> 404 Page Not Found: Services/Handyman
ERROR - 02/17/2017 12:05 am --> 404 Page Not Found: CheckPrice/Handyman
ERROR - 02/17/2017 12:11 am --> 404 Page Not Found: Services/Handyman
ERROR - 02/17/2017 12:12 am --> 404 Page Not Found: CheckPrice/Handyman
ERROR - 02/17/2017 12:14 am --> 404 Page Not Found: CheckPrice/Handyman
ERROR - 02/17/2017 12:17 am --> 404 Page Not Found: Services/Handyman
ERROR - 02/17/2017 12:17 am --> 404 Page Not Found: Images/photos
ERROR - 02/17/2017 12:17 am --> 404 Page Not Found: Assets/js
ERROR - 02/17/2017 12:17 am --> 404 Page Not Found: Assets/js
ERROR - 02/17/2017 12:17 am --> 404 Page Not Found: Assets/js
ERROR - 02/17/2017 12:17 am --> 404 Page Not Found: Images/photos
ERROR - 02/17/2017 12:19 am --> 404 Page Not Found: Assets/js
ERROR - 02/17/2017 12:19 am --> 404 Page Not Found: Assets/js
ERROR - 02/17/2017 12:19 am --> 404 Page Not Found: Assets/js
ERROR - 02/17/2017 12:19 am --> 404 Page Not Found: Images/photos
ERROR - 02/17/2017 12:19 am --> 404 Page Not Found: Assets/js
ERROR - 02/17/2017 12:19 am --> 404 Page Not Found: Assets/js
ERROR - 02/17/2017 12:19 am --> 404 Page Not Found: Assets/js
ERROR - 02/17/2017 12:19 am --> 404 Page Not Found: Assets/js
ERROR - 02/17/2017 12:19 am --> 404 Page Not Found: Images/photos
ERROR - 02/17/2017 12:19 am --> 404 Page Not Found: Assets/js
ERROR - 02/17/2017 12:19 am --> 404 Page Not Found: Assets/js
ERROR - 02/17/2017 12:19 am --> 404 Page Not Found: Assets/js
ERROR - 02/17/2017 12:19 am --> 404 Page Not Found: Assets/js
ERROR - 02/17/2017 12:19 am --> 404 Page Not Found: Images/photos
ERROR - 02/17/2017 12:19 am --> 404 Page Not Found: Assets/js
ERROR - 02/17/2017 12:20 am --> 404 Page Not Found: Assets/front
ERROR - 02/17/2017 12:20 am --> 404 Page Not Found: Services/Handyman
ERROR - 02/17/2017 12:20 am --> 404 Page Not Found: Assets/front
ERROR - 02/17/2017 12:21 am --> 404 Page Not Found: Assets/front
ERROR - 02/17/2017 12:21 am --> 404 Page Not Found: Assets/js
ERROR - 02/17/2017 12:21 am --> 404 Page Not Found: Assets/js
ERROR - 02/17/2017 12:21 am --> 404 Page Not Found: Assets/js
ERROR - 02/17/2017 12:21 am --> 404 Page Not Found: Assets/js
ERROR - 02/17/2017 12:21 am --> 404 Page Not Found: Images/photos
ERROR - 02/17/2017 12:24 am --> 404 Page Not Found: CheckPrice/Handyman
ERROR - 02/17/2017 12:24 am --> 404 Page Not Found: CheckPrice/Handyman
ERROR - 02/17/2017 12:24 am --> 404 Page Not Found: CheckPrice/Handyman
ERROR - 02/17/2017 12:25 am --> 404 Page Not Found: CheckPrice/Handyman
ERROR - 02/17/2017 12:25 am --> 404 Page Not Found: CheckPrice/Handyman
ERROR - 02/17/2017 12:26 am --> 404 Page Not Found: CheckPrice/Handyman
ERROR - 02/17/2017 12:27 am --> 404 Page Not Found: Assets/front
ERROR - 02/17/2017 12:34 am --> 404 Page Not Found: Assets/img
ERROR - 02/17/2017 12:34 am --> 404 Page Not Found: Assets/img
ERROR - 02/17/2017 12:35 am --> 404 Page Not Found: Assets/js
ERROR - 02/17/2017 12:35 am --> 404 Page Not Found: Images/photos
ERROR - 02/17/2017 12:35 am --> 404 Page Not Found: Assets/js
ERROR - 02/17/2017 12:35 am --> 404 Page Not Found: Assets/js
ERROR - 02/17/2017 12:35 am --> 404 Page Not Found: Assets/js
ERROR - 02/17/2017 12:35 am --> 404 Page Not Found: Images/photos
ERROR - 02/17/2017 12:35 am --> 404 Page Not Found: Assets/js
ERROR - 02/17/2017 12:35 am --> 404 Page Not Found: Assets/js
ERROR - 02/17/2017 12:35 am --> 404 Page Not Found: Images/photos
ERROR - 02/17/2017 12:35 am --> 404 Page Not Found: Assets/js
ERROR - 02/17/2017 12:35 am --> 404 Page Not Found: Assets/js
ERROR - 02/17/2017 12:35 am --> 404 Page Not Found: Images/photos
ERROR - 02/17/2017 12:35 am --> 404 Page Not Found: Images/admin
ERROR - 02/17/2017 12:35 am --> 404 Page Not Found: Assets/js
ERROR - 02/17/2017 12:35 am --> 404 Page Not Found: Images/photos
ERROR - 02/17/2017 12:35 am --> 404 Page Not Found: Images/admin
ERROR - 02/17/2017 12:35 am --> 404 Page Not Found: Assets/js
ERROR - 02/17/2017 12:35 am --> 404 Page Not Found: Assets/js
ERROR - 02/17/2017 12:35 am --> 404 Page Not Found: Assets/js
ERROR - 02/17/2017 12:35 am --> 404 Page Not Found: Images/photos
ERROR - 02/17/2017 12:35 am --> 404 Page Not Found: Assets/js
ERROR - 02/17/2017 12:35 am --> 404 Page Not Found: Images/photos
ERROR - 02/17/2017 12:35 am --> 404 Page Not Found: Assets/js
ERROR - 02/17/2017 12:35 am --> 404 Page Not Found: Assets/js
ERROR - 02/17/2017 12:37 am --> 404 Page Not Found: Assets/js
ERROR - 02/17/2017 12:37 am --> 404 Page Not Found: Assets/js
ERROR - 02/17/2017 12:37 am --> 404 Page Not Found: Assets/js
ERROR - 02/17/2017 12:37 am --> 404 Page Not Found: Images/photos
ERROR - 02/17/2017 12:37 am --> 404 Page Not Found: Assets/js
ERROR - 02/17/2017 12:37 am --> 404 Page Not Found: Images/photos
ERROR - 02/17/2017 12:37 am --> 404 Page Not Found: Assets/js
ERROR - 02/17/2017 12:37 am --> 404 Page Not Found: Assets/js
ERROR - 02/17/2017 12:37 am --> 404 Page Not Found: Assets/js
ERROR - 02/17/2017 12:37 am --> 404 Page Not Found: Assets/js
ERROR - 02/17/2017 12:37 am --> 404 Page Not Found: Assets/js
ERROR - 02/17/2017 12:37 am --> 404 Page Not Found: Assets/js
ERROR - 02/17/2017 12:37 am --> 404 Page Not Found: Images/photos
ERROR - 02/17/2017 12:37 am --> 404 Page Not Found: Images/loading_spinner.gif
ERROR - 02/17/2017 12:37 am --> 404 Page Not Found: Assets/js
ERROR - 02/17/2017 12:37 am --> 404 Page Not Found: Images/photos
ERROR - 02/17/2017 12:37 am --> 404 Page Not Found: Assets/js
ERROR - 02/17/2017 12:37 am --> 404 Page Not Found: Images/loading_spinner.gif
ERROR - 02/17/2017 12:37 am --> 404 Page Not Found: Assets/js
ERROR - 02/17/2017 12:37 am --> 404 Page Not Found: Assets/js
ERROR - 02/17/2017 01:10 am --> 404 Page Not Found: Assets/js
ERROR - 02/17/2017 01:10 am --> 404 Page Not Found: Assets/js
ERROR - 02/17/2017 01:10 am --> 404 Page Not Found: Assets/js
ERROR - 02/17/2017 01:10 am --> 404 Page Not Found: Images/photos
ERROR - 02/17/2017 01:10 am --> 404 Page Not Found: Images/loading_spinner.gif
ERROR - 02/17/2017 01:10 am --> 404 Page Not Found: Assets/js
ERROR - 02/17/2017 01:21 am --> 404 Page Not Found: Assets/front
ERROR - 02/17/2017 01:23 am --> 404 Page Not Found: Images/photos
ERROR - 02/17/2017 01:23 am --> 404 Page Not Found: Assets/js
ERROR - 02/17/2017 01:23 am --> 404 Page Not Found: Assets/js
ERROR - 02/17/2017 01:23 am --> 404 Page Not Found: Assets/js
ERROR - 02/17/2017 01:23 am --> 404 Page Not Found: Images/photos
ERROR - 02/17/2017 01:23 am --> 404 Page Not Found: Assets/js
ERROR - 02/17/2017 01:23 am --> 404 Page Not Found: Assets/js
ERROR - 02/17/2017 01:23 am --> 404 Page Not Found: Assets/js
ERROR - 02/17/2017 01:23 am --> 404 Page Not Found: Assets/js
ERROR - 02/17/2017 01:23 am --> 404 Page Not Found: Assets/js
ERROR - 02/17/2017 01:23 am --> 404 Page Not Found: Assets/js
ERROR - 02/17/2017 01:23 am --> 404 Page Not Found: Images/photos
ERROR - 02/17/2017 01:23 am --> 404 Page Not Found: Assets/js
ERROR - 02/17/2017 01:23 am --> 404 Page Not Found: Css/auto_select
ERROR - 02/17/2017 01:23 am --> 404 Page Not Found: Js/docsupport
ERROR - 02/17/2017 01:23 am --> 404 Page Not Found: Js/docsupport
ERROR - 02/17/2017 01:23 am --> 404 Page Not Found: Js/docsupport
ERROR - 02/17/2017 01:23 am --> 404 Page Not Found: Js/docsupport
ERROR - 02/17/2017 01:23 am --> 404 Page Not Found: Images/photos
ERROR - 02/17/2017 01:23 am --> 404 Page Not Found: Assets/front
ERROR - 02/17/2017 01:26 am --> 404 Page Not Found: Assets/front
ERROR - 02/17/2017 01:30 am --> 404 Page Not Found: Assets/front
ERROR - 02/17/2017 01:31 am --> 404 Page Not Found: Assets/front
ERROR - 02/17/2017 01:31 am --> 404 Page Not Found: Assets/front
ERROR - 02/17/2017 01:34 am --> 404 Page Not Found: Assets/front
ERROR - 02/17/2017 01:34 am --> 404 Page Not Found: Assets/js
ERROR - 02/17/2017 01:34 am --> 404 Page Not Found: Css/auto_select
ERROR - 02/17/2017 01:34 am --> 404 Page Not Found: Js/docsupport
ERROR - 02/17/2017 01:34 am --> 404 Page Not Found: Js/docsupport
ERROR - 02/17/2017 01:34 am --> 404 Page Not Found: Js/docsupport
ERROR - 02/17/2017 01:34 am --> 404 Page Not Found: Images/photos
ERROR - 02/17/2017 01:34 am --> 404 Page Not Found: Css/auto_select
ERROR - 02/17/2017 01:34 am --> 404 Page Not Found: Js/docsupport
ERROR - 02/17/2017 01:35 am --> 404 Page Not Found: Assets/front
ERROR - 02/17/2017 01:36 am --> 404 Page Not Found: Assets/front
ERROR - 02/17/2017 01:37 am --> 404 Page Not Found: Assets/front
ERROR - 02/17/2017 01:38 am --> 404 Page Not Found: Assets/front
ERROR - 02/17/2017 01:43 am --> 404 Page Not Found: Assets/js
ERROR - 02/17/2017 01:43 am --> 404 Page Not Found: Css/auto_select
ERROR - 02/17/2017 01:43 am --> 404 Page Not Found: Js/docsupport
ERROR - 02/17/2017 01:43 am --> 404 Page Not Found: Js/docsupport
ERROR - 02/17/2017 01:43 am --> 404 Page Not Found: Js/docsupport
ERROR - 02/17/2017 01:43 am --> 404 Page Not Found: Images/photos
ERROR - 02/17/2017 01:43 am --> 404 Page Not Found: Assets/js
ERROR - 02/17/2017 01:43 am --> 404 Page Not Found: Css/auto_select
ERROR - 02/17/2017 01:43 am --> 404 Page Not Found: Js/docsupport
ERROR - 02/17/2017 01:43 am --> 404 Page Not Found: Js/docsupport
ERROR - 02/17/2017 01:43 am --> 404 Page Not Found: Js/docsupport
ERROR - 02/17/2017 01:43 am --> 404 Page Not Found: Images/photos
ERROR - 02/17/2017 01:43 am --> 404 Page Not Found: Assets/js
ERROR - 02/17/2017 01:43 am --> 404 Page Not Found: Images/photos
ERROR - 02/17/2017 01:43 am --> 404 Page Not Found: Css/auto_select
ERROR - 02/17/2017 01:43 am --> 404 Page Not Found: Js/docsupport
ERROR - 02/17/2017 01:43 am --> 404 Page Not Found: Js/docsupport
ERROR - 02/17/2017 01:43 am --> 404 Page Not Found: Js/docsupport
ERROR - 02/17/2017 01:51 am --> 404 Page Not Found: %3C%20%20%20%20/index
ERROR - 02/17/2017 01:51 am --> 404 Page Not Found: Assets/js
ERROR - 02/17/2017 01:51 am --> 404 Page Not Found: Js/docsupport
ERROR - 02/17/2017 01:51 am --> 404 Page Not Found: Js/docsupport
ERROR - 02/17/2017 01:51 am --> 404 Page Not Found: Js/docsupport
ERROR - 02/17/2017 01:51 am --> 404 Page Not Found: Images/photos
ERROR - 02/17/2017 01:51 am --> 404 Page Not Found: %3C%20%20%20%20/index
ERROR - 02/17/2017 01:51 am --> 404 Page Not Found: Js/docsupport
ERROR - 02/17/2017 01:51 am --> 404 Page Not Found: Js/docsupport
ERROR - 02/17/2017 01:51 am --> 404 Page Not Found: Js/docsupport
ERROR - 02/17/2017 01:52 am --> 404 Page Not Found: Assets/js
ERROR - 02/17/2017 01:52 am --> 404 Page Not Found: Js/docsupport
ERROR - 02/17/2017 01:52 am --> 404 Page Not Found: %3C%20%20%20%20/index
ERROR - 02/17/2017 01:52 am --> 404 Page Not Found: Js/docsupport
ERROR - 02/17/2017 01:52 am --> 404 Page Not Found: Js/docsupport
ERROR - 02/17/2017 01:52 am --> 404 Page Not Found: Images/photos
ERROR - 02/17/2017 01:55 am --> 404 Page Not Found: Assets/js
ERROR - 02/17/2017 01:55 am --> 404 Page Not Found: %3C%20%20%20%20/index
ERROR - 02/17/2017 01:55 am --> 404 Page Not Found: Js/docsupport
ERROR - 02/17/2017 01:55 am --> 404 Page Not Found: Js/docsupport
ERROR - 02/17/2017 01:55 am --> 404 Page Not Found: Js/docsupport
ERROR - 02/17/2017 01:55 am --> 404 Page Not Found: Images/photos
ERROR - 02/17/2017 01:55 am --> 404 Page Not Found: Assets/front
ERROR - 02/17/2017 01:58 am --> 404 Page Not Found: Assets/front
ERROR - 02/17/2017 01:59 am --> 404 Page Not Found: Assets/front
ERROR - 02/17/2017 02:00 am --> 404 Page Not Found: Assets/front
ERROR - 02/17/2017 02:01 am --> 404 Page Not Found: Assets/js
ERROR - 02/17/2017 02:01 am --> 404 Page Not Found: %3C%20%20%20%20/index
ERROR - 02/17/2017 02:01 am --> 404 Page Not Found: Js/docsupport
ERROR - 02/17/2017 02:01 am --> 404 Page Not Found: Js/docsupport
ERROR - 02/17/2017 02:01 am --> 404 Page Not Found: Js/docsupport
ERROR - 02/17/2017 02:01 am --> 404 Page Not Found: Images/photos
ERROR - 02/17/2017 02:02 am --> 404 Page Not Found: Assets/front
ERROR - 02/17/2017 02:02 am --> 404 Page Not Found: Assets/js
ERROR - 02/17/2017 02:02 am --> 404 Page Not Found: Js/docsupport
ERROR - 02/17/2017 02:02 am --> 404 Page Not Found: %3C%20%20%20%20/index
ERROR - 02/17/2017 02:02 am --> 404 Page Not Found: Js/docsupport
ERROR - 02/17/2017 02:02 am --> 404 Page Not Found: Js/docsupport
ERROR - 02/17/2017 02:02 am --> 404 Page Not Found: Images/photos
ERROR - 02/17/2017 02:02 am --> 404 Page Not Found: Assets/front
ERROR - 02/17/2017 02:02 am --> 404 Page Not Found: GetPrice/1
ERROR - 02/17/2017 02:03 am --> 404 Page Not Found: GetPrice/2
ERROR - 02/17/2017 02:03 am --> 404 Page Not Found: GetPrice/3
ERROR - 02/17/2017 02:05 am --> 404 Page Not Found: Assets/front
ERROR - 02/17/2017 02:07 am --> 404 Page Not Found: Assets/front
ERROR - 02/17/2017 02:08 am --> 404 Page Not Found: GetPrice/1
ERROR - 02/17/2017 02:08 am --> 404 Page Not Found: Assets/front
ERROR - 02/17/2017 02:10 am --> 404 Page Not Found: Assets/front
ERROR - 02/17/2017 03:01 am --> 404 Page Not Found: Assets/front
ERROR - 02/17/2017 03:02 am --> 404 Page Not Found: Assets/front
ERROR - 02/17/2017 03:04 am --> 404 Page Not Found: Assets/js
ERROR - 02/17/2017 03:04 am --> 404 Page Not Found: %3C%20%20%20%20/index
ERROR - 02/17/2017 03:04 am --> 404 Page Not Found: Js/docsupport
ERROR - 02/17/2017 03:04 am --> 404 Page Not Found: Js/docsupport
ERROR - 02/17/2017 03:04 am --> 404 Page Not Found: Js/docsupport
ERROR - 02/17/2017 03:04 am --> 404 Page Not Found: Images/photos
ERROR - 02/17/2017 03:05 am --> 404 Page Not Found: Assets/js
ERROR - 02/17/2017 03:05 am --> 404 Page Not Found: Images/photos
ERROR - 02/17/2017 03:05 am --> 404 Page Not Found: %3C%20%20%20%20/index
ERROR - 02/17/2017 03:05 am --> 404 Page Not Found: Js/docsupport
ERROR - 02/17/2017 03:05 am --> 404 Page Not Found: Js/docsupport
ERROR - 02/17/2017 03:05 am --> 404 Page Not Found: Js/docsupport
ERROR - 02/17/2017 03:05 am --> 404 Page Not Found: Assets/front
ERROR - 02/17/2017 03:05 am --> 404 Page Not Found: Assets/front
ERROR - 02/17/2017 03:05 am --> 404 Page Not Found: Assets/js
ERROR - 02/17/2017 03:05 am --> 404 Page Not Found: %3C%20%20%20%20/index
ERROR - 02/17/2017 03:05 am --> 404 Page Not Found: Js/docsupport
ERROR - 02/17/2017 03:05 am --> 404 Page Not Found: Js/docsupport
ERROR - 02/17/2017 03:05 am --> 404 Page Not Found: Js/docsupport
ERROR - 02/17/2017 03:05 am --> 404 Page Not Found: Js/docsupport
ERROR - 02/17/2017 03:05 am --> 404 Page Not Found: %3C%20%20%20%20/index
ERROR - 02/17/2017 03:05 am --> 404 Page Not Found: Assets/js
ERROR - 02/17/2017 03:05 am --> 404 Page Not Found: %3C%20%20%20%20/index
ERROR - 02/17/2017 03:05 am --> 404 Page Not Found: Js/docsupport
ERROR - 02/17/2017 03:05 am --> 404 Page Not Found: Js/docsupport
ERROR - 02/17/2017 03:05 am --> 404 Page Not Found: Js/docsupport
ERROR - 02/17/2017 03:05 am --> 404 Page Not Found: Images/photos
ERROR - 02/17/2017 03:05 am --> 404 Page Not Found: Js/docsupport
ERROR - 02/17/2017 03:06 am --> 404 Page Not Found: Assets/front
ERROR - 02/17/2017 03:06 am --> 404 Page Not Found: Assets/js
ERROR - 02/17/2017 03:06 am --> 404 Page Not Found: %3C%20%20%20%20/index
ERROR - 02/17/2017 03:06 am --> 404 Page Not Found: Js/docsupport
ERROR - 02/17/2017 03:06 am --> 404 Page Not Found: Js/docsupport
ERROR - 02/17/2017 03:06 am --> 404 Page Not Found: Js/docsupport
ERROR - 02/17/2017 03:06 am --> 404 Page Not Found: Images/photos
ERROR - 02/17/2017 03:06 am --> 404 Page Not Found: %3C%20%20%20%20/index
ERROR - 02/17/2017 03:07 am --> 404 Page Not Found: Assets/front
ERROR - 02/17/2017 03:07 am --> 404 Page Not Found: Assets/js
ERROR - 02/17/2017 03:07 am --> 404 Page Not Found: Images/photos
ERROR - 02/17/2017 03:08 am --> 404 Page Not Found: Assets/js
ERROR - 02/17/2017 03:08 am --> 404 Page Not Found: Js/docsupport
ERROR - 02/17/2017 03:08 am --> 404 Page Not Found: %3C%20%20%20%20/index
ERROR - 02/17/2017 03:08 am --> 404 Page Not Found: Js/docsupport
ERROR - 02/17/2017 03:08 am --> 404 Page Not Found: Js/docsupport
ERROR - 02/17/2017 03:08 am --> 404 Page Not Found: Images/photos
ERROR - 02/17/2017 03:09 am --> 404 Page Not Found: Assets/js
ERROR - 02/17/2017 03:09 am --> 404 Page Not Found: %3C%20%20%20%20/index
ERROR - 02/17/2017 03:09 am --> 404 Page Not Found: Js/docsupport
ERROR - 02/17/2017 03:09 am --> 404 Page Not Found: Js/docsupport
ERROR - 02/17/2017 03:09 am --> 404 Page Not Found: Js/docsupport
ERROR - 02/17/2017 03:09 am --> 404 Page Not Found: Images/photos
ERROR - 02/17/2017 03:09 am --> 404 Page Not Found: Assets/js
ERROR - 02/17/2017 03:09 am --> 404 Page Not Found: %3C%20%20%20%20/index
ERROR - 02/17/2017 03:09 am --> 404 Page Not Found: Js/docsupport
ERROR - 02/17/2017 03:09 am --> 404 Page Not Found: Images/photos
ERROR - 02/17/2017 03:09 am --> 404 Page Not Found: Js/docsupport
ERROR - 02/17/2017 03:09 am --> 404 Page Not Found: Js/docsupport
ERROR - 02/17/2017 03:09 am --> 404 Page Not Found: Assets/front
ERROR - 02/17/2017 03:10 am --> 404 Page Not Found: Assets/js
ERROR - 02/17/2017 03:10 am --> 404 Page Not Found: %3C%20%20%20%20/index
ERROR - 02/17/2017 03:10 am --> 404 Page Not Found: Js/docsupport
ERROR - 02/17/2017 03:10 am --> 404 Page Not Found: Js/docsupport
ERROR - 02/17/2017 03:10 am --> 404 Page Not Found: Js/docsupport
ERROR - 02/17/2017 03:10 am --> 404 Page Not Found: Images/photos
ERROR - 02/17/2017 03:10 am --> 404 Page Not Found: Js/docsupport
ERROR - 02/17/2017 03:10 am --> 404 Page Not Found: Assets/js
ERROR - 02/17/2017 03:10 am --> 404 Page Not Found: %3C%20%20%20%20/index
ERROR - 02/17/2017 03:10 am --> 404 Page Not Found: Js/docsupport
ERROR - 02/17/2017 03:10 am --> 404 Page Not Found: Js/docsupport
ERROR - 02/17/2017 03:10 am --> 404 Page Not Found: Js/docsupport
ERROR - 02/17/2017 03:10 am --> 404 Page Not Found: Images/photos
ERROR - 02/17/2017 03:10 am --> 404 Page Not Found: %3C%20%20%20%20/index
ERROR - 02/17/2017 03:10 am --> 404 Page Not Found: Js/docsupport
ERROR - 02/17/2017 03:10 am --> 404 Page Not Found: Js/docsupport
ERROR - 02/17/2017 03:10 am --> 404 Page Not Found: Js/docsupport
ERROR - 02/17/2017 03:10 am --> 404 Page Not Found: Assets/js
ERROR - 02/17/2017 03:10 am --> 404 Page Not Found: %3C%20%20%20%20/index
ERROR - 02/17/2017 03:10 am --> 404 Page Not Found: Js/docsupport
ERROR - 02/17/2017 03:10 am --> 404 Page Not Found: Js/docsupport
ERROR - 02/17/2017 03:10 am --> 404 Page Not Found: Js/docsupport
ERROR - 02/17/2017 03:10 am --> 404 Page Not Found: Images/photos
ERROR - 02/17/2017 03:10 am --> 404 Page Not Found: Js/docsupport
ERROR - 02/17/2017 03:10 am --> 404 Page Not Found: Assets/js
ERROR - 02/17/2017 03:10 am --> 404 Page Not Found: Js/docsupport
ERROR - 02/17/2017 03:10 am --> 404 Page Not Found: Js/docsupport
ERROR - 02/17/2017 03:10 am --> 404 Page Not Found: %3C%20%20%20%20/index
ERROR - 02/17/2017 03:10 am --> 404 Page Not Found: Js/docsupport
ERROR - 02/17/2017 03:10 am --> 404 Page Not Found: Images/photos
ERROR - 02/17/2017 03:10 am --> 404 Page Not Found: Js/docsupport
ERROR - 02/17/2017 03:10 am --> 404 Page Not Found: Assets/js
ERROR - 02/17/2017 03:10 am --> 404 Page Not Found: %3C%20%20%20%20/index
ERROR - 02/17/2017 03:10 am --> 404 Page Not Found: Js/docsupport
ERROR - 02/17/2017 03:10 am --> 404 Page Not Found: Js/docsupport
ERROR - 02/17/2017 03:10 am --> 404 Page Not Found: Js/docsupport
ERROR - 02/17/2017 03:10 am --> 404 Page Not Found: Images/photos
ERROR - 02/17/2017 03:10 am --> 404 Page Not Found: Assets/js
ERROR - 02/17/2017 03:10 am --> 404 Page Not Found: Images/photos
ERROR - 02/17/2017 03:10 am --> 404 Page Not Found: %3C%20%20%20%20/index
ERROR - 02/17/2017 03:10 am --> 404 Page Not Found: Js/docsupport
ERROR - 02/17/2017 03:10 am --> 404 Page Not Found: Js/docsupport
ERROR - 02/17/2017 03:10 am --> 404 Page Not Found: Js/docsupport
ERROR - 02/17/2017 03:11 am --> 404 Page Not Found: Assets/js
ERROR - 02/17/2017 03:11 am --> 404 Page Not Found: %3C%20%20%20%20/index
ERROR - 02/17/2017 03:11 am --> 404 Page Not Found: Js/docsupport
ERROR - 02/17/2017 03:11 am --> 404 Page Not Found: Js/docsupport
ERROR - 02/17/2017 03:11 am --> 404 Page Not Found: Js/docsupport
ERROR - 02/17/2017 03:11 am --> 404 Page Not Found: Images/photos
ERROR - 02/17/2017 03:11 am --> 404 Page Not Found: Js/docsupport
ERROR - 02/17/2017 02:43 pm --> Severity: Notice --> Undefined variable: sub_cat /home2/carolhhp/public_html/democarol.com/homeservices/application/views/admin/plan/add_plan.php 61
ERROR - 02/17/2017 02:43 pm --> Severity: Notice --> Trying to get property of non-object /home2/carolhhp/public_html/democarol.com/homeservices/application/views/admin/plan/add_plan.php 61
ERROR - 02/17/2017 03:13 am --> 404 Page Not Found: Assets/js
ERROR - 02/17/2017 03:13 am --> 404 Page Not Found: %3C%20%20%20%20/index
ERROR - 02/17/2017 03:13 am --> 404 Page Not Found: Js/docsupport
ERROR - 02/17/2017 03:13 am --> 404 Page Not Found: Js/docsupport
ERROR - 02/17/2017 03:13 am --> 404 Page Not Found: Js/docsupport
ERROR - 02/17/2017 03:13 am --> 404 Page Not Found: Images/photos
ERROR - 02/17/2017 02:47 pm --> Severity: Notice --> Undefined variable: sub_cat /home2/carolhhp/public_html/democarol.com/homeservices/application/views/admin/plan/add_plan.php 61
ERROR - 02/17/2017 02:47 pm --> Severity: Notice --> Trying to get property of non-object /home2/carolhhp/public_html/democarol.com/homeservices/application/views/admin/plan/add_plan.php 61
ERROR - 02/17/2017 03:17 am --> 404 Page Not Found: Assets/js
ERROR - 02/17/2017 03:17 am --> 404 Page Not Found: %3C%20%20%20%20/index
ERROR - 02/17/2017 03:17 am --> 404 Page Not Found: Js/docsupport
ERROR - 02/17/2017 03:17 am --> 404 Page Not Found: Js/docsupport
ERROR - 02/17/2017 03:17 am --> 404 Page Not Found: Js/docsupport
ERROR - 02/17/2017 03:17 am --> 404 Page Not Found: Images/photos
ERROR - 02/17/2017 02:53 pm --> Severity: Notice --> Undefined variable: sub_cat /home2/carolhhp/public_html/democarol.com/homeservices/application/views/admin/plan/add_plan.php 61
ERROR - 02/17/2017 02:53 pm --> Severity: Notice --> Trying to get property of non-object /home2/carolhhp/public_html/democarol.com/homeservices/application/views/admin/plan/add_plan.php 61
ERROR - 02/17/2017 03:23 am --> 404 Page Not Found: Assets/js
ERROR - 02/17/2017 03:23 am --> 404 Page Not Found: Images/photos
ERROR - 02/17/2017 03:23 am --> 404 Page Not Found: %3C%20%20%20%20/index
ERROR - 02/17/2017 03:23 am --> 404 Page Not Found: Js/docsupport
ERROR - 02/17/2017 03:23 am --> 404 Page Not Found: Js/docsupport
ERROR - 02/17/2017 03:23 am --> 404 Page Not Found: Js/docsupport
ERROR - 02/17/2017 03:33 am --> 404 Page Not Found: Plan/add_plan
ERROR - 02/17/2017 03:03 pm --> Severity: Notice --> Undefined variable: sub_cat /home2/carolhhp/public_html/democarol.com/homeservices/application/views/admin/plan/add_plan.php 61
ERROR - 02/17/2017 03:03 pm --> Severity: Notice --> Trying to get property of non-object /home2/carolhhp/public_html/democarol.com/homeservices/application/views/admin/plan/add_plan.php 61
ERROR - 02/17/2017 03:33 am --> 404 Page Not Found: Assets/js
ERROR - 02/17/2017 03:33 am --> 404 Page Not Found: %3C%20%20%20%20/index
ERROR - 02/17/2017 03:33 am --> 404 Page Not Found: Js/docsupport
ERROR - 02/17/2017 03:33 am --> 404 Page Not Found: Js/docsupport
ERROR - 02/17/2017 03:33 am --> 404 Page Not Found: Js/docsupport
ERROR - 02/17/2017 03:33 am --> 404 Page Not Found: Images/photos
ERROR - 02/17/2017 03:04 pm --> Severity: Notice --> Undefined variable: sub_cat /home2/carolhhp/public_html/democarol.com/homeservices/application/views/admin/plan/add_plan.php 61
ERROR - 02/17/2017 03:04 pm --> Severity: Notice --> Trying to get property of non-object /home2/carolhhp/public_html/democarol.com/homeservices/application/views/admin/plan/add_plan.php 61
ERROR - 02/17/2017 03:34 am --> 404 Page Not Found: Assets/js
ERROR - 02/17/2017 03:34 am --> 404 Page Not Found: %3C%20%20%20%20/index
ERROR - 02/17/2017 03:34 am --> 404 Page Not Found: Js/docsupport
ERROR - 02/17/2017 03:34 am --> 404 Page Not Found: Js/docsupport
ERROR - 02/17/2017 03:34 am --> 404 Page Not Found: Js/docsupport
ERROR - 02/17/2017 03:34 am --> 404 Page Not Found: Images/photos
ERROR - 02/17/2017 03:34 am --> 404 Page Not Found: Js/docsupport
ERROR - 02/17/2017 03:08 pm --> Severity: Notice --> Undefined variable: sub_cat /home2/carolhhp/public_html/democarol.com/homeservices/application/views/admin/plan/add_plan.php 61
ERROR - 02/17/2017 03:08 pm --> Severity: Notice --> Trying to get property of non-object /home2/carolhhp/public_html/democarol.com/homeservices/application/views/admin/plan/add_plan.php 61
ERROR - 02/17/2017 03:38 am --> 404 Page Not Found: Assets/js
ERROR - 02/17/2017 03:38 am --> 404 Page Not Found: %3C%20%20%20%20/index
ERROR - 02/17/2017 03:38 am --> 404 Page Not Found: Js/docsupport
ERROR - 02/17/2017 03:38 am --> 404 Page Not Found: Js/docsupport
ERROR - 02/17/2017 03:38 am --> 404 Page Not Found: Js/docsupport
ERROR - 02/17/2017 03:38 am --> 404 Page Not Found: Images/photos
ERROR - 02/17/2017 03:38 am --> 404 Page Not Found: Assets/js
ERROR - 02/17/2017 03:38 am --> 404 Page Not Found: Images/photos
ERROR - 02/17/2017 03:38 am --> 404 Page Not Found: %3C%20%20%20%20/index
ERROR - 02/17/2017 03:38 am --> 404 Page Not Found: Js/docsupport
ERROR - 02/17/2017 03:38 am --> 404 Page Not Found: Js/docsupport
ERROR - 02/17/2017 03:38 am --> 404 Page Not Found: Js/docsupport
ERROR - 02/17/2017 03:10 pm --> Severity: Notice --> Undefined variable: sub_cat /home2/carolhhp/public_html/democarol.com/homeservices/application/views/admin/plan/add_plan.php 61
ERROR - 02/17/2017 03:10 pm --> Severity: Notice --> Trying to get property of non-object /home2/carolhhp/public_html/democarol.com/homeservices/application/views/admin/plan/add_plan.php 61
ERROR - 02/17/2017 03:40 am --> 404 Page Not Found: Assets/js
ERROR - 02/17/2017 03:40 am --> 404 Page Not Found: Images/photos
ERROR - 02/17/2017 03:40 am --> 404 Page Not Found: Assets/js
ERROR - 02/17/2017 03:40 am --> 404 Page Not Found: Images/photos
ERROR - 02/17/2017 03:10 pm --> Severity: Notice --> Undefined variable: sub_cat /home2/carolhhp/public_html/democarol.com/homeservices/application/views/admin/plan/add_plan.php 61
ERROR - 02/17/2017 03:10 pm --> Severity: Notice --> Trying to get property of non-object /home2/carolhhp/public_html/democarol.com/homeservices/application/views/admin/plan/add_plan.php 61
ERROR - 02/17/2017 03:40 am --> 404 Page Not Found: Assets/js
ERROR - 02/17/2017 03:40 am --> 404 Page Not Found: Images/photos
ERROR - 02/17/2017 03:40 am --> 404 Page Not Found: Assets/js
ERROR - 02/17/2017 03:40 am --> 404 Page Not Found: Images/photos
ERROR - 02/17/2017 03:43 am --> 404 Page Not Found: Assets/js
ERROR - 02/17/2017 03:43 am --> 404 Page Not Found: Images/photos
ERROR - 02/17/2017 03:43 am --> 404 Page Not Found: Assets/js
ERROR - 02/17/2017 03:43 am --> 404 Page Not Found: Assets/js
ERROR - 02/17/2017 03:43 am --> 404 Page Not Found: Assets/js
ERROR - 02/17/2017 03:43 am --> 404 Page Not Found: Assets/js
ERROR - 02/17/2017 03:43 am --> 404 Page Not Found: Images/photos
ERROR - 02/17/2017 03:43 am --> 404 Page Not Found: Assets/js
ERROR - 02/17/2017 03:43 am --> 404 Page Not Found: Assets/js
ERROR - 02/17/2017 03:13 pm --> Severity: Notice --> Undefined variable: sub_cat /home2/carolhhp/public_html/democarol.com/homeservices/application/views/admin/plan/add_plan.php 61
ERROR - 02/17/2017 03:13 pm --> Severity: Notice --> Trying to get property of non-object /home2/carolhhp/public_html/democarol.com/homeservices/application/views/admin/plan/add_plan.php 61
ERROR - 02/17/2017 03:43 am --> 404 Page Not Found: Assets/js
ERROR - 02/17/2017 03:13 pm --> Severity: Notice --> Undefined variable: sub_cat /home2/carolhhp/public_html/democarol.com/homeservices/application/views/admin/plan/add_plan.php 61
ERROR - 02/17/2017 03:13 pm --> Severity: Notice --> Trying to get property of non-object /home2/carolhhp/public_html/democarol.com/homeservices/application/views/admin/plan/add_plan.php 61
ERROR - 02/17/2017 03:43 am --> 404 Page Not Found: Images/photos
ERROR - 02/17/2017 03:14 pm --> Severity: Notice --> Undefined variable: sub_cat /home2/carolhhp/public_html/democarol.com/homeservices/application/views/admin/plan/add_plan.php 61
ERROR - 02/17/2017 03:14 pm --> Severity: Notice --> Trying to get property of non-object /home2/carolhhp/public_html/democarol.com/homeservices/application/views/admin/plan/add_plan.php 61
ERROR - 02/17/2017 03:44 am --> 404 Page Not Found: Assets/js
ERROR - 02/17/2017 03:44 am --> 404 Page Not Found: Images/photos
ERROR - 02/17/2017 03:44 am --> 404 Page Not Found: Assets/js
ERROR - 02/17/2017 03:44 am --> 404 Page Not Found: Assets/js
ERROR - 02/17/2017 03:44 am --> 404 Page Not Found: Images/photos
ERROR - 02/17/2017 03:15 pm --> Severity: Notice --> Undefined variable: sub_cat /home2/carolhhp/public_html/democarol.com/homeservices/application/views/admin/plan/add_plan.php 61
ERROR - 02/17/2017 03:15 pm --> Severity: Notice --> Trying to get property of non-object /home2/carolhhp/public_html/democarol.com/homeservices/application/views/admin/plan/add_plan.php 61
ERROR - 02/17/2017 03:45 am --> 404 Page Not Found: Assets/js
ERROR - 02/17/2017 03:45 am --> 404 Page Not Found: Images/photos
ERROR - 02/17/2017 03:45 am --> 404 Page Not Found: Assets/js
ERROR - 02/17/2017 03:45 am --> 404 Page Not Found: Assets/js
ERROR - 02/17/2017 03:45 am --> 404 Page Not Found: Images/photos
ERROR - 02/17/2017 03:16 pm --> Severity: Notice --> Undefined variable: sub_cat /home2/carolhhp/public_html/democarol.com/homeservices/application/views/admin/plan/add_plan.php 61
ERROR - 02/17/2017 03:16 pm --> Severity: Notice --> Trying to get property of non-object /home2/carolhhp/public_html/democarol.com/homeservices/application/views/admin/plan/add_plan.php 61
ERROR - 02/17/2017 03:46 am --> 404 Page Not Found: Assets/js
ERROR - 02/17/2017 03:46 am --> 404 Page Not Found: Images/photos
ERROR - 02/17/2017 03:46 am --> 404 Page Not Found: Assets/js
ERROR - 02/17/2017 03:46 am --> 404 Page Not Found: Assets/js
ERROR - 02/17/2017 03:46 am --> 404 Page Not Found: Images/photos
ERROR - 02/17/2017 03:19 pm --> Severity: Notice --> Undefined variable: sub_cat /home2/carolhhp/public_html/democarol.com/homeservices/application/views/admin/plan/add_plan.php 61
ERROR - 02/17/2017 03:19 pm --> Severity: Notice --> Trying to get property of non-object /home2/carolhhp/public_html/democarol.com/homeservices/application/views/admin/plan/add_plan.php 61
ERROR - 02/17/2017 03:49 am --> 404 Page Not Found: Assets/js
ERROR - 02/17/2017 03:49 am --> 404 Page Not Found: Images/photos
ERROR - 02/17/2017 03:49 am --> 404 Page Not Found: Assets/js
ERROR - 02/17/2017 03:49 am --> 404 Page Not Found: Assets/js
ERROR - 02/17/2017 03:49 am --> 404 Page Not Found: Images/photos
ERROR - 02/17/2017 03:21 pm --> Severity: Notice --> Undefined variable: sub_cat /home2/carolhhp/public_html/democarol.com/homeservices/application/views/admin/plan/add_plan.php 61
ERROR - 02/17/2017 03:21 pm --> Severity: Notice --> Trying to get property of non-object /home2/carolhhp/public_html/democarol.com/homeservices/application/views/admin/plan/add_plan.php 61
ERROR - 02/17/2017 03:51 am --> 404 Page Not Found: Assets/js
ERROR - 02/17/2017 03:51 am --> 404 Page Not Found: Assets/js
ERROR - 02/17/2017 03:51 am --> 404 Page Not Found: Images/photos
ERROR - 02/17/2017 03:23 pm --> Severity: Notice --> Undefined variable: sub_cat /home2/carolhhp/public_html/democarol.com/homeservices/application/views/admin/plan/add_plan.php 61
ERROR - 02/17/2017 03:23 pm --> Severity: Notice --> Trying to get property of non-object /home2/carolhhp/public_html/democarol.com/homeservices/application/views/admin/plan/add_plan.php 61
ERROR - 02/17/2017 03:53 am --> 404 Page Not Found: Assets/js
ERROR - 02/17/2017 03:53 am --> 404 Page Not Found: Assets/js
ERROR - 02/17/2017 03:53 am --> 404 Page Not Found: Images/photos
ERROR - 02/17/2017 03:53 am --> 404 Page Not Found: Assets/js
ERROR - 02/17/2017 03:53 am --> 404 Page Not Found: Assets/js
ERROR - 02/17/2017 03:53 am --> 404 Page Not Found: Assets/js
ERROR - 02/17/2017 03:53 am --> 404 Page Not Found: Assets/js
ERROR - 02/17/2017 03:53 am --> 404 Page Not Found: Images/photos
ERROR - 02/17/2017 03:53 am --> 404 Page Not Found: Assets/js
ERROR - 02/17/2017 03:53 am --> 404 Page Not Found: Assets/js
ERROR - 02/17/2017 03:54 am --> 404 Page Not Found: Assets/js
ERROR - 02/17/2017 03:54 am --> 404 Page Not Found: Images/photos
ERROR - 02/17/2017 03:54 am --> 404 Page Not Found: Js/advanced-datatable
ERROR - 02/17/2017 03:54 am --> 404 Page Not Found: Js/advanced-datatable
ERROR - 02/17/2017 03:54 am --> 404 Page Not Found: Js/dynamic_table_init.js
ERROR - 02/17/2017 03:54 am --> 404 Page Not Found: Js/advanced-datatable
ERROR - 02/17/2017 03:54 am --> 404 Page Not Found: Js/jquery.dataTables.min.js
ERROR - 02/17/2017 03:54 am --> 404 Page Not Found: Js/dynamic_table_init.js
ERROR - 02/17/2017 03:54 am --> 404 Page Not Found: Js/jquery.dataTables.min.js
ERROR - 02/17/2017 03:24 pm --> Severity: Notice --> Undefined variable: rec /home2/carolhhp/public_html/democarol.com/homeservices/application/views/admin/categories/add_categories.php 57
ERROR - 02/17/2017 03:24 pm --> Severity: Notice --> Trying to get property of non-object /home2/carolhhp/public_html/democarol.com/homeservices/application/views/admin/categories/add_categories.php 57
ERROR - 02/17/2017 03:24 pm --> Severity: Notice --> Undefined variable: rec /home2/carolhhp/public_html/democarol.com/homeservices/application/views/admin/categories/add_categories.php 57
ERROR - 02/17/2017 03:24 pm --> Severity: Notice --> Trying to get property of non-object /home2/carolhhp/public_html/democarol.com/homeservices/application/views/admin/categories/add_categories.php 57
ERROR - 02/17/2017 03:24 pm --> Severity: Notice --> Undefined variable: rec /home2/carolhhp/public_html/democarol.com/homeservices/application/views/admin/categories/add_categories.php 57
ERROR - 02/17/2017 03:24 pm --> Severity: Notice --> Trying to get property of non-object /home2/carolhhp/public_html/democarol.com/homeservices/application/views/admin/categories/add_categories.php 57
ERROR - 02/17/2017 03:24 pm --> Severity: Notice --> Undefined variable: rec /home2/carolhhp/public_html/democarol.com/homeservices/application/views/admin/categories/add_categories.php 57
ERROR - 02/17/2017 03:24 pm --> Severity: Notice --> Trying to get property of non-object /home2/carolhhp/public_html/democarol.com/homeservices/application/views/admin/categories/add_categories.php 57
ERROR - 02/17/2017 03:24 pm --> Severity: Notice --> Undefined variable: rec /home2/carolhhp/public_html/democarol.com/homeservices/application/views/admin/categories/add_categories.php 57
ERROR - 02/17/2017 03:24 pm --> Severity: Notice --> Trying to get property of non-object /home2/carolhhp/public_html/democarol.com/homeservices/application/views/admin/categories/add_categories.php 57
ERROR - 02/17/2017 03:24 pm --> Severity: Notice --> Undefined variable: rec /home2/carolhhp/public_html/democarol.com/homeservices/application/views/admin/categories/add_categories.php 57
ERROR - 02/17/2017 03:24 pm --> Severity: Notice --> Trying to get property of non-object /home2/carolhhp/public_html/democarol.com/homeservices/application/views/admin/categories/add_categories.php 57
ERROR - 02/17/2017 03:24 pm --> Severity: Notice --> Undefined variable: rec /home2/carolhhp/public_html/democarol.com/homeservices/application/views/admin/categories/add_categories.php 57
ERROR - 02/17/2017 03:24 pm --> Severity: Notice --> Trying to get property of non-object /home2/carolhhp/public_html/democarol.com/homeservices/application/views/admin/categories/add_categories.php 57
ERROR - 02/17/2017 03:24 pm --> Severity: Notice --> Undefined variable: rec /home2/carolhhp/public_html/democarol.com/homeservices/application/views/admin/categories/add_categories.php 57
ERROR - 02/17/2017 03:24 pm --> Severity: Notice --> Trying to get property of non-object /home2/carolhhp/public_html/democarol.com/homeservices/application/views/admin/categories/add_categories.php 57
ERROR - 02/17/2017 03:24 pm --> Severity: Notice --> Undefined variable: rec /home2/carolhhp/public_html/democarol.com/homeservices/application/views/admin/categories/add_categories.php 57
ERROR - 02/17/2017 03:24 pm --> Severity: Notice --> Trying to get property of non-object /home2/carolhhp/public_html/democarol.com/homeservices/application/views/admin/categories/add_categories.php 57
ERROR - 02/17/2017 03:24 pm --> Severity: Notice --> Undefined variable: rec /home2/carolhhp/public_html/democarol.com/homeservices/application/views/admin/categories/add_categories.php 57
ERROR - 02/17/2017 03:24 pm --> Severity: Notice --> Trying to get property of non-object /home2/carolhhp/public_html/democarol.com/homeservices/application/views/admin/categories/add_categories.php 57
ERROR - 02/17/2017 03:24 pm --> Severity: Notice --> Undefined variable: rec /home2/carolhhp/public_html/democarol.com/homeservices/application/views/admin/categories/add_categories.php 57
ERROR - 02/17/2017 03:24 pm --> Severity: Notice --> Trying to get property of non-object /home2/carolhhp/public_html/democarol.com/homeservices/application/views/admin/categories/add_categories.php 57
ERROR - 02/17/2017 03:24 pm --> Severity: Notice --> Undefined variable: rec /home2/carolhhp/public_html/democarol.com/homeservices/application/views/admin/categories/add_categories.php 57
ERROR - 02/17/2017 03:24 pm --> Severity: Notice --> Trying to get property of non-object /home2/carolhhp/public_html/democarol.com/homeservices/application/views/admin/categories/add_categories.php 57
ERROR - 02/17/2017 03:24 pm --> Severity: Notice --> Undefined variable: rec /home2/carolhhp/public_html/democarol.com/homeservices/application/views/admin/categories/add_categories.php 57
ERROR - 02/17/2017 03:24 pm --> Severity: Notice --> Trying to get property of non-object /home2/carolhhp/public_html/democarol.com/homeservices/application/views/admin/categories/add_categories.php 57
ERROR - 02/17/2017 03:24 pm --> Severity: Notice --> Undefined variable: rec /home2/carolhhp/public_html/democarol.com/homeservices/application/views/admin/categories/add_categories.php 57
ERROR - 02/17/2017 03:24 pm --> Severity: Notice --> Trying to get property of non-object /home2/carolhhp/public_html/democarol.com/homeservices/application/views/admin/categories/add_categories.php 57
ERROR - 02/17/2017 03:24 pm --> Severity: Notice --> Undefined variable: rec /home2/carolhhp/public_html/democarol.com/homeservices/application/views/admin/categories/add_categories.php 57
ERROR - 02/17/2017 03:24 pm --> Severity: Notice --> Trying to get property of non-object /home2/carolhhp/public_html/democarol.com/homeservices/application/views/admin/categories/add_categories.php 57
ERROR - 02/17/2017 03:24 pm --> Severity: Notice --> Undefined variable: rec /home2/carolhhp/public_html/democarol.com/homeservices/application/views/admin/categories/add_categories.php 57
ERROR - 02/17/2017 03:24 pm --> Severity: Notice --> Trying to get property of non-object /home2/carolhhp/public_html/democarol.com/homeservices/application/views/admin/categories/add_categories.php 57
ERROR - 02/17/2017 03:24 pm --> Severity: Notice --> Undefined variable: rec /home2/carolhhp/public_html/democarol.com/homeservices/application/views/admin/categories/add_categories.php 57
ERROR - 02/17/2017 03:24 pm --> Severity: Notice --> Trying to get property of non-object /home2/carolhhp/public_html/democarol.com/homeservices/application/views/admin/categories/add_categories.php 57
ERROR - 02/17/2017 03:24 pm --> Severity: Notice --> Undefined variable: rec /home2/carolhhp/public_html/democarol.com/homeservices/application/views/admin/categories/add_categories.php 57
ERROR - 02/17/2017 03:24 pm --> Severity: Notice --> Trying to get property of non-object /home2/carolhhp/public_html/democarol.com/homeservices/application/views/admin/categories/add_categories.php 57
ERROR - 02/17/2017 03:24 pm --> Severity: Notice --> Undefined variable: rec /home2/carolhhp/public_html/democarol.com/homeservices/application/views/admin/categories/add_categories.php 57
ERROR - 02/17/2017 03:24 pm --> Severity: Notice --> Trying to get property of non-object /home2/carolhhp/public_html/democarol.com/homeservices/application/views/admin/categories/add_categories.php 57
ERROR - 02/17/2017 03:24 pm --> Severity: Notice --> Undefined variable: rec /home2/carolhhp/public_html/democarol.com/homeservices/application/views/admin/categories/add_categories.php 57
ERROR - 02/17/2017 03:24 pm --> Severity: Notice --> Trying to get property of non-object /home2/carolhhp/public_html/democarol.com/homeservices/application/views/admin/categories/add_categories.php 57
ERROR - 02/17/2017 03:54 am --> 404 Page Not Found: Assets/js
ERROR - 02/17/2017 03:54 am --> 404 Page Not Found: Images/photos
ERROR - 02/17/2017 03:24 pm --> Severity: Notice --> Undefined variable: rec /home2/carolhhp/public_html/democarol.com/homeservices/application/views/admin/categories/add_categories.php 57
ERROR - 02/17/2017 03:24 pm --> Severity: Notice --> Trying to get property of non-object /home2/carolhhp/public_html/democarol.com/homeservices/application/views/admin/categories/add_categories.php 57
ERROR - 02/17/2017 03:24 pm --> Severity: Notice --> Undefined variable: rec /home2/carolhhp/public_html/democarol.com/homeservices/application/views/admin/categories/add_categories.php 57
ERROR - 02/17/2017 03:24 pm --> Severity: Notice --> Trying to get property of non-object /home2/carolhhp/public_html/democarol.com/homeservices/application/views/admin/categories/add_categories.php 57
ERROR - 02/17/2017 03:24 pm --> Severity: Notice --> Undefined variable: rec /home2/carolhhp/public_html/democarol.com/homeservices/application/views/admin/categories/add_categories.php 57
ERROR - 02/17/2017 03:24 pm --> Severity: Notice --> Trying to get property of non-object /home2/carolhhp/public_html/democarol.com/homeservices/application/views/admin/categories/add_categories.php 57
ERROR - 02/17/2017 03:24 pm --> Severity: Notice --> Undefined variable: rec /home2/carolhhp/public_html/democarol.com/homeservices/application/views/admin/categories/add_categories.php 57
ERROR - 02/17/2017 03:24 pm --> Severity: Notice --> Trying to get property of non-object /home2/carolhhp/public_html/democarol.com/homeservices/application/views/admin/categories/add_categories.php 57
ERROR - 02/17/2017 03:24 pm --> Severity: Notice --> Undefined variable: rec /home2/carolhhp/public_html/democarol.com/homeservices/application/views/admin/categories/add_categories.php 57
ERROR - 02/17/2017 03:24 pm --> Severity: Notice --> Trying to get property of non-object /home2/carolhhp/public_html/democarol.com/homeservices/application/views/admin/categories/add_categories.php 57
ERROR - 02/17/2017 03:24 pm --> Severity: Notice --> Undefined variable: rec /home2/carolhhp/public_html/democarol.com/homeservices/application/views/admin/categories/add_categories.php 57
ERROR - 02/17/2017 03:24 pm --> Severity: Notice --> Trying to get property of non-object /home2/carolhhp/public_html/democarol.com/homeservices/application/views/admin/categories/add_categories.php 57
ERROR - 02/17/2017 03:24 pm --> Severity: Notice --> Undefined variable: rec /home2/carolhhp/public_html/democarol.com/homeservices/application/views/admin/categories/add_categories.php 57
ERROR - 02/17/2017 03:24 pm --> Severity: Notice --> Trying to get property of non-object /home2/carolhhp/public_html/democarol.com/homeservices/application/views/admin/categories/add_categories.php 57
ERROR - 02/17/2017 03:24 pm --> Severity: Notice --> Undefined variable: rec /home2/carolhhp/public_html/democarol.com/homeservices/application/views/admin/categories/add_categories.php 57
ERROR - 02/17/2017 03:24 pm --> Severity: Notice --> Trying to get property of non-object /home2/carolhhp/public_html/democarol.com/homeservices/application/views/admin/categories/add_categories.php 57
ERROR - 02/17/2017 03:24 pm --> Severity: Notice --> Undefined variable: rec /home2/carolhhp/public_html/democarol.com/homeservices/application/views/admin/categories/add_categories.php 57
ERROR - 02/17/2017 03:24 pm --> Severity: Notice --> Trying to get property of non-object /home2/carolhhp/public_html/democarol.com/homeservices/application/views/admin/categories/add_categories.php 57
ERROR - 02/17/2017 03:24 pm --> Severity: Notice --> Undefined variable: rec /home2/carolhhp/public_html/democarol.com/homeservices/application/views/admin/categories/add_categories.php 57
ERROR - 02/17/2017 03:24 pm --> Severity: Notice --> Trying to get property of non-object /home2/carolhhp/public_html/democarol.com/homeservices/application/views/admin/categories/add_categories.php 57
ERROR - 02/17/2017 03:24 pm --> Severity: Notice --> Undefined variable: rec /home2/carolhhp/public_html/democarol.com/homeservices/application/views/admin/categories/add_categories.php 57
ERROR - 02/17/2017 03:24 pm --> Severity: Notice --> Trying to get property of non-object /home2/carolhhp/public_html/democarol.com/homeservices/application/views/admin/categories/add_categories.php 57
ERROR - 02/17/2017 03:24 pm --> Severity: Notice --> Undefined variable: rec /home2/carolhhp/public_html/democarol.com/homeservices/application/views/admin/categories/add_categories.php 57
ERROR - 02/17/2017 03:24 pm --> Severity: Notice --> Trying to get property of non-object /home2/carolhhp/public_html/democarol.com/homeservices/application/views/admin/categories/add_categories.php 57
ERROR - 02/17/2017 03:24 pm --> Severity: Notice --> Undefined variable: rec /home2/carolhhp/public_html/democarol.com/homeservices/application/views/admin/categories/add_categories.php 57
ERROR - 02/17/2017 03:24 pm --> Severity: Notice --> Trying to get property of non-object /home2/carolhhp/public_html/democarol.com/homeservices/application/views/admin/categories/add_categories.php 57
ERROR - 02/17/2017 03:24 pm --> Severity: Notice --> Undefined variable: rec /home2/carolhhp/public_html/democarol.com/homeservices/application/views/admin/categories/add_categories.php 57
ERROR - 02/17/2017 03:24 pm --> Severity: Notice --> Trying to get property of non-object /home2/carolhhp/public_html/democarol.com/homeservices/application/views/admin/categories/add_categories.php 57
ERROR - 02/17/2017 03:24 pm --> Severity: Notice --> Undefined variable: rec /home2/carolhhp/public_html/democarol.com/homeservices/application/views/admin/categories/add_categories.php 57
ERROR - 02/17/2017 03:24 pm --> Severity: Notice --> Trying to get property of non-object /home2/carolhhp/public_html/democarol.com/homeservices/application/views/admin/categories/add_categories.php 57
ERROR - 02/17/2017 03:24 pm --> Severity: Notice --> Undefined variable: rec /home2/carolhhp/public_html/democarol.com/homeservices/application/views/admin/categories/add_categories.php 57
ERROR - 02/17/2017 03:24 pm --> Severity: Notice --> Trying to get property of non-object /home2/carolhhp/public_html/democarol.com/homeservices/application/views/admin/categories/add_categories.php 57
ERROR - 02/17/2017 03:24 pm --> Severity: Notice --> Undefined variable: rec /home2/carolhhp/public_html/democarol.com/homeservices/application/views/admin/categories/add_categories.php 57
ERROR - 02/17/2017 03:24 pm --> Severity: Notice --> Trying to get property of non-object /home2/carolhhp/public_html/democarol.com/homeservices/application/views/admin/categories/add_categories.php 57
ERROR - 02/17/2017 03:24 pm --> Severity: Notice --> Undefined variable: rec /home2/carolhhp/public_html/democarol.com/homeservices/application/views/admin/categories/add_categories.php 57
ERROR - 02/17/2017 03:24 pm --> Severity: Notice --> Trying to get property of non-object /home2/carolhhp/public_html/democarol.com/homeservices/application/views/admin/categories/add_categories.php 57
ERROR - 02/17/2017 03:24 pm --> Severity: Notice --> Undefined variable: rec /home2/carolhhp/public_html/democarol.com/homeservices/application/views/admin/categories/add_categories.php 57
ERROR - 02/17/2017 03:24 pm --> Severity: Notice --> Trying to get property of non-object /home2/carolhhp/public_html/democarol.com/homeservices/application/views/admin/categories/add_categories.php 57
ERROR - 02/17/2017 03:24 pm --> Severity: Notice --> Undefined variable: rec /home2/carolhhp/public_html/democarol.com/homeservices/application/views/admin/categories/add_categories.php 57
ERROR - 02/17/2017 03:24 pm --> Severity: Notice --> Trying to get property of non-object /home2/carolhhp/public_html/democarol.com/homeservices/application/views/admin/categories/add_categories.php 57
ERROR - 02/17/2017 03:57 am --> 404 Page Not Found: Assets/js
ERROR - 02/17/2017 03:57 am --> 404 Page Not Found: Assets/js
ERROR - 02/17/2017 03:57 am --> 404 Page Not Found: Assets/js
ERROR - 02/17/2017 03:57 am --> 404 Page Not Found: Images/photos
ERROR - 02/17/2017 03:27 pm --> Severity: Notice --> Undefined variable: sub_cat /home2/carolhhp/public_html/democarol.com/homeservices/application/views/admin/plan/add_plan.php 61
ERROR - 02/17/2017 03:27 pm --> Severity: Notice --> Trying to get property of non-object /home2/carolhhp/public_html/democarol.com/homeservices/application/views/admin/plan/add_plan.php 61
ERROR - 02/17/2017 03:57 am --> 404 Page Not Found: Assets/js
ERROR - 02/17/2017 03:57 am --> 404 Page Not Found: Images/photos
ERROR - 02/17/2017 03:28 pm --> Severity: Notice --> Undefined variable: sub_cat /home2/carolhhp/public_html/democarol.com/homeservices/application/views/admin/plan/add_plan.php 61
ERROR - 02/17/2017 03:28 pm --> Severity: Notice --> Trying to get property of non-object /home2/carolhhp/public_html/democarol.com/homeservices/application/views/admin/plan/add_plan.php 61
ERROR - 02/17/2017 03:58 am --> 404 Page Not Found: Assets/js
ERROR - 02/17/2017 03:58 am --> 404 Page Not Found: Images/photos
ERROR - 02/17/2017 03:29 pm --> Severity: Notice --> Undefined variable: sub_cat /home2/carolhhp/public_html/democarol.com/homeservices/application/views/admin/plan/add_plan.php 61
ERROR - 02/17/2017 03:29 pm --> Severity: Notice --> Trying to get property of non-object /home2/carolhhp/public_html/democarol.com/homeservices/application/views/admin/plan/add_plan.php 61
ERROR - 02/17/2017 03:59 am --> 404 Page Not Found: Assets/js
ERROR - 02/17/2017 03:59 am --> 404 Page Not Found: Images/photos
ERROR - 02/17/2017 03:59 am --> 404 Page Not Found: Assets/js
ERROR - 02/17/2017 03:59 am --> 404 Page Not Found: Images/photos
ERROR - 02/17/2017 03:29 pm --> Severity: Notice --> Undefined variable: sub_cat /home2/carolhhp/public_html/democarol.com/homeservices/application/views/admin/plan/add_plan.php 61
ERROR - 02/17/2017 03:29 pm --> Severity: Notice --> Trying to get property of non-object /home2/carolhhp/public_html/democarol.com/homeservices/application/views/admin/plan/add_plan.php 61
ERROR - 02/17/2017 03:59 am --> 404 Page Not Found: Assets/js
ERROR - 02/17/2017 03:59 am --> 404 Page Not Found: Images/photos
ERROR - 02/17/2017 03:29 pm --> Severity: Notice --> Undefined variable: sub_cat /home2/carolhhp/public_html/democarol.com/homeservices/application/views/admin/plan/add_plan.php 61
ERROR - 02/17/2017 03:29 pm --> Severity: Notice --> Trying to get property of non-object /home2/carolhhp/public_html/democarol.com/homeservices/application/views/admin/plan/add_plan.php 61
ERROR - 02/17/2017 03:59 am --> 404 Page Not Found: Assets/js
ERROR - 02/17/2017 03:59 am --> 404 Page Not Found: Images/photos
ERROR - 02/17/2017 03:30 pm --> Severity: Notice --> Undefined variable: sub_cat /home2/carolhhp/public_html/democarol.com/homeservices/application/views/admin/plan/add_plan.php 61
ERROR - 02/17/2017 03:30 pm --> Severity: Notice --> Trying to get property of non-object /home2/carolhhp/public_html/democarol.com/homeservices/application/views/admin/plan/add_plan.php 61
ERROR - 02/17/2017 04:00 am --> 404 Page Not Found: Assets/js
ERROR - 02/17/2017 04:00 am --> 404 Page Not Found: Images/photos
ERROR - 02/17/2017 03:31 pm --> Severity: Notice --> Undefined variable: sub_cat /home2/carolhhp/public_html/democarol.com/homeservices/application/views/admin/plan/add_plan.php 61
ERROR - 02/17/2017 03:31 pm --> Severity: Notice --> Trying to get property of non-object /home2/carolhhp/public_html/democarol.com/homeservices/application/views/admin/plan/add_plan.php 61
ERROR - 02/17/2017 04:01 am --> 404 Page Not Found: Assets/js
ERROR - 02/17/2017 04:01 am --> 404 Page Not Found: Images/photos
ERROR - 02/17/2017 03:37 pm --> Severity: Notice --> Undefined variable: sub_cat /home2/carolhhp/public_html/democarol.com/homeservices/application/views/admin/plan/add_plan.php 61
ERROR - 02/17/2017 03:37 pm --> Severity: Notice --> Trying to get property of non-object /home2/carolhhp/public_html/democarol.com/homeservices/application/views/admin/plan/add_plan.php 61
ERROR - 02/17/2017 04:07 am --> 404 Page Not Found: Assets/js
ERROR - 02/17/2017 04:07 am --> 404 Page Not Found: Images/photos
ERROR - 02/17/2017 03:45 pm --> Severity: Notice --> Undefined variable: sub_cat /home2/carolhhp/public_html/democarol.com/homeservices/application/views/admin/plan/add_plan.php 61
ERROR - 02/17/2017 03:45 pm --> Severity: Notice --> Trying to get property of non-object /home2/carolhhp/public_html/democarol.com/homeservices/application/views/admin/plan/add_plan.php 61
ERROR - 02/17/2017 04:15 am --> 404 Page Not Found: Assets/js
ERROR - 02/17/2017 04:15 am --> 404 Page Not Found: Images/photos
ERROR - 02/17/2017 03:46 pm --> Severity: Notice --> Undefined variable: sub_cat /home2/carolhhp/public_html/democarol.com/homeservices/application/views/admin/plan/add_plan.php 61
ERROR - 02/17/2017 03:46 pm --> Severity: Notice --> Trying to get property of non-object /home2/carolhhp/public_html/democarol.com/homeservices/application/views/admin/plan/add_plan.php 61
ERROR - 02/17/2017 04:16 am --> 404 Page Not Found: Assets/js
ERROR - 02/17/2017 04:16 am --> 404 Page Not Found: Images/photos
ERROR - 02/17/2017 04:16 am --> 404 Page Not Found: front/Dashboard/get_state
ERROR - 02/17/2017 03:47 pm --> Severity: Notice --> Undefined variable: sub_cat /home2/carolhhp/public_html/democarol.com/homeservices/application/views/admin/plan/add_plan.php 61
ERROR - 02/17/2017 03:47 pm --> Severity: Notice --> Trying to get property of non-object /home2/carolhhp/public_html/democarol.com/homeservices/application/views/admin/plan/add_plan.php 61
ERROR - 02/17/2017 04:17 am --> 404 Page Not Found: Assets/js
ERROR - 02/17/2017 04:17 am --> 404 Page Not Found: Images/photos
ERROR - 02/17/2017 04:17 am --> 404 Page Not Found: front/Dashboard/get_state
ERROR - 02/17/2017 04:17 am --> 404 Page Not Found: front/Dashboard/get_state
ERROR - 02/17/2017 03:48 pm --> Severity: Notice --> Undefined variable: sub_cat /home2/carolhhp/public_html/democarol.com/homeservices/application/views/admin/plan/add_plan.php 61
ERROR - 02/17/2017 03:48 pm --> Severity: Notice --> Trying to get property of non-object /home2/carolhhp/public_html/democarol.com/homeservices/application/views/admin/plan/add_plan.php 61
ERROR - 02/17/2017 04:18 am --> 404 Page Not Found: Assets/js
ERROR - 02/17/2017 04:18 am --> 404 Page Not Found: Images/photos
ERROR - 02/17/2017 04:18 am --> 404 Page Not Found: front/Dashboard/get_state
ERROR - 02/17/2017 03:52 pm --> Severity: Notice --> Undefined variable: sub_cat /home2/carolhhp/public_html/democarol.com/homeservices/application/views/admin/plan/add_plan.php 61
ERROR - 02/17/2017 03:52 pm --> Severity: Notice --> Trying to get property of non-object /home2/carolhhp/public_html/democarol.com/homeservices/application/views/admin/plan/add_plan.php 61
ERROR - 02/17/2017 04:22 am --> 404 Page Not Found: Assets/js
ERROR - 02/17/2017 04:22 am --> 404 Page Not Found: Images/photos
ERROR - 02/17/2017 04:22 am --> 404 Page Not Found: Admin/Plan
ERROR - 02/17/2017 03:57 pm --> Severity: Notice --> Undefined variable: sub_cat /home2/carolhhp/public_html/democarol.com/homeservices/application/views/admin/plan/add_plan.php 61
ERROR - 02/17/2017 03:57 pm --> Severity: Notice --> Trying to get property of non-object /home2/carolhhp/public_html/democarol.com/homeservices/application/views/admin/plan/add_plan.php 61
ERROR - 02/17/2017 04:27 am --> 404 Page Not Found: Assets/js
ERROR - 02/17/2017 04:27 am --> 404 Page Not Found: Images/photos
ERROR - 02/17/2017 03:57 pm --> Severity: Notice --> Undefined variable: sub_cat /home2/carolhhp/public_html/democarol.com/homeservices/application/views/admin/plan/add_plan.php 61
ERROR - 02/17/2017 03:57 pm --> Severity: Notice --> Trying to get property of non-object /home2/carolhhp/public_html/democarol.com/homeservices/application/views/admin/plan/add_plan.php 61
ERROR - 02/17/2017 04:27 am --> 404 Page Not Found: Assets/js
ERROR - 02/17/2017 04:27 am --> 404 Page Not Found: Admin/plan
ERROR - 02/17/2017 04:27 am --> 404 Page Not Found: Images/photos
ERROR - 02/17/2017 04:46 am --> 404 Page Not Found: Minus_GetPrice/1
ERROR - 02/17/2017 04:24 pm --> Severity: Notice --> Undefined variable: sub_cat /home2/carolhhp/public_html/democarol.com/homeservices/application/views/admin/plan/add_plan.php 61
ERROR - 02/17/2017 04:24 pm --> Severity: Notice --> Trying to get property of non-object /home2/carolhhp/public_html/democarol.com/homeservices/application/views/admin/plan/add_plan.php 61
ERROR - 02/17/2017 04:54 am --> 404 Page Not Found: Assets/js
ERROR - 02/17/2017 04:54 am --> 404 Page Not Found: Images/photos
ERROR - 02/17/2017 04:25 pm --> Severity: Notice --> Undefined variable: sub_cat /home2/carolhhp/public_html/democarol.com/homeservices/application/views/admin/plan/add_plan.php 61
ERROR - 02/17/2017 04:25 pm --> Severity: Notice --> Trying to get property of non-object /home2/carolhhp/public_html/democarol.com/homeservices/application/views/admin/plan/add_plan.php 61
ERROR - 02/17/2017 04:55 am --> 404 Page Not Found: Assets/js
ERROR - 02/17/2017 04:55 am --> 404 Page Not Found: Images/photos
ERROR - 02/17/2017 04:25 pm --> Severity: Notice --> Undefined variable: sub_cat /home2/carolhhp/public_html/democarol.com/homeservices/application/views/admin/plan/add_plan.php 61
ERROR - 02/17/2017 04:25 pm --> Severity: Notice --> Trying to get property of non-object /home2/carolhhp/public_html/democarol.com/homeservices/application/views/admin/plan/add_plan.php 61
ERROR - 02/17/2017 04:55 am --> 404 Page Not Found: Assets/js
ERROR - 02/17/2017 04:55 am --> 404 Page Not Found: Images/photos
ERROR - 02/17/2017 04:25 pm --> Severity: Notice --> Undefined variable: sub_cat /home2/carolhhp/public_html/democarol.com/homeservices/application/views/admin/plan/add_plan.php 61
ERROR - 02/17/2017 04:25 pm --> Severity: Notice --> Trying to get property of non-object /home2/carolhhp/public_html/democarol.com/homeservices/application/views/admin/plan/add_plan.php 61
ERROR - 02/17/2017 04:55 am --> 404 Page Not Found: Assets/js
ERROR - 02/17/2017 04:55 am --> 404 Page Not Found: Images/photos
ERROR - 02/17/2017 04:25 pm --> Severity: Notice --> Undefined variable: sub_cat /home2/carolhhp/public_html/democarol.com/homeservices/application/views/admin/plan/add_plan.php 61
ERROR - 02/17/2017 04:25 pm --> Severity: Notice --> Trying to get property of non-object /home2/carolhhp/public_html/democarol.com/homeservices/application/views/admin/plan/add_plan.php 61
ERROR - 02/17/2017 04:55 am --> 404 Page Not Found: Assets/js
ERROR - 02/17/2017 04:55 am --> 404 Page Not Found: Images/photos
ERROR - 02/17/2017 04:32 pm --> Severity: Notice --> Undefined variable: sub_cat /home2/carolhhp/public_html/democarol.com/homeservices/application/views/admin/plan/add_plan.php 61
ERROR - 02/17/2017 04:32 pm --> Severity: Notice --> Trying to get property of non-object /home2/carolhhp/public_html/democarol.com/homeservices/application/views/admin/plan/add_plan.php 61
ERROR - 02/17/2017 05:02 am --> 404 Page Not Found: Assets/js
ERROR - 02/17/2017 05:02 am --> 404 Page Not Found: Images/photos
ERROR - 02/17/2017 04:35 pm --> Severity: Notice --> Undefined variable: sub_cat /home2/carolhhp/public_html/democarol.com/homeservices/application/views/admin/plan/add_plan.php 61
ERROR - 02/17/2017 04:35 pm --> Severity: Notice --> Trying to get property of non-object /home2/carolhhp/public_html/democarol.com/homeservices/application/views/admin/plan/add_plan.php 61
ERROR - 02/17/2017 05:05 am --> 404 Page Not Found: Assets/js
ERROR - 02/17/2017 05:05 am --> 404 Page Not Found: Images/photos
ERROR - 02/17/2017 05:05 am --> 404 Page Not Found: Admin/Plan
ERROR - 02/17/2017 04:36 pm --> Severity: Notice --> Undefined variable: sub_cat /home2/carolhhp/public_html/democarol.com/homeservices/application/views/admin/plan/add_plan.php 61
ERROR - 02/17/2017 04:36 pm --> Severity: Notice --> Trying to get property of non-object /home2/carolhhp/public_html/democarol.com/homeservices/application/views/admin/plan/add_plan.php 61
ERROR - 02/17/2017 05:06 am --> 404 Page Not Found: Assets/js
ERROR - 02/17/2017 05:06 am --> 404 Page Not Found: Images/photos
ERROR - 02/17/2017 05:06 am --> 404 Page Not Found: Admin/Plan
ERROR - 02/17/2017 04:36 pm --> Severity: Notice --> Undefined variable: sub_cat /home2/carolhhp/public_html/democarol.com/homeservices/application/views/admin/plan/add_plan.php 61
ERROR - 02/17/2017 04:36 pm --> Severity: Notice --> Trying to get property of non-object /home2/carolhhp/public_html/democarol.com/homeservices/application/views/admin/plan/add_plan.php 61
ERROR - 02/17/2017 05:06 am --> 404 Page Not Found: Assets/js
ERROR - 02/17/2017 05:06 am --> 404 Page Not Found: Images/photos
ERROR - 02/17/2017 05:06 am --> 404 Page Not Found: Admin/Plan
ERROR - 02/17/2017 04:37 pm --> Severity: Notice --> Undefined variable: sub_cat /home2/carolhhp/public_html/democarol.com/homeservices/application/views/admin/plan/add_plan.php 61
ERROR - 02/17/2017 04:37 pm --> Severity: Notice --> Trying to get property of non-object /home2/carolhhp/public_html/democarol.com/homeservices/application/views/admin/plan/add_plan.php 61
ERROR - 02/17/2017 04:37 pm --> Severity: Notice --> Use of undefined constant Getsubcat - assumed 'Getsubcat' /home2/carolhhp/public_html/democarol.com/homeservices/application/views/admin/plan/add_plan.php 169
ERROR - 02/17/2017 05:07 am --> 404 Page Not Found: Assets/js
ERROR - 02/17/2017 05:07 am --> 404 Page Not Found: Images/photos
ERROR - 02/17/2017 04:37 pm --> Severity: Notice --> Undefined variable: sub_cat /home2/carolhhp/public_html/democarol.com/homeservices/application/views/admin/plan/add_plan.php 61
ERROR - 02/17/2017 04:37 pm --> Severity: Notice --> Trying to get property of non-object /home2/carolhhp/public_html/democarol.com/homeservices/application/views/admin/plan/add_plan.php 61
ERROR - 02/17/2017 04:37 pm --> Severity: Notice --> Use of undefined constant Getsubcat - assumed 'Getsubcat' /home2/carolhhp/public_html/democarol.com/homeservices/application/views/admin/plan/add_plan.php 169
ERROR - 02/17/2017 05:07 am --> 404 Page Not Found: Assets/js
ERROR - 02/17/2017 05:07 am --> 404 Page Not Found: Images/photos
ERROR - 02/17/2017 04:37 pm --> Severity: Notice --> Undefined variable: sub_cat /home2/carolhhp/public_html/democarol.com/homeservices/application/views/admin/plan/add_plan.php 61
ERROR - 02/17/2017 04:37 pm --> Severity: Notice --> Trying to get property of non-object /home2/carolhhp/public_html/democarol.com/homeservices/application/views/admin/plan/add_plan.php 61
ERROR - 02/17/2017 05:07 am --> 404 Page Not Found: Assets/js
ERROR - 02/17/2017 05:07 am --> 404 Page Not Found: Images/photos
ERROR - 02/17/2017 05:08 am --> 404 Page Not Found: Admin/Plan
ERROR - 02/17/2017 04:38 pm --> Severity: Notice --> Undefined variable: sub_cat /home2/carolhhp/public_html/democarol.com/homeservices/application/views/admin/plan/add_plan.php 61
ERROR - 02/17/2017 04:38 pm --> Severity: Notice --> Trying to get property of non-object /home2/carolhhp/public_html/democarol.com/homeservices/application/views/admin/plan/add_plan.php 61
ERROR - 02/17/2017 05:08 am --> 404 Page Not Found: Assets/js
ERROR - 02/17/2017 05:08 am --> 404 Page Not Found: Images/photos
ERROR - 02/17/2017 05:08 am --> 404 Page Not Found: Assets/js
ERROR - 02/17/2017 05:08 am --> 404 Page Not Found: Images/photos
ERROR - 02/17/2017 05:08 am --> 404 Page Not Found: Admin/Plan
ERROR - 02/17/2017 04:39 pm --> Severity: Notice --> Undefined variable: sub_cat /home2/carolhhp/public_html/democarol.com/homeservices/application/views/admin/plan/add_plan.php 61
ERROR - 02/17/2017 04:39 pm --> Severity: Notice --> Trying to get property of non-object /home2/carolhhp/public_html/democarol.com/homeservices/application/views/admin/plan/add_plan.php 61
ERROR - 02/17/2017 05:09 am --> 404 Page Not Found: Assets/js
ERROR - 02/17/2017 05:09 am --> 404 Page Not Found: Images/photos
ERROR - 02/17/2017 05:09 am --> 404 Page Not Found: Admin/plan
ERROR - 02/17/2017 04:39 pm --> Severity: Notice --> Undefined variable: sub_cat /home2/carolhhp/public_html/democarol.com/homeservices/application/views/admin/plan/add_plan.php 61
ERROR - 02/17/2017 04:39 pm --> Severity: Notice --> Trying to get property of non-object /home2/carolhhp/public_html/democarol.com/homeservices/application/views/admin/plan/add_plan.php 61
ERROR - 02/17/2017 05:09 am --> 404 Page Not Found: Assets/js
ERROR - 02/17/2017 05:09 am --> 404 Page Not Found: Images/photos
ERROR - 02/17/2017 05:09 am --> 404 Page Not Found: Admin/plan
ERROR - 02/17/2017 05:09 am --> 404 Page Not Found: GetPrice/1
ERROR - 02/17/2017 05:09 am --> 404 Page Not Found: GetPrice/2
ERROR - 02/17/2017 04:51 pm --> Severity: Notice --> Undefined variable: first_getcurr /home2/carolhhp/public_html/democarol.com/homeservices/application/controllers/front/Service.php 114
ERROR - 02/17/2017 04:52 pm --> Severity: Notice --> Undefined variable: sub_cat /home2/carolhhp/public_html/democarol.com/homeservices/application/views/admin/plan/add_plan.php 61
ERROR - 02/17/2017 04:52 pm --> Severity: Notice --> Trying to get property of non-object /home2/carolhhp/public_html/democarol.com/homeservices/application/views/admin/plan/add_plan.php 61
ERROR - 02/17/2017 05:22 am --> 404 Page Not Found: Assets/js
ERROR - 02/17/2017 05:22 am --> 404 Page Not Found: Images/photos
ERROR - 02/17/2017 05:22 am --> 404 Page Not Found: Assets/js
ERROR - 02/17/2017 05:22 am --> 404 Page Not Found: Images/photos
ERROR - 02/17/2017 05:00 pm --> Severity: Notice --> Undefined variable: sub_cat /home2/carolhhp/public_html/democarol.com/homeservices/application/views/admin/plan/add_plan.php 61
ERROR - 02/17/2017 05:00 pm --> Severity: Notice --> Trying to get property of non-object /home2/carolhhp/public_html/democarol.com/homeservices/application/views/admin/plan/add_plan.php 61
ERROR - 02/17/2017 05:30 am --> 404 Page Not Found: Assets/js
ERROR - 02/17/2017 05:30 am --> 404 Page Not Found: Images/photos
ERROR - 02/17/2017 05:02 pm --> Severity: Notice --> Undefined variable: third_getcurr /home2/carolhhp/public_html/democarol.com/homeservices/application/controllers/front/Service.php 131
ERROR - 02/17/2017 05:35 pm --> Severity: Notice --> Undefined variable: sub_cat /home2/carolhhp/public_html/democarol.com/homeservices/application/views/admin/plan/add_plan.php 61
ERROR - 02/17/2017 05:35 pm --> Severity: Notice --> Trying to get property of non-object /home2/carolhhp/public_html/democarol.com/homeservices/application/views/admin/plan/add_plan.php 61
ERROR - 02/17/2017 06:05 am --> 404 Page Not Found: Assets/js
ERROR - 02/17/2017 06:05 am --> 404 Page Not Found: Images/photos
ERROR - 02/17/2017 06:17 am --> 404 Page Not Found: M_GetPrice/-
ERROR - 02/17/2017 06:35 pm --> Severity: Notice --> Undefined variable: sub_cat /home2/carolhhp/public_html/democarol.com/homeservices/application/views/admin/plan/add_plan.php 61
ERROR - 02/17/2017 06:35 pm --> Severity: Notice --> Trying to get property of non-object /home2/carolhhp/public_html/democarol.com/homeservices/application/views/admin/plan/add_plan.php 61
ERROR - 02/17/2017 07:05 am --> 404 Page Not Found: Assets/js
ERROR - 02/17/2017 07:05 am --> 404 Page Not Found: Images/photos
ERROR - 02/17/2017 07:42 am --> 404 Page Not Found: Assets/front
ERROR - 02/17/2017 08:05 am --> 404 Page Not Found: Assets/front
ERROR - 02/17/2017 08:07 am --> 404 Page Not Found: Assets/front
ERROR - 02/17/2017 08:08 am --> 404 Page Not Found: Assets/front
ERROR - 02/17/2017 11:31 pm --> 404 Page Not Found: Assets/img
ERROR - 02/17/2017 11:31 pm --> 404 Page Not Found: Assets/img
ERROR - 02/17/2017 11:31 pm --> 404 Page Not Found: Assets/js
ERROR - 02/17/2017 11:31 pm --> 404 Page Not Found: Images/photos
ERROR - 02/17/2017 11:31 pm --> 404 Page Not Found: Assets/js
ERROR - 02/17/2017 11:31 pm --> 404 Page Not Found: Assets/js
ERROR - 02/17/2017 11:31 pm --> 404 Page Not Found: Assets/js
ERROR - 02/17/2017 11:31 pm --> 404 Page Not Found: Images/photos
ERROR - 02/17/2017 11:31 pm --> 404 Page Not Found: Assets/js
ERROR - 02/17/2017 11:31 pm --> 404 Page Not Found: Assets/js
ERROR - 02/17/2017 11:31 pm --> 404 Page Not Found: Images/photos
