ERROR - 02/06/2018 04:18 am --> Query error: Duplicate entry '185510a23233baacf31adb4b36c627faec816fed' for key 'PRIMARY' - Invalid query: INSERT INTO `ai_sessions` (`id`, `ip_address`, `timestamp`, `data`) VALUES ('185510a23233baacf31adb4b36c627faec816fed', '180.76.15.30', 1517870901, '__ci_last_regenerate|i:1517870901;fb_1798431413741569_state|s:32:\"349934fe29d7890684d46d9631b80d07\";')
ERROR - 02/06/2018 04:18 am --> Severity: Warning --> Unknown: Failed to write session data (user). Please verify that the current setting of session.save_path is correct (sessions) Unknown 0
ERROR - 02/06/2018 02:37 am --> 404 Page Not Found: Assets/front
ERROR - 02/06/2018 02:37 am --> 404 Page Not Found: front/Service/badroom_plan
ERROR - 02/06/2018 02:37 am --> 404 Page Not Found: front/Service/badroom_plan
ERROR - 02/06/2018 02:38 am --> 404 Page Not Found: front/Service/badroom_plan
ERROR - 02/06/2018 02:38 am --> 404 Page Not Found: Assets/front
ERROR - 02/06/2018 02:38 am --> 404 Page Not Found: Assets/front
ERROR - 02/06/2018 02:38 am --> 404 Page Not Found: Assets/front
ERROR - 02/06/2018 02:38 am --> 404 Page Not Found: Assets/front
ERROR - 02/06/2018 02:38 am --> 404 Page Not Found: Assets/front
ERROR - 02/06/2018 02:45 am --> 404 Page Not Found: Assets/js
ERROR - 02/06/2018 02:45 am --> 404 Page Not Found: Assets/js
ERROR - 02/06/2018 02:45 am --> 404 Page Not Found: Images/photos
ERROR - 02/06/2018 02:45 am --> 404 Page Not Found: Assets/js
ERROR - 02/06/2018 02:45 am --> 404 Page Not Found: Images/photos
ERROR - 02/06/2018 02:45 am --> 404 Page Not Found: Images/loading_spinner.gif
ERROR - 02/06/2018 02:45 am --> 404 Page Not Found: Assets/js
ERROR - 02/06/2018 02:45 am --> 404 Page Not Found: Assets/js
ERROR - 02/06/2018 02:45 am --> 404 Page Not Found: Assets/js
ERROR - 02/06/2018 02:46 am --> 404 Page Not Found: Assets/js
ERROR - 02/06/2018 02:46 am --> 404 Page Not Found: Images/photos
ERROR - 02/06/2018 02:46 am --> 404 Page Not Found: Assets/js
ERROR - 02/06/2018 02:46 am --> 404 Page Not Found: Assets/js
ERROR - 02/06/2018 02:46 am --> 404 Page Not Found: Assets/js
ERROR - 02/06/2018 02:46 am --> 404 Page Not Found: Images/photos
ERROR - 02/06/2018 02:46 am --> 404 Page Not Found: Assets/js
ERROR - 02/06/2018 02:46 am --> 404 Page Not Found: Assets/js
ERROR - 02/06/2018 02:46 am --> 404 Page Not Found: Assets/js
ERROR - 02/06/2018 02:46 am --> 404 Page Not Found: Images/photos
ERROR - 02/06/2018 02:46 am --> 404 Page Not Found: Assets/js
ERROR - 02/06/2018 02:46 am --> 404 Page Not Found: Assets/js
ERROR - 02/06/2018 02:47 am --> 404 Page Not Found: Assets/js
ERROR - 02/06/2018 02:47 am --> 404 Page Not Found: Images/photos
ERROR - 02/06/2018 02:47 am --> 404 Page Not Found: Images/loading_spinner.gif
ERROR - 02/06/2018 02:47 am --> 404 Page Not Found: Assets/js
ERROR - 02/06/2018 02:47 am --> 404 Page Not Found: Assets/js
ERROR - 02/06/2018 02:47 am --> 404 Page Not Found: Assets/js
ERROR - 02/06/2018 02:47 am --> 404 Page Not Found: Assets/js
ERROR - 02/06/2018 02:47 am --> 404 Page Not Found: Images/photos
ERROR - 02/06/2018 02:47 am --> 404 Page Not Found: Assets/js
ERROR - 02/06/2018 02:47 am --> 404 Page Not Found: Assets/js
ERROR - 02/06/2018 02:47 am --> 404 Page Not Found: Assets/js
ERROR - 02/06/2018 02:47 am --> 404 Page Not Found: Assets/js
ERROR - 02/06/2018 02:47 am --> 404 Page Not Found: Assets/js
ERROR - 02/06/2018 02:47 am --> 404 Page Not Found: Images/photos
ERROR - 02/06/2018 02:47 am --> 404 Page Not Found: Assets/js
ERROR - 02/06/2018 02:47 am --> 404 Page Not Found: Assets/js
ERROR - 02/06/2018 02:47 am --> 404 Page Not Found: Assets/js
ERROR - 02/06/2018 02:47 am --> 404 Page Not Found: Assets/js
ERROR - 02/06/2018 02:47 am --> 404 Page Not Found: Assets/front
ERROR - 02/06/2018 02:47 am --> 404 Page Not Found: front/Service/badroom_plan
ERROR - 02/06/2018 02:47 am --> 404 Page Not Found: front/Service/badroom_plan
ERROR - 02/06/2018 02:47 am --> 404 Page Not Found: Assets/front
ERROR - 02/06/2018 02:47 am --> 404 Page Not Found: Assets/front
ERROR - 02/06/2018 02:47 am --> 404 Page Not Found: Assets/front
ERROR - 02/06/2018 02:47 am --> 404 Page Not Found: Assets/front
ERROR - 02/06/2018 02:47 am --> 404 Page Not Found: Assets/front
ERROR - 02/06/2018 02:48 am --> 404 Page Not Found: Assets/js
ERROR - 02/06/2018 02:48 am --> 404 Page Not Found: Images/photos
ERROR - 02/06/2018 02:50 am --> 404 Page Not Found: front/Service/badroom_plan
ERROR - 02/06/2018 05:12 am --> 404 Page Not Found: Assets/front
ERROR - 02/06/2018 05:13 am --> 404 Page Not Found: Assets/front
ERROR - 02/06/2018 05:13 am --> 404 Page Not Found: Assets/front
ERROR - 02/06/2018 05:13 am --> 404 Page Not Found: Assets/front
ERROR - 02/06/2018 05:13 am --> 404 Page Not Found: Assets/front
ERROR - 02/06/2018 05:13 am --> 404 Page Not Found: Assets/front
ERROR - 02/06/2018 05:16 am --> 404 Page Not Found: Assets/front
ERROR - 02/06/2018 11:26 pm --> 404 Page Not Found: Assets/front
ERROR - 02/06/2018 11:30 pm --> 404 Page Not Found: Assets/front
