ERROR - 01/31/2017 12:49 am --> 404 Page Not Found: Assets/front
ERROR - 01/31/2017 12:52 am --> 404 Page Not Found: Assets/front
ERROR - 01/31/2017 01:09 am --> 404 Page Not Found: Assets/front
ERROR - 01/31/2017 03:42 am --> 404 Page Not Found: Assets/img
ERROR - 01/31/2017 03:42 am --> 404 Page Not Found: Assets/img
ERROR - 01/31/2017 03:42 am --> 404 Page Not Found: Assets/js
ERROR - 01/31/2017 03:42 am --> 404 Page Not Found: Images/photos
ERROR - 01/31/2017 03:15 pm --> Severity: Notice --> Undefined variable: review /home2/carolhhp/public_html/democarol.com/homeservices/application/views/admin/location/manage_location.php 64
ERROR - 01/31/2017 03:45 am --> 404 Page Not Found: Assets/js
ERROR - 01/31/2017 03:45 am --> 404 Page Not Found: Assets/js
ERROR - 01/31/2017 03:45 am --> 404 Page Not Found: Assets/js
ERROR - 01/31/2017 03:45 am --> 404 Page Not Found: Images/photos
ERROR - 01/31/2017 03:46 am --> 404 Page Not Found: Images/photos
ERROR - 01/31/2017 03:46 am --> 404 Page Not Found: Assets/js
ERROR - 01/31/2017 03:46 am --> 404 Page Not Found: Images/photos
ERROR - 01/31/2017 03:46 am --> 404 Page Not Found: Assets/js
ERROR - 01/31/2017 03:46 am --> 404 Page Not Found: Images/photos
ERROR - 01/31/2017 03:27 pm --> Severity: Notice --> Undefined variable: review /home2/carolhhp/public_html/democarol.com/homeservices/application/views/admin/location/manage_location.php 64
ERROR - 01/31/2017 03:57 am --> 404 Page Not Found: Assets/js
ERROR - 01/31/2017 03:57 am --> 404 Page Not Found: Assets/js
ERROR - 01/31/2017 03:57 am --> 404 Page Not Found: Assets/js
ERROR - 01/31/2017 03:57 am --> 404 Page Not Found: Assets/js
ERROR - 01/31/2017 03:57 am --> 404 Page Not Found: Images/photos
ERROR - 01/31/2017 03:57 am --> 404 Page Not Found: Assets/js
ERROR - 01/31/2017 03:57 am --> 404 Page Not Found: Assets/js
ERROR - 01/31/2017 03:28 pm --> Severity: Notice --> Undefined variable: review /home2/carolhhp/public_html/democarol.com/homeservices/application/views/admin/location/manage_location.php 64
ERROR - 01/31/2017 03:58 am --> 404 Page Not Found: Assets/js
ERROR - 01/31/2017 03:58 am --> 404 Page Not Found: Assets/js
ERROR - 01/31/2017 03:58 am --> 404 Page Not Found: Assets/js
ERROR - 01/31/2017 03:58 am --> 404 Page Not Found: Images/photos
ERROR - 01/31/2017 03:58 am --> 404 Page Not Found: Assets/js
ERROR - 01/31/2017 03:58 am --> 404 Page Not Found: Images/photos
ERROR - 01/31/2017 03:28 pm --> Severity: Notice --> Undefined variable: review /home2/carolhhp/public_html/democarol.com/homeservices/application/views/admin/location/manage_location.php 64
ERROR - 01/31/2017 03:58 am --> 404 Page Not Found: Assets/js
ERROR - 01/31/2017 03:58 am --> 404 Page Not Found: Assets/js
ERROR - 01/31/2017 03:58 am --> 404 Page Not Found: Assets/js
ERROR - 01/31/2017 03:58 am --> 404 Page Not Found: Assets/js
ERROR - 01/31/2017 03:58 am --> 404 Page Not Found: Images/photos
ERROR - 01/31/2017 03:58 am --> 404 Page Not Found: Assets/js
ERROR - 01/31/2017 04:01 am --> 404 Page Not Found: Assets/js
ERROR - 01/31/2017 04:01 am --> 404 Page Not Found: Images/photos
ERROR - 01/31/2017 03:32 pm --> Severity: Notice --> Undefined offset: 4 /home2/carolhhp/public_html/democarol.com/homeservices/application/controllers/Location.php 32
ERROR - 01/31/2017 03:32 pm --> Severity: Notice --> Undefined offset: 5 /home2/carolhhp/public_html/democarol.com/homeservices/application/controllers/Location.php 33
ERROR - 01/31/2017 03:32 pm --> Severity: Notice --> Undefined index: bounds /home2/carolhhp/public_html/democarol.com/homeservices/application/controllers/Location.php 35
ERROR - 01/31/2017 03:32 pm --> Severity: Notice --> Undefined index: bounds /home2/carolhhp/public_html/democarol.com/homeservices/application/controllers/Location.php 36
ERROR - 01/31/2017 03:32 pm --> Severity: Warning --> Cannot modify header information - headers already sent by (output started at /home2/carolhhp/public_html/democarol.com/homeservices/system/core/Exceptions.php:271) /home2/carolhhp/public_html/democarol.com/homeservices/system/helpers/url_helper.php 564
ERROR - 01/31/2017 04:05 am --> 404 Page Not Found: Images/photos
ERROR - 01/31/2017 04:06 am --> 404 Page Not Found: Assets/js
ERROR - 01/31/2017 04:06 am --> 404 Page Not Found: Images/photos
ERROR - 01/31/2017 04:06 am --> 404 Page Not Found: Images/photos
ERROR - 01/31/2017 04:07 am --> 404 Page Not Found: Assets/js
ERROR - 01/31/2017 04:07 am --> 404 Page Not Found: Images/photos
ERROR - 01/31/2017 03:37 pm --> Severity: Notice --> Undefined index: bounds /home2/carolhhp/public_html/democarol.com/homeservices/application/controllers/Location.php 35
ERROR - 01/31/2017 03:37 pm --> Severity: Notice --> Undefined index: bounds /home2/carolhhp/public_html/democarol.com/homeservices/application/controllers/Location.php 36
ERROR - 01/31/2017 03:37 pm --> Severity: Warning --> Cannot modify header information - headers already sent by (output started at /home2/carolhhp/public_html/democarol.com/homeservices/system/core/Exceptions.php:271) /home2/carolhhp/public_html/democarol.com/homeservices/system/helpers/url_helper.php 564
ERROR - 01/31/2017 04:08 am --> 404 Page Not Found: Assets/js
ERROR - 01/31/2017 04:08 am --> 404 Page Not Found: Images/photos
ERROR - 01/31/2017 04:08 am --> 404 Page Not Found: Assets/js
ERROR - 01/31/2017 04:08 am --> 404 Page Not Found: Images/photos
ERROR - 01/31/2017 03:38 pm --> Severity: Notice --> Undefined index: bounds /home2/carolhhp/public_html/democarol.com/homeservices/application/controllers/Location.php 35
ERROR - 01/31/2017 03:38 pm --> Severity: Notice --> Undefined index: bounds /home2/carolhhp/public_html/democarol.com/homeservices/application/controllers/Location.php 36
ERROR - 01/31/2017 03:38 pm --> Severity: Warning --> Cannot modify header information - headers already sent by (output started at /home2/carolhhp/public_html/democarol.com/homeservices/application/controllers/Location.php:27) /home2/carolhhp/public_html/democarol.com/homeservices/system/helpers/url_helper.php 564
ERROR - 01/31/2017 04:11 am --> 404 Page Not Found: Assets/js
ERROR - 01/31/2017 04:11 am --> 404 Page Not Found: Images/photos
ERROR - 01/31/2017 03:41 pm --> Severity: Warning --> Cannot modify header information - headers already sent by (output started at /home2/carolhhp/public_html/democarol.com/homeservices/application/controllers/Location.php:27) /home2/carolhhp/public_html/democarol.com/homeservices/system/helpers/url_helper.php 564
ERROR - 01/31/2017 03:41 pm --> Severity: Notice --> Undefined variable: review /home2/carolhhp/public_html/democarol.com/homeservices/application/views/admin/location/manage_location.php 64
ERROR - 01/31/2017 04:11 am --> 404 Page Not Found: Images/photos
ERROR - 01/31/2017 04:11 am --> 404 Page Not Found: Assets/js
ERROR - 01/31/2017 04:11 am --> 404 Page Not Found: Images/photos
ERROR - 01/31/2017 04:11 am --> 404 Page Not Found: Assets/js
ERROR - 01/31/2017 04:11 am --> 404 Page Not Found: Assets/js
ERROR - 01/31/2017 04:11 am --> 404 Page Not Found: Assets/js
ERROR - 01/31/2017 04:14 am --> 404 Page Not Found: Assets/js
ERROR - 01/31/2017 04:14 am --> 404 Page Not Found: Images/photos
ERROR - 01/31/2017 04:14 am --> 404 Page Not Found: Assets/js
ERROR - 01/31/2017 04:14 am --> 404 Page Not Found: Images/photos
ERROR - 01/31/2017 03:44 pm --> Severity: Notice --> Undefined variable: review /home2/carolhhp/public_html/democarol.com/homeservices/application/views/admin/location/manage_location.php 64
ERROR - 01/31/2017 04:14 am --> 404 Page Not Found: Assets/js
ERROR - 01/31/2017 04:14 am --> 404 Page Not Found: Assets/js
ERROR - 01/31/2017 04:14 am --> 404 Page Not Found: Assets/js
ERROR - 01/31/2017 04:14 am --> 404 Page Not Found: Assets/js
ERROR - 01/31/2017 04:14 am --> 404 Page Not Found: Images/photos
ERROR - 01/31/2017 03:50 pm --> Severity: Notice --> Undefined variable: review /home2/carolhhp/public_html/democarol.com/homeservices/application/views/admin/location/manage_location.php 64
ERROR - 01/31/2017 04:20 am --> 404 Page Not Found: Images/photos
ERROR - 01/31/2017 04:20 am --> 404 Page Not Found: Assets/js
ERROR - 01/31/2017 04:20 am --> 404 Page Not Found: Assets/js
ERROR - 01/31/2017 04:20 am --> 404 Page Not Found: Assets/js
ERROR - 01/31/2017 04:20 am --> 404 Page Not Found: Images/photos
ERROR - 01/31/2017 04:20 am --> 404 Page Not Found: Assets/js
ERROR - 01/31/2017 04:20 am --> 404 Page Not Found: Assets/js
ERROR - 01/31/2017 04:20 am --> 404 Page Not Found: Assets/js
ERROR - 01/31/2017 04:20 am --> 404 Page Not Found: Images/photos
ERROR - 01/31/2017 04:24 am --> 404 Page Not Found: Assets/js
ERROR - 01/31/2017 04:24 am --> 404 Page Not Found: Images/photos
ERROR - 01/31/2017 05:30 am --> 404 Page Not Found: Assets/js
ERROR - 01/31/2017 05:30 am --> 404 Page Not Found: Images/photos
ERROR - 01/31/2017 06:09 am --> 404 Page Not Found: Assets/js
ERROR - 01/31/2017 06:09 am --> 404 Page Not Found: Images/photos
ERROR - 01/31/2017 06:09 am --> 404 Page Not Found: Assets/js
ERROR - 01/31/2017 06:09 am --> 404 Page Not Found: Images/photos
ERROR - 01/31/2017 06:10 am --> 404 Page Not Found: Assets/js
ERROR - 01/31/2017 06:10 am --> 404 Page Not Found: Images/photos
ERROR - 01/31/2017 06:29 am --> 404 Page Not Found: Assets/js
ERROR - 01/31/2017 06:29 am --> 404 Page Not Found: Images/photos
ERROR - 01/31/2017 06:00 pm --> Severity: Notice --> Undefined variable: review /home2/carolhhp/public_html/democarol.com/homeservices/application/views/admin/location/manage_location.php 64
ERROR - 01/31/2017 06:30 am --> 404 Page Not Found: Images/photos
ERROR - 01/31/2017 06:30 am --> 404 Page Not Found: Assets/js
ERROR - 01/31/2017 06:30 am --> 404 Page Not Found: Assets/js
ERROR - 01/31/2017 06:00 pm --> Severity: Notice --> Undefined variable: review /home2/carolhhp/public_html/democarol.com/homeservices/application/views/admin/location/manage_location.php 64
ERROR - 01/31/2017 06:30 am --> 404 Page Not Found: Assets/js
ERROR - 01/31/2017 06:30 am --> 404 Page Not Found: Assets/js
ERROR - 01/31/2017 06:30 am --> 404 Page Not Found: Images/photos
ERROR - 01/31/2017 06:30 am --> 404 Page Not Found: Assets/js
ERROR - 01/31/2017 06:30 am --> 404 Page Not Found: Images/photos
ERROR - 01/31/2017 06:33 am --> 404 Page Not Found: Assets/js
ERROR - 01/31/2017 06:33 am --> 404 Page Not Found: Images/photos
ERROR - 01/31/2017 06:04 pm --> Severity: Notice --> Undefined variable: review /home2/carolhhp/public_html/democarol.com/homeservices/application/views/admin/location/manage_location.php 64
ERROR - 01/31/2017 06:34 am --> 404 Page Not Found: Assets/js
ERROR - 01/31/2017 06:34 am --> 404 Page Not Found: Assets/js
ERROR - 01/31/2017 06:34 am --> 404 Page Not Found: Assets/js
ERROR - 01/31/2017 06:34 am --> 404 Page Not Found: Assets/js
ERROR - 01/31/2017 06:34 am --> 404 Page Not Found: Images/photos
ERROR - 01/31/2017 06:34 am --> 404 Page Not Found: Assets/js
ERROR - 01/31/2017 06:34 am --> 404 Page Not Found: Assets/js
ERROR - 01/31/2017 06:38 am --> 404 Page Not Found: Images/photos
ERROR - 01/31/2017 06:38 am --> 404 Page Not Found: Assets/js
ERROR - 01/31/2017 06:38 am --> 404 Page Not Found: Images/photos
ERROR - 01/31/2017 06:55 am --> 404 Page Not Found: Assets/js
ERROR - 01/31/2017 06:55 am --> 404 Page Not Found: Images/photos
ERROR - 01/31/2017 06:26 pm --> Severity: Notice --> Undefined variable: review /home2/carolhhp/public_html/democarol.com/homeservices/application/views/admin/location/manage_location.php 64
ERROR - 01/31/2017 06:56 am --> 404 Page Not Found: Assets/js
ERROR - 01/31/2017 06:56 am --> 404 Page Not Found: Assets/js
ERROR - 01/31/2017 06:56 am --> 404 Page Not Found: Assets/js
ERROR - 01/31/2017 06:56 am --> 404 Page Not Found: Assets/js
ERROR - 01/31/2017 06:56 am --> 404 Page Not Found: Images/photos
ERROR - 01/31/2017 06:56 am --> 404 Page Not Found: Assets/js
ERROR - 01/31/2017 06:56 am --> 404 Page Not Found: Assets/js
ERROR - 01/31/2017 06:26 pm --> Severity: Notice --> Undefined variable: review /home2/carolhhp/public_html/democarol.com/homeservices/application/views/admin/location/manage_location.php 64
ERROR - 01/31/2017 06:56 am --> 404 Page Not Found: Assets/js
ERROR - 01/31/2017 06:56 am --> 404 Page Not Found: Assets/js
ERROR - 01/31/2017 06:56 am --> 404 Page Not Found: Assets/js
ERROR - 01/31/2017 06:56 am --> 404 Page Not Found: Assets/js
ERROR - 01/31/2017 06:56 am --> 404 Page Not Found: Images/photos
ERROR - 01/31/2017 06:56 am --> 404 Page Not Found: Assets/js
ERROR - 01/31/2017 06:56 am --> 404 Page Not Found: Assets/js
ERROR - 01/31/2017 06:56 am --> 404 Page Not Found: Assets/js
ERROR - 01/31/2017 06:27 pm --> Severity: Notice --> Undefined variable: review /home2/carolhhp/public_html/democarol.com/homeservices/application/views/admin/location/manage_location.php 64
ERROR - 01/31/2017 06:57 am --> 404 Page Not Found: Assets/js
ERROR - 01/31/2017 06:57 am --> 404 Page Not Found: Assets/js
ERROR - 01/31/2017 06:57 am --> 404 Page Not Found: Assets/js
ERROR - 01/31/2017 06:57 am --> 404 Page Not Found: Assets/js
ERROR - 01/31/2017 06:57 am --> 404 Page Not Found: Images/photos
ERROR - 01/31/2017 06:57 am --> 404 Page Not Found: Assets/js
ERROR - 01/31/2017 06:57 am --> 404 Page Not Found: Assets/js
ERROR - 01/31/2017 06:57 am --> 404 Page Not Found: Images/photos
ERROR - 01/31/2017 06:57 am --> 404 Page Not Found: Assets/js
ERROR - 01/31/2017 06:57 am --> 404 Page Not Found: Images/photos
ERROR - 01/31/2017 07:00 am --> 404 Page Not Found: Assets/js
ERROR - 01/31/2017 07:00 am --> 404 Page Not Found: Images/photos
ERROR - 01/31/2017 07:21 am --> 404 Page Not Found: Assets/js
ERROR - 01/31/2017 07:21 am --> 404 Page Not Found: Images/photos
ERROR - 01/31/2017 07:35 am --> 404 Page Not Found: Assets/js
ERROR - 01/31/2017 07:35 am --> 404 Page Not Found: Images/photos
ERROR - 01/31/2017 07:55 am --> 404 Page Not Found: Assets/js
ERROR - 01/31/2017 07:55 am --> 404 Page Not Found: Images/photos
ERROR - 01/31/2017 07:56 am --> 404 Page Not Found: Images/photos
ERROR - 01/31/2017 07:56 am --> 404 Page Not Found: Assets/js
ERROR - 01/31/2017 07:56 am --> 404 Page Not Found: Images/photos
ERROR - 01/31/2017 07:26 pm --> Severity: Notice --> Undefined offset: 4 /home2/carolhhp/public_html/democarol.com/homeservices/application/controllers/Location.php 50
ERROR - 01/31/2017 07:26 pm --> Severity: Notice --> Undefined offset: 5 /home2/carolhhp/public_html/democarol.com/homeservices/application/controllers/Location.php 55
ERROR - 01/31/2017 07:26 pm --> Query error: Column 'country' cannot be null - Invalid query: INSERT INTO `ai_locations` (`location_name`, `street`, `city`, `state`, `zip_code`, `country`, `geo_lat_location`, `geo_lng_location`, `last_update_date`, `status`) VALUES ('Indore', 'Opp. Indore Railway Station, Railway Station, New Agarwal Nagar, Chhoti Gwaltoli, Indore, Madhya Pradesh 452001, India', 'Madhya Pradesh', '452001', '-', NULL, 22.7186574, 75.869564, '2017-01-31 19:26:43', 'active')
ERROR - 01/31/2017 07:26 pm --> Severity: Warning --> Cannot modify header information - headers already sent by (output started at /home2/carolhhp/public_html/democarol.com/homeservices/application/controllers/Location.php:27) /home2/carolhhp/public_html/democarol.com/homeservices/system/core/Common.php 573
ERROR - 01/31/2017 08:00 am --> 404 Page Not Found: Assets/js
ERROR - 01/31/2017 08:00 am --> 404 Page Not Found: Images/photos
ERROR - 01/31/2017 07:31 pm --> Severity: Warning --> Cannot modify header information - headers already sent by (output started at /home2/carolhhp/public_html/democarol.com/homeservices/application/controllers/Location.php:27) /home2/carolhhp/public_html/democarol.com/homeservices/system/helpers/url_helper.php 564
ERROR - 01/31/2017 08:04 am --> 404 Page Not Found: Assets/js
ERROR - 01/31/2017 08:04 am --> 404 Page Not Found: Images/photos
ERROR - 01/31/2017 07:34 pm --> Severity: Notice --> Undefined variable: review /home2/carolhhp/public_html/democarol.com/homeservices/application/views/admin/location/manage_location.php 64
ERROR - 01/31/2017 08:04 am --> 404 Page Not Found: Assets/js
ERROR - 01/31/2017 08:04 am --> 404 Page Not Found: Assets/js
ERROR - 01/31/2017 08:04 am --> 404 Page Not Found: Assets/js
ERROR - 01/31/2017 08:04 am --> 404 Page Not Found: Assets/js
ERROR - 01/31/2017 08:04 am --> 404 Page Not Found: Images/photos
ERROR - 01/31/2017 08:04 am --> 404 Page Not Found: Assets/js
ERROR - 01/31/2017 08:04 am --> 404 Page Not Found: Assets/js
ERROR - 01/31/2017 07:50 pm --> Severity: Notice --> Undefined variable: review /home2/carolhhp/public_html/democarol.com/homeservices/application/views/admin/location/manage_location.php 64
ERROR - 01/31/2017 08:20 am --> 404 Page Not Found: Assets/js
ERROR - 01/31/2017 08:20 am --> 404 Page Not Found: Assets/js
ERROR - 01/31/2017 08:20 am --> 404 Page Not Found: Assets/js
ERROR - 01/31/2017 08:20 am --> 404 Page Not Found: Assets/js
ERROR - 01/31/2017 08:20 am --> 404 Page Not Found: Images/photos
ERROR - 01/31/2017 08:20 am --> 404 Page Not Found: Assets/js
ERROR - 01/31/2017 08:20 am --> 404 Page Not Found: Assets/js
ERROR - 01/31/2017 11:36 pm --> 404 Page Not Found: Assets/img
ERROR - 01/31/2017 11:36 pm --> 404 Page Not Found: Assets/js
ERROR - 01/31/2017 11:36 pm --> 404 Page Not Found: Images/photos
ERROR - 01/31/2017 11:36 pm --> 404 Page Not Found: Assets/js
ERROR - 01/31/2017 11:36 pm --> 404 Page Not Found: Assets/js
ERROR - 01/31/2017 11:36 pm --> 404 Page Not Found: Assets/js
ERROR - 01/31/2017 11:36 pm --> 404 Page Not Found: Assets/js
ERROR - 01/31/2017 11:36 pm --> 404 Page Not Found: Images/photos
ERROR - 01/31/2017 11:36 pm --> 404 Page Not Found: Assets/js
ERROR - 01/31/2017 11:36 pm --> 404 Page Not Found: Assets/js
ERROR - 01/31/2017 11:36 pm --> 404 Page Not Found: Images/photos
ERROR - 01/31/2017 11:36 pm --> 404 Page Not Found: Assets/js
ERROR - 01/31/2017 11:36 pm --> 404 Page Not Found: Images/photos
ERROR - 01/31/2017 11:58 pm --> 404 Page Not Found: Assets/js
ERROR - 01/31/2017 11:58 pm --> 404 Page Not Found: Images/photos
