ERROR - 11/25/2017 08:04 pm --> Query error: Duplicate entry 'fefd6519dfa5f86e6bc894f3858a3cf6b8f98220' for key 'PRIMARY' - Invalid query: INSERT INTO `ai_sessions` (`id`, `ip_address`, `timestamp`, `data`) VALUES ('fefd6519dfa5f86e6bc894f3858a3cf6b8f98220', '180.76.15.24', 1511620443, '__ci_last_regenerate|i:1511620443;fb_1798431413741569_state|s:32:\"4fb33b38bd8beebf0f42c6f0cd32546c\";')
ERROR - 11/25/2017 08:04 pm --> Severity: Warning --> Unknown: Failed to write session data (user). Please verify that the current setting of session.save_path is correct (sessions) Unknown 0
ERROR - 11/25/2017 09:31 am --> 404 Page Not Found: Assets/js
ERROR - 11/25/2017 09:31 am --> 404 Page Not Found: Images/photos
ERROR - 11/25/2017 09:31 am --> 404 Page Not Found: Js/advanced-datatable
ERROR - 11/25/2017 09:31 am --> 404 Page Not Found: Js/advanced-datatable
ERROR - 11/25/2017 09:31 am --> 404 Page Not Found: Js/advanced-datatable
ERROR - 11/25/2017 09:31 am --> 404 Page Not Found: Assets/js
ERROR - 11/25/2017 09:31 am --> 404 Page Not Found: Js/dynamic_table_init.js
ERROR - 11/25/2017 09:31 am --> 404 Page Not Found: Js/jquery.dataTables.min.js
ERROR - 11/25/2017 09:31 am --> 404 Page Not Found: Js/advanced-datatable
ERROR - 11/25/2017 09:31 am --> 404 Page Not Found: Js/advanced-datatable
ERROR - 11/25/2017 09:31 am --> 404 Page Not Found: Js/advanced-datatable
ERROR - 11/25/2017 09:31 am --> 404 Page Not Found: Js/dynamic_table_init.js
ERROR - 11/25/2017 09:31 am --> 404 Page Not Found: Js/jquery.dataTables.min.js
ERROR - 11/25/2017 09:31 am --> 404 Page Not Found: Js/dynamic_table_init.js
ERROR - 11/25/2017 09:31 am --> 404 Page Not Found: Images/photos
ERROR - 11/25/2017 09:31 am --> 404 Page Not Found: Assets/js
ERROR - 11/25/2017 09:31 am --> 404 Page Not Found: Assets/js
ERROR - 11/25/2017 09:33 am --> 404 Page Not Found: Assets/js
ERROR - 11/25/2017 09:33 am --> 404 Page Not Found: Images/photos
ERROR - 11/25/2017 09:33 am --> 404 Page Not Found: Js/advanced-datatable
ERROR - 11/25/2017 09:33 am --> 404 Page Not Found: Js/advanced-datatable
ERROR - 11/25/2017 09:33 am --> 404 Page Not Found: Assets/js
ERROR - 11/25/2017 09:33 am --> 404 Page Not Found: Js/advanced-datatable
ERROR - 11/25/2017 09:33 am --> 404 Page Not Found: Js/dynamic_table_init.js
ERROR - 11/25/2017 09:33 am --> 404 Page Not Found: Js/jquery.dataTables.min.js
ERROR - 11/25/2017 09:33 am --> 404 Page Not Found: Js/advanced-datatable
ERROR - 11/25/2017 09:33 am --> 404 Page Not Found: Js/advanced-datatable
ERROR - 11/25/2017 09:33 am --> 404 Page Not Found: Js/dynamic_table_init.js
ERROR - 11/25/2017 09:33 am --> 404 Page Not Found: Js/jquery.dataTables.min.js
ERROR - 11/25/2017 09:33 am --> 404 Page Not Found: Js/dynamic_table_init.js
ERROR - 11/25/2017 09:34 am --> 404 Page Not Found: Assets/front
ERROR - 11/25/2017 09:34 am --> 404 Page Not Found: Assets/front
ERROR - 11/25/2017 09:34 am --> 404 Page Not Found: Assets/front
ERROR - 11/25/2017 09:34 am --> 404 Page Not Found: Assets/front
ERROR - 11/25/2017 09:34 am --> 404 Page Not Found: Assets/front
ERROR - 11/25/2017 09:34 am --> 404 Page Not Found: Assets/front
ERROR - 11/25/2017 09:38 am --> 404 Page Not Found: Assets/js
ERROR - 11/25/2017 09:38 am --> 404 Page Not Found: Images/photos
ERROR - 11/25/2017 09:38 am --> 404 Page Not Found: Assets/js
ERROR - 11/25/2017 09:39 am --> 404 Page Not Found: Assets/front
ERROR - 11/25/2017 09:39 am --> 404 Page Not Found: front/Service/badroom_plan
ERROR - 11/25/2017 09:39 am --> 404 Page Not Found: front/Service/badroom_plan
ERROR - 11/25/2017 09:39 am --> 404 Page Not Found: Assets/front
ERROR - 11/25/2017 09:39 am --> 404 Page Not Found: Assets/front
ERROR - 11/25/2017 09:39 am --> 404 Page Not Found: Assets/front
ERROR - 11/25/2017 09:39 am --> 404 Page Not Found: Assets/front
ERROR - 11/25/2017 09:39 am --> 404 Page Not Found: Assets/front
ERROR - 11/25/2017 09:44 am --> 404 Page Not Found: Assets/js
ERROR - 11/25/2017 09:44 am --> 404 Page Not Found: Images/photos
ERROR - 11/25/2017 09:44 am --> 404 Page Not Found: Js/advanced-datatable
ERROR - 11/25/2017 09:44 am --> 404 Page Not Found: Js/advanced-datatable
ERROR - 11/25/2017 09:44 am --> 404 Page Not Found: Assets/js
ERROR - 11/25/2017 09:44 am --> 404 Page Not Found: Js/advanced-datatable
ERROR - 11/25/2017 09:44 am --> 404 Page Not Found: Js/jquery.dataTables.min.js
ERROR - 11/25/2017 09:44 am --> 404 Page Not Found: Js/dynamic_table_init.js
ERROR - 11/25/2017 09:44 am --> 404 Page Not Found: Js/advanced-datatable
ERROR - 11/25/2017 09:44 am --> 404 Page Not Found: Js/advanced-datatable
ERROR - 11/25/2017 09:44 am --> 404 Page Not Found: Js/advanced-datatable
ERROR - 11/25/2017 09:44 am --> 404 Page Not Found: Js/dynamic_table_init.js
ERROR - 11/25/2017 09:44 am --> 404 Page Not Found: Js/jquery.dataTables.min.js
ERROR - 11/25/2017 09:44 am --> 404 Page Not Found: Js/dynamic_table_init.js
ERROR - 11/25/2017 09:44 am --> 404 Page Not Found: Assets/js
ERROR - 11/25/2017 09:44 am --> 404 Page Not Found: Images/photos
ERROR - 11/25/2017 09:44 am --> 404 Page Not Found: Assets/js
ERROR - 11/25/2017 09:46 am --> 404 Page Not Found: Assets/js
ERROR - 11/25/2017 09:46 am --> 404 Page Not Found: Images/photos
ERROR - 11/25/2017 09:46 am --> 404 Page Not Found: Js/advanced-datatable
ERROR - 11/25/2017 09:46 am --> 404 Page Not Found: Js/advanced-datatable
ERROR - 11/25/2017 09:46 am --> 404 Page Not Found: Assets/js
ERROR - 11/25/2017 09:46 am --> 404 Page Not Found: Js/advanced-datatable
ERROR - 11/25/2017 09:46 am --> 404 Page Not Found: Js/advanced-datatable
ERROR - 11/25/2017 09:46 am --> 404 Page Not Found: Js/jquery.dataTables.min.js
ERROR - 11/25/2017 09:46 am --> 404 Page Not Found: Js/dynamic_table_init.js
ERROR - 11/25/2017 09:46 am --> 404 Page Not Found: Js/advanced-datatable
ERROR - 11/25/2017 09:46 am --> 404 Page Not Found: Js/dynamic_table_init.js
ERROR - 11/25/2017 09:46 am --> 404 Page Not Found: Js/jquery.dataTables.min.js
ERROR - 11/25/2017 09:46 am --> 404 Page Not Found: Js/dynamic_table_init.js
ERROR - 11/25/2017 12:40 pm --> 404 Page Not Found: Assets/js
ERROR - 11/25/2017 12:40 pm --> 404 Page Not Found: Images/photos
ERROR - 11/25/2017 12:40 pm --> 404 Page Not Found: Assets/js
ERROR - 11/25/2017 12:40 pm --> 404 Page Not Found: Assets/js
ERROR - 11/25/2017 12:40 pm --> 404 Page Not Found: Images/photos
ERROR - 11/25/2017 12:40 pm --> 404 Page Not Found: Js/advanced-datatable
ERROR - 11/25/2017 12:40 pm --> 404 Page Not Found: Js/advanced-datatable
ERROR - 11/25/2017 12:40 pm --> 404 Page Not Found: Assets/js
ERROR - 11/25/2017 12:40 pm --> 404 Page Not Found: Js/advanced-datatable
ERROR - 11/25/2017 12:40 pm --> 404 Page Not Found: Js/dynamic_table_init.js
ERROR - 11/25/2017 12:40 pm --> 404 Page Not Found: Js/jquery.dataTables.min.js
ERROR - 11/25/2017 12:40 pm --> 404 Page Not Found: Js/advanced-datatable
ERROR - 11/25/2017 12:40 pm --> 404 Page Not Found: Js/advanced-datatable
ERROR - 11/25/2017 12:40 pm --> 404 Page Not Found: Js/dynamic_table_init.js
ERROR - 11/25/2017 12:40 pm --> 404 Page Not Found: Js/jquery.dataTables.min.js
ERROR - 11/25/2017 12:40 pm --> 404 Page Not Found: Js/dynamic_table_init.js
ERROR - 11/25/2017 12:40 pm --> 404 Page Not Found: Images/photos
ERROR - 11/25/2017 12:40 pm --> 404 Page Not Found: Assets/js
ERROR - 11/25/2017 12:40 pm --> 404 Page Not Found: Assets/js
ERROR - 11/25/2017 12:42 pm --> 404 Page Not Found: Assets/js
ERROR - 11/25/2017 12:42 pm --> 404 Page Not Found: Images/photos
ERROR - 11/25/2017 12:42 pm --> 404 Page Not Found: Js/advanced-datatable
ERROR - 11/25/2017 12:42 pm --> 404 Page Not Found: Js/advanced-datatable
ERROR - 11/25/2017 12:42 pm --> 404 Page Not Found: Assets/js
ERROR - 11/25/2017 12:42 pm --> 404 Page Not Found: Js/advanced-datatable
ERROR - 11/25/2017 12:42 pm --> 404 Page Not Found: Js/dynamic_table_init.js
ERROR - 11/25/2017 12:42 pm --> 404 Page Not Found: Js/advanced-datatable
ERROR - 11/25/2017 12:42 pm --> 404 Page Not Found: Js/advanced-datatable
ERROR - 11/25/2017 12:42 pm --> 404 Page Not Found: Js/jquery.dataTables.min.js
ERROR - 11/25/2017 12:42 pm --> 404 Page Not Found: Js/dynamic_table_init.js
ERROR - 11/25/2017 12:42 pm --> 404 Page Not Found: Js/jquery.dataTables.min.js
ERROR - 11/25/2017 12:42 pm --> 404 Page Not Found: Js/dynamic_table_init.js
ERROR - 11/25/2017 12:58 pm --> 404 Page Not Found: Assets/js
ERROR - 11/25/2017 12:58 pm --> 404 Page Not Found: Images/photos
ERROR - 11/25/2017 12:58 pm --> 404 Page Not Found: Assets/js
ERROR - 11/25/2017 12:59 pm --> 404 Page Not Found: Assets/js
ERROR - 11/25/2017 12:59 pm --> 404 Page Not Found: Images/photos
ERROR - 11/25/2017 12:59 pm --> 404 Page Not Found: Js/advanced-datatable
ERROR - 11/25/2017 12:59 pm --> 404 Page Not Found: Js/advanced-datatable
ERROR - 11/25/2017 12:59 pm --> 404 Page Not Found: Assets/js
ERROR - 11/25/2017 12:59 pm --> 404 Page Not Found: Js/advanced-datatable
ERROR - 11/25/2017 12:59 pm --> 404 Page Not Found: Js/dynamic_table_init.js
ERROR - 11/25/2017 12:59 pm --> 404 Page Not Found: Js/jquery.dataTables.min.js
ERROR - 11/25/2017 12:59 pm --> 404 Page Not Found: Js/advanced-datatable
ERROR - 11/25/2017 12:59 pm --> 404 Page Not Found: Js/advanced-datatable
ERROR - 11/25/2017 12:59 pm --> 404 Page Not Found: Js/dynamic_table_init.js
ERROR - 11/25/2017 12:59 pm --> 404 Page Not Found: Js/jquery.dataTables.min.js
ERROR - 11/25/2017 12:59 pm --> 404 Page Not Found: Js/dynamic_table_init.js
ERROR - 11/25/2017 01:01 pm --> 404 Page Not Found: Assets/js
ERROR - 11/25/2017 01:01 pm --> 404 Page Not Found: Images/photos
ERROR - 11/25/2017 01:01 pm --> 404 Page Not Found: Assets/js
ERROR - 11/25/2017 01:02 pm --> 404 Page Not Found: Images/photos
ERROR - 11/25/2017 01:02 pm --> 404 Page Not Found: Assets/js
ERROR - 11/25/2017 01:02 pm --> 404 Page Not Found: Js/advanced-datatable
ERROR - 11/25/2017 01:02 pm --> 404 Page Not Found: Js/advanced-datatable
ERROR - 11/25/2017 01:02 pm --> 404 Page Not Found: Assets/js
ERROR - 11/25/2017 01:02 pm --> 404 Page Not Found: Js/advanced-datatable
ERROR - 11/25/2017 01:02 pm --> 404 Page Not Found: Js/dynamic_table_init.js
ERROR - 11/25/2017 01:02 pm --> 404 Page Not Found: Js/advanced-datatable
ERROR - 11/25/2017 01:02 pm --> 404 Page Not Found: Js/advanced-datatable
ERROR - 11/25/2017 01:02 pm --> 404 Page Not Found: Js/jquery.dataTables.min.js
ERROR - 11/25/2017 01:02 pm --> 404 Page Not Found: Js/dynamic_table_init.js
ERROR - 11/25/2017 01:02 pm --> 404 Page Not Found: Js/jquery.dataTables.min.js
ERROR - 11/25/2017 01:02 pm --> 404 Page Not Found: Js/dynamic_table_init.js
ERROR - 11/25/2017 01:02 pm --> 404 Page Not Found: Assets/js
ERROR - 11/25/2017 01:02 pm --> 404 Page Not Found: Images/photos
ERROR - 11/25/2017 01:02 pm --> 404 Page Not Found: Assets/js
ERROR - 11/25/2017 01:03 pm --> 404 Page Not Found: Assets/js
ERROR - 11/25/2017 01:03 pm --> 404 Page Not Found: Images/photos
ERROR - 11/25/2017 01:03 pm --> 404 Page Not Found: Js/advanced-datatable
ERROR - 11/25/2017 01:03 pm --> 404 Page Not Found: Js/advanced-datatable
ERROR - 11/25/2017 01:03 pm --> 404 Page Not Found: Assets/js
ERROR - 11/25/2017 01:03 pm --> 404 Page Not Found: Js/advanced-datatable
ERROR - 11/25/2017 01:03 pm --> 404 Page Not Found: Js/advanced-datatable
ERROR - 11/25/2017 01:03 pm --> 404 Page Not Found: Js/advanced-datatable
ERROR - 11/25/2017 01:03 pm --> 404 Page Not Found: Js/jquery.dataTables.min.js
ERROR - 11/25/2017 01:03 pm --> 404 Page Not Found: Js/dynamic_table_init.js
ERROR - 11/25/2017 01:03 pm --> 404 Page Not Found: Js/jquery.dataTables.min.js
ERROR - 11/25/2017 01:03 pm --> 404 Page Not Found: Js/dynamic_table_init.js
ERROR - 11/25/2017 01:04 pm --> 404 Page Not Found: Assets/front
ERROR - 11/25/2017 01:04 pm --> 404 Page Not Found: front/Service/badroom_plan
ERROR - 11/25/2017 01:04 pm --> 404 Page Not Found: front/Service/badroom_plan
ERROR - 11/25/2017 01:04 pm --> 404 Page Not Found: front/Service/badroom_plan
ERROR - 11/25/2017 01:04 pm --> 404 Page Not Found: front/Service/badroom_plan
ERROR - 11/25/2017 01:04 pm --> 404 Page Not Found: Assets/front
ERROR - 11/25/2017 01:04 pm --> 404 Page Not Found: Assets/front
ERROR - 11/25/2017 01:04 pm --> 404 Page Not Found: Assets/front
ERROR - 11/25/2017 01:04 pm --> 404 Page Not Found: Assets/front
ERROR - 11/25/2017 01:04 pm --> 404 Page Not Found: Assets/front
ERROR - 11/25/2017 01:10 pm --> 404 Page Not Found: Assets/js
ERROR - 11/25/2017 01:10 pm --> 404 Page Not Found: Images/photos
ERROR - 11/25/2017 01:10 pm --> 404 Page Not Found: Assets/js
ERROR - 11/25/2017 01:12 pm --> 404 Page Not Found: Images/photos
ERROR - 11/25/2017 01:12 pm --> 404 Page Not Found: Assets/js
ERROR - 11/25/2017 01:12 pm --> 404 Page Not Found: Js/advanced-datatable
ERROR - 11/25/2017 01:12 pm --> 404 Page Not Found: Js/advanced-datatable
ERROR - 11/25/2017 01:12 pm --> 404 Page Not Found: Assets/js
ERROR - 11/25/2017 01:12 pm --> 404 Page Not Found: Js/advanced-datatable
ERROR - 11/25/2017 01:12 pm --> 404 Page Not Found: Js/jquery.dataTables.min.js
ERROR - 11/25/2017 01:12 pm --> 404 Page Not Found: Js/dynamic_table_init.js
ERROR - 11/25/2017 01:12 pm --> 404 Page Not Found: Js/advanced-datatable
ERROR - 11/25/2017 01:12 pm --> 404 Page Not Found: Js/advanced-datatable
ERROR - 11/25/2017 01:12 pm --> 404 Page Not Found: Js/dynamic_table_init.js
ERROR - 11/25/2017 01:12 pm --> 404 Page Not Found: Js/jquery.dataTables.min.js
ERROR - 11/25/2017 01:12 pm --> 404 Page Not Found: Js/dynamic_table_init.js
ERROR - 11/25/2017 01:12 pm --> 404 Page Not Found: Assets/front
ERROR - 11/25/2017 01:13 pm --> 404 Page Not Found: Assets/front
ERROR - 11/25/2017 01:13 pm --> 404 Page Not Found: Assets/front
ERROR - 11/25/2017 01:13 pm --> 404 Page Not Found: Assets/front
ERROR - 11/25/2017 01:13 pm --> 404 Page Not Found: Assets/front
ERROR - 11/25/2017 01:13 pm --> 404 Page Not Found: Assets/front
ERROR - 11/25/2017 01:13 pm --> 404 Page Not Found: Images/photos
ERROR - 11/25/2017 01:13 pm --> 404 Page Not Found: Assets/js
ERROR - 11/25/2017 01:13 pm --> 404 Page Not Found: Assets/js
ERROR - 11/25/2017 01:14 pm --> 404 Page Not Found: Images/photos
ERROR - 11/25/2017 01:14 pm --> 404 Page Not Found: Assets/js
ERROR - 11/25/2017 01:14 pm --> 404 Page Not Found: Js/advanced-datatable
ERROR - 11/25/2017 01:14 pm --> 404 Page Not Found: Js/advanced-datatable
ERROR - 11/25/2017 01:14 pm --> 404 Page Not Found: Assets/js
ERROR - 11/25/2017 01:14 pm --> 404 Page Not Found: Js/advanced-datatable
ERROR - 11/25/2017 01:14 pm --> 404 Page Not Found: Js/advanced-datatable
ERROR - 11/25/2017 01:14 pm --> 404 Page Not Found: Js/advanced-datatable
ERROR - 11/25/2017 01:14 pm --> 404 Page Not Found: Js/dynamic_table_init.js
ERROR - 11/25/2017 01:14 pm --> 404 Page Not Found: Js/jquery.dataTables.min.js
ERROR - 11/25/2017 01:14 pm --> 404 Page Not Found: Js/dynamic_table_init.js
ERROR - 11/25/2017 01:14 pm --> 404 Page Not Found: Js/jquery.dataTables.min.js
ERROR - 11/25/2017 01:14 pm --> 404 Page Not Found: Js/dynamic_table_init.js
ERROR - 11/25/2017 01:14 pm --> 404 Page Not Found: Assets/js
ERROR - 11/25/2017 01:14 pm --> 404 Page Not Found: Images/photos
ERROR - 11/25/2017 01:14 pm --> 404 Page Not Found: Assets/js
ERROR - 11/25/2017 01:15 pm --> 404 Page Not Found: Images/photos
ERROR - 11/25/2017 01:15 pm --> 404 Page Not Found: Assets/js
ERROR - 11/25/2017 01:15 pm --> 404 Page Not Found: Js/advanced-datatable
ERROR - 11/25/2017 01:15 pm --> 404 Page Not Found: Js/advanced-datatable
ERROR - 11/25/2017 01:15 pm --> 404 Page Not Found: Assets/js
ERROR - 11/25/2017 01:15 pm --> 404 Page Not Found: Js/advanced-datatable
ERROR - 11/25/2017 01:15 pm --> 404 Page Not Found: Js/advanced-datatable
ERROR - 11/25/2017 01:15 pm --> 404 Page Not Found: Js/dynamic_table_init.js
ERROR - 11/25/2017 01:15 pm --> 404 Page Not Found: Js/advanced-datatable
ERROR - 11/25/2017 01:15 pm --> 404 Page Not Found: Js/jquery.dataTables.min.js
ERROR - 11/25/2017 01:15 pm --> 404 Page Not Found: Js/dynamic_table_init.js
ERROR - 11/25/2017 01:15 pm --> 404 Page Not Found: Js/jquery.dataTables.min.js
ERROR - 11/25/2017 01:15 pm --> 404 Page Not Found: Js/dynamic_table_init.js
ERROR - 11/25/2017 01:16 pm --> 404 Page Not Found: Images/photos
ERROR - 11/25/2017 01:16 pm --> 404 Page Not Found: Assets/js
ERROR - 11/25/2017 01:18 pm --> 404 Page Not Found: Assets/js
ERROR - 11/25/2017 01:18 pm --> 404 Page Not Found: Images/photos
ERROR - 11/25/2017 01:18 pm --> 404 Page Not Found: Js/advanced-datatable
ERROR - 11/25/2017 01:18 pm --> 404 Page Not Found: Js/advanced-datatable
ERROR - 11/25/2017 01:18 pm --> 404 Page Not Found: Assets/js
ERROR - 11/25/2017 01:18 pm --> 404 Page Not Found: Js/advanced-datatable
ERROR - 11/25/2017 01:18 pm --> 404 Page Not Found: Js/jquery.dataTables.min.js
ERROR - 11/25/2017 01:18 pm --> 404 Page Not Found: Js/dynamic_table_init.js
ERROR - 11/25/2017 01:18 pm --> 404 Page Not Found: Js/advanced-datatable
ERROR - 11/25/2017 01:18 pm --> 404 Page Not Found: Js/advanced-datatable
ERROR - 11/25/2017 01:18 pm --> 404 Page Not Found: Js/advanced-datatable
ERROR - 11/25/2017 01:18 pm --> 404 Page Not Found: Js/dynamic_table_init.js
ERROR - 11/25/2017 01:18 pm --> 404 Page Not Found: Js/jquery.dataTables.min.js
ERROR - 11/25/2017 01:18 pm --> 404 Page Not Found: Js/dynamic_table_init.js
ERROR - 11/25/2017 01:19 pm --> 404 Page Not Found: Assets/front
ERROR - 11/25/2017 01:19 pm --> 404 Page Not Found: Assets/js
ERROR - 11/25/2017 01:19 pm --> 404 Page Not Found: Images/photos
ERROR - 11/25/2017 01:19 pm --> 404 Page Not Found: Assets/js
ERROR - 11/25/2017 01:20 pm --> 404 Page Not Found: Assets/front
ERROR - 11/25/2017 01:21 pm --> 404 Page Not Found: Images/photos
ERROR - 11/25/2017 01:21 pm --> 404 Page Not Found: Assets/js
ERROR - 11/25/2017 01:21 pm --> 404 Page Not Found: Js/advanced-datatable
ERROR - 11/25/2017 01:21 pm --> 404 Page Not Found: Js/advanced-datatable
ERROR - 11/25/2017 01:21 pm --> 404 Page Not Found: Assets/js
ERROR - 11/25/2017 01:21 pm --> 404 Page Not Found: Js/advanced-datatable
ERROR - 11/25/2017 01:21 pm --> 404 Page Not Found: Js/jquery.dataTables.min.js
ERROR - 11/25/2017 01:21 pm --> 404 Page Not Found: Js/dynamic_table_init.js
ERROR - 11/25/2017 01:21 pm --> 404 Page Not Found: Js/advanced-datatable
ERROR - 11/25/2017 01:21 pm --> 404 Page Not Found: Js/advanced-datatable
ERROR - 11/25/2017 01:21 pm --> 404 Page Not Found: Js/dynamic_table_init.js
ERROR - 11/25/2017 01:21 pm --> 404 Page Not Found: Js/jquery.dataTables.min.js
ERROR - 11/25/2017 01:21 pm --> 404 Page Not Found: Js/dynamic_table_init.js
ERROR - 11/25/2017 01:21 pm --> 404 Page Not Found: Assets/front
ERROR - 11/25/2017 01:22 pm --> 404 Page Not Found: Assets/js
ERROR - 11/25/2017 01:22 pm --> 404 Page Not Found: Images/photos
ERROR - 11/25/2017 01:22 pm --> 404 Page Not Found: Assets/js
ERROR - 11/25/2017 01:22 pm --> 404 Page Not Found: Assets/js
ERROR - 11/25/2017 01:22 pm --> 404 Page Not Found: Images/photos
ERROR - 11/25/2017 01:22 pm --> 404 Page Not Found: Js/advanced-datatable
ERROR - 11/25/2017 01:22 pm --> 404 Page Not Found: Js/advanced-datatable
ERROR - 11/25/2017 01:22 pm --> 404 Page Not Found: Assets/js
ERROR - 11/25/2017 01:22 pm --> 404 Page Not Found: Js/advanced-datatable
ERROR - 11/25/2017 01:22 pm --> 404 Page Not Found: Js/dynamic_table_init.js
ERROR - 11/25/2017 01:22 pm --> 404 Page Not Found: Js/advanced-datatable
ERROR - 11/25/2017 01:22 pm --> 404 Page Not Found: Js/advanced-datatable
ERROR - 11/25/2017 01:22 pm --> 404 Page Not Found: Js/jquery.dataTables.min.js
ERROR - 11/25/2017 01:22 pm --> 404 Page Not Found: Js/dynamic_table_init.js
ERROR - 11/25/2017 01:22 pm --> 404 Page Not Found: Js/jquery.dataTables.min.js
ERROR - 11/25/2017 01:22 pm --> 404 Page Not Found: Js/dynamic_table_init.js
ERROR - 11/25/2017 01:22 pm --> 404 Page Not Found: Assets/front
ERROR - 11/25/2017 01:22 pm --> 404 Page Not Found: Assets/js
ERROR - 11/25/2017 01:22 pm --> 404 Page Not Found: Images/photos
ERROR - 11/25/2017 01:22 pm --> 404 Page Not Found: Assets/js
ERROR - 11/25/2017 01:23 pm --> 404 Page Not Found: Assets/js
ERROR - 11/25/2017 01:23 pm --> 404 Page Not Found: Images/photos
ERROR - 11/25/2017 01:23 pm --> 404 Page Not Found: Js/advanced-datatable
ERROR - 11/25/2017 01:23 pm --> 404 Page Not Found: Js/advanced-datatable
ERROR - 11/25/2017 01:23 pm --> 404 Page Not Found: Assets/js
ERROR - 11/25/2017 01:23 pm --> 404 Page Not Found: Js/advanced-datatable
ERROR - 11/25/2017 01:23 pm --> 404 Page Not Found: Js/dynamic_table_init.js
ERROR - 11/25/2017 01:23 pm --> 404 Page Not Found: Js/jquery.dataTables.min.js
ERROR - 11/25/2017 01:23 pm --> 404 Page Not Found: Js/advanced-datatable
ERROR - 11/25/2017 01:23 pm --> 404 Page Not Found: Js/advanced-datatable
ERROR - 11/25/2017 01:23 pm --> 404 Page Not Found: Js/dynamic_table_init.js
ERROR - 11/25/2017 01:23 pm --> 404 Page Not Found: Js/jquery.dataTables.min.js
ERROR - 11/25/2017 01:23 pm --> 404 Page Not Found: Js/dynamic_table_init.js
ERROR - 11/25/2017 01:23 pm --> 404 Page Not Found: Assets/js
ERROR - 11/25/2017 01:23 pm --> 404 Page Not Found: Images/photos
ERROR - 11/25/2017 01:23 pm --> 404 Page Not Found: Assets/js
ERROR - 11/25/2017 01:24 pm --> 404 Page Not Found: Assets/js
ERROR - 11/25/2017 01:24 pm --> 404 Page Not Found: Images/photos
ERROR - 11/25/2017 01:24 pm --> 404 Page Not Found: Js/advanced-datatable
ERROR - 11/25/2017 01:24 pm --> 404 Page Not Found: Js/advanced-datatable
ERROR - 11/25/2017 01:24 pm --> 404 Page Not Found: Js/advanced-datatable
ERROR - 11/25/2017 01:24 pm --> 404 Page Not Found: Js/dynamic_table_init.js
ERROR - 11/25/2017 01:24 pm --> 404 Page Not Found: Js/jquery.dataTables.min.js
ERROR - 11/25/2017 01:24 pm --> 404 Page Not Found: Js/dynamic_table_init.js
ERROR - 11/25/2017 01:24 pm --> 404 Page Not Found: Assets/js
ERROR - 11/25/2017 01:24 pm --> 404 Page Not Found: Images/photos
ERROR - 11/25/2017 01:24 pm --> 404 Page Not Found: Assets/js
ERROR - 11/25/2017 01:25 pm --> 404 Page Not Found: Assets/js
ERROR - 11/25/2017 01:25 pm --> 404 Page Not Found: Images/photos
ERROR - 11/25/2017 01:25 pm --> 404 Page Not Found: Js/advanced-datatable
ERROR - 11/25/2017 01:25 pm --> 404 Page Not Found: Js/advanced-datatable
ERROR - 11/25/2017 01:25 pm --> 404 Page Not Found: Assets/js
ERROR - 11/25/2017 01:25 pm --> 404 Page Not Found: Js/advanced-datatable
ERROR - 11/25/2017 01:25 pm --> 404 Page Not Found: Js/advanced-datatable
ERROR - 11/25/2017 01:25 pm --> 404 Page Not Found: Js/dynamic_table_init.js
ERROR - 11/25/2017 01:25 pm --> 404 Page Not Found: Js/advanced-datatable
ERROR - 11/25/2017 01:25 pm --> 404 Page Not Found: Js/jquery.dataTables.min.js
ERROR - 11/25/2017 01:25 pm --> 404 Page Not Found: Js/dynamic_table_init.js
ERROR - 11/25/2017 01:25 pm --> 404 Page Not Found: Js/jquery.dataTables.min.js
ERROR - 11/25/2017 01:25 pm --> 404 Page Not Found: Js/dynamic_table_init.js
ERROR - 11/25/2017 01:25 pm --> 404 Page Not Found: Assets/js
ERROR - 11/25/2017 01:25 pm --> 404 Page Not Found: Images/photos
ERROR - 11/25/2017 01:25 pm --> 404 Page Not Found: Assets/js
ERROR - 11/25/2017 01:25 pm --> 404 Page Not Found: Assets/js
ERROR - 11/25/2017 01:25 pm --> 404 Page Not Found: Js/advanced-datatable
ERROR - 11/25/2017 01:25 pm --> 404 Page Not Found: Js/jquery.dataTables.min.js
ERROR - 11/25/2017 01:25 pm --> 404 Page Not Found: Js/dynamic_table_init.js
ERROR - 11/25/2017 01:26 pm --> 404 Page Not Found: Images/photos
ERROR - 11/25/2017 01:26 pm --> 404 Page Not Found: Assets/js
ERROR - 11/25/2017 01:26 pm --> 404 Page Not Found: Assets/js
ERROR - 11/25/2017 01:26 pm --> 404 Page Not Found: Assets/js
ERROR - 11/25/2017 01:26 pm --> 404 Page Not Found: Images/photos
ERROR - 11/25/2017 01:26 pm --> 404 Page Not Found: Js/advanced-datatable
ERROR - 11/25/2017 01:26 pm --> 404 Page Not Found: Js/advanced-datatable
ERROR - 11/25/2017 01:26 pm --> 404 Page Not Found: Assets/js
ERROR - 11/25/2017 01:26 pm --> 404 Page Not Found: Js/advanced-datatable
ERROR - 11/25/2017 01:26 pm --> 404 Page Not Found: Js/advanced-datatable
ERROR - 11/25/2017 01:26 pm --> 404 Page Not Found: Js/advanced-datatable
ERROR - 11/25/2017 01:26 pm --> 404 Page Not Found: Js/jquery.dataTables.min.js
ERROR - 11/25/2017 01:26 pm --> 404 Page Not Found: Js/dynamic_table_init.js
ERROR - 11/25/2017 01:26 pm --> 404 Page Not Found: Js/dynamic_table_init.js
ERROR - 11/25/2017 01:26 pm --> 404 Page Not Found: Js/jquery.dataTables.min.js
ERROR - 11/25/2017 01:26 pm --> 404 Page Not Found: Js/dynamic_table_init.js
ERROR - 11/25/2017 01:28 pm --> 404 Page Not Found: Images/photos
ERROR - 11/25/2017 01:28 pm --> 404 Page Not Found: Assets/js
ERROR - 11/25/2017 01:28 pm --> 404 Page Not Found: Assets/js
ERROR - 11/25/2017 01:30 pm --> 404 Page Not Found: Assets/js
ERROR - 11/25/2017 01:30 pm --> 404 Page Not Found: Images/photos
ERROR - 11/25/2017 01:30 pm --> 404 Page Not Found: Js/advanced-datatable
ERROR - 11/25/2017 01:30 pm --> 404 Page Not Found: Assets/js
ERROR - 11/25/2017 01:30 pm --> 404 Page Not Found: Js/advanced-datatable
ERROR - 11/25/2017 01:30 pm --> 404 Page Not Found: Js/advanced-datatable
ERROR - 11/25/2017 01:30 pm --> 404 Page Not Found: Js/dynamic_table_init.js
ERROR - 11/25/2017 01:30 pm --> 404 Page Not Found: Js/advanced-datatable
ERROR - 11/25/2017 01:30 pm --> 404 Page Not Found: Js/jquery.dataTables.min.js
ERROR - 11/25/2017 01:30 pm --> 404 Page Not Found: Js/advanced-datatable
ERROR - 11/25/2017 01:30 pm --> 404 Page Not Found: Js/dynamic_table_init.js
ERROR - 11/25/2017 01:30 pm --> 404 Page Not Found: Js/jquery.dataTables.min.js
ERROR - 11/25/2017 01:30 pm --> 404 Page Not Found: Js/dynamic_table_init.js
ERROR - 11/25/2017 01:30 pm --> 404 Page Not Found: Assets/js
ERROR - 11/25/2017 01:30 pm --> 404 Page Not Found: Images/photos
ERROR - 11/25/2017 01:30 pm --> 404 Page Not Found: Assets/js
ERROR - 11/25/2017 01:31 pm --> 404 Page Not Found: Images/photos
ERROR - 11/25/2017 01:31 pm --> 404 Page Not Found: Assets/js
ERROR - 11/25/2017 01:31 pm --> 404 Page Not Found: Js/advanced-datatable
ERROR - 11/25/2017 01:31 pm --> 404 Page Not Found: Js/advanced-datatable
ERROR - 11/25/2017 01:31 pm --> 404 Page Not Found: Assets/js
ERROR - 11/25/2017 01:31 pm --> 404 Page Not Found: Js/advanced-datatable
ERROR - 11/25/2017 01:31 pm --> 404 Page Not Found: Js/dynamic_table_init.js
ERROR - 11/25/2017 01:31 pm --> 404 Page Not Found: Js/advanced-datatable
ERROR - 11/25/2017 01:31 pm --> 404 Page Not Found: Js/jquery.dataTables.min.js
ERROR - 11/25/2017 01:31 pm --> 404 Page Not Found: Js/advanced-datatable
ERROR - 11/25/2017 01:31 pm --> 404 Page Not Found: Js/dynamic_table_init.js
ERROR - 11/25/2017 01:31 pm --> 404 Page Not Found: Js/jquery.dataTables.min.js
ERROR - 11/25/2017 01:31 pm --> 404 Page Not Found: Js/dynamic_table_init.js
ERROR - 11/25/2017 01:31 pm --> 404 Page Not Found: Assets/js
ERROR - 11/25/2017 01:31 pm --> 404 Page Not Found: Images/photos
ERROR - 11/25/2017 01:31 pm --> 404 Page Not Found: Assets/js
ERROR - 11/25/2017 01:34 pm --> 404 Page Not Found: Assets/js
ERROR - 11/25/2017 01:34 pm --> 404 Page Not Found: Images/photos
ERROR - 11/25/2017 01:34 pm --> 404 Page Not Found: Js/advanced-datatable
ERROR - 11/25/2017 01:34 pm --> 404 Page Not Found: Js/advanced-datatable
ERROR - 11/25/2017 01:34 pm --> 404 Page Not Found: Assets/js
ERROR - 11/25/2017 01:34 pm --> 404 Page Not Found: Js/advanced-datatable
ERROR - 11/25/2017 01:34 pm --> 404 Page Not Found: Js/dynamic_table_init.js
ERROR - 11/25/2017 01:34 pm --> 404 Page Not Found: Js/jquery.dataTables.min.js
ERROR - 11/25/2017 01:34 pm --> 404 Page Not Found: Js/advanced-datatable
ERROR - 11/25/2017 01:34 pm --> 404 Page Not Found: Js/advanced-datatable
ERROR - 11/25/2017 01:34 pm --> 404 Page Not Found: Js/advanced-datatable
ERROR - 11/25/2017 01:34 pm --> 404 Page Not Found: Js/dynamic_table_init.js
ERROR - 11/25/2017 01:34 pm --> 404 Page Not Found: Js/jquery.dataTables.min.js
ERROR - 11/25/2017 01:34 pm --> 404 Page Not Found: Js/dynamic_table_init.js
ERROR - 11/25/2017 01:34 pm --> 404 Page Not Found: Assets/js
ERROR - 11/25/2017 01:34 pm --> 404 Page Not Found: Images/photos
ERROR - 11/25/2017 01:34 pm --> 404 Page Not Found: Assets/js
ERROR - 11/25/2017 01:34 pm --> 404 Page Not Found: Assets/js
ERROR - 11/25/2017 01:34 pm --> 404 Page Not Found: Js/advanced-datatable
ERROR - 11/25/2017 01:34 pm --> 404 Page Not Found: Js/jquery.dataTables.min.js
ERROR - 11/25/2017 01:34 pm --> 404 Page Not Found: Js/dynamic_table_init.js
ERROR - 11/25/2017 01:34 pm --> 404 Page Not Found: Images/photos
ERROR - 11/25/2017 01:34 pm --> 404 Page Not Found: Assets/js
ERROR - 11/25/2017 01:34 pm --> 404 Page Not Found: Assets/js
ERROR - 11/25/2017 01:35 pm --> 404 Page Not Found: Js/advanced-datatable
ERROR - 11/25/2017 01:35 pm --> 404 Page Not Found: Js/advanced-datatable
ERROR - 11/25/2017 01:36 pm --> 404 Page Not Found: Js/dynamic_table_init.js
ERROR - 11/25/2017 01:37 pm --> 404 Page Not Found: Assets/front
ERROR - 11/25/2017 01:37 pm --> 404 Page Not Found: Assets/front
ERROR - 11/25/2017 01:37 pm --> 404 Page Not Found: Assets/front
ERROR - 11/25/2017 01:37 pm --> 404 Page Not Found: Assets/front
ERROR - 11/25/2017 01:37 pm --> 404 Page Not Found: Assets/front
ERROR - 11/25/2017 01:37 pm --> 404 Page Not Found: Assets/front
ERROR - 11/25/2017 01:38 pm --> 404 Page Not Found: Assets/js
ERROR - 11/25/2017 01:38 pm --> 404 Page Not Found: Images/photos
ERROR - 11/25/2017 01:38 pm --> 404 Page Not Found: Assets/js
ERROR - 11/25/2017 01:41 pm --> 404 Page Not Found: Assets/js
ERROR - 11/25/2017 01:41 pm --> 404 Page Not Found: Images/photos
ERROR - 11/25/2017 01:41 pm --> 404 Page Not Found: Js/advanced-datatable
ERROR - 11/25/2017 01:41 pm --> 404 Page Not Found: Js/advanced-datatable
ERROR - 11/25/2017 01:41 pm --> 404 Page Not Found: Assets/js
ERROR - 11/25/2017 01:41 pm --> 404 Page Not Found: Js/advanced-datatable
ERROR - 11/25/2017 01:41 pm --> 404 Page Not Found: Js/dynamic_table_init.js
ERROR - 11/25/2017 01:41 pm --> 404 Page Not Found: Js/advanced-datatable
ERROR - 11/25/2017 01:41 pm --> 404 Page Not Found: Js/advanced-datatable
ERROR - 11/25/2017 01:41 pm --> 404 Page Not Found: Js/jquery.dataTables.min.js
ERROR - 11/25/2017 01:41 pm --> 404 Page Not Found: Js/dynamic_table_init.js
ERROR - 11/25/2017 01:41 pm --> 404 Page Not Found: Js/jquery.dataTables.min.js
ERROR - 11/25/2017 01:41 pm --> 404 Page Not Found: Js/dynamic_table_init.js
ERROR - 11/25/2017 01:41 pm --> 404 Page Not Found: Images/photos
ERROR - 11/25/2017 01:41 pm --> 404 Page Not Found: Assets/js
ERROR - 11/25/2017 01:41 pm --> 404 Page Not Found: Assets/js
ERROR - 11/25/2017 01:43 pm --> 404 Page Not Found: Assets/js
ERROR - 11/25/2017 01:43 pm --> 404 Page Not Found: Images/photos
ERROR - 11/25/2017 01:43 pm --> 404 Page Not Found: Js/advanced-datatable
ERROR - 11/25/2017 01:43 pm --> 404 Page Not Found: Js/advanced-datatable
ERROR - 11/25/2017 01:43 pm --> 404 Page Not Found: Assets/js
ERROR - 11/25/2017 01:43 pm --> 404 Page Not Found: Js/advanced-datatable
ERROR - 11/25/2017 01:43 pm --> 404 Page Not Found: Js/dynamic_table_init.js
ERROR - 11/25/2017 01:43 pm --> 404 Page Not Found: Js/advanced-datatable
ERROR - 11/25/2017 01:43 pm --> 404 Page Not Found: Js/advanced-datatable
ERROR - 11/25/2017 01:43 pm --> 404 Page Not Found: Js/jquery.dataTables.min.js
ERROR - 11/25/2017 01:43 pm --> 404 Page Not Found: Js/dynamic_table_init.js
ERROR - 11/25/2017 01:43 pm --> 404 Page Not Found: Js/jquery.dataTables.min.js
ERROR - 11/25/2017 01:43 pm --> 404 Page Not Found: Js/dynamic_table_init.js
ERROR - 11/25/2017 01:44 pm --> 404 Page Not Found: Assets/front
ERROR - 11/25/2017 01:44 pm --> 404 Page Not Found: Assets/front
ERROR - 11/25/2017 01:44 pm --> 404 Page Not Found: Assets/front
ERROR - 11/25/2017 01:44 pm --> 404 Page Not Found: Assets/front
ERROR - 11/25/2017 01:44 pm --> 404 Page Not Found: Assets/front
ERROR - 11/25/2017 01:44 pm --> 404 Page Not Found: Assets/front
ERROR - 11/25/2017 01:44 pm --> 404 Page Not Found: Assets/js
ERROR - 11/25/2017 01:44 pm --> 404 Page Not Found: Images/photos
ERROR - 11/25/2017 01:44 pm --> 404 Page Not Found: Assets/js
ERROR - 11/25/2017 01:46 pm --> 404 Page Not Found: Assets/js
ERROR - 11/25/2017 01:46 pm --> 404 Page Not Found: Js/advanced-datatable
ERROR - 11/25/2017 01:46 pm --> 404 Page Not Found: Assets/js
ERROR - 11/25/2017 01:46 pm --> 404 Page Not Found: Images/photos
ERROR - 11/25/2017 01:52 pm --> 404 Page Not Found: Assets/js
ERROR - 11/25/2017 01:52 pm --> 404 Page Not Found: Images/photos
ERROR - 11/25/2017 01:52 pm --> 404 Page Not Found: Js/advanced-datatable
ERROR - 11/25/2017 01:52 pm --> 404 Page Not Found: Js/advanced-datatable
ERROR - 11/25/2017 01:52 pm --> 404 Page Not Found: Assets/js
ERROR - 11/25/2017 01:52 pm --> 404 Page Not Found: Js/advanced-datatable
ERROR - 11/25/2017 01:52 pm --> 404 Page Not Found: Js/dynamic_table_init.js
ERROR - 11/25/2017 01:52 pm --> 404 Page Not Found: Js/advanced-datatable
ERROR - 11/25/2017 01:52 pm --> 404 Page Not Found: Js/advanced-datatable
ERROR - 11/25/2017 01:52 pm --> 404 Page Not Found: Js/jquery.dataTables.min.js
ERROR - 11/25/2017 01:52 pm --> 404 Page Not Found: Js/advanced-datatable
ERROR - 11/25/2017 01:52 pm --> 404 Page Not Found: Js/dynamic_table_init.js
ERROR - 11/25/2017 01:52 pm --> 404 Page Not Found: Js/jquery.dataTables.min.js
ERROR - 11/25/2017 01:52 pm --> 404 Page Not Found: Js/dynamic_table_init.js
ERROR - 11/25/2017 01:52 pm --> 404 Page Not Found: Assets/front
ERROR - 11/25/2017 01:53 pm --> 404 Page Not Found: Assets/front
ERROR - 11/25/2017 01:53 pm --> 404 Page Not Found: Assets/front
ERROR - 11/25/2017 01:53 pm --> 404 Page Not Found: Assets/front
ERROR - 11/25/2017 01:53 pm --> 404 Page Not Found: Assets/front
ERROR - 11/25/2017 01:53 pm --> 404 Page Not Found: Assets/front
ERROR - 11/25/2017 01:53 pm --> 404 Page Not Found: Assets/front
ERROR - 11/25/2017 01:55 pm --> 404 Page Not Found: Assets/js
ERROR - 11/25/2017 01:55 pm --> 404 Page Not Found: Images/photos
ERROR - 11/25/2017 01:55 pm --> 404 Page Not Found: Assets/js
ERROR - 11/25/2017 01:56 pm --> 404 Page Not Found: Assets/front
ERROR - 11/25/2017 01:57 pm --> 404 Page Not Found: Assets/js
ERROR - 11/25/2017 01:57 pm --> 404 Page Not Found: Images/photos
ERROR - 11/25/2017 01:57 pm --> 404 Page Not Found: Js/advanced-datatable
ERROR - 11/25/2017 01:57 pm --> 404 Page Not Found: Js/advanced-datatable
ERROR - 11/25/2017 01:57 pm --> 404 Page Not Found: Js/advanced-datatable
ERROR - 11/25/2017 01:57 pm --> 404 Page Not Found: Js/dynamic_table_init.js
ERROR - 11/25/2017 01:57 pm --> 404 Page Not Found: Js/jquery.dataTables.min.js
ERROR - 11/25/2017 01:57 pm --> 404 Page Not Found: Js/dynamic_table_init.js
ERROR - 11/25/2017 01:57 pm --> 404 Page Not Found: Assets/front
ERROR - 11/25/2017 01:57 pm --> 404 Page Not Found: Assets/front
ERROR - 11/25/2017 01:57 pm --> 404 Page Not Found: Assets/front
ERROR - 11/25/2017 01:57 pm --> 404 Page Not Found: Assets/front
ERROR - 11/25/2017 01:57 pm --> 404 Page Not Found: Assets/front
ERROR - 11/25/2017 01:57 pm --> 404 Page Not Found: Assets/front
