ERROR - 10/05/2017 01:16 am --> Severity: Notice --> Undefined variable: child_catname /home2/carolhhp/public_html/democarol.com/homeservices/application/views/front/home.php 97
ERROR - 10/05/2017 01:16 am --> Severity: Notice --> Trying to get property of non-object /home2/carolhhp/public_html/democarol.com/homeservices/application/views/front/home.php 97
ERROR - 10/05/2017 01:16 am --> Severity: Notice --> Undefined variable: child_catname /home2/carolhhp/public_html/democarol.com/homeservices/application/views/front/home.php 98
ERROR - 10/05/2017 01:16 am --> Severity: Notice --> Trying to get property of non-object /home2/carolhhp/public_html/democarol.com/homeservices/application/views/front/home.php 98
ERROR - 10/05/2017 01:16 am --> Severity: Notice --> Undefined variable: child_catname /home2/carolhhp/public_html/democarol.com/homeservices/application/views/front/home.php 99
ERROR - 10/05/2017 01:16 am --> Severity: Notice --> Trying to get property of non-object /home2/carolhhp/public_html/democarol.com/homeservices/application/views/front/home.php 99
ERROR - 10/05/2017 01:16 am --> Severity: Notice --> Undefined variable: child_catname /home2/carolhhp/public_html/democarol.com/homeservices/application/views/front/home.php 100
ERROR - 10/05/2017 01:16 am --> Severity: Notice --> Trying to get property of non-object /home2/carolhhp/public_html/democarol.com/homeservices/application/views/front/home.php 100
ERROR - 10/05/2017 01:16 am --> Severity: Notice --> Undefined variable: child_catname /home2/carolhhp/public_html/democarol.com/homeservices/application/views/front/home.php 101
ERROR - 10/05/2017 01:16 am --> Severity: Notice --> Trying to get property of non-object /home2/carolhhp/public_html/democarol.com/homeservices/application/views/front/home.php 101
ERROR - 10/05/2017 01:16 am --> Severity: Notice --> Use of undefined constant php - assumed 'php' /home2/carolhhp/public_html/democarol.com/homeservices/application/views/front/home.php 108
ERROR - 10/05/2017 01:40 pm --> Severity: Notice --> Undefined variable: child_catname /home2/carolhhp/public_html/democarol.com/homeservices/application/views/front/home.php 97
ERROR - 10/05/2017 01:40 pm --> Severity: Notice --> Trying to get property of non-object /home2/carolhhp/public_html/democarol.com/homeservices/application/views/front/home.php 97
ERROR - 10/05/2017 01:40 pm --> Severity: Notice --> Undefined variable: child_catname /home2/carolhhp/public_html/democarol.com/homeservices/application/views/front/home.php 98
ERROR - 10/05/2017 01:40 pm --> Severity: Notice --> Trying to get property of non-object /home2/carolhhp/public_html/democarol.com/homeservices/application/views/front/home.php 98
ERROR - 10/05/2017 01:40 pm --> Severity: Notice --> Undefined variable: child_catname /home2/carolhhp/public_html/democarol.com/homeservices/application/views/front/home.php 99
ERROR - 10/05/2017 01:40 pm --> Severity: Notice --> Trying to get property of non-object /home2/carolhhp/public_html/democarol.com/homeservices/application/views/front/home.php 99
ERROR - 10/05/2017 01:40 pm --> Severity: Notice --> Undefined variable: child_catname /home2/carolhhp/public_html/democarol.com/homeservices/application/views/front/home.php 100
ERROR - 10/05/2017 01:40 pm --> Severity: Notice --> Trying to get property of non-object /home2/carolhhp/public_html/democarol.com/homeservices/application/views/front/home.php 100
ERROR - 10/05/2017 01:40 pm --> Severity: Notice --> Undefined variable: child_catname /home2/carolhhp/public_html/democarol.com/homeservices/application/views/front/home.php 101
ERROR - 10/05/2017 01:40 pm --> Severity: Notice --> Trying to get property of non-object /home2/carolhhp/public_html/democarol.com/homeservices/application/views/front/home.php 101
ERROR - 10/05/2017 01:40 pm --> Severity: Notice --> Use of undefined constant php - assumed 'php' /home2/carolhhp/public_html/democarol.com/homeservices/application/views/front/home.php 108
ERROR - 10/05/2017 02:54 pm --> Severity: Notice --> Undefined variable: child_catname /home2/carolhhp/public_html/democarol.com/homeservices/application/views/front/home.php 97
ERROR - 10/05/2017 02:54 pm --> Severity: Notice --> Trying to get property of non-object /home2/carolhhp/public_html/democarol.com/homeservices/application/views/front/home.php 97
ERROR - 10/05/2017 02:54 pm --> Severity: Notice --> Undefined variable: child_catname /home2/carolhhp/public_html/democarol.com/homeservices/application/views/front/home.php 98
ERROR - 10/05/2017 02:54 pm --> Severity: Notice --> Trying to get property of non-object /home2/carolhhp/public_html/democarol.com/homeservices/application/views/front/home.php 98
ERROR - 10/05/2017 02:54 pm --> Severity: Notice --> Undefined variable: child_catname /home2/carolhhp/public_html/democarol.com/homeservices/application/views/front/home.php 99
ERROR - 10/05/2017 02:54 pm --> Severity: Notice --> Trying to get property of non-object /home2/carolhhp/public_html/democarol.com/homeservices/application/views/front/home.php 99
ERROR - 10/05/2017 02:54 pm --> Severity: Notice --> Undefined variable: child_catname /home2/carolhhp/public_html/democarol.com/homeservices/application/views/front/home.php 100
ERROR - 10/05/2017 02:54 pm --> Severity: Notice --> Trying to get property of non-object /home2/carolhhp/public_html/democarol.com/homeservices/application/views/front/home.php 100
ERROR - 10/05/2017 02:54 pm --> Severity: Notice --> Undefined variable: child_catname /home2/carolhhp/public_html/democarol.com/homeservices/application/views/front/home.php 101
ERROR - 10/05/2017 02:54 pm --> Severity: Notice --> Trying to get property of non-object /home2/carolhhp/public_html/democarol.com/homeservices/application/views/front/home.php 101
ERROR - 10/05/2017 02:54 pm --> Severity: Notice --> Use of undefined constant php - assumed 'php' /home2/carolhhp/public_html/democarol.com/homeservices/application/views/front/home.php 108
ERROR - 10/05/2017 04:24 am --> 404 Page Not Found: Assets/js
ERROR - 10/05/2017 04:24 am --> 404 Page Not Found: Images/photos
ERROR - 10/05/2017 04:24 am --> 404 Page Not Found: Assets/js
ERROR - 10/05/2017 04:24 am --> 404 Page Not Found: Assets/js
ERROR - 10/05/2017 04:24 am --> 404 Page Not Found: Images/photos
ERROR - 10/05/2017 04:24 am --> 404 Page Not Found: Assets/js
ERROR - 10/05/2017 04:24 am --> 404 Page Not Found: Assets/js
ERROR - 10/05/2017 04:24 am --> 404 Page Not Found: Assets/js
ERROR - 10/05/2017 04:25 am --> 404 Page Not Found: Apanel/index
ERROR - 10/05/2017 04:25 am --> 404 Page Not Found: Assets/js
ERROR - 10/05/2017 04:25 am --> 404 Page Not Found: Assets/js
ERROR - 10/05/2017 04:25 am --> 404 Page Not Found: Assets/js
ERROR - 10/05/2017 04:25 am --> 404 Page Not Found: Assets/js
ERROR - 10/05/2017 04:25 am --> 404 Page Not Found: Assets/js
ERROR - 10/05/2017 04:25 am --> 404 Page Not Found: Assets/js
ERROR - 10/05/2017 04:25 am --> 404 Page Not Found: Assets/js
ERROR - 10/05/2017 04:25 am --> 404 Page Not Found: Images/photos
ERROR - 10/05/2017 04:26 am --> 404 Page Not Found: Assets/js
ERROR - 10/05/2017 04:26 am --> 404 Page Not Found: Images/photos
ERROR - 10/05/2017 04:26 am --> 404 Page Not Found: Assets/js
ERROR - 10/05/2017 04:26 am --> 404 Page Not Found: Assets/js
ERROR - 10/05/2017 04:26 am --> 404 Page Not Found: Assets/js
ERROR - 10/05/2017 04:26 am --> 404 Page Not Found: Assets/js
ERROR - 10/05/2017 04:26 am --> 404 Page Not Found: Images/photos
ERROR - 10/05/2017 04:26 am --> 404 Page Not Found: Js/docsupport
ERROR - 10/05/2017 04:28 am --> 404 Page Not Found: Assets/js
ERROR - 10/05/2017 04:28 am --> 404 Page Not Found: Images/photos
ERROR - 10/05/2017 04:28 am --> 404 Page Not Found: Assets/js
ERROR - 10/05/2017 04:28 am --> 404 Page Not Found: Assets/js
ERROR - 10/05/2017 04:28 am --> 404 Page Not Found: Assets/js
ERROR - 10/05/2017 04:42 am --> 404 Page Not Found: Assets/js
ERROR - 10/05/2017 04:42 am --> 404 Page Not Found: Images/photos
ERROR - 10/05/2017 04:43 am --> 404 Page Not Found: Assets/js
ERROR - 10/05/2017 04:43 am --> 404 Page Not Found: Images/photos
ERROR - 10/05/2017 08:38 pm --> Severity: Notice --> Undefined variable: child_catname /home2/carolhhp/public_html/democarol.com/homeserdem/application/views/front/home.php 89
ERROR - 10/05/2017 08:38 pm --> Severity: Notice --> Trying to get property of non-object /home2/carolhhp/public_html/democarol.com/homeserdem/application/views/front/home.php 89
ERROR - 10/05/2017 08:38 pm --> Severity: Notice --> Undefined variable: child_catname /home2/carolhhp/public_html/democarol.com/homeserdem/application/views/front/home.php 90
ERROR - 10/05/2017 08:38 pm --> Severity: Notice --> Trying to get property of non-object /home2/carolhhp/public_html/democarol.com/homeserdem/application/views/front/home.php 90
ERROR - 10/05/2017 08:38 pm --> Severity: Notice --> Undefined variable: child_catname /home2/carolhhp/public_html/democarol.com/homeserdem/application/views/front/home.php 91
ERROR - 10/05/2017 08:38 pm --> Severity: Notice --> Trying to get property of non-object /home2/carolhhp/public_html/democarol.com/homeserdem/application/views/front/home.php 91
ERROR - 10/05/2017 08:38 pm --> Severity: Notice --> Undefined variable: child_catname /home2/carolhhp/public_html/democarol.com/homeserdem/application/views/front/home.php 92
ERROR - 10/05/2017 08:38 pm --> Severity: Notice --> Trying to get property of non-object /home2/carolhhp/public_html/democarol.com/homeserdem/application/views/front/home.php 92
ERROR - 10/05/2017 08:38 pm --> Severity: Notice --> Undefined variable: child_catname /home2/carolhhp/public_html/democarol.com/homeserdem/application/views/front/home.php 93
ERROR - 10/05/2017 08:38 pm --> Severity: Notice --> Trying to get property of non-object /home2/carolhhp/public_html/democarol.com/homeserdem/application/views/front/home.php 93
ERROR - 10/05/2017 08:38 pm --> Severity: Notice --> Use of undefined constant php - assumed 'php' /home2/carolhhp/public_html/democarol.com/homeserdem/application/views/front/home.php 100
