ERROR - 11/28/2017 05:24 am --> 404 Page Not Found: Assets/js
ERROR - 11/28/2017 05:24 am --> 404 Page Not Found: Assets/js
ERROR - 11/28/2017 05:24 am --> 404 Page Not Found: Images/photos
ERROR - 11/28/2017 05:24 am --> 404 Page Not Found: Assets/js
ERROR - 11/28/2017 05:24 am --> 404 Page Not Found: Images/photos
ERROR - 11/28/2017 05:24 am --> 404 Page Not Found: Js/advanced-datatable
ERROR - 11/28/2017 05:24 am --> 404 Page Not Found: Js/advanced-datatable
ERROR - 11/28/2017 05:24 am --> 404 Page Not Found: Js/advanced-datatable
ERROR - 11/28/2017 05:24 am --> 404 Page Not Found: Js/dynamic_table_init.js
ERROR - 11/28/2017 05:24 am --> 404 Page Not Found: Js/jquery.dataTables.min.js
ERROR - 11/28/2017 05:25 am --> 404 Page Not Found: Assets/js
ERROR - 11/28/2017 05:25 am --> 404 Page Not Found: Images/photos
ERROR - 11/28/2017 05:27 am --> 404 Page Not Found: Assets/js
ERROR - 11/28/2017 05:27 am --> 404 Page Not Found: Images/photos
ERROR - 11/28/2017 05:27 am --> 404 Page Not Found: Js/advanced-datatable
ERROR - 11/28/2017 05:27 am --> 404 Page Not Found: Js/advanced-datatable
ERROR - 11/28/2017 05:27 am --> 404 Page Not Found: Js/advanced-datatable
ERROR - 11/28/2017 05:27 am --> 404 Page Not Found: Js/dynamic_table_init.js
ERROR - 11/28/2017 05:27 am --> 404 Page Not Found: Js/jquery.dataTables.min.js
ERROR - 11/28/2017 05:27 am --> 404 Page Not Found: Assets/js
ERROR - 11/28/2017 05:27 am --> 404 Page Not Found: Images/photos
ERROR - 11/28/2017 05:29 am --> 404 Page Not Found: Assets/front
ERROR - 11/28/2017 05:29 am --> 404 Page Not Found: Assets/js
ERROR - 11/28/2017 05:29 am --> 404 Page Not Found: Images/photos
ERROR - 11/28/2017 05:29 am --> 404 Page Not Found: Js/advanced-datatable
ERROR - 11/28/2017 05:29 am --> 404 Page Not Found: Js/advanced-datatable
ERROR - 11/28/2017 05:29 am --> 404 Page Not Found: Js/advanced-datatable
ERROR - 11/28/2017 05:29 am --> 404 Page Not Found: Js/jquery.dataTables.min.js
ERROR - 11/28/2017 05:29 am --> 404 Page Not Found: Js/dynamic_table_init.js
ERROR - 11/28/2017 05:29 am --> 404 Page Not Found: Js/jquery.dataTables.min.js
ERROR - 11/28/2017 05:29 am --> 404 Page Not Found: Assets/front
ERROR - 11/28/2017 05:30 am --> 404 Page Not Found: Assets/js
ERROR - 11/28/2017 05:30 am --> 404 Page Not Found: Images/photos
ERROR - 11/28/2017 05:30 am --> 404 Page Not Found: Assets/js
ERROR - 11/28/2017 05:30 am --> 404 Page Not Found: Assets/js
ERROR - 11/28/2017 05:30 am --> 404 Page Not Found: Images/loading_spinner.gif
ERROR - 11/28/2017 05:30 am --> 404 Page Not Found: Assets/js
ERROR - 11/28/2017 05:30 am --> 404 Page Not Found: Assets/front
ERROR - 11/28/2017 05:31 am --> 404 Page Not Found: Assets/js
ERROR - 11/28/2017 05:31 am --> 404 Page Not Found: Images/photos
ERROR - 11/28/2017 05:31 am --> 404 Page Not Found: Assets/js
ERROR - 11/28/2017 05:31 am --> 404 Page Not Found: Images/photos
ERROR - 11/28/2017 05:31 am --> 404 Page Not Found: Assets/js
ERROR - 11/28/2017 05:31 am --> 404 Page Not Found: Assets/js
ERROR - 11/28/2017 05:31 am --> 404 Page Not Found: Assets/js
ERROR - 11/28/2017 05:31 am --> 404 Page Not Found: Images/loading_spinner.gif
ERROR - 11/28/2017 05:32 am --> 404 Page Not Found: Assets/js
ERROR - 11/28/2017 05:32 am --> 404 Page Not Found: Images/photos
ERROR - 11/28/2017 05:32 am --> 404 Page Not Found: Assets/js
ERROR - 11/28/2017 05:32 am --> 404 Page Not Found: Images/photos
ERROR - 11/28/2017 05:32 am --> 404 Page Not Found: Assets/js
ERROR - 11/28/2017 05:32 am --> 404 Page Not Found: Assets/js
ERROR - 11/28/2017 05:32 am --> 404 Page Not Found: Assets/js
ERROR - 11/28/2017 05:32 am --> 404 Page Not Found: Images/loading_spinner.gif
ERROR - 11/28/2017 05:33 am --> 404 Page Not Found: Assets/js
ERROR - 11/28/2017 05:33 am --> 404 Page Not Found: Images/photos
ERROR - 11/28/2017 05:33 am --> 404 Page Not Found: Js/advanced-datatable
ERROR - 11/28/2017 05:33 am --> 404 Page Not Found: Js/advanced-datatable
ERROR - 11/28/2017 05:33 am --> 404 Page Not Found: Js/advanced-datatable
ERROR - 11/28/2017 05:33 am --> 404 Page Not Found: Js/dynamic_table_init.js
ERROR - 11/28/2017 05:33 am --> 404 Page Not Found: Js/jquery.dataTables.min.js
ERROR - 11/28/2017 05:34 am --> 404 Page Not Found: Assets/js
ERROR - 11/28/2017 05:34 am --> 404 Page Not Found: Images/photos
ERROR - 11/28/2017 05:35 am --> 404 Page Not Found: Assets/js
ERROR - 11/28/2017 05:35 am --> 404 Page Not Found: Images/photos
ERROR - 11/28/2017 05:35 am --> 404 Page Not Found: Js/advanced-datatable
ERROR - 11/28/2017 05:35 am --> 404 Page Not Found: Js/advanced-datatable
ERROR - 11/28/2017 05:35 am --> 404 Page Not Found: Js/advanced-datatable
ERROR - 11/28/2017 05:35 am --> 404 Page Not Found: Js/dynamic_table_init.js
ERROR - 11/28/2017 05:35 am --> 404 Page Not Found: Js/jquery.dataTables.min.js
ERROR - 11/28/2017 05:35 am --> 404 Page Not Found: Assets/js
ERROR - 11/28/2017 05:35 am --> 404 Page Not Found: Images/photos
ERROR - 11/28/2017 05:35 am --> 404 Page Not Found: Assets/front
ERROR - 11/28/2017 05:36 am --> 404 Page Not Found: Assets/front
ERROR - 11/28/2017 05:36 am --> 404 Page Not Found: Assets/front
ERROR - 11/28/2017 06:12 am --> 404 Page Not Found: Assets/front
ERROR - 11/28/2017 06:13 am --> 404 Page Not Found: Assets/front
ERROR - 11/28/2017 06:14 am --> 404 Page Not Found: Assets/front
ERROR - 11/28/2017 06:18 am --> 404 Page Not Found: Assets/front
ERROR - 11/28/2017 06:19 am --> 404 Page Not Found: Assets/front
ERROR - 11/28/2017 06:19 am --> 404 Page Not Found: Assets/js
ERROR - 11/28/2017 06:19 am --> 404 Page Not Found: Assets/js
ERROR - 11/28/2017 06:19 am --> 404 Page Not Found: Assets/js
ERROR - 11/28/2017 06:19 am --> 404 Page Not Found: Assets/js
ERROR - 11/28/2017 06:19 am --> 404 Page Not Found: Assets/js
ERROR - 11/28/2017 06:19 am --> 404 Page Not Found: Images/photos
ERROR - 11/28/2017 06:19 am --> 404 Page Not Found: Images/loading_spinner.gif
ERROR - 11/28/2017 06:19 am --> 404 Page Not Found: Assets/js
ERROR - 11/28/2017 06:19 am --> 404 Page Not Found: Images/photos
ERROR - 11/28/2017 06:20 am --> 404 Page Not Found: Assets/js
ERROR - 11/28/2017 06:20 am --> 404 Page Not Found: Assets/js
ERROR - 11/28/2017 06:20 am --> 404 Page Not Found: Assets/js
ERROR - 11/28/2017 06:20 am --> 404 Page Not Found: Images/loading_spinner.gif
ERROR - 11/28/2017 06:20 am --> 404 Page Not Found: Assets/js
ERROR - 11/28/2017 06:20 am --> 404 Page Not Found: Images/photos
ERROR - 11/28/2017 06:20 am --> 404 Page Not Found: Assets/js
ERROR - 11/28/2017 06:20 am --> 404 Page Not Found: Assets/front
ERROR - 11/28/2017 06:20 am --> 404 Page Not Found: Assets/js
ERROR - 11/28/2017 06:20 am --> 404 Page Not Found: Images/photos
ERROR - 11/28/2017 06:20 am --> 404 Page Not Found: Assets/js
ERROR - 11/28/2017 06:20 am --> 404 Page Not Found: Images/photos
ERROR - 11/28/2017 06:20 am --> 404 Page Not Found: Assets/js
ERROR - 11/28/2017 06:20 am --> 404 Page Not Found: Assets/js
ERROR - 11/28/2017 06:20 am --> 404 Page Not Found: Assets/js
ERROR - 11/28/2017 06:20 am --> 404 Page Not Found: Images/loading_spinner.gif
ERROR - 11/28/2017 06:20 am --> 404 Page Not Found: Assets/front
ERROR - 11/28/2017 06:23 am --> 404 Page Not Found: Assets/front
ERROR - 11/28/2017 06:25 am --> 404 Page Not Found: Assets/js
ERROR - 11/28/2017 06:25 am --> 404 Page Not Found: Images/photos
ERROR - 11/28/2017 06:25 am --> 404 Page Not Found: Js/advanced-datatable
ERROR - 11/28/2017 06:25 am --> 404 Page Not Found: Js/advanced-datatable
ERROR - 11/28/2017 06:25 am --> 404 Page Not Found: Js/advanced-datatable
ERROR - 11/28/2017 06:25 am --> 404 Page Not Found: Js/dynamic_table_init.js
ERROR - 11/28/2017 06:25 am --> 404 Page Not Found: Js/jquery.dataTables.min.js
ERROR - 11/28/2017 06:26 am --> 404 Page Not Found: Assets/js
ERROR - 11/28/2017 06:26 am --> 404 Page Not Found: Images/photos
ERROR - 11/28/2017 06:27 am --> 404 Page Not Found: Assets/front
ERROR - 11/28/2017 06:27 am --> 404 Page Not Found: Assets/front
ERROR - 11/28/2017 06:30 am --> 404 Page Not Found: Assets/front
ERROR - 11/28/2017 07:06 am --> 404 Page Not Found: Assets/front
ERROR - 11/28/2017 07:09 am --> 404 Page Not Found: Assets/js
ERROR - 11/28/2017 07:09 am --> 404 Page Not Found: Images/photos
ERROR - 11/28/2017 07:09 am --> 404 Page Not Found: Js/advanced-datatable
ERROR - 11/28/2017 07:09 am --> 404 Page Not Found: Js/advanced-datatable
ERROR - 11/28/2017 07:09 am --> 404 Page Not Found: Js/advanced-datatable
ERROR - 11/28/2017 07:09 am --> 404 Page Not Found: Js/dynamic_table_init.js
ERROR - 11/28/2017 07:09 am --> 404 Page Not Found: Js/jquery.dataTables.min.js
ERROR - 11/28/2017 07:09 am --> 404 Page Not Found: Assets/js
ERROR - 11/28/2017 07:09 am --> 404 Page Not Found: Images/photos
ERROR - 11/28/2017 07:32 am --> 404 Page Not Found: Assets/front
ERROR - 11/28/2017 07:32 am --> 404 Page Not Found: Assets/front
ERROR - 11/28/2017 07:32 am --> 404 Page Not Found: Assets/front
ERROR - 11/28/2017 07:32 am --> 404 Page Not Found: Assets/front
ERROR - 11/28/2017 07:32 am --> 404 Page Not Found: Assets/front
ERROR - 11/28/2017 07:32 am --> 404 Page Not Found: Assets/front
ERROR - 11/28/2017 07:32 am --> 404 Page Not Found: front/Service/badroom_plan
ERROR - 11/28/2017 07:33 am --> 404 Page Not Found: front/Service/badroom_plan
ERROR - 11/28/2017 07:33 am --> 404 Page Not Found: Assets/front
ERROR - 11/28/2017 07:33 am --> 404 Page Not Found: Assets/front
ERROR - 11/28/2017 07:33 am --> 404 Page Not Found: Assets/front
ERROR - 11/28/2017 07:33 am --> 404 Page Not Found: Assets/front
ERROR - 11/28/2017 07:33 am --> 404 Page Not Found: Assets/front
ERROR - 11/28/2017 07:40 am --> 404 Page Not Found: Assets/front
ERROR - 11/28/2017 07:40 am --> 404 Page Not Found: Assets/front
ERROR - 11/28/2017 07:41 am --> 404 Page Not Found: front/Service/badroom_plan
ERROR - 11/28/2017 07:41 am --> 404 Page Not Found: front/Service/badroom_plan
ERROR - 11/28/2017 07:41 am --> 404 Page Not Found: Assets/front
ERROR - 11/28/2017 07:41 am --> 404 Page Not Found: Assets/front
ERROR - 11/28/2017 07:41 am --> 404 Page Not Found: Assets/front
ERROR - 11/28/2017 07:41 am --> 404 Page Not Found: Assets/front
ERROR - 11/28/2017 07:41 am --> 404 Page Not Found: Assets/front
ERROR - 11/28/2017 07:45 am --> 404 Page Not Found: Assets/front
ERROR - 11/28/2017 07:49 am --> 404 Page Not Found: Assets/front
ERROR - 11/28/2017 07:53 am --> 404 Page Not Found: Assets/js
ERROR - 11/28/2017 07:53 am --> 404 Page Not Found: Assets/js
ERROR - 11/28/2017 07:53 am --> 404 Page Not Found: Assets/js
ERROR - 11/28/2017 07:53 am --> 404 Page Not Found: Images/photos
ERROR - 11/28/2017 07:54 am --> 404 Page Not Found: Assets/front
ERROR - 11/28/2017 07:54 am --> 404 Page Not Found: Assets/front
ERROR - 11/28/2017 07:54 am --> 404 Page Not Found: Assets/front
ERROR - 11/28/2017 07:54 am --> 404 Page Not Found: Assets/front
ERROR - 11/28/2017 07:54 am --> 404 Page Not Found: Assets/front
ERROR - 11/28/2017 07:54 am --> 404 Page Not Found: Assets/js
ERROR - 11/28/2017 07:54 am --> 404 Page Not Found: Images/photos
ERROR - 11/28/2017 07:54 am --> 404 Page Not Found: Js/advanced-datatable
ERROR - 11/28/2017 07:54 am --> 404 Page Not Found: Js/advanced-datatable
ERROR - 11/28/2017 07:54 am --> 404 Page Not Found: Js/jquery.dataTables.min.js
ERROR - 11/28/2017 07:54 am --> 404 Page Not Found: Js/advanced-datatable
ERROR - 11/28/2017 07:54 am --> 404 Page Not Found: Js/dynamic_table_init.js
ERROR - 11/28/2017 07:54 am --> 404 Page Not Found: Js/jquery.dataTables.min.js
ERROR - 11/28/2017 07:54 am --> 404 Page Not Found: Assets/js
ERROR - 11/28/2017 07:54 am --> 404 Page Not Found: Images/photos
ERROR - 11/28/2017 07:54 am --> 404 Page Not Found: Assets/js
ERROR - 11/28/2017 07:54 am --> 404 Page Not Found: Images/photos
ERROR - 11/28/2017 07:54 am --> 404 Page Not Found: Js/advanced-datatable
ERROR - 11/28/2017 07:54 am --> 404 Page Not Found: Js/advanced-datatable
ERROR - 11/28/2017 07:54 am --> 404 Page Not Found: Js/advanced-datatable
ERROR - 11/28/2017 07:54 am --> 404 Page Not Found: Js/dynamic_table_init.js
ERROR - 11/28/2017 07:54 am --> 404 Page Not Found: Js/jquery.dataTables.min.js
ERROR - 11/28/2017 07:55 am --> 404 Page Not Found: Assets/js
ERROR - 11/28/2017 07:55 am --> 404 Page Not Found: Images/photos
ERROR - 11/28/2017 07:57 am --> 404 Page Not Found: Assets/front
ERROR - 11/28/2017 07:57 am --> 404 Page Not Found: Assets/front
ERROR - 11/28/2017 07:57 am --> 404 Page Not Found: Assets/front
ERROR - 11/28/2017 07:57 am --> 404 Page Not Found: Assets/front
ERROR - 11/28/2017 07:57 am --> 404 Page Not Found: Assets/front
ERROR - 11/28/2017 07:57 am --> 404 Page Not Found: Assets/front
ERROR - 11/28/2017 07:58 am --> 404 Page Not Found: Assets/front
ERROR - 11/28/2017 07:58 am --> 404 Page Not Found: Assets/front
ERROR - 11/28/2017 07:58 am --> 404 Page Not Found: Assets/front
ERROR - 11/28/2017 07:58 am --> 404 Page Not Found: Assets/front
ERROR - 11/28/2017 07:58 am --> 404 Page Not Found: Assets/front
ERROR - 11/28/2017 07:58 am --> 404 Page Not Found: Assets/front
ERROR - 11/28/2017 12:19 pm --> 404 Page Not Found: front/Service/badroom_plan
ERROR - 11/28/2017 11:31 pm --> 404 Page Not Found: Assets/front
ERROR - 11/28/2017 11:34 pm --> 404 Page Not Found: Assets/front
