ERROR - 11/10/2017 04:20 am --> 404 Page Not Found: Assets/front
ERROR - 11/10/2017 04:20 am --> 404 Page Not Found: front/Service/badroom_plan
ERROR - 11/10/2017 04:20 am --> 404 Page Not Found: front/Service/badroom_plan
ERROR - 11/10/2017 04:20 am --> 404 Page Not Found: front/Service/badroom_plan
ERROR - 11/10/2017 04:20 am --> 404 Page Not Found: front/Service/badroom_plan
ERROR - 11/10/2017 04:20 am --> 404 Page Not Found: front/Service/badroom_plan
ERROR - 11/10/2017 04:20 am --> 404 Page Not Found: front/Service/badroom_plan
ERROR - 11/10/2017 04:21 am --> 404 Page Not Found: Assets/front
ERROR - 11/10/2017 04:21 am --> 404 Page Not Found: Assets/front
ERROR - 11/10/2017 04:21 am --> 404 Page Not Found: Assets/front
ERROR - 11/10/2017 04:21 am --> 404 Page Not Found: Assets/front
ERROR - 11/10/2017 04:21 am --> 404 Page Not Found: Assets/front
ERROR - 11/10/2017 04:21 am --> 404 Page Not Found: Assets/front
ERROR - 11/10/2017 04:30 am --> 404 Page Not Found: Assets/front
ERROR - 11/10/2017 04:30 am --> 404 Page Not Found: front/Service/badroom_plan
ERROR - 11/10/2017 04:30 am --> 404 Page Not Found: front/Service/badroom_plan
ERROR - 11/10/2017 04:30 am --> 404 Page Not Found: front/Service/badroom_plan
ERROR - 11/10/2017 04:30 am --> 404 Page Not Found: Assets/front
ERROR - 11/10/2017 04:30 am --> 404 Page Not Found: Assets/front
ERROR - 11/10/2017 04:30 am --> 404 Page Not Found: Assets/front
ERROR - 11/10/2017 04:30 am --> 404 Page Not Found: Assets/front
ERROR - 11/10/2017 04:30 am --> 404 Page Not Found: Assets/front
ERROR - 11/10/2017 04:31 am --> 404 Page Not Found: Assets/front
ERROR - 11/10/2017 04:45 am --> 404 Page Not Found: Assets/front
ERROR - 11/10/2017 04:45 am --> 404 Page Not Found: front/Service/badroom_plan
ERROR - 11/10/2017 04:45 am --> 404 Page Not Found: Assets/front
ERROR - 11/10/2017 04:45 am --> 404 Page Not Found: Assets/front
ERROR - 11/10/2017 04:45 am --> 404 Page Not Found: Assets/front
ERROR - 11/10/2017 04:45 am --> 404 Page Not Found: Assets/front
ERROR - 11/10/2017 04:45 am --> 404 Page Not Found: Assets/front
ERROR - 11/10/2017 04:46 am --> 404 Page Not Found: Assets/front
ERROR - 11/10/2017 04:48 am --> 404 Page Not Found: Assets/front
ERROR - 11/10/2017 04:48 am --> 404 Page Not Found: Assets/front
ERROR - 11/10/2017 04:48 am --> 404 Page Not Found: Assets/front
ERROR - 11/10/2017 04:48 am --> 404 Page Not Found: Assets/front
ERROR - 11/10/2017 04:49 am --> 404 Page Not Found: Assets/js
ERROR - 11/10/2017 04:49 am --> 404 Page Not Found: Assets/js
ERROR - 11/10/2017 04:49 am --> 404 Page Not Found: Images/photos
ERROR - 11/10/2017 04:49 am --> 404 Page Not Found: Assets/js
ERROR - 11/10/2017 04:49 am --> 404 Page Not Found: Images/photos
ERROR - 11/10/2017 04:49 am --> 404 Page Not Found: Js/advanced-datatable
ERROR - 11/10/2017 04:49 am --> 404 Page Not Found: Js/advanced-datatable
ERROR - 11/10/2017 04:49 am --> 404 Page Not Found: Js/advanced-datatable
ERROR - 11/10/2017 04:49 am --> 404 Page Not Found: Js/dynamic_table_init.js
ERROR - 11/10/2017 04:49 am --> 404 Page Not Found: Js/jquery.dataTables.min.js
ERROR - 11/10/2017 04:50 am --> 404 Page Not Found: Assets/js
ERROR - 11/10/2017 04:50 am --> 404 Page Not Found: Images/photos
ERROR - 11/10/2017 04:50 am --> 404 Page Not Found: Assets/js
ERROR - 11/10/2017 04:50 am --> 404 Page Not Found: Images/photos
ERROR - 11/10/2017 04:50 am --> 404 Page Not Found: Js/advanced-datatable
ERROR - 11/10/2017 04:50 am --> 404 Page Not Found: Js/advanced-datatable
ERROR - 11/10/2017 04:50 am --> 404 Page Not Found: Js/advanced-datatable
ERROR - 11/10/2017 04:50 am --> 404 Page Not Found: Js/dynamic_table_init.js
ERROR - 11/10/2017 04:50 am --> 404 Page Not Found: Js/jquery.dataTables.min.js
ERROR - 11/10/2017 04:51 am --> 404 Page Not Found: Assets/js
ERROR - 11/10/2017 04:51 am --> 404 Page Not Found: Images/photos
ERROR - 11/10/2017 04:55 am --> 404 Page Not Found: front/Service/badroom_plan
ERROR - 11/10/2017 04:55 am --> 404 Page Not Found: front/Service/badroom_plan
ERROR - 11/10/2017 04:55 am --> 404 Page Not Found: front/Service/badroom_plan
ERROR - 11/10/2017 04:55 am --> 404 Page Not Found: Assets/js
ERROR - 11/10/2017 04:55 am --> 404 Page Not Found: Images/photos
ERROR - 11/10/2017 04:55 am --> 404 Page Not Found: Js/advanced-datatable
ERROR - 11/10/2017 04:55 am --> 404 Page Not Found: Js/advanced-datatable
ERROR - 11/10/2017 04:55 am --> 404 Page Not Found: Js/advanced-datatable
ERROR - 11/10/2017 04:55 am --> 404 Page Not Found: Js/dynamic_table_init.js
ERROR - 11/10/2017 04:55 am --> 404 Page Not Found: Js/jquery.dataTables.min.js
ERROR - 11/10/2017 04:55 am --> 404 Page Not Found: Assets/js
ERROR - 11/10/2017 04:55 am --> 404 Page Not Found: Images/photos
ERROR - 11/10/2017 04:56 am --> 404 Page Not Found: Assets/js
ERROR - 11/10/2017 04:56 am --> 404 Page Not Found: Images/photos
ERROR - 11/10/2017 04:56 am --> 404 Page Not Found: Js/advanced-datatable
ERROR - 11/10/2017 04:56 am --> 404 Page Not Found: Js/advanced-datatable
ERROR - 11/10/2017 04:56 am --> 404 Page Not Found: Js/advanced-datatable
ERROR - 11/10/2017 04:56 am --> 404 Page Not Found: Js/dynamic_table_init.js
ERROR - 11/10/2017 04:56 am --> 404 Page Not Found: Js/jquery.dataTables.min.js
ERROR - 11/10/2017 04:57 am --> 404 Page Not Found: Assets/js
ERROR - 11/10/2017 04:57 am --> 404 Page Not Found: Images/photos
ERROR - 11/10/2017 05:00 am --> 404 Page Not Found: Assets/js
ERROR - 11/10/2017 05:00 am --> 404 Page Not Found: Images/photos
ERROR - 11/10/2017 05:00 am --> 404 Page Not Found: Js/advanced-datatable
ERROR - 11/10/2017 05:00 am --> 404 Page Not Found: Js/advanced-datatable
ERROR - 11/10/2017 05:00 am --> 404 Page Not Found: Js/advanced-datatable
ERROR - 11/10/2017 05:00 am --> 404 Page Not Found: Js/dynamic_table_init.js
ERROR - 11/10/2017 05:00 am --> 404 Page Not Found: Js/jquery.dataTables.min.js
ERROR - 11/10/2017 05:01 am --> 404 Page Not Found: Assets/js
ERROR - 11/10/2017 05:01 am --> 404 Page Not Found: Images/photos
ERROR - 11/10/2017 05:01 am --> 404 Page Not Found: Assets/js
ERROR - 11/10/2017 05:01 am --> 404 Page Not Found: Assets/js
ERROR - 11/10/2017 05:01 am --> 404 Page Not Found: Images/photos
ERROR - 11/10/2017 05:01 am --> 404 Page Not Found: Assets/js
ERROR - 11/10/2017 05:01 am --> 404 Page Not Found: Assets/js
ERROR - 11/10/2017 05:01 am --> 404 Page Not Found: Images/photos
ERROR - 11/10/2017 05:01 am --> 404 Page Not Found: Assets/js
ERROR - 11/10/2017 05:01 am --> 404 Page Not Found: Assets/js
ERROR - 11/10/2017 05:03 am --> 404 Page Not Found: Assets/js
ERROR - 11/10/2017 05:03 am --> 404 Page Not Found: Images/photos
ERROR - 11/10/2017 05:03 am --> 404 Page Not Found: Assets/js
ERROR - 11/10/2017 05:03 am --> 404 Page Not Found: Images/photos
ERROR - 11/10/2017 05:03 am --> 404 Page Not Found: Assets/js
ERROR - 11/10/2017 05:03 am --> 404 Page Not Found: Assets/js
ERROR - 11/10/2017 05:03 am --> 404 Page Not Found: Assets/js
ERROR - 11/10/2017 05:03 am --> 404 Page Not Found: Images/photos
ERROR - 11/10/2017 05:04 am --> 404 Page Not Found: Js/advanced-datatable
ERROR - 11/10/2017 05:04 am --> 404 Page Not Found: Images/photos
ERROR - 11/10/2017 05:04 am --> 404 Page Not Found: Assets/js
ERROR - 11/10/2017 05:04 am --> 404 Page Not Found: Js/advanced-datatable
ERROR - 11/10/2017 05:04 am --> 404 Page Not Found: Js/advanced-datatable
ERROR - 11/10/2017 05:04 am --> 404 Page Not Found: Js/advanced-datatable
ERROR - 11/10/2017 05:04 am --> 404 Page Not Found: Js/dynamic_table_init.js
ERROR - 11/10/2017 05:04 am --> 404 Page Not Found: Js/jquery.dataTables.min.js
ERROR - 11/10/2017 05:04 am --> 404 Page Not Found: Assets/js
ERROR - 11/10/2017 05:04 am --> 404 Page Not Found: Images/photos
ERROR - 11/10/2017 05:58 pm --> Severity: Notice --> Undefined variable: child_catname /home2/carolhhp/public_html/democarol.com/homeserdem/application/views/front/home.php 89
ERROR - 11/10/2017 05:58 pm --> Severity: Notice --> Trying to get property of non-object /home2/carolhhp/public_html/democarol.com/homeserdem/application/views/front/home.php 89
ERROR - 11/10/2017 05:58 pm --> Severity: Notice --> Undefined variable: child_catname /home2/carolhhp/public_html/democarol.com/homeserdem/application/views/front/home.php 90
ERROR - 11/10/2017 05:58 pm --> Severity: Notice --> Trying to get property of non-object /home2/carolhhp/public_html/democarol.com/homeserdem/application/views/front/home.php 90
ERROR - 11/10/2017 05:58 pm --> Severity: Notice --> Undefined variable: child_catname /home2/carolhhp/public_html/democarol.com/homeserdem/application/views/front/home.php 91
ERROR - 11/10/2017 05:58 pm --> Severity: Notice --> Trying to get property of non-object /home2/carolhhp/public_html/democarol.com/homeserdem/application/views/front/home.php 91
ERROR - 11/10/2017 05:58 pm --> Severity: Notice --> Undefined variable: child_catname /home2/carolhhp/public_html/democarol.com/homeserdem/application/views/front/home.php 92
ERROR - 11/10/2017 05:58 pm --> Severity: Notice --> Trying to get property of non-object /home2/carolhhp/public_html/democarol.com/homeserdem/application/views/front/home.php 92
ERROR - 11/10/2017 05:58 pm --> Severity: Notice --> Undefined variable: child_catname /home2/carolhhp/public_html/democarol.com/homeserdem/application/views/front/home.php 93
ERROR - 11/10/2017 05:58 pm --> Severity: Notice --> Trying to get property of non-object /home2/carolhhp/public_html/democarol.com/homeserdem/application/views/front/home.php 93
ERROR - 11/10/2017 05:58 pm --> Severity: Notice --> Use of undefined constant php - assumed 'php' /home2/carolhhp/public_html/democarol.com/homeserdem/application/views/front/home.php 100
