ERROR - 07/16/2017 10:46 pm --> Severity: Notice --> Undefined variable: child_catname D:\Server\gf7\gf8\htdocs\don\application\views\front\home.php 89
ERROR - 07/16/2017 10:46 pm --> Severity: Notice --> Trying to get property of non-object D:\Server\gf7\gf8\htdocs\don\application\views\front\home.php 89
ERROR - 07/16/2017 10:46 pm --> Severity: Notice --> Undefined variable: child_catname D:\Server\gf7\gf8\htdocs\don\application\views\front\home.php 90
ERROR - 07/16/2017 10:46 pm --> Severity: Notice --> Trying to get property of non-object D:\Server\gf7\gf8\htdocs\don\application\views\front\home.php 90
ERROR - 07/16/2017 10:46 pm --> Severity: Notice --> Undefined variable: child_catname D:\Server\gf7\gf8\htdocs\don\application\views\front\home.php 91
ERROR - 07/16/2017 10:46 pm --> Severity: Notice --> Trying to get property of non-object D:\Server\gf7\gf8\htdocs\don\application\views\front\home.php 91
ERROR - 07/16/2017 10:46 pm --> Severity: Notice --> Undefined variable: child_catname D:\Server\gf7\gf8\htdocs\don\application\views\front\home.php 92
ERROR - 07/16/2017 10:46 pm --> Severity: Notice --> Trying to get property of non-object D:\Server\gf7\gf8\htdocs\don\application\views\front\home.php 92
ERROR - 07/16/2017 10:46 pm --> Severity: Notice --> Undefined variable: child_catname D:\Server\gf7\gf8\htdocs\don\application\views\front\home.php 93
ERROR - 07/16/2017 10:46 pm --> Severity: Notice --> Trying to get property of non-object D:\Server\gf7\gf8\htdocs\don\application\views\front\home.php 93
ERROR - 07/16/2017 07:18 pm --> 404 Page Not Found: Assets/js
ERROR - 07/16/2017 07:18 pm --> 404 Page Not Found: Images/photos
ERROR - 07/16/2017 07:18 pm --> 404 Page Not Found: Assets/js
ERROR - 07/16/2017 07:18 pm --> 404 Page Not Found: Images/photos
ERROR - 07/16/2017 07:18 pm --> 404 Page Not Found: Assets/js
ERROR - 07/16/2017 07:18 pm --> 404 Page Not Found: Assets/js
ERROR - 07/16/2017 07:18 pm --> 404 Page Not Found: Assets/js
ERROR - 07/16/2017 07:18 pm --> 404 Page Not Found: Assets/js
ERROR - 07/16/2017 07:18 pm --> 404 Page Not Found: Images/loading_spinner.gif
ERROR - 07/16/2017 07:18 pm --> 404 Page Not Found: Images/photos
ERROR - 07/16/2017 07:18 pm --> 404 Page Not Found: Assets/js
ERROR - 07/16/2017 07:18 pm --> 404 Page Not Found: Images/photos
ERROR - 07/16/2017 07:18 pm --> 404 Page Not Found: Assets/js
ERROR - 07/16/2017 07:18 pm --> 404 Page Not Found: Images/loading_spinner.gif
ERROR - 07/16/2017 07:18 pm --> 404 Page Not Found: Assets/js
ERROR - 07/16/2017 07:18 pm --> 404 Page Not Found: Assets/js
ERROR - 07/16/2017 07:18 pm --> 404 Page Not Found: Assets/js
ERROR - 07/16/2017 07:18 pm --> 404 Page Not Found: Js/advanced-datatable
ERROR - 07/16/2017 07:18 pm --> 404 Page Not Found: Js/advanced-datatable
ERROR - 07/16/2017 07:18 pm --> 404 Page Not Found: Js/advanced-datatable
ERROR - 07/16/2017 07:18 pm --> 404 Page Not Found: Js/dynamic_table_init.js
ERROR - 07/16/2017 07:18 pm --> 404 Page Not Found: Js/jquery.dataTables.min.js
ERROR - 07/16/2017 07:18 pm --> 404 Page Not Found: Images/photos
ERROR - 07/16/2017 07:18 pm --> 404 Page Not Found: Assets/js
ERROR - 07/16/2017 07:18 pm --> 404 Page Not Found: Js/advanced-datatable
ERROR - 07/16/2017 07:18 pm --> 404 Page Not Found: Js/advanced-datatable
ERROR - 07/16/2017 07:18 pm --> 404 Page Not Found: Js/advanced-datatable
ERROR - 07/16/2017 07:18 pm --> 404 Page Not Found: Js/dynamic_table_init.js
ERROR - 07/16/2017 07:18 pm --> 404 Page Not Found: Images/photos
ERROR - 07/16/2017 07:18 pm --> 404 Page Not Found: Js/jquery.dataTables.min.js
ERROR - 07/16/2017 07:18 pm --> 404 Page Not Found: Assets/js
ERROR - 07/16/2017 07:18 pm --> 404 Page Not Found: Images/photos
ERROR - 07/16/2017 07:18 pm --> 404 Page Not Found: Assets/js
ERROR - 07/16/2017 07:18 pm --> 404 Page Not Found: Images/photos
