ERROR - 10/06/2017 12:59 am --> Severity: Notice --> Undefined variable: child_catname /home2/carolhhp/public_html/democarol.com/homeservices/application/views/front/home.php 97
ERROR - 10/06/2017 12:59 am --> Severity: Notice --> Trying to get property of non-object /home2/carolhhp/public_html/democarol.com/homeservices/application/views/front/home.php 97
ERROR - 10/06/2017 12:59 am --> Severity: Notice --> Undefined variable: child_catname /home2/carolhhp/public_html/democarol.com/homeservices/application/views/front/home.php 98
ERROR - 10/06/2017 12:59 am --> Severity: Notice --> Trying to get property of non-object /home2/carolhhp/public_html/democarol.com/homeservices/application/views/front/home.php 98
ERROR - 10/06/2017 12:59 am --> Severity: Notice --> Undefined variable: child_catname /home2/carolhhp/public_html/democarol.com/homeservices/application/views/front/home.php 99
ERROR - 10/06/2017 12:59 am --> Severity: Notice --> Trying to get property of non-object /home2/carolhhp/public_html/democarol.com/homeservices/application/views/front/home.php 99
ERROR - 10/06/2017 12:59 am --> Severity: Notice --> Undefined variable: child_catname /home2/carolhhp/public_html/democarol.com/homeservices/application/views/front/home.php 100
ERROR - 10/06/2017 12:59 am --> Severity: Notice --> Trying to get property of non-object /home2/carolhhp/public_html/democarol.com/homeservices/application/views/front/home.php 100
ERROR - 10/06/2017 12:59 am --> Severity: Notice --> Undefined variable: child_catname /home2/carolhhp/public_html/democarol.com/homeservices/application/views/front/home.php 101
ERROR - 10/06/2017 12:59 am --> Severity: Notice --> Trying to get property of non-object /home2/carolhhp/public_html/democarol.com/homeservices/application/views/front/home.php 101
ERROR - 10/06/2017 12:59 am --> Severity: Notice --> Use of undefined constant php - assumed 'php' /home2/carolhhp/public_html/democarol.com/homeservices/application/views/front/home.php 108
ERROR - 10/06/2017 07:28 am --> Severity: Notice --> Undefined variable: child_catname /home2/carolhhp/public_html/democarol.com/homeserdem/application/views/front/home.php 89
ERROR - 10/06/2017 07:28 am --> Severity: Notice --> Trying to get property of non-object /home2/carolhhp/public_html/democarol.com/homeserdem/application/views/front/home.php 89
ERROR - 10/06/2017 07:28 am --> Severity: Notice --> Undefined variable: child_catname /home2/carolhhp/public_html/democarol.com/homeserdem/application/views/front/home.php 90
ERROR - 10/06/2017 07:28 am --> Severity: Notice --> Trying to get property of non-object /home2/carolhhp/public_html/democarol.com/homeserdem/application/views/front/home.php 90
ERROR - 10/06/2017 07:28 am --> Severity: Notice --> Undefined variable: child_catname /home2/carolhhp/public_html/democarol.com/homeserdem/application/views/front/home.php 91
ERROR - 10/06/2017 07:28 am --> Severity: Notice --> Trying to get property of non-object /home2/carolhhp/public_html/democarol.com/homeserdem/application/views/front/home.php 91
ERROR - 10/06/2017 07:28 am --> Severity: Notice --> Undefined variable: child_catname /home2/carolhhp/public_html/democarol.com/homeserdem/application/views/front/home.php 92
ERROR - 10/06/2017 07:28 am --> Severity: Notice --> Trying to get property of non-object /home2/carolhhp/public_html/democarol.com/homeserdem/application/views/front/home.php 92
ERROR - 10/06/2017 07:28 am --> Severity: Notice --> Undefined variable: child_catname /home2/carolhhp/public_html/democarol.com/homeserdem/application/views/front/home.php 93
ERROR - 10/06/2017 07:28 am --> Severity: Notice --> Trying to get property of non-object /home2/carolhhp/public_html/democarol.com/homeserdem/application/views/front/home.php 93
ERROR - 10/06/2017 07:28 am --> Severity: Notice --> Use of undefined constant php - assumed 'php' /home2/carolhhp/public_html/democarol.com/homeserdem/application/views/front/home.php 100
ERROR - 10/06/2017 04:38 am --> 404 Page Not Found: Assets/js
ERROR - 10/06/2017 04:38 am --> 404 Page Not Found: Assets/js
ERROR - 10/06/2017 04:38 am --> 404 Page Not Found: Images/photos
ERROR - 10/06/2017 04:38 am --> 404 Page Not Found: Assets/js
ERROR - 10/06/2017 04:38 am --> 404 Page Not Found: Images/photos
ERROR - 10/06/2017 04:38 am --> 404 Page Not Found: Assets/js
ERROR - 10/06/2017 04:38 am --> 404 Page Not Found: Assets/js
ERROR - 10/06/2017 04:38 am --> 404 Page Not Found: Assets/js
ERROR - 10/06/2017 04:38 am --> 404 Page Not Found: Assets/js
ERROR - 10/06/2017 04:38 am --> 404 Page Not Found: Images/photos
ERROR - 10/06/2017 04:38 am --> 404 Page Not Found: Js/docsupport
ERROR - 10/06/2017 04:38 am --> 404 Page Not Found: Assets/js
ERROR - 10/06/2017 04:38 am --> 404 Page Not Found: Images/photos
ERROR - 10/06/2017 04:39 am --> 404 Page Not Found: Assets/js
ERROR - 10/06/2017 04:39 am --> 404 Page Not Found: Assets/js
ERROR - 10/06/2017 04:39 am --> 404 Page Not Found: Assets/js
ERROR - 10/06/2017 03:10 pm --> Severity: Notice --> Undefined variable: child_catname /home2/carolhhp/public_html/democarol.com/homeservices/application/views/front/home.php 97
ERROR - 10/06/2017 03:10 pm --> Severity: Notice --> Trying to get property of non-object /home2/carolhhp/public_html/democarol.com/homeservices/application/views/front/home.php 97
ERROR - 10/06/2017 03:10 pm --> Severity: Notice --> Undefined variable: child_catname /home2/carolhhp/public_html/democarol.com/homeservices/application/views/front/home.php 98
ERROR - 10/06/2017 03:10 pm --> Severity: Notice --> Trying to get property of non-object /home2/carolhhp/public_html/democarol.com/homeservices/application/views/front/home.php 98
ERROR - 10/06/2017 03:10 pm --> Severity: Notice --> Undefined variable: child_catname /home2/carolhhp/public_html/democarol.com/homeservices/application/views/front/home.php 99
ERROR - 10/06/2017 03:10 pm --> Severity: Notice --> Trying to get property of non-object /home2/carolhhp/public_html/democarol.com/homeservices/application/views/front/home.php 99
ERROR - 10/06/2017 03:10 pm --> Severity: Notice --> Undefined variable: child_catname /home2/carolhhp/public_html/democarol.com/homeservices/application/views/front/home.php 100
ERROR - 10/06/2017 03:10 pm --> Severity: Notice --> Trying to get property of non-object /home2/carolhhp/public_html/democarol.com/homeservices/application/views/front/home.php 100
ERROR - 10/06/2017 03:10 pm --> Severity: Notice --> Undefined variable: child_catname /home2/carolhhp/public_html/democarol.com/homeservices/application/views/front/home.php 101
ERROR - 10/06/2017 03:10 pm --> Severity: Notice --> Trying to get property of non-object /home2/carolhhp/public_html/democarol.com/homeservices/application/views/front/home.php 101
ERROR - 10/06/2017 03:10 pm --> Severity: Notice --> Use of undefined constant php - assumed 'php' /home2/carolhhp/public_html/democarol.com/homeservices/application/views/front/home.php 108
ERROR - 10/06/2017 03:15 pm --> Severity: Notice --> Undefined variable: child_catname /home2/carolhhp/public_html/democarol.com/homeservices/application/views/front/home.php 97
ERROR - 10/06/2017 03:15 pm --> Severity: Notice --> Trying to get property of non-object /home2/carolhhp/public_html/democarol.com/homeservices/application/views/front/home.php 97
ERROR - 10/06/2017 03:15 pm --> Severity: Notice --> Undefined variable: child_catname /home2/carolhhp/public_html/democarol.com/homeservices/application/views/front/home.php 98
ERROR - 10/06/2017 03:15 pm --> Severity: Notice --> Trying to get property of non-object /home2/carolhhp/public_html/democarol.com/homeservices/application/views/front/home.php 98
ERROR - 10/06/2017 03:15 pm --> Severity: Notice --> Undefined variable: child_catname /home2/carolhhp/public_html/democarol.com/homeservices/application/views/front/home.php 99
ERROR - 10/06/2017 03:15 pm --> Severity: Notice --> Trying to get property of non-object /home2/carolhhp/public_html/democarol.com/homeservices/application/views/front/home.php 99
ERROR - 10/06/2017 03:15 pm --> Severity: Notice --> Undefined variable: child_catname /home2/carolhhp/public_html/democarol.com/homeservices/application/views/front/home.php 100
ERROR - 10/06/2017 03:15 pm --> Severity: Notice --> Trying to get property of non-object /home2/carolhhp/public_html/democarol.com/homeservices/application/views/front/home.php 100
ERROR - 10/06/2017 03:15 pm --> Severity: Notice --> Undefined variable: child_catname /home2/carolhhp/public_html/democarol.com/homeservices/application/views/front/home.php 101
ERROR - 10/06/2017 03:15 pm --> Severity: Notice --> Trying to get property of non-object /home2/carolhhp/public_html/democarol.com/homeservices/application/views/front/home.php 101
ERROR - 10/06/2017 03:15 pm --> Severity: Notice --> Use of undefined constant php - assumed 'php' /home2/carolhhp/public_html/democarol.com/homeservices/application/views/front/home.php 108
ERROR - 10/06/2017 04:45 am --> 404 Page Not Found: Assets/js
ERROR - 10/06/2017 04:45 am --> 404 Page Not Found: Images/photos
ERROR - 10/06/2017 04:45 am --> 404 Page Not Found: Images/loading_spinner.gif
ERROR - 10/06/2017 04:45 am --> 404 Page Not Found: Assets/js
ERROR - 10/06/2017 04:45 am --> 404 Page Not Found: Assets/js
ERROR - 10/06/2017 04:45 am --> 404 Page Not Found: Assets/js
ERROR - 10/06/2017 04:45 am --> 404 Page Not Found: Assets/js
ERROR - 10/06/2017 04:45 am --> 404 Page Not Found: Images/photos
ERROR - 10/06/2017 04:45 am --> 404 Page Not Found: Assets/js
ERROR - 10/06/2017 04:45 am --> 404 Page Not Found: Images/photos
ERROR - 10/06/2017 04:45 am --> 404 Page Not Found: Assets/js
ERROR - 10/06/2017 04:45 am --> 404 Page Not Found: Assets/js
ERROR - 10/06/2017 04:45 am --> 404 Page Not Found: Assets/js
ERROR - 10/06/2017 04:46 am --> 404 Page Not Found: Assets/js
ERROR - 10/06/2017 04:46 am --> 404 Page Not Found: Images/photos
ERROR - 10/06/2017 04:46 am --> 404 Page Not Found: Images/admin
ERROR - 10/06/2017 04:47 am --> 404 Page Not Found: Assets/js
ERROR - 10/06/2017 04:47 am --> 404 Page Not Found: Images/photos
ERROR - 10/06/2017 04:47 am --> 404 Page Not Found: Assets/js
ERROR - 10/06/2017 04:47 am --> 404 Page Not Found: Images/photos
ERROR - 10/06/2017 04:47 am --> 404 Page Not Found: Assets/js
ERROR - 10/06/2017 04:47 am --> 404 Page Not Found: Images/photos
ERROR - 10/06/2017 04:48 am --> 404 Page Not Found: Assets/js
ERROR - 10/06/2017 04:48 am --> 404 Page Not Found: Images/photos
ERROR - 10/06/2017 04:48 am --> 404 Page Not Found: Assets/js
ERROR - 10/06/2017 04:48 am --> 404 Page Not Found: Images/photos
ERROR - 10/06/2017 04:48 am --> 404 Page Not Found: Assets/front
ERROR - 10/06/2017 03:19 pm --> Severity: Notice --> Undefined variable: child_catname /home2/carolhhp/public_html/democarol.com/homeservices/application/views/front/home.php 97
ERROR - 10/06/2017 03:19 pm --> Severity: Notice --> Trying to get property of non-object /home2/carolhhp/public_html/democarol.com/homeservices/application/views/front/home.php 97
ERROR - 10/06/2017 03:19 pm --> Severity: Notice --> Undefined variable: child_catname /home2/carolhhp/public_html/democarol.com/homeservices/application/views/front/home.php 98
ERROR - 10/06/2017 03:19 pm --> Severity: Notice --> Trying to get property of non-object /home2/carolhhp/public_html/democarol.com/homeservices/application/views/front/home.php 98
ERROR - 10/06/2017 03:19 pm --> Severity: Notice --> Undefined variable: child_catname /home2/carolhhp/public_html/democarol.com/homeservices/application/views/front/home.php 99
ERROR - 10/06/2017 03:19 pm --> Severity: Notice --> Trying to get property of non-object /home2/carolhhp/public_html/democarol.com/homeservices/application/views/front/home.php 99
ERROR - 10/06/2017 03:19 pm --> Severity: Notice --> Undefined variable: child_catname /home2/carolhhp/public_html/democarol.com/homeservices/application/views/front/home.php 100
ERROR - 10/06/2017 03:19 pm --> Severity: Notice --> Trying to get property of non-object /home2/carolhhp/public_html/democarol.com/homeservices/application/views/front/home.php 100
ERROR - 10/06/2017 03:19 pm --> Severity: Notice --> Undefined variable: child_catname /home2/carolhhp/public_html/democarol.com/homeservices/application/views/front/home.php 101
ERROR - 10/06/2017 03:19 pm --> Severity: Notice --> Trying to get property of non-object /home2/carolhhp/public_html/democarol.com/homeservices/application/views/front/home.php 101
ERROR - 10/06/2017 03:19 pm --> Severity: Notice --> Use of undefined constant php - assumed 'php' /home2/carolhhp/public_html/democarol.com/homeservices/application/views/front/home.php 108
ERROR - 10/06/2017 04:49 am --> 404 Page Not Found: Assets/js
ERROR - 10/06/2017 04:49 am --> 404 Page Not Found: Images/photos
ERROR - 10/06/2017 04:51 am --> 404 Page Not Found: Assets/js
ERROR - 10/06/2017 04:51 am --> 404 Page Not Found: Images/photos
ERROR - 10/06/2017 04:51 am --> 404 Page Not Found: Assets/js
ERROR - 10/06/2017 04:51 am --> 404 Page Not Found: Images/photos
ERROR - 10/06/2017 04:52 am --> 404 Page Not Found: Assets/js
ERROR - 10/06/2017 04:52 am --> 404 Page Not Found: Images/photos
ERROR - 10/06/2017 04:54 am --> 404 Page Not Found: Assets/js
ERROR - 10/06/2017 04:54 am --> 404 Page Not Found: Assets/js
ERROR - 10/06/2017 04:54 am --> 404 Page Not Found: Images/photos
ERROR - 10/06/2017 04:54 am --> 404 Page Not Found: Assets/js
ERROR - 10/06/2017 04:54 am --> 404 Page Not Found: Images/photos
ERROR - 10/06/2017 04:54 am --> 404 Page Not Found: Assets/js
ERROR - 10/06/2017 04:54 am --> 404 Page Not Found: Assets/js
ERROR - 10/06/2017 04:54 am --> 404 Page Not Found: Assets/js
ERROR - 10/06/2017 04:54 am --> 404 Page Not Found: Assets/js
ERROR - 10/06/2017 04:54 am --> 404 Page Not Found: Images/photos
ERROR - 10/06/2017 04:54 am --> 404 Page Not Found: Assets/js
ERROR - 10/06/2017 04:54 am --> 404 Page Not Found: Assets/js
ERROR - 10/06/2017 04:54 am --> 404 Page Not Found: Assets/js
ERROR - 10/06/2017 04:54 am --> 404 Page Not Found: Images/photos
ERROR - 10/06/2017 04:54 am --> 404 Page Not Found: Assets/js
ERROR - 10/06/2017 04:54 am --> 404 Page Not Found: Assets/js
ERROR - 10/06/2017 04:54 am --> 404 Page Not Found: Assets/js
ERROR - 10/06/2017 04:55 am --> 404 Page Not Found: Assets/js
ERROR - 10/06/2017 04:55 am --> 404 Page Not Found: Images/photos
ERROR - 10/06/2017 04:55 am --> 404 Page Not Found: Assets/js
ERROR - 10/06/2017 04:55 am --> 404 Page Not Found: Assets/js
ERROR - 10/06/2017 04:55 am --> 404 Page Not Found: Assets/js
ERROR - 10/06/2017 04:56 am --> 404 Page Not Found: Assets/js
ERROR - 10/06/2017 04:56 am --> 404 Page Not Found: Images/photos
ERROR - 10/06/2017 04:56 am --> 404 Page Not Found: Assets/js
ERROR - 10/06/2017 04:56 am --> 404 Page Not Found: Assets/js
ERROR - 10/06/2017 04:56 am --> 404 Page Not Found: Assets/js
ERROR - 10/06/2017 04:56 am --> 404 Page Not Found: Assets/js
ERROR - 10/06/2017 04:56 am --> 404 Page Not Found: Assets/js
ERROR - 10/06/2017 04:56 am --> 404 Page Not Found: Assets/js
ERROR - 10/06/2017 04:56 am --> 404 Page Not Found: Assets/js
ERROR - 10/06/2017 04:56 am --> 404 Page Not Found: Assets/js
ERROR - 10/06/2017 04:56 am --> 404 Page Not Found: Images/photos
ERROR - 10/06/2017 04:56 am --> 404 Page Not Found: Assets/js
ERROR - 10/06/2017 04:56 am --> 404 Page Not Found: Images/photos
ERROR - 10/06/2017 04:56 am --> 404 Page Not Found: Assets/js
ERROR - 10/06/2017 04:56 am --> 404 Page Not Found: Images/photos
ERROR - 10/06/2017 04:56 am --> 404 Page Not Found: Assets/js
ERROR - 10/06/2017 04:56 am --> 404 Page Not Found: Assets/js
ERROR - 10/06/2017 04:56 am --> 404 Page Not Found: Assets/js
ERROR - 10/06/2017 04:56 am --> 404 Page Not Found: Images/photos
ERROR - 10/06/2017 04:56 am --> 404 Page Not Found: Assets/js
ERROR - 10/06/2017 04:56 am --> 404 Page Not Found: Assets/js
ERROR - 10/06/2017 04:56 am --> 404 Page Not Found: Js/advanced-datatable
ERROR - 10/06/2017 04:56 am --> 404 Page Not Found: Js/advanced-datatable
ERROR - 10/06/2017 04:56 am --> 404 Page Not Found: Js/advanced-datatable
ERROR - 10/06/2017 04:56 am --> 404 Page Not Found: Js/dynamic_table_init.js
ERROR - 10/06/2017 04:56 am --> 404 Page Not Found: Js/jquery.dataTables.min.js
ERROR - 10/06/2017 04:57 am --> 404 Page Not Found: Assets/js
ERROR - 10/06/2017 04:57 am --> 404 Page Not Found: Assets/js
ERROR - 10/06/2017 04:57 am --> 404 Page Not Found: Assets/js
ERROR - 10/06/2017 04:57 am --> 404 Page Not Found: Assets/js
ERROR - 10/06/2017 04:57 am --> 404 Page Not Found: Images/photos
ERROR - 10/06/2017 04:57 am --> 404 Page Not Found: Images/loading_spinner.gif
ERROR - 10/06/2017 04:57 am --> 404 Page Not Found: Assets/js
ERROR - 10/06/2017 04:57 am --> 404 Page Not Found: Images/photos
ERROR - 10/06/2017 04:57 am --> 404 Page Not Found: Assets/js
ERROR - 10/06/2017 04:57 am --> 404 Page Not Found: Assets/js
ERROR - 10/06/2017 04:57 am --> 404 Page Not Found: Assets/js
ERROR - 10/06/2017 04:57 am --> 404 Page Not Found: Assets/js
ERROR - 10/06/2017 04:57 am --> 404 Page Not Found: Images/photos
ERROR - 10/06/2017 04:57 am --> 404 Page Not Found: Assets/js
ERROR - 10/06/2017 04:57 am --> 404 Page Not Found: Assets/js
ERROR - 10/06/2017 04:57 am --> 404 Page Not Found: Assets/js
ERROR - 10/06/2017 04:57 am --> 404 Page Not Found: Images/photos
ERROR - 10/06/2017 04:57 am --> 404 Page Not Found: Assets/js
ERROR - 10/06/2017 04:57 am --> 404 Page Not Found: Assets/js
ERROR - 10/06/2017 04:57 am --> 404 Page Not Found: Assets/js
ERROR - 10/06/2017 04:57 am --> 404 Page Not Found: Assets/js
ERROR - 10/06/2017 05:28 am --> 404 Page Not Found: Assets/js
ERROR - 10/06/2017 05:28 am --> 404 Page Not Found: Images/photos
ERROR - 10/06/2017 05:28 am --> 404 Page Not Found: Assets/js
ERROR - 10/06/2017 05:28 am --> 404 Page Not Found: Images/photos
ERROR - 10/06/2017 05:29 am --> 404 Page Not Found: Assets/js
ERROR - 10/06/2017 05:29 am --> 404 Page Not Found: Images/photos
ERROR - 10/06/2017 05:29 am --> 404 Page Not Found: Assets/js
ERROR - 10/06/2017 05:29 am --> 404 Page Not Found: Assets/js
ERROR - 10/06/2017 05:29 am --> 404 Page Not Found: Assets/js
ERROR - 10/06/2017 05:29 am --> 404 Page Not Found: Assets/js
ERROR - 10/06/2017 05:35 am --> 404 Page Not Found: Assets/js
ERROR - 10/06/2017 05:35 am --> 404 Page Not Found: Images/photos
ERROR - 10/06/2017 05:35 am --> 404 Page Not Found: Assets/js
ERROR - 10/06/2017 05:35 am --> 404 Page Not Found: Assets/js
ERROR - 10/06/2017 05:35 am --> 404 Page Not Found: Assets/js
ERROR - 10/06/2017 05:42 am --> 404 Page Not Found: Assets/js
ERROR - 10/06/2017 05:42 am --> 404 Page Not Found: Images/photos
ERROR - 10/06/2017 05:42 am --> 404 Page Not Found: Assets/js
ERROR - 10/06/2017 05:42 am --> 404 Page Not Found: Assets/js
ERROR - 10/06/2017 05:42 am --> 404 Page Not Found: Assets/js
ERROR - 10/06/2017 05:42 am --> 404 Page Not Found: Assets/js
ERROR - 10/06/2017 05:42 am --> 404 Page Not Found: Images/photos
ERROR - 10/06/2017 05:42 am --> 404 Page Not Found: Assets/js
ERROR - 10/06/2017 05:42 am --> 404 Page Not Found: Assets/js
ERROR - 10/06/2017 05:42 am --> 404 Page Not Found: Assets/js
ERROR - 10/06/2017 05:44 am --> 404 Page Not Found: Images/photos
ERROR - 10/06/2017 05:44 am --> 404 Page Not Found: Assets/js
ERROR - 10/06/2017 05:44 am --> 404 Page Not Found: Images/photos
ERROR - 10/06/2017 05:44 am --> 404 Page Not Found: Assets/js
ERROR - 10/06/2017 05:44 am --> 404 Page Not Found: Assets/js
ERROR - 10/06/2017 05:44 am --> 404 Page Not Found: Assets/js
ERROR - 10/06/2017 05:44 am --> 404 Page Not Found: Assets/js
ERROR - 10/06/2017 05:44 am --> 404 Page Not Found: Assets/js
ERROR - 10/06/2017 05:46 am --> 404 Page Not Found: Assets/js
ERROR - 10/06/2017 05:46 am --> 404 Page Not Found: Assets/js
ERROR - 10/06/2017 05:46 am --> 404 Page Not Found: Images/photos
ERROR - 10/06/2017 05:47 am --> 404 Page Not Found: Assets/js
ERROR - 10/06/2017 05:47 am --> 404 Page Not Found: Assets/js
ERROR - 10/06/2017 05:47 am --> 404 Page Not Found: Assets/js
ERROR - 10/06/2017 05:48 am --> 404 Page Not Found: Assets/js
ERROR - 10/06/2017 05:48 am --> 404 Page Not Found: Images/photos
ERROR - 10/06/2017 05:48 am --> 404 Page Not Found: Assets/js
ERROR - 10/06/2017 05:48 am --> 404 Page Not Found: Images/photos
ERROR - 10/06/2017 05:48 am --> 404 Page Not Found: Assets/js
ERROR - 10/06/2017 05:49 am --> 404 Page Not Found: Images/photos
ERROR - 10/06/2017 05:49 am --> 404 Page Not Found: Assets/js
ERROR - 10/06/2017 05:49 am --> 404 Page Not Found: Assets/js
ERROR - 10/06/2017 05:49 am --> 404 Page Not Found: Assets/js
ERROR - 10/06/2017 05:52 am --> 404 Page Not Found: Images/photos
ERROR - 10/06/2017 05:52 am --> 404 Page Not Found: Assets/js
ERROR - 10/06/2017 05:52 am --> 404 Page Not Found: Images/photos
ERROR - 10/06/2017 05:52 am --> 404 Page Not Found: Assets/js
ERROR - 10/06/2017 05:52 am --> 404 Page Not Found: Assets/js
ERROR - 10/06/2017 05:52 am --> 404 Page Not Found: Assets/js
ERROR - 10/06/2017 05:52 am --> 404 Page Not Found: Assets/js
ERROR - 10/06/2017 05:52 am --> 404 Page Not Found: Assets/js
ERROR - 10/06/2017 05:52 am --> 404 Page Not Found: Assets/js
ERROR - 10/06/2017 05:52 am --> 404 Page Not Found: Images/photos
ERROR - 10/06/2017 04:22 pm --> Severity: Notice --> Undefined variable: child_catname /home2/carolhhp/public_html/democarol.com/homeservices/application/views/front/home.php 97
ERROR - 10/06/2017 04:22 pm --> Severity: Notice --> Trying to get property of non-object /home2/carolhhp/public_html/democarol.com/homeservices/application/views/front/home.php 97
ERROR - 10/06/2017 04:22 pm --> Severity: Notice --> Undefined variable: child_catname /home2/carolhhp/public_html/democarol.com/homeservices/application/views/front/home.php 98
ERROR - 10/06/2017 04:22 pm --> Severity: Notice --> Trying to get property of non-object /home2/carolhhp/public_html/democarol.com/homeservices/application/views/front/home.php 98
ERROR - 10/06/2017 04:22 pm --> Severity: Notice --> Undefined variable: child_catname /home2/carolhhp/public_html/democarol.com/homeservices/application/views/front/home.php 99
ERROR - 10/06/2017 04:22 pm --> Severity: Notice --> Trying to get property of non-object /home2/carolhhp/public_html/democarol.com/homeservices/application/views/front/home.php 99
ERROR - 10/06/2017 04:22 pm --> Severity: Notice --> Undefined variable: child_catname /home2/carolhhp/public_html/democarol.com/homeservices/application/views/front/home.php 100
ERROR - 10/06/2017 04:22 pm --> Severity: Notice --> Trying to get property of non-object /home2/carolhhp/public_html/democarol.com/homeservices/application/views/front/home.php 100
ERROR - 10/06/2017 04:22 pm --> Severity: Notice --> Undefined variable: child_catname /home2/carolhhp/public_html/democarol.com/homeservices/application/views/front/home.php 101
ERROR - 10/06/2017 04:22 pm --> Severity: Notice --> Trying to get property of non-object /home2/carolhhp/public_html/democarol.com/homeservices/application/views/front/home.php 101
ERROR - 10/06/2017 04:22 pm --> Severity: Notice --> Use of undefined constant php - assumed 'php' /home2/carolhhp/public_html/democarol.com/homeservices/application/views/front/home.php 108
ERROR - 10/06/2017 05:52 am --> 404 Page Not Found: Assets/js
ERROR - 10/06/2017 05:52 am --> 404 Page Not Found: Assets/js
ERROR - 10/06/2017 05:52 am --> 404 Page Not Found: Assets/js
ERROR - 10/06/2017 05:52 am --> 404 Page Not Found: Assets/js
ERROR - 10/06/2017 05:52 am --> 404 Page Not Found: Images/photos
ERROR - 10/06/2017 05:52 am --> 404 Page Not Found: Assets/js
ERROR - 10/06/2017 05:52 am --> 404 Page Not Found: Assets/js
ERROR - 10/06/2017 05:52 am --> 404 Page Not Found: Images/photos
ERROR - 10/06/2017 05:53 am --> 404 Page Not Found: Assets/js
ERROR - 10/06/2017 05:53 am --> 404 Page Not Found: Assets/js
ERROR - 10/06/2017 05:53 am --> 404 Page Not Found: Images/photos
ERROR - 10/06/2017 05:53 am --> 404 Page Not Found: Assets/js
ERROR - 10/06/2017 05:53 am --> 404 Page Not Found: Images/photos
ERROR - 10/06/2017 05:53 am --> 404 Page Not Found: Assets/js
ERROR - 10/06/2017 05:53 am --> 404 Page Not Found: Assets/js
ERROR - 10/06/2017 05:53 am --> 404 Page Not Found: Assets/js
ERROR - 10/06/2017 05:53 am --> 404 Page Not Found: Assets/js
ERROR - 10/06/2017 05:53 am --> 404 Page Not Found: Assets/js
ERROR - 10/06/2017 05:54 am --> 404 Page Not Found: Assets/js
ERROR - 10/06/2017 05:54 am --> 404 Page Not Found: Images/photos
ERROR - 10/06/2017 05:54 am --> 404 Page Not Found: Assets/js
ERROR - 10/06/2017 05:54 am --> 404 Page Not Found: Assets/js
ERROR - 10/06/2017 05:54 am --> 404 Page Not Found: Assets/js
ERROR - 10/06/2017 05:57 am --> 404 Page Not Found: Assets/js
ERROR - 10/06/2017 05:57 am --> 404 Page Not Found: Images/photos
ERROR - 10/06/2017 05:57 am --> 404 Page Not Found: Assets/js
ERROR - 10/06/2017 05:57 am --> 404 Page Not Found: Images/photos
ERROR - 10/06/2017 05:57 am --> 404 Page Not Found: Assets/js
ERROR - 10/06/2017 05:57 am --> 404 Page Not Found: Assets/js
ERROR - 10/06/2017 05:57 am --> 404 Page Not Found: Assets/js
ERROR - 10/06/2017 06:00 am --> 404 Page Not Found: Assets/js
ERROR - 10/06/2017 06:00 am --> 404 Page Not Found: Images/photos
ERROR - 10/06/2017 06:00 am --> 404 Page Not Found: Js/advanced-datatable
ERROR - 10/06/2017 06:00 am --> 404 Page Not Found: Js/advanced-datatable
ERROR - 10/06/2017 06:00 am --> 404 Page Not Found: Js/advanced-datatable
ERROR - 10/06/2017 06:00 am --> 404 Page Not Found: Js/dynamic_table_init.js
ERROR - 10/06/2017 06:00 am --> 404 Page Not Found: Js/jquery.dataTables.min.js
ERROR - 10/06/2017 06:00 am --> 404 Page Not Found: Assets/js
ERROR - 10/06/2017 06:00 am --> 404 Page Not Found: Assets/js
ERROR - 10/06/2017 06:00 am --> 404 Page Not Found: Assets/js
ERROR - 10/06/2017 06:00 am --> 404 Page Not Found: Images/photos
ERROR - 10/06/2017 06:00 am --> 404 Page Not Found: Assets/js
ERROR - 10/06/2017 06:00 am --> 404 Page Not Found: Images/loading_spinner.gif
ERROR - 10/06/2017 06:00 am --> 404 Page Not Found: Assets/js
ERROR - 10/06/2017 04:31 pm --> Severity: Notice --> Undefined variable: child_catname /home2/carolhhp/public_html/democarol.com/homeservices/application/views/front/home.php 97
ERROR - 10/06/2017 04:31 pm --> Severity: Notice --> Trying to get property of non-object /home2/carolhhp/public_html/democarol.com/homeservices/application/views/front/home.php 97
ERROR - 10/06/2017 04:31 pm --> Severity: Notice --> Undefined variable: child_catname /home2/carolhhp/public_html/democarol.com/homeservices/application/views/front/home.php 98
ERROR - 10/06/2017 04:31 pm --> Severity: Notice --> Trying to get property of non-object /home2/carolhhp/public_html/democarol.com/homeservices/application/views/front/home.php 98
ERROR - 10/06/2017 04:31 pm --> Severity: Notice --> Undefined variable: child_catname /home2/carolhhp/public_html/democarol.com/homeservices/application/views/front/home.php 99
ERROR - 10/06/2017 04:31 pm --> Severity: Notice --> Trying to get property of non-object /home2/carolhhp/public_html/democarol.com/homeservices/application/views/front/home.php 99
ERROR - 10/06/2017 04:31 pm --> Severity: Notice --> Undefined variable: child_catname /home2/carolhhp/public_html/democarol.com/homeservices/application/views/front/home.php 100
ERROR - 10/06/2017 04:31 pm --> Severity: Notice --> Trying to get property of non-object /home2/carolhhp/public_html/democarol.com/homeservices/application/views/front/home.php 100
ERROR - 10/06/2017 04:31 pm --> Severity: Notice --> Undefined variable: child_catname /home2/carolhhp/public_html/democarol.com/homeservices/application/views/front/home.php 101
ERROR - 10/06/2017 04:31 pm --> Severity: Notice --> Trying to get property of non-object /home2/carolhhp/public_html/democarol.com/homeservices/application/views/front/home.php 101
ERROR - 10/06/2017 04:31 pm --> Severity: Notice --> Use of undefined constant php - assumed 'php' /home2/carolhhp/public_html/democarol.com/homeservices/application/views/front/home.php 108
ERROR - 10/06/2017 06:02 am --> 404 Page Not Found: Assets/front
ERROR - 10/06/2017 06:02 am --> 404 Page Not Found: front/Service/badroom_plan
ERROR - 10/06/2017 06:02 am --> 404 Page Not Found: front/Service/badroom_plan
ERROR - 10/06/2017 06:02 am --> 404 Page Not Found: Assets/front
ERROR - 10/06/2017 06:02 am --> 404 Page Not Found: Assets/front
ERROR - 10/06/2017 06:02 am --> 404 Page Not Found: Assets/front
ERROR - 10/06/2017 06:02 am --> 404 Page Not Found: Assets/front
ERROR - 10/06/2017 06:02 am --> 404 Page Not Found: Assets/front
ERROR - 10/06/2017 06:03 am --> 404 Page Not Found: Assets/js
ERROR - 10/06/2017 06:03 am --> 404 Page Not Found: Images/photos
ERROR - 10/06/2017 06:03 am --> 404 Page Not Found: Js/advanced-datatable
ERROR - 10/06/2017 06:03 am --> 404 Page Not Found: Js/advanced-datatable
ERROR - 10/06/2017 06:03 am --> 404 Page Not Found: Js/advanced-datatable
ERROR - 10/06/2017 06:03 am --> 404 Page Not Found: Js/dynamic_table_init.js
ERROR - 10/06/2017 06:03 am --> 404 Page Not Found: Js/jquery.dataTables.min.js
ERROR - 10/06/2017 06:03 am --> 404 Page Not Found: Js/jquery.dataTables.min.js
ERROR - 10/06/2017 06:03 am --> 404 Page Not Found: Images/photos
ERROR - 10/06/2017 06:03 am --> 404 Page Not Found: Assets/js
ERROR - 10/06/2017 06:03 am --> 404 Page Not Found: Js/advanced-datatable
ERROR - 10/06/2017 06:03 am --> 404 Page Not Found: Js/advanced-datatable
ERROR - 10/06/2017 06:03 am --> 404 Page Not Found: Js/dynamic_table_init.js
ERROR - 10/06/2017 06:03 am --> 404 Page Not Found: Js/advanced-datatable
ERROR - 10/06/2017 06:03 am --> 404 Page Not Found: Js/jquery.dataTables.min.js
ERROR - 10/06/2017 06:04 am --> 404 Page Not Found: Assets/js
ERROR - 10/06/2017 06:04 am --> 404 Page Not Found: Images/photos
ERROR - 10/06/2017 06:04 am --> 404 Page Not Found: Assets/js
ERROR - 10/06/2017 06:04 am --> 404 Page Not Found: Images/photos
ERROR - 10/06/2017 06:32 pm --> Severity: Notice --> Undefined variable: child_catname /home2/carolhhp/public_html/democarol.com/homeserdem/application/views/front/home.php 89
ERROR - 10/06/2017 06:32 pm --> Severity: Notice --> Trying to get property of non-object /home2/carolhhp/public_html/democarol.com/homeserdem/application/views/front/home.php 89
ERROR - 10/06/2017 06:32 pm --> Severity: Notice --> Undefined variable: child_catname /home2/carolhhp/public_html/democarol.com/homeserdem/application/views/front/home.php 90
ERROR - 10/06/2017 06:32 pm --> Severity: Notice --> Trying to get property of non-object /home2/carolhhp/public_html/democarol.com/homeserdem/application/views/front/home.php 90
ERROR - 10/06/2017 06:32 pm --> Severity: Notice --> Undefined variable: child_catname /home2/carolhhp/public_html/democarol.com/homeserdem/application/views/front/home.php 91
ERROR - 10/06/2017 06:32 pm --> Severity: Notice --> Trying to get property of non-object /home2/carolhhp/public_html/democarol.com/homeserdem/application/views/front/home.php 91
ERROR - 10/06/2017 06:32 pm --> Severity: Notice --> Undefined variable: child_catname /home2/carolhhp/public_html/democarol.com/homeserdem/application/views/front/home.php 92
ERROR - 10/06/2017 06:32 pm --> Severity: Notice --> Trying to get property of non-object /home2/carolhhp/public_html/democarol.com/homeserdem/application/views/front/home.php 92
ERROR - 10/06/2017 06:32 pm --> Severity: Notice --> Undefined variable: child_catname /home2/carolhhp/public_html/democarol.com/homeserdem/application/views/front/home.php 93
ERROR - 10/06/2017 06:32 pm --> Severity: Notice --> Trying to get property of non-object /home2/carolhhp/public_html/democarol.com/homeserdem/application/views/front/home.php 93
ERROR - 10/06/2017 06:32 pm --> Severity: Notice --> Use of undefined constant php - assumed 'php' /home2/carolhhp/public_html/democarol.com/homeserdem/application/views/front/home.php 100
ERROR - 10/06/2017 11:52 pm --> Severity: Notice --> Undefined variable: child_catname /home2/carolhhp/public_html/democarol.com/homeservices/application/views/front/home.php 97
ERROR - 10/06/2017 11:52 pm --> Severity: Notice --> Trying to get property of non-object /home2/carolhhp/public_html/democarol.com/homeservices/application/views/front/home.php 97
ERROR - 10/06/2017 11:52 pm --> Severity: Notice --> Undefined variable: child_catname /home2/carolhhp/public_html/democarol.com/homeservices/application/views/front/home.php 98
ERROR - 10/06/2017 11:52 pm --> Severity: Notice --> Trying to get property of non-object /home2/carolhhp/public_html/democarol.com/homeservices/application/views/front/home.php 98
ERROR - 10/06/2017 11:52 pm --> Severity: Notice --> Undefined variable: child_catname /home2/carolhhp/public_html/democarol.com/homeservices/application/views/front/home.php 99
ERROR - 10/06/2017 11:52 pm --> Severity: Notice --> Trying to get property of non-object /home2/carolhhp/public_html/democarol.com/homeservices/application/views/front/home.php 99
ERROR - 10/06/2017 11:52 pm --> Severity: Notice --> Undefined variable: child_catname /home2/carolhhp/public_html/democarol.com/homeservices/application/views/front/home.php 100
ERROR - 10/06/2017 11:52 pm --> Severity: Notice --> Trying to get property of non-object /home2/carolhhp/public_html/democarol.com/homeservices/application/views/front/home.php 100
ERROR - 10/06/2017 11:52 pm --> Severity: Notice --> Undefined variable: child_catname /home2/carolhhp/public_html/democarol.com/homeservices/application/views/front/home.php 101
ERROR - 10/06/2017 11:52 pm --> Severity: Notice --> Trying to get property of non-object /home2/carolhhp/public_html/democarol.com/homeservices/application/views/front/home.php 101
ERROR - 10/06/2017 11:52 pm --> Severity: Notice --> Use of undefined constant php - assumed 'php' /home2/carolhhp/public_html/democarol.com/homeservices/application/views/front/home.php 108
