ERROR - 01/16/2017 12:46 am --> 404 Page Not Found: Assets/img
ERROR - 01/16/2017 12:46 am --> 404 Page Not Found: Assets/js
ERROR - 01/16/2017 12:46 am --> 404 Page Not Found: Assets/js
ERROR - 01/16/2017 12:46 am --> 404 Page Not Found: Images/photos
ERROR - 01/16/2017 12:46 am --> 404 Page Not Found: Assets/js
ERROR - 01/16/2017 12:46 am --> 404 Page Not Found: Assets/js
ERROR - 01/16/2017 12:46 am --> 404 Page Not Found: Assets/js
ERROR - 01/16/2017 12:46 am --> 404 Page Not Found: Assets/js
ERROR - 01/16/2017 12:46 am --> 404 Page Not Found: Images/loading_spinner.gif
ERROR - 01/16/2017 12:46 am --> 404 Page Not Found: Images/photos
ERROR - 01/16/2017 12:46 am --> 404 Page Not Found: Assets/js
ERROR - 01/16/2017 12:46 am --> 404 Page Not Found: Assets/js
ERROR - 01/16/2017 12:46 am --> 404 Page Not Found: Assets/js
ERROR - 01/16/2017 12:46 am --> 404 Page Not Found: Assets/js
ERROR - 01/16/2017 12:46 am --> 404 Page Not Found: Images/photos
ERROR - 01/16/2017 12:47 am --> 404 Page Not Found: Assets/js
ERROR - 01/16/2017 12:47 am --> 404 Page Not Found: Assets/js
ERROR - 01/16/2017 12:47 am --> 404 Page Not Found: Assets/js
ERROR - 01/16/2017 12:47 am --> 404 Page Not Found: Assets/js
ERROR - 01/16/2017 12:47 am --> 404 Page Not Found: Images/photos
ERROR - 01/16/2017 12:47 am --> 404 Page Not Found: Images/loading_spinner.gif
ERROR - 01/16/2017 12:47 am --> 404 Page Not Found: Assets/js
ERROR - 01/16/2017 01:44 am --> 404 Page Not Found: Assets/js
ERROR - 01/16/2017 01:44 am --> 404 Page Not Found: Images/photos
ERROR - 01/16/2017 01:44 am --> 404 Page Not Found: Js/advanced-datatable
ERROR - 01/16/2017 01:44 am --> 404 Page Not Found: Js/advanced-datatable
ERROR - 01/16/2017 01:44 am --> 404 Page Not Found: Js/jquery.dataTables.min.js
ERROR - 01/16/2017 01:44 am --> 404 Page Not Found: Js/advanced-datatable
ERROR - 01/16/2017 01:44 am --> 404 Page Not Found: Js/dynamic_table_init.js
ERROR - 01/16/2017 01:44 am --> 404 Page Not Found: Js/jquery.dataTables.min.js
ERROR - 01/16/2017 01:45 am --> 404 Page Not Found: Images/photos
ERROR - 01/16/2017 01:45 am --> 404 Page Not Found: Assets/js
ERROR - 01/16/2017 01:46 am --> 404 Page Not Found: Images/photos
ERROR - 01/16/2017 01:46 am --> 404 Page Not Found: Assets/js
ERROR - 01/16/2017 01:46 am --> 404 Page Not Found: Js/advanced-datatable
ERROR - 01/16/2017 01:46 am --> 404 Page Not Found: Js/advanced-datatable
ERROR - 01/16/2017 01:46 am --> 404 Page Not Found: Js/advanced-datatable
ERROR - 01/16/2017 01:46 am --> 404 Page Not Found: Js/dynamic_table_init.js
ERROR - 01/16/2017 01:46 am --> 404 Page Not Found: Js/jquery.dataTables.min.js
ERROR - 01/16/2017 01:16 pm --> Severity: Notice --> Undefined variable: rec /home2/carolhhp/public_html/democarol.com/homeservices/application/views/admin/categories/add_categories.php 57
ERROR - 01/16/2017 01:16 pm --> Severity: Notice --> Trying to get property of non-object /home2/carolhhp/public_html/democarol.com/homeservices/application/views/admin/categories/add_categories.php 57
ERROR - 01/16/2017 01:16 pm --> Severity: Notice --> Undefined variable: rec /home2/carolhhp/public_html/democarol.com/homeservices/application/views/admin/categories/add_categories.php 57
ERROR - 01/16/2017 01:16 pm --> Severity: Notice --> Trying to get property of non-object /home2/carolhhp/public_html/democarol.com/homeservices/application/views/admin/categories/add_categories.php 57
ERROR - 01/16/2017 01:16 pm --> Severity: Notice --> Undefined variable: rec /home2/carolhhp/public_html/democarol.com/homeservices/application/views/admin/categories/add_categories.php 57
ERROR - 01/16/2017 01:16 pm --> Severity: Notice --> Trying to get property of non-object /home2/carolhhp/public_html/democarol.com/homeservices/application/views/admin/categories/add_categories.php 57
ERROR - 01/16/2017 01:16 pm --> Severity: Notice --> Undefined variable: rec /home2/carolhhp/public_html/democarol.com/homeservices/application/views/admin/categories/add_categories.php 57
ERROR - 01/16/2017 01:16 pm --> Severity: Notice --> Trying to get property of non-object /home2/carolhhp/public_html/democarol.com/homeservices/application/views/admin/categories/add_categories.php 57
ERROR - 01/16/2017 01:16 pm --> Severity: Notice --> Undefined variable: rec /home2/carolhhp/public_html/democarol.com/homeservices/application/views/admin/categories/add_categories.php 57
ERROR - 01/16/2017 01:16 pm --> Severity: Notice --> Trying to get property of non-object /home2/carolhhp/public_html/democarol.com/homeservices/application/views/admin/categories/add_categories.php 57
ERROR - 01/16/2017 01:16 pm --> Severity: Notice --> Undefined variable: rec /home2/carolhhp/public_html/democarol.com/homeservices/application/views/admin/categories/add_categories.php 57
ERROR - 01/16/2017 01:16 pm --> Severity: Notice --> Trying to get property of non-object /home2/carolhhp/public_html/democarol.com/homeservices/application/views/admin/categories/add_categories.php 57
ERROR - 01/16/2017 01:46 am --> 404 Page Not Found: Images/photos
ERROR - 01/16/2017 01:46 am --> 404 Page Not Found: Assets/js
ERROR - 01/16/2017 01:16 pm --> Severity: Notice --> Undefined variable: rec /home2/carolhhp/public_html/democarol.com/homeservices/application/views/admin/categories/add_categories.php 57
ERROR - 01/16/2017 01:16 pm --> Severity: Notice --> Trying to get property of non-object /home2/carolhhp/public_html/democarol.com/homeservices/application/views/admin/categories/add_categories.php 57
ERROR - 01/16/2017 01:16 pm --> Severity: Notice --> Undefined variable: rec /home2/carolhhp/public_html/democarol.com/homeservices/application/views/admin/categories/add_categories.php 57
ERROR - 01/16/2017 01:16 pm --> Severity: Notice --> Trying to get property of non-object /home2/carolhhp/public_html/democarol.com/homeservices/application/views/admin/categories/add_categories.php 57
ERROR - 01/16/2017 01:16 pm --> Severity: Notice --> Undefined variable: rec /home2/carolhhp/public_html/democarol.com/homeservices/application/views/admin/categories/add_categories.php 57
ERROR - 01/16/2017 01:16 pm --> Severity: Notice --> Trying to get property of non-object /home2/carolhhp/public_html/democarol.com/homeservices/application/views/admin/categories/add_categories.php 57
ERROR - 01/16/2017 01:53 am --> 404 Page Not Found: Js/advanced-datatable
ERROR - 01/16/2017 01:53 am --> 404 Page Not Found: Js/advanced-datatable
ERROR - 01/16/2017 01:53 am --> 404 Page Not Found: Assets/js
ERROR - 01/16/2017 01:53 am --> 404 Page Not Found: Js/dynamic_table_init.js
ERROR - 01/16/2017 01:53 am --> 404 Page Not Found: Js/advanced-datatable
ERROR - 01/16/2017 01:53 am --> 404 Page Not Found: Js/jquery.dataTables.min.js
ERROR - 01/16/2017 01:53 am --> 404 Page Not Found: Js/advanced-datatable
ERROR - 01/16/2017 01:53 am --> 404 Page Not Found: Js/advanced-datatable
ERROR - 01/16/2017 01:53 am --> 404 Page Not Found: Images/photos
ERROR - 01/16/2017 01:53 am --> 404 Page Not Found: Js/dynamic_table_init.js
ERROR - 01/16/2017 01:53 am --> 404 Page Not Found: Js/jquery.dataTables.min.js
ERROR - 01/16/2017 01:23 pm --> Severity: Notice --> Undefined variable: rec /home2/carolhhp/public_html/democarol.com/homeservices/application/views/admin/categories/add_categories.php 57
ERROR - 01/16/2017 01:23 pm --> Severity: Notice --> Trying to get property of non-object /home2/carolhhp/public_html/democarol.com/homeservices/application/views/admin/categories/add_categories.php 57
ERROR - 01/16/2017 01:23 pm --> Severity: Notice --> Undefined variable: rec /home2/carolhhp/public_html/democarol.com/homeservices/application/views/admin/categories/add_categories.php 57
ERROR - 01/16/2017 01:23 pm --> Severity: Notice --> Trying to get property of non-object /home2/carolhhp/public_html/democarol.com/homeservices/application/views/admin/categories/add_categories.php 57
ERROR - 01/16/2017 01:23 pm --> Severity: Notice --> Undefined variable: rec /home2/carolhhp/public_html/democarol.com/homeservices/application/views/admin/categories/add_categories.php 57
ERROR - 01/16/2017 01:23 pm --> Severity: Notice --> Trying to get property of non-object /home2/carolhhp/public_html/democarol.com/homeservices/application/views/admin/categories/add_categories.php 57
ERROR - 01/16/2017 01:23 pm --> Severity: Notice --> Undefined variable: rec /home2/carolhhp/public_html/democarol.com/homeservices/application/views/admin/categories/add_categories.php 57
ERROR - 01/16/2017 01:23 pm --> Severity: Notice --> Trying to get property of non-object /home2/carolhhp/public_html/democarol.com/homeservices/application/views/admin/categories/add_categories.php 57
ERROR - 01/16/2017 01:53 am --> 404 Page Not Found: Images/photos
ERROR - 01/16/2017 01:53 am --> 404 Page Not Found: Assets/js
ERROR - 01/16/2017 01:55 am --> 404 Page Not Found: Assets/js
ERROR - 01/16/2017 01:55 am --> 404 Page Not Found: Js/dynamic_table_init.js
ERROR - 01/16/2017 01:55 am --> 404 Page Not Found: Js/advanced-datatable
ERROR - 01/16/2017 01:55 am --> 404 Page Not Found: Js/jquery.dataTables.min.js
ERROR - 01/16/2017 01:55 am --> 404 Page Not Found: Js/advanced-datatable
ERROR - 01/16/2017 01:55 am --> 404 Page Not Found: Js/advanced-datatable
ERROR - 01/16/2017 01:55 am --> 404 Page Not Found: Js/dynamic_table_init.js
ERROR - 01/16/2017 01:55 am --> 404 Page Not Found: Images/photos
ERROR - 01/16/2017 01:55 am --> 404 Page Not Found: Js/jquery.dataTables.min.js
ERROR - 01/16/2017 01:25 pm --> Severity: Notice --> Undefined variable: rec /home2/carolhhp/public_html/democarol.com/homeservices/application/views/admin/categories/add_categories.php 57
ERROR - 01/16/2017 01:25 pm --> Severity: Notice --> Trying to get property of non-object /home2/carolhhp/public_html/democarol.com/homeservices/application/views/admin/categories/add_categories.php 57
ERROR - 01/16/2017 01:25 pm --> Severity: Notice --> Undefined variable: rec /home2/carolhhp/public_html/democarol.com/homeservices/application/views/admin/categories/add_categories.php 57
ERROR - 01/16/2017 01:25 pm --> Severity: Notice --> Trying to get property of non-object /home2/carolhhp/public_html/democarol.com/homeservices/application/views/admin/categories/add_categories.php 57
ERROR - 01/16/2017 01:25 pm --> Severity: Notice --> Undefined variable: rec /home2/carolhhp/public_html/democarol.com/homeservices/application/views/admin/categories/add_categories.php 57
ERROR - 01/16/2017 01:25 pm --> Severity: Notice --> Trying to get property of non-object /home2/carolhhp/public_html/democarol.com/homeservices/application/views/admin/categories/add_categories.php 57
ERROR - 01/16/2017 01:25 pm --> Severity: Notice --> Undefined variable: rec /home2/carolhhp/public_html/democarol.com/homeservices/application/views/admin/categories/add_categories.php 57
ERROR - 01/16/2017 01:25 pm --> Severity: Notice --> Trying to get property of non-object /home2/carolhhp/public_html/democarol.com/homeservices/application/views/admin/categories/add_categories.php 57
ERROR - 01/16/2017 01:25 pm --> Severity: Notice --> Undefined variable: rec /home2/carolhhp/public_html/democarol.com/homeservices/application/views/admin/categories/add_categories.php 57
ERROR - 01/16/2017 01:25 pm --> Severity: Notice --> Trying to get property of non-object /home2/carolhhp/public_html/democarol.com/homeservices/application/views/admin/categories/add_categories.php 57
ERROR - 01/16/2017 01:55 am --> 404 Page Not Found: Assets/js
ERROR - 01/16/2017 01:55 am --> 404 Page Not Found: Images/photos
ERROR - 01/16/2017 01:56 am --> 404 Page Not Found: Assets/js
ERROR - 01/16/2017 01:56 am --> 404 Page Not Found: Js/advanced-datatable
ERROR - 01/16/2017 01:56 am --> 404 Page Not Found: Js/advanced-datatable
ERROR - 01/16/2017 01:56 am --> 404 Page Not Found: Js/advanced-datatable
ERROR - 01/16/2017 01:56 am --> 404 Page Not Found: Js/dynamic_table_init.js
ERROR - 01/16/2017 01:56 am --> 404 Page Not Found: Js/jquery.dataTables.min.js
ERROR - 01/16/2017 01:56 am --> 404 Page Not Found: Images/photos
ERROR - 01/16/2017 01:26 pm --> Severity: Notice --> Undefined variable: rec /home2/carolhhp/public_html/democarol.com/homeservices/application/views/admin/categories/add_categories.php 57
ERROR - 01/16/2017 01:26 pm --> Severity: Notice --> Trying to get property of non-object /home2/carolhhp/public_html/democarol.com/homeservices/application/views/admin/categories/add_categories.php 57
ERROR - 01/16/2017 01:26 pm --> Severity: Notice --> Undefined variable: rec /home2/carolhhp/public_html/democarol.com/homeservices/application/views/admin/categories/add_categories.php 57
ERROR - 01/16/2017 01:26 pm --> Severity: Notice --> Trying to get property of non-object /home2/carolhhp/public_html/democarol.com/homeservices/application/views/admin/categories/add_categories.php 57
ERROR - 01/16/2017 01:26 pm --> Severity: Notice --> Undefined variable: rec /home2/carolhhp/public_html/democarol.com/homeservices/application/views/admin/categories/add_categories.php 57
ERROR - 01/16/2017 01:26 pm --> Severity: Notice --> Trying to get property of non-object /home2/carolhhp/public_html/democarol.com/homeservices/application/views/admin/categories/add_categories.php 57
ERROR - 01/16/2017 01:26 pm --> Severity: Notice --> Undefined variable: rec /home2/carolhhp/public_html/democarol.com/homeservices/application/views/admin/categories/add_categories.php 57
ERROR - 01/16/2017 01:26 pm --> Severity: Notice --> Trying to get property of non-object /home2/carolhhp/public_html/democarol.com/homeservices/application/views/admin/categories/add_categories.php 57
ERROR - 01/16/2017 01:26 pm --> Severity: Notice --> Undefined variable: rec /home2/carolhhp/public_html/democarol.com/homeservices/application/views/admin/categories/add_categories.php 57
ERROR - 01/16/2017 01:26 pm --> Severity: Notice --> Trying to get property of non-object /home2/carolhhp/public_html/democarol.com/homeservices/application/views/admin/categories/add_categories.php 57
ERROR - 01/16/2017 01:26 pm --> Severity: Notice --> Undefined variable: rec /home2/carolhhp/public_html/democarol.com/homeservices/application/views/admin/categories/add_categories.php 57
ERROR - 01/16/2017 01:26 pm --> Severity: Notice --> Trying to get property of non-object /home2/carolhhp/public_html/democarol.com/homeservices/application/views/admin/categories/add_categories.php 57
ERROR - 01/16/2017 01:56 am --> 404 Page Not Found: Assets/js
ERROR - 01/16/2017 01:56 am --> 404 Page Not Found: Images/photos
ERROR - 01/16/2017 01:56 am --> 404 Page Not Found: Js/advanced-datatable
ERROR - 01/16/2017 01:56 am --> 404 Page Not Found: Js/advanced-datatable
ERROR - 01/16/2017 01:56 am --> 404 Page Not Found: Js/advanced-datatable
ERROR - 01/16/2017 01:56 am --> 404 Page Not Found: Js/dynamic_table_init.js
ERROR - 01/16/2017 01:56 am --> 404 Page Not Found: Assets/js
ERROR - 01/16/2017 01:56 am --> 404 Page Not Found: Js/jquery.dataTables.min.js
ERROR - 01/16/2017 01:56 am --> 404 Page Not Found: Images/photos
ERROR - 01/16/2017 01:56 am --> 404 Page Not Found: Js/advanced-datatable
ERROR - 01/16/2017 01:56 am --> 404 Page Not Found: Js/advanced-datatable
ERROR - 01/16/2017 01:56 am --> 404 Page Not Found: Js/advanced-datatable
ERROR - 01/16/2017 01:56 am --> 404 Page Not Found: Js/dynamic_table_init.js
ERROR - 01/16/2017 01:56 am --> 404 Page Not Found: Js/jquery.dataTables.min.js
ERROR - 01/16/2017 01:27 pm --> Severity: Notice --> Undefined variable: rec /home2/carolhhp/public_html/democarol.com/homeservices/application/views/admin/categories/add_categories.php 57
ERROR - 01/16/2017 01:27 pm --> Severity: Notice --> Trying to get property of non-object /home2/carolhhp/public_html/democarol.com/homeservices/application/views/admin/categories/add_categories.php 57
ERROR - 01/16/2017 01:27 pm --> Severity: Notice --> Undefined variable: rec /home2/carolhhp/public_html/democarol.com/homeservices/application/views/admin/categories/add_categories.php 57
ERROR - 01/16/2017 01:27 pm --> Severity: Notice --> Trying to get property of non-object /home2/carolhhp/public_html/democarol.com/homeservices/application/views/admin/categories/add_categories.php 57
ERROR - 01/16/2017 01:27 pm --> Severity: Notice --> Undefined variable: rec /home2/carolhhp/public_html/democarol.com/homeservices/application/views/admin/categories/add_categories.php 57
ERROR - 01/16/2017 01:27 pm --> Severity: Notice --> Trying to get property of non-object /home2/carolhhp/public_html/democarol.com/homeservices/application/views/admin/categories/add_categories.php 57
ERROR - 01/16/2017 01:27 pm --> Severity: Notice --> Undefined variable: rec /home2/carolhhp/public_html/democarol.com/homeservices/application/views/admin/categories/add_categories.php 57
ERROR - 01/16/2017 01:27 pm --> Severity: Notice --> Trying to get property of non-object /home2/carolhhp/public_html/democarol.com/homeservices/application/views/admin/categories/add_categories.php 57
ERROR - 01/16/2017 01:27 pm --> Severity: Notice --> Undefined variable: rec /home2/carolhhp/public_html/democarol.com/homeservices/application/views/admin/categories/add_categories.php 57
ERROR - 01/16/2017 01:27 pm --> Severity: Notice --> Trying to get property of non-object /home2/carolhhp/public_html/democarol.com/homeservices/application/views/admin/categories/add_categories.php 57
ERROR - 01/16/2017 01:27 pm --> Severity: Notice --> Undefined variable: rec /home2/carolhhp/public_html/democarol.com/homeservices/application/views/admin/categories/add_categories.php 57
ERROR - 01/16/2017 01:27 pm --> Severity: Notice --> Trying to get property of non-object /home2/carolhhp/public_html/democarol.com/homeservices/application/views/admin/categories/add_categories.php 57
ERROR - 01/16/2017 01:27 pm --> Severity: Notice --> Undefined variable: rec /home2/carolhhp/public_html/democarol.com/homeservices/application/views/admin/categories/add_categories.php 57
ERROR - 01/16/2017 01:27 pm --> Severity: Notice --> Trying to get property of non-object /home2/carolhhp/public_html/democarol.com/homeservices/application/views/admin/categories/add_categories.php 57
ERROR - 01/16/2017 01:57 am --> 404 Page Not Found: Images/photos
ERROR - 01/16/2017 01:57 am --> 404 Page Not Found: Assets/js
ERROR - 01/16/2017 01:57 am --> 404 Page Not Found: Js/dynamic_table_init.js
ERROR - 01/16/2017 01:57 am --> 404 Page Not Found: Js/advanced-datatable
ERROR - 01/16/2017 01:57 am --> 404 Page Not Found: Assets/js
ERROR - 01/16/2017 01:57 am --> 404 Page Not Found: Js/advanced-datatable
ERROR - 01/16/2017 01:57 am --> 404 Page Not Found: Js/jquery.dataTables.min.js
ERROR - 01/16/2017 01:57 am --> 404 Page Not Found: Js/advanced-datatable
ERROR - 01/16/2017 01:57 am --> 404 Page Not Found: Images/photos
ERROR - 01/16/2017 01:57 am --> 404 Page Not Found: Js/advanced-datatable
ERROR - 01/16/2017 01:57 am --> 404 Page Not Found: Js/advanced-datatable
ERROR - 01/16/2017 01:57 am --> 404 Page Not Found: Js/dynamic_table_init.js
ERROR - 01/16/2017 01:57 am --> 404 Page Not Found: Js/jquery.dataTables.min.js
ERROR - 01/16/2017 01:29 pm --> Severity: Notice --> Undefined property: Home::$category_model /home2/carolhhp/public_html/democarol.com/homeservices/application/controllers/front/Home.php 18
ERROR - 01/16/2017 01:29 pm --> Severity: Warning --> Cannot modify header information - headers already sent by (output started at /home2/carolhhp/public_html/democarol.com/homeservices/system/core/Exceptions.php:271) /home2/carolhhp/public_html/democarol.com/homeservices/system/core/Common.php 573
ERROR - 01/16/2017 01:29 pm --> Severity: Error --> Call to a member function run_query_arr() on null /home2/carolhhp/public_html/democarol.com/homeservices/application/controllers/front/Home.php 18
ERROR - 01/16/2017 02:46 am --> 404 Page Not Found: Assets/js
ERROR - 01/16/2017 02:46 am --> 404 Page Not Found: Js/advanced-datatable
ERROR - 01/16/2017 02:46 am --> 404 Page Not Found: Js/advanced-datatable
ERROR - 01/16/2017 02:46 am --> 404 Page Not Found: Js/advanced-datatable
ERROR - 01/16/2017 02:46 am --> 404 Page Not Found: Js/dynamic_table_init.js
ERROR - 01/16/2017 02:46 am --> 404 Page Not Found: Js/jquery.dataTables.min.js
ERROR - 01/16/2017 02:46 am --> 404 Page Not Found: Images/photos
ERROR - 01/16/2017 02:46 am --> 404 Page Not Found: Assets/js
ERROR - 01/16/2017 02:46 am --> 404 Page Not Found: Js/advanced-datatable
ERROR - 01/16/2017 02:46 am --> 404 Page Not Found: Js/advanced-datatable
ERROR - 01/16/2017 02:46 am --> 404 Page Not Found: Js/advanced-datatable
ERROR - 01/16/2017 02:46 am --> 404 Page Not Found: Js/dynamic_table_init.js
ERROR - 01/16/2017 02:46 am --> 404 Page Not Found: Js/jquery.dataTables.min.js
ERROR - 01/16/2017 03:20 am --> 404 Page Not Found: Images/photos
ERROR - 01/16/2017 03:20 am --> 404 Page Not Found: Assets/js
ERROR - 01/16/2017 03:20 am --> 404 Page Not Found: Js/advanced-datatable
ERROR - 01/16/2017 03:20 am --> 404 Page Not Found: Js/advanced-datatable
ERROR - 01/16/2017 03:20 am --> 404 Page Not Found: Js/advanced-datatable
ERROR - 01/16/2017 03:20 am --> 404 Page Not Found: Js/dynamic_table_init.js
ERROR - 01/16/2017 03:20 am --> 404 Page Not Found: Js/jquery.dataTables.min.js
ERROR - 01/16/2017 03:20 am --> 404 Page Not Found: Js/dynamic_table_init.js
ERROR - 01/16/2017 03:20 am --> 404 Page Not Found: Js/jquery.dataTables.min.js
ERROR - 01/16/2017 03:20 am --> 404 Page Not Found: Assets/js
ERROR - 01/16/2017 03:20 am --> 404 Page Not Found: Images/photos
ERROR - 01/16/2017 03:21 am --> 404 Page Not Found: Assets/js
ERROR - 01/16/2017 03:21 am --> 404 Page Not Found: Js/advanced-datatable
ERROR - 01/16/2017 03:21 am --> 404 Page Not Found: Js/advanced-datatable
ERROR - 01/16/2017 03:21 am --> 404 Page Not Found: Js/dynamic_table_init.js
ERROR - 01/16/2017 03:21 am --> 404 Page Not Found: Js/jquery.dataTables.min.js
ERROR - 01/16/2017 03:21 am --> 404 Page Not Found: Js/advanced-datatable
ERROR - 01/16/2017 03:21 am --> 404 Page Not Found: Images/photos
ERROR - 01/16/2017 03:21 am --> 404 Page Not Found: Assets/js
ERROR - 01/16/2017 03:21 am --> 404 Page Not Found: Images/photos
ERROR - 01/16/2017 03:21 am --> 404 Page Not Found: Assets/js
ERROR - 01/16/2017 03:21 am --> 404 Page Not Found: Js/advanced-datatable
ERROR - 01/16/2017 03:21 am --> 404 Page Not Found: Js/advanced-datatable
ERROR - 01/16/2017 03:21 am --> 404 Page Not Found: Js/advanced-datatable
ERROR - 01/16/2017 03:21 am --> 404 Page Not Found: Js/dynamic_table_init.js
ERROR - 01/16/2017 03:21 am --> 404 Page Not Found: Js/jquery.dataTables.min.js
ERROR - 01/16/2017 03:21 am --> 404 Page Not Found: Images/photos
ERROR - 01/16/2017 03:21 am --> 404 Page Not Found: Js/dynamic_table_init.js
ERROR - 01/16/2017 03:21 am --> 404 Page Not Found: Js/jquery.dataTables.min.js
ERROR - 01/16/2017 03:22 am --> 404 Page Not Found: Assets/js
ERROR - 01/16/2017 03:22 am --> 404 Page Not Found: Images/photos
ERROR - 01/16/2017 03:22 am --> 404 Page Not Found: Assets/js
ERROR - 01/16/2017 03:22 am --> 404 Page Not Found: Js/advanced-datatable
ERROR - 01/16/2017 03:22 am --> 404 Page Not Found: Js/advanced-datatable
ERROR - 01/16/2017 03:22 am --> 404 Page Not Found: Js/advanced-datatable
ERROR - 01/16/2017 03:22 am --> 404 Page Not Found: Js/dynamic_table_init.js
ERROR - 01/16/2017 03:22 am --> 404 Page Not Found: Js/jquery.dataTables.min.js
ERROR - 01/16/2017 03:22 am --> 404 Page Not Found: Images/photos
ERROR - 01/16/2017 03:22 am --> 404 Page Not Found: Assets/js
ERROR - 01/16/2017 03:22 am --> 404 Page Not Found: Assets/js
ERROR - 01/16/2017 03:22 am --> 404 Page Not Found: Js/advanced-datatable
ERROR - 01/16/2017 03:22 am --> 404 Page Not Found: Js/advanced-datatable
ERROR - 01/16/2017 03:22 am --> 404 Page Not Found: Js/advanced-datatable
ERROR - 01/16/2017 03:22 am --> 404 Page Not Found: Js/dynamic_table_init.js
ERROR - 01/16/2017 03:22 am --> 404 Page Not Found: Js/jquery.dataTables.min.js
ERROR - 01/16/2017 03:22 am --> 404 Page Not Found: Js/jquery.dataTables.min.js
ERROR - 01/16/2017 03:22 am --> 404 Page Not Found: Images/photos
ERROR - 01/16/2017 03:23 am --> 404 Page Not Found: Assets/js
ERROR - 01/16/2017 03:23 am --> 404 Page Not Found: Images/photos
ERROR - 01/16/2017 03:23 am --> 404 Page Not Found: Assets/js
ERROR - 01/16/2017 03:23 am --> 404 Page Not Found: Js/advanced-datatable
ERROR - 01/16/2017 03:23 am --> 404 Page Not Found: Js/advanced-datatable
ERROR - 01/16/2017 03:23 am --> 404 Page Not Found: Js/dynamic_table_init.js
ERROR - 01/16/2017 03:23 am --> 404 Page Not Found: Js/jquery.dataTables.min.js
ERROR - 01/16/2017 03:23 am --> 404 Page Not Found: Js/advanced-datatable
ERROR - 01/16/2017 03:23 am --> 404 Page Not Found: Images/photos
ERROR - 01/16/2017 03:23 am --> 404 Page Not Found: Js/dynamic_table_init.js
ERROR - 01/16/2017 03:23 am --> 404 Page Not Found: Js/jquery.dataTables.min.js
ERROR - 01/16/2017 03:23 am --> 404 Page Not Found: Assets/js
ERROR - 01/16/2017 03:23 am --> 404 Page Not Found: Images/photos
ERROR - 01/16/2017 03:23 am --> 404 Page Not Found: Assets/js
ERROR - 01/16/2017 03:23 am --> 404 Page Not Found: Js/advanced-datatable
ERROR - 01/16/2017 03:23 am --> 404 Page Not Found: Js/advanced-datatable
ERROR - 01/16/2017 03:23 am --> 404 Page Not Found: Js/advanced-datatable
ERROR - 01/16/2017 03:23 am --> 404 Page Not Found: Js/jquery.dataTables.min.js
ERROR - 01/16/2017 03:23 am --> 404 Page Not Found: Js/dynamic_table_init.js
ERROR - 01/16/2017 03:23 am --> 404 Page Not Found: Images/photos
ERROR - 01/16/2017 03:23 am --> 404 Page Not Found: Js/jquery.dataTables.min.js
ERROR - 01/16/2017 03:23 am --> 404 Page Not Found: Assets/js
ERROR - 01/16/2017 03:23 am --> 404 Page Not Found: Images/photos
ERROR - 01/16/2017 03:23 am --> 404 Page Not Found: Assets/js
ERROR - 01/16/2017 03:23 am --> 404 Page Not Found: Js/advanced-datatable
ERROR - 01/16/2017 03:23 am --> 404 Page Not Found: Js/advanced-datatable
ERROR - 01/16/2017 03:23 am --> 404 Page Not Found: Js/dynamic_table_init.js
ERROR - 01/16/2017 03:23 am --> 404 Page Not Found: Js/advanced-datatable
ERROR - 01/16/2017 03:23 am --> 404 Page Not Found: Js/jquery.dataTables.min.js
ERROR - 01/16/2017 03:23 am --> 404 Page Not Found: Js/dynamic_table_init.js
ERROR - 01/16/2017 03:23 am --> 404 Page Not Found: Js/jquery.dataTables.min.js
ERROR - 01/16/2017 03:23 am --> 404 Page Not Found: Images/photos
ERROR - 01/16/2017 03:24 am --> 404 Page Not Found: Assets/js
ERROR - 01/16/2017 03:24 am --> 404 Page Not Found: Images/photos
ERROR - 01/16/2017 03:24 am --> 404 Page Not Found: Assets/js
ERROR - 01/16/2017 03:24 am --> 404 Page Not Found: Js/advanced-datatable
ERROR - 01/16/2017 03:24 am --> 404 Page Not Found: Js/advanced-datatable
ERROR - 01/16/2017 03:24 am --> 404 Page Not Found: Js/advanced-datatable
ERROR - 01/16/2017 03:24 am --> 404 Page Not Found: Js/jquery.dataTables.min.js
ERROR - 01/16/2017 03:24 am --> 404 Page Not Found: Js/dynamic_table_init.js
ERROR - 01/16/2017 03:24 am --> 404 Page Not Found: Images/photos
ERROR - 01/16/2017 03:24 am --> 404 Page Not Found: Js/dynamic_table_init.js
ERROR - 01/16/2017 03:24 am --> 404 Page Not Found: Js/jquery.dataTables.min.js
ERROR - 01/16/2017 03:24 am --> 404 Page Not Found: Assets/js
ERROR - 01/16/2017 03:24 am --> 404 Page Not Found: Images/photos
ERROR - 01/16/2017 03:24 am --> 404 Page Not Found: Assets/js
ERROR - 01/16/2017 03:24 am --> 404 Page Not Found: Js/advanced-datatable
ERROR - 01/16/2017 03:24 am --> 404 Page Not Found: Js/advanced-datatable
ERROR - 01/16/2017 03:24 am --> 404 Page Not Found: Js/advanced-datatable
ERROR - 01/16/2017 03:24 am --> 404 Page Not Found: Js/dynamic_table_init.js
ERROR - 01/16/2017 03:24 am --> 404 Page Not Found: Js/jquery.dataTables.min.js
ERROR - 01/16/2017 03:24 am --> 404 Page Not Found: Js/dynamic_table_init.js
ERROR - 01/16/2017 03:24 am --> 404 Page Not Found: Js/jquery.dataTables.min.js
ERROR - 01/16/2017 03:24 am --> 404 Page Not Found: Images/photos
ERROR - 01/16/2017 03:24 am --> 404 Page Not Found: Assets/js
ERROR - 01/16/2017 03:24 am --> 404 Page Not Found: Images/photos
ERROR - 01/16/2017 03:24 am --> 404 Page Not Found: Assets/js
ERROR - 01/16/2017 03:24 am --> 404 Page Not Found: Js/advanced-datatable
ERROR - 01/16/2017 03:24 am --> 404 Page Not Found: Js/advanced-datatable
ERROR - 01/16/2017 03:24 am --> 404 Page Not Found: Js/advanced-datatable
ERROR - 01/16/2017 03:24 am --> 404 Page Not Found: Js/dynamic_table_init.js
ERROR - 01/16/2017 03:24 am --> 404 Page Not Found: Js/jquery.dataTables.min.js
ERROR - 01/16/2017 03:24 am --> 404 Page Not Found: Js/jquery.dataTables.min.js
ERROR - 01/16/2017 03:24 am --> 404 Page Not Found: Images/photos
ERROR - 01/16/2017 03:24 am --> 404 Page Not Found: Assets/js
ERROR - 01/16/2017 03:24 am --> 404 Page Not Found: Images/photos
ERROR - 01/16/2017 03:24 am --> 404 Page Not Found: Js/advanced-datatable
ERROR - 01/16/2017 03:24 am --> 404 Page Not Found: Js/advanced-datatable
ERROR - 01/16/2017 03:24 am --> 404 Page Not Found: Js/dynamic_table_init.js
ERROR - 01/16/2017 03:24 am --> 404 Page Not Found: Js/jquery.dataTables.min.js
ERROR - 01/16/2017 03:24 am --> 404 Page Not Found: Js/advanced-datatable
ERROR - 01/16/2017 03:24 am --> 404 Page Not Found: Assets/js
ERROR - 01/16/2017 03:24 am --> 404 Page Not Found: Images/photos
ERROR - 01/16/2017 03:24 am --> 404 Page Not Found: Js/advanced-datatable
ERROR - 01/16/2017 03:24 am --> 404 Page Not Found: Js/advanced-datatable
ERROR - 01/16/2017 03:24 am --> 404 Page Not Found: Js/advanced-datatable
ERROR - 01/16/2017 03:24 am --> 404 Page Not Found: Js/dynamic_table_init.js
ERROR - 01/16/2017 03:24 am --> 404 Page Not Found: Js/jquery.dataTables.min.js
ERROR - 01/16/2017 03:00 pm --> Severity: Notice --> Undefined variable: cat_record /home2/carolhhp/public_html/democarol.com/homeservices/application/views/front/include/header.php 74
ERROR - 01/16/2017 03:00 pm --> Severity: Notice --> Undefined variable: cat_record /home2/carolhhp/public_html/democarol.com/homeservices/application/views/front/include/header.php 75
ERROR - 01/16/2017 03:00 pm --> Severity: Warning --> Invalid argument supplied for foreach() /home2/carolhhp/public_html/democarol.com/homeservices/application/views/front/include/header.php 75
ERROR - 01/16/2017 03:45 am --> Severity: Warning --> Cannot modify header information - headers already sent by (output started at /home2/carolhhp/public_html/democarol.com/homeservices/application/core/MY_Controller.php:1) /home2/carolhhp/public_html/democarol.com/homeservices/system/core/Common.php 573
ERROR - 01/16/2017 03:45 am --> Severity: Parsing Error --> syntax error, unexpected 'MY_Controller' (T_STRING) /home2/carolhhp/public_html/democarol.com/homeservices/application/core/MY_Controller.php 1
ERROR - 01/16/2017 03:16 pm --> Severity: Notice --> Undefined variable: cat_record /home2/carolhhp/public_html/democarol.com/homeservices/application/views/front/include/header.php 74
ERROR - 01/16/2017 03:16 pm --> Severity: Notice --> Undefined variable: cat_record /home2/carolhhp/public_html/democarol.com/homeservices/application/views/front/include/header.php 75
ERROR - 01/16/2017 03:16 pm --> Severity: Warning --> Invalid argument supplied for foreach() /home2/carolhhp/public_html/democarol.com/homeservices/application/views/front/include/header.php 75
ERROR - 01/16/2017 03:16 pm --> Severity: Notice --> Undefined variable: slider_data /home2/carolhhp/public_html/democarol.com/homeservices/application/views/front/home.php 6
ERROR - 01/16/2017 03:16 pm --> Severity: Notice --> Undefined variable: slider_data /home2/carolhhp/public_html/democarol.com/homeservices/application/views/front/home.php 8
ERROR - 01/16/2017 03:16 pm --> Severity: Warning --> Invalid argument supplied for foreach() /home2/carolhhp/public_html/democarol.com/homeservices/application/views/front/home.php 8
ERROR - 01/16/2017 03:21 pm --> Severity: Notice --> Undefined variable: cat_record /home2/carolhhp/public_html/democarol.com/homeservices/application/views/front/include/header.php 74
ERROR - 01/16/2017 03:21 pm --> Severity: Notice --> Undefined variable: cat_record /home2/carolhhp/public_html/democarol.com/homeservices/application/views/front/include/header.php 75
ERROR - 01/16/2017 03:21 pm --> Severity: Warning --> Invalid argument supplied for foreach() /home2/carolhhp/public_html/democarol.com/homeservices/application/views/front/include/header.php 75
ERROR - 01/16/2017 03:25 pm --> Severity: Notice --> Undefined variable: cat_record /home2/carolhhp/public_html/democarol.com/homeservices/application/views/front/include/header.php 74
ERROR - 01/16/2017 03:25 pm --> Severity: Notice --> Undefined variable: cat_record /home2/carolhhp/public_html/democarol.com/homeservices/application/views/front/include/header.php 75
ERROR - 01/16/2017 03:25 pm --> Severity: Warning --> Invalid argument supplied for foreach() /home2/carolhhp/public_html/democarol.com/homeservices/application/views/front/include/header.php 75
ERROR - 01/16/2017 03:37 pm --> Severity: Notice --> Undefined variable: cat_record /home2/carolhhp/public_html/democarol.com/homeservices/application/views/front/include/header.php 74
ERROR - 01/16/2017 03:37 pm --> Severity: Notice --> Undefined variable: cat_record /home2/carolhhp/public_html/democarol.com/homeservices/application/views/front/include/header.php 75
ERROR - 01/16/2017 03:37 pm --> Severity: Warning --> Invalid argument supplied for foreach() /home2/carolhhp/public_html/democarol.com/homeservices/application/views/front/include/header.php 75
ERROR - 01/16/2017 03:39 pm --> Severity: Notice --> Undefined variable: cat_record /home2/carolhhp/public_html/democarol.com/homeservices/application/views/front/include/header.php 74
ERROR - 01/16/2017 03:39 pm --> Severity: Notice --> Undefined variable: cat_record /home2/carolhhp/public_html/democarol.com/homeservices/application/views/front/include/header.php 75
ERROR - 01/16/2017 03:39 pm --> Severity: Warning --> Invalid argument supplied for foreach() /home2/carolhhp/public_html/democarol.com/homeservices/application/views/front/include/header.php 75
ERROR - 01/16/2017 04:01 pm --> Severity: Notice --> Use of undefined constant valid_email - assumed 'valid_email' /home2/carolhhp/public_html/democarol.com/homeservices/application/controllers/front/Login.php 22
ERROR - 01/16/2017 04:01 pm --> Severity: Notice --> Use of undefined constant valid_password - assumed 'valid_password' /home2/carolhhp/public_html/democarol.com/homeservices/application/controllers/front/Login.php 23
ERROR - 01/16/2017 04:10 pm --> Severity: Notice --> Use of undefined constant valid_email - assumed 'valid_email' /home2/carolhhp/public_html/democarol.com/homeservices/application/controllers/front/Login.php 22
ERROR - 01/16/2017 04:10 pm --> Severity: Notice --> Use of undefined constant valid_password - assumed 'valid_password' /home2/carolhhp/public_html/democarol.com/homeservices/application/controllers/front/Login.php 23
ERROR - 01/16/2017 05:42 pm --> Severity: Warning --> Cannot modify header information - headers already sent by (output started at /home2/carolhhp/public_html/democarol.com/homeservices/application/controllers/front/Login.php:45) /home2/carolhhp/public_html/democarol.com/homeservices/system/core/Common.php 573
ERROR - 01/16/2017 05:42 pm --> Severity: Error --> Call to undefined method Common_model::insertData() /home2/carolhhp/public_html/democarol.com/homeservices/application/controllers/front/Login.php 45
ERROR - 01/16/2017 06:14 am --> 404 Page Not Found: Sign_up/index
ERROR - 01/16/2017 06:35 pm --> Severity: Notice --> Undefined property: Login::$user_model /home2/carolhhp/public_html/democarol.com/homeservices/application/controllers/front/Login.php 157
ERROR - 01/16/2017 06:35 pm --> Severity: Warning --> Cannot modify header information - headers already sent by (output started at /home2/carolhhp/public_html/democarol.com/homeservices/system/core/Exceptions.php:271) /home2/carolhhp/public_html/democarol.com/homeservices/system/core/Common.php 573
ERROR - 01/16/2017 06:35 pm --> Severity: Error --> Call to a member function getsingle() on null /home2/carolhhp/public_html/democarol.com/homeservices/application/controllers/front/Login.php 157
ERROR - 01/16/2017 07:19 am --> 404 Page Not Found: Active-account/eNrLtDKyBlwwAvUBEQ..
ERROR - 01/16/2017 07:19 am --> 404 Page Not Found: Active-account/eNrLtDKyBlwwAvUBEQ..
ERROR - 01/16/2017 06:58 pm --> Severity: Warning --> Cannot modify header information - headers already sent by (output started at /home2/carolhhp/public_html/democarol.com/homeservices/application/controllers/front/Login.php:150) /home2/carolhhp/public_html/democarol.com/homeservices/system/core/Common.php 573
ERROR - 01/16/2017 06:58 pm --> Severity: Error --> Call to undefined method Common_model::updateFields() /home2/carolhhp/public_html/democarol.com/homeservices/application/controllers/front/Login.php 150
ERROR - 01/16/2017 06:58 pm --> Severity: Warning --> Cannot modify header information - headers already sent by (output started at /home2/carolhhp/public_html/democarol.com/homeservices/application/controllers/front/Login.php:150) /home2/carolhhp/public_html/democarol.com/homeservices/system/core/Common.php 573
ERROR - 01/16/2017 06:58 pm --> Severity: Error --> Call to undefined method Common_model::updateFields() /home2/carolhhp/public_html/democarol.com/homeservices/application/controllers/front/Login.php 150
ERROR - 01/16/2017 07:31 pm --> Severity: Notice --> Undefined property: stdClass::$password /home2/carolhhp/public_html/democarol.com/homeservices/application/controllers/front/Login.php 30
ERROR - 01/16/2017 07:31 pm --> Severity: Warning --> Cannot modify header information - headers already sent by (output started at /home2/carolhhp/public_html/democarol.com/homeservices/system/core/Exceptions.php:271) /home2/carolhhp/public_html/democarol.com/homeservices/system/helpers/url_helper.php 564
ERROR - 01/16/2017 08:03 am --> 404 Page Not Found: Dasboard/index
ERROR - 01/16/2017 08:03 am --> 404 Page Not Found: Dasboard/index
