ERROR - 03/15/2017 01:41 am --> 404 Page Not Found: Assets/img
ERROR - 03/15/2017 01:41 am --> 404 Page Not Found: Assets/img
ERROR - 03/15/2017 01:41 am --> 404 Page Not Found: Assets/js
ERROR - 03/15/2017 01:41 am --> 404 Page Not Found: Images/photos
ERROR - 03/15/2017 12:11 pm --> Severity: Notice --> Undefined property: stdClass::$per_hours /home2/carolhhp/public_html/democarol.com/homeservices/application/views/admin/plan/manage_plan.php 99
ERROR - 03/15/2017 12:11 pm --> Severity: Notice --> Undefined property: stdClass::$per_price /home2/carolhhp/public_html/democarol.com/homeservices/application/views/admin/plan/manage_plan.php 100
ERROR - 03/15/2017 12:11 pm --> Severity: Notice --> Undefined property: stdClass::$original_price /home2/carolhhp/public_html/democarol.com/homeservices/application/views/admin/plan/manage_plan.php 101
ERROR - 03/15/2017 12:11 pm --> Severity: Notice --> Undefined property: stdClass::$discount_price /home2/carolhhp/public_html/democarol.com/homeservices/application/views/admin/plan/manage_plan.php 102
ERROR - 03/15/2017 12:11 pm --> Severity: Notice --> Undefined property: stdClass::$per_hours /home2/carolhhp/public_html/democarol.com/homeservices/application/views/admin/plan/manage_plan.php 114
ERROR - 03/15/2017 12:11 pm --> Severity: Notice --> Undefined property: stdClass::$per_price /home2/carolhhp/public_html/democarol.com/homeservices/application/views/admin/plan/manage_plan.php 115
ERROR - 03/15/2017 12:11 pm --> Severity: Notice --> Undefined property: stdClass::$original_price /home2/carolhhp/public_html/democarol.com/homeservices/application/views/admin/plan/manage_plan.php 116
ERROR - 03/15/2017 12:11 pm --> Severity: Notice --> Undefined property: stdClass::$discount_price /home2/carolhhp/public_html/democarol.com/homeservices/application/views/admin/plan/manage_plan.php 117
ERROR - 03/15/2017 12:11 pm --> Severity: Notice --> Undefined property: stdClass::$per_hours /home2/carolhhp/public_html/democarol.com/homeservices/application/views/admin/plan/manage_plan.php 128
ERROR - 03/15/2017 12:11 pm --> Severity: Notice --> Undefined property: stdClass::$per_price /home2/carolhhp/public_html/democarol.com/homeservices/application/views/admin/plan/manage_plan.php 129
ERROR - 03/15/2017 12:11 pm --> Severity: Notice --> Undefined property: stdClass::$original_price /home2/carolhhp/public_html/democarol.com/homeservices/application/views/admin/plan/manage_plan.php 130
ERROR - 03/15/2017 12:11 pm --> Severity: Notice --> Undefined property: stdClass::$discount_price /home2/carolhhp/public_html/democarol.com/homeservices/application/views/admin/plan/manage_plan.php 131
ERROR - 03/15/2017 01:41 am --> 404 Page Not Found: Assets/js
ERROR - 03/15/2017 01:41 am --> 404 Page Not Found: Images/photos
ERROR - 03/15/2017 01:41 am --> 404 Page Not Found: Assets/js
ERROR - 03/15/2017 12:11 pm --> Severity: Notice --> Undefined property: stdClass::$per_hours /home2/carolhhp/public_html/democarol.com/homeservices/application/views/admin/plan/manage_plan.php 99
ERROR - 03/15/2017 12:11 pm --> Severity: Notice --> Undefined property: stdClass::$per_price /home2/carolhhp/public_html/democarol.com/homeservices/application/views/admin/plan/manage_plan.php 100
ERROR - 03/15/2017 12:11 pm --> Severity: Notice --> Undefined property: stdClass::$original_price /home2/carolhhp/public_html/democarol.com/homeservices/application/views/admin/plan/manage_plan.php 101
ERROR - 03/15/2017 12:11 pm --> Severity: Notice --> Undefined property: stdClass::$discount_price /home2/carolhhp/public_html/democarol.com/homeservices/application/views/admin/plan/manage_plan.php 102
ERROR - 03/15/2017 12:11 pm --> Severity: Notice --> Undefined property: stdClass::$per_hours /home2/carolhhp/public_html/democarol.com/homeservices/application/views/admin/plan/manage_plan.php 114
ERROR - 03/15/2017 12:11 pm --> Severity: Notice --> Undefined property: stdClass::$per_price /home2/carolhhp/public_html/democarol.com/homeservices/application/views/admin/plan/manage_plan.php 115
ERROR - 03/15/2017 12:11 pm --> Severity: Notice --> Undefined property: stdClass::$original_price /home2/carolhhp/public_html/democarol.com/homeservices/application/views/admin/plan/manage_plan.php 116
ERROR - 03/15/2017 12:11 pm --> Severity: Notice --> Undefined property: stdClass::$discount_price /home2/carolhhp/public_html/democarol.com/homeservices/application/views/admin/plan/manage_plan.php 117
ERROR - 03/15/2017 12:11 pm --> Severity: Notice --> Undefined property: stdClass::$per_hours /home2/carolhhp/public_html/democarol.com/homeservices/application/views/admin/plan/manage_plan.php 128
ERROR - 03/15/2017 12:11 pm --> Severity: Notice --> Undefined property: stdClass::$per_price /home2/carolhhp/public_html/democarol.com/homeservices/application/views/admin/plan/manage_plan.php 129
ERROR - 03/15/2017 12:11 pm --> Severity: Notice --> Undefined property: stdClass::$original_price /home2/carolhhp/public_html/democarol.com/homeservices/application/views/admin/plan/manage_plan.php 130
ERROR - 03/15/2017 12:11 pm --> Severity: Notice --> Undefined property: stdClass::$discount_price /home2/carolhhp/public_html/democarol.com/homeservices/application/views/admin/plan/manage_plan.php 131
ERROR - 03/15/2017 01:41 am --> 404 Page Not Found: Assets/js
ERROR - 03/15/2017 01:41 am --> 404 Page Not Found: Assets/js
ERROR - 03/15/2017 01:41 am --> 404 Page Not Found: Images/photos
ERROR - 03/15/2017 01:46 am --> 404 Page Not Found: Assets/js
ERROR - 03/15/2017 01:46 am --> 404 Page Not Found: Assets/js
ERROR - 03/15/2017 01:46 am --> 404 Page Not Found: Images/photos
ERROR - 03/15/2017 12:26 pm --> Severity: Parsing Error --> syntax error, unexpected end of file /home2/carolhhp/public_html/democarol.com/homeservices/application/views/front/include/header.php 119
ERROR - 03/15/2017 02:09 am --> 404 Page Not Found: Assets/js
ERROR - 03/15/2017 02:09 am --> 404 Page Not Found: Assets/js
ERROR - 03/15/2017 02:09 am --> 404 Page Not Found: Images/photos
ERROR - 03/15/2017 02:14 am --> 404 Page Not Found: Assets/js
ERROR - 03/15/2017 02:14 am --> 404 Page Not Found: Assets/js
ERROR - 03/15/2017 02:14 am --> 404 Page Not Found: Images/photos
ERROR - 03/15/2017 02:20 am --> 404 Page Not Found: Assets/js
ERROR - 03/15/2017 02:20 am --> 404 Page Not Found: Images/photos
ERROR - 03/15/2017 02:20 am --> 404 Page Not Found: Assets/js
ERROR - 03/15/2017 02:20 am --> 404 Page Not Found: Assets/js
ERROR - 03/15/2017 02:20 am --> 404 Page Not Found: Images/photos
ERROR - 03/15/2017 12:50 pm --> Severity: Warning --> Invalid argument supplied for foreach() /home2/carolhhp/public_html/democarol.com/homeservices/application/controllers/Plan.php 137
ERROR - 03/15/2017 02:21 am --> 404 Page Not Found: Assets/js
ERROR - 03/15/2017 02:21 am --> 404 Page Not Found: Images/photos
ERROR - 03/15/2017 02:21 am --> 404 Page Not Found: Assets/js
ERROR - 03/15/2017 02:21 am --> 404 Page Not Found: Assets/js
ERROR - 03/15/2017 02:21 am --> 404 Page Not Found: Images/photos
ERROR - 03/15/2017 12:51 pm --> Severity: Notice --> Array to string conversion /home2/carolhhp/public_html/democarol.com/homeservices/application/controllers/Plan.php 136
ERROR - 03/15/2017 02:22 am --> 404 Page Not Found: Assets/js
ERROR - 03/15/2017 02:22 am --> 404 Page Not Found: Images/photos
ERROR - 03/15/2017 02:22 am --> 404 Page Not Found: Assets/js
ERROR - 03/15/2017 02:22 am --> 404 Page Not Found: Assets/js
ERROR - 03/15/2017 02:22 am --> 404 Page Not Found: Images/photos
ERROR - 03/15/2017 02:26 am --> 404 Page Not Found: Assets/js
ERROR - 03/15/2017 02:26 am --> 404 Page Not Found: Assets/js
ERROR - 03/15/2017 02:26 am --> 404 Page Not Found: Images/photos
ERROR - 03/15/2017 02:26 am --> 404 Page Not Found: Assets/js
ERROR - 03/15/2017 02:27 am --> 404 Page Not Found: Images/photos
ERROR - 03/15/2017 02:31 am --> 404 Page Not Found: Assets/js
ERROR - 03/15/2017 02:31 am --> 404 Page Not Found: Assets/js
ERROR - 03/15/2017 02:31 am --> 404 Page Not Found: Images/photos
ERROR - 03/15/2017 03:05 pm --> Severity: Notice --> Trying to get property of non-object /home2/carolhhp/public_html/democarol.com/homeservices/application/controllers/front/Home.php 38
ERROR - 03/15/2017 03:05 pm --> Severity: Warning --> Cannot modify header information - headers already sent by (output started at /home2/carolhhp/public_html/democarol.com/homeservices/system/core/Exceptions.php:271) /home2/carolhhp/public_html/democarol.com/homeservices/system/helpers/url_helper.php 564
ERROR - 03/15/2017 04:35 am --> 404 Page Not Found: Assets/js
ERROR - 03/15/2017 04:35 am --> 404 Page Not Found: Assets/js
ERROR - 03/15/2017 04:35 am --> 404 Page Not Found: Images/photos
ERROR - 03/15/2017 04:44 am --> 404 Page Not Found: Assets/js
ERROR - 03/15/2017 04:44 am --> 404 Page Not Found: Images/photos
ERROR - 03/15/2017 04:48 am --> 404 Page Not Found: Assets/img
ERROR - 03/15/2017 04:48 am --> 404 Page Not Found: Assets/img
ERROR - 03/15/2017 05:50 am --> 404 Page Not Found: Assets/img
ERROR - 03/15/2017 05:50 am --> 404 Page Not Found: Assets/img
ERROR - 03/15/2017 05:50 am --> 404 Page Not Found: Assets/js
ERROR - 03/15/2017 05:50 am --> 404 Page Not Found: Images/photos
ERROR - 03/15/2017 05:50 am --> 404 Page Not Found: Assets/js
ERROR - 03/15/2017 05:50 am --> 404 Page Not Found: Assets/js
ERROR - 03/15/2017 05:50 am --> 404 Page Not Found: Assets/js
ERROR - 03/15/2017 05:50 am --> 404 Page Not Found: Images/photos
ERROR - 03/15/2017 05:51 am --> 404 Page Not Found: Assets/js
ERROR - 03/15/2017 05:51 am --> 404 Page Not Found: Css/auto_select
ERROR - 03/15/2017 05:51 am --> 404 Page Not Found: Js/docsupport
ERROR - 03/15/2017 05:51 am --> 404 Page Not Found: Js/docsupport
ERROR - 03/15/2017 05:51 am --> 404 Page Not Found: Js/docsupport
ERROR - 03/15/2017 05:51 am --> 404 Page Not Found: Images/photos
ERROR - 03/15/2017 05:51 am --> 404 Page Not Found: Assets/js
ERROR - 03/15/2017 05:51 am --> 404 Page Not Found: Css/auto_select
ERROR - 03/15/2017 05:51 am --> 404 Page Not Found: Js/docsupport
ERROR - 03/15/2017 05:51 am --> 404 Page Not Found: Js/docsupport
ERROR - 03/15/2017 05:51 am --> 404 Page Not Found: Js/docsupport
ERROR - 03/15/2017 05:51 am --> 404 Page Not Found: Images/photos
ERROR - 03/15/2017 05:51 am --> 404 Page Not Found: Js/docsupport
ERROR - 03/15/2017 05:51 am --> 404 Page Not Found: Assets/js
ERROR - 03/15/2017 05:51 am --> 404 Page Not Found: Css/auto_select
ERROR - 03/15/2017 05:51 am --> 404 Page Not Found: Js/docsupport
ERROR - 03/15/2017 05:51 am --> 404 Page Not Found: Js/docsupport
ERROR - 03/15/2017 05:51 am --> 404 Page Not Found: Js/docsupport
ERROR - 03/15/2017 05:51 am --> 404 Page Not Found: Images/photos
ERROR - 03/15/2017 05:51 am --> 404 Page Not Found: Css/auto_select
ERROR - 03/15/2017 05:51 am --> 404 Page Not Found: Js/docsupport
ERROR - 03/15/2017 05:51 am --> 404 Page Not Found: Assets/js
ERROR - 03/15/2017 05:51 am --> 404 Page Not Found: Css/auto_select
ERROR - 03/15/2017 05:51 am --> 404 Page Not Found: Js/docsupport
ERROR - 03/15/2017 05:51 am --> 404 Page Not Found: Js/docsupport
ERROR - 03/15/2017 05:51 am --> 404 Page Not Found: Js/docsupport
ERROR - 03/15/2017 05:51 am --> 404 Page Not Found: Images/photos
ERROR - 03/15/2017 05:53 am --> 404 Page Not Found: Assets/js
ERROR - 03/15/2017 05:53 am --> 404 Page Not Found: Css/auto_select
ERROR - 03/15/2017 05:53 am --> 404 Page Not Found: Js/docsupport
ERROR - 03/15/2017 05:53 am --> 404 Page Not Found: Js/docsupport
ERROR - 03/15/2017 05:53 am --> 404 Page Not Found: Js/docsupport
ERROR - 03/15/2017 05:53 am --> 404 Page Not Found: Images/photos
ERROR - 03/15/2017 06:15 am --> 404 Page Not Found: Assets/js
ERROR - 03/15/2017 06:15 am --> 404 Page Not Found: Images/photos
ERROR - 03/15/2017 06:19 am --> 404 Page Not Found: Assets/js
ERROR - 03/15/2017 06:19 am --> 404 Page Not Found: Images/photos
ERROR - 03/15/2017 06:21 am --> 404 Page Not Found: Assets/js
ERROR - 03/15/2017 06:21 am --> 404 Page Not Found: Images/photos
ERROR - 03/15/2017 06:21 am --> 404 Page Not Found: Assets/js
ERROR - 03/15/2017 06:21 am --> 404 Page Not Found: Images/photos
ERROR - 03/15/2017 06:25 am --> 404 Page Not Found: Assets/js
ERROR - 03/15/2017 06:25 am --> 404 Page Not Found: Images/photos
ERROR - 03/15/2017 06:25 am --> 404 Page Not Found: Assets/js
ERROR - 03/15/2017 06:25 am --> 404 Page Not Found: Images/photos
ERROR - 03/15/2017 06:26 am --> 404 Page Not Found: Assets/js
ERROR - 03/15/2017 06:26 am --> 404 Page Not Found: Images/photos
ERROR - 03/15/2017 06:27 am --> 404 Page Not Found: Assets/js
ERROR - 03/15/2017 06:27 am --> 404 Page Not Found: Images/photos
ERROR - 03/15/2017 06:27 am --> 404 Page Not Found: Assets/js
ERROR - 03/15/2017 06:27 am --> 404 Page Not Found: Images/photos
ERROR - 03/15/2017 06:29 am --> 404 Page Not Found: Assets/js
ERROR - 03/15/2017 06:29 am --> 404 Page Not Found: Images/photos
ERROR - 03/15/2017 06:29 am --> 404 Page Not Found: Assets/js
ERROR - 03/15/2017 06:29 am --> 404 Page Not Found: Images/photos
ERROR - 03/15/2017 06:32 am --> 404 Page Not Found: Assets/js
ERROR - 03/15/2017 06:32 am --> 404 Page Not Found: Images/photos
ERROR - 03/15/2017 06:32 am --> 404 Page Not Found: Assets/js
ERROR - 03/15/2017 06:32 am --> 404 Page Not Found: Images/photos
ERROR - 03/15/2017 06:40 am --> 404 Page Not Found: Assets/js
ERROR - 03/15/2017 06:40 am --> 404 Page Not Found: Images/photos
ERROR - 03/15/2017 06:54 am --> 404 Page Not Found: Assets/js
ERROR - 03/15/2017 06:54 am --> 404 Page Not Found: Images/photos
ERROR - 03/15/2017 07:26 am --> 404 Page Not Found: Assets/js
ERROR - 03/15/2017 07:26 am --> 404 Page Not Found: Images/photos
ERROR - 03/15/2017 07:29 am --> 404 Page Not Found: Assets/js
ERROR - 03/15/2017 07:29 am --> 404 Page Not Found: Images/photos
ERROR - 03/15/2017 07:48 am --> 404 Page Not Found: Assets/js
ERROR - 03/15/2017 07:48 am --> 404 Page Not Found: Images/photos
ERROR - 03/15/2017 07:51 am --> 404 Page Not Found: Assets/js
ERROR - 03/15/2017 07:51 am --> 404 Page Not Found: Images/photos
ERROR - 03/15/2017 07:51 am --> 404 Page Not Found: Assets/js
ERROR - 03/15/2017 07:51 am --> 404 Page Not Found: Images/photos
ERROR - 03/15/2017 07:51 am --> 404 Page Not Found: Assets/js
ERROR - 03/15/2017 07:51 am --> 404 Page Not Found: Images/photos
ERROR - 03/15/2017 07:52 am --> 404 Page Not Found: Assets/js
ERROR - 03/15/2017 07:52 am --> 404 Page Not Found: Images/photos
ERROR - 03/15/2017 07:53 am --> 404 Page Not Found: Assets/css
ERROR - 03/15/2017 07:54 am --> 404 Page Not Found: Assets/js
ERROR - 03/15/2017 07:54 am --> 404 Page Not Found: Assets/js
ERROR - 03/15/2017 07:54 am --> 404 Page Not Found: Images/photos
ERROR - 03/15/2017 07:54 am --> 404 Page Not Found: Assets/css
ERROR - 03/15/2017 08:03 am --> 404 Page Not Found: Assets/img
ERROR - 03/15/2017 08:03 am --> 404 Page Not Found: Assets/js
ERROR - 03/15/2017 08:03 am --> 404 Page Not Found: Images/photos
ERROR - 03/15/2017 08:03 am --> 404 Page Not Found: Assets/js
ERROR - 03/15/2017 08:03 am --> 404 Page Not Found: Images/photos
ERROR - 03/15/2017 08:03 am --> 404 Page Not Found: Js/advanced-datatable
ERROR - 03/15/2017 08:03 am --> 404 Page Not Found: Js/advanced-datatable
ERROR - 03/15/2017 08:03 am --> 404 Page Not Found: Js/advanced-datatable
ERROR - 03/15/2017 08:03 am --> 404 Page Not Found: Js/dynamic_table_init.js
ERROR - 03/15/2017 08:03 am --> 404 Page Not Found: Js/jquery.dataTables.min.js
ERROR - 03/15/2017 08:03 am --> 404 Page Not Found: Assets/js
ERROR - 03/15/2017 08:03 am --> 404 Page Not Found: Images/photos
ERROR - 03/15/2017 08:05 am --> 404 Page Not Found: Images/photos
ERROR - 03/15/2017 08:05 am --> 404 Page Not Found: Assets/js
ERROR - 03/15/2017 08:05 am --> 404 Page Not Found: Images/photos
ERROR - 03/15/2017 08:05 am --> 404 Page Not Found: Js/advanced-datatable
ERROR - 03/15/2017 08:05 am --> 404 Page Not Found: Js/advanced-datatable
ERROR - 03/15/2017 08:05 am --> 404 Page Not Found: Js/dynamic_table_init.js
ERROR - 03/15/2017 08:05 am --> 404 Page Not Found: Js/advanced-datatable
ERROR - 03/15/2017 08:05 am --> 404 Page Not Found: Js/jquery.dataTables.min.js
ERROR - 03/15/2017 08:05 am --> 404 Page Not Found: Js/dynamic_table_init.js
ERROR - 03/15/2017 08:05 am --> 404 Page Not Found: Js/jquery.dataTables.min.js
ERROR - 03/15/2017 08:05 am --> 404 Page Not Found: Assets/js
ERROR - 03/15/2017 08:05 am --> 404 Page Not Found: Images/photos
ERROR - 03/15/2017 08:05 am --> 404 Page Not Found: Assets/js
ERROR - 03/15/2017 08:05 am --> 404 Page Not Found: Images/photos
ERROR - 03/15/2017 08:05 am --> 404 Page Not Found: Js/advanced-datatable
ERROR - 03/15/2017 08:05 am --> 404 Page Not Found: Js/advanced-datatable
ERROR - 03/15/2017 08:05 am --> 404 Page Not Found: Js/dynamic_table_init.js
ERROR - 03/15/2017 08:05 am --> 404 Page Not Found: Js/advanced-datatable
ERROR - 03/15/2017 08:05 am --> 404 Page Not Found: Js/jquery.dataTables.min.js
ERROR - 03/15/2017 08:05 am --> 404 Page Not Found: Js/dynamic_table_init.js
ERROR - 03/15/2017 08:05 am --> 404 Page Not Found: Js/jquery.dataTables.min.js
ERROR - 03/15/2017 08:07 am --> 404 Page Not Found: Images/photos
ERROR - 03/15/2017 08:07 am --> 404 Page Not Found: Assets/js
ERROR - 03/15/2017 08:07 am --> 404 Page Not Found: Images/photos
ERROR - 03/15/2017 08:07 am --> 404 Page Not Found: Assets/js
ERROR - 03/15/2017 08:07 am --> 404 Page Not Found: Images/photos
ERROR - 03/15/2017 08:07 am --> 404 Page Not Found: Assets/js
ERROR - 03/15/2017 08:07 am --> 404 Page Not Found: Js/advanced-datatable
ERROR - 03/15/2017 08:07 am --> 404 Page Not Found: Js/advanced-datatable
ERROR - 03/15/2017 08:07 am --> 404 Page Not Found: Js/advanced-datatable
ERROR - 03/15/2017 08:07 am --> 404 Page Not Found: Js/dynamic_table_init.js
ERROR - 03/15/2017 08:07 am --> 404 Page Not Found: Js/jquery.dataTables.min.js
ERROR - 03/15/2017 08:07 am --> 404 Page Not Found: Images/photos
ERROR - 03/15/2017 08:07 am --> 404 Page Not Found: Js/dynamic_table_init.js
ERROR - 03/15/2017 08:07 am --> 404 Page Not Found: Js/jquery.dataTables.min.js
ERROR - 03/15/2017 08:09 am --> 404 Page Not Found: Assets/js
ERROR - 03/15/2017 08:09 am --> 404 Page Not Found: Images/photos
ERROR - 03/15/2017 08:09 am --> 404 Page Not Found: Images/photos
ERROR - 03/15/2017 08:09 am --> 404 Page Not Found: Assets/js
ERROR - 03/15/2017 08:09 am --> 404 Page Not Found: Images/photos
ERROR - 03/15/2017 08:10 am --> 404 Page Not Found: Assets/js
ERROR - 03/15/2017 08:10 am --> 404 Page Not Found: Images/photos
ERROR - 03/15/2017 08:10 am --> 404 Page Not Found: Assets/js
ERROR - 03/15/2017 08:10 am --> 404 Page Not Found: Images/photos
ERROR - 03/15/2017 08:10 am --> 404 Page Not Found: Assets/js
ERROR - 03/15/2017 08:10 am --> 404 Page Not Found: Images/photos
ERROR - 03/15/2017 08:10 am --> 404 Page Not Found: Assets/js
ERROR - 03/15/2017 08:10 am --> 404 Page Not Found: Images/photos
ERROR - 03/15/2017 08:10 am --> 404 Page Not Found: Assets/js
ERROR - 03/15/2017 08:10 am --> 404 Page Not Found: Images/photos
ERROR - 03/15/2017 08:10 am --> 404 Page Not Found: Assets/js
ERROR - 03/15/2017 08:10 am --> 404 Page Not Found: Js/advanced-datatable
ERROR - 03/15/2017 08:10 am --> 404 Page Not Found: Js/advanced-datatable
ERROR - 03/15/2017 08:10 am --> 404 Page Not Found: Js/advanced-datatable
ERROR - 03/15/2017 08:10 am --> 404 Page Not Found: Js/dynamic_table_init.js
ERROR - 03/15/2017 08:10 am --> 404 Page Not Found: Js/jquery.dataTables.min.js
ERROR - 03/15/2017 08:10 am --> 404 Page Not Found: Images/photos
ERROR - 03/15/2017 08:10 am --> 404 Page Not Found: Js/dynamic_table_init.js
ERROR - 03/15/2017 08:10 am --> 404 Page Not Found: Js/jquery.dataTables.min.js
ERROR - 03/15/2017 08:12 am --> 404 Page Not Found: Images/photos
ERROR - 03/15/2017 08:12 am --> 404 Page Not Found: Assets/js
ERROR - 03/15/2017 08:12 am --> 404 Page Not Found: Images/photos
ERROR - 03/15/2017 08:12 am --> 404 Page Not Found: Assets/js
ERROR - 03/15/2017 08:12 am --> 404 Page Not Found: Images/photos
ERROR - 03/15/2017 08:12 am --> 404 Page Not Found: Js/advanced-datatable
ERROR - 03/15/2017 08:12 am --> 404 Page Not Found: Js/advanced-datatable
ERROR - 03/15/2017 08:12 am --> 404 Page Not Found: Js/advanced-datatable
ERROR - 03/15/2017 08:12 am --> 404 Page Not Found: Js/jquery.dataTables.min.js
ERROR - 03/15/2017 08:12 am --> 404 Page Not Found: Js/dynamic_table_init.js
ERROR - 03/15/2017 08:12 am --> 404 Page Not Found: Js/dynamic_table_init.js
ERROR - 03/15/2017 08:12 am --> 404 Page Not Found: Js/jquery.dataTables.min.js
ERROR - 03/15/2017 08:13 am --> 404 Page Not Found: Assets/js
ERROR - 03/15/2017 08:13 am --> 404 Page Not Found: Images/photos
ERROR - 03/15/2017 08:13 am --> 404 Page Not Found: Assets/js
ERROR - 03/15/2017 08:13 am --> 404 Page Not Found: Images/photos
ERROR - 03/15/2017 08:13 am --> 404 Page Not Found: Js/advanced-datatable
ERROR - 03/15/2017 08:13 am --> 404 Page Not Found: Js/advanced-datatable
ERROR - 03/15/2017 08:13 am --> 404 Page Not Found: Js/advanced-datatable
ERROR - 03/15/2017 08:13 am --> 404 Page Not Found: Js/dynamic_table_init.js
ERROR - 03/15/2017 08:13 am --> 404 Page Not Found: Js/jquery.dataTables.min.js
ERROR - 03/15/2017 08:13 am --> 404 Page Not Found: Js/dynamic_table_init.js
ERROR - 03/15/2017 08:13 am --> 404 Page Not Found: Js/jquery.dataTables.min.js
ERROR - 03/15/2017 08:13 am --> 404 Page Not Found: Assets/js
ERROR - 03/15/2017 08:13 am --> 404 Page Not Found: Images/photos
ERROR - 03/15/2017 08:15 am --> 404 Page Not Found: Assets/js
ERROR - 03/15/2017 08:15 am --> 404 Page Not Found: Images/photos
ERROR - 03/15/2017 08:15 am --> 404 Page Not Found: Assets/js
ERROR - 03/15/2017 08:15 am --> 404 Page Not Found: Js/advanced-datatable
ERROR - 03/15/2017 08:15 am --> 404 Page Not Found: Js/advanced-datatable
ERROR - 03/15/2017 08:15 am --> 404 Page Not Found: Js/dynamic_table_init.js
ERROR - 03/15/2017 08:15 am --> 404 Page Not Found: Js/jquery.dataTables.min.js
ERROR - 03/15/2017 08:15 am --> 404 Page Not Found: Js/advanced-datatable
ERROR - 03/15/2017 08:15 am --> 404 Page Not Found: Images/photos
ERROR - 03/15/2017 08:15 am --> 404 Page Not Found: Js/dynamic_table_init.js
ERROR - 03/15/2017 08:15 am --> 404 Page Not Found: Js/jquery.dataTables.min.js
ERROR - 03/15/2017 08:15 am --> 404 Page Not Found: Assets/js
ERROR - 03/15/2017 08:15 am --> 404 Page Not Found: Images/photos
ERROR - 03/15/2017 08:15 am --> 404 Page Not Found: Assets/js
ERROR - 03/15/2017 08:15 am --> 404 Page Not Found: Images/photos
ERROR - 03/15/2017 08:15 am --> 404 Page Not Found: Js/advanced-datatable
ERROR - 03/15/2017 08:15 am --> 404 Page Not Found: Js/advanced-datatable
ERROR - 03/15/2017 08:15 am --> 404 Page Not Found: Js/dynamic_table_init.js
ERROR - 03/15/2017 08:15 am --> 404 Page Not Found: Js/advanced-datatable
ERROR - 03/15/2017 08:15 am --> 404 Page Not Found: Js/jquery.dataTables.min.js
ERROR - 03/15/2017 08:15 am --> 404 Page Not Found: Js/dynamic_table_init.js
ERROR - 03/15/2017 08:15 am --> 404 Page Not Found: Js/jquery.dataTables.min.js
ERROR - 03/15/2017 08:16 am --> 404 Page Not Found: Assets/js
ERROR - 03/15/2017 08:16 am --> 404 Page Not Found: Images/photos
ERROR - 03/15/2017 08:16 am --> 404 Page Not Found: Assets/js
ERROR - 03/15/2017 08:16 am --> 404 Page Not Found: Images/photos
ERROR - 03/15/2017 08:16 am --> 404 Page Not Found: Assets/js
ERROR - 03/15/2017 08:16 am --> 404 Page Not Found: Js/advanced-datatable
ERROR - 03/15/2017 08:16 am --> 404 Page Not Found: Js/advanced-datatable
ERROR - 03/15/2017 08:16 am --> 404 Page Not Found: Js/advanced-datatable
ERROR - 03/15/2017 08:16 am --> 404 Page Not Found: Js/dynamic_table_init.js
ERROR - 03/15/2017 08:16 am --> 404 Page Not Found: Js/jquery.dataTables.min.js
ERROR - 03/15/2017 08:16 am --> 404 Page Not Found: Images/photos
ERROR - 03/15/2017 08:16 am --> 404 Page Not Found: Js/jquery.dataTables.min.js
ERROR - 03/15/2017 08:19 am --> 404 Page Not Found: Images/photos
ERROR - 03/15/2017 08:19 am --> 404 Page Not Found: Assets/js
ERROR - 03/15/2017 08:19 am --> 404 Page Not Found: Images/photos
ERROR - 03/15/2017 08:19 am --> 404 Page Not Found: Images/photos
ERROR - 03/15/2017 08:19 am --> 404 Page Not Found: Assets/js
ERROR - 03/15/2017 08:19 am --> 404 Page Not Found: Images/photos
ERROR - 03/15/2017 08:19 am --> 404 Page Not Found: Js/advanced-datatable
ERROR - 03/15/2017 08:19 am --> 404 Page Not Found: Js/advanced-datatable
ERROR - 03/15/2017 08:19 am --> 404 Page Not Found: Js/advanced-datatable
ERROR - 03/15/2017 08:19 am --> 404 Page Not Found: Js/dynamic_table_init.js
ERROR - 03/15/2017 08:19 am --> 404 Page Not Found: Js/jquery.dataTables.min.js
ERROR - 03/15/2017 08:19 am --> 404 Page Not Found: Js/dynamic_table_init.js
ERROR - 03/15/2017 08:19 am --> 404 Page Not Found: Js/jquery.dataTables.min.js
ERROR - 03/15/2017 08:19 am --> 404 Page Not Found: Assets/js
ERROR - 03/15/2017 08:19 am --> 404 Page Not Found: Images/photos
ERROR - 03/15/2017 08:21 am --> 404 Page Not Found: Assets/js
ERROR - 03/15/2017 08:21 am --> 404 Page Not Found: Images/photos
ERROR - 03/15/2017 08:22 am --> 404 Page Not Found: Assets/js
ERROR - 03/15/2017 08:22 am --> 404 Page Not Found: Images/photos
ERROR - 03/15/2017 08:22 am --> 404 Page Not Found: Js/advanced-datatable
ERROR - 03/15/2017 08:22 am --> 404 Page Not Found: Js/advanced-datatable
ERROR - 03/15/2017 08:22 am --> 404 Page Not Found: Js/jquery.dataTables.min.js
ERROR - 03/15/2017 08:22 am --> 404 Page Not Found: Js/dynamic_table_init.js
ERROR - 03/15/2017 08:22 am --> 404 Page Not Found: Js/advanced-datatable
ERROR - 03/15/2017 08:22 am --> 404 Page Not Found: Js/dynamic_table_init.js
ERROR - 03/15/2017 08:22 am --> 404 Page Not Found: Js/jquery.dataTables.min.js
ERROR - 03/15/2017 08:23 am --> 404 Page Not Found: Assets/js
ERROR - 03/15/2017 08:23 am --> 404 Page Not Found: Images/photos
ERROR - 03/15/2017 08:24 am --> 404 Page Not Found: Images/photos
ERROR - 03/15/2017 08:24 am --> 404 Page Not Found: Assets/js
ERROR - 03/15/2017 08:24 am --> 404 Page Not Found: Images/photos
ERROR - 03/15/2017 08:25 am --> 404 Page Not Found: Assets/js
ERROR - 03/15/2017 08:25 am --> 404 Page Not Found: Images/photos
ERROR - 03/15/2017 08:25 am --> 404 Page Not Found: Assets/js
ERROR - 03/15/2017 08:25 am --> 404 Page Not Found: Js/advanced-datatable
ERROR - 03/15/2017 08:25 am --> 404 Page Not Found: Images/photos
ERROR - 03/15/2017 08:25 am --> 404 Page Not Found: Js/advanced-datatable
ERROR - 03/15/2017 08:25 am --> 404 Page Not Found: Js/advanced-datatable
ERROR - 03/15/2017 08:25 am --> 404 Page Not Found: Js/dynamic_table_init.js
ERROR - 03/15/2017 08:25 am --> 404 Page Not Found: Js/jquery.dataTables.min.js
ERROR - 03/15/2017 08:25 am --> 404 Page Not Found: Js/dynamic_table_init.js
ERROR - 03/15/2017 08:25 am --> 404 Page Not Found: Js/jquery.dataTables.min.js
ERROR - 03/15/2017 08:26 am --> 404 Page Not Found: Images/photos
ERROR - 03/15/2017 08:26 am --> 404 Page Not Found: Assets/js
ERROR - 03/15/2017 08:26 am --> 404 Page Not Found: Images/photos
ERROR - 03/15/2017 08:27 am --> 404 Page Not Found: Assets/js
ERROR - 03/15/2017 08:27 am --> 404 Page Not Found: Images/photos
ERROR - 03/15/2017 08:27 am --> 404 Page Not Found: Js/advanced-datatable
ERROR - 03/15/2017 08:27 am --> 404 Page Not Found: Js/advanced-datatable
ERROR - 03/15/2017 08:27 am --> 404 Page Not Found: Js/advanced-datatable
ERROR - 03/15/2017 08:27 am --> 404 Page Not Found: Js/dynamic_table_init.js
ERROR - 03/15/2017 08:27 am --> 404 Page Not Found: Js/jquery.dataTables.min.js
ERROR - 03/15/2017 08:27 am --> 404 Page Not Found: Js/dynamic_table_init.js
ERROR - 03/15/2017 08:27 am --> 404 Page Not Found: Js/jquery.dataTables.min.js
ERROR - 03/15/2017 08:28 am --> 404 Page Not Found: Assets/js
ERROR - 03/15/2017 08:28 am --> 404 Page Not Found: Images/photos
ERROR - 03/15/2017 08:28 am --> 404 Page Not Found: Assets/js
ERROR - 03/15/2017 08:28 am --> 404 Page Not Found: Images/photos
ERROR - 03/15/2017 08:28 am --> 404 Page Not Found: Js/advanced-datatable
ERROR - 03/15/2017 08:28 am --> 404 Page Not Found: Js/advanced-datatable
ERROR - 03/15/2017 08:28 am --> 404 Page Not Found: Js/jquery.dataTables.min.js
ERROR - 03/15/2017 08:28 am --> 404 Page Not Found: Js/advanced-datatable
ERROR - 03/15/2017 08:28 am --> 404 Page Not Found: Js/dynamic_table_init.js
ERROR - 03/15/2017 08:28 am --> 404 Page Not Found: Js/dynamic_table_init.js
ERROR - 03/15/2017 08:28 am --> 404 Page Not Found: Js/jquery.dataTables.min.js
ERROR - 03/15/2017 08:31 am --> 404 Page Not Found: Images/photos
ERROR - 03/15/2017 08:31 am --> 404 Page Not Found: Assets/js
ERROR - 03/15/2017 08:31 am --> 404 Page Not Found: Images/photos
ERROR - 03/15/2017 08:36 am --> 404 Page Not Found: Assets/js
ERROR - 03/15/2017 08:36 am --> 404 Page Not Found: Images/photos
ERROR - 03/15/2017 08:36 am --> 404 Page Not Found: Js/advanced-datatable
ERROR - 03/15/2017 08:36 am --> 404 Page Not Found: Js/advanced-datatable
ERROR - 03/15/2017 08:36 am --> 404 Page Not Found: Js/advanced-datatable
ERROR - 03/15/2017 08:36 am --> 404 Page Not Found: Js/dynamic_table_init.js
ERROR - 03/15/2017 08:36 am --> 404 Page Not Found: Js/jquery.dataTables.min.js
ERROR - 03/15/2017 08:36 am --> 404 Page Not Found: Js/jquery.dataTables.min.js
ERROR - 03/15/2017 08:36 am --> 404 Page Not Found: Assets/js
ERROR - 03/15/2017 08:36 am --> 404 Page Not Found: Images/photos
ERROR - 03/15/2017 08:36 am --> 404 Page Not Found: Assets/js
ERROR - 03/15/2017 08:36 am --> 404 Page Not Found: Images/photos
ERROR - 03/15/2017 08:36 am --> 404 Page Not Found: Js/advanced-datatable
ERROR - 03/15/2017 08:36 am --> 404 Page Not Found: Js/advanced-datatable
ERROR - 03/15/2017 08:36 am --> 404 Page Not Found: Js/advanced-datatable
ERROR - 03/15/2017 08:36 am --> 404 Page Not Found: Js/jquery.dataTables.min.js
ERROR - 03/15/2017 08:36 am --> 404 Page Not Found: Js/dynamic_table_init.js
ERROR - 03/15/2017 08:36 am --> 404 Page Not Found: Js/jquery.dataTables.min.js
ERROR - 03/15/2017 08:37 am --> 404 Page Not Found: Assets/js
ERROR - 03/15/2017 08:37 am --> 404 Page Not Found: Images/photos
ERROR - 03/15/2017 08:38 am --> 404 Page Not Found: Assets/js
ERROR - 03/15/2017 08:38 am --> 404 Page Not Found: Images/photos
ERROR - 03/15/2017 08:42 am --> 404 Page Not Found: Assets/js
ERROR - 03/15/2017 08:42 am --> 404 Page Not Found: Images/photos
ERROR - 03/15/2017 08:42 am --> 404 Page Not Found: Assets/js
ERROR - 03/15/2017 08:42 am --> 404 Page Not Found: Images/photos
ERROR - 03/15/2017 08:42 am --> 404 Page Not Found: Assets/js
ERROR - 03/15/2017 08:42 am --> 404 Page Not Found: Images/photos
ERROR - 03/15/2017 08:51 am --> 404 Page Not Found: Assets/js
ERROR - 03/15/2017 08:51 am --> 404 Page Not Found: Images/photos
ERROR - 03/15/2017 07:22 pm --> Severity: Notice --> Trying to get property of non-object /home2/carolhhp/public_html/democarol.com/homeservices/application/controllers/front/Home.php 38
ERROR - 03/15/2017 07:22 pm --> Severity: Warning --> Cannot modify header information - headers already sent by (output started at /home2/carolhhp/public_html/democarol.com/homeservices/system/core/Exceptions.php:271) /home2/carolhhp/public_html/democarol.com/homeservices/system/helpers/url_helper.php 564
ERROR - 03/15/2017 07:22 pm --> Severity: Notice --> Trying to get property of non-object /home2/carolhhp/public_html/democarol.com/homeservices/application/controllers/front/Home.php 38
ERROR - 03/15/2017 07:22 pm --> Severity: Warning --> Cannot modify header information - headers already sent by (output started at /home2/carolhhp/public_html/democarol.com/homeservices/system/core/Exceptions.php:271) /home2/carolhhp/public_html/democarol.com/homeservices/system/helpers/url_helper.php 564
ERROR - 03/15/2017 08:58 am --> 404 Page Not Found: Assets/js
ERROR - 03/15/2017 08:58 am --> 404 Page Not Found: Images/photos
ERROR - 03/15/2017 08:58 am --> 404 Page Not Found: Assets/js
ERROR - 03/15/2017 08:58 am --> 404 Page Not Found: Images/photos
ERROR - 03/15/2017 09:02 am --> 404 Page Not Found: Assets/js
ERROR - 03/15/2017 09:02 am --> 404 Page Not Found: Images/photos
ERROR - 03/15/2017 09:15 am --> 404 Page Not Found: Assets/js
ERROR - 03/15/2017 09:15 am --> 404 Page Not Found: Images/photos
ERROR - 03/15/2017 09:17 am --> 404 Page Not Found: Assets/js
ERROR - 03/15/2017 09:17 am --> 404 Page Not Found: Images/photos
ERROR - 03/15/2017 09:17 am --> 404 Page Not Found: Assets/js
ERROR - 03/15/2017 09:17 am --> 404 Page Not Found: Images/photos
ERROR - 03/15/2017 09:17 am --> 404 Page Not Found: Assets/js
ERROR - 03/15/2017 09:17 am --> 404 Page Not Found: Images/photos
ERROR - 03/15/2017 07:48 pm --> Severity: Notice --> Undefined property: stdClass::$discount_price /home2/carolhhp/public_html/democarol.com/homeservices/application/views/front/services/booking_form.php 32
ERROR - 03/15/2017 07:48 pm --> Severity: Notice --> Undefined property: stdClass::$discount_price /home2/carolhhp/public_html/democarol.com/homeservices/application/views/front/services/booking_form.php 33
ERROR - 03/15/2017 07:48 pm --> Severity: Notice --> Undefined property: stdClass::$discount_price /home2/carolhhp/public_html/democarol.com/homeservices/application/views/front/services/booking_form.php 34
ERROR - 03/15/2017 09:18 am --> 404 Page Not Found: MY%20LINK%20TO%20JQUERY/index
ERROR - 03/15/2017 07:48 pm --> Severity: Notice --> Undefined property: stdClass::$discount_price /home2/carolhhp/public_html/democarol.com/homeservices/application/views/front/services/booking_form.php 32
ERROR - 03/15/2017 07:48 pm --> Severity: Notice --> Undefined property: stdClass::$discount_price /home2/carolhhp/public_html/democarol.com/homeservices/application/views/front/services/booking_form.php 33
ERROR - 03/15/2017 07:48 pm --> Severity: Notice --> Undefined property: stdClass::$discount_price /home2/carolhhp/public_html/democarol.com/homeservices/application/views/front/services/booking_form.php 34
ERROR - 03/15/2017 09:18 am --> 404 Page Not Found: MY%20LINK%20TO%20JQUERY/index
