ERROR - 06/16/2017 06:42 am --> Severity: Notice --> Undefined variable: child_catname /home2/carolhhp/public_html/democarol.com/homeservices/application/views/front/home.php 89
ERROR - 06/16/2017 06:42 am --> Severity: Notice --> Trying to get property of non-object /home2/carolhhp/public_html/democarol.com/homeservices/application/views/front/home.php 89
ERROR - 06/16/2017 06:42 am --> Severity: Notice --> Undefined variable: child_catname /home2/carolhhp/public_html/democarol.com/homeservices/application/views/front/home.php 90
ERROR - 06/16/2017 06:42 am --> Severity: Notice --> Trying to get property of non-object /home2/carolhhp/public_html/democarol.com/homeservices/application/views/front/home.php 90
ERROR - 06/16/2017 06:42 am --> Severity: Notice --> Undefined variable: child_catname /home2/carolhhp/public_html/democarol.com/homeservices/application/views/front/home.php 91
ERROR - 06/16/2017 06:42 am --> Severity: Notice --> Trying to get property of non-object /home2/carolhhp/public_html/democarol.com/homeservices/application/views/front/home.php 91
ERROR - 06/16/2017 06:42 am --> Severity: Notice --> Undefined variable: child_catname /home2/carolhhp/public_html/democarol.com/homeservices/application/views/front/home.php 92
ERROR - 06/16/2017 06:42 am --> Severity: Notice --> Trying to get property of non-object /home2/carolhhp/public_html/democarol.com/homeservices/application/views/front/home.php 92
ERROR - 06/16/2017 06:42 am --> Severity: Notice --> Undefined variable: child_catname /home2/carolhhp/public_html/democarol.com/homeservices/application/views/front/home.php 93
ERROR - 06/16/2017 06:42 am --> Severity: Notice --> Trying to get property of non-object /home2/carolhhp/public_html/democarol.com/homeservices/application/views/front/home.php 93
ERROR - 06/16/2017 06:42 am --> Severity: Notice --> Use of undefined constant php - assumed 'php' /home2/carolhhp/public_html/democarol.com/homeservices/application/views/front/home.php 100
ERROR - 06/16/2017 02:54 am --> 404 Page Not Found: Assets/front
ERROR - 06/16/2017 03:26 pm --> Severity: Notice --> Undefined variable: child_catname /home2/carolhhp/public_html/democarol.com/homeservices/application/views/front/home.php 89
ERROR - 06/16/2017 03:26 pm --> Severity: Notice --> Trying to get property of non-object /home2/carolhhp/public_html/democarol.com/homeservices/application/views/front/home.php 89
ERROR - 06/16/2017 03:26 pm --> Severity: Notice --> Undefined variable: child_catname /home2/carolhhp/public_html/democarol.com/homeservices/application/views/front/home.php 90
ERROR - 06/16/2017 03:26 pm --> Severity: Notice --> Trying to get property of non-object /home2/carolhhp/public_html/democarol.com/homeservices/application/views/front/home.php 90
ERROR - 06/16/2017 03:26 pm --> Severity: Notice --> Undefined variable: child_catname /home2/carolhhp/public_html/democarol.com/homeservices/application/views/front/home.php 91
ERROR - 06/16/2017 03:26 pm --> Severity: Notice --> Trying to get property of non-object /home2/carolhhp/public_html/democarol.com/homeservices/application/views/front/home.php 91
ERROR - 06/16/2017 03:26 pm --> Severity: Notice --> Undefined variable: child_catname /home2/carolhhp/public_html/democarol.com/homeservices/application/views/front/home.php 92
ERROR - 06/16/2017 03:26 pm --> Severity: Notice --> Trying to get property of non-object /home2/carolhhp/public_html/democarol.com/homeservices/application/views/front/home.php 92
ERROR - 06/16/2017 03:26 pm --> Severity: Notice --> Undefined variable: child_catname /home2/carolhhp/public_html/democarol.com/homeservices/application/views/front/home.php 93
ERROR - 06/16/2017 03:26 pm --> Severity: Notice --> Trying to get property of non-object /home2/carolhhp/public_html/democarol.com/homeservices/application/views/front/home.php 93
ERROR - 06/16/2017 03:26 pm --> Severity: Notice --> Use of undefined constant php - assumed 'php' /home2/carolhhp/public_html/democarol.com/homeservices/application/views/front/home.php 100
ERROR - 06/16/2017 04:56 am --> 404 Page Not Found: Assets/front
ERROR - 06/16/2017 04:56 am --> 404 Page Not Found: Assets/front
ERROR - 06/16/2017 04:56 am --> 404 Page Not Found: Assets/front
ERROR - 06/16/2017 04:56 am --> 404 Page Not Found: Assets/front
ERROR - 06/16/2017 04:56 am --> 404 Page Not Found: Assets/front
ERROR - 06/16/2017 04:56 am --> 404 Page Not Found: Assets/front
ERROR - 06/16/2017 04:59 am --> 404 Page Not Found: Assets/front
ERROR - 06/16/2017 04:59 am --> 404 Page Not Found: Assets/front
ERROR - 06/16/2017 04:59 am --> 404 Page Not Found: Assets/front
ERROR - 06/16/2017 04:59 am --> 404 Page Not Found: Assets/front
ERROR - 06/16/2017 04:59 am --> 404 Page Not Found: Assets/front
ERROR - 06/16/2017 04:59 am --> 404 Page Not Found: front/Service/badroom_plan
ERROR - 06/16/2017 04:59 am --> 404 Page Not Found: front/Service/badroom_plan
ERROR - 06/16/2017 04:59 am --> 404 Page Not Found: Assets/front
ERROR - 06/16/2017 03:31 pm --> Severity: Notice --> Undefined variable: child_catname /home2/carolhhp/public_html/democarol.com/homeservices/application/views/front/home.php 89
ERROR - 06/16/2017 03:31 pm --> Severity: Notice --> Trying to get property of non-object /home2/carolhhp/public_html/democarol.com/homeservices/application/views/front/home.php 89
ERROR - 06/16/2017 03:31 pm --> Severity: Notice --> Undefined variable: child_catname /home2/carolhhp/public_html/democarol.com/homeservices/application/views/front/home.php 90
ERROR - 06/16/2017 03:31 pm --> Severity: Notice --> Trying to get property of non-object /home2/carolhhp/public_html/democarol.com/homeservices/application/views/front/home.php 90
ERROR - 06/16/2017 03:31 pm --> Severity: Notice --> Undefined variable: child_catname /home2/carolhhp/public_html/democarol.com/homeservices/application/views/front/home.php 91
ERROR - 06/16/2017 03:31 pm --> Severity: Notice --> Trying to get property of non-object /home2/carolhhp/public_html/democarol.com/homeservices/application/views/front/home.php 91
ERROR - 06/16/2017 03:31 pm --> Severity: Notice --> Undefined variable: child_catname /home2/carolhhp/public_html/democarol.com/homeservices/application/views/front/home.php 92
ERROR - 06/16/2017 03:31 pm --> Severity: Notice --> Trying to get property of non-object /home2/carolhhp/public_html/democarol.com/homeservices/application/views/front/home.php 92
ERROR - 06/16/2017 03:31 pm --> Severity: Notice --> Undefined variable: child_catname /home2/carolhhp/public_html/democarol.com/homeservices/application/views/front/home.php 93
ERROR - 06/16/2017 03:31 pm --> Severity: Notice --> Trying to get property of non-object /home2/carolhhp/public_html/democarol.com/homeservices/application/views/front/home.php 93
ERROR - 06/16/2017 03:31 pm --> Severity: Notice --> Use of undefined constant php - assumed 'php' /home2/carolhhp/public_html/democarol.com/homeservices/application/views/front/home.php 100
ERROR - 06/16/2017 05:01 am --> 404 Page Not Found: Assets/front
ERROR - 06/16/2017 05:01 am --> 404 Page Not Found: front/Service/badroom_plan
ERROR - 06/16/2017 05:01 am --> 404 Page Not Found: front/Service/badroom_plan
ERROR - 06/16/2017 05:01 am --> 404 Page Not Found: front/Service/badroom_plan
ERROR - 06/16/2017 05:01 am --> 404 Page Not Found: front/Service/badroom_plan
ERROR - 06/16/2017 05:02 am --> 404 Page Not Found: front/Service/badroom_plan
ERROR - 06/16/2017 05:02 am --> 404 Page Not Found: front/Service/badroom_plan
ERROR - 06/16/2017 05:02 am --> 404 Page Not Found: front/Service/badroom_plan
ERROR - 06/16/2017 05:02 am --> 404 Page Not Found: front/Service/badroom_plan
ERROR - 06/16/2017 05:02 am --> 404 Page Not Found: front/Service/badroom_plan
ERROR - 06/16/2017 05:02 am --> 404 Page Not Found: Assets/front
ERROR - 06/16/2017 05:02 am --> 404 Page Not Found: Assets/front
ERROR - 06/16/2017 05:02 am --> 404 Page Not Found: Assets/front
ERROR - 06/16/2017 05:02 am --> 404 Page Not Found: Assets/front
ERROR - 06/16/2017 05:02 am --> 404 Page Not Found: Assets/front
ERROR - 06/16/2017 03:34 pm --> Severity: Notice --> Undefined variable: child_catname /home2/carolhhp/public_html/democarol.com/homeservices/application/views/front/home.php 89
ERROR - 06/16/2017 03:34 pm --> Severity: Notice --> Trying to get property of non-object /home2/carolhhp/public_html/democarol.com/homeservices/application/views/front/home.php 89
ERROR - 06/16/2017 03:34 pm --> Severity: Notice --> Undefined variable: child_catname /home2/carolhhp/public_html/democarol.com/homeservices/application/views/front/home.php 90
ERROR - 06/16/2017 03:34 pm --> Severity: Notice --> Trying to get property of non-object /home2/carolhhp/public_html/democarol.com/homeservices/application/views/front/home.php 90
ERROR - 06/16/2017 03:34 pm --> Severity: Notice --> Undefined variable: child_catname /home2/carolhhp/public_html/democarol.com/homeservices/application/views/front/home.php 91
ERROR - 06/16/2017 03:34 pm --> Severity: Notice --> Trying to get property of non-object /home2/carolhhp/public_html/democarol.com/homeservices/application/views/front/home.php 91
ERROR - 06/16/2017 03:34 pm --> Severity: Notice --> Undefined variable: child_catname /home2/carolhhp/public_html/democarol.com/homeservices/application/views/front/home.php 92
ERROR - 06/16/2017 03:34 pm --> Severity: Notice --> Trying to get property of non-object /home2/carolhhp/public_html/democarol.com/homeservices/application/views/front/home.php 92
ERROR - 06/16/2017 03:34 pm --> Severity: Notice --> Undefined variable: child_catname /home2/carolhhp/public_html/democarol.com/homeservices/application/views/front/home.php 93
ERROR - 06/16/2017 03:34 pm --> Severity: Notice --> Trying to get property of non-object /home2/carolhhp/public_html/democarol.com/homeservices/application/views/front/home.php 93
ERROR - 06/16/2017 03:34 pm --> Severity: Notice --> Use of undefined constant php - assumed 'php' /home2/carolhhp/public_html/democarol.com/homeservices/application/views/front/home.php 100
ERROR - 06/16/2017 05:05 am --> 404 Page Not Found: front/Service/badroom_plan
ERROR - 06/16/2017 05:05 am --> 404 Page Not Found: front/Service/badroom_plan
ERROR - 06/16/2017 05:05 am --> 404 Page Not Found: front/Service/badroom_plan
ERROR - 06/16/2017 05:05 am --> 404 Page Not Found: front/Service/badroom_plan
ERROR - 06/16/2017 05:05 am --> 404 Page Not Found: front/Service/badroom_plan
ERROR - 06/16/2017 05:05 am --> 404 Page Not Found: front/Service/badroom_plan
ERROR - 06/16/2017 05:05 am --> 404 Page Not Found: front/Service/badroom_plan
ERROR - 06/16/2017 05:05 am --> 404 Page Not Found: Assets/front
ERROR - 06/16/2017 05:05 am --> 404 Page Not Found: Assets/front
ERROR - 06/16/2017 05:05 am --> 404 Page Not Found: Assets/front
ERROR - 06/16/2017 05:05 am --> 404 Page Not Found: Assets/front
ERROR - 06/16/2017 05:05 am --> 404 Page Not Found: Assets/front
ERROR - 06/16/2017 05:05 am --> 404 Page Not Found: Assets/front
ERROR - 06/16/2017 03:38 pm --> Severity: Notice --> Undefined variable: child_catname /home2/carolhhp/public_html/democarol.com/homeservices/application/views/front/home.php 89
ERROR - 06/16/2017 03:38 pm --> Severity: Notice --> Trying to get property of non-object /home2/carolhhp/public_html/democarol.com/homeservices/application/views/front/home.php 89
ERROR - 06/16/2017 03:38 pm --> Severity: Notice --> Undefined variable: child_catname /home2/carolhhp/public_html/democarol.com/homeservices/application/views/front/home.php 90
ERROR - 06/16/2017 03:38 pm --> Severity: Notice --> Trying to get property of non-object /home2/carolhhp/public_html/democarol.com/homeservices/application/views/front/home.php 90
ERROR - 06/16/2017 03:38 pm --> Severity: Notice --> Undefined variable: child_catname /home2/carolhhp/public_html/democarol.com/homeservices/application/views/front/home.php 91
ERROR - 06/16/2017 03:38 pm --> Severity: Notice --> Trying to get property of non-object /home2/carolhhp/public_html/democarol.com/homeservices/application/views/front/home.php 91
ERROR - 06/16/2017 03:38 pm --> Severity: Notice --> Undefined variable: child_catname /home2/carolhhp/public_html/democarol.com/homeservices/application/views/front/home.php 92
ERROR - 06/16/2017 03:38 pm --> Severity: Notice --> Trying to get property of non-object /home2/carolhhp/public_html/democarol.com/homeservices/application/views/front/home.php 92
ERROR - 06/16/2017 03:38 pm --> Severity: Notice --> Undefined variable: child_catname /home2/carolhhp/public_html/democarol.com/homeservices/application/views/front/home.php 93
ERROR - 06/16/2017 03:38 pm --> Severity: Notice --> Trying to get property of non-object /home2/carolhhp/public_html/democarol.com/homeservices/application/views/front/home.php 93
ERROR - 06/16/2017 03:38 pm --> Severity: Notice --> Use of undefined constant php - assumed 'php' /home2/carolhhp/public_html/democarol.com/homeservices/application/views/front/home.php 100
ERROR - 06/16/2017 05:19 am --> 404 Page Not Found: front/Service/badroom_plan
ERROR - 06/16/2017 05:19 am --> 404 Page Not Found: front/Service/badroom_plan
ERROR - 06/16/2017 05:19 am --> 404 Page Not Found: front/Service/badroom_plan
ERROR - 06/16/2017 05:19 am --> 404 Page Not Found: front/Service/badroom_plan
ERROR - 06/16/2017 05:19 am --> 404 Page Not Found: front/Service/badroom_plan
ERROR - 06/16/2017 05:19 am --> 404 Page Not Found: front/Service/badroom_plan
ERROR - 06/16/2017 05:19 am --> 404 Page Not Found: front/Service/badroom_plan
ERROR - 06/16/2017 05:19 am --> 404 Page Not Found: front/Service/badroom_plan
ERROR - 06/16/2017 05:19 am --> 404 Page Not Found: front/Service/badroom_plan
ERROR - 06/16/2017 05:19 am --> 404 Page Not Found: Assets/front
ERROR - 06/16/2017 05:19 am --> 404 Page Not Found: Assets/front
ERROR - 06/16/2017 05:19 am --> 404 Page Not Found: Assets/front
ERROR - 06/16/2017 05:19 am --> 404 Page Not Found: Assets/front
ERROR - 06/16/2017 05:19 am --> 404 Page Not Found: Assets/front
ERROR - 06/16/2017 05:19 am --> 404 Page Not Found: Assets/front
ERROR - 06/16/2017 03:50 pm --> Severity: Notice --> Undefined variable: child_catname /home2/carolhhp/public_html/democarol.com/homeservices/application/views/front/home.php 89
ERROR - 06/16/2017 03:50 pm --> Severity: Notice --> Trying to get property of non-object /home2/carolhhp/public_html/democarol.com/homeservices/application/views/front/home.php 89
ERROR - 06/16/2017 03:50 pm --> Severity: Notice --> Undefined variable: child_catname /home2/carolhhp/public_html/democarol.com/homeservices/application/views/front/home.php 90
ERROR - 06/16/2017 03:50 pm --> Severity: Notice --> Trying to get property of non-object /home2/carolhhp/public_html/democarol.com/homeservices/application/views/front/home.php 90
ERROR - 06/16/2017 03:50 pm --> Severity: Notice --> Undefined variable: child_catname /home2/carolhhp/public_html/democarol.com/homeservices/application/views/front/home.php 91
ERROR - 06/16/2017 03:50 pm --> Severity: Notice --> Trying to get property of non-object /home2/carolhhp/public_html/democarol.com/homeservices/application/views/front/home.php 91
ERROR - 06/16/2017 03:50 pm --> Severity: Notice --> Undefined variable: child_catname /home2/carolhhp/public_html/democarol.com/homeservices/application/views/front/home.php 92
ERROR - 06/16/2017 03:50 pm --> Severity: Notice --> Trying to get property of non-object /home2/carolhhp/public_html/democarol.com/homeservices/application/views/front/home.php 92
ERROR - 06/16/2017 03:50 pm --> Severity: Notice --> Undefined variable: child_catname /home2/carolhhp/public_html/democarol.com/homeservices/application/views/front/home.php 93
ERROR - 06/16/2017 03:50 pm --> Severity: Notice --> Trying to get property of non-object /home2/carolhhp/public_html/democarol.com/homeservices/application/views/front/home.php 93
ERROR - 06/16/2017 03:50 pm --> Severity: Notice --> Use of undefined constant php - assumed 'php' /home2/carolhhp/public_html/democarol.com/homeservices/application/views/front/home.php 100
ERROR - 06/16/2017 05:20 am --> 404 Page Not Found: Assets/front
ERROR - 06/16/2017 05:20 am --> 404 Page Not Found: Assets/front
ERROR - 06/16/2017 05:20 am --> 404 Page Not Found: Assets/front
ERROR - 06/16/2017 05:20 am --> 404 Page Not Found: Assets/front
ERROR - 06/16/2017 05:20 am --> 404 Page Not Found: Assets/front
ERROR - 06/16/2017 05:20 am --> 404 Page Not Found: Assets/front
ERROR - 06/16/2017 05:21 am --> 404 Page Not Found: Assets/front
ERROR - 06/16/2017 05:21 am --> 404 Page Not Found: Assets/front
ERROR - 06/16/2017 05:21 am --> 404 Page Not Found: Assets/front
ERROR - 06/16/2017 05:21 am --> 404 Page Not Found: Assets/front
ERROR - 06/16/2017 05:23 am --> 404 Page Not Found: Assets/front
ERROR - 06/16/2017 05:23 am --> 404 Page Not Found: Assets/front
ERROR - 06/16/2017 05:24 am --> 404 Page Not Found: Assets/js
ERROR - 06/16/2017 05:24 am --> 404 Page Not Found: Assets/js
ERROR - 06/16/2017 05:24 am --> 404 Page Not Found: Images/photos
ERROR - 06/16/2017 03:54 pm --> Severity: Notice --> Undefined variable: child_catname /home2/carolhhp/public_html/democarol.com/homeservices/application/views/front/home.php 89
ERROR - 06/16/2017 03:54 pm --> Severity: Notice --> Trying to get property of non-object /home2/carolhhp/public_html/democarol.com/homeservices/application/views/front/home.php 89
ERROR - 06/16/2017 03:54 pm --> Severity: Notice --> Undefined variable: child_catname /home2/carolhhp/public_html/democarol.com/homeservices/application/views/front/home.php 90
ERROR - 06/16/2017 03:54 pm --> Severity: Notice --> Trying to get property of non-object /home2/carolhhp/public_html/democarol.com/homeservices/application/views/front/home.php 90
ERROR - 06/16/2017 03:54 pm --> Severity: Notice --> Undefined variable: child_catname /home2/carolhhp/public_html/democarol.com/homeservices/application/views/front/home.php 91
ERROR - 06/16/2017 03:54 pm --> Severity: Notice --> Trying to get property of non-object /home2/carolhhp/public_html/democarol.com/homeservices/application/views/front/home.php 91
ERROR - 06/16/2017 03:54 pm --> Severity: Notice --> Undefined variable: child_catname /home2/carolhhp/public_html/democarol.com/homeservices/application/views/front/home.php 92
ERROR - 06/16/2017 03:54 pm --> Severity: Notice --> Trying to get property of non-object /home2/carolhhp/public_html/democarol.com/homeservices/application/views/front/home.php 92
ERROR - 06/16/2017 03:54 pm --> Severity: Notice --> Undefined variable: child_catname /home2/carolhhp/public_html/democarol.com/homeservices/application/views/front/home.php 93
ERROR - 06/16/2017 03:54 pm --> Severity: Notice --> Trying to get property of non-object /home2/carolhhp/public_html/democarol.com/homeservices/application/views/front/home.php 93
ERROR - 06/16/2017 03:54 pm --> Severity: Notice --> Use of undefined constant php - assumed 'php' /home2/carolhhp/public_html/democarol.com/homeservices/application/views/front/home.php 100
ERROR - 06/16/2017 05:26 am --> 404 Page Not Found: Assets/front
ERROR - 06/16/2017 05:26 am --> 404 Page Not Found: Assets/front
ERROR - 06/16/2017 05:26 am --> 404 Page Not Found: Assets/front
ERROR - 06/16/2017 05:26 am --> 404 Page Not Found: Assets/front
ERROR - 06/16/2017 05:26 am --> 404 Page Not Found: Assets/front
ERROR - 06/16/2017 05:26 am --> 404 Page Not Found: Assets/front
ERROR - 06/16/2017 05:27 am --> 404 Page Not Found: Assets/js
ERROR - 06/16/2017 05:27 am --> 404 Page Not Found: Images/photos
ERROR - 06/16/2017 05:27 am --> 404 Page Not Found: Js/advanced-datatable
ERROR - 06/16/2017 05:27 am --> 404 Page Not Found: Js/advanced-datatable
ERROR - 06/16/2017 05:27 am --> 404 Page Not Found: Js/advanced-datatable
ERROR - 06/16/2017 05:27 am --> 404 Page Not Found: Js/dynamic_table_init.js
ERROR - 06/16/2017 05:27 am --> 404 Page Not Found: Js/jquery.dataTables.min.js
ERROR - 06/16/2017 05:27 am --> 404 Page Not Found: Assets/js
ERROR - 06/16/2017 05:27 am --> 404 Page Not Found: Images/photos
ERROR - 06/16/2017 05:28 am --> 404 Page Not Found: Assets/js
ERROR - 06/16/2017 05:28 am --> 404 Page Not Found: Images/photos
ERROR - 06/16/2017 05:28 am --> 404 Page Not Found: Js/advanced-datatable
ERROR - 06/16/2017 05:28 am --> 404 Page Not Found: Js/advanced-datatable
ERROR - 06/16/2017 05:28 am --> 404 Page Not Found: Js/advanced-datatable
ERROR - 06/16/2017 05:28 am --> 404 Page Not Found: Assets/js
ERROR - 06/16/2017 05:28 am --> 404 Page Not Found: Images/photos
ERROR - 06/16/2017 05:34 am --> 404 Page Not Found: front/Service/badroom_plan
ERROR - 06/16/2017 05:34 am --> 404 Page Not Found: front/Service/badroom_plan
ERROR - 06/16/2017 05:34 am --> 404 Page Not Found: front/Service/badroom_plan
ERROR - 06/16/2017 05:34 am --> 404 Page Not Found: front/Service/badroom_plan
ERROR - 06/16/2017 05:34 am --> 404 Page Not Found: Assets/front
ERROR - 06/16/2017 05:34 am --> 404 Page Not Found: Assets/front
ERROR - 06/16/2017 05:34 am --> 404 Page Not Found: Assets/front
ERROR - 06/16/2017 05:34 am --> 404 Page Not Found: Assets/front
ERROR - 06/16/2017 05:34 am --> 404 Page Not Found: Assets/front
