ERROR - 09/19/2017 12:58 pm --> Severity: Notice --> Undefined variable: child_catname /home2/carolhhp/public_html/democarol.com/homeserdem/application/views/front/home.php 89
ERROR - 09/19/2017 12:58 pm --> Severity: Notice --> Trying to get property of non-object /home2/carolhhp/public_html/democarol.com/homeserdem/application/views/front/home.php 89
ERROR - 09/19/2017 12:58 pm --> Severity: Notice --> Undefined variable: child_catname /home2/carolhhp/public_html/democarol.com/homeserdem/application/views/front/home.php 90
ERROR - 09/19/2017 12:58 pm --> Severity: Notice --> Trying to get property of non-object /home2/carolhhp/public_html/democarol.com/homeserdem/application/views/front/home.php 90
ERROR - 09/19/2017 12:58 pm --> Severity: Notice --> Undefined variable: child_catname /home2/carolhhp/public_html/democarol.com/homeserdem/application/views/front/home.php 91
ERROR - 09/19/2017 12:58 pm --> Severity: Notice --> Trying to get property of non-object /home2/carolhhp/public_html/democarol.com/homeserdem/application/views/front/home.php 91
ERROR - 09/19/2017 12:58 pm --> Severity: Notice --> Undefined variable: child_catname /home2/carolhhp/public_html/democarol.com/homeserdem/application/views/front/home.php 92
ERROR - 09/19/2017 12:58 pm --> Severity: Notice --> Trying to get property of non-object /home2/carolhhp/public_html/democarol.com/homeserdem/application/views/front/home.php 92
ERROR - 09/19/2017 12:58 pm --> Severity: Notice --> Undefined variable: child_catname /home2/carolhhp/public_html/democarol.com/homeserdem/application/views/front/home.php 93
ERROR - 09/19/2017 12:58 pm --> Severity: Notice --> Trying to get property of non-object /home2/carolhhp/public_html/democarol.com/homeserdem/application/views/front/home.php 93
ERROR - 09/19/2017 12:58 pm --> Severity: Notice --> Use of undefined constant php - assumed 'php' /home2/carolhhp/public_html/democarol.com/homeserdem/application/views/front/home.php 100
ERROR - 09/19/2017 06:50 am --> 404 Page Not Found: Assets/js
ERROR - 09/19/2017 06:50 am --> 404 Page Not Found: Assets/js
ERROR - 09/19/2017 06:50 am --> 404 Page Not Found: Images/photos
ERROR - 09/19/2017 06:50 am --> 404 Page Not Found: Assets/js
ERROR - 09/19/2017 06:50 am --> 404 Page Not Found: Images/photos
ERROR - 09/19/2017 06:50 am --> 404 Page Not Found: Assets/js
ERROR - 09/19/2017 06:50 am --> 404 Page Not Found: Assets/js
ERROR - 09/19/2017 06:50 am --> 404 Page Not Found: Assets/js
ERROR - 09/19/2017 06:50 am --> 404 Page Not Found: Assets/js
ERROR - 09/19/2017 06:50 am --> 404 Page Not Found: Images/photos
ERROR - 09/19/2017 06:50 am --> 404 Page Not Found: Js/docsupport
ERROR - 09/19/2017 06:52 am --> 404 Page Not Found: Assets/js
ERROR - 09/19/2017 06:52 am --> 404 Page Not Found: Assets/js
ERROR - 09/19/2017 06:52 am --> 404 Page Not Found: Assets/js
ERROR - 09/19/2017 06:52 am --> 404 Page Not Found: Assets/js
ERROR - 09/19/2017 06:52 am --> 404 Page Not Found: Images/photos
ERROR - 09/19/2017 06:53 am --> 404 Page Not Found: Assets/js
ERROR - 09/19/2017 06:53 am --> 404 Page Not Found: Images/photos
ERROR - 09/19/2017 06:53 am --> 404 Page Not Found: Assets/js
ERROR - 09/19/2017 06:53 am --> 404 Page Not Found: Images/photos
ERROR - 09/19/2017 06:53 am --> 404 Page Not Found: Assets/js
ERROR - 09/19/2017 06:53 am --> 404 Page Not Found: Assets/js
ERROR - 09/19/2017 06:53 am --> 404 Page Not Found: Assets/js
ERROR - 09/19/2017 06:56 am --> 404 Page Not Found: Assets/js
ERROR - 09/19/2017 06:56 am --> 404 Page Not Found: Js/docsupport
ERROR - 09/19/2017 06:56 am --> 404 Page Not Found: Images/photos
ERROR - 09/19/2017 06:56 am --> 404 Page Not Found: Assets/js
ERROR - 09/19/2017 06:56 am --> 404 Page Not Found: Assets/js
ERROR - 09/19/2017 06:56 am --> 404 Page Not Found: Assets/js
ERROR - 09/19/2017 06:56 am --> 404 Page Not Found: Assets/js
ERROR - 09/19/2017 06:56 am --> 404 Page Not Found: Images/photos
ERROR - 09/19/2017 06:58 am --> 404 Page Not Found: Assets/js
ERROR - 09/19/2017 06:58 am --> 404 Page Not Found: Js/docsupport
ERROR - 09/19/2017 06:58 am --> 404 Page Not Found: Images/photos
ERROR - 09/19/2017 06:58 am --> 404 Page Not Found: Assets/js
ERROR - 09/19/2017 06:58 am --> 404 Page Not Found: Assets/js
ERROR - 09/19/2017 06:58 am --> 404 Page Not Found: Assets/js
ERROR - 09/19/2017 06:58 am --> 404 Page Not Found: Assets/js
ERROR - 09/19/2017 06:58 am --> 404 Page Not Found: Images/photos
ERROR - 09/19/2017 07:00 am --> 404 Page Not Found: Assets/js
ERROR - 09/19/2017 07:00 am --> 404 Page Not Found: Js/docsupport
ERROR - 09/19/2017 07:00 am --> 404 Page Not Found: Images/photos
ERROR - 09/19/2017 07:00 am --> 404 Page Not Found: Assets/js
ERROR - 09/19/2017 07:00 am --> 404 Page Not Found: Assets/js
ERROR - 09/19/2017 07:00 am --> 404 Page Not Found: Assets/js
ERROR - 09/19/2017 07:00 am --> 404 Page Not Found: Assets/js
ERROR - 09/19/2017 07:00 am --> 404 Page Not Found: Images/photos
ERROR - 09/19/2017 07:00 am --> 404 Page Not Found: Assets/js
ERROR - 09/19/2017 07:00 am --> 404 Page Not Found: Assets/js
ERROR - 09/19/2017 07:02 am --> 404 Page Not Found: Assets/js
ERROR - 09/19/2017 07:02 am --> 404 Page Not Found: Js/docsupport
ERROR - 09/19/2017 07:02 am --> 404 Page Not Found: Images/photos
ERROR - 09/19/2017 07:02 am --> 404 Page Not Found: Assets/js
ERROR - 09/19/2017 07:02 am --> 404 Page Not Found: Assets/js
ERROR - 09/19/2017 07:02 am --> 404 Page Not Found: Assets/js
ERROR - 09/19/2017 07:02 am --> 404 Page Not Found: Images/photos
ERROR - 09/19/2017 07:02 am --> 404 Page Not Found: Assets/js
ERROR - 09/19/2017 07:04 am --> 404 Page Not Found: Assets/js
ERROR - 09/19/2017 07:04 am --> 404 Page Not Found: Js/docsupport
ERROR - 09/19/2017 07:04 am --> 404 Page Not Found: Images/photos
ERROR - 09/19/2017 07:04 am --> 404 Page Not Found: Assets/js
ERROR - 09/19/2017 07:04 am --> 404 Page Not Found: Assets/js
ERROR - 09/19/2017 07:04 am --> 404 Page Not Found: Assets/js
ERROR - 09/19/2017 07:04 am --> 404 Page Not Found: Images/photos
ERROR - 09/19/2017 07:04 am --> 404 Page Not Found: Assets/js
ERROR - 09/19/2017 08:11 am --> 404 Page Not Found: Assets/js
ERROR - 09/19/2017 08:11 am --> 404 Page Not Found: Assets/js
ERROR - 09/19/2017 08:11 am --> 404 Page Not Found: Assets/js
ERROR - 09/19/2017 08:11 am --> 404 Page Not Found: Assets/js
ERROR - 09/19/2017 08:11 am --> 404 Page Not Found: Images/photos
ERROR - 09/19/2017 02:56 pm --> 404 Page Not Found: BlogBlog/index
