ERROR - 01/19/2018 06:24 am --> 404 Page Not Found: Assets/js
ERROR - 01/19/2018 06:24 am --> 404 Page Not Found: Assets/js
ERROR - 01/19/2018 06:24 am --> 404 Page Not Found: Images/photos
ERROR - 01/19/2018 06:25 am --> 404 Page Not Found: Assets/js
ERROR - 01/19/2018 06:25 am --> 404 Page Not Found: Images/photos
ERROR - 01/19/2018 06:25 am --> 404 Page Not Found: Images/loading_spinner.gif
ERROR - 01/19/2018 06:25 am --> 404 Page Not Found: Assets/js
ERROR - 01/19/2018 06:25 am --> 404 Page Not Found: Assets/js
ERROR - 01/19/2018 06:25 am --> 404 Page Not Found: Assets/js
ERROR - 01/19/2018 06:25 am --> 404 Page Not Found: Assets/js
ERROR - 01/19/2018 06:25 am --> 404 Page Not Found: Images/photos
ERROR - 01/19/2018 06:25 am --> 404 Page Not Found: Assets/js
ERROR - 01/19/2018 06:25 am --> 404 Page Not Found: Assets/js
ERROR - 01/19/2018 06:25 am --> 404 Page Not Found: Assets/js
ERROR - 01/19/2018 06:25 am --> 404 Page Not Found: Assets/front
ERROR - 01/19/2018 06:25 am --> 404 Page Not Found: front/Service/badroom_plan
ERROR - 01/19/2018 06:25 am --> 404 Page Not Found: front/Service/badroom_plan
ERROR - 01/19/2018 06:25 am --> 404 Page Not Found: Assets/front
ERROR - 01/19/2018 06:25 am --> 404 Page Not Found: Assets/front
ERROR - 01/19/2018 06:25 am --> 404 Page Not Found: Assets/front
ERROR - 01/19/2018 06:25 am --> 404 Page Not Found: Assets/front
ERROR - 01/19/2018 06:25 am --> 404 Page Not Found: Assets/front
ERROR - 01/19/2018 06:28 am --> 404 Page Not Found: Assets/front
ERROR - 01/19/2018 06:29 am --> 404 Page Not Found: Assets/front
ERROR - 01/19/2018 06:29 am --> 404 Page Not Found: Assets/front
ERROR - 01/19/2018 06:29 am --> 404 Page Not Found: Assets/front
ERROR - 01/19/2018 06:29 am --> 404 Page Not Found: Assets/front
ERROR - 01/19/2018 06:29 am --> 404 Page Not Found: Assets/front
ERROR - 01/19/2018 06:33 am --> 404 Page Not Found: Assets/front
ERROR - 01/19/2018 06:33 am --> 404 Page Not Found: front/Service/badroom_plan
