ERROR - 11/23/2017 03:38 am --> 404 Page Not Found: Assets/js
ERROR - 11/23/2017 03:38 am --> 404 Page Not Found: Assets/js
ERROR - 11/23/2017 03:38 am --> 404 Page Not Found: Images/photos
ERROR - 11/23/2017 03:39 am --> 404 Page Not Found: Assets/js
ERROR - 11/23/2017 03:39 am --> 404 Page Not Found: Images/photos
ERROR - 11/23/2017 03:39 am --> 404 Page Not Found: Images/loading_spinner.gif
ERROR - 11/23/2017 03:39 am --> 404 Page Not Found: Assets/js
ERROR - 11/23/2017 03:39 am --> 404 Page Not Found: Assets/js
ERROR - 11/23/2017 03:39 am --> 404 Page Not Found: Assets/js
ERROR - 11/23/2017 03:39 am --> 404 Page Not Found: Assets/js
ERROR - 11/23/2017 03:39 am --> 404 Page Not Found: Images/photos
ERROR - 11/23/2017 03:39 am --> 404 Page Not Found: Images/loading_spinner.gif
ERROR - 11/23/2017 03:39 am --> 404 Page Not Found: Assets/js
ERROR - 11/23/2017 03:39 am --> 404 Page Not Found: Assets/js
ERROR - 11/23/2017 03:39 am --> 404 Page Not Found: Assets/js
ERROR - 11/23/2017 03:39 am --> 404 Page Not Found: Assets/js
ERROR - 11/23/2017 03:39 am --> 404 Page Not Found: Assets/js
ERROR - 11/23/2017 03:39 am --> 404 Page Not Found: Images/photos
ERROR - 11/23/2017 03:39 am --> 404 Page Not Found: Assets/js
ERROR - 11/23/2017 03:39 am --> 404 Page Not Found: Images/photos
ERROR - 11/23/2017 03:39 am --> 404 Page Not Found: Assets/js
ERROR - 11/23/2017 03:39 am --> 404 Page Not Found: Assets/js
ERROR - 11/23/2017 03:39 am --> 404 Page Not Found: Assets/js
ERROR - 11/23/2017 03:39 am --> 404 Page Not Found: Assets/js
ERROR - 11/23/2017 03:39 am --> 404 Page Not Found: Assets/js
ERROR - 11/23/2017 03:39 am --> 404 Page Not Found: Images/photos
ERROR - 11/23/2017 03:39 am --> 404 Page Not Found: Assets/js
ERROR - 11/23/2017 03:39 am --> 404 Page Not Found: Assets/js
ERROR - 11/23/2017 03:39 am --> 404 Page Not Found: Assets/js
ERROR - 11/23/2017 03:39 am --> 404 Page Not Found: Images/photos
ERROR - 11/23/2017 03:39 am --> 404 Page Not Found: Images/loading_spinner.gif
ERROR - 11/23/2017 03:39 am --> 404 Page Not Found: Assets/js
ERROR - 11/23/2017 03:39 am --> 404 Page Not Found: Images/photos
ERROR - 11/23/2017 03:39 am --> 404 Page Not Found: Assets/js
ERROR - 11/23/2017 03:39 am --> 404 Page Not Found: Assets/js
ERROR - 11/23/2017 03:39 am --> 404 Page Not Found: Assets/js
ERROR - 11/23/2017 03:39 am --> 404 Page Not Found: Images/photos
ERROR - 11/23/2017 03:39 am --> 404 Page Not Found: Assets/js
ERROR - 11/23/2017 03:39 am --> 404 Page Not Found: Assets/js
ERROR - 11/23/2017 03:40 am --> 404 Page Not Found: Assets/js
ERROR - 11/23/2017 03:40 am --> 404 Page Not Found: Assets/js
ERROR - 11/23/2017 03:40 am --> 404 Page Not Found: Images/photos
ERROR - 11/23/2017 03:40 am --> 404 Page Not Found: Assets/js
ERROR - 11/23/2017 03:40 am --> 404 Page Not Found: Images/photos
ERROR - 11/23/2017 03:40 am --> 404 Page Not Found: Images/loading_spinner.gif
ERROR - 11/23/2017 03:40 am --> 404 Page Not Found: Assets/js
ERROR - 11/23/2017 03:40 am --> 404 Page Not Found: Assets/js
ERROR - 11/23/2017 03:40 am --> 404 Page Not Found: Assets/js
ERROR - 11/23/2017 03:40 am --> 404 Page Not Found: Assets/js
ERROR - 11/23/2017 03:40 am --> 404 Page Not Found: Assets/js
ERROR - 11/23/2017 03:40 am --> 404 Page Not Found: Assets/js
ERROR - 11/23/2017 03:40 am --> 404 Page Not Found: Assets/js
ERROR - 11/23/2017 03:40 am --> 404 Page Not Found: Assets/js
ERROR - 11/23/2017 03:40 am --> 404 Page Not Found: Assets/js
ERROR - 11/23/2017 03:41 am --> 404 Page Not Found: Assets/js
ERROR - 11/23/2017 03:41 am --> 404 Page Not Found: Images/photos
ERROR - 11/23/2017 03:41 am --> 404 Page Not Found: Assets/js
ERROR - 11/23/2017 03:41 am --> 404 Page Not Found: Assets/js
ERROR - 11/23/2017 03:41 am --> 404 Page Not Found: Assets/js
ERROR - 11/23/2017 03:41 am --> 404 Page Not Found: Assets/js
ERROR - 11/23/2017 03:41 am --> 404 Page Not Found: Assets/js
ERROR - 11/23/2017 03:41 am --> 404 Page Not Found: Images/loading_spinner.gif
ERROR - 11/23/2017 03:41 am --> 404 Page Not Found: Assets/js
ERROR - 11/23/2017 03:41 am --> 404 Page Not Found: Assets/js
ERROR - 11/23/2017 03:41 am --> 404 Page Not Found: Assets/js
ERROR - 11/23/2017 03:41 am --> 404 Page Not Found: Images/photos
ERROR - 11/23/2017 03:41 am --> 404 Page Not Found: Assets/js
ERROR - 11/23/2017 03:41 am --> 404 Page Not Found: Assets/js
ERROR - 11/23/2017 03:41 am --> 404 Page Not Found: Assets/js
ERROR - 11/23/2017 03:41 am --> 404 Page Not Found: Images/loading_spinner.gif
ERROR - 11/23/2017 03:41 am --> 404 Page Not Found: Assets/js
ERROR - 11/23/2017 03:41 am --> 404 Page Not Found: Assets/js
ERROR - 11/23/2017 03:41 am --> 404 Page Not Found: Assets/js
ERROR - 11/23/2017 03:41 am --> 404 Page Not Found: Images/photos
ERROR - 11/23/2017 03:41 am --> 404 Page Not Found: Assets/js
ERROR - 11/23/2017 03:41 am --> 404 Page Not Found: Assets/js
ERROR - 11/23/2017 03:41 am --> 404 Page Not Found: Assets/js
ERROR - 11/23/2017 03:41 am --> 404 Page Not Found: Images/loading_spinner.gif
ERROR - 11/23/2017 03:41 am --> 404 Page Not Found: Assets/js
ERROR - 11/23/2017 03:41 am --> 404 Page Not Found: Assets/js
ERROR - 11/23/2017 03:41 am --> 404 Page Not Found: Assets/js
ERROR - 11/23/2017 04:01 am --> 404 Page Not Found: Assets/js
ERROR - 11/23/2017 04:01 am --> 404 Page Not Found: Images/photos
ERROR - 11/23/2017 04:01 am --> 404 Page Not Found: Images/loading_spinner.gif
ERROR - 11/23/2017 04:01 am --> 404 Page Not Found: Assets/js
ERROR - 11/23/2017 04:01 am --> 404 Page Not Found: Assets/js
ERROR - 11/23/2017 04:01 am --> 404 Page Not Found: Assets/js
ERROR - 11/23/2017 04:01 am --> 404 Page Not Found: Assets/js
ERROR - 11/23/2017 04:01 am --> 404 Page Not Found: Assets/js
ERROR - 11/23/2017 04:01 am --> 404 Page Not Found: Images/photos
ERROR - 11/23/2017 04:01 am --> 404 Page Not Found: Assets/js
ERROR - 11/23/2017 04:01 am --> 404 Page Not Found: Assets/js
ERROR - 11/23/2017 04:01 am --> 404 Page Not Found: Images/loading_spinner.gif
ERROR - 11/23/2017 04:01 am --> 404 Page Not Found: Assets/js
ERROR - 11/23/2017 04:01 am --> 404 Page Not Found: Assets/js
ERROR - 11/23/2017 04:01 am --> 404 Page Not Found: Assets/js
ERROR - 11/23/2017 04:01 am --> 404 Page Not Found: Assets/js
ERROR - 11/23/2017 04:01 am --> 404 Page Not Found: Assets/js
ERROR - 11/23/2017 04:01 am --> 404 Page Not Found: Assets/js
ERROR - 11/23/2017 04:01 am --> 404 Page Not Found: Assets/js
ERROR - 11/23/2017 04:01 am --> 404 Page Not Found: Images/photos
ERROR - 11/23/2017 04:01 am --> 404 Page Not Found: Assets/js
ERROR - 11/23/2017 04:01 am --> 404 Page Not Found: Images/loading_spinner.gif
ERROR - 11/23/2017 04:01 am --> 404 Page Not Found: Assets/js
ERROR - 11/23/2017 04:01 am --> 404 Page Not Found: Assets/js
ERROR - 11/23/2017 04:01 am --> 404 Page Not Found: Assets/js
ERROR - 11/23/2017 04:01 am --> 404 Page Not Found: Images/photos
ERROR - 11/23/2017 04:01 am --> 404 Page Not Found: Assets/js
ERROR - 11/23/2017 04:01 am --> 404 Page Not Found: Assets/js
ERROR - 11/23/2017 04:01 am --> 404 Page Not Found: Assets/js
ERROR - 11/23/2017 04:01 am --> 404 Page Not Found: Images/loading_spinner.gif
ERROR - 11/23/2017 04:01 am --> 404 Page Not Found: Assets/js
ERROR - 11/23/2017 04:01 am --> 404 Page Not Found: Images/photos
ERROR - 11/23/2017 04:01 am --> 404 Page Not Found: Images/photos
ERROR - 11/23/2017 04:01 am --> 404 Page Not Found: Assets/js
ERROR - 11/23/2017 04:01 am --> 404 Page Not Found: Assets/js
ERROR - 11/23/2017 04:01 am --> 404 Page Not Found: Assets/js
ERROR - 11/23/2017 04:01 am --> 404 Page Not Found: Assets/js
ERROR - 11/23/2017 04:01 am --> 404 Page Not Found: Images/loading_spinner.gif
ERROR - 11/23/2017 04:01 am --> 404 Page Not Found: Assets/js
ERROR - 11/23/2017 04:01 am --> 404 Page Not Found: Assets/js
ERROR - 11/23/2017 04:01 am --> 404 Page Not Found: Assets/js
ERROR - 11/23/2017 04:01 am --> 404 Page Not Found: Assets/js
ERROR - 11/23/2017 04:01 am --> 404 Page Not Found: Images/photos
ERROR - 11/23/2017 04:02 am --> 404 Page Not Found: Assets/js
ERROR - 11/23/2017 04:02 am --> 404 Page Not Found: Images/photos
ERROR - 11/23/2017 04:02 am --> 404 Page Not Found: Assets/js
ERROR - 11/23/2017 04:02 am --> 404 Page Not Found: Assets/js
ERROR - 11/23/2017 04:02 am --> 404 Page Not Found: Assets/js
ERROR - 11/23/2017 04:02 am --> 404 Page Not Found: Images/loading_spinner.gif
ERROR - 11/23/2017 04:02 am --> 404 Page Not Found: Assets/js
ERROR - 11/23/2017 04:02 am --> 404 Page Not Found: Assets/js
ERROR - 11/23/2017 04:02 am --> 404 Page Not Found: Assets/js
ERROR - 11/23/2017 04:02 am --> 404 Page Not Found: Images/photos
ERROR - 11/23/2017 04:02 am --> 404 Page Not Found: Assets/js
ERROR - 11/23/2017 04:02 am --> 404 Page Not Found: Assets/js
ERROR - 11/23/2017 04:02 am --> 404 Page Not Found: Assets/js
ERROR - 11/23/2017 04:02 am --> 404 Page Not Found: Images/loading_spinner.gif
ERROR - 11/23/2017 04:02 am --> 404 Page Not Found: Assets/js
ERROR - 11/23/2017 04:02 am --> 404 Page Not Found: Assets/js
ERROR - 11/23/2017 04:02 am --> 404 Page Not Found: Assets/js
ERROR - 11/23/2017 04:02 am --> 404 Page Not Found: Assets/js
ERROR - 11/23/2017 04:02 am --> 404 Page Not Found: Images/photos
ERROR - 11/23/2017 04:02 am --> 404 Page Not Found: Assets/js
ERROR - 11/23/2017 04:02 am --> 404 Page Not Found: Assets/js
ERROR - 11/23/2017 04:02 am --> 404 Page Not Found: Assets/js
ERROR - 11/23/2017 04:02 am --> 404 Page Not Found: Images/loading_spinner.gif
ERROR - 11/23/2017 04:02 am --> 404 Page Not Found: Assets/js
ERROR - 11/23/2017 04:02 am --> 404 Page Not Found: Assets/js
ERROR - 11/23/2017 04:02 am --> 404 Page Not Found: Assets/js
ERROR - 11/23/2017 04:02 am --> 404 Page Not Found: Images/photos
ERROR - 11/23/2017 04:05 am --> 404 Page Not Found: Assets/js
ERROR - 11/23/2017 04:05 am --> 404 Page Not Found: Images/photos
ERROR - 11/23/2017 04:05 am --> 404 Page Not Found: Images/loading_spinner.gif
ERROR - 11/23/2017 04:05 am --> 404 Page Not Found: Assets/js
ERROR - 11/23/2017 04:05 am --> 404 Page Not Found: Assets/js
ERROR - 11/23/2017 04:05 am --> 404 Page Not Found: Assets/js
ERROR - 11/23/2017 04:05 am --> 404 Page Not Found: Assets/js
ERROR - 11/23/2017 04:05 am --> 404 Page Not Found: Assets/js
ERROR - 11/23/2017 04:05 am --> 404 Page Not Found: Assets/js
ERROR - 11/23/2017 04:05 am --> 404 Page Not Found: Images/photos
ERROR - 11/23/2017 04:09 am --> 404 Page Not Found: Assets/js
ERROR - 11/23/2017 04:09 am --> 404 Page Not Found: Images/photos
ERROR - 11/23/2017 04:09 am --> 404 Page Not Found: Images/loading_spinner.gif
ERROR - 11/23/2017 04:09 am --> 404 Page Not Found: Assets/js
ERROR - 11/23/2017 04:09 am --> 404 Page Not Found: Assets/js
ERROR - 11/23/2017 04:09 am --> 404 Page Not Found: Assets/js
ERROR - 11/23/2017 04:09 am --> 404 Page Not Found: Assets/js
ERROR - 11/23/2017 04:09 am --> 404 Page Not Found: Assets/js
ERROR - 11/23/2017 04:09 am --> 404 Page Not Found: Assets/js
ERROR - 11/23/2017 04:09 am --> 404 Page Not Found: Assets/js
ERROR - 11/23/2017 04:09 am --> 404 Page Not Found: Images/photos
ERROR - 11/23/2017 04:11 am --> 404 Page Not Found: Assets/js
ERROR - 11/23/2017 04:11 am --> 404 Page Not Found: Images/photos
ERROR - 11/23/2017 04:11 am --> 404 Page Not Found: Assets/js
ERROR - 11/23/2017 04:11 am --> 404 Page Not Found: Assets/js
ERROR - 11/23/2017 04:11 am --> 404 Page Not Found: Assets/js
ERROR - 11/23/2017 04:11 am --> 404 Page Not Found: Assets/js
ERROR - 11/23/2017 04:11 am --> 404 Page Not Found: Images/loading_spinner.gif
ERROR - 11/23/2017 04:11 am --> 404 Page Not Found: Assets/js
ERROR - 11/23/2017 04:11 am --> 404 Page Not Found: Assets/js
ERROR - 11/23/2017 04:11 am --> 404 Page Not Found: Assets/js
ERROR - 11/23/2017 04:11 am --> 404 Page Not Found: Assets/js
ERROR - 11/23/2017 04:11 am --> 404 Page Not Found: Assets/js
ERROR - 11/23/2017 04:11 am --> 404 Page Not Found: Images/photos
ERROR - 11/23/2017 04:11 am --> 404 Page Not Found: Assets/js
ERROR - 11/23/2017 04:12 am --> 404 Page Not Found: Assets/js
ERROR - 11/23/2017 04:12 am --> 404 Page Not Found: Images/photos
ERROR - 11/23/2017 04:12 am --> 404 Page Not Found: Images/loading_spinner.gif
ERROR - 11/23/2017 04:12 am --> 404 Page Not Found: Assets/js
ERROR - 11/23/2017 04:12 am --> 404 Page Not Found: Assets/js
ERROR - 11/23/2017 04:12 am --> 404 Page Not Found: Assets/js
ERROR - 11/23/2017 04:12 am --> 404 Page Not Found: Assets/js
ERROR - 11/23/2017 04:12 am --> 404 Page Not Found: Assets/js
ERROR - 11/23/2017 04:12 am --> 404 Page Not Found: Assets/js
ERROR - 11/23/2017 04:12 am --> 404 Page Not Found: Assets/js
ERROR - 11/23/2017 04:12 am --> 404 Page Not Found: Images/photos
ERROR - 11/23/2017 04:12 am --> 404 Page Not Found: Assets/js
ERROR - 11/23/2017 04:12 am --> 404 Page Not Found: Images/photos
ERROR - 11/23/2017 04:12 am --> 404 Page Not Found: Assets/js
ERROR - 11/23/2017 04:12 am --> 404 Page Not Found: Assets/js
ERROR - 11/23/2017 04:45 am --> 404 Page Not Found: Assets/js
ERROR - 11/23/2017 04:45 am --> 404 Page Not Found: Images/photos
ERROR - 11/23/2017 04:45 am --> 404 Page Not Found: Assets/js
ERROR - 11/23/2017 04:45 am --> 404 Page Not Found: Assets/js
ERROR - 11/23/2017 04:45 am --> 404 Page Not Found: Assets/js
ERROR - 11/23/2017 04:45 am --> 404 Page Not Found: Assets/js
ERROR - 11/23/2017 04:45 am --> 404 Page Not Found: Images/loading_spinner.gif
ERROR - 11/23/2017 04:45 am --> 404 Page Not Found: Assets/js
ERROR - 11/23/2017 04:45 am --> 404 Page Not Found: Assets/js
ERROR - 11/23/2017 04:45 am --> 404 Page Not Found: Assets/js
ERROR - 11/23/2017 04:45 am --> 404 Page Not Found: Assets/js
ERROR - 11/23/2017 04:45 am --> 404 Page Not Found: Assets/js
ERROR - 11/23/2017 04:45 am --> 404 Page Not Found: Assets/js
ERROR - 11/23/2017 04:45 am --> 404 Page Not Found: Images/photos
ERROR - 11/23/2017 04:46 am --> 404 Page Not Found: Assets/js
ERROR - 11/23/2017 04:46 am --> 404 Page Not Found: Images/photos
ERROR - 11/23/2017 04:46 am --> 404 Page Not Found: Images/loading_spinner.gif
ERROR - 11/23/2017 04:46 am --> 404 Page Not Found: Assets/js
ERROR - 11/23/2017 04:46 am --> 404 Page Not Found: Assets/js
ERROR - 11/23/2017 04:46 am --> 404 Page Not Found: Assets/js
ERROR - 11/23/2017 04:46 am --> 404 Page Not Found: Assets/js
ERROR - 11/23/2017 04:46 am --> 404 Page Not Found: Assets/js
ERROR - 11/23/2017 04:46 am --> 404 Page Not Found: Images/photos
ERROR - 11/23/2017 04:47 am --> 404 Page Not Found: Assets/js
ERROR - 11/23/2017 04:47 am --> 404 Page Not Found: Images/photos
ERROR - 11/23/2017 04:47 am --> 404 Page Not Found: Images/loading_spinner.gif
ERROR - 11/23/2017 04:47 am --> 404 Page Not Found: Assets/js
ERROR - 11/23/2017 04:47 am --> 404 Page Not Found: Assets/js
ERROR - 11/23/2017 04:47 am --> 404 Page Not Found: Assets/js
ERROR - 11/23/2017 04:47 am --> 404 Page Not Found: Assets/js
ERROR - 11/23/2017 04:47 am --> 404 Page Not Found: Assets/js
ERROR - 11/23/2017 04:47 am --> 404 Page Not Found: Assets/js
ERROR - 11/23/2017 04:49 am --> 404 Page Not Found: Assets/js
ERROR - 11/23/2017 04:49 am --> 404 Page Not Found: Images/photos
ERROR - 11/23/2017 04:49 am --> 404 Page Not Found: Js/advanced-datatable
ERROR - 11/23/2017 04:49 am --> 404 Page Not Found: Js/advanced-datatable
ERROR - 11/23/2017 04:49 am --> 404 Page Not Found: Js/advanced-datatable
ERROR - 11/23/2017 04:49 am --> 404 Page Not Found: Js/dynamic_table_init.js
ERROR - 11/23/2017 04:49 am --> 404 Page Not Found: Js/jquery.dataTables.min.js
ERROR - 11/23/2017 04:49 am --> 404 Page Not Found: Assets/js
ERROR - 11/23/2017 04:49 am --> 404 Page Not Found: Images/photos
ERROR - 11/23/2017 04:50 am --> 404 Page Not Found: Assets/front
ERROR - 11/23/2017 04:50 am --> 404 Page Not Found: front/Service/badroom_plan
ERROR - 11/23/2017 04:52 am --> 404 Page Not Found: front/Service/badroom_plan
ERROR - 11/23/2017 04:52 am --> 404 Page Not Found: front/Service/badroom_plan
ERROR - 11/23/2017 04:52 am --> 404 Page Not Found: front/Service/badroom_plan
ERROR - 11/23/2017 04:52 am --> 404 Page Not Found: Assets/front
ERROR - 11/23/2017 04:52 am --> 404 Page Not Found: Assets/front
ERROR - 11/23/2017 04:52 am --> 404 Page Not Found: Assets/front
ERROR - 11/23/2017 04:52 am --> 404 Page Not Found: Assets/front
ERROR - 11/23/2017 04:52 am --> 404 Page Not Found: Assets/front
ERROR - 11/23/2017 04:54 am --> 404 Page Not Found: Assets/js
ERROR - 11/23/2017 04:54 am --> 404 Page Not Found: Js/advanced-datatable
ERROR - 11/23/2017 04:54 am --> 404 Page Not Found: Js/advanced-datatable
ERROR - 11/23/2017 04:54 am --> 404 Page Not Found: Images/photos
ERROR - 11/23/2017 04:54 am --> 404 Page Not Found: Js/advanced-datatable
ERROR - 11/23/2017 04:54 am --> 404 Page Not Found: Js/jquery.dataTables.min.js
ERROR - 11/23/2017 04:54 am --> 404 Page Not Found: Js/dynamic_table_init.js
ERROR - 11/23/2017 04:54 am --> 404 Page Not Found: Js/advanced-datatable
ERROR - 11/23/2017 04:54 am --> 404 Page Not Found: Js/dynamic_table_init.js
ERROR - 11/23/2017 04:54 am --> 404 Page Not Found: Js/jquery.dataTables.min.js
ERROR - 11/23/2017 04:54 am --> 404 Page Not Found: Js/dynamic_table_init.js
ERROR - 11/23/2017 04:54 am --> 404 Page Not Found: Assets/js
ERROR - 11/23/2017 04:54 am --> 404 Page Not Found: Images/photos
ERROR - 11/23/2017 04:54 am --> 404 Page Not Found: Assets/front
ERROR - 11/23/2017 04:55 am --> 404 Page Not Found: front/Service/badroom_plan
ERROR - 11/23/2017 04:58 am --> 404 Page Not Found: Assets/front
ERROR - 11/23/2017 04:58 am --> 404 Page Not Found: Assets/front
ERROR - 11/23/2017 04:58 am --> 404 Page Not Found: Assets/front
ERROR - 11/23/2017 04:58 am --> 404 Page Not Found: Images/photos
ERROR - 11/23/2017 04:58 am --> 404 Page Not Found: Assets/js
ERROR - 11/23/2017 04:58 am --> 404 Page Not Found: Js/advanced-datatable
ERROR - 11/23/2017 04:58 am --> 404 Page Not Found: Js/advanced-datatable
ERROR - 11/23/2017 04:58 am --> 404 Page Not Found: Assets/js
ERROR - 11/23/2017 04:58 am --> 404 Page Not Found: Js/advanced-datatable
ERROR - 11/23/2017 04:58 am --> 404 Page Not Found: Js/dynamic_table_init.js
ERROR - 11/23/2017 04:58 am --> 404 Page Not Found: Js/jquery.dataTables.min.js
ERROR - 11/23/2017 04:58 am --> 404 Page Not Found: Js/advanced-datatable
ERROR - 11/23/2017 04:58 am --> 404 Page Not Found: Js/advanced-datatable
ERROR - 11/23/2017 04:58 am --> 404 Page Not Found: Js/advanced-datatable
ERROR - 11/23/2017 04:58 am --> 404 Page Not Found: Js/dynamic_table_init.js
ERROR - 11/23/2017 04:58 am --> 404 Page Not Found: Js/jquery.dataTables.min.js
ERROR - 11/23/2017 04:58 am --> 404 Page Not Found: Js/dynamic_table_init.js
ERROR - 11/23/2017 04:58 am --> 404 Page Not Found: Assets/front
ERROR - 11/23/2017 04:59 am --> 404 Page Not Found: Assets/front
ERROR - 11/23/2017 04:59 am --> 404 Page Not Found: Assets/front
ERROR - 11/23/2017 04:59 am --> 404 Page Not Found: Assets/front
ERROR - 11/23/2017 04:59 am --> 404 Page Not Found: Assets/front
ERROR - 11/23/2017 04:59 am --> 404 Page Not Found: Assets/front
ERROR - 11/23/2017 04:59 am --> 404 Page Not Found: Assets/front
ERROR - 11/23/2017 04:59 am --> 404 Page Not Found: Assets/front
ERROR - 11/23/2017 05:00 am --> 404 Page Not Found: Images/photos
ERROR - 11/23/2017 05:00 am --> 404 Page Not Found: Assets/js
ERROR - 11/23/2017 05:00 am --> 404 Page Not Found: Assets/js
ERROR - 11/23/2017 05:03 am --> 404 Page Not Found: Assets/js
ERROR - 11/23/2017 05:03 am --> 404 Page Not Found: Images/photos
ERROR - 11/23/2017 05:03 am --> 404 Page Not Found: Js/advanced-datatable
ERROR - 11/23/2017 05:03 am --> 404 Page Not Found: Js/advanced-datatable
ERROR - 11/23/2017 05:03 am --> 404 Page Not Found: Assets/js
ERROR - 11/23/2017 05:03 am --> 404 Page Not Found: Js/advanced-datatable
ERROR - 11/23/2017 05:03 am --> 404 Page Not Found: Js/dynamic_table_init.js
ERROR - 11/23/2017 05:03 am --> 404 Page Not Found: Js/jquery.dataTables.min.js
ERROR - 11/23/2017 05:03 am --> 404 Page Not Found: Js/advanced-datatable
ERROR - 11/23/2017 05:03 am --> 404 Page Not Found: Js/advanced-datatable
ERROR - 11/23/2017 05:03 am --> 404 Page Not Found: Js/dynamic_table_init.js
ERROR - 11/23/2017 05:03 am --> 404 Page Not Found: Js/jquery.dataTables.min.js
ERROR - 11/23/2017 05:03 am --> 404 Page Not Found: Js/dynamic_table_init.js
ERROR - 11/23/2017 05:03 am --> 404 Page Not Found: Assets/js
ERROR - 11/23/2017 05:03 am --> 404 Page Not Found: Images/photos
ERROR - 11/23/2017 05:03 am --> 404 Page Not Found: Assets/js
ERROR - 11/23/2017 05:09 am --> 404 Page Not Found: Assets/js
ERROR - 11/23/2017 05:09 am --> 404 Page Not Found: Images/photos
ERROR - 11/23/2017 05:09 am --> 404 Page Not Found: Js/advanced-datatable
ERROR - 11/23/2017 05:09 am --> 404 Page Not Found: Js/advanced-datatable
ERROR - 11/23/2017 05:09 am --> 404 Page Not Found: Assets/js
ERROR - 11/23/2017 05:09 am --> 404 Page Not Found: Js/advanced-datatable
ERROR - 11/23/2017 05:09 am --> 404 Page Not Found: Js/dynamic_table_init.js
ERROR - 11/23/2017 05:09 am --> 404 Page Not Found: Js/advanced-datatable
ERROR - 11/23/2017 05:09 am --> 404 Page Not Found: Js/advanced-datatable
ERROR - 11/23/2017 05:09 am --> 404 Page Not Found: Js/jquery.dataTables.min.js
ERROR - 11/23/2017 05:09 am --> 404 Page Not Found: Js/dynamic_table_init.js
ERROR - 11/23/2017 05:09 am --> 404 Page Not Found: Assets/front
ERROR - 11/23/2017 05:09 am --> 404 Page Not Found: front/Service/badroom_plan
ERROR - 11/23/2017 05:09 am --> 404 Page Not Found: front/Service/badroom_plan
ERROR - 11/23/2017 05:09 am --> 404 Page Not Found: front/Service/badroom_plan
ERROR - 11/23/2017 05:10 am --> 404 Page Not Found: front/Service/badroom_plan
ERROR - 11/23/2017 05:10 am --> 404 Page Not Found: front/Service/badroom_plan
ERROR - 11/23/2017 05:10 am --> 404 Page Not Found: Assets/front
ERROR - 11/23/2017 05:10 am --> 404 Page Not Found: Assets/front
ERROR - 11/23/2017 05:10 am --> 404 Page Not Found: Assets/front
ERROR - 11/23/2017 05:10 am --> 404 Page Not Found: Assets/front
ERROR - 11/23/2017 05:10 am --> 404 Page Not Found: Assets/front
ERROR - 11/23/2017 05:22 am --> 404 Page Not Found: Assets/js
ERROR - 11/23/2017 05:22 am --> 404 Page Not Found: Images/photos
ERROR - 11/23/2017 05:22 am --> 404 Page Not Found: Assets/js
ERROR - 11/23/2017 05:23 am --> 404 Page Not Found: Images/photos
ERROR - 11/23/2017 05:23 am --> 404 Page Not Found: Assets/js
ERROR - 11/23/2017 05:23 am --> 404 Page Not Found: Js/advanced-datatable
ERROR - 11/23/2017 05:23 am --> 404 Page Not Found: Js/advanced-datatable
ERROR - 11/23/2017 05:23 am --> 404 Page Not Found: Assets/js
ERROR - 11/23/2017 05:23 am --> 404 Page Not Found: Js/advanced-datatable
ERROR - 11/23/2017 05:23 am --> 404 Page Not Found: Js/advanced-datatable
ERROR - 11/23/2017 05:23 am --> 404 Page Not Found: Js/advanced-datatable
ERROR - 11/23/2017 05:23 am --> 404 Page Not Found: Js/jquery.dataTables.min.js
ERROR - 11/23/2017 05:23 am --> 404 Page Not Found: Js/dynamic_table_init.js
ERROR - 11/23/2017 05:23 am --> 404 Page Not Found: Js/dynamic_table_init.js
ERROR - 11/23/2017 05:23 am --> 404 Page Not Found: Assets/front
ERROR - 11/23/2017 05:23 am --> 404 Page Not Found: front/Service/badroom_plan
ERROR - 11/23/2017 05:23 am --> 404 Page Not Found: front/Service/badroom_plan
ERROR - 11/23/2017 05:23 am --> 404 Page Not Found: front/Service/badroom_plan
ERROR - 11/23/2017 05:23 am --> 404 Page Not Found: front/Service/badroom_plan
ERROR - 11/23/2017 05:24 am --> 404 Page Not Found: Assets/front
ERROR - 11/23/2017 05:24 am --> 404 Page Not Found: Assets/front
ERROR - 11/23/2017 05:24 am --> 404 Page Not Found: Assets/front
ERROR - 11/23/2017 05:24 am --> 404 Page Not Found: Assets/front
ERROR - 11/23/2017 05:24 am --> 404 Page Not Found: Assets/front
ERROR - 11/23/2017 05:24 am --> 404 Page Not Found: Assets/front
ERROR - 11/23/2017 05:24 am --> 404 Page Not Found: Images/photos
ERROR - 11/23/2017 05:24 am --> 404 Page Not Found: Assets/js
ERROR - 11/23/2017 05:24 am --> 404 Page Not Found: Assets/js
ERROR - 11/23/2017 05:25 am --> 404 Page Not Found: Assets/js
ERROR - 11/23/2017 05:25 am --> 404 Page Not Found: Images/photos
ERROR - 11/23/2017 05:25 am --> 404 Page Not Found: Js/advanced-datatable
ERROR - 11/23/2017 05:25 am --> 404 Page Not Found: Js/advanced-datatable
ERROR - 11/23/2017 05:25 am --> 404 Page Not Found: Assets/js
ERROR - 11/23/2017 05:25 am --> 404 Page Not Found: Js/advanced-datatable
ERROR - 11/23/2017 05:25 am --> 404 Page Not Found: Js/advanced-datatable
ERROR - 11/23/2017 05:25 am --> 404 Page Not Found: Js/advanced-datatable
ERROR - 11/23/2017 05:25 am --> 404 Page Not Found: Js/dynamic_table_init.js
ERROR - 11/23/2017 05:25 am --> 404 Page Not Found: Js/jquery.dataTables.min.js
ERROR - 11/23/2017 05:25 am --> 404 Page Not Found: Js/dynamic_table_init.js
ERROR - 11/23/2017 05:25 am --> 404 Page Not Found: Assets/front
ERROR - 11/23/2017 05:25 am --> 404 Page Not Found: Assets/front
ERROR - 11/23/2017 05:25 am --> 404 Page Not Found: Assets/js
ERROR - 11/23/2017 05:25 am --> 404 Page Not Found: Images/photos
ERROR - 11/23/2017 05:26 am --> 404 Page Not Found: Images/photos
ERROR - 11/23/2017 05:26 am --> 404 Page Not Found: Assets/js
ERROR - 11/23/2017 05:26 am --> 404 Page Not Found: Js/advanced-datatable
ERROR - 11/23/2017 05:26 am --> 404 Page Not Found: Js/advanced-datatable
ERROR - 11/23/2017 05:26 am --> 404 Page Not Found: Assets/js
ERROR - 11/23/2017 05:26 am --> 404 Page Not Found: Js/advanced-datatable
ERROR - 11/23/2017 05:26 am --> 404 Page Not Found: Js/dynamic_table_init.js
ERROR - 11/23/2017 05:26 am --> 404 Page Not Found: Js/advanced-datatable
ERROR - 11/23/2017 05:26 am --> 404 Page Not Found: Js/advanced-datatable
ERROR - 11/23/2017 05:26 am --> 404 Page Not Found: Js/jquery.dataTables.min.js
ERROR - 11/23/2017 05:26 am --> 404 Page Not Found: Js/dynamic_table_init.js
ERROR - 11/23/2017 05:26 am --> 404 Page Not Found: Js/jquery.dataTables.min.js
ERROR - 11/23/2017 05:26 am --> 404 Page Not Found: Js/dynamic_table_init.js
ERROR - 11/23/2017 05:26 am --> 404 Page Not Found: Assets/front
ERROR - 11/23/2017 05:26 am --> 404 Page Not Found: Assets/js
ERROR - 11/23/2017 05:26 am --> 404 Page Not Found: Images/photos
ERROR - 11/23/2017 05:26 am --> 404 Page Not Found: Assets/js
ERROR - 11/23/2017 05:30 am --> 404 Page Not Found: Assets/js
ERROR - 11/23/2017 05:30 am --> 404 Page Not Found: Js/advanced-datatable
ERROR - 11/23/2017 05:30 am --> 404 Page Not Found: Js/jquery.dataTables.min.js
ERROR - 11/23/2017 05:30 am --> 404 Page Not Found: Js/dynamic_table_init.js
ERROR - 11/23/2017 05:30 am --> 404 Page Not Found: Images/photos
ERROR - 11/23/2017 05:30 am --> 404 Page Not Found: Assets/js
ERROR - 11/23/2017 05:04 pm --> Query error: Duplicate entry 'e167ce4a677305fa692f55fd9f48c1e8028b288d' for key 'PRIMARY' - Invalid query: INSERT INTO `ai_sessions` (`id`, `ip_address`, `timestamp`, `data`) VALUES ('e167ce4a677305fa692f55fd9f48c1e8028b288d', '27.57.171.220', 1511436863, '__ci_last_regenerate|i:1511436863;')
ERROR - 11/23/2017 05:04 pm --> Severity: Warning --> Unknown: Failed to write session data (user). Please verify that the current setting of session.save_path is correct (sessions) Unknown 0
ERROR - 11/23/2017 05:34 am --> 404 Page Not Found: Assets/js
ERROR - 11/23/2017 05:34 am --> 404 Page Not Found: Images/photos
ERROR - 11/23/2017 05:34 am --> 404 Page Not Found: Assets/js
ERROR - 11/23/2017 05:34 am --> 404 Page Not Found: Assets/js
ERROR - 11/23/2017 05:34 am --> 404 Page Not Found: Assets/js
ERROR - 11/23/2017 05:04 pm --> Query error: Duplicate entry 'e167ce4a677305fa692f55fd9f48c1e8028b288d' for key 'PRIMARY' - Invalid query: INSERT INTO `ai_sessions` (`id`, `ip_address`, `timestamp`, `data`) VALUES ('e167ce4a677305fa692f55fd9f48c1e8028b288d', '27.57.171.220', 1511436865, '__ci_last_regenerate|i:1511436865;')
ERROR - 11/23/2017 05:04 pm --> Severity: Warning --> Unknown: Failed to write session data (user). Please verify that the current setting of session.save_path is correct (sessions) Unknown 0
ERROR - 11/23/2017 05:34 am --> 404 Page Not Found: Js/advanced-datatable
ERROR - 11/23/2017 05:35 am --> 404 Page Not Found: Js/dynamic_table_init.js
ERROR - 11/23/2017 05:35 am --> 404 Page Not Found: Assets/js
ERROR - 11/23/2017 05:35 am --> 404 Page Not Found: Images/photos
ERROR - 11/23/2017 05:35 am --> 404 Page Not Found: Assets/js
ERROR - 11/23/2017 05:37 am --> 404 Page Not Found: Assets/js
ERROR - 11/23/2017 05:37 am --> 404 Page Not Found: Assets/js
ERROR - 11/23/2017 05:37 am --> 404 Page Not Found: Images/photos
ERROR - 11/23/2017 05:38 am --> 404 Page Not Found: Images/photos
ERROR - 11/23/2017 05:38 am --> 404 Page Not Found: Js/dynamic_table_init.js
ERROR - 11/23/2017 05:38 am --> 404 Page Not Found: Assets/js
ERROR - 11/23/2017 05:38 am --> 404 Page Not Found: Images/photos
ERROR - 11/23/2017 05:38 am --> 404 Page Not Found: Assets/js
ERROR - 11/23/2017 05:39 am --> 404 Page Not Found: Assets/js
ERROR - 11/23/2017 05:40 am --> 404 Page Not Found: Js/dynamic_table_init.js
ERROR - 11/23/2017 05:40 am --> 404 Page Not Found: Assets/js
ERROR - 11/23/2017 05:40 am --> 404 Page Not Found: Images/photos
ERROR - 11/23/2017 05:40 am --> 404 Page Not Found: Assets/js
ERROR - 11/23/2017 05:40 am --> 404 Page Not Found: Js/dynamic_table_init.js
ERROR - 11/23/2017 05:40 am --> 404 Page Not Found: Assets/js
ERROR - 11/23/2017 05:40 am --> 404 Page Not Found: Images/photos
ERROR - 11/23/2017 05:40 am --> 404 Page Not Found: Assets/js
ERROR - 11/23/2017 05:40 am --> 404 Page Not Found: Assets/js
ERROR - 11/23/2017 05:40 am --> 404 Page Not Found: Assets/js
ERROR - 11/23/2017 05:40 am --> 404 Page Not Found: Js/dynamic_table_init.js
ERROR - 11/23/2017 05:40 am --> 404 Page Not Found: Assets/js
ERROR - 11/23/2017 05:40 am --> 404 Page Not Found: Images/photos
ERROR - 11/23/2017 05:41 am --> 404 Page Not Found: Js/dynamic_table_init.js
ERROR - 11/23/2017 05:41 am --> 404 Page Not Found: Assets/js
ERROR - 11/23/2017 05:41 am --> 404 Page Not Found: Images/photos
ERROR - 11/23/2017 05:43 am --> 404 Page Not Found: Js/dynamic_table_init.js
ERROR - 11/23/2017 05:44 am --> 404 Page Not Found: Assets/js
ERROR - 11/23/2017 05:44 am --> 404 Page Not Found: Images/photos
ERROR - 11/23/2017 05:44 am --> 404 Page Not Found: Assets/js
ERROR - 11/23/2017 05:44 am --> 404 Page Not Found: Assets/front
ERROR - 11/23/2017 05:46 am --> 404 Page Not Found: Assets/js
ERROR - 11/23/2017 05:46 am --> 404 Page Not Found: Images/photos
ERROR - 11/23/2017 05:46 am --> 404 Page Not Found: Assets/js
ERROR - 11/23/2017 05:46 am --> 404 Page Not Found: Assets/js
ERROR - 11/23/2017 05:50 am --> 404 Page Not Found: Assets/js
ERROR - 11/23/2017 05:50 am --> 404 Page Not Found: Images/photos
ERROR - 11/23/2017 05:50 am --> 404 Page Not Found: Js/advanced-datatable
ERROR - 11/23/2017 05:50 am --> 404 Page Not Found: Js/advanced-datatable
ERROR - 11/23/2017 05:50 am --> 404 Page Not Found: Assets/js
ERROR - 11/23/2017 05:50 am --> 404 Page Not Found: Js/advanced-datatable
ERROR - 11/23/2017 05:50 am --> 404 Page Not Found: Js/dynamic_table_init.js
ERROR - 11/23/2017 05:50 am --> 404 Page Not Found: Js/jquery.dataTables.min.js
ERROR - 11/23/2017 05:50 am --> 404 Page Not Found: Js/advanced-datatable
ERROR - 11/23/2017 05:50 am --> 404 Page Not Found: Js/advanced-datatable
ERROR - 11/23/2017 05:50 am --> 404 Page Not Found: Js/dynamic_table_init.js
ERROR - 11/23/2017 05:50 am --> 404 Page Not Found: Js/jquery.dataTables.min.js
ERROR - 11/23/2017 05:50 am --> 404 Page Not Found: Js/dynamic_table_init.js
ERROR - 11/23/2017 05:50 am --> 404 Page Not Found: Assets/front
ERROR - 11/23/2017 05:50 am --> 404 Page Not Found: Assets/js
ERROR - 11/23/2017 05:50 am --> 404 Page Not Found: Images/photos
ERROR - 11/23/2017 05:50 am --> 404 Page Not Found: Assets/js
ERROR - 11/23/2017 05:51 am --> 404 Page Not Found: Images/photos
ERROR - 11/23/2017 05:51 am --> 404 Page Not Found: Assets/js
ERROR - 11/23/2017 05:51 am --> 404 Page Not Found: Js/advanced-datatable
ERROR - 11/23/2017 05:51 am --> 404 Page Not Found: Js/advanced-datatable
ERROR - 11/23/2017 05:51 am --> 404 Page Not Found: Assets/js
ERROR - 11/23/2017 05:51 am --> 404 Page Not Found: Js/advanced-datatable
ERROR - 11/23/2017 05:51 am --> 404 Page Not Found: Js/dynamic_table_init.js
ERROR - 11/23/2017 05:51 am --> 404 Page Not Found: Js/jquery.dataTables.min.js
ERROR - 11/23/2017 05:51 am --> 404 Page Not Found: Js/advanced-datatable
ERROR - 11/23/2017 05:51 am --> 404 Page Not Found: Js/advanced-datatable
ERROR - 11/23/2017 05:51 am --> 404 Page Not Found: Js/dynamic_table_init.js
ERROR - 11/23/2017 05:51 am --> 404 Page Not Found: Js/jquery.dataTables.min.js
ERROR - 11/23/2017 05:51 am --> 404 Page Not Found: Js/dynamic_table_init.js
ERROR - 11/23/2017 05:51 am --> 404 Page Not Found: Assets/front
ERROR - 11/23/2017 05:51 am --> 404 Page Not Found: front/Service/badroom_plan
ERROR - 11/23/2017 05:51 am --> 404 Page Not Found: front/Service/badroom_plan
ERROR - 11/23/2017 05:51 am --> 404 Page Not Found: Assets/front
ERROR - 11/23/2017 05:51 am --> 404 Page Not Found: Assets/front
ERROR - 11/23/2017 05:51 am --> 404 Page Not Found: Assets/front
ERROR - 11/23/2017 05:51 am --> 404 Page Not Found: Assets/front
ERROR - 11/23/2017 05:51 am --> 404 Page Not Found: Assets/front
ERROR - 11/23/2017 05:52 am --> 404 Page Not Found: Assets/js
ERROR - 11/23/2017 05:52 am --> 404 Page Not Found: Images/photos
ERROR - 11/23/2017 05:52 am --> 404 Page Not Found: Assets/js
ERROR - 11/23/2017 02:34 pm --> 404 Page Not Found: Assets/js
