ERROR - 01/05/2017 11:52 pm --> 404 Page Not Found: Assets/js
ERROR - 01/05/2017 11:52 pm --> 404 Page Not Found: Assets/js
ERROR - 01/05/2017 11:52 pm --> 404 Page Not Found: Assets/js
ERROR - 01/05/2017 11:52 pm --> 404 Page Not Found: Images/logo_admin.png
ERROR - 01/05/2017 11:52 pm --> 404 Page Not Found: Images/photos
ERROR - 01/05/2017 11:55 pm --> 404 Page Not Found: Assets/js
ERROR - 01/05/2017 11:55 pm --> 404 Page Not Found: Assets/js
ERROR - 01/05/2017 11:55 pm --> 404 Page Not Found: Assets/js
ERROR - 01/05/2017 11:55 pm --> 404 Page Not Found: Js/advanced-datatable
ERROR - 01/05/2017 11:55 pm --> 404 Page Not Found: Js/advanced-datatable
ERROR - 01/05/2017 11:55 pm --> 404 Page Not Found: Js/advanced-datatable
ERROR - 01/05/2017 11:55 pm --> 404 Page Not Found: Js/jquery.dataTables.min.js
ERROR - 01/05/2017 11:55 pm --> 404 Page Not Found: Js/dynamic_table_init.js
ERROR - 01/05/2017 11:55 pm --> 404 Page Not Found: Images/logo_admin.png
ERROR - 01/05/2017 11:55 pm --> 404 Page Not Found: Images/photos
ERROR - 01/05/2017 11:55 pm --> 404 Page Not Found: Js/jquery.dataTables.min.js
ERROR - 01/05/2017 11:55 pm --> 404 Page Not Found: Assets/img
ERROR - 01/05/2017 11:56 pm --> 404 Page Not Found: Assets/img
ERROR - 01/05/2017 11:56 pm --> 404 Page Not Found: Assets/js
ERROR - 01/05/2017 11:56 pm --> 404 Page Not Found: Assets/js
ERROR - 01/05/2017 11:56 pm --> 404 Page Not Found: Assets/js
ERROR - 01/05/2017 11:56 pm --> 404 Page Not Found: Images/photos
ERROR - 01/05/2017 11:56 pm --> 404 Page Not Found: Images/logo_admin.png
ERROR - 01/05/2017 11:56 pm --> 404 Page Not Found: Assets/js
ERROR - 01/05/2017 11:56 pm --> 404 Page Not Found: Assets/js
ERROR - 01/05/2017 11:56 pm --> 404 Page Not Found: Assets/js
ERROR - 01/05/2017 11:56 pm --> 404 Page Not Found: Images/logo_admin.png
ERROR - 01/05/2017 11:56 pm --> 404 Page Not Found: Images/photos
ERROR - 01/05/2017 11:59 pm --> 404 Page Not Found: Assets/js
ERROR - 01/05/2017 11:59 pm --> 404 Page Not Found: Assets/js
ERROR - 01/05/2017 11:59 pm --> 404 Page Not Found: Assets/js
ERROR - 01/05/2017 11:59 pm --> 404 Page Not Found: Assets/js
ERROR - 01/05/2017 11:59 pm --> 404 Page Not Found: Images/logo_admin.png
ERROR - 01/05/2017 11:59 pm --> 404 Page Not Found: Images/photos
ERROR - 01/05/2017 11:59 pm --> 404 Page Not Found: Assets/js
