ERROR - 01/13/2017 12:28 am --> 404 Page Not Found: Assets/js
ERROR - 01/13/2017 12:28 am --> 404 Page Not Found: Assets/js
ERROR - 01/13/2017 12:28 am --> 404 Page Not Found: Assets/js
ERROR - 01/13/2017 12:28 am --> 404 Page Not Found: Images/photos
ERROR - 01/13/2017 12:28 am --> 404 Page Not Found: Assets/js
ERROR - 01/13/2017 12:28 am --> 404 Page Not Found: Css/auto_select
ERROR - 01/13/2017 12:28 am --> 404 Page Not Found: Js/docsupport
ERROR - 01/13/2017 12:28 am --> 404 Page Not Found: Js/docsupport
ERROR - 01/13/2017 12:28 am --> 404 Page Not Found: Js/docsupport
ERROR - 01/13/2017 12:28 am --> 404 Page Not Found: Images/photos
ERROR - 01/13/2017 12:28 am --> 404 Page Not Found: Assets/js
ERROR - 01/13/2017 12:28 am --> 404 Page Not Found: Assets/js
ERROR - 01/13/2017 12:28 am --> 404 Page Not Found: Assets/js
ERROR - 01/13/2017 12:28 am --> 404 Page Not Found: Images/photos
ERROR - 01/13/2017 12:28 am --> 404 Page Not Found: Assets/js
ERROR - 01/13/2017 12:55 am --> 404 Page Not Found: Assets/js
ERROR - 01/13/2017 12:55 am --> 404 Page Not Found: Assets/js
ERROR - 01/13/2017 12:55 am --> 404 Page Not Found: Assets/js
ERROR - 01/13/2017 12:55 am --> 404 Page Not Found: Images/photos
ERROR - 01/13/2017 12:55 am --> 404 Page Not Found: Assets/js
ERROR - 01/13/2017 12:55 am --> 404 Page Not Found: Assets/js
ERROR - 01/13/2017 12:55 am --> 404 Page Not Found: Js/docsupport
ERROR - 01/13/2017 12:55 am --> 404 Page Not Found: Js/docsupport
ERROR - 01/13/2017 12:55 am --> 404 Page Not Found: Js/docsupport
ERROR - 01/13/2017 12:55 am --> 404 Page Not Found: Css/auto_select
ERROR - 01/13/2017 12:55 am --> 404 Page Not Found: Images/photos
ERROR - 01/13/2017 12:55 am --> 404 Page Not Found: Assets/Banner
ERROR - 01/13/2017 12:56 am --> 404 Page Not Found: Assets/js
ERROR - 01/13/2017 12:56 am --> 404 Page Not Found: Js/docsupport
ERROR - 01/13/2017 12:56 am --> 404 Page Not Found: Css/auto_select
ERROR - 01/13/2017 12:56 am --> 404 Page Not Found: Js/docsupport
ERROR - 01/13/2017 12:56 am --> 404 Page Not Found: Js/docsupport
ERROR - 01/13/2017 12:56 am --> 404 Page Not Found: Images/photos
ERROR - 01/13/2017 12:56 am --> 404 Page Not Found: Assets/Banner
ERROR - 01/13/2017 12:56 am --> 404 Page Not Found: Js/docsupport
ERROR - 01/13/2017 12:57 am --> 404 Page Not Found: Assets/js
ERROR - 01/13/2017 12:57 am --> 404 Page Not Found: Css/auto_select
ERROR - 01/13/2017 12:57 am --> 404 Page Not Found: Js/docsupport
ERROR - 01/13/2017 12:57 am --> 404 Page Not Found: Js/docsupport
ERROR - 01/13/2017 12:57 am --> 404 Page Not Found: Js/docsupport
ERROR - 01/13/2017 12:57 am --> 404 Page Not Found: Images/photos
ERROR - 01/13/2017 01:10 am --> 404 Page Not Found: Assets/js
ERROR - 01/13/2017 01:10 am --> 404 Page Not Found: Css/auto_select
ERROR - 01/13/2017 01:10 am --> 404 Page Not Found: Js/docsupport
ERROR - 01/13/2017 01:10 am --> 404 Page Not Found: Js/docsupport
ERROR - 01/13/2017 01:10 am --> 404 Page Not Found: Js/docsupport
ERROR - 01/13/2017 01:10 am --> 404 Page Not Found: Images/photos
ERROR - 01/13/2017 01:10 am --> 404 Page Not Found: Js/docsupport
ERROR - 01/13/2017 01:10 am --> 404 Page Not Found: Assets/js
ERROR - 01/13/2017 01:10 am --> 404 Page Not Found: Assets/js
ERROR - 01/13/2017 01:10 am --> 404 Page Not Found: Assets/js
ERROR - 01/13/2017 01:10 am --> 404 Page Not Found: Images/photos
ERROR - 01/13/2017 01:10 am --> 404 Page Not Found: Assets/js
ERROR - 01/13/2017 01:10 am --> 404 Page Not Found: Assets/js
ERROR - 01/13/2017 01:10 am --> 404 Page Not Found: Css/auto_select
ERROR - 01/13/2017 01:10 am --> 404 Page Not Found: Js/docsupport
ERROR - 01/13/2017 01:10 am --> 404 Page Not Found: Js/docsupport
ERROR - 01/13/2017 01:10 am --> 404 Page Not Found: Js/docsupport
ERROR - 01/13/2017 01:10 am --> 404 Page Not Found: Images/photos
ERROR - 01/13/2017 01:11 am --> 404 Page Not Found: Assets/js
ERROR - 01/13/2017 01:11 am --> 404 Page Not Found: Assets/js
ERROR - 01/13/2017 01:11 am --> 404 Page Not Found: Assets/js
ERROR - 01/13/2017 01:11 am --> 404 Page Not Found: Images/photos
ERROR - 01/13/2017 01:11 am --> 404 Page Not Found: Assets/js
ERROR - 01/13/2017 01:11 am --> 404 Page Not Found: Css/auto_select
ERROR - 01/13/2017 01:11 am --> 404 Page Not Found: Js/docsupport
ERROR - 01/13/2017 01:11 am --> 404 Page Not Found: Js/docsupport
ERROR - 01/13/2017 01:11 am --> 404 Page Not Found: Js/docsupport
ERROR - 01/13/2017 01:11 am --> 404 Page Not Found: Images/photos
ERROR - 01/13/2017 01:12 am --> 404 Page Not Found: Assets/js
ERROR - 01/13/2017 01:12 am --> 404 Page Not Found: Assets/js
ERROR - 01/13/2017 01:12 am --> 404 Page Not Found: Assets/js
ERROR - 01/13/2017 01:12 am --> 404 Page Not Found: Images/photos
ERROR - 01/13/2017 01:12 am --> 404 Page Not Found: Css/auto_select
ERROR - 01/13/2017 01:12 am --> 404 Page Not Found: Assets/js
ERROR - 01/13/2017 01:12 am --> 404 Page Not Found: Js/docsupport
ERROR - 01/13/2017 01:12 am --> 404 Page Not Found: Js/docsupport
ERROR - 01/13/2017 01:12 am --> 404 Page Not Found: Js/docsupport
ERROR - 01/13/2017 01:12 am --> 404 Page Not Found: Js/docsupport
ERROR - 01/13/2017 01:12 am --> 404 Page Not Found: Js/docsupport
ERROR - 01/13/2017 01:12 am --> 404 Page Not Found: Css/auto_select
ERROR - 01/13/2017 01:12 am --> 404 Page Not Found: Images/photos
ERROR - 01/13/2017 01:12 am --> 404 Page Not Found: Assets/js
ERROR - 01/13/2017 01:12 am --> 404 Page Not Found: Css/auto_select
ERROR - 01/13/2017 01:12 am --> 404 Page Not Found: Js/docsupport
ERROR - 01/13/2017 01:12 am --> 404 Page Not Found: Js/docsupport
ERROR - 01/13/2017 01:12 am --> 404 Page Not Found: Js/docsupport
ERROR - 01/13/2017 01:12 am --> 404 Page Not Found: Images/photos
ERROR - 01/13/2017 01:15 am --> 404 Page Not Found: Css/auto_select
ERROR - 01/13/2017 01:15 am --> 404 Page Not Found: Assets/js
ERROR - 01/13/2017 01:15 am --> 404 Page Not Found: Js/docsupport
ERROR - 01/13/2017 01:15 am --> 404 Page Not Found: Js/docsupport
ERROR - 01/13/2017 01:15 am --> 404 Page Not Found: Js/docsupport
ERROR - 01/13/2017 01:15 am --> 404 Page Not Found: Images/photos
ERROR - 01/13/2017 01:15 am --> 404 Page Not Found: Assets/js
ERROR - 01/13/2017 01:15 am --> 404 Page Not Found: Css/auto_select
ERROR - 01/13/2017 01:15 am --> 404 Page Not Found: Js/docsupport
ERROR - 01/13/2017 01:15 am --> 404 Page Not Found: Js/docsupport
ERROR - 01/13/2017 01:15 am --> 404 Page Not Found: Js/docsupport
ERROR - 01/13/2017 01:15 am --> 404 Page Not Found: Assets/js
ERROR - 01/13/2017 01:15 am --> 404 Page Not Found: Css/auto_select
ERROR - 01/13/2017 01:15 am --> 404 Page Not Found: Js/docsupport
ERROR - 01/13/2017 01:15 am --> 404 Page Not Found: Js/docsupport
ERROR - 01/13/2017 01:15 am --> 404 Page Not Found: Js/docsupport
ERROR - 01/13/2017 01:15 am --> 404 Page Not Found: Images/photos
ERROR - 01/13/2017 01:15 am --> 404 Page Not Found: Assets/js
ERROR - 01/13/2017 01:15 am --> 404 Page Not Found: Css/auto_select
ERROR - 01/13/2017 01:15 am --> 404 Page Not Found: Js/docsupport
ERROR - 01/13/2017 01:15 am --> 404 Page Not Found: Js/docsupport
ERROR - 01/13/2017 01:15 am --> 404 Page Not Found: Js/docsupport
ERROR - 01/13/2017 01:16 am --> 404 Page Not Found: Assets/js
ERROR - 01/13/2017 01:16 am --> 404 Page Not Found: Js/docsupport
ERROR - 01/13/2017 01:16 am --> 404 Page Not Found: Js/docsupport
ERROR - 01/13/2017 01:16 am --> 404 Page Not Found: Js/docsupport
ERROR - 01/13/2017 01:16 am --> 404 Page Not Found: Css/auto_select
ERROR - 01/13/2017 01:16 am --> 404 Page Not Found: Images/photos
ERROR - 01/13/2017 01:17 am --> 404 Page Not Found: Assets/js
ERROR - 01/13/2017 01:17 am --> 404 Page Not Found: Assets/js
ERROR - 01/13/2017 01:17 am --> 404 Page Not Found: Assets/js
ERROR - 01/13/2017 01:17 am --> 404 Page Not Found: Images/photos
ERROR - 01/13/2017 01:17 am --> 404 Page Not Found: Assets/js
ERROR - 01/13/2017 01:17 am --> 404 Page Not Found: Assets/js
ERROR - 01/13/2017 01:17 am --> 404 Page Not Found: Assets/js
ERROR - 01/13/2017 01:17 am --> 404 Page Not Found: Assets/js
ERROR - 01/13/2017 01:17 am --> 404 Page Not Found: Images/photos
ERROR - 01/13/2017 01:17 am --> 404 Page Not Found: Assets/js
ERROR - 01/13/2017 01:17 am --> 404 Page Not Found: Js/advanced-datatable
ERROR - 01/13/2017 01:17 am --> 404 Page Not Found: Js/jquery.dataTables.min.js
ERROR - 01/13/2017 01:17 am --> 404 Page Not Found: Js/advanced-datatable
ERROR - 01/13/2017 01:17 am --> 404 Page Not Found: Js/advanced-datatable
ERROR - 01/13/2017 01:17 am --> 404 Page Not Found: Js/dynamic_table_init.js
ERROR - 01/13/2017 01:17 am --> 404 Page Not Found: Images/photos
ERROR - 01/13/2017 01:17 am --> 404 Page Not Found: Js/jquery.dataTables.min.js
ERROR - 01/13/2017 01:22 am --> 404 Page Not Found: Assets/js
ERROR - 01/13/2017 01:22 am --> 404 Page Not Found: Js/advanced-datatable
ERROR - 01/13/2017 01:22 am --> 404 Page Not Found: Js/advanced-datatable
ERROR - 01/13/2017 01:22 am --> 404 Page Not Found: Js/advanced-datatable
ERROR - 01/13/2017 01:22 am --> 404 Page Not Found: Js/dynamic_table_init.js
ERROR - 01/13/2017 01:22 am --> 404 Page Not Found: Js/jquery.dataTables.min.js
ERROR - 01/13/2017 01:22 am --> 404 Page Not Found: Images/photos
ERROR - 01/13/2017 01:22 am --> 404 Page Not Found: Assets/js
ERROR - 01/13/2017 01:22 am --> 404 Page Not Found: Js/advanced-datatable
ERROR - 01/13/2017 01:22 am --> 404 Page Not Found: Js/dynamic_table_init.js
ERROR - 01/13/2017 01:22 am --> 404 Page Not Found: Js/jquery.dataTables.min.js
ERROR - 01/13/2017 01:22 am --> 404 Page Not Found: Js/advanced-datatable
ERROR - 01/13/2017 01:22 am --> 404 Page Not Found: Js/advanced-datatable
ERROR - 01/13/2017 01:22 am --> 404 Page Not Found: Images/photos
ERROR - 01/13/2017 01:22 am --> 404 Page Not Found: Js/dynamic_table_init.js
ERROR - 01/13/2017 01:22 am --> 404 Page Not Found: Js/jquery.dataTables.min.js
ERROR - 01/13/2017 12:52 pm --> Severity: Notice --> Undefined variable: rec /home2/carolhhp/public_html/democarol.com/services/application/views/admin/categories/add_categories.php 57
ERROR - 01/13/2017 12:52 pm --> Severity: Notice --> Trying to get property of non-object /home2/carolhhp/public_html/democarol.com/services/application/views/admin/categories/add_categories.php 57
ERROR - 01/13/2017 12:52 pm --> Severity: Notice --> Undefined variable: rec /home2/carolhhp/public_html/democarol.com/services/application/views/admin/categories/add_categories.php 57
ERROR - 01/13/2017 12:52 pm --> Severity: Notice --> Trying to get property of non-object /home2/carolhhp/public_html/democarol.com/services/application/views/admin/categories/add_categories.php 57
ERROR - 01/13/2017 12:52 pm --> Severity: Notice --> Undefined variable: rec /home2/carolhhp/public_html/democarol.com/services/application/views/admin/categories/add_categories.php 57
ERROR - 01/13/2017 12:52 pm --> Severity: Notice --> Trying to get property of non-object /home2/carolhhp/public_html/democarol.com/services/application/views/admin/categories/add_categories.php 57
ERROR - 01/13/2017 01:22 am --> 404 Page Not Found: Assets/js
ERROR - 01/13/2017 12:52 pm --> Severity: Notice --> Undefined variable: rec /home2/carolhhp/public_html/democarol.com/services/application/views/admin/categories/add_categories.php 57
ERROR - 01/13/2017 12:52 pm --> Severity: Notice --> Trying to get property of non-object /home2/carolhhp/public_html/democarol.com/services/application/views/admin/categories/add_categories.php 57
ERROR - 01/13/2017 12:52 pm --> Severity: Notice --> Undefined variable: rec /home2/carolhhp/public_html/democarol.com/services/application/views/admin/categories/add_categories.php 57
ERROR - 01/13/2017 12:52 pm --> Severity: Notice --> Trying to get property of non-object /home2/carolhhp/public_html/democarol.com/services/application/views/admin/categories/add_categories.php 57
ERROR - 01/13/2017 12:52 pm --> Severity: Notice --> Undefined variable: rec /home2/carolhhp/public_html/democarol.com/services/application/views/admin/categories/add_categories.php 57
ERROR - 01/13/2017 12:52 pm --> Severity: Notice --> Trying to get property of non-object /home2/carolhhp/public_html/democarol.com/services/application/views/admin/categories/add_categories.php 57
ERROR - 01/13/2017 01:22 am --> 404 Page Not Found: Images/photos
ERROR - 01/13/2017 01:23 am --> 404 Page Not Found: Assets/Banner
ERROR - 01/13/2017 01:23 am --> 404 Page Not Found: Assets/Banner
ERROR - 01/13/2017 01:23 am --> 404 Page Not Found: Img/coin.png
ERROR - 01/13/2017 01:23 am --> 404 Page Not Found: Assets/Banner
ERROR - 01/13/2017 01:43 am --> 404 Page Not Found: Img/lawn-mower.png
ERROR - 01/13/2017 01:43 am --> 404 Page Not Found: Img/logo.png
ERROR - 01/13/2017 01:43 am --> 404 Page Not Found: Img/tools.png
ERROR - 01/13/2017 01:43 am --> 404 Page Not Found: Img/vacuum-cleaner.png
ERROR - 01/13/2017 01:43 am --> 404 Page Not Found: Img/builder.png
ERROR - 01/13/2017 01:43 am --> 404 Page Not Found: Img/no-home-delivery.png
ERROR - 01/13/2017 01:43 am --> 404 Page Not Found: Img/waste-1.png
ERROR - 01/13/2017 01:43 am --> 404 Page Not Found: Assets/Banner
ERROR - 01/13/2017 01:43 am --> 404 Page Not Found: Img/pest-observation.png
ERROR - 01/13/2017 01:43 am --> 404 Page Not Found: Assets/Banner
ERROR - 01/13/2017 01:43 am --> 404 Page Not Found: Assets/Banner
ERROR - 01/13/2017 01:43 am --> 404 Page Not Found: Img/coin.png
ERROR - 01/13/2017 01:44 am --> 404 Page Not Found: Img/lawn-mower.png
ERROR - 01/13/2017 01:44 am --> 404 Page Not Found: Img/vacuum-cleaner.png
ERROR - 01/13/2017 01:44 am --> 404 Page Not Found: Img/tools.png
ERROR - 01/13/2017 01:44 am --> 404 Page Not Found: Img/builder.png
ERROR - 01/13/2017 01:44 am --> 404 Page Not Found: Img/no-home-delivery.png
ERROR - 01/13/2017 01:44 am --> 404 Page Not Found: Img/waste-1.png
ERROR - 01/13/2017 01:44 am --> 404 Page Not Found: Img/pest-observation.png
ERROR - 01/13/2017 01:44 am --> 404 Page Not Found: Assets/Banner
ERROR - 01/13/2017 01:44 am --> 404 Page Not Found: Assets/Banner
ERROR - 01/13/2017 01:44 am --> 404 Page Not Found: Assets/Banner
ERROR - 01/13/2017 01:44 am --> 404 Page Not Found: Img/coin.png
ERROR - 01/13/2017 01:46 am --> 404 Page Not Found: Img/lawn-mower.png
ERROR - 01/13/2017 01:46 am --> 404 Page Not Found: Img/vacuum-cleaner.png
ERROR - 01/13/2017 01:46 am --> 404 Page Not Found: Img/tools.png
ERROR - 01/13/2017 01:46 am --> 404 Page Not Found: Img/builder.png
ERROR - 01/13/2017 01:46 am --> 404 Page Not Found: Img/no-home-delivery.png
ERROR - 01/13/2017 01:46 am --> 404 Page Not Found: Img/waste-1.png
ERROR - 01/13/2017 01:46 am --> 404 Page Not Found: Img/pest-observation.png
ERROR - 01/13/2017 01:46 am --> 404 Page Not Found: Assets/Banner
ERROR - 01/13/2017 01:46 am --> 404 Page Not Found: Assets/Banner
ERROR - 01/13/2017 01:46 am --> 404 Page Not Found: Assets/Banner
ERROR - 01/13/2017 01:46 am --> 404 Page Not Found: Img/coin.png
ERROR - 01/13/2017 01:51 am --> 404 Page Not Found: Img/builder.png
ERROR - 01/13/2017 01:51 am --> 404 Page Not Found: Img/vacuum-cleaner.png
ERROR - 01/13/2017 01:51 am --> 404 Page Not Found: Img/pest-observation.png
ERROR - 01/13/2017 01:51 am --> 404 Page Not Found: Img/lawn-mower.png
ERROR - 01/13/2017 01:51 am --> 404 Page Not Found: Img/tools.png
ERROR - 01/13/2017 01:51 am --> 404 Page Not Found: Img/no-home-delivery.png
ERROR - 01/13/2017 01:51 am --> 404 Page Not Found: Img/waste-1.png
ERROR - 01/13/2017 01:51 am --> 404 Page Not Found: Assets/Banner
ERROR - 01/13/2017 01:51 am --> 404 Page Not Found: Assets/Banner
ERROR - 01/13/2017 01:51 am --> 404 Page Not Found: Assets/Banner
ERROR - 01/13/2017 01:51 am --> 404 Page Not Found: Img/coin.png
ERROR - 01/13/2017 01:55 am --> 404 Page Not Found: Assets/Banner
ERROR - 01/13/2017 01:55 am --> 404 Page Not Found: Assets/Banner
ERROR - 01/13/2017 01:55 am --> 404 Page Not Found: Assets/Banner
ERROR - 01/13/2017 01:55 am --> 404 Page Not Found: Img/coin.png
ERROR - 01/13/2017 01:56 am --> 404 Page Not Found: Assets/Banner
ERROR - 01/13/2017 01:56 am --> 404 Page Not Found: Assets/Banner
ERROR - 01/13/2017 01:56 am --> 404 Page Not Found: Assets/Banner
ERROR - 01/13/2017 01:56 am --> 404 Page Not Found: Img/coin.png
ERROR - 01/13/2017 01:58 am --> 404 Page Not Found: Assets/Banner
ERROR - 01/13/2017 01:58 am --> 404 Page Not Found: Assets/Banner
ERROR - 01/13/2017 01:58 am --> 404 Page Not Found: Assets/Banner
ERROR - 01/13/2017 01:58 am --> 404 Page Not Found: Img/coin.png
ERROR - 01/13/2017 03:01 pm --> Severity: Notice --> Undefined variable: rec /home2/carolhhp/public_html/democarol.com/services/application/views/admin/categories/add_categories.php 57
ERROR - 01/13/2017 03:01 pm --> Severity: Notice --> Trying to get property of non-object /home2/carolhhp/public_html/democarol.com/services/application/views/admin/categories/add_categories.php 57
ERROR - 01/13/2017 03:01 pm --> Severity: Notice --> Undefined variable: rec /home2/carolhhp/public_html/democarol.com/services/application/views/admin/categories/add_categories.php 57
ERROR - 01/13/2017 03:01 pm --> Severity: Notice --> Trying to get property of non-object /home2/carolhhp/public_html/democarol.com/services/application/views/admin/categories/add_categories.php 57
ERROR - 01/13/2017 03:01 pm --> Severity: Notice --> Undefined variable: rec /home2/carolhhp/public_html/democarol.com/services/application/views/admin/categories/add_categories.php 57
ERROR - 01/13/2017 03:01 pm --> Severity: Notice --> Trying to get property of non-object /home2/carolhhp/public_html/democarol.com/services/application/views/admin/categories/add_categories.php 57
ERROR - 01/13/2017 03:31 am --> 404 Page Not Found: Assets/js
ERROR - 01/13/2017 03:31 am --> 404 Page Not Found: Images/photos
ERROR - 01/13/2017 03:27 pm --> Severity: Notice --> Undefined variable: rec /home2/carolhhp/public_html/democarol.com/services/application/views/admin/categories/add_categories.php 57
ERROR - 01/13/2017 03:27 pm --> Severity: Notice --> Trying to get property of non-object /home2/carolhhp/public_html/democarol.com/services/application/views/admin/categories/add_categories.php 57
ERROR - 01/13/2017 03:27 pm --> Severity: Notice --> Undefined variable: rec /home2/carolhhp/public_html/democarol.com/services/application/views/admin/categories/add_categories.php 57
ERROR - 01/13/2017 03:27 pm --> Severity: Notice --> Trying to get property of non-object /home2/carolhhp/public_html/democarol.com/services/application/views/admin/categories/add_categories.php 57
ERROR - 01/13/2017 03:27 pm --> Severity: Notice --> Undefined variable: rec /home2/carolhhp/public_html/democarol.com/services/application/views/admin/categories/add_categories.php 57
ERROR - 01/13/2017 03:27 pm --> Severity: Notice --> Trying to get property of non-object /home2/carolhhp/public_html/democarol.com/services/application/views/admin/categories/add_categories.php 57
ERROR - 01/13/2017 03:57 am --> 404 Page Not Found: Assets/js
ERROR - 01/13/2017 03:57 am --> 404 Page Not Found: Images/photos
ERROR - 01/13/2017 03:57 am --> 404 Page Not Found: Assets/js
ERROR - 01/13/2017 03:57 am --> 404 Page Not Found: Assets/js
ERROR - 01/13/2017 03:57 am --> 404 Page Not Found: Assets/js
ERROR - 01/13/2017 03:57 am --> 404 Page Not Found: Assets/js
ERROR - 01/13/2017 03:57 am --> 404 Page Not Found: Js/docsupport
ERROR - 01/13/2017 03:57 am --> 404 Page Not Found: Css/auto_select
ERROR - 01/13/2017 03:57 am --> 404 Page Not Found: Js/docsupport
ERROR - 01/13/2017 03:57 am --> 404 Page Not Found: Js/docsupport
ERROR - 01/13/2017 03:57 am --> 404 Page Not Found: Images/photos
ERROR - 01/13/2017 03:58 am --> 404 Page Not Found: Assets/js
ERROR - 01/13/2017 03:58 am --> 404 Page Not Found: Assets/js
ERROR - 01/13/2017 03:58 am --> 404 Page Not Found: Assets/js
ERROR - 01/13/2017 03:58 am --> 404 Page Not Found: Images/photos
ERROR - 01/13/2017 03:58 am --> 404 Page Not Found: Assets/js
ERROR - 01/13/2017 03:58 am --> 404 Page Not Found: Assets/js
ERROR - 01/13/2017 03:58 am --> 404 Page Not Found: Js/docsupport
ERROR - 01/13/2017 03:58 am --> 404 Page Not Found: Js/docsupport
ERROR - 01/13/2017 03:58 am --> 404 Page Not Found: Css/auto_select
ERROR - 01/13/2017 03:58 am --> 404 Page Not Found: Js/docsupport
ERROR - 01/13/2017 03:58 am --> 404 Page Not Found: Images/photos
ERROR - 01/13/2017 03:59 am --> 404 Page Not Found: Assets/js
ERROR - 01/13/2017 03:59 am --> 404 Page Not Found: Assets/js
ERROR - 01/13/2017 03:59 am --> 404 Page Not Found: Assets/js
ERROR - 01/13/2017 03:59 am --> 404 Page Not Found: Images/photos
ERROR - 01/13/2017 03:59 am --> 404 Page Not Found: Assets/js
ERROR - 01/13/2017 03:59 am --> 404 Page Not Found: Assets/js
ERROR - 01/13/2017 03:59 am --> 404 Page Not Found: Assets/js
ERROR - 01/13/2017 03:59 am --> 404 Page Not Found: Assets/js
ERROR - 01/13/2017 03:59 am --> 404 Page Not Found: Images/photos
ERROR - 01/13/2017 03:59 am --> 404 Page Not Found: Assets/js
ERROR - 01/13/2017 03:59 am --> 404 Page Not Found: Assets/js
ERROR - 01/13/2017 03:59 am --> 404 Page Not Found: Assets/js
ERROR - 01/13/2017 03:59 am --> 404 Page Not Found: Images/photos
ERROR - 01/13/2017 04:02 am --> 404 Page Not Found: Assets/js
ERROR - 01/13/2017 04:02 am --> 404 Page Not Found: Assets/js
ERROR - 01/13/2017 04:02 am --> 404 Page Not Found: Assets/js
ERROR - 01/13/2017 04:02 am --> 404 Page Not Found: Images/photos
ERROR - 01/13/2017 04:02 am --> 404 Page Not Found: Assets/js
ERROR - 01/13/2017 04:02 am --> 404 Page Not Found: Assets/js
ERROR - 01/13/2017 04:02 am --> 404 Page Not Found: Assets/js
ERROR - 01/13/2017 04:12 am --> 404 Page Not Found: Assets/baner
ERROR - 01/13/2017 04:12 am --> 404 Page Not Found: Assets/baner
ERROR - 01/13/2017 04:12 am --> 404 Page Not Found: Assets/baner
ERROR - 01/13/2017 04:14 am --> 404 Page Not Found: Assets/baner
ERROR - 01/13/2017 04:14 am --> 404 Page Not Found: Assets/baner
ERROR - 01/13/2017 04:14 am --> 404 Page Not Found: Assets/baner
ERROR - 01/13/2017 04:14 am --> 404 Page Not Found: Assets/baner
ERROR - 01/13/2017 04:14 am --> 404 Page Not Found: Assets/baner
ERROR - 01/13/2017 04:15 am --> 404 Page Not Found: Assets/baner
ERROR - 01/13/2017 04:16 am --> 404 Page Not Found: Assets/baner
ERROR - 01/13/2017 04:18 am --> 404 Page Not Found: Assets/js
ERROR - 01/13/2017 04:18 am --> 404 Page Not Found: Assets/js
ERROR - 01/13/2017 04:18 am --> 404 Page Not Found: Assets/js
ERROR - 01/13/2017 04:18 am --> 404 Page Not Found: Images/photos
ERROR - 01/13/2017 04:18 am --> 404 Page Not Found: Assets/js
ERROR - 01/13/2017 04:18 am --> 404 Page Not Found: Css/auto_select
ERROR - 01/13/2017 04:18 am --> 404 Page Not Found: Js/docsupport
ERROR - 01/13/2017 04:18 am --> 404 Page Not Found: Js/docsupport
ERROR - 01/13/2017 04:18 am --> 404 Page Not Found: Js/docsupport
ERROR - 01/13/2017 04:18 am --> 404 Page Not Found: Images/photos
ERROR - 01/13/2017 04:18 am --> 404 Page Not Found: Js/docsupport
ERROR - 01/13/2017 04:18 am --> 404 Page Not Found: Assets/js
ERROR - 01/13/2017 04:18 am --> 404 Page Not Found: Assets/js
ERROR - 01/13/2017 04:18 am --> 404 Page Not Found: Assets/js
ERROR - 01/13/2017 04:18 am --> 404 Page Not Found: Images/photos
ERROR - 01/13/2017 04:19 am --> 404 Page Not Found: Assets/js
ERROR - 01/13/2017 04:19 am --> 404 Page Not Found: Css/auto_select
ERROR - 01/13/2017 04:19 am --> 404 Page Not Found: Js/docsupport
ERROR - 01/13/2017 04:19 am --> 404 Page Not Found: Js/docsupport
ERROR - 01/13/2017 04:19 am --> 404 Page Not Found: Js/docsupport
ERROR - 01/13/2017 04:19 am --> 404 Page Not Found: Images/photos
ERROR - 01/13/2017 04:20 am --> 404 Page Not Found: Assets/js
ERROR - 01/13/2017 04:20 am --> 404 Page Not Found: Assets/js
ERROR - 01/13/2017 04:20 am --> 404 Page Not Found: Assets/js
ERROR - 01/13/2017 04:20 am --> 404 Page Not Found: Images/photos
ERROR - 01/13/2017 04:20 am --> 404 Page Not Found: Assets/js
ERROR - 01/13/2017 04:20 am --> 404 Page Not Found: Js/docsupport
ERROR - 01/13/2017 04:20 am --> 404 Page Not Found: Css/auto_select
ERROR - 01/13/2017 04:20 am --> 404 Page Not Found: Js/docsupport
ERROR - 01/13/2017 04:20 am --> 404 Page Not Found: Js/docsupport
ERROR - 01/13/2017 04:20 am --> 404 Page Not Found: Js/docsupport
ERROR - 01/13/2017 04:20 am --> 404 Page Not Found: Images/photos
ERROR - 01/13/2017 04:20 am --> 404 Page Not Found: Assets/js
ERROR - 01/13/2017 04:20 am --> 404 Page Not Found: Assets/js
ERROR - 01/13/2017 04:20 am --> 404 Page Not Found: Assets/js
ERROR - 01/13/2017 04:20 am --> 404 Page Not Found: Images/photos
ERROR - 01/13/2017 04:20 am --> 404 Page Not Found: Assets/js
ERROR - 01/13/2017 04:20 am --> 404 Page Not Found: Assets/js
ERROR - 01/13/2017 04:20 am --> 404 Page Not Found: Assets/js
ERROR - 01/13/2017 04:20 am --> 404 Page Not Found: Images/photos
ERROR - 01/13/2017 04:20 am --> 404 Page Not Found: Assets/js
ERROR - 01/13/2017 04:20 am --> 404 Page Not Found: Assets/js
ERROR - 01/13/2017 04:20 am --> 404 Page Not Found: Assets/js
ERROR - 01/13/2017 04:20 am --> 404 Page Not Found: Images/photos
ERROR - 01/13/2017 04:04 pm --> Severity: Notice --> Undefined variable: title /home2/carolhhp/public_html/democarol.com/services/application/views/front/include/header.php 4
ERROR - 01/13/2017 04:34 am --> 404 Page Not Found: Img/blog1.jpg
ERROR - 01/13/2017 04:34 am --> 404 Page Not Found: Assets/js
ERROR - 01/13/2017 04:34 am --> 404 Page Not Found: Assets/js
ERROR - 01/13/2017 04:34 am --> 404 Page Not Found: Assets/js
ERROR - 01/13/2017 04:34 am --> 404 Page Not Found: Images/photos
ERROR - 01/13/2017 04:41 am --> 404 Page Not Found: Assets/js
ERROR - 01/13/2017 04:41 am --> 404 Page Not Found: Assets/js
ERROR - 01/13/2017 04:41 am --> 404 Page Not Found: Assets/js
ERROR - 01/13/2017 04:41 am --> 404 Page Not Found: Images/photos
ERROR - 01/13/2017 04:41 am --> 404 Page Not Found: Assets/js
ERROR - 01/13/2017 04:41 am --> 404 Page Not Found: Js/docsupport
ERROR - 01/13/2017 04:41 am --> 404 Page Not Found: Css/auto_select
ERROR - 01/13/2017 04:41 am --> 404 Page Not Found: Js/docsupport
ERROR - 01/13/2017 04:41 am --> 404 Page Not Found: Js/docsupport
ERROR - 01/13/2017 04:41 am --> 404 Page Not Found: Js/docsupport
ERROR - 01/13/2017 04:41 am --> 404 Page Not Found: Images/photos
ERROR - 01/13/2017 04:42 am --> 404 Page Not Found: Assets/js
ERROR - 01/13/2017 04:42 am --> 404 Page Not Found: Assets/js
ERROR - 01/13/2017 04:42 am --> 404 Page Not Found: Assets/js
ERROR - 01/13/2017 04:42 am --> 404 Page Not Found: Images/photos
ERROR - 01/13/2017 04:42 am --> 404 Page Not Found: Assets/Banner
ERROR - 01/13/2017 04:42 am --> 404 Page Not Found: Assets/js
ERROR - 01/13/2017 04:46 am --> 404 Page Not Found: Assets/js
ERROR - 01/13/2017 04:46 am --> 404 Page Not Found: Assets/Banner
ERROR - 01/13/2017 04:46 am --> 404 Page Not Found: Images/photos
ERROR - 01/13/2017 04:47 am --> 404 Page Not Found: Assets/js
ERROR - 01/13/2017 04:47 am --> 404 Page Not Found: Images/photos
ERROR - 01/13/2017 04:47 am --> 404 Page Not Found: Assets/blog
ERROR - 01/13/2017 04:47 am --> 404 Page Not Found: Assets/js
ERROR - 01/13/2017 04:48 am --> 404 Page Not Found: Images/photos
ERROR - 01/13/2017 04:56 am --> 404 Page Not Found: Assets/js
ERROR - 01/13/2017 04:56 am --> 404 Page Not Found: Images/photos
ERROR - 01/13/2017 04:56 am --> 404 Page Not Found: Assets/js
ERROR - 01/13/2017 04:56 am --> 404 Page Not Found: Css/auto_select
ERROR - 01/13/2017 04:56 am --> 404 Page Not Found: Js/docsupport
ERROR - 01/13/2017 04:56 am --> 404 Page Not Found: Js/docsupport
ERROR - 01/13/2017 04:56 am --> 404 Page Not Found: Js/docsupport
ERROR - 01/13/2017 04:56 am --> 404 Page Not Found: Images/photos
ERROR - 01/13/2017 04:58 am --> 404 Page Not Found: Assets/js
ERROR - 01/13/2017 04:58 am --> 404 Page Not Found: Js/docsupport
ERROR - 01/13/2017 04:58 am --> 404 Page Not Found: Css/auto_select
ERROR - 01/13/2017 04:58 am --> 404 Page Not Found: Js/docsupport
ERROR - 01/13/2017 04:58 am --> 404 Page Not Found: Js/docsupport
ERROR - 01/13/2017 04:58 am --> 404 Page Not Found: Images/photos
ERROR - 01/13/2017 04:58 am --> 404 Page Not Found: Js/docsupport
ERROR - 01/13/2017 04:59 am --> 404 Page Not Found: Assets/js
ERROR - 01/13/2017 04:59 am --> 404 Page Not Found: Css/auto_select
ERROR - 01/13/2017 04:59 am --> 404 Page Not Found: Js/docsupport
ERROR - 01/13/2017 04:59 am --> 404 Page Not Found: Js/docsupport
ERROR - 01/13/2017 04:59 am --> 404 Page Not Found: Js/docsupport
ERROR - 01/13/2017 04:59 am --> 404 Page Not Found: Images/photos
ERROR - 01/13/2017 04:59 am --> 404 Page Not Found: Assets/js
ERROR - 01/13/2017 04:59 am --> 404 Page Not Found: Js/docsupport
ERROR - 01/13/2017 04:59 am --> 404 Page Not Found: Css/auto_select
ERROR - 01/13/2017 04:59 am --> 404 Page Not Found: Js/docsupport
ERROR - 01/13/2017 04:59 am --> 404 Page Not Found: Js/docsupport
ERROR - 01/13/2017 04:59 am --> 404 Page Not Found: Assets/js
ERROR - 01/13/2017 04:59 am --> 404 Page Not Found: Assets/js
ERROR - 01/13/2017 04:59 am --> 404 Page Not Found: Assets/js
ERROR - 01/13/2017 04:59 am --> 404 Page Not Found: Images/photos
ERROR - 01/13/2017 04:59 am --> 404 Page Not Found: Assets/js
ERROR - 01/13/2017 04:59 am --> 404 Page Not Found: Css/auto_select
ERROR - 01/13/2017 04:59 am --> 404 Page Not Found: Js/docsupport
ERROR - 01/13/2017 04:59 am --> 404 Page Not Found: Js/docsupport
ERROR - 01/13/2017 04:59 am --> 404 Page Not Found: Js/docsupport
ERROR - 01/13/2017 04:59 am --> 404 Page Not Found: Images/photos
ERROR - 01/13/2017 04:59 am --> 404 Page Not Found: Assets/js
ERROR - 01/13/2017 04:59 am --> 404 Page Not Found: Js/docsupport
ERROR - 01/13/2017 04:59 am --> 404 Page Not Found: Js/docsupport
ERROR - 01/13/2017 04:59 am --> 404 Page Not Found: Js/docsupport
ERROR - 01/13/2017 04:59 am --> 404 Page Not Found: Css/auto_select
ERROR - 01/13/2017 04:59 am --> 404 Page Not Found: Images/photos
ERROR - 01/13/2017 04:59 am --> 404 Page Not Found: Js/docsupport
ERROR - 01/13/2017 04:59 am --> 404 Page Not Found: Css/auto_select
ERROR - 01/13/2017 04:59 am --> 404 Page Not Found: Js/docsupport
ERROR - 01/13/2017 04:59 am --> 404 Page Not Found: Js/docsupport
ERROR - 01/13/2017 04:59 am --> 404 Page Not Found: Assets/js
ERROR - 01/13/2017 04:59 am --> 404 Page Not Found: Js/docsupport
ERROR - 01/13/2017 04:59 am --> 404 Page Not Found: Css/auto_select
ERROR - 01/13/2017 04:59 am --> 404 Page Not Found: Js/docsupport
ERROR - 01/13/2017 04:59 am --> 404 Page Not Found: Js/docsupport
ERROR - 01/13/2017 04:59 am --> 404 Page Not Found: Js/docsupport
ERROR - 01/13/2017 04:59 am --> 404 Page Not Found: Images/photos
ERROR - 01/13/2017 05:00 am --> 404 Page Not Found: Assets/js
ERROR - 01/13/2017 05:00 am --> 404 Page Not Found: Images/photos
ERROR - 01/13/2017 05:00 am --> 404 Page Not Found: Assets/js
ERROR - 01/13/2017 05:00 am --> 404 Page Not Found: Js/docsupport
ERROR - 01/13/2017 05:00 am --> 404 Page Not Found: Css/auto_select
ERROR - 01/13/2017 05:00 am --> 404 Page Not Found: Js/docsupport
ERROR - 01/13/2017 05:00 am --> 404 Page Not Found: Js/docsupport
ERROR - 01/13/2017 05:00 am --> 404 Page Not Found: Images/photos
ERROR - 01/13/2017 05:00 am --> 404 Page Not Found: Assets/js
ERROR - 01/13/2017 05:00 am --> 404 Page Not Found: Images/photos
ERROR - 01/13/2017 05:01 am --> 404 Page Not Found: Assets/js
ERROR - 01/13/2017 05:01 am --> 404 Page Not Found: Assets/js
ERROR - 01/13/2017 05:01 am --> 404 Page Not Found: Assets/js
ERROR - 01/13/2017 05:01 am --> 404 Page Not Found: Assets/js
ERROR - 01/13/2017 05:01 am --> 404 Page Not Found: Images/photos
ERROR - 01/13/2017 05:01 am --> 404 Page Not Found: Assets/js
ERROR - 01/13/2017 05:01 am --> 404 Page Not Found: Assets/js
ERROR - 01/13/2017 05:01 am --> 404 Page Not Found: Css/auto_select
ERROR - 01/13/2017 05:01 am --> 404 Page Not Found: Js/docsupport
ERROR - 01/13/2017 05:01 am --> 404 Page Not Found: Js/docsupport
ERROR - 01/13/2017 05:01 am --> 404 Page Not Found: Js/docsupport
ERROR - 01/13/2017 05:01 am --> 404 Page Not Found: Images/photos
ERROR - 01/13/2017 05:01 am --> 404 Page Not Found: Assets/js
ERROR - 01/13/2017 05:01 am --> 404 Page Not Found: Assets/js
ERROR - 01/13/2017 05:01 am --> 404 Page Not Found: Assets/js
ERROR - 01/13/2017 05:01 am --> 404 Page Not Found: Assets/js
ERROR - 01/13/2017 05:01 am --> 404 Page Not Found: Images/photos
ERROR - 01/13/2017 05:01 am --> 404 Page Not Found: Assets/js
ERROR - 01/13/2017 05:01 am --> 404 Page Not Found: Assets/js
ERROR - 01/13/2017 05:04 am --> 404 Page Not Found: Assets/js
ERROR - 01/13/2017 05:04 am --> 404 Page Not Found: Assets/js
ERROR - 01/13/2017 05:04 am --> 404 Page Not Found: Assets/js
ERROR - 01/13/2017 05:04 am --> 404 Page Not Found: Assets/js
ERROR - 01/13/2017 05:04 am --> 404 Page Not Found: Images/photos
ERROR - 01/13/2017 05:04 am --> 404 Page Not Found: Assets/js
ERROR - 01/13/2017 05:04 am --> 404 Page Not Found: Assets/js
ERROR - 01/13/2017 05:04 am --> 404 Page Not Found: Assets/js
ERROR - 01/13/2017 05:04 am --> 404 Page Not Found: Assets/js
ERROR - 01/13/2017 05:04 am --> 404 Page Not Found: Assets/js
ERROR - 01/13/2017 05:04 am --> 404 Page Not Found: Assets/js
ERROR - 01/13/2017 05:04 am --> 404 Page Not Found: Assets/js
ERROR - 01/13/2017 05:04 am --> 404 Page Not Found: Images/photos
ERROR - 01/13/2017 05:04 am --> 404 Page Not Found: Assets/js
ERROR - 01/13/2017 05:04 am --> 404 Page Not Found: Js/docsupport
ERROR - 01/13/2017 05:04 am --> 404 Page Not Found: Js/docsupport
ERROR - 01/13/2017 05:04 am --> 404 Page Not Found: Css/auto_select
ERROR - 01/13/2017 05:04 am --> 404 Page Not Found: Js/docsupport
ERROR - 01/13/2017 05:04 am --> 404 Page Not Found: Images/photos
ERROR - 01/13/2017 05:04 am --> 404 Page Not Found: Js/docsupport
ERROR - 01/13/2017 04:35 pm --> Query error: Column 'author_img' cannot be null - Invalid query: INSERT INTO `ai_testimonial` (`author_name`, `author_email`, `author_msg`, `author_img`, `status`, `msg_added_date`) VALUES ('vicky', 'anand.tiwari0211@gmail.com', '', NULL, '', '2017-01-13 16:35:33')
ERROR - 01/13/2017 05:05 am --> 404 Page Not Found: Images/photos
ERROR - 01/13/2017 05:06 am --> 404 Page Not Found: Assets/js
ERROR - 01/13/2017 05:06 am --> 404 Page Not Found: Assets/js
ERROR - 01/13/2017 05:06 am --> 404 Page Not Found: Assets/js
ERROR - 01/13/2017 05:06 am --> 404 Page Not Found: Assets/js
ERROR - 01/13/2017 05:06 am --> 404 Page Not Found: Assets/Banner
ERROR - 01/13/2017 05:06 am --> 404 Page Not Found: Images/photos
ERROR - 01/13/2017 05:06 am --> 404 Page Not Found: Assets/js
ERROR - 01/13/2017 05:06 am --> 404 Page Not Found: Assets/js
ERROR - 01/13/2017 05:14 am --> 404 Page Not Found: Assets/js
ERROR - 01/13/2017 05:14 am --> 404 Page Not Found: Assets/js
ERROR - 01/13/2017 05:14 am --> 404 Page Not Found: Assets/js
ERROR - 01/13/2017 05:14 am --> 404 Page Not Found: Assets/js
ERROR - 01/13/2017 05:14 am --> 404 Page Not Found: Assets/testimonial
ERROR - 01/13/2017 05:14 am --> 404 Page Not Found: Assets/testimonial
ERROR - 01/13/2017 05:14 am --> 404 Page Not Found: Images/photos
ERROR - 01/13/2017 04:45 pm --> Severity: Notice --> Undefined variable: content /home2/carolhhp/public_html/democarol.com/services/application/views/admin/testimonial/edit_testimonial.php 65
ERROR - 01/13/2017 05:15 am --> 404 Page Not Found: Js/docsupport
ERROR - 01/13/2017 05:15 am --> 404 Page Not Found: Assets/js
ERROR - 01/13/2017 05:15 am --> 404 Page Not Found: Css/auto_select
ERROR - 01/13/2017 05:15 am --> 404 Page Not Found: Js/docsupport
ERROR - 01/13/2017 05:15 am --> 404 Page Not Found: Js/docsupport
ERROR - 01/13/2017 04:45 pm --> Severity: Notice --> Undefined variable: content /home2/carolhhp/public_html/democarol.com/services/application/views/admin/testimonial/edit_testimonial.php 65
ERROR - 01/13/2017 05:15 am --> 404 Page Not Found: Images/photos
ERROR - 01/13/2017 05:15 am --> 404 Page Not Found: Assets/testimonial
ERROR - 01/13/2017 05:15 am --> 404 Page Not Found: Js/docsupport
ERROR - 01/13/2017 05:15 am --> 404 Page Not Found: Css/auto_select
ERROR - 01/13/2017 05:15 am --> 404 Page Not Found: Js/docsupport
ERROR - 01/13/2017 05:15 am --> 404 Page Not Found: Assets/js
ERROR - 01/13/2017 05:15 am --> 404 Page Not Found: Assets/js
ERROR - 01/13/2017 05:15 am --> 404 Page Not Found: Assets/js
ERROR - 01/13/2017 05:15 am --> 404 Page Not Found: Assets/js
ERROR - 01/13/2017 05:15 am --> 404 Page Not Found: Images/photos
ERROR - 01/13/2017 05:15 am --> 404 Page Not Found: Assets/testimonial
ERROR - 01/13/2017 05:15 am --> 404 Page Not Found: Assets/js
ERROR - 01/13/2017 05:15 am --> 404 Page Not Found: Assets/js
ERROR - 01/13/2017 05:16 am --> 404 Page Not Found: Assets/js
ERROR - 01/13/2017 05:16 am --> 404 Page Not Found: Assets/js
ERROR - 01/13/2017 05:16 am --> 404 Page Not Found: Assets/js
ERROR - 01/13/2017 05:16 am --> 404 Page Not Found: Assets/js
ERROR - 01/13/2017 05:16 am --> 404 Page Not Found: Images/photos
ERROR - 01/13/2017 05:24 am --> 404 Page Not Found: Assets/js
ERROR - 01/13/2017 05:24 am --> 404 Page Not Found: Js/advanced-datatable
ERROR - 01/13/2017 05:24 am --> 404 Page Not Found: Js/advanced-datatable
ERROR - 01/13/2017 05:24 am --> 404 Page Not Found: Js/advanced-datatable
ERROR - 01/13/2017 05:24 am --> 404 Page Not Found: Js/dynamic_table_init.js
ERROR - 01/13/2017 05:24 am --> 404 Page Not Found: Js/jquery.dataTables.min.js
ERROR - 01/13/2017 05:24 am --> 404 Page Not Found: Images/photos
ERROR - 01/13/2017 05:24 am --> 404 Page Not Found: Js/dynamic_table_init.js
ERROR - 01/13/2017 05:24 am --> 404 Page Not Found: Js/jquery.dataTables.min.js
ERROR - 01/13/2017 05:35 am --> 404 Page Not Found: Assets/js
ERROR - 01/13/2017 05:35 am --> 404 Page Not Found: Js/advanced-datatable
ERROR - 01/13/2017 05:35 am --> 404 Page Not Found: Js/advanced-datatable
ERROR - 01/13/2017 05:35 am --> 404 Page Not Found: Js/advanced-datatable
ERROR - 01/13/2017 05:35 am --> 404 Page Not Found: Js/jquery.dataTables.min.js
ERROR - 01/13/2017 05:35 am --> 404 Page Not Found: Js/dynamic_table_init.js
ERROR - 01/13/2017 05:35 am --> 404 Page Not Found: Images/photos
ERROR - 01/13/2017 05:35 am --> 404 Page Not Found: Assets/category
ERROR - 01/13/2017 05:35 am --> 404 Page Not Found: Assets/category
ERROR - 01/13/2017 05:35 am --> 404 Page Not Found: Js/jquery.dataTables.min.js
ERROR - 01/13/2017 05:35 am --> 404 Page Not Found: Assets/category
ERROR - 01/13/2017 05:36 am --> 404 Page Not Found: Assets/js
ERROR - 01/13/2017 05:36 am --> 404 Page Not Found: Images/photos
ERROR - 01/13/2017 05:36 am --> 404 Page Not Found: Assets/category
ERROR - 01/13/2017 05:36 am --> 404 Page Not Found: Assets/js
ERROR - 01/13/2017 05:36 am --> 404 Page Not Found: Js/advanced-datatable
ERROR - 01/13/2017 05:36 am --> 404 Page Not Found: Js/advanced-datatable
ERROR - 01/13/2017 05:36 am --> 404 Page Not Found: Js/advanced-datatable
ERROR - 01/13/2017 05:36 am --> 404 Page Not Found: Js/dynamic_table_init.js
ERROR - 01/13/2017 05:36 am --> 404 Page Not Found: Js/jquery.dataTables.min.js
ERROR - 01/13/2017 05:36 am --> 404 Page Not Found: Images/photos
ERROR - 01/13/2017 05:36 am --> 404 Page Not Found: Assets/category
ERROR - 01/13/2017 05:36 am --> 404 Page Not Found: Assets/category
ERROR - 01/13/2017 05:37 am --> 404 Page Not Found: Assets/js
ERROR - 01/13/2017 05:37 am --> 404 Page Not Found: Images/photos
ERROR - 01/13/2017 05:37 am --> 404 Page Not Found: Assets/category
ERROR - 01/13/2017 05:37 am --> 404 Page Not Found: Images/photos
ERROR - 01/13/2017 05:37 am --> 404 Page Not Found: Assets/category
ERROR - 01/13/2017 05:37 am --> 404 Page Not Found: Assets/category
ERROR - 01/13/2017 05:37 am --> 404 Page Not Found: Assets/js
ERROR - 01/13/2017 05:37 am --> 404 Page Not Found: Js/advanced-datatable
ERROR - 01/13/2017 05:37 am --> 404 Page Not Found: Js/advanced-datatable
ERROR - 01/13/2017 05:37 am --> 404 Page Not Found: Js/advanced-datatable
ERROR - 01/13/2017 05:37 am --> 404 Page Not Found: Js/jquery.dataTables.min.js
ERROR - 01/13/2017 05:37 am --> 404 Page Not Found: Js/dynamic_table_init.js
ERROR - 01/13/2017 05:37 am --> 404 Page Not Found: Images/photos
ERROR - 01/13/2017 05:37 am --> 404 Page Not Found: Assets/category
ERROR - 01/13/2017 05:37 am --> 404 Page Not Found: Js/jquery.dataTables.min.js
ERROR - 01/13/2017 05:37 am --> 404 Page Not Found: Assets/js
ERROR - 01/13/2017 05:37 am --> 404 Page Not Found: Js/advanced-datatable
ERROR - 01/13/2017 05:37 am --> 404 Page Not Found: Js/advanced-datatable
ERROR - 01/13/2017 05:37 am --> 404 Page Not Found: Js/dynamic_table_init.js
ERROR - 01/13/2017 05:37 am --> 404 Page Not Found: Js/advanced-datatable
ERROR - 01/13/2017 05:37 am --> 404 Page Not Found: Js/jquery.dataTables.min.js
ERROR - 01/13/2017 05:37 am --> 404 Page Not Found: Js/dynamic_table_init.js
ERROR - 01/13/2017 05:37 am --> 404 Page Not Found: Js/jquery.dataTables.min.js
ERROR - 01/13/2017 05:37 am --> 404 Page Not Found: Images/photos
ERROR - 01/13/2017 05:08 pm --> Severity: Notice --> Undefined variable: rec /home2/carolhhp/public_html/democarol.com/services/application/views/admin/categories/add_categories.php 57
ERROR - 01/13/2017 05:08 pm --> Severity: Notice --> Trying to get property of non-object /home2/carolhhp/public_html/democarol.com/services/application/views/admin/categories/add_categories.php 57
ERROR - 01/13/2017 05:38 am --> 404 Page Not Found: Assets/js
ERROR - 01/13/2017 05:38 am --> 404 Page Not Found: Images/photos
ERROR - 01/13/2017 05:08 pm --> Severity: Notice --> Undefined variable: rec /home2/carolhhp/public_html/democarol.com/services/application/views/admin/categories/add_categories.php 57
ERROR - 01/13/2017 05:08 pm --> Severity: Notice --> Trying to get property of non-object /home2/carolhhp/public_html/democarol.com/services/application/views/admin/categories/add_categories.php 57
ERROR - 01/13/2017 05:38 am --> 404 Page Not Found: Assets/js
ERROR - 01/13/2017 05:38 am --> 404 Page Not Found: Images/photos
ERROR - 01/13/2017 05:38 am --> 404 Page Not Found: Assets/js
ERROR - 01/13/2017 05:40 am --> 404 Page Not Found: Assets/js
ERROR - 01/13/2017 05:40 am --> 404 Page Not Found: Js/advanced-datatable
ERROR - 01/13/2017 05:40 am --> 404 Page Not Found: Js/jquery.dataTables.min.js
ERROR - 01/13/2017 05:40 am --> 404 Page Not Found: Js/dynamic_table_init.js
ERROR - 01/13/2017 05:40 am --> 404 Page Not Found: Js/advanced-datatable
ERROR - 01/13/2017 05:40 am --> 404 Page Not Found: Js/advanced-datatable
ERROR - 01/13/2017 05:40 am --> 404 Page Not Found: Images/photos
ERROR - 01/13/2017 05:40 am --> 404 Page Not Found: Js/dynamic_table_init.js
ERROR - 01/13/2017 05:40 am --> 404 Page Not Found: Js/jquery.dataTables.min.js
ERROR - 01/13/2017 05:10 pm --> Severity: Notice --> Undefined variable: rec /home2/carolhhp/public_html/democarol.com/services/application/views/admin/categories/add_categories.php 57
ERROR - 01/13/2017 05:10 pm --> Severity: Notice --> Trying to get property of non-object /home2/carolhhp/public_html/democarol.com/services/application/views/admin/categories/add_categories.php 57
ERROR - 01/13/2017 05:10 pm --> Severity: Notice --> Undefined variable: rec /home2/carolhhp/public_html/democarol.com/services/application/views/admin/categories/add_categories.php 57
ERROR - 01/13/2017 05:10 pm --> Severity: Notice --> Trying to get property of non-object /home2/carolhhp/public_html/democarol.com/services/application/views/admin/categories/add_categories.php 57
ERROR - 01/13/2017 05:40 am --> 404 Page Not Found: Assets/js
ERROR - 01/13/2017 05:40 am --> 404 Page Not Found: Images/photos
ERROR - 01/13/2017 05:41 am --> 404 Page Not Found: Assets/js
ERROR - 01/13/2017 05:41 am --> 404 Page Not Found: Js/advanced-datatable
ERROR - 01/13/2017 05:41 am --> 404 Page Not Found: Js/dynamic_table_init.js
ERROR - 01/13/2017 05:41 am --> 404 Page Not Found: Js/advanced-datatable
ERROR - 01/13/2017 05:41 am --> 404 Page Not Found: Js/jquery.dataTables.min.js
ERROR - 01/13/2017 05:41 am --> 404 Page Not Found: Js/advanced-datatable
ERROR - 01/13/2017 05:41 am --> 404 Page Not Found: Js/dynamic_table_init.js
ERROR - 01/13/2017 05:41 am --> 404 Page Not Found: Images/photos
ERROR - 01/13/2017 05:41 am --> 404 Page Not Found: Js/jquery.dataTables.min.js
ERROR - 01/13/2017 05:41 am --> 404 Page Not Found: Assets/js
ERROR - 01/13/2017 05:41 am --> 404 Page Not Found: Images/photos
ERROR - 01/13/2017 05:41 am --> 404 Page Not Found: Assets/js
ERROR - 01/13/2017 05:41 am --> 404 Page Not Found: Js/advanced-datatable
ERROR - 01/13/2017 05:41 am --> 404 Page Not Found: Js/advanced-datatable
ERROR - 01/13/2017 05:41 am --> 404 Page Not Found: Js/advanced-datatable
ERROR - 01/13/2017 05:41 am --> 404 Page Not Found: Js/jquery.dataTables.min.js
ERROR - 01/13/2017 05:41 am --> 404 Page Not Found: Js/dynamic_table_init.js
ERROR - 01/13/2017 05:41 am --> 404 Page Not Found: Images/photos
ERROR - 01/13/2017 05:41 am --> 404 Page Not Found: Js/jquery.dataTables.min.js
ERROR - 01/13/2017 05:42 am --> 404 Page Not Found: Assets/js
ERROR - 01/13/2017 05:42 am --> 404 Page Not Found: Assets/js
ERROR - 01/13/2017 05:42 am --> 404 Page Not Found: Assets/js
ERROR - 01/13/2017 05:42 am --> 404 Page Not Found: Assets/js
ERROR - 01/13/2017 05:42 am --> 404 Page Not Found: Images/photos
ERROR - 01/13/2017 05:42 am --> 404 Page Not Found: Assets/js
ERROR - 01/13/2017 05:42 am --> 404 Page Not Found: Assets/js
ERROR - 01/13/2017 05:42 am --> 404 Page Not Found: Assets/js
ERROR - 01/13/2017 05:42 am --> 404 Page Not Found: Assets/js
ERROR - 01/13/2017 05:42 am --> 404 Page Not Found: Assets/js
ERROR - 01/13/2017 05:42 am --> 404 Page Not Found: Assets/js
ERROR - 01/13/2017 05:42 am --> 404 Page Not Found: Images/photos
ERROR - 01/13/2017 05:42 am --> 404 Page Not Found: Assets/js
ERROR - 01/13/2017 05:42 am --> 404 Page Not Found: Css/auto_select
ERROR - 01/13/2017 05:42 am --> 404 Page Not Found: Js/docsupport
ERROR - 01/13/2017 05:42 am --> 404 Page Not Found: Js/docsupport
ERROR - 01/13/2017 05:42 am --> 404 Page Not Found: Js/docsupport
ERROR - 01/13/2017 05:42 am --> 404 Page Not Found: Images/photos
ERROR - 01/13/2017 05:43 am --> 404 Page Not Found: Assets/js
ERROR - 01/13/2017 05:43 am --> 404 Page Not Found: Images/photos
ERROR - 01/13/2017 05:43 am --> 404 Page Not Found: Assets/js
ERROR - 01/13/2017 05:43 am --> 404 Page Not Found: Css/auto_select
ERROR - 01/13/2017 05:43 am --> 404 Page Not Found: Js/docsupport
ERROR - 01/13/2017 05:43 am --> 404 Page Not Found: Js/docsupport
ERROR - 01/13/2017 05:43 am --> 404 Page Not Found: Js/docsupport
ERROR - 01/13/2017 05:43 am --> 404 Page Not Found: Images/photos
ERROR - 01/13/2017 05:43 am --> 404 Page Not Found: Js/docsupport
ERROR - 01/13/2017 05:43 am --> 404 Page Not Found: Assets/js
ERROR - 01/13/2017 05:43 am --> 404 Page Not Found: Images/photos
ERROR - 01/13/2017 05:43 am --> 404 Page Not Found: Css/auto_select
ERROR - 01/13/2017 05:43 am --> 404 Page Not Found: Assets/js
ERROR - 01/13/2017 05:43 am --> 404 Page Not Found: Js/docsupport
ERROR - 01/13/2017 05:43 am --> 404 Page Not Found: Js/docsupport
ERROR - 01/13/2017 05:43 am --> 404 Page Not Found: Js/docsupport
ERROR - 01/13/2017 05:43 am --> 404 Page Not Found: Images/photos
ERROR - 01/13/2017 05:43 am --> 404 Page Not Found: Css/auto_select
ERROR - 01/13/2017 05:43 am --> 404 Page Not Found: Js/docsupport
ERROR - 01/13/2017 05:43 am --> 404 Page Not Found: Js/docsupport
ERROR - 01/13/2017 05:43 am --> 404 Page Not Found: Js/docsupport
ERROR - 01/13/2017 05:44 am --> 404 Page Not Found: Assets/js
ERROR - 01/13/2017 05:44 am --> 404 Page Not Found: Images/photos
ERROR - 01/13/2017 05:47 am --> 404 Page Not Found: Img/blog1.jpg
ERROR - 01/13/2017 06:15 am --> 404 Page Not Found: Assets/js
ERROR - 01/13/2017 06:15 am --> 404 Page Not Found: Js/docsupport
ERROR - 01/13/2017 06:15 am --> 404 Page Not Found: Js/docsupport
ERROR - 01/13/2017 06:15 am --> 404 Page Not Found: Css/auto_select
ERROR - 01/13/2017 06:15 am --> 404 Page Not Found: Js/docsupport
ERROR - 01/13/2017 06:15 am --> 404 Page Not Found: Images/photos
ERROR - 01/13/2017 06:15 am --> 404 Page Not Found: Js/docsupport
ERROR - 01/13/2017 06:15 am --> 404 Page Not Found: Images/photos
ERROR - 01/13/2017 06:15 am --> 404 Page Not Found: Assets/js
ERROR - 01/13/2017 06:15 am --> 404 Page Not Found: Css/auto_select
ERROR - 01/13/2017 06:15 am --> 404 Page Not Found: Js/docsupport
ERROR - 01/13/2017 06:15 am --> 404 Page Not Found: Js/docsupport
ERROR - 01/13/2017 06:15 am --> 404 Page Not Found: Js/docsupport
ERROR - 01/13/2017 06:15 am --> 404 Page Not Found: Images/photos
ERROR - 01/13/2017 06:15 am --> 404 Page Not Found: Assets/js
ERROR - 01/13/2017 06:15 am --> 404 Page Not Found: Images/photos
ERROR - 01/13/2017 06:17 am --> 404 Page Not Found: Assets/js
ERROR - 01/13/2017 06:17 am --> 404 Page Not Found: Css/auto_select
ERROR - 01/13/2017 06:17 am --> 404 Page Not Found: Js/docsupport
ERROR - 01/13/2017 06:17 am --> 404 Page Not Found: Js/docsupport
ERROR - 01/13/2017 06:17 am --> 404 Page Not Found: Js/docsupport
ERROR - 01/13/2017 06:17 am --> 404 Page Not Found: Images/photos
ERROR - 01/13/2017 06:17 am --> 404 Page Not Found: Assets/js
ERROR - 01/13/2017 06:17 am --> 404 Page Not Found: Images/photos
ERROR - 01/13/2017 06:21 am --> 404 Page Not Found: Assets/js
ERROR - 01/13/2017 06:21 am --> 404 Page Not Found: Css/auto_select
ERROR - 01/13/2017 06:21 am --> 404 Page Not Found: Js/docsupport
ERROR - 01/13/2017 06:21 am --> 404 Page Not Found: Js/docsupport
ERROR - 01/13/2017 06:21 am --> 404 Page Not Found: Js/docsupport
ERROR - 01/13/2017 06:21 am --> 404 Page Not Found: Images/photos
ERROR - 01/13/2017 06:21 am --> 404 Page Not Found: Assets/js
ERROR - 01/13/2017 06:21 am --> 404 Page Not Found: Images/photos
ERROR - 01/13/2017 06:42 am --> 404 Page Not Found: Assets/js
ERROR - 01/13/2017 06:42 am --> 404 Page Not Found: Images/photos
ERROR - 01/13/2017 07:07 am --> 404 Page Not Found: Assets/js
ERROR - 01/13/2017 07:07 am --> 404 Page Not Found: Images/photos
ERROR - 01/13/2017 07:14 am --> 404 Page Not Found: Contact_usphp/index
ERROR - 01/13/2017 07:14 am --> 404 Page Not Found: Contact_usphp/index
ERROR - 01/13/2017 07:31 am --> 404 Page Not Found: Images/photos
ERROR - 01/13/2017 08:12 am --> 404 Page Not Found: Assets/js
ERROR - 01/13/2017 08:12 am --> 404 Page Not Found: Images/photos
ERROR - 01/13/2017 08:12 am --> 404 Page Not Found: Assets/js
